{
  "numFailedTestSuites": 0,
  "numFailedTests": 0,
  "numPassedTestSuites": 1,
  "numPassedTests": 7,
  "numPendingTestSuites": 0,
  "numPendingTests": 0,
  "numRuntimeErrorTestSuites": 0,
  "numTodoTests": 0,
  "numTotalTestSuites": 1,
  "numTotalTests": 7,
  "openHandles": [],
  "snapshot": {
    "added": 0,
    "didUpdate": false,
    "failure": false,
    "filesAdded": 0,
    "filesRemoved": 0,
    "filesRemovedList": [],
    "filesUnmatched": 0,
    "filesUpdated": 0,
    "matched": 1,
    "total": 1,
    "unchecked": 0,
    "uncheckedKeysByFile": [],
    "unmatched": 0,
    "updated": 0
  },
  "startTime": 1576088495734,
  "success": false,
  "testResults": [
    {
      "assertionResults": [
        {
          "ancestorTitles": ["Table"],
          "failureMessages": [],
          "fullName": "Table should render correctly",
          "location": null,
          "status": "passed",
          "title": "should render correctly"
        },
        {
          "ancestorTitles": ["Table"],
          "failureMessages": [],
          "fullName": "Table should have table component",
          "location": null,
          "status": "passed",
          "title": "should have table component"
        },
        {
          "ancestorTitles": ["Table"],
          "failureMessages": [],
          "fullName": "Table should have thead component",
          "location": null,
          "status": "passed",
          "title": "should have thead component"
        },
        {
          "ancestorTitles": ["Table"],
          "failureMessages": [],
          "fullName": "Table should have tbody component",
          "location": null,
          "status": "passed",
          "title": "should have tbody component"
        },
        {
          "ancestorTitles": ["Table"],
          "failureMessages": [],
          "fullName": "Table should have th is equal to number of columns",
          "location": null,
          "status": "passed",
          "title": "should have th is equal to number of columns"
        },
        {
          "ancestorTitles": ["Table"],
          "failureMessages": [],
          "fullName": "Table should have tr is equal to number of data rows",
          "location": null,
          "status": "passed",
          "title": "should have tr is equal to number of data rows"
        },
        {
          "ancestorTitles": ["Table"],
          "failureMessages": [],
          "fullName": "Table should loop through each row and check the content",
          "location": null,
          "status": "passed",
          "title": "should loop through each row and check the content"
        }
      ],
      "endTime": 1576088508985,
      "message": "",
      "name": "C:\\Users\\user\\Documents\\projects\\atomic-react-components\\lib\\components\\molecules\\Table\\tests\\Table.test.js",
      "startTime": 1576088506647,
      "status": "passed",
      "summary": ""
    }
  ],
  "wasInterrupted": false,
  "coverageMap": {
    "C:\\Users\\user\\Documents\\projects\\atomic-react-components\\lib\\components\\molecules\\Table\\index.js": {
      "path": "C:\\Users\\user\\Documents\\projects\\atomic-react-components\\lib\\components\\molecules\\Table\\index.js",
      "statementMap": {},
      "fnMap": {},
      "branchMap": {},
      "s": {},
      "f": {},
      "b": {},
      "_coverageSchema": "43e27e138ebf9cfc5966b082cf9a028302ed4184",
      "hash": "d04e7b76c8637574e16ebe45832b811e01bd9686"
    },
    "C:\\Users\\user\\Documents\\projects\\atomic-react-components\\lib\\components\\molecules\\Table\\Table.js": {
      "path": "C:\\Users\\user\\Documents\\projects\\atomic-react-components\\lib\\components\\molecules\\Table\\Table.js",
      "statementMap": {
        "0": { "start": { "line": 9, "column": 14 }, "end": { "line": 58, "column": 1 } },
        "1": { "start": { "line": 10, "column": 15 }, "end": { "line": 14, "column": 3 } },
        "2": { "start": { "line": 11, "column": 4 }, "end": { "line": 13, "column": 9 } },
        "3": { "start": { "line": 16, "column": 15 }, "end": { "line": 23, "column": 3 } },
        "4": { "start": { "line": 17, "column": 31 }, "end": { "line": 17, "column": 42 } },
        "5": { "start": { "line": 18, "column": 4 }, "end": { "line": 22, "column": 6 } },
        "6": { "start": { "line": 25, "column": 25 }, "end": { "line": 31, "column": 3 } },
        "7": { "start": { "line": 26, "column": 4 }, "end": { "line": 30, "column": 7 } },
        "8": { "start": { "line": 27, "column": 6 }, "end": { "line": 29, "column": 11 } },
        "9": { "start": { "line": 33, "column": 2 }, "end": { "line": 57, "column": 4 } },
        "10": { "start": { "line": 37, "column": 10 }, "end": { "line": 40, "column": 15 } },
        "11": { "start": { "line": 45, "column": 57 }, "end": { "line": 45, "column": 65 } },
        "12": { "start": { "line": 49, "column": 14 }, "end": { "line": 51, "column": 19 } },
        "13": { "start": { "line": 50, "column": 46 }, "end": { "line": 50, "column": 60 } },
        "14": { "start": { "line": 60, "column": 0 }, "end": { "line": 62, "column": 1 } },
        "15": { "start": { "line": 61, "column": 2 }, "end": { "line": 61, "column": 17 } },
        "16": { "start": { "line": 64, "column": 0 }, "end": { "line": 67, "column": 2 } }
      },
      "fnMap": {
        "0": {
          "name": "(anonymous_0)",
          "decl": { "start": { "line": 9, "column": 14 }, "end": { "line": 9, "column": 15 } },
          "loc": { "start": { "line": 9, "column": 76 }, "end": { "line": 58, "column": 1 } },
          "line": 9
        },
        "1": {
          "name": "(anonymous_1)",
          "decl": { "start": { "line": 10, "column": 15 }, "end": { "line": 10, "column": 16 } },
          "loc": { "start": { "line": 11, "column": 4 }, "end": { "line": 13, "column": 9 } },
          "line": 11
        },
        "2": {
          "name": "(anonymous_2)",
          "decl": { "start": { "line": 16, "column": 15 }, "end": { "line": 16, "column": 16 } },
          "loc": { "start": { "line": 16, "column": 32 }, "end": { "line": 23, "column": 3 } },
          "line": 16
        },
        "3": {
          "name": "(anonymous_3)",
          "decl": { "start": { "line": 25, "column": 25 }, "end": { "line": 25, "column": 26 } },
          "loc": { "start": { "line": 25, "column": 34 }, "end": { "line": 31, "column": 3 } },
          "line": 25
        },
        "4": {
          "name": "(anonymous_4)",
          "decl": { "start": { "line": 26, "column": 20 }, "end": { "line": 26, "column": 21 } },
          "loc": { "start": { "line": 27, "column": 6 }, "end": { "line": 29, "column": 11 } },
          "line": 27
        },
        "5": {
          "name": "(anonymous_5)",
          "decl": { "start": { "line": 36, "column": 31 }, "end": { "line": 36, "column": 32 } },
          "loc": { "start": { "line": 37, "column": 10 }, "end": { "line": 40, "column": 15 } },
          "line": 37
        },
        "6": {
          "name": "(anonymous_6)",
          "decl": { "start": { "line": 45, "column": 51 }, "end": { "line": 45, "column": 52 } },
          "loc": { "start": { "line": 45, "column": 57 }, "end": { "line": 45, "column": 65 } },
          "line": 45
        },
        "7": {
          "name": "(anonymous_7)",
          "decl": { "start": { "line": 48, "column": 22 }, "end": { "line": 48, "column": 23 } },
          "loc": { "start": { "line": 49, "column": 14 }, "end": { "line": 51, "column": 19 } },
          "line": 49
        },
        "8": {
          "name": "(anonymous_8)",
          "decl": { "start": { "line": 50, "column": 40 }, "end": { "line": 50, "column": 41 } },
          "loc": { "start": { "line": 50, "column": 46 }, "end": { "line": 50, "column": 60 } },
          "line": 50
        },
        "9": {
          "name": "(anonymous_9)",
          "decl": { "start": { "line": 60, "column": 14 }, "end": { "line": 60, "column": 15 } },
          "loc": { "start": { "line": 60, "column": 20 }, "end": { "line": 62, "column": 1 } },
          "line": 60
        }
      },
      "branchMap": {
        "0": {
          "loc": { "start": { "line": 20, "column": 9 }, "end": { "line": 20, "column": 87 } },
          "type": "cond-expr",
          "locations": [
            { "start": { "line": 20, "column": 48 }, "end": { "line": 20, "column": 64 } },
            { "start": { "line": 20, "column": 67 }, "end": { "line": 20, "column": 87 } }
          ],
          "line": 20
        },
        "1": {
          "loc": { "start": { "line": 35, "column": 7 }, "end": { "line": 55, "column": 7 } },
          "type": "cond-expr",
          "locations": [
            { "start": { "line": 36, "column": 8 }, "end": { "line": 41, "column": 10 } },
            { "start": { "line": 43, "column": 8 }, "end": { "line": 54, "column": 11 } }
          ],
          "line": 35
        }
      },
      "s": {
        "0": 1,
        "1": 7,
        "2": 35,
        "3": 7,
        "4": 455,
        "5": 455,
        "6": 7,
        "7": 0,
        "8": 0,
        "9": 7,
        "10": 0,
        "11": 35,
        "12": 91,
        "13": 455,
        "14": 1,
        "15": 0,
        "16": 1
      },
      "f": {
        "0": 7,
        "1": 35,
        "2": 455,
        "3": 0,
        "4": 0,
        "5": 0,
        "6": 35,
        "7": 91,
        "8": 455,
        "9": 0
      },
      "b": { "0": [0, 455], "1": [0, 7] },
      "_coverageSchema": "43e27e138ebf9cfc5966b082cf9a028302ed4184",
      "hash": "014ce5d3e1b093777ad82961ee0fc17034dc763d"
    },
    "C:\\Users\\user\\Documents\\projects\\atomic-react-components\\lib\\components\\molecules\\Table\\Table.style.js": {
      "path": "C:\\Users\\user\\Documents\\projects\\atomic-react-components\\lib\\components\\molecules\\Table\\Table.style.js",
      "statementMap": {
        "0": { "start": { "line": 4, "column": 29 }, "end": { "line": 4, "column": 54 } },
        "1": { "start": { "line": 5, "column": 13 }, "end": { "line": 5, "column": 47 } },
        "2": { "start": { "line": 10, "column": 15 }, "end": { "line": 10, "column": 49 } },
        "3": { "start": { "line": 12, "column": 14 }, "end": { "line": 12, "column": 64 } }
      },
      "fnMap": {
        "0": {
          "name": "(anonymous_0)",
          "decl": { "start": { "line": 4, "column": 20 }, "end": { "line": 4, "column": 21 } },
          "loc": { "start": { "line": 4, "column": 29 }, "end": { "line": 4, "column": 54 } },
          "line": 4
        },
        "1": {
          "name": "(anonymous_1)",
          "decl": { "start": { "line": 5, "column": 4 }, "end": { "line": 5, "column": 5 } },
          "loc": { "start": { "line": 5, "column": 13 }, "end": { "line": 5, "column": 47 } },
          "line": 5
        },
        "2": {
          "name": "(anonymous_2)",
          "decl": { "start": { "line": 10, "column": 6 }, "end": { "line": 10, "column": 7 } },
          "loc": { "start": { "line": 10, "column": 15 }, "end": { "line": 10, "column": 49 } },
          "line": 10
        },
        "3": {
          "name": "(anonymous_3)",
          "decl": { "start": { "line": 12, "column": 4 }, "end": { "line": 12, "column": 5 } },
          "loc": { "start": { "line": 12, "column": 14 }, "end": { "line": 12, "column": 64 } },
          "line": 12
        }
      },
      "branchMap": {
        "0": {
          "loc": { "start": { "line": 12, "column": 14 }, "end": { "line": 12, "column": 64 } },
          "type": "cond-expr",
          "locations": [
            { "start": { "line": 12, "column": 38 }, "end": { "line": 12, "column": 59 } },
            { "start": { "line": 12, "column": 62 }, "end": { "line": 12, "column": 64 } }
          ],
          "line": 12
        }
      },
      "s": { "0": 0, "1": 0, "2": 0, "3": 0 },
      "f": { "0": 0, "1": 0, "2": 0, "3": 0 },
      "b": { "0": [0, 0] },
      "_coverageSchema": "43e27e138ebf9cfc5966b082cf9a028302ed4184",
      "hash": "da0c5222878c71a50049ad28fa54f0f99e832d6b"
    },
    "C:\\Users\\user\\Documents\\projects\\atomic-react-components\\lib\\core\\utils\\getDisplayName.js": {
      "path": "C:\\Users\\user\\Documents\\projects\\atomic-react-components\\lib\\core\\utils\\getDisplayName.js",
      "statementMap": {
        "0": { "start": { "line": 1, "column": 30 }, "end": { "line": 3, "column": 1 } },
        "1": { "start": { "line": 2, "column": 2 }, "end": { "line": 2, "column": 78 } }
      },
      "fnMap": {
        "0": {
          "name": "(anonymous_0)",
          "decl": { "start": { "line": 1, "column": 30 }, "end": { "line": 1, "column": 31 } },
          "loc": { "start": { "line": 1, "column": 50 }, "end": { "line": 3, "column": 1 } },
          "line": 1
        }
      },
      "branchMap": {
        "0": {
          "loc": { "start": { "line": 2, "column": 9 }, "end": { "line": 2, "column": 77 } },
          "type": "binary-expr",
          "locations": [
            { "start": { "line": 2, "column": 9 }, "end": { "line": 2, "column": 37 } },
            { "start": { "line": 2, "column": 41 }, "end": { "line": 2, "column": 62 } },
            { "start": { "line": 2, "column": 66 }, "end": { "line": 2, "column": 77 } }
          ],
          "line": 2
        }
      },
      "s": { "0": 0, "1": 0 },
      "f": { "0": 0 },
      "b": { "0": [0, 0, 0] },
      "hash": "c7597be42905f17bb86523cd74713be23a7cde53"
    },
    "C:\\Users\\user\\Documents\\projects\\atomic-react-components\\lib\\core\\utils\\elementLocator.js": {
      "path": "C:\\Users\\user\\Documents\\projects\\atomic-react-components\\lib\\core\\utils\\elementLocator.js",
      "statementMap": {
        "0": { "start": { "line": 4, "column": 36 }, "end": { "line": 20, "column": 1 } },
        "1": { "start": { "line": 5, "column": 14 }, "end": { "line": 5, "column": 16 } },
        "2": { "start": { "line": 7, "column": 2 }, "end": { "line": 18, "column": 5 } },
        "3": { "start": { "line": 8, "column": 24 }, "end": { "line": 8, "column": 29 } },
        "4": { "start": { "line": 10, "column": 4 }, "end": { "line": 16, "column": 5 } },
        "5": { "start": { "line": 11, "column": 6 }, "end": { "line": 15, "column": 9 } },
        "6": { "start": { "line": 12, "column": 8 }, "end": { "line": 12, "column": 78 } },
        "7": { "start": { "line": 13, "column": 8 }, "end": { "line": 13, "column": 51 } },
        "8": { "start": { "line": 13, "column": 30 }, "end": { "line": 13, "column": 51 } },
        "9": { "start": { "line": 14, "column": 8 }, "end": { "line": 14, "column": 29 } },
        "10": { "start": { "line": 17, "column": 4 }, "end": { "line": 17, "column": 45 } },
        "11": { "start": { "line": 19, "column": 2 }, "end": { "line": 19, "column": 29 } }
      },
      "fnMap": {
        "0": {
          "name": "(anonymous_0)",
          "decl": { "start": { "line": 4, "column": 36 }, "end": { "line": 4, "column": 37 } },
          "loc": { "start": { "line": 4, "column": 48 }, "end": { "line": 20, "column": 1 } },
          "line": 4
        },
        "1": {
          "name": "(anonymous_1)",
          "decl": { "start": { "line": 7, "column": 34 }, "end": { "line": 7, "column": 35 } },
          "loc": { "start": { "line": 7, "column": 57 }, "end": { "line": 18, "column": 3 } },
          "line": 7
        },
        "2": {
          "name": "(anonymous_2)",
          "decl": { "start": { "line": 11, "column": 28 }, "end": { "line": 11, "column": 29 } },
          "loc": { "start": { "line": 11, "column": 51 }, "end": { "line": 15, "column": 7 } },
          "line": 11
        }
      },
      "branchMap": {
        "0": {
          "loc": { "start": { "line": 10, "column": 4 }, "end": { "line": 16, "column": 5 } },
          "type": "if",
          "locations": [
            { "start": { "line": 10, "column": 4 }, "end": { "line": 16, "column": 5 } },
            { "start": { "line": 10, "column": 4 }, "end": { "line": 16, "column": 5 } }
          ],
          "line": 10
        },
        "1": {
          "loc": { "start": { "line": 12, "column": 20 }, "end": { "line": 12, "column": 67 } },
          "type": "cond-expr",
          "locations": [
            { "start": { "line": 12, "column": 59 }, "end": { "line": 12, "column": 61 } },
            { "start": { "line": 12, "column": 64 }, "end": { "line": 12, "column": 67 } }
          ],
          "line": 12
        },
        "2": {
          "loc": { "start": { "line": 12, "column": 20 }, "end": { "line": 12, "column": 56 } },
          "type": "binary-expr",
          "locations": [
            { "start": { "line": 12, "column": 20 }, "end": { "line": 12, "column": 36 } },
            { "start": { "line": 12, "column": 40 }, "end": { "line": 12, "column": 56 } }
          ],
          "line": 12
        },
        "3": {
          "loc": { "start": { "line": 13, "column": 8 }, "end": { "line": 13, "column": 51 } },
          "type": "if",
          "locations": [
            { "start": { "line": 13, "column": 8 }, "end": { "line": 13, "column": 51 } },
            { "start": { "line": 13, "column": 8 }, "end": { "line": 13, "column": 51 } }
          ],
          "line": 13
        },
        "4": {
          "loc": { "start": { "line": 17, "column": 11 }, "end": { "line": 17, "column": 44 } },
          "type": "binary-expr",
          "locations": [
            { "start": { "line": 17, "column": 11 }, "end": { "line": 17, "column": 24 } },
            { "start": { "line": 17, "column": 28 }, "end": { "line": 17, "column": 44 } }
          ],
          "line": 17
        }
      },
      "s": {
        "0": 0,
        "1": 0,
        "2": 0,
        "3": 0,
        "4": 0,
        "5": 0,
        "6": 0,
        "7": 0,
        "8": 0,
        "9": 0,
        "10": 0,
        "11": 0
      },
      "f": { "0": 0, "1": 0, "2": 0 },
      "b": { "0": [0, 0], "1": [0, 0], "2": [0, 0], "3": [0, 0], "4": [0, 0] },
      "hash": "bcb75452bef6a7a051a2603928582500fa4ce7c9"
    },
    "C:\\Users\\user\\Documents\\projects\\atomic-react-components\\lib\\core\\utils\\buildValidationSchema.js": {
      "path": "C:\\Users\\user\\Documents\\projects\\atomic-react-components\\lib\\core\\utils\\buildValidationSchema.js",
      "statementMap": {
        "0": { "start": { "line": 40, "column": 27 }, "end": { "line": 53, "column": 1 } },
        "1": { "start": { "line": 41, "column": 15 }, "end": { "line": 41, "column": 26 } },
        "2": { "start": { "line": 42, "column": 25 }, "end": { "line": 42, "column": 42 } },
        "3": { "start": { "line": 45, "column": 2 }, "end": { "line": 50, "column": 5 } },
        "4": { "start": { "line": 47, "column": 6 }, "end": { "line": 47, "column": 84 } },
        "5": { "start": { "line": 49, "column": 4 }, "end": { "line": 49, "column": 49 } },
        "6": { "start": { "line": 52, "column": 2 }, "end": { "line": 52, "column": 16 } },
        "7": { "start": { "line": 59, "column": 27 }, "end": { "line": 74, "column": 1 } },
        "8": { "start": { "line": 60, "column": 17 }, "end": { "line": 60, "column": 19 } },
        "9": { "start": { "line": 61, "column": 2 }, "end": { "line": 73, "column": 3 } },
        "10": { "start": { "line": 63, "column": 25 }, "end": { "line": 63, "column": 47 } },
        "11": { "start": { "line": 65, "column": 4 }, "end": { "line": 68, "column": 7 } },
        "12": { "start": { "line": 66, "column": 20 }, "end": { "line": 66, "column": 40 } },
        "13": { "start": { "line": 67, "column": 6 }, "end": { "line": 67, "column": 52 } },
        "14": { "start": { "line": 70, "column": 4 }, "end": { "line": 70, "column": 38 } },
        "15": { "start": { "line": 72, "column": 4 }, "end": { "line": 72, "column": 18 } }
      },
      "fnMap": {
        "0": {
          "name": "(anonymous_0)",
          "decl": { "start": { "line": 40, "column": 27 }, "end": { "line": 40, "column": 28 } },
          "loc": { "start": { "line": 40, "column": 61 }, "end": { "line": 53, "column": 1 } },
          "line": 40
        },
        "1": {
          "name": "(anonymous_1)",
          "decl": { "start": { "line": 45, "column": 25 }, "end": { "line": 45, "column": 26 } },
          "loc": { "start": { "line": 45, "column": 38 }, "end": { "line": 50, "column": 3 } },
          "line": 45
        },
        "2": {
          "name": "(anonymous_2)",
          "decl": { "start": { "line": 59, "column": 27 }, "end": { "line": 59, "column": 28 } },
          "loc": { "start": { "line": 59, "column": 50 }, "end": { "line": 74, "column": 1 } },
          "line": 59
        },
        "3": {
          "name": "(anonymous_3)",
          "decl": { "start": { "line": 65, "column": 25 }, "end": { "line": 65, "column": 26 } },
          "loc": { "start": { "line": 65, "column": 38 }, "end": { "line": 68, "column": 5 } },
          "line": 65
        }
      },
      "branchMap": {
        "0": {
          "loc": { "start": { "line": 40, "column": 30 }, "end": { "line": 40, "column": 45 } },
          "type": "default-arg",
          "locations": [
            { "start": { "line": 40, "column": 37 }, "end": { "line": 40, "column": 45 } }
          ],
          "line": 40
        },
        "1": {
          "loc": { "start": { "line": 47, "column": 6 }, "end": { "line": 47, "column": 84 } },
          "type": "cond-expr",
          "locations": [
            { "start": { "line": 47, "column": 44 }, "end": { "line": 47, "column": 66 } },
            { "start": { "line": 47, "column": 69 }, "end": { "line": 47, "column": 84 } }
          ],
          "line": 47
        }
      },
      "s": {
        "0": 0,
        "1": 0,
        "2": 0,
        "3": 0,
        "4": 0,
        "5": 0,
        "6": 0,
        "7": 0,
        "8": 0,
        "9": 0,
        "10": 0,
        "11": 0,
        "12": 0,
        "13": 0,
        "14": 0,
        "15": 0
      },
      "f": { "0": 0, "1": 0, "2": 0, "3": 0 },
      "b": { "0": [0], "1": [0, 0] },
      "hash": "f38701d83b08c9a19b28246b06327b590eb2294d"
    },
    "C:\\Users\\user\\Documents\\projects\\atomic-react-components\\lib\\core\\utils\\noop.js": {
      "path": "C:\\Users\\user\\Documents\\projects\\atomic-react-components\\lib\\core\\utils\\noop.js",
      "statementMap": {
        "0": { "start": { "line": 1, "column": 20 }, "end": { "line": 1, "column": 36 } },
        "1": { "start": { "line": 1, "column": 26 }, "end": { "line": 1, "column": 36 } },
        "2": { "start": { "line": 1, "column": 32 }, "end": { "line": 1, "column": 36 } }
      },
      "fnMap": {
        "0": {
          "name": "(anonymous_0)",
          "decl": { "start": { "line": 1, "column": 20 }, "end": { "line": 1, "column": 21 } },
          "loc": { "start": { "line": 1, "column": 26 }, "end": { "line": 1, "column": 36 } },
          "line": 1
        },
        "1": {
          "name": "(anonymous_1)",
          "decl": { "start": { "line": 1, "column": 26 }, "end": { "line": 1, "column": 27 } },
          "loc": { "start": { "line": 1, "column": 32 }, "end": { "line": 1, "column": 36 } },
          "line": 1
        }
      },
      "branchMap": {},
      "s": { "0": 0, "1": 0, "2": 0 },
      "f": { "0": 0, "1": 0 },
      "b": {},
      "hash": "7fe8888b6a08776e8a8b2435b7c0681692ec0947"
    },
    "C:\\Users\\user\\Documents\\projects\\atomic-react-components\\lib\\core\\utils\\url.js": {
      "path": "C:\\Users\\user\\Documents\\projects\\atomic-react-components\\lib\\core\\utils\\url.js",
      "statementMap": {
        "0": { "start": { "line": 1, "column": 37 }, "end": { "line": 8, "column": 1 } },
        "1": { "start": { "line": 2, "column": 22 }, "end": { "line": 2, "column": 24 } },
        "2": { "start": { "line": 3, "column": 15 }, "end": { "line": 3, "column": 33 } },
        "3": { "start": { "line": 4, "column": 2 }, "end": { "line": 6, "column": 3 } },
        "4": { "start": { "line": 4, "column": 15 }, "end": { "line": 4, "column": 16 } },
        "5": { "start": { "line": 4, "column": 22 }, "end": { "line": 4, "column": 33 } },
        "6": { "start": { "line": 5, "column": 4 }, "end": { "line": 5, "column": 53 } },
        "7": { "start": { "line": 7, "column": 2 }, "end": { "line": 7, "column": 31 } },
        "8": { "start": { "line": 10, "column": 24 }, "end": { "line": 20, "column": 1 } },
        "9": { "start": { "line": 11, "column": 2 }, "end": { "line": 18, "column": 3 } },
        "10": { "start": { "line": 12, "column": 32 }, "end": { "line": 12, "column": 39 } },
        "11": { "start": { "line": 13, "column": 14 }, "end": { "line": 13, "column": 22 } },
        "12": { "start": { "line": 14, "column": 4 }, "end": { "line": 16, "column": 5 } },
        "13": { "start": { "line": 15, "column": 6 }, "end": { "line": 15, "column": 48 } },
        "14": { "start": { "line": 17, "column": 4 }, "end": { "line": 17, "column": 15 } },
        "15": { "start": { "line": 19, "column": 2 }, "end": { "line": 19, "column": 17 } }
      },
      "fnMap": {
        "0": {
          "name": "(anonymous_0)",
          "decl": { "start": { "line": 1, "column": 37 }, "end": { "line": 1, "column": 38 } },
          "loc": { "start": { "line": 1, "column": 53 }, "end": { "line": 8, "column": 1 } },
          "line": 1
        },
        "1": {
          "name": "(anonymous_1)",
          "decl": { "start": { "line": 10, "column": 24 }, "end": { "line": 10, "column": 25 } },
          "loc": { "start": { "line": 10, "column": 35 }, "end": { "line": 20, "column": 1 } },
          "line": 10
        }
      },
      "branchMap": {
        "0": {
          "loc": { "start": { "line": 1, "column": 38 }, "end": { "line": 1, "column": 48 } },
          "type": "default-arg",
          "locations": [
            { "start": { "line": 1, "column": 46 }, "end": { "line": 1, "column": 48 } }
          ],
          "line": 1
        },
        "1": {
          "loc": { "start": { "line": 11, "column": 2 }, "end": { "line": 18, "column": 3 } },
          "type": "if",
          "locations": [
            { "start": { "line": 11, "column": 2 }, "end": { "line": 18, "column": 3 } },
            { "start": { "line": 11, "column": 2 }, "end": { "line": 18, "column": 3 } }
          ],
          "line": 11
        },
        "2": {
          "loc": { "start": { "line": 14, "column": 4 }, "end": { "line": 16, "column": 5 } },
          "type": "if",
          "locations": [
            { "start": { "line": 14, "column": 4 }, "end": { "line": 16, "column": 5 } },
            { "start": { "line": 14, "column": 4 }, "end": { "line": 16, "column": 5 } }
          ],
          "line": 14
        }
      },
      "s": {
        "0": 0,
        "1": 0,
        "2": 0,
        "3": 0,
        "4": 0,
        "5": 0,
        "6": 0,
        "7": 0,
        "8": 0,
        "9": 0,
        "10": 0,
        "11": 0,
        "12": 0,
        "13": 0,
        "14": 0,
        "15": 0
      },
      "f": { "0": 0, "1": 0 },
      "b": { "0": [0], "1": [0, 0], "2": [0, 0] },
      "hash": "5a9756e5b21a5e80e2785be1232f0324c3730654"
    },
    "C:\\Users\\user\\Documents\\projects\\atomic-react-components\\lib\\components\\atoms\\Button\\index.js": {
      "path": "C:\\Users\\user\\Documents\\projects\\atomic-react-components\\lib\\components\\atoms\\Button\\index.js",
      "statementMap": {},
      "fnMap": {},
      "branchMap": {},
      "s": {},
      "f": {},
      "b": {},
      "hash": "5f76f9b485592a8127eea7a014b1558a4bd32ebb"
    },
    "C:\\Users\\user\\Documents\\projects\\atomic-react-components\\lib\\components\\atoms\\Button\\Button.js": {
      "path": "C:\\Users\\user\\Documents\\projects\\atomic-react-components\\lib\\components\\atoms\\Button\\Button.js",
      "statementMap": {
        "0": { "start": { "line": 22, "column": 15 }, "end": { "line": 45, "column": 1 } },
        "1": { "start": { "line": 35, "column": 2 }, "end": { "line": 44, "column": 11 } },
        "2": { "start": { "line": 47, "column": 0 }, "end": { "line": 57, "column": 2 } }
      },
      "fnMap": {
        "0": {
          "name": "(anonymous_0)",
          "decl": { "start": { "line": 22, "column": 15 }, "end": { "line": 22, "column": 16 } },
          "loc": { "start": { "line": 35, "column": 2 }, "end": { "line": 44, "column": 11 } },
          "line": 35
        }
      },
      "branchMap": {
        "0": {
          "loc": { "start": { "line": 36, "column": 16 }, "end": { "line": 36, "column": 33 } },
          "type": "binary-expr",
          "locations": [
            { "start": { "line": 36, "column": 16 }, "end": { "line": 36, "column": 25 } },
            { "start": { "line": 36, "column": 29 }, "end": { "line": 36, "column": 33 } }
          ],
          "line": 36
        },
        "1": {
          "loc": { "start": { "line": 40, "column": 18 }, "end": { "line": 40, "column": 86 } },
          "type": "binary-expr",
          "locations": [
            { "start": { "line": 40, "column": 18 }, "end": { "line": 40, "column": 32 } },
            { "start": { "line": 40, "column": 36 }, "end": { "line": 40, "column": 86 } }
          ],
          "line": 40
        }
      },
      "s": { "0": 0, "1": 0, "2": 0 },
      "f": { "0": 0 },
      "b": { "0": [0, 0], "1": [0, 0] },
      "hash": "d67c7860e6a1bb1e79a97c8f6ad829049c20e129"
    },
    "C:\\Users\\user\\Documents\\projects\\atomic-react-components\\lib\\components\\atoms\\Anchor\\Anchor.js": {
      "path": "C:\\Users\\user\\Documents\\projects\\atomic-react-components\\lib\\components\\atoms\\Anchor\\Anchor.js",
      "statementMap": {
        "0": { "start": { "line": 24, "column": 15 }, "end": { "line": 48, "column": 1 } },
        "1": { "start": { "line": 38, "column": 2 }, "end": { "line": 47, "column": 6 } },
        "2": { "start": { "line": 50, "column": 0 }, "end": { "line": 60, "column": 2 } }
      },
      "fnMap": {
        "0": {
          "name": "(anonymous_0)",
          "decl": { "start": { "line": 24, "column": 15 }, "end": { "line": 24, "column": 16 } },
          "loc": { "start": { "line": 38, "column": 2 }, "end": { "line": 47, "column": 6 } },
          "line": 38
        },
        "1": {
          "name": "(anonymous_1)",
          "decl": { "start": { "line": 59, "column": 19 }, "end": { "line": 59, "column": 20 } },
          "loc": { "start": { "line": 59, "column": 25 }, "end": { "line": 59, "column": 27 } },
          "line": 59
        }
      },
      "branchMap": {
        "0": {
          "loc": { "start": { "line": 43, "column": 18 }, "end": { "line": 43, "column": 76 } },
          "type": "binary-expr",
          "locations": [
            { "start": { "line": 43, "column": 18 }, "end": { "line": 43, "column": 32 } },
            { "start": { "line": 43, "column": 36 }, "end": { "line": 43, "column": 76 } }
          ],
          "line": 43
        }
      },
      "s": { "0": 0, "1": 0, "2": 0 },
      "f": { "0": 0, "1": 0 },
      "b": { "0": [0, 0] },
      "hash": "60485fe5af20fb1cb11d40dc46ecdd32872f3f55"
    },
    "C:\\Users\\user\\Documents\\projects\\atomic-react-components\\lib\\components\\atoms\\Button\\Button.style.js": {
      "path": "C:\\Users\\user\\Documents\\projects\\atomic-react-components\\lib\\components\\atoms\\Button\\Button.style.js",
      "statementMap": {
        "0": { "start": { "line": 3, "column": 21 }, "end": { "line": 29, "column": 1 } },
        "1": { "start": { "line": 8, "column": 22 }, "end": { "line": 8, "column": 64 } },
        "2": { "start": { "line": 9, "column": 13 }, "end": { "line": 13, "column": 3 } },
        "3": { "start": { "line": 14, "column": 13 }, "end": { "line": 14, "column": 69 } },
        "4": { "start": { "line": 16, "column": 4 }, "end": { "line": 21, "column": 10 } },
        "5": { "start": { "line": 22, "column": 13 }, "end": { "line": 22, "column": 48 } },
        "6": { "start": { "line": 28, "column": 14 }, "end": { "line": 28, "column": 64 } }
      },
      "fnMap": {
        "0": {
          "name": "(anonymous_0)",
          "decl": { "start": { "line": 8, "column": 12 }, "end": { "line": 8, "column": 13 } },
          "loc": { "start": { "line": 8, "column": 22 }, "end": { "line": 8, "column": 64 } },
          "line": 8
        },
        "1": {
          "name": "(anonymous_1)",
          "decl": { "start": { "line": 9, "column": 4 }, "end": { "line": 9, "column": 5 } },
          "loc": { "start": { "line": 9, "column": 13 }, "end": { "line": 13, "column": 3 } },
          "line": 9
        },
        "2": {
          "name": "(anonymous_2)",
          "decl": { "start": { "line": 14, "column": 4 }, "end": { "line": 14, "column": 5 } },
          "loc": { "start": { "line": 14, "column": 13 }, "end": { "line": 14, "column": 69 } },
          "line": 14
        },
        "3": {
          "name": "(anonymous_3)",
          "decl": { "start": { "line": 15, "column": 4 }, "end": { "line": 15, "column": 5 } },
          "loc": { "start": { "line": 16, "column": 4 }, "end": { "line": 21, "column": 10 } },
          "line": 16
        },
        "4": {
          "name": "(anonymous_4)",
          "decl": { "start": { "line": 22, "column": 4 }, "end": { "line": 22, "column": 5 } },
          "loc": { "start": { "line": 22, "column": 13 }, "end": { "line": 22, "column": 48 } },
          "line": 22
        },
        "5": {
          "name": "(anonymous_5)",
          "decl": { "start": { "line": 28, "column": 4 }, "end": { "line": 28, "column": 5 } },
          "loc": { "start": { "line": 28, "column": 14 }, "end": { "line": 28, "column": 64 } },
          "line": 28
        }
      },
      "branchMap": {
        "0": {
          "loc": { "start": { "line": 8, "column": 22 }, "end": { "line": 8, "column": 64 } },
          "type": "cond-expr",
          "locations": [
            { "start": { "line": 8, "column": 39 }, "end": { "line": 8, "column": 52 } },
            { "start": { "line": 8, "column": 55 }, "end": { "line": 8, "column": 64 } }
          ],
          "line": 8
        },
        "1": {
          "loc": { "start": { "line": 14, "column": 13 }, "end": { "line": 14, "column": 69 } },
          "type": "binary-expr",
          "locations": [
            { "start": { "line": 14, "column": 13 }, "end": { "line": 14, "column": 28 } },
            { "start": { "line": 14, "column": 32 }, "end": { "line": 14, "column": 69 } }
          ],
          "line": 14
        },
        "2": {
          "loc": { "start": { "line": 16, "column": 4 }, "end": { "line": 21, "column": 10 } },
          "type": "cond-expr",
          "locations": [
            { "start": { "line": 17, "column": 8 }, "end": { "line": 20, "column": 3 } },
            { "start": { "line": 21, "column": 8 }, "end": { "line": 21, "column": 10 } }
          ],
          "line": 16
        },
        "3": {
          "loc": { "start": { "line": 22, "column": 13 }, "end": { "line": 22, "column": 48 } },
          "type": "binary-expr",
          "locations": [
            { "start": { "line": 22, "column": 13 }, "end": { "line": 22, "column": 28 } },
            { "start": { "line": 22, "column": 32 }, "end": { "line": 22, "column": 48 } }
          ],
          "line": 22
        },
        "4": {
          "loc": { "start": { "line": 28, "column": 14 }, "end": { "line": 28, "column": 64 } },
          "type": "cond-expr",
          "locations": [
            { "start": { "line": 28, "column": 38 }, "end": { "line": 28, "column": 59 } },
            { "start": { "line": 28, "column": 62 }, "end": { "line": 28, "column": 64 } }
          ],
          "line": 28
        }
      },
      "s": { "0": 0, "1": 0, "2": 0, "3": 0, "4": 0, "5": 0, "6": 0 },
      "f": { "0": 0, "1": 0, "2": 0, "3": 0, "4": 0, "5": 0 },
      "b": { "0": [0, 0], "1": [0, 0], "2": [0, 0], "3": [0, 0], "4": [0, 0] },
      "hash": "05a31cb4f33edea83dc1d92ab87d4ee362d8396f"
    },
    "C:\\Users\\user\\Documents\\projects\\atomic-react-components\\lib\\components\\atoms\\Anchor\\index.js": {
      "path": "C:\\Users\\user\\Documents\\projects\\atomic-react-components\\lib\\components\\atoms\\Anchor\\index.js",
      "statementMap": {},
      "fnMap": {},
      "branchMap": {},
      "s": {},
      "f": {},
      "b": {},
      "hash": "af9f3258ff140933bac7fe129f219a36d87d4bfe"
    },
    "C:\\Users\\user\\Documents\\projects\\atomic-react-components\\lib\\components\\atoms\\Anchor\\Anchor.style.js": {
      "path": "C:\\Users\\user\\Documents\\projects\\atomic-react-components\\lib\\components\\atoms\\Anchor\\Anchor.style.js",
      "statementMap": {
        "0": { "start": { "line": 5, "column": 13 }, "end": { "line": 5, "column": 50 } },
        "1": { "start": { "line": 6, "column": 13 }, "end": { "line": 6, "column": 44 } },
        "2": { "start": { "line": 7, "column": 13 }, "end": { "line": 7, "column": 45 } },
        "3": { "start": { "line": 9, "column": 15 }, "end": { "line": 9, "column": 45 } },
        "4": { "start": { "line": 14, "column": 14 }, "end": { "line": 14, "column": 64 } }
      },
      "fnMap": {
        "0": {
          "name": "(anonymous_0)",
          "decl": { "start": { "line": 5, "column": 4 }, "end": { "line": 5, "column": 5 } },
          "loc": { "start": { "line": 5, "column": 13 }, "end": { "line": 5, "column": 50 } },
          "line": 5
        },
        "1": {
          "name": "(anonymous_1)",
          "decl": { "start": { "line": 6, "column": 4 }, "end": { "line": 6, "column": 5 } },
          "loc": { "start": { "line": 6, "column": 13 }, "end": { "line": 6, "column": 44 } },
          "line": 6
        },
        "2": {
          "name": "(anonymous_2)",
          "decl": { "start": { "line": 7, "column": 4 }, "end": { "line": 7, "column": 5 } },
          "loc": { "start": { "line": 7, "column": 13 }, "end": { "line": 7, "column": 45 } },
          "line": 7
        },
        "3": {
          "name": "(anonymous_3)",
          "decl": { "start": { "line": 9, "column": 6 }, "end": { "line": 9, "column": 7 } },
          "loc": { "start": { "line": 9, "column": 15 }, "end": { "line": 9, "column": 45 } },
          "line": 9
        },
        "4": {
          "name": "(anonymous_4)",
          "decl": { "start": { "line": 14, "column": 4 }, "end": { "line": 14, "column": 5 } },
          "loc": { "start": { "line": 14, "column": 14 }, "end": { "line": 14, "column": 64 } },
          "line": 14
        }
      },
      "branchMap": {
        "0": {
          "loc": { "start": { "line": 14, "column": 14 }, "end": { "line": 14, "column": 64 } },
          "type": "cond-expr",
          "locations": [
            { "start": { "line": 14, "column": 38 }, "end": { "line": 14, "column": 59 } },
            { "start": { "line": 14, "column": 62 }, "end": { "line": 14, "column": 64 } }
          ],
          "line": 14
        }
      },
      "s": { "0": 0, "1": 0, "2": 0, "3": 0, "4": 0 },
      "f": { "0": 0, "1": 0, "2": 0, "3": 0, "4": 0 },
      "b": { "0": [0, 0] },
      "hash": "de50ea3fadfaf8b7a0e746237137bfd2b0f9eaac"
    },
    "C:\\Users\\user\\Documents\\projects\\atomic-react-components\\lib\\components\\atoms\\FieldError\\index.js": {
      "path": "C:\\Users\\user\\Documents\\projects\\atomic-react-components\\lib\\components\\atoms\\FieldError\\index.js",
      "statementMap": {},
      "fnMap": {},
      "branchMap": {},
      "s": {},
      "f": {},
      "b": {},
      "hash": "8128fd667962e510b5addaf6118ff99c098987dc"
    },
    "C:\\Users\\user\\Documents\\projects\\atomic-react-components\\lib\\components\\atoms\\FieldError\\FieldError.style.js": {
      "path": "C:\\Users\\user\\Documents\\projects\\atomic-react-components\\lib\\components\\atoms\\FieldError\\FieldError.style.js",
      "statementMap": {
        "0": { "start": { "line": 3, "column": 15 }, "end": { "line": 10, "column": 1 } },
        "1": { "start": { "line": 4, "column": 13 }, "end": { "line": 4, "column": 46 } },
        "2": { "start": { "line": 5, "column": 13 }, "end": { "line": 5, "column": 42 } },
        "3": { "start": { "line": 9, "column": 14 }, "end": { "line": 9, "column": 64 } }
      },
      "fnMap": {
        "0": {
          "name": "(anonymous_0)",
          "decl": { "start": { "line": 4, "column": 4 }, "end": { "line": 4, "column": 5 } },
          "loc": { "start": { "line": 4, "column": 13 }, "end": { "line": 4, "column": 46 } },
          "line": 4
        },
        "1": {
          "name": "(anonymous_1)",
          "decl": { "start": { "line": 5, "column": 4 }, "end": { "line": 5, "column": 5 } },
          "loc": { "start": { "line": 5, "column": 13 }, "end": { "line": 5, "column": 42 } },
          "line": 5
        },
        "2": {
          "name": "(anonymous_2)",
          "decl": { "start": { "line": 9, "column": 4 }, "end": { "line": 9, "column": 5 } },
          "loc": { "start": { "line": 9, "column": 14 }, "end": { "line": 9, "column": 64 } },
          "line": 9
        }
      },
      "branchMap": {
        "0": {
          "loc": { "start": { "line": 9, "column": 14 }, "end": { "line": 9, "column": 64 } },
          "type": "cond-expr",
          "locations": [
            { "start": { "line": 9, "column": 38 }, "end": { "line": 9, "column": 59 } },
            { "start": { "line": 9, "column": 62 }, "end": { "line": 9, "column": 64 } }
          ],
          "line": 9
        }
      },
      "s": { "0": 0, "1": 0, "2": 0, "3": 0 },
      "f": { "0": 0, "1": 0, "2": 0 },
      "b": { "0": [0, 0] },
      "hash": "547899ef1c4dd389c5c1ce1ec3cb9d26c920c848"
    },
    "C:\\Users\\user\\Documents\\projects\\atomic-react-components\\lib\\components\\atoms\\Heading\\Heading.js": {
      "path": "C:\\Users\\user\\Documents\\projects\\atomic-react-components\\lib\\components\\atoms\\Heading\\Heading.js",
      "statementMap": {
        "0": { "start": { "line": 17, "column": 16 }, "end": { "line": 32, "column": 1 } },
        "1": { "start": { "line": 25, "column": 2 }, "end": { "line": 31, "column": 16 } },
        "2": { "start": { "line": 34, "column": 0 }, "end": { "line": 38, "column": 2 } }
      },
      "fnMap": {
        "0": {
          "name": "(anonymous_0)",
          "decl": { "start": { "line": 17, "column": 16 }, "end": { "line": 17, "column": 17 } },
          "loc": { "start": { "line": 25, "column": 2 }, "end": { "line": 31, "column": 16 } },
          "line": 25
        }
      },
      "branchMap": {
        "0": {
          "loc": { "start": { "line": 20, "column": 2 }, "end": { "line": 20, "column": 20 } },
          "type": "default-arg",
          "locations": [
            { "start": { "line": 20, "column": 16 }, "end": { "line": 20, "column": 20 } }
          ],
          "line": 20
        },
        "1": {
          "loc": { "start": { "line": 27, "column": 18 }, "end": { "line": 27, "column": 94 } },
          "type": "binary-expr",
          "locations": [
            { "start": { "line": 27, "column": 18 }, "end": { "line": 27, "column": 32 } },
            { "start": { "line": 27, "column": 36 }, "end": { "line": 27, "column": 94 } }
          ],
          "line": 27
        }
      },
      "s": { "0": 0, "1": 0, "2": 0 },
      "f": { "0": 0 },
      "b": { "0": [0], "1": [0, 0] },
      "hash": "63dff9d4f77ae5e5bf94193cc85374c744d321b4"
    },
    "C:\\Users\\user\\Documents\\projects\\atomic-react-components\\lib\\components\\atoms\\Heading\\index.js": {
      "path": "C:\\Users\\user\\Documents\\projects\\atomic-react-components\\lib\\components\\atoms\\Heading\\index.js",
      "statementMap": {},
      "fnMap": {},
      "branchMap": {},
      "s": {},
      "f": {},
      "b": {},
      "hash": "6661155b842bb3a0a8259012eff8364071aaeeca"
    },
    "C:\\Users\\user\\Documents\\projects\\atomic-react-components\\lib\\components\\atoms\\FieldError\\FieldError.js": {
      "path": "C:\\Users\\user\\Documents\\projects\\atomic-react-components\\lib\\components\\atoms\\FieldError\\FieldError.js",
      "statementMap": {
        "0": { "start": { "line": 17, "column": 19 }, "end": { "line": 37, "column": 1 } },
        "1": { "start": { "line": 25, "column": 2 }, "end": { "line": 36, "column": 4 } },
        "2": { "start": { "line": 39, "column": 0 }, "end": { "line": 44, "column": 2 } }
      },
      "fnMap": {
        "0": {
          "name": "(anonymous_0)",
          "decl": { "start": { "line": 17, "column": 19 }, "end": { "line": 17, "column": 20 } },
          "loc": { "start": { "line": 24, "column": 19 }, "end": { "line": 37, "column": 1 } },
          "line": 24
        }
      },
      "branchMap": {
        "0": {
          "loc": { "start": { "line": 30, "column": 20 }, "end": { "line": 30, "column": 59 } },
          "type": "cond-expr",
          "locations": [
            { "start": { "line": 30, "column": 33 }, "end": { "line": 30, "column": 54 } },
            { "start": { "line": 30, "column": 57 }, "end": { "line": 30, "column": 59 } }
          ],
          "line": 30
        },
        "1": {
          "loc": { "start": { "line": 31, "column": 20 }, "end": { "line": 31, "column": 85 } },
          "type": "binary-expr",
          "locations": [
            { "start": { "line": 31, "column": 20 }, "end": { "line": 31, "column": 34 } },
            { "start": { "line": 31, "column": 38 }, "end": { "line": 31, "column": 85 } }
          ],
          "line": 31
        }
      },
      "s": { "0": 0, "1": 0, "2": 0 },
      "f": { "0": 0 },
      "b": { "0": [0, 0], "1": [0, 0] },
      "hash": "b7921bd46b18d152897702d8b1159ae2075df108"
    },
    "C:\\Users\\user\\Documents\\projects\\atomic-react-components\\lib\\components\\atoms\\Image\\Image.style.js": {
      "path": "C:\\Users\\user\\Documents\\projects\\atomic-react-components\\lib\\components\\atoms\\Image\\Image.style.js",
      "statementMap": {
        "0": { "start": { "line": 3, "column": 20 }, "end": { "line": 7, "column": 1 } },
        "1": { "start": { "line": 6, "column": 14 }, "end": { "line": 6, "column": 64 } }
      },
      "fnMap": {
        "0": {
          "name": "(anonymous_0)",
          "decl": { "start": { "line": 6, "column": 4 }, "end": { "line": 6, "column": 5 } },
          "loc": { "start": { "line": 6, "column": 14 }, "end": { "line": 6, "column": 64 } },
          "line": 6
        }
      },
      "branchMap": {
        "0": {
          "loc": { "start": { "line": 6, "column": 14 }, "end": { "line": 6, "column": 64 } },
          "type": "cond-expr",
          "locations": [
            { "start": { "line": 6, "column": 38 }, "end": { "line": 6, "column": 59 } },
            { "start": { "line": 6, "column": 62 }, "end": { "line": 6, "column": 64 } }
          ],
          "line": 6
        }
      },
      "s": { "0": 0, "1": 0 },
      "f": { "0": 0 },
      "b": { "0": [0, 0] },
      "hash": "f6b5dfe3892da0430ff41381bc6d7d750b142f9a"
    },
    "C:\\Users\\user\\Documents\\projects\\atomic-react-components\\lib\\components\\atoms\\Image\\index.js": {
      "path": "C:\\Users\\user\\Documents\\projects\\atomic-react-components\\lib\\components\\atoms\\Image\\index.js",
      "statementMap": {},
      "fnMap": {},
      "branchMap": {},
      "s": {},
      "f": {},
      "b": {},
      "hash": "fae56a9aa694759ca9add56931baf447010d2a87"
    },
    "C:\\Users\\user\\Documents\\projects\\atomic-react-components\\lib\\components\\atoms\\Image\\Image.js": {
      "path": "C:\\Users\\user\\Documents\\projects\\atomic-react-components\\lib\\components\\atoms\\Image\\Image.js",
      "statementMap": {
        "0": { "start": { "line": 22, "column": 14 }, "end": { "line": 54, "column": 1 } },
        "1": { "start": { "line": 35, "column": 2 }, "end": { "line": 53, "column": 4 } },
        "2": { "start": { "line": 49, "column": 12 }, "end": { "line": 49, "column": 46 } },
        "3": { "start": { "line": 56, "column": 0 }, "end": { "line": 63, "column": 2 } }
      },
      "fnMap": {
        "0": {
          "name": "(anonymous_0)",
          "decl": { "start": { "line": 22, "column": 14 }, "end": { "line": 22, "column": 15 } },
          "loc": { "start": { "line": 35, "column": 2 }, "end": { "line": 53, "column": 4 } },
          "line": 35
        },
        "1": {
          "name": "(anonymous_1)",
          "decl": { "start": { "line": 47, "column": 10 }, "end": { "line": 47, "column": 11 } },
          "loc": { "start": { "line": 47, "column": 19 }, "end": { "line": 50, "column": 11 } },
          "line": 47
        }
      },
      "branchMap": {
        "0": {
          "loc": { "start": { "line": 38, "column": 12 }, "end": { "line": 38, "column": 26 } },
          "type": "binary-expr",
          "locations": [
            { "start": { "line": 38, "column": 12 }, "end": { "line": 38, "column": 18 } },
            { "start": { "line": 38, "column": 22 }, "end": { "line": 38, "column": 26 } }
          ],
          "line": 38
        },
        "1": {
          "loc": { "start": { "line": 39, "column": 11 }, "end": { "line": 39, "column": 24 } },
          "type": "binary-expr",
          "locations": [
            { "start": { "line": 39, "column": 11 }, "end": { "line": 39, "column": 16 } },
            { "start": { "line": 39, "column": 20 }, "end": { "line": 39, "column": 24 } }
          ],
          "line": 39
        },
        "2": {
          "loc": { "start": { "line": 43, "column": 18 }, "end": { "line": 43, "column": 72 } },
          "type": "binary-expr",
          "locations": [
            { "start": { "line": 43, "column": 18 }, "end": { "line": 43, "column": 32 } },
            { "start": { "line": 43, "column": 36 }, "end": { "line": 43, "column": 72 } }
          ],
          "line": 43
        },
        "3": {
          "loc": { "start": { "line": 46, "column": 6 }, "end": { "line": 51, "column": 14 } },
          "type": "cond-expr",
          "locations": [
            { "start": { "line": 47, "column": 10 }, "end": { "line": 50, "column": 11 } },
            { "start": { "line": 51, "column": 10 }, "end": { "line": 51, "column": 14 } }
          ],
          "line": 46
        }
      },
      "s": { "0": 0, "1": 0, "2": 0, "3": 0 },
      "f": { "0": 0, "1": 0 },
      "b": { "0": [0, 0], "1": [0, 0], "2": [0, 0], "3": [0, 0] },
      "hash": "175c043e5415b2f8bbe55ac92751db4eb94da220"
    },
    "C:\\Users\\user\\Documents\\projects\\atomic-react-components\\lib\\components\\atoms\\Heading\\Heading.style.js": {
      "path": "C:\\Users\\user\\Documents\\projects\\atomic-react-components\\lib\\components\\atoms\\Heading\\Heading.style.js",
      "statementMap": {
        "0": { "start": { "line": 5, "column": 4 }, "end": { "line": 16, "column": 5 } },
        "1": { "start": { "line": 7, "column": 8 }, "end": { "line": 7, "column": 46 } },
        "2": { "start": { "line": 9, "column": 8 }, "end": { "line": 9, "column": 46 } },
        "3": { "start": { "line": 11, "column": 8 }, "end": { "line": 11, "column": 46 } },
        "4": { "start": { "line": 13, "column": 8 }, "end": { "line": 13, "column": 46 } },
        "5": { "start": { "line": 15, "column": 8 }, "end": { "line": 15, "column": 51 } },
        "6": { "start": { "line": 18, "column": 14 }, "end": { "line": 18, "column": 64 } }
      },
      "fnMap": {
        "0": {
          "name": "(anonymous_0)",
          "decl": { "start": { "line": 4, "column": 4 }, "end": { "line": 4, "column": 5 } },
          "loc": { "start": { "line": 4, "column": 13 }, "end": { "line": 17, "column": 3 } },
          "line": 4
        },
        "1": {
          "name": "(anonymous_1)",
          "decl": { "start": { "line": 18, "column": 4 }, "end": { "line": 18, "column": 5 } },
          "loc": { "start": { "line": 18, "column": 14 }, "end": { "line": 18, "column": 64 } },
          "line": 18
        }
      },
      "branchMap": {
        "0": {
          "loc": { "start": { "line": 5, "column": 4 }, "end": { "line": 16, "column": 5 } },
          "type": "switch",
          "locations": [
            { "start": { "line": 6, "column": 6 }, "end": { "line": 7, "column": 46 } },
            { "start": { "line": 8, "column": 6 }, "end": { "line": 9, "column": 46 } },
            { "start": { "line": 10, "column": 6 }, "end": { "line": 11, "column": 46 } },
            { "start": { "line": 12, "column": 6 }, "end": { "line": 13, "column": 46 } },
            { "start": { "line": 14, "column": 6 }, "end": { "line": 15, "column": 51 } }
          ],
          "line": 5
        },
        "1": {
          "loc": { "start": { "line": 18, "column": 14 }, "end": { "line": 18, "column": 64 } },
          "type": "cond-expr",
          "locations": [
            { "start": { "line": 18, "column": 38 }, "end": { "line": 18, "column": 59 } },
            { "start": { "line": 18, "column": 62 }, "end": { "line": 18, "column": 64 } }
          ],
          "line": 18
        }
      },
      "s": { "0": 0, "1": 0, "2": 0, "3": 0, "4": 0, "5": 0, "6": 0 },
      "f": { "0": 0, "1": 0 },
      "b": { "0": [0, 0, 0, 0, 0], "1": [0, 0] },
      "hash": "4134c5313fff12280d355c7e8aad9504f34143dc"
    },
    "C:\\Users\\user\\Documents\\projects\\atomic-react-components\\lib\\components\\atoms\\Label\\Label.js": {
      "path": "C:\\Users\\user\\Documents\\projects\\atomic-react-components\\lib\\components\\atoms\\Label\\Label.js",
      "statementMap": {
        "0": { "start": { "line": 14, "column": 14 }, "end": { "line": 25, "column": 1 } },
        "1": { "start": { "line": 17, "column": 2 }, "end": { "line": 24, "column": 10 } },
        "2": { "start": { "line": 27, "column": 0 }, "end": { "line": 30, "column": 2 } }
      },
      "fnMap": {
        "0": {
          "name": "(anonymous_0)",
          "decl": { "start": { "line": 14, "column": 14 }, "end": { "line": 14, "column": 15 } },
          "loc": { "start": { "line": 17, "column": 2 }, "end": { "line": 24, "column": 10 } },
          "line": 17
        }
      },
      "branchMap": {
        "0": {
          "loc": { "start": { "line": 20, "column": 18 }, "end": { "line": 20, "column": 88 } },
          "type": "binary-expr",
          "locations": [
            { "start": { "line": 20, "column": 18 }, "end": { "line": 20, "column": 32 } },
            { "start": { "line": 20, "column": 36 }, "end": { "line": 20, "column": 88 } }
          ],
          "line": 20
        }
      },
      "s": { "0": 0, "1": 0, "2": 0 },
      "f": { "0": 0 },
      "b": { "0": [0, 0] },
      "hash": "933592130f8d9f3db4483899bf6072128be861be"
    },
    "C:\\Users\\user\\Documents\\projects\\atomic-react-components\\lib\\components\\atoms\\Label\\index.js": {
      "path": "C:\\Users\\user\\Documents\\projects\\atomic-react-components\\lib\\components\\atoms\\Label\\index.js",
      "statementMap": {},
      "fnMap": {},
      "branchMap": {},
      "s": {},
      "f": {},
      "b": {},
      "hash": "5560f4d509ad32ff561625c19dce3423e07662ea"
    },
    "C:\\Users\\user\\Documents\\projects\\atomic-react-components\\lib\\components\\atoms\\Para\\Para.style.js": {
      "path": "C:\\Users\\user\\Documents\\projects\\atomic-react-components\\lib\\components\\atoms\\Para\\Para.style.js",
      "statementMap": {},
      "fnMap": {},
      "branchMap": {},
      "s": {},
      "f": {},
      "b": {},
      "hash": "879e7410fcddfa1115a9a176b2ce1f4657453584"
    },
    "C:\\Users\\user\\Documents\\projects\\atomic-react-components\\lib\\components\\atoms\\Para\\index.js": {
      "path": "C:\\Users\\user\\Documents\\projects\\atomic-react-components\\lib\\components\\atoms\\Para\\index.js",
      "statementMap": {},
      "fnMap": {},
      "branchMap": {},
      "s": {},
      "f": {},
      "b": {},
      "hash": "9759f8f54a8f9befa5e2bc77a2fa81a6f372699a"
    },
    "C:\\Users\\user\\Documents\\projects\\atomic-react-components\\lib\\components\\atoms\\Para\\Para.js": {
      "path": "C:\\Users\\user\\Documents\\projects\\atomic-react-components\\lib\\components\\atoms\\Para\\Para.js",
      "statementMap": {
        "0": { "start": { "line": 15, "column": 13 }, "end": { "line": 27, "column": 1 } },
        "1": { "start": { "line": 16, "column": 22 }, "end": { "line": 20, "column": 8 } },
        "2": { "start": { "line": 22, "column": 2 }, "end": { "line": 26, "column": 4 } },
        "3": { "start": { "line": 29, "column": 0 }, "end": { "line": 33, "column": 2 } }
      },
      "fnMap": {
        "0": {
          "name": "(anonymous_0)",
          "decl": { "start": { "line": 15, "column": 13 }, "end": { "line": 15, "column": 14 } },
          "loc": { "start": { "line": 15, "column": 99 }, "end": { "line": 27, "column": 1 } },
          "line": 15
        }
      },
      "branchMap": {
        "0": {
          "loc": { "start": { "line": 16, "column": 22 }, "end": { "line": 20, "column": 8 } },
          "type": "cond-expr",
          "locations": [
            { "start": { "line": 17, "column": 6 }, "end": { "line": 19, "column": 7 } },
            { "start": { "line": 20, "column": 6 }, "end": { "line": 20, "column": 8 } }
          ],
          "line": 16
        }
      },
      "s": { "0": 0, "1": 0, "2": 0, "3": 0 },
      "f": { "0": 0 },
      "b": { "0": [0, 0] },
      "hash": "b7ebfe0ac1f36c7ce417f4f3dc9a53dc1ae6de91"
    },
    "C:\\Users\\user\\Documents\\projects\\atomic-react-components\\lib\\components\\atoms\\Select\\index.js": {
      "path": "C:\\Users\\user\\Documents\\projects\\atomic-react-components\\lib\\components\\atoms\\Select\\index.js",
      "statementMap": {},
      "fnMap": {},
      "branchMap": {},
      "s": {},
      "f": {},
      "b": {},
      "hash": "43f0081baa42519dfd204df39e1af0f37a01e73b"
    },
    "C:\\Users\\user\\Documents\\projects\\atomic-react-components\\lib\\components\\atoms\\Select\\Select.js": {
      "path": "C:\\Users\\user\\Documents\\projects\\atomic-react-components\\lib\\components\\atoms\\Select\\Select.js",
      "statementMap": {
        "0": { "start": { "line": 18, "column": 15 }, "end": { "line": 45, "column": 1 } },
        "1": { "start": { "line": 29, "column": 2 }, "end": { "line": 44, "column": 11 } },
        "2": { "start": { "line": 40, "column": 6 }, "end": { "line": 42, "column": 15 } },
        "3": { "start": { "line": 47, "column": 0 }, "end": { "line": 53, "column": 2 } }
      },
      "fnMap": {
        "0": {
          "name": "(anonymous_0)",
          "decl": { "start": { "line": 18, "column": 15 }, "end": { "line": 18, "column": 16 } },
          "loc": { "start": { "line": 29, "column": 2 }, "end": { "line": 44, "column": 11 } },
          "line": 29
        },
        "1": {
          "name": "(anonymous_1)",
          "decl": { "start": { "line": 39, "column": 17 }, "end": { "line": 39, "column": 18 } },
          "loc": { "start": { "line": 40, "column": 6 }, "end": { "line": 42, "column": 15 } },
          "line": 40
        }
      },
      "branchMap": {
        "0": {
          "loc": { "start": { "line": 35, "column": 18 }, "end": { "line": 35, "column": 64 } },
          "type": "binary-expr",
          "locations": [
            { "start": { "line": 35, "column": 18 }, "end": { "line": 35, "column": 32 } },
            { "start": { "line": 35, "column": 36 }, "end": { "line": 35, "column": 64 } }
          ],
          "line": 35
        },
        "1": {
          "loc": { "start": { "line": 38, "column": 5 }, "end": { "line": 38, "column": 59 } },
          "type": "binary-expr",
          "locations": [
            { "start": { "line": 38, "column": 5 }, "end": { "line": 38, "column": 16 } },
            { "start": { "line": 38, "column": 20 }, "end": { "line": 38, "column": 59 } }
          ],
          "line": 38
        }
      },
      "s": { "0": 0, "1": 0, "2": 0, "3": 0 },
      "f": { "0": 0, "1": 0 },
      "b": { "0": [0, 0], "1": [0, 0] },
      "hash": "d374183258dc969c4edf787e2873fce4f93fd033"
    },
    "C:\\Users\\user\\Documents\\projects\\atomic-react-components\\lib\\components\\atoms\\Textarea\\Textarea.js": {
      "path": "C:\\Users\\user\\Documents\\projects\\atomic-react-components\\lib\\components\\atoms\\Textarea\\Textarea.js",
      "statementMap": {
        "0": { "start": { "line": 22, "column": 17 }, "end": { "line": 44, "column": 1 } },
        "1": { "start": { "line": 33, "column": 2 }, "end": { "line": 43, "column": 4 } },
        "2": { "start": { "line": 46, "column": 0 }, "end": { "line": 53, "column": 2 } }
      },
      "fnMap": {
        "0": {
          "name": "(anonymous_0)",
          "decl": { "start": { "line": 22, "column": 17 }, "end": { "line": 22, "column": 18 } },
          "loc": { "start": { "line": 33, "column": 2 }, "end": { "line": 43, "column": 4 } },
          "line": 33
        }
      },
      "branchMap": {
        "0": {
          "loc": { "start": { "line": 41, "column": 18 }, "end": { "line": 41, "column": 66 } },
          "type": "binary-expr",
          "locations": [
            { "start": { "line": 41, "column": 18 }, "end": { "line": 41, "column": 32 } },
            { "start": { "line": 41, "column": 36 }, "end": { "line": 41, "column": 66 } }
          ],
          "line": 41
        }
      },
      "s": { "0": 0, "1": 0, "2": 0 },
      "f": { "0": 0 },
      "b": { "0": [0, 0] },
      "hash": "09d463324dbf8cf7821d36298685de091eab1da9"
    },
    "C:\\Users\\user\\Documents\\projects\\atomic-react-components\\lib\\components\\atoms\\Textarea\\index.js": {
      "path": "C:\\Users\\user\\Documents\\projects\\atomic-react-components\\lib\\components\\atoms\\Textarea\\index.js",
      "statementMap": {},
      "fnMap": {},
      "branchMap": {},
      "s": {},
      "f": {},
      "b": {},
      "hash": "3b9fc44ac281f5ebed9ff1d3aa4f6df71337c904"
    },
    "C:\\Users\\user\\Documents\\projects\\atomic-react-components\\lib\\components\\atoms\\Select\\Select.style.js": {
      "path": "C:\\Users\\user\\Documents\\projects\\atomic-react-components\\lib\\components\\atoms\\Select\\Select.style.js",
      "statementMap": {
        "0": { "start": { "line": 3, "column": 15 }, "end": { "line": 22, "column": 1 } },
        "1": { "start": { "line": 5, "column": 13 }, "end": { "line": 10, "column": 3 } },
        "2": { "start": { "line": 14, "column": 4 }, "end": { "line": 19, "column": 10 } },
        "3": { "start": { "line": 21, "column": 14 }, "end": { "line": 21, "column": 64 } }
      },
      "fnMap": {
        "0": {
          "name": "(anonymous_0)",
          "decl": { "start": { "line": 5, "column": 4 }, "end": { "line": 5, "column": 5 } },
          "loc": { "start": { "line": 5, "column": 13 }, "end": { "line": 10, "column": 3 } },
          "line": 5
        },
        "1": {
          "name": "(anonymous_1)",
          "decl": { "start": { "line": 13, "column": 4 }, "end": { "line": 13, "column": 5 } },
          "loc": { "start": { "line": 14, "column": 4 }, "end": { "line": 19, "column": 10 } },
          "line": 14
        },
        "2": {
          "name": "(anonymous_2)",
          "decl": { "start": { "line": 21, "column": 4 }, "end": { "line": 21, "column": 5 } },
          "loc": { "start": { "line": 21, "column": 14 }, "end": { "line": 21, "column": 64 } },
          "line": 21
        }
      },
      "branchMap": {
        "0": {
          "loc": { "start": { "line": 14, "column": 4 }, "end": { "line": 19, "column": 10 } },
          "type": "cond-expr",
          "locations": [
            { "start": { "line": 15, "column": 8 }, "end": { "line": 18, "column": 5 } },
            { "start": { "line": 19, "column": 8 }, "end": { "line": 19, "column": 10 } }
          ],
          "line": 14
        },
        "1": {
          "loc": { "start": { "line": 21, "column": 14 }, "end": { "line": 21, "column": 64 } },
          "type": "cond-expr",
          "locations": [
            { "start": { "line": 21, "column": 38 }, "end": { "line": 21, "column": 59 } },
            { "start": { "line": 21, "column": 62 }, "end": { "line": 21, "column": 64 } }
          ],
          "line": 21
        }
      },
      "s": { "0": 0, "1": 0, "2": 0, "3": 0 },
      "f": { "0": 0, "1": 0, "2": 0 },
      "b": { "0": [0, 0], "1": [0, 0] },
      "hash": "fc2ba3a300d7bac47318f25ea6f33d50ca9238c2"
    },
    "C:\\Users\\user\\Documents\\projects\\atomic-react-components\\lib\\components\\atoms\\Textarea\\Textarea.style.js": {
      "path": "C:\\Users\\user\\Documents\\projects\\atomic-react-components\\lib\\components\\atoms\\Textarea\\Textarea.style.js",
      "statementMap": {
        "0": { "start": { "line": 3, "column": 15 }, "end": { "line": 24, "column": 1 } },
        "1": { "start": { "line": 4, "column": 13 }, "end": { "line": 9, "column": 3 } },
        "2": { "start": { "line": 10, "column": 21 }, "end": { "line": 10, "column": 43 } },
        "3": { "start": { "line": 16, "column": 4 }, "end": { "line": 21, "column": 10 } },
        "4": { "start": { "line": 23, "column": 14 }, "end": { "line": 23, "column": 64 } }
      },
      "fnMap": {
        "0": {
          "name": "(anonymous_0)",
          "decl": { "start": { "line": 4, "column": 4 }, "end": { "line": 4, "column": 5 } },
          "loc": { "start": { "line": 4, "column": 13 }, "end": { "line": 9, "column": 3 } },
          "line": 4
        },
        "1": {
          "name": "(anonymous_1)",
          "decl": { "start": { "line": 10, "column": 12 }, "end": { "line": 10, "column": 13 } },
          "loc": { "start": { "line": 10, "column": 21 }, "end": { "line": 10, "column": 43 } },
          "line": 10
        },
        "2": {
          "name": "(anonymous_2)",
          "decl": { "start": { "line": 15, "column": 4 }, "end": { "line": 15, "column": 5 } },
          "loc": { "start": { "line": 16, "column": 4 }, "end": { "line": 21, "column": 10 } },
          "line": 16
        },
        "3": {
          "name": "(anonymous_3)",
          "decl": { "start": { "line": 23, "column": 4 }, "end": { "line": 23, "column": 5 } },
          "loc": { "start": { "line": 23, "column": 14 }, "end": { "line": 23, "column": 64 } },
          "line": 23
        }
      },
      "branchMap": {
        "0": {
          "loc": { "start": { "line": 10, "column": 21 }, "end": { "line": 10, "column": 43 } },
          "type": "binary-expr",
          "locations": [
            { "start": { "line": 10, "column": 21 }, "end": { "line": 10, "column": 33 } },
            { "start": { "line": 10, "column": 37 }, "end": { "line": 10, "column": 43 } }
          ],
          "line": 10
        },
        "1": {
          "loc": { "start": { "line": 16, "column": 4 }, "end": { "line": 21, "column": 10 } },
          "type": "cond-expr",
          "locations": [
            { "start": { "line": 17, "column": 8 }, "end": { "line": 20, "column": 5 } },
            { "start": { "line": 21, "column": 8 }, "end": { "line": 21, "column": 10 } }
          ],
          "line": 16
        },
        "2": {
          "loc": { "start": { "line": 23, "column": 14 }, "end": { "line": 23, "column": 64 } },
          "type": "cond-expr",
          "locations": [
            { "start": { "line": 23, "column": 38 }, "end": { "line": 23, "column": 59 } },
            { "start": { "line": 23, "column": 62 }, "end": { "line": 23, "column": 64 } }
          ],
          "line": 23
        }
      },
      "s": { "0": 0, "1": 0, "2": 0, "3": 0, "4": 0 },
      "f": { "0": 0, "1": 0, "2": 0, "3": 0 },
      "b": { "0": [0, 0], "1": [0, 0], "2": [0, 0] },
      "hash": "a92a68716f5b66ba1ec86c85660c360b78cef684"
    },
    "C:\\Users\\user\\Documents\\projects\\atomic-react-components\\lib\\components\\molecules\\ArticleThumbnail\\ArticleThumbnail.style.js": {
      "path": "C:\\Users\\user\\Documents\\projects\\atomic-react-components\\lib\\components\\molecules\\ArticleThumbnail\\ArticleThumbnail.style.js",
      "statementMap": {
        "0": { "start": { "line": 3, "column": 15 }, "end": { "line": 8, "column": 1 } }
      },
      "fnMap": {},
      "branchMap": {},
      "s": { "0": 0 },
      "f": {},
      "b": {},
      "hash": "0c9885bcf56fdfbb73171efe5f502d8aa58baf67"
    },
    "C:\\Users\\user\\Documents\\projects\\atomic-react-components\\lib\\components\\molecules\\ArticleThumbnail\\index.js": {
      "path": "C:\\Users\\user\\Documents\\projects\\atomic-react-components\\lib\\components\\molecules\\ArticleThumbnail\\index.js",
      "statementMap": {},
      "fnMap": {},
      "branchMap": {},
      "s": {},
      "f": {},
      "b": {},
      "hash": "3bdc669d2046c4506970f12be90b7a0e60e34bda"
    },
    "C:\\Users\\user\\Documents\\projects\\atomic-react-components\\lib\\components\\molecules\\Breadcrumb\\Breadcrumb.style.js": {
      "path": "C:\\Users\\user\\Documents\\projects\\atomic-react-components\\lib\\components\\molecules\\Breadcrumb\\Breadcrumb.style.js",
      "statementMap": {
        "0": { "start": { "line": 4, "column": 14 }, "end": { "line": 4, "column": 64 } }
      },
      "fnMap": {
        "0": {
          "name": "(anonymous_0)",
          "decl": { "start": { "line": 4, "column": 4 }, "end": { "line": 4, "column": 5 } },
          "loc": { "start": { "line": 4, "column": 14 }, "end": { "line": 4, "column": 64 } },
          "line": 4
        }
      },
      "branchMap": {
        "0": {
          "loc": { "start": { "line": 4, "column": 14 }, "end": { "line": 4, "column": 64 } },
          "type": "cond-expr",
          "locations": [
            { "start": { "line": 4, "column": 38 }, "end": { "line": 4, "column": 59 } },
            { "start": { "line": 4, "column": 62 }, "end": { "line": 4, "column": 64 } }
          ],
          "line": 4
        }
      },
      "s": { "0": 0 },
      "f": { "0": 0 },
      "b": { "0": [0, 0] },
      "hash": "58d819012ba5685531a914cbc960650c426fb31b"
    },
    "C:\\Users\\user\\Documents\\projects\\atomic-react-components\\lib\\components\\molecules\\Breadcrumb\\index.js": {
      "path": "C:\\Users\\user\\Documents\\projects\\atomic-react-components\\lib\\components\\molecules\\Breadcrumb\\index.js",
      "statementMap": {},
      "fnMap": {},
      "branchMap": {},
      "s": {},
      "f": {},
      "b": {},
      "hash": "cac94834fdca3d722e0b42c2535695057db22fd7"
    },
    "C:\\Users\\user\\Documents\\projects\\atomic-react-components\\lib\\components\\atoms\\Input\\Input.style.js": {
      "path": "C:\\Users\\user\\Documents\\projects\\atomic-react-components\\lib\\components\\atoms\\Input\\Input.style.js",
      "statementMap": {
        "0": { "start": { "line": 3, "column": 15 }, "end": { "line": 20, "column": 1 } },
        "1": { "start": { "line": 4, "column": 13 }, "end": { "line": 9, "column": 3 } },
        "2": { "start": { "line": 12, "column": 4 }, "end": { "line": 17, "column": 10 } },
        "3": { "start": { "line": 19, "column": 14 }, "end": { "line": 19, "column": 64 } }
      },
      "fnMap": {
        "0": {
          "name": "(anonymous_0)",
          "decl": { "start": { "line": 4, "column": 4 }, "end": { "line": 4, "column": 5 } },
          "loc": { "start": { "line": 4, "column": 13 }, "end": { "line": 9, "column": 3 } },
          "line": 4
        },
        "1": {
          "name": "(anonymous_1)",
          "decl": { "start": { "line": 11, "column": 4 }, "end": { "line": 11, "column": 5 } },
          "loc": { "start": { "line": 12, "column": 4 }, "end": { "line": 17, "column": 10 } },
          "line": 12
        },
        "2": {
          "name": "(anonymous_2)",
          "decl": { "start": { "line": 19, "column": 4 }, "end": { "line": 19, "column": 5 } },
          "loc": { "start": { "line": 19, "column": 14 }, "end": { "line": 19, "column": 64 } },
          "line": 19
        }
      },
      "branchMap": {
        "0": {
          "loc": { "start": { "line": 12, "column": 4 }, "end": { "line": 17, "column": 10 } },
          "type": "cond-expr",
          "locations": [
            { "start": { "line": 13, "column": 8 }, "end": { "line": 16, "column": 5 } },
            { "start": { "line": 17, "column": 8 }, "end": { "line": 17, "column": 10 } }
          ],
          "line": 12
        },
        "1": {
          "loc": { "start": { "line": 19, "column": 14 }, "end": { "line": 19, "column": 64 } },
          "type": "cond-expr",
          "locations": [
            { "start": { "line": 19, "column": 38 }, "end": { "line": 19, "column": 59 } },
            { "start": { "line": 19, "column": 62 }, "end": { "line": 19, "column": 64 } }
          ],
          "line": 19
        }
      },
      "s": { "0": 0, "1": 0, "2": 0, "3": 0 },
      "f": { "0": 0, "1": 0, "2": 0 },
      "b": { "0": [0, 0], "1": [0, 0] },
      "hash": "b2a07514541e6db14ba691cc8c34079ee0a191c4"
    },
    "C:\\Users\\user\\Documents\\projects\\atomic-react-components\\lib\\components\\atoms\\Input\\Input.js": {
      "path": "C:\\Users\\user\\Documents\\projects\\atomic-react-components\\lib\\components\\atoms\\Input\\Input.js",
      "statementMap": {
        "0": { "start": { "line": 18, "column": 14 }, "end": { "line": 40, "column": 1 } },
        "1": { "start": { "line": 29, "column": 2 }, "end": { "line": 39, "column": 4 } },
        "2": { "start": { "line": 42, "column": 0 }, "end": { "line": 49, "column": 2 } }
      },
      "fnMap": {
        "0": {
          "name": "(anonymous_0)",
          "decl": { "start": { "line": 18, "column": 14 }, "end": { "line": 18, "column": 15 } },
          "loc": { "start": { "line": 29, "column": 2 }, "end": { "line": 39, "column": 4 } },
          "line": 29
        }
      },
      "branchMap": {
        "0": {
          "loc": { "start": { "line": 37, "column": 18 }, "end": { "line": 37, "column": 59 } },
          "type": "binary-expr",
          "locations": [
            { "start": { "line": 37, "column": 18 }, "end": { "line": 37, "column": 32 } },
            { "start": { "line": 37, "column": 36 }, "end": { "line": 37, "column": 59 } }
          ],
          "line": 37
        }
      },
      "s": { "0": 0, "1": 0, "2": 0 },
      "f": { "0": 0 },
      "b": { "0": [0, 0] },
      "hash": "9e2b2a46a357ca05270d23b9179daf5f0f6c75cb"
    },
    "C:\\Users\\user\\Documents\\projects\\atomic-react-components\\lib\\components\\atoms\\Input\\index.js": {
      "path": "C:\\Users\\user\\Documents\\projects\\atomic-react-components\\lib\\components\\atoms\\Input\\index.js",
      "statementMap": {},
      "fnMap": {},
      "branchMap": {},
      "s": {},
      "f": {},
      "b": {},
      "hash": "3c1d904439b7770c270e11f3953e83d69eb5ec36"
    },
    "C:\\Users\\user\\Documents\\projects\\atomic-react-components\\lib\\components\\molecules\\ArticleThumbnail\\ArticleThumbnail.js": {
      "path": "C:\\Users\\user\\Documents\\projects\\atomic-react-components\\lib\\components\\molecules\\ArticleThumbnail\\ArticleThumbnail.js",
      "statementMap": {
        "0": { "start": { "line": 15, "column": 25 }, "end": { "line": 15, "column": 96 } },
        "1": { "start": { "line": 15, "column": 52 }, "end": { "line": 15, "column": 96 } },
        "2": { "start": { "line": 17, "column": 25 }, "end": { "line": 38, "column": 1 } },
        "3": { "start": { "line": 24, "column": 19 }, "end": { "line": 24, "column": 39 } },
        "4": { "start": { "line": 25, "column": 2 }, "end": { "line": 27, "column": 3 } },
        "5": { "start": { "line": 26, "column": 4 }, "end": { "line": 26, "column": 59 } },
        "6": { "start": { "line": 28, "column": 2 }, "end": { "line": 31, "column": 3 } },
        "7": { "start": { "line": 29, "column": 25 }, "end": { "line": 29, "column": 71 } },
        "8": { "start": { "line": 30, "column": 4 }, "end": { "line": 30, "column": 94 } },
        "9": { "start": { "line": 33, "column": 2 }, "end": { "line": 37, "column": 4 } },
        "10": { "start": { "line": 40, "column": 0 }, "end": { "line": 42, "column": 2 } }
      },
      "fnMap": {
        "0": {
          "name": "(anonymous_0)",
          "decl": { "start": { "line": 15, "column": 25 }, "end": { "line": 15, "column": 26 } },
          "loc": { "start": { "line": 15, "column": 52 }, "end": { "line": 15, "column": 96 } },
          "line": 15
        },
        "1": {
          "name": "(anonymous_1)",
          "decl": { "start": { "line": 17, "column": 25 }, "end": { "line": 17, "column": 26 } },
          "loc": { "start": { "line": 23, "column": 19 }, "end": { "line": 38, "column": 1 } },
          "line": 23
        }
      },
      "branchMap": {
        "0": {
          "loc": { "start": { "line": 25, "column": 2 }, "end": { "line": 27, "column": 3 } },
          "type": "if",
          "locations": [
            { "start": { "line": 25, "column": 2 }, "end": { "line": 27, "column": 3 } },
            { "start": { "line": 25, "column": 2 }, "end": { "line": 27, "column": 3 } }
          ],
          "line": 25
        },
        "1": {
          "loc": { "start": { "line": 25, "column": 6 }, "end": { "line": 25, "column": 36 } },
          "type": "binary-expr",
          "locations": [
            { "start": { "line": 25, "column": 6 }, "end": { "line": 25, "column": 21 } },
            { "start": { "line": 25, "column": 25 }, "end": { "line": 25, "column": 36 } }
          ],
          "line": 25
        },
        "2": {
          "loc": { "start": { "line": 28, "column": 2 }, "end": { "line": 31, "column": 3 } },
          "type": "if",
          "locations": [
            { "start": { "line": 28, "column": 2 }, "end": { "line": 31, "column": 3 } },
            { "start": { "line": 28, "column": 2 }, "end": { "line": 31, "column": 3 } }
          ],
          "line": 28
        }
      },
      "s": {
        "0": 0,
        "1": 0,
        "2": 0,
        "3": 0,
        "4": 0,
        "5": 0,
        "6": 0,
        "7": 0,
        "8": 0,
        "9": 0,
        "10": 0
      },
      "f": { "0": 0, "1": 0 },
      "b": { "0": [0, 0], "1": [0, 0], "2": [0, 0] },
      "hash": "3cf4689639af7983c5ba08c6baf1b8c8be0794cb"
    },
    "C:\\Users\\user\\Documents\\projects\\atomic-react-components\\lib\\components\\molecules\\Form\\index.js": {
      "path": "C:\\Users\\user\\Documents\\projects\\atomic-react-components\\lib\\components\\molecules\\Form\\index.js",
      "statementMap": {},
      "fnMap": {},
      "branchMap": {},
      "s": {},
      "f": {},
      "b": {},
      "hash": "7200b63c3738a4645e0a6cd5305421144e9060da"
    },
    "C:\\Users\\user\\Documents\\projects\\atomic-react-components\\lib\\components\\molecules\\InputChoice\\InputChoice.js": {
      "path": "C:\\Users\\user\\Documents\\projects\\atomic-react-components\\lib\\components\\molecules\\InputChoice\\InputChoice.js",
      "statementMap": {
        "0": { "start": { "line": 22, "column": 20 }, "end": { "line": 52, "column": 1 } },
        "1": { "start": { "line": 35, "column": 2 }, "end": { "line": 51, "column": 10 } },
        "2": { "start": { "line": 54, "column": 0 }, "end": { "line": 62, "column": 2 } }
      },
      "fnMap": {
        "0": {
          "name": "(anonymous_0)",
          "decl": { "start": { "line": 22, "column": 20 }, "end": { "line": 22, "column": 21 } },
          "loc": { "start": { "line": 35, "column": 2 }, "end": { "line": 51, "column": 10 } },
          "line": 35
        }
      },
      "branchMap": {
        "0": {
          "loc": { "start": { "line": 50, "column": 10 }, "end": { "line": 50, "column": 27 } },
          "type": "binary-expr",
          "locations": [
            { "start": { "line": 50, "column": 10 }, "end": { "line": 50, "column": 18 } },
            { "start": { "line": 50, "column": 22 }, "end": { "line": 50, "column": 27 } }
          ],
          "line": 50
        }
      },
      "s": { "0": 0, "1": 0, "2": 0 },
      "f": { "0": 0 },
      "b": { "0": [0, 0] },
      "hash": "7d3aa9b24db659da11b1b15266f873aa11ccf188"
    },
[...]
          "line": 28
        },
        "4": {
          "name": "(anonymous_4)",
          "decl": { "start": { "line": 35, "column": 28 }, "end": { "line": 35, "column": 29 } },
          "loc": { "start": { "line": 35, "column": 33 }, "end": { "line": 38, "column": 19 } },
          "line": 35
        }
      },
      "branchMap": {
        "0": {
          "loc": { "start": { "line": 27, "column": 22 }, "end": { "line": 27, "column": 57 } },
          "type": "binary-expr",
          "locations": [
            { "start": { "line": 27, "column": 22 }, "end": { "line": 27, "column": 35 } },
            { "start": { "line": 27, "column": 39 }, "end": { "line": 27, "column": 57 } }
          ],
          "line": 27
        },
        "1": {
          "loc": { "start": { "line": 34, "column": 22 }, "end": { "line": 34, "column": 57 } },
          "type": "binary-expr",
          "locations": [
            { "start": { "line": 34, "column": 22 }, "end": { "line": 34, "column": 35 } },
            { "start": { "line": 34, "column": 39 }, "end": { "line": 34, "column": 57 } }
          ],
          "line": 34
        },
        "2": {
          "loc": { "start": { "line": 37, "column": 20 }, "end": { "line": 37, "column": 74 } },
          "type": "if",
          "locations": [
            { "start": { "line": 37, "column": 20 }, "end": { "line": 37, "column": 74 } },
            { "start": { "line": 37, "column": 20 }, "end": { "line": 37, "column": 74 } }
          ],
          "line": 37
        }
      },
      "s": {
        "0": 0,
        "1": 0,
        "2": 0,
        "3": 0,
        "4": 0,
        "5": 0,
        "6": 0,
        "7": 0,
        "8": 0,
        "9": 0,
        "10": 0
      },
      "f": { "0": 0, "1": 0, "2": 0, "3": 0, "4": 0 },
      "b": { "0": [0, 0], "1": [0, 0], "2": [0, 0] },
      "hash": "0a4dfdab540ae447fbe7ffb5562fe4aca695db2f"
    },
    "C:\\Users\\user\\Documents\\projects\\atomic-react-components\\lib\\components\\molecules\\Form\\FieldSelect\\FieldSelect.js": {
      "path": "C:\\Users\\user\\Documents\\projects\\atomic-react-components\\lib\\components\\molecules\\Form\\FieldSelect\\FieldSelect.js",
      "statementMap": {
        "0": { "start": { "line": 21, "column": 20 }, "end": { "line": 52, "column": 1 } },
        "1": { "start": { "line": 31, "column": 2 }, "end": { "line": 51, "column": 8 } },
        "2": { "start": { "line": 37, "column": 33 }, "end": { "line": 37, "column": 37 } },
        "3": { "start": { "line": 38, "column": 8 }, "end": { "line": 47, "column": 10 } },
        "4": { "start": { "line": 43, "column": 14 }, "end": { "line": 43, "column": 30 } },
        "5": { "start": { "line": 44, "column": 14 }, "end": { "line": 44, "column": 68 } },
        "6": { "start": { "line": 44, "column": 50 }, "end": { "line": 44, "column": 68 } },
        "7": { "start": { "line": 54, "column": 0 }, "end": { "line": 58, "column": 2 } }
      },
      "fnMap": {
        "0": {
          "name": "(anonymous_0)",
          "decl": { "start": { "line": 21, "column": 20 }, "end": { "line": 21, "column": 21 } },
          "loc": { "start": { "line": 31, "column": 2 }, "end": { "line": 51, "column": 8 } },
          "line": 31
        },
        "1": {
          "name": "(anonymous_1)",
          "decl": { "start": { "line": 36, "column": 7 }, "end": { "line": 36, "column": 8 } },
          "loc": { "start": { "line": 36, "column": 28 }, "end": { "line": 48, "column": 7 } },
          "line": 36
        },
        "2": {
          "name": "(anonymous_2)",
          "decl": { "start": { "line": 42, "column": 22 }, "end": { "line": 42, "column": 23 } },
          "loc": { "start": { "line": 42, "column": 27 }, "end": { "line": 45, "column": 13 } },
          "line": 42
        }
      },
      "branchMap": {
        "0": {
          "loc": { "start": { "line": 44, "column": 14 }, "end": { "line": 44, "column": 68 } },
          "type": "if",
          "locations": [
            { "start": { "line": 44, "column": 14 }, "end": { "line": 44, "column": 68 } },
            { "start": { "line": 44, "column": 14 }, "end": { "line": 44, "column": 68 } }
          ],
          "line": 44
        }
      },
      "s": { "0": 0, "1": 0, "2": 0, "3": 0, "4": 0, "5": 0, "6": 0, "7": 0 },
      "f": { "0": 0, "1": 0, "2": 0 },
      "b": { "0": [0, 0] },
      "hash": "11cbbb2a6eb970c87a6a069cbf661204f8fae097"
    },
    "C:\\Users\\user\\Documents\\projects\\atomic-react-components\\lib\\components\\molecules\\Form\\FieldSelect\\index.js": {
      "path": "C:\\Users\\user\\Documents\\projects\\atomic-react-components\\lib\\components\\molecules\\Form\\FieldSelect\\index.js",
      "statementMap": {},
      "fnMap": {},
      "branchMap": {},
      "s": {},
      "f": {},
      "b": {},
      "hash": "819b01b6aa7895e600835571e46bd9613da820e1"
    },
    "C:\\Users\\user\\Documents\\projects\\atomic-react-components\\lib\\components\\molecules\\Form\\FieldTextarea\\FieldTextarea.style.js": {
      "path": "C:\\Users\\user\\Documents\\projects\\atomic-react-components\\lib\\components\\molecules\\Form\\FieldTextarea\\FieldTextarea.style.js",
      "statementMap": {
        "0": { "start": { "line": 3, "column": 15 }, "end": { "line": 11, "column": 1 } },
        "1": { "start": { "line": 4, "column": 28 }, "end": { "line": 4, "column": 54 } },
        "2": { "start": { "line": 9, "column": 30 }, "end": { "line": 9, "column": 59 } }
      },
      "fnMap": {
        "0": {
          "name": "(anonymous_0)",
          "decl": { "start": { "line": 4, "column": 19 }, "end": { "line": 4, "column": 20 } },
          "loc": { "start": { "line": 4, "column": 28 }, "end": { "line": 4, "column": 54 } },
          "line": 4
        },
        "1": {
          "name": "(anonymous_1)",
          "decl": { "start": { "line": 9, "column": 21 }, "end": { "line": 9, "column": 22 } },
          "loc": { "start": { "line": 9, "column": 30 }, "end": { "line": 9, "column": 59 } },
          "line": 9
        }
      },
      "branchMap": {},
      "s": { "0": 0, "1": 0, "2": 0 },
      "f": { "0": 0, "1": 0 },
      "b": {},
      "hash": "778327d1e47b82611a4d0a29c642a9de02408597"
    },
    "C:\\Users\\user\\Documents\\projects\\atomic-react-components\\lib\\components\\molecules\\Form\\FieldTextarea\\FieldTextarea.js": {
      "path": "C:\\Users\\user\\Documents\\projects\\atomic-react-components\\lib\\components\\molecules\\Form\\FieldTextarea\\FieldTextarea.js",
      "statementMap": {
        "0": { "start": { "line": 23, "column": 22 }, "end": { "line": 53, "column": 1 } },
        "1": { "start": { "line": 32, "column": 2 }, "end": { "line": 52, "column": 8 } },
        "2": { "start": { "line": 38, "column": 33 }, "end": { "line": 38, "column": 37 } },
        "3": { "start": { "line": 39, "column": 8 }, "end": { "line": 48, "column": 10 } },
        "4": { "start": { "line": 44, "column": 14 }, "end": { "line": 44, "column": 30 } },
        "5": { "start": { "line": 45, "column": 14 }, "end": { "line": 45, "column": 68 } },
        "6": { "start": { "line": 45, "column": 50 }, "end": { "line": 45, "column": 68 } },
        "7": { "start": { "line": 55, "column": 0 }, "end": { "line": 60, "column": 2 } }
      },
      "fnMap": {
        "0": {
          "name": "(anonymous_0)",
          "decl": { "start": { "line": 23, "column": 22 }, "end": { "line": 23, "column": 23 } },
          "loc": { "start": { "line": 32, "column": 2 }, "end": { "line": 52, "column": 8 } },
          "line": 32
        },
        "1": {
          "name": "(anonymous_1)",
          "decl": { "start": { "line": 37, "column": 7 }, "end": { "line": 37, "column": 8 } },
          "loc": { "start": { "line": 37, "column": 28 }, "end": { "line": 49, "column": 7 } },
          "line": 37
        },
        "2": {
          "name": "(anonymous_2)",
          "decl": { "start": { "line": 43, "column": 22 }, "end": { "line": 43, "column": 23 } },
          "loc": { "start": { "line": 43, "column": 27 }, "end": { "line": 46, "column": 13 } },
          "line": 43
        }
      },
      "branchMap": {
        "0": {
          "loc": { "start": { "line": 45, "column": 14 }, "end": { "line": 45, "column": 68 } },
          "type": "if",
          "locations": [
            { "start": { "line": 45, "column": 14 }, "end": { "line": 45, "column": 68 } },
            { "start": { "line": 45, "column": 14 }, "end": { "line": 45, "column": 68 } }
          ],
          "line": 45
        }
      },
      "s": { "0": 0, "1": 0, "2": 0, "3": 0, "4": 0, "5": 0, "6": 0, "7": 0 },
      "f": { "0": 0, "1": 0, "2": 0 },
      "b": { "0": [0, 0] },
      "hash": "70472f0900ea4363d98871352af7649edb90803e"
    },
    "C:\\Users\\user\\Documents\\projects\\atomic-react-components\\lib\\components\\molecules\\Form\\FieldTextarea\\index.js": {
      "path": "C:\\Users\\user\\Documents\\projects\\atomic-react-components\\lib\\components\\molecules\\Form\\FieldTextarea\\index.js",
      "statementMap": {},
      "fnMap": {},
      "branchMap": {},
      "s": {},
      "f": {},
      "b": {},
      "hash": "b5d4160a4ea19091e6a123ac111a67b08eafb14d"
    },
    "C:\\Users\\user\\Documents\\projects\\atomic-react-components\\lib\\components\\molecules\\Popover\\types\\index.js": {
      "path": "C:\\Users\\user\\Documents\\projects\\atomic-react-components\\lib\\components\\molecules\\Popover\\types\\index.js",
      "statementMap": {},
      "fnMap": {},
      "branchMap": {},
      "s": {},
      "f": {},
      "b": {},
      "hash": "80f0588691053ed72a92beac593ffff122b23385"
    },
    "C:\\Users\\user\\Documents\\projects\\atomic-react-components\\lib\\components\\molecules\\Form\\FieldRadioGroup\\FieldRadioGroup.style.js": {
      "path": "C:\\Users\\user\\Documents\\projects\\atomic-react-components\\lib\\components\\molecules\\Form\\FieldRadioGroup\\FieldRadioGroup.style.js",
      "statementMap": {
        "0": { "start": { "line": 3, "column": 15 }, "end": { "line": 5, "column": 1 } },
        "1": { "start": { "line": 4, "column": 28 }, "end": { "line": 4, "column": 54 } }
      },
      "fnMap": {
        "0": {
          "name": "(anonymous_0)",
          "decl": { "start": { "line": 4, "column": 19 }, "end": { "line": 4, "column": 20 } },
          "loc": { "start": { "line": 4, "column": 28 }, "end": { "line": 4, "column": 54 } },
          "line": 4
        }
      },
      "branchMap": {},
      "s": { "0": 0, "1": 0 },
      "f": { "0": 0 },
      "b": {},
      "hash": "9315407f8dabfb5cd6bc16fb3ff5a69fa9089fdf"
    },
    "C:\\Users\\user\\Documents\\projects\\atomic-react-components\\lib\\components\\molecules\\Table\\types\\index.js": {
      "path": "C:\\Users\\user\\Documents\\projects\\atomic-react-components\\lib\\components\\molecules\\Table\\types\\index.js",
      "statementMap": {},
      "fnMap": {},
      "branchMap": {},
      "s": {},
      "f": {},
      "b": {},
      "hash": "e2e5b6f657d61c526408d4a7f7b7f4cc0c3b9d3e"
    },
    "C:\\Users\\user\\Documents\\projects\\atomic-react-components\\lib\\components\\molecules\\Tabs\\Tab\\Tab.style.js": {
      "path": "C:\\Users\\user\\Documents\\projects\\atomic-react-components\\lib\\components\\molecules\\Tabs\\Tab\\Tab.style.js",
      "statementMap": {
        "0": { "start": { "line": 5, "column": 31 }, "end": { "line": 5, "column": 63 } },
        "1": { "start": { "line": 6, "column": 14 }, "end": { "line": 6, "column": 97 } },
        "2": { "start": { "line": 7, "column": 14 }, "end": { "line": 7, "column": 64 } }
      },
      "fnMap": {
        "0": {
          "name": "(anonymous_0)",
          "decl": { "start": { "line": 5, "column": 22 }, "end": { "line": 5, "column": 23 } },
          "loc": { "start": { "line": 5, "column": 31 }, "end": { "line": 5, "column": 63 } },
          "line": 5
        },
        "1": {
          "name": "(anonymous_1)",
          "decl": { "start": { "line": 6, "column": 4 }, "end": { "line": 6, "column": 5 } },
          "loc": { "start": { "line": 6, "column": 14 }, "end": { "line": 6, "column": 97 } },
          "line": 6
        },
        "2": {
          "name": "(anonymous_2)",
          "decl": { "start": { "line": 7, "column": 4 }, "end": { "line": 7, "column": 5 } },
          "loc": { "start": { "line": 7, "column": 14 }, "end": { "line": 7, "column": 64 } },
          "line": 7
        }
      },
      "branchMap": {
        "0": {
          "loc": { "start": { "line": 6, "column": 14 }, "end": { "line": 6, "column": 97 } },
          "type": "cond-expr",
          "locations": [
            { "start": { "line": 6, "column": 33 }, "end": { "line": 6, "column": 92 } },
            { "start": { "line": 6, "column": 95 }, "end": { "line": 6, "column": 97 } }
          ],
          "line": 6
        },
        "1": {
          "loc": { "start": { "line": 7, "column": 14 }, "end": { "line": 7, "column": 64 } },
          "type": "cond-expr",
          "locations": [
            { "start": { "line": 7, "column": 38 }, "end": { "line": 7, "column": 59 } },
            { "start": { "line": 7, "column": 62 }, "end": { "line": 7, "column": 64 } }
          ],
          "line": 7
        }
      },
      "s": { "0": 0, "1": 0, "2": 0 },
      "f": { "0": 0, "1": 0, "2": 0 },
      "b": { "0": [0, 0], "1": [0, 0] },
      "hash": "f6462826763ccedcdfad749ef651c7b2775c92fc"
    },
    "C:\\Users\\user\\Documents\\projects\\atomic-react-components\\lib\\components\\molecules\\Tabs\\Tab\\Tab.js": {
      "path": "C:\\Users\\user\\Documents\\projects\\atomic-react-components\\lib\\components\\molecules\\Tabs\\Tab\\Tab.js",
      "statementMap": {
        "0": { "start": { "line": 25, "column": 12 }, "end": { "line": 50, "column": 1 } },
        "1": { "start": { "line": 35, "column": 2 }, "end": { "line": 49, "column": 7 } },
        "2": { "start": { "line": 41, "column": 18 }, "end": { "line": 41, "column": 35 } },
        "3": { "start": { "line": 42, "column": 20 }, "end": { "line": 42, "column": 32 } },
        "4": { "start": { "line": 52, "column": 0 }, "end": { "line": 55, "column": 2 } }
      },
      "fnMap": {
        "0": {
          "name": "(anonymous_0)",
          "decl": { "start": { "line": 25, "column": 12 }, "end": { "line": 25, "column": 13 } },
          "loc": { "start": { "line": 35, "column": 2 }, "end": { "line": 49, "column": 7 } },
          "line": 35
        },
        "1": {
          "name": "(anonymous_1)",
          "decl": { "start": { "line": 41, "column": 13 }, "end": { "line": 41, "column": 14 } },
          "loc": { "start": { "line": 41, "column": 18 }, "end": { "line": 41, "column": 35 } },
          "line": 41
        },
        "2": {
          "name": "(anonymous_2)",
          "decl": { "start": { "line": 42, "column": 15 }, "end": { "line": 42, "column": 16 } },
          "loc": { "start": { "line": 42, "column": 20 }, "end": { "line": 42, "column": 32 } },
          "line": 42
        }
      },
      "branchMap": {
        "0": {
          "loc": { "start": { "line": 43, "column": 14 }, "end": { "line": 43, "column": 33 } },
          "type": "cond-expr",
          "locations": [
            { "start": { "line": 43, "column": 27 }, "end": { "line": 43, "column": 28 } },
            { "start": { "line": 43, "column": 31 }, "end": { "line": 43, "column": 33 } }
          ],
          "line": 43
        }
      },
      "s": { "0": 0, "1": 0, "2": 0, "3": 0, "4": 0 },
      "f": { "0": 0, "1": 0, "2": 0 },
      "b": { "0": [0, 0] },
      "hash": "3c61b0a2332a50d44930445871574924dc4483f5"
    },
    "C:\\Users\\user\\Documents\\projects\\atomic-react-components\\lib\\components\\molecules\\Tabs\\Tab\\index.js": {
      "path": "C:\\Users\\user\\Documents\\projects\\atomic-react-components\\lib\\components\\molecules\\Tabs\\Tab\\index.js",
      "statementMap": {},
      "fnMap": {},
      "branchMap": {},
      "s": {},
      "f": {},
      "b": {},
      "hash": "f905c7fd8f09c2dd93314c6265fa743db33bcc97"
    },
    "C:\\Users\\user\\Documents\\projects\\atomic-react-components\\lib\\components\\molecules\\Tabs\\TabPanel\\TabPanel.js": {
      "path": "C:\\Users\\user\\Documents\\projects\\atomic-react-components\\lib\\components\\molecules\\Tabs\\TabPanel\\TabPanel.js",
      "statementMap": {
        "0": { "start": { "line": 22, "column": 17 }, "end": { "line": 35, "column": 1 } },
        "1": { "start": { "line": 23, "column": 2 }, "end": { "line": 34, "column": 8 } },
        "2": { "start": { "line": 37, "column": 0 }, "end": { "line": 40, "column": 2 } }
      },
      "fnMap": {
        "0": {
          "name": "(anonymous_0)",
          "decl": { "start": { "line": 22, "column": 17 }, "end": { "line": 22, "column": 18 } },
          "loc": { "start": { "line": 23, "column": 2 }, "end": { "line": 34, "column": 8 } },
          "line": 23
        }
      },
      "branchMap": {},
      "s": { "0": 0, "1": 0, "2": 0 },
      "f": { "0": 0 },
      "b": {},
      "hash": "0d33fee738a4e9ee6435bb2523955ce0b23330fd"
    },
    "C:\\Users\\user\\Documents\\projects\\atomic-react-components\\lib\\components\\molecules\\Tabs\\TabPanel\\index.js": {
      "path": "C:\\Users\\user\\Documents\\projects\\atomic-react-components\\lib\\components\\molecules\\Tabs\\TabPanel\\index.js",
      "statementMap": {},
      "fnMap": {},
      "branchMap": {},
      "s": {},
      "f": {},
      "b": {},
      "hash": "9d09d4672be594a923ce8cfdf494ff529eb87d7f"
    },
    "C:\\Users\\user\\Documents\\projects\\atomic-react-components\\lib\\components\\molecules\\Tabs\\TabPanel\\TabPanel.style.js": {
      "path": "C:\\Users\\user\\Documents\\projects\\atomic-react-components\\lib\\components\\molecules\\Tabs\\TabPanel\\TabPanel.style.js",
      "statementMap": {
        "0": { "start": { "line": 6, "column": 14 }, "end": { "line": 6, "column": 55 } },
        "1": { "start": { "line": 7, "column": 14 }, "end": { "line": 7, "column": 64 } }
      },
      "fnMap": {
        "0": {
          "name": "(anonymous_0)",
          "decl": { "start": { "line": 6, "column": 4 }, "end": { "line": 6, "column": 5 } },
          "loc": { "start": { "line": 6, "column": 14 }, "end": { "line": 6, "column": 55 } },
          "line": 6
        },
        "1": {
          "name": "(anonymous_1)",
          "decl": { "start": { "line": 7, "column": 4 }, "end": { "line": 7, "column": 5 } },
          "loc": { "start": { "line": 7, "column": 14 }, "end": { "line": 7, "column": 64 } },
          "line": 7
        }
      },
      "branchMap": {
        "0": {
          "loc": { "start": { "line": 6, "column": 14 }, "end": { "line": 6, "column": 55 } },
          "type": "cond-expr",
          "locations": [
            { "start": { "line": 6, "column": 33 }, "end": { "line": 6, "column": 50 } },
            { "start": { "line": 6, "column": 53 }, "end": { "line": 6, "column": 55 } }
          ],
          "line": 6
        },
        "1": {
          "loc": { "start": { "line": 7, "column": 14 }, "end": { "line": 7, "column": 64 } },
          "type": "cond-expr",
          "locations": [
            { "start": { "line": 7, "column": 38 }, "end": { "line": 7, "column": 59 } },
            { "start": { "line": 7, "column": 62 }, "end": { "line": 7, "column": 64 } }
          ],
          "line": 7
        }
      },
      "s": { "0": 0, "1": 0 },
      "f": { "0": 0, "1": 0 },
      "b": { "0": [0, 0], "1": [0, 0] },
      "hash": "fe3efd77cf961538b1d9d921e77005366c54a301"
    },
    "C:\\Users\\user\\Documents\\projects\\atomic-react-components\\lib\\components\\molecules\\Tabs\\types\\index.js": {
      "path": "C:\\Users\\user\\Documents\\projects\\atomic-react-components\\lib\\components\\molecules\\Tabs\\types\\index.js",
      "statementMap": {},
      "fnMap": {},
      "branchMap": {},
      "s": {},
      "f": {},
      "b": {},
      "hash": "973d2c9577827c9c8ff91e2fa1263f0cfcb3d0fa"
    }
  }
}
