{
  "numFailedTestSuites": 0,
  "numFailedTests": 0,
  "numPassedTestSuites": 2,
  "numPassedTests": 21,
  "numPendingTestSuites": 0,
  "numPendingTests": 0,
  "numRuntimeErrorTestSuites": 0,
  "numTodoTests": 0,
  "numTotalTestSuites": 2,
  "numTotalTests": 21,
  "openHandles": [],
  "snapshot": {
    "added": 0,
    "didUpdate": true,
    "failure": false,
    "filesAdded": 0,
    "filesRemoved": 0,
    "filesRemovedList": [],
    "filesUnmatched": 0,
    "filesUpdated": 0,
    "matched": 2,
    "total": 2,
    "unchecked": 0,
    "uncheckedKeysByFile": [],
    "unmatched": 0,
    "updated": 0
  },
  "startTime": 1576428657507,
  "success": false,
  "testResults": [
    {
      "assertionResults": [
        {
          "ancestorTitles": ["<AtomicCarousel />"],
          "failureMessages": [],
          "fullName": "<AtomicCarousel /> Should render correctly",
          "location": null,
          "status": "passed",
          "title": "Should render correctly"
        },
        {
          "ancestorTitles": ["<AtomicCarousel />"],
          "failureMessages": [],
          "fullName": "<AtomicCarousel /> Should render dots correctly",
          "location": null,
          "status": "passed",
          "title": "Should render dots correctly"
        },
        {
          "ancestorTitles": ["<AtomicCarousel />"],
          "failureMessages": [],
          "fullName": "<AtomicCarousel /> Should render navigation correctly",
          "location": null,
          "status": "passed",
          "title": "Should render navigation correctly"
        },
        {
          "ancestorTitles": ["<AtomicCarousel />"],
          "failureMessages": [],
          "fullName": "<AtomicCarousel /> Should increase slideIndex on click next",
          "location": null,
          "status": "passed",
          "title": "Should increase slideIndex on click next"
        },
        {
          "ancestorTitles": ["<AtomicCarousel />"],
          "failureMessages": [],
          "fullName": "<AtomicCarousel /> Should increase slideIndex on key press next",
          "location": null,
          "status": "passed",
          "title": "Should increase slideIndex on key press next"
        },
        {
          "ancestorTitles": ["<AtomicCarousel />"],
          "failureMessages": [],
          "fullName": "<AtomicCarousel /> Should decrease slideIndex on click prev",
          "location": null,
          "status": "passed",
          "title": "Should decrease slideIndex on click prev"
        },
        {
          "ancestorTitles": ["<AtomicCarousel />"],
          "failureMessages": [],
          "fullName": "<AtomicCarousel /> Should decrease slideIndex on key press prev",
          "location": null,
          "status": "passed",
          "title": "Should decrease slideIndex on key press prev"
        },
        {
          "ancestorTitles": ["<AtomicCarousel />"],
          "failureMessages": [],
          "fullName": "<AtomicCarousel /> Should show specific slideIndex on click specific dot",
          "location": null,
          "status": "passed",
          "title": "Should show specific slideIndex on click specific dot"
        },
        {
          "ancestorTitles": ["<AtomicCarousel />"],
          "failureMessages": [],
          "fullName": "<AtomicCarousel /> Should show required number of slides",
          "location": null,
          "status": "passed",
          "title": "Should show required number of slides"
        },
        {
          "ancestorTitles": ["<AtomicCarousel />"],
          "failureMessages": [],
          "fullName": "<AtomicCarousel /> Should render heading text correctly",
          "location": null,
          "status": "passed",
          "title": "Should render heading text correctly"
        },
        {
          "ancestorTitles": ["<AtomicCarousel />"],
          "failureMessages": [],
          "fullName": "<AtomicCarousel /> Should render header correctly",
          "location": null,
          "status": "passed",
          "title": "Should render header correctly"
        },
        {
          "ancestorTitles": ["<AtomicCarousel />"],
          "failureMessages": [],
          "fullName": "<AtomicCarousel /> Should render animation correctly",
          "location": null,
          "status": "passed",
          "title": "Should render animation correctly"
        }
      ],
      "endTime": 1576428667993,
      "message": "",
      "name": "C:\\Users\\Aman Jain\\sites\\atomic-react-components\\lib\\components\\molecules\\AtomicCarousel\\tests\\AtomicCarousel.test.js",
      "startTime": 1576428664147,
      "status": "passed",
      "summary": ""
    },
    {
      "assertionResults": [
        {
          "ancestorTitles": ["<Carousel />"],
          "failureMessages": [],
          "fullName": "<Carousel /> should render correctly",
          "location": null,
          "status": "passed",
          "title": "should render correctly"
        },
        {
          "ancestorTitles": ["<Carousel />"],
          "failureMessages": [],
          "fullName": "<Carousel /> should have slider wrapper as one child only",
          "location": null,
          "status": "passed",
          "title": "should have slider wrapper as one child only"
        },
        {
          "ancestorTitles": ["<Carousel />"],
          "failureMessages": [],
          "fullName": "<Carousel /> Children should have first slide as active initially",
          "location": null,
          "status": "passed",
          "title": "Children should have first slide as active initially"
        },
        {
          "ancestorTitles": ["<Carousel />"],
          "failureMessages": [],
          "fullName": "<Carousel /> Should display dots on using <Carousel.Dots> component only",
          "location": null,
          "status": "passed",
          "title": "Should display dots on using <Carousel.Dots> component only"
        },
        {
          "ancestorTitles": ["<Carousel />"],
          "failureMessages": [],
          "fullName": "<Carousel /> Should change slide on click dots",
          "location": null,
          "status": "passed",
          "title": "Should change slide on click dots"
        },
        {
          "ancestorTitles": ["<Carousel />"],
          "failureMessages": [],
          "fullName": "<Carousel /> Should active next slide on click next",
          "location": null,
          "status": "passed",
          "title": "Should active next slide on click next"
        },
        {
          "ancestorTitles": ["<Carousel />"],
          "failureMessages": [],
          "fullName": "<Carousel /> Should active previous slide on key press right arrow",
          "location": null,
          "status": "passed",
          "title": "Should active previous slide on key press right arrow"
        },
        {
          "ancestorTitles": ["<Carousel />"],
          "failureMessages": [],
          "fullName": "<Carousel /> Should active previous slide on click previous",
          "location": null,
          "status": "passed",
          "title": "Should active previous slide on click previous"
        },
        {
          "ancestorTitles": ["<Carousel />"],
          "failureMessages": [],
          "fullName": "<Carousel /> Should active previous slide on key press left",
          "location": null,
          "status": "passed",
          "title": "Should active previous slide on key press left"
        }
      ],
      "endTime": 1576428668701,
      "message": "",
      "name": "C:\\Users\\Aman Jain\\sites\\atomic-react-components\\lib\\components\\molecules\\Carousel\\tests\\Carousel.test.js",
      "startTime": 1576428664147,
      "status": "passed",
      "summary": ""
    }
  ],
  "wasInterrupted": false,
  "coverageMap": {
    "C:\\Users\\Aman Jain\\sites\\atomic-react-components\\lib\\components\\molecules\\AtomicCarousel\\index.js": {
      "path": "C:\\Users\\Aman Jain\\sites\\atomic-react-components\\lib\\components\\molecules\\AtomicCarousel\\index.js",
      "statementMap": {},
      "fnMap": {},
      "branchMap": {},
      "s": {},
      "f": {},
      "b": {},
      "_coverageSchema": "43e27e138ebf9cfc5966b082cf9a028302ed4184",
      "hash": "3b1f5e2ee62c308d1bc24699c7f21d40a3b9ac5d"
    },
    "C:\\Users\\Aman Jain\\sites\\atomic-react-components\\lib\\components\\molecules\\AtomicCarousel\\AtomicCarousel.js": {
      "path": "C:\\Users\\Aman Jain\\sites\\atomic-react-components\\lib\\components\\molecules\\AtomicCarousel\\AtomicCarousel.js",
      "statementMap": {
        "0": { "start": { "line": 20, "column": 23 }, "end": { "line": 309, "column": 1 } },
        "1": { "start": { "line": 37, "column": 42 }, "end": { "line": 37, "column": 53 } },
        "2": { "start": { "line": 38, "column": 26 }, "end": { "line": 38, "column": 38 } },
        "3": { "start": { "line": 39, "column": 38 }, "end": { "line": 39, "column": 49 } },
        "4": { "start": { "line": 40, "column": 45 }, "end": { "line": 40, "column": 60 } },
        "5": { "start": { "line": 41, "column": 40 }, "end": { "line": 41, "column": 55 } },
        "6": { "start": { "line": 43, "column": 23 }, "end": { "line": 43, "column": 72 } },
        "7": { "start": { "line": 43, "column": 56 }, "end": { "line": 43, "column": 71 } },
        "8": { "start": { "line": 44, "column": 21 }, "end": { "line": 46, "column": 4 } },
        "9": { "start": { "line": 45, "column": 4 }, "end": { "line": 45, "column": 38 } },
        "10": { "start": { "line": 47, "column": 21 }, "end": { "line": 49, "column": 4 } },
        "11": { "start": { "line": 48, "column": 4 }, "end": { "line": 48, "column": 38 } },
        "12": { "start": { "line": 50, "column": 26 }, "end": { "line": 53, "column": 4 } },
        "13": { "start": { "line": 51, "column": 4 }, "end": { "line": 51, "column": 38 } },
        "14": { "start": { "line": 52, "column": 4 }, "end": { "line": 52, "column": 40 } },
        "15": { "start": { "line": 55, "column": 2 }, "end": { "line": 75, "column": 9 } },
        "16": { "start": { "line": 56, "column": 4 }, "end": { "line": 74, "column": 5 } },
        "17": { "start": { "line": 57, "column": 14 }, "end": { "line": 57, "column": 15 } },
        "18": { "start": { "line": 58, "column": 23 }, "end": { "line": 58, "column": 25 } },
        "19": { "start": { "line": 59, "column": 6 }, "end": { "line": 66, "column": 7 } },
        "20": { "start": { "line": 60, "column": 8 }, "end": { "line": 60, "column": 46 } },
        "21": { "start": { "line": 62, "column": 8 }, "end": { "line": 65, "column": 11 } },
        "22": { "start": { "line": 63, "column": 10 }, "end": { "line": 63, "column": 17 } },
        "23": { "start": { "line": 64, "column": 10 }, "end": { "line": 64, "column": 36 } },
        "24": { "start": { "line": 68, "column": 6 }, "end": { "line": 68, "column": 26 } },
        "25": { "start": { "line": 69, "column": 6 }, "end": { "line": 69, "column": 66 } },
        "26": { "start": { "line": 70, "column": 6 }, "end": { "line": 73, "column": 7 } },
        "27": { "start": { "line": 71, "column": 8 }, "end": { "line": 71, "column": 27 } },
        "28": { "start": { "line": 72, "column": 8 }, "end": { "line": 72, "column": 29 } },
        "29": { "start": { "line": 78, "column": 4 }, "end": { "line": 80, "column": 5 } },
        "30": { "start": { "line": 79, "column": 6 }, "end": { "line": 79, "column": 19 } },
        "31": { "start": { "line": 83, "column": 2 }, "end": { "line": 89, "column": 4 } },
        "32": { "start": { "line": 85, "column": 27 }, "end": { "line": 85, "column": 73 } },
        "33": { "start": { "line": 86, "column": 6 }, "end": { "line": 86, "column": 40 } },
        "34": { "start": { "line": 100, "column": 26 }, "end": { "line": 100, "column": 28 } },
        "35": { "start": { "line": 102, "column": 4 }, "end": { "line": 115, "column": 5 } },
        "36": { "start": { "line": 102, "column": 18 }, "end": { "line": 102, "column": 19 } },
        "37": { "start": { "line": 103, "column": 6 }, "end": { "line": 114, "column": 8 } },
        "38": { "start": { "line": 107, "column": 27 }, "end": { "line": 107, "column": 52 } },
        "39": { "start": { "line": 117, "column": 4 }, "end": { "line": 117, "column": 25 } },
        "40": { "start": { "line": 131, "column": 18 }, "end": { "line": 137, "column": 3 } },
        "41": { "start": { "line": 132, "column": 4 }, "end": { "line": 136, "column": 6 } },
        "42": { "start": { "line": 145, "column": 23 }, "end": { "line": 149, "column": 3 } },
        "43": { "start": { "line": 146, "column": 4 }, "end": { "line": 148, "column": 10 } },
        "44": { "start": { "line": 164, "column": 27 }, "end": { "line": 177, "column": 3 } },
        "45": { "start": { "line": 165, "column": 23 }, "end": { "line": 165, "column": 25 } },
        "46": { "start": { "line": 166, "column": 18 }, "end": { "line": 166, "column": 74 } },
        "47": { "start": { "line": 168, "column": 4 }, "end": { "line": 174, "column": 5 } },
        "48": { "start": { "line": 169, "column": 6 }, "end": { "line": 171, "column": 7 } },
        "49": { "start": { "line": 169, "column": 19 }, "end": { "line": 169, "column": 24 } },
        "50": { "start": { "line": 170, "column": 8 }, "end": { "line": 170, "column": 53 } },
        "51": { "start": { "line": 173, "column": 6 }, "end": { "line": 173, "column": 64 } },
        "52": { "start": { "line": 176, "column": 4 }, "end": { "line": 176, "column": 22 } },
        "53": { "start": { "line": 185, "column": 24 }, "end": { "line": 189, "column": 3 } },
        "54": { "start": { "line": 186, "column": 4 }, "end": { "line": 188, "column": 5 } },
        "55": { "start": { "line": 187, "column": 6 }, "end": { "line": 187, "column": 19 } },
        "56": { "start": { "line": 197, "column": 27 }, "end": { "line": 201, "column": 3 } },
        "57": { "start": { "line": 198, "column": 4 }, "end": { "line": 200, "column": 5 } },
        "58": { "start": { "line": 199, "column": 6 }, "end": { "line": 199, "column": 26 } },
        "59": { "start": { "line": 209, "column": 27 }, "end": { "line": 213, "column": 3 } },
        "60": { "start": { "line": 210, "column": 4 }, "end": { "line": 212, "column": 5 } },
        "61": { "start": { "line": 211, "column": 6 }, "end": { "line": 211, "column": 25 } },
        "62": { "start": { "line": 218, "column": 27 }, "end": { "line": 268, "column": 3 } },
        "63": { "start": { "line": 219, "column": 4 }, "end": { "line": 267, "column": 6 } },
        "64": { "start": { "line": 270, "column": 20 }, "end": { "line": 278, "column": 3 } },
        "65": { "start": { "line": 271, "column": 4 }, "end": { "line": 277, "column": 6 } },
        "66": { "start": { "line": 280, "column": 25 }, "end": { "line": 286, "column": 3 } },
        "67": { "start": { "line": 281, "column": 4 }, "end": { "line": 285, "column": 6 } },
        "68": { "start": { "line": 288, "column": 28 }, "end": { "line": 296, "column": 3 } },
        "69": { "start": { "line": 289, "column": 4 }, "end": { "line": 295, "column": 6 } },
        "70": { "start": { "line": 298, "column": 2 }, "end": { "line": 308, "column": 4 } },
        "71": { "start": { "line": 311, "column": 0 }, "end": { "line": 327, "column": 2 } }
      },
      "fnMap": {
        "0": {
          "name": "(anonymous_0)",
          "decl": { "start": { "line": 20, "column": 23 }, "end": { "line": 20, "column": 24 } },
          "loc": { "start": { "line": 36, "column": 19 }, "end": { "line": 309, "column": 1 } },
          "line": 36
        },
        "1": {
          "name": "(anonymous_1)",
          "decl": { "start": { "line": 43, "column": 35 }, "end": { "line": 43, "column": 36 } },
          "loc": { "start": { "line": 43, "column": 56 }, "end": { "line": 43, "column": 71 } },
          "line": 43
        },
        "2": {
          "name": "(anonymous_2)",
          "decl": { "start": { "line": 44, "column": 33 }, "end": { "line": 44, "column": 34 } },
          "loc": { "start": { "line": 44, "column": 39 }, "end": { "line": 46, "column": 3 } },
          "line": 44
        },
        "3": {
          "name": "(anonymous_3)",
          "decl": { "start": { "line": 47, "column": 33 }, "end": { "line": 47, "column": 34 } },
          "loc": { "start": { "line": 47, "column": 39 }, "end": { "line": 49, "column": 3 } },
          "line": 47
        },
        "4": {
          "name": "(anonymous_4)",
          "decl": { "start": { "line": 50, "column": 38 }, "end": { "line": 50, "column": 39 } },
          "loc": { "start": { "line": 50, "column": 44 }, "end": { "line": 53, "column": 3 } },
          "line": 50
        },
        "5": {
          "name": "(anonymous_5)",
          "decl": { "start": { "line": 55, "column": 12 }, "end": { "line": 55, "column": 13 } },
          "loc": { "start": { "line": 55, "column": 18 }, "end": { "line": 75, "column": 3 } },
          "line": 55
        },
        "6": {
          "name": "(anonymous_6)",
          "decl": { "start": { "line": 62, "column": 34 }, "end": { "line": 62, "column": 35 } },
          "loc": { "start": { "line": 62, "column": 42 }, "end": { "line": 65, "column": 9 } },
          "line": 62
        },
        "7": {
          "name": "handlePreviousKey",
          "decl": { "start": { "line": 77, "column": 11 }, "end": { "line": 77, "column": 28 } },
          "loc": { "start": { "line": 77, "column": 36 }, "end": { "line": 81, "column": 3 } },
          "line": 77
        },
        "8": {
          "name": "(anonymous_8)",
          "decl": { "start": { "line": 84, "column": 4 }, "end": { "line": 84, "column": 5 } },
          "loc": { "start": { "line": 84, "column": 10 }, "end": { "line": 87, "column": 5 } },
          "line": 84
        },
        "9": {
          "name": "getSliderDots",
          "decl": { "start": { "line": 99, "column": 11 }, "end": { "line": 99, "column": 24 } },
          "loc": { "start": { "line": 99, "column": 47 }, "end": { "line": 118, "column": 3 } },
          "line": 99
        },
        "10": {
          "name": "(anonymous_10)",
          "decl": { "start": { "line": 107, "column": 21 }, "end": { "line": 107, "column": 22 } },
          "loc": { "start": { "line": 107, "column": 27 }, "end": { "line": 107, "column": 52 } },
          "line": 107
        },
        "11": {
          "name": "(anonymous_11)",
          "decl": { "start": { "line": 131, "column": 18 }, "end": { "line": 131, "column": 19 } },
          "loc": { "start": { "line": 131, "column": 44 }, "end": { "line": 137, "column": 3 } },
          "line": 131
        },
        "12": {
          "name": "(anonymous_12)",
          "decl": { "start": { "line": 145, "column": 23 }, "end": { "line": 145, "column": 24 } },
          "loc": { "start": { "line": 146, "column": 4 }, "end": { "line": 148, "column": 10 } },
          "line": 146
        },
        "13": {
          "name": "(anonymous_13)",
          "decl": { "start": { "line": 164, "column": 27 }, "end": { "line": 164, "column": 28 } },
          "loc": { "start": { "line": 164, "column": 65 }, "end": { "line": 177, "column": 3 } },
          "line": 164
        },
        "14": {
          "name": "(anonymous_14)",
          "decl": { "start": { "line": 185, "column": 24 }, "end": { "line": 185, "column": 25 } },
          "loc": { "start": { "line": 185, "column": 33 }, "end": { "line": 189, "column": 3 } },
          "line": 185
        },
        "15": {
          "name": "(anonymous_15)",
          "decl": { "start": { "line": 197, "column": 27 }, "end": { "line": 197, "column": 28 } },
          "loc": { "start": { "line": 197, "column": 33 }, "end": { "line": 201, "column": 3 } },
          "line": 197
        },
        "16": {
          "name": "(anonymous_16)",
          "decl": { "start": { "line": 209, "column": 27 }, "end": { "line": 209, "column": 28 } },
          "loc": { "start": { "line": 209, "column": 33 }, "end": { "line": 213, "column": 3 } },
          "line": 209
        },
        "17": {
          "name": "(anonymous_17)",
          "decl": { "start": { "line": 218, "column": 27 }, "end": { "line": 218, "column": 28 } },
          "loc": { "start": { "line": 218, "column": 33 }, "end": { "line": 268, "column": 3 } },
          "line": 218
        },
        "18": {
          "name": "(anonymous_18)",
          "decl": { "start": { "line": 270, "column": 20 }, "end": { "line": 270, "column": 21 } },
          "loc": { "start": { "line": 270, "column": 26 }, "end": { "line": 278, "column": 3 } },
          "line": 270
        },
        "19": {
          "name": "(anonymous_19)",
          "decl": { "start": { "line": 280, "column": 25 }, "end": { "line": 280, "column": 26 } },
          "loc": { "start": { "line": 280, "column": 31 }, "end": { "line": 286, "column": 3 } },
          "line": 280
        },
        "20": {
          "name": "(anonymous_20)",
          "decl": { "start": { "line": 288, "column": 28 }, "end": { "line": 288, "column": 29 } },
          "loc": { "start": { "line": 288, "column": 34 }, "end": { "line": 296, "column": 3 } },
          "line": 288
        }
      },
      "branchMap": {
        "0": {
          "loc": { "start": { "line": 56, "column": 4 }, "end": { "line": 74, "column": 5 } },
          "type": "if",
          "locations": [
            { "start": { "line": 56, "column": 4 }, "end": { "line": 74, "column": 5 } },
            { "start": { "line": 56, "column": 4 }, "end": { "line": 74, "column": 5 } }
          ],
          "line": 56
        },
        "1": {
          "loc": { "start": { "line": 59, "column": 6 }, "end": { "line": 66, "column": 7 } },
          "type": "if",
          "locations": [
            { "start": { "line": 59, "column": 6 }, "end": { "line": 66, "column": 7 } },
            { "start": { "line": 59, "column": 6 }, "end": { "line": 66, "column": 7 } }
          ],
          "line": 59
        },
        "2": {
          "loc": { "start": { "line": 59, "column": 10 }, "end": { "line": 59, "column": 60 } },
          "type": "binary-expr",
          "locations": [
            { "start": { "line": 59, "column": 10 }, "end": { "line": 59, "column": 32 } },
            { "start": { "line": 59, "column": 36 }, "end": { "line": 59, "column": 60 } }
          ],
          "line": 59
        },
        "3": {
          "loc": { "start": { "line": 70, "column": 6 }, "end": { "line": 73, "column": 7 } },
          "type": "if",
          "locations": [
            { "start": { "line": 70, "column": 6 }, "end": { "line": 73, "column": 7 } },
            { "start": { "line": 70, "column": 6 }, "end": { "line": 73, "column": 7 } }
          ],
          "line": 70
        },
        "4": {
          "loc": { "start": { "line": 78, "column": 4 }, "end": { "line": 80, "column": 5 } },
          "type": "if",
          "locations": [
            { "start": { "line": 78, "column": 4 }, "end": { "line": 80, "column": 5 } },
            { "start": { "line": 78, "column": 4 }, "end": { "line": 80, "column": 5 } }
          ],
          "line": 78
        },
        "5": {
          "loc": { "start": { "line": 85, "column": 27 }, "end": { "line": 85, "column": 73 } },
          "type": "cond-expr",
          "locations": [
            { "start": { "line": 85, "column": 57 }, "end": { "line": 85, "column": 69 } },
            { "start": { "line": 85, "column": 72 }, "end": { "line": 85, "column": 73 } }
          ],
          "line": 85
        },
        "6": {
          "loc": { "start": { "line": 88, "column": 4 }, "end": { "line": 88, "column": 51 } },
          "type": "cond-expr",
          "locations": [
            { "start": { "line": 88, "column": 25 }, "end": { "line": 88, "column": 44 } },
            { "start": { "line": 88, "column": 47 }, "end": { "line": 88, "column": 51 } }
          ],
          "line": 88
        },
        "7": {
          "loc": { "start": { "line": 145, "column": 31 }, "end": { "line": 145, "column": 37 } },
          "type": "default-arg",
          "locations": [
            { "start": { "line": 145, "column": 36 }, "end": { "line": 145, "column": 37 } }
          ],
          "line": 145
        },
        "8": {
          "loc": { "start": { "line": 166, "column": 18 }, "end": { "line": 166, "column": 74 } },
          "type": "cond-expr",
          "locations": [
            { "start": { "line": 166, "column": 40 }, "end": { "line": 166, "column": 41 } },
            { "start": { "line": 166, "column": 44 }, "end": { "line": 166, "column": 74 } }
          ],
          "line": 166
        },
        "9": {
          "loc": { "start": { "line": 168, "column": 4 }, "end": { "line": 174, "column": 5 } },
          "type": "if",
          "locations": [
            { "start": { "line": 168, "column": 4 }, "end": { "line": 174, "column": 5 } },
            { "start": { "line": 168, "column": 4 }, "end": { "line": 174, "column": 5 } }
          ],
          "line": 168
        },
        "10": {
          "loc": { "start": { "line": 186, "column": 4 }, "end": { "line": 188, "column": 5 } },
          "type": "if",
          "locations": [
            { "start": { "line": 186, "column": 4 }, "end": { "line": 188, "column": 5 } },
            { "start": { "line": 186, "column": 4 }, "end": { "line": 188, "column": 5 } }
          ],
          "line": 186
        },
        "11": {
          "loc": { "start": { "line": 198, "column": 4 }, "end": { "line": 200, "column": 5 } },
          "type": "if",
          "locations": [
            { "start": { "line": 198, "column": 4 }, "end": { "line": 200, "column": 5 } },
            { "start": { "line": 198, "column": 4 }, "end": { "line": 200, "column": 5 } }
          ],
          "line": 198
        },
        "12": {
          "loc": { "start": { "line": 210, "column": 4 }, "end": { "line": 212, "column": 5 } },
          "type": "if",
          "locations": [
            { "start": { "line": 210, "column": 4 }, "end": { "line": 212, "column": 5 } },
            { "start": { "line": 210, "column": 4 }, "end": { "line": 212, "column": 5 } }
          ],
          "line": 210
        },
        "13": {
          "loc": { "start": { "line": 221, "column": 9 }, "end": { "line": 265, "column": 9 } },
          "type": "binary-expr",
          "locations": [
            { "start": { "line": 221, "column": 9 }, "end": { "line": 221, "column": 26 } },
            { "start": { "line": 222, "column": 10 }, "end": { "line": 264, "column": 13 } }
          ],
          "line": 221
        },
        "14": {
          "loc": { "start": { "line": 223, "column": 13 }, "end": { "line": 239, "column": 13 } },
          "type": "binary-expr",
          "locations": [
            { "start": { "line": 223, "column": 13 }, "end": { "line": 223, "column": 23 } },
            { "start": { "line": 224, "column": 14 }, "end": { "line": 238, "column": 20 } }
          ],
          "line": 223
        },
        "15": {
          "loc": { "start": { "line": 242, "column": 24 }, "end": { "line": 242, "column": 50 } },
          "type": "binary-expr",
          "locations": [
            { "start": { "line": 242, "column": 24 }, "end": { "line": 242, "column": 28 } },
            { "start": { "line": 242, "column": 32 }, "end": { "line": 242, "column": 50 } }
          ],
          "line": 242
        },
        "16": {
          "loc": { "start": { "line": 249, "column": 13 }, "end": { "line": 263, "column": 13 } },
          "type": "binary-expr",
          "locations": [
            { "start": { "line": 249, "column": 13 }, "end": { "line": 249, "column": 23 } },
            { "start": { "line": 250, "column": 14 }, "end": { "line": 262, "column": 20 } }
          ],
          "line": 249
        },
        "17": {
          "loc": { "start": { "line": 301, "column": 9 }, "end": { "line": 301, "column": 37 } },
          "type": "binary-expr",
          "locations": [
            { "start": { "line": 301, "column": 9 }, "end": { "line": 301, "column": 22 } },
            { "start": { "line": 301, "column": 26 }, "end": { "line": 301, "column": 37 } }
          ],
          "line": 301
        },
        "18": {
          "loc": { "start": { "line": 303, "column": 9 }, "end": { "line": 303, "column": 55 } },
          "type": "binary-expr",
          "locations": [
            { "start": { "line": 303, "column": 9 }, "end": { "line": 303, "column": 13 } },
            { "start": { "line": 303, "column": 17 }, "end": { "line": 303, "column": 55 } }
          ],
          "line": 303
        }
      },
      "s": {
        "0": 1,
        "1": 34,
        "2": 34,
        "3": 34,
        "4": 34,
        "5": 34,
        "6": 34,
        "7": 1,
        "8": 34,
        "9": 1,
        "10": 34,
        "11": 5,
        "12": 34,
        "13": 0,
        "14": 0,
        "15": 34,
        "16": 12,
        "17": 12,
        "18": 12,
        "19": 12,
        "20": 0,
        "21": 12,
        "22": 48,
        "23": 48,
        "24": 12,
        "25": 12,
        "26": 12,
        "27": 12,
        "28": 12,
        "29": 0,
        "30": 0,
        "31": 34,
        "32": 0,
        "33": 0,
        "34": 34,
        "35": 34,
        "36": 34,
        "37": 88,
        "38": 1,
        "39": 34,
        "40": 34,
        "41": 34,
        "42": 34,
        "43": 23,
        "44": 34,
        "45": 22,
        "46": 22,
        "47": 22,
        "48": 1,
        "49": 1,
        "50": 2,
        "51": 21,
        "52": 22,
        "53": 34,
        "54": 2,
        "55": 2,
        "56": 34,
        "57": 0,
        "58": 0,
        "59": 34,
        "60": 0,
        "61": 0,
        "62": 34,
        "63": 34,
        "64": 34,
        "65": 34,
        "66": 34,
        "67": 34,
        "68": 34,
        "69": 34,
        "70": 34,
        "71": 1
      },
      "f": {
        "0": 34,
        "1": 1,
        "2": 1,
        "3": 5,
        "4": 0,
        "5": 12,
        "6": 48,
        "7": 0,
        "8": 0,
        "9": 34,
        "10": 1,
        "11": 34,
        "12": 23,
        "13": 22,
        "14": 2,
        "15": 0,
        "16": 0,
        "17": 34,
        "18": 34,
        "19": 34,
        "20": 34
      },
      "b": {
        "0": [12, 0],
        "1": [0, 12],
        "2": [12, 12],
        "3": [12, 0],
        "4": [0, 0],
        "5": [0, 0],
        "6": [22, 12],
        "7": [21],
        "8": [15, 7],
        "9": [1, 21],
        "10": [2, 0],
        "11": [0, 0],
        "12": [0, 0],
        "13": [34, 22],
        "14": [22, 22],
        "15": [22, 22],
        "16": [22, 22],
        "17": [34, 34],
        "18": [34, 34]
      },
      "_coverageSchema": "43e27e138ebf9cfc5966b082cf9a028302ed4184",
      "hash": "cfb6eacf7f411f4cb7b8490eebc1fd5e7bf7d7ba"
    },
    "C:\\Users\\Aman Jain\\sites\\atomic-react-components\\lib\\components\\molecules\\AtomicCarousel\\AtomicCarousel.style.js": {
      "path": "C:\\Users\\Aman Jain\\sites\\atomic-react-components\\lib\\components\\molecules\\AtomicCarousel\\AtomicCarousel.style.js",
      "statementMap": {
        "0": { "start": { "line": 3, "column": 15 }, "end": { "line": 24, "column": 1 } },
        "1": { "start": { "line": 21, "column": 27 }, "end": { "line": 21, "column": 52 } }
      },
      "fnMap": {
        "0": {
          "name": "(anonymous_0)",
          "decl": { "start": { "line": 21, "column": 18 }, "end": { "line": 21, "column": 19 } },
          "loc": { "start": { "line": 21, "column": 27 }, "end": { "line": 21, "column": 52 } },
          "line": 21
        }
      },
      "branchMap": {},
      "s": { "0": 1, "1": 15 },
      "f": { "0": 15 },
      "b": {},
      "_coverageSchema": "43e27e138ebf9cfc5966b082cf9a028302ed4184",
      "hash": "a4b67e4670dd58ddfc1502ca7b12abcc7c4b92cd"
    },
    "C:\\Users\\Aman Jain\\sites\\atomic-react-components\\lib\\components\\molecules\\List\\index.js": {
      "path": "C:\\Users\\Aman Jain\\sites\\atomic-react-components\\lib\\components\\molecules\\List\\index.js",
      "statementMap": {},
      "fnMap": {},
      "branchMap": {},
      "s": {},
      "f": {},
      "b": {},
      "_coverageSchema": "43e27e138ebf9cfc5966b082cf9a028302ed4184",
      "hash": "5fe53428cbdc59c76434a71514db84a83ca3e1dc"
    },
    "C:\\Users\\Aman Jain\\sites\\atomic-react-components\\lib\\components\\molecules\\List\\List.js": {
      "path": "C:\\Users\\Aman Jain\\sites\\atomic-react-components\\lib\\components\\molecules\\List\\List.js",
      "statementMap": {
        "0": { "start": { "line": 26, "column": 13 }, "end": { "line": 41, "column": 1 } },
        "1": { "start": { "line": 38, "column": 2 }, "end": { "line": 40, "column": 13 } },
        "2": { "start": { "line": 43, "column": 0 }, "end": { "line": 52, "column": 2 } }
      },
      "fnMap": {
        "0": {
          "name": "(anonymous_0)",
          "decl": { "start": { "line": 26, "column": 13 }, "end": { "line": 26, "column": 14 } },
          "loc": { "start": { "line": 38, "column": 2 }, "end": { "line": 40, "column": 13 } },
          "line": 38
        }
      },
      "branchMap": {
        "0": {
          "loc": { "start": { "line": 28, "column": 2 }, "end": { "line": 28, "column": 17 } },
          "type": "default-arg",
          "locations": [
            { "start": { "line": 28, "column": 13 }, "end": { "line": 28, "column": 17 } }
          ],
          "line": 28
        }
      },
      "s": { "0": 2, "1": 55, "2": 2 },
      "f": { "0": 55 },
      "b": { "0": [0] },
      "_coverageSchema": "43e27e138ebf9cfc5966b082cf9a028302ed4184",
      "hash": "5705f2092a42b3ade6ef713ec41c8c536f0c9ca0"
    },
    "C:\\Users\\Aman Jain\\sites\\atomic-react-components\\lib\\components\\molecules\\List\\List.style.js": {
      "path": "C:\\Users\\Aman Jain\\sites\\atomic-react-components\\lib\\components\\molecules\\List\\List.style.js",
      "statementMap": {
        "0": { "start": { "line": 4, "column": 25 }, "end": { "line": 4, "column": 51 } },
        "1": { "start": { "line": 6, "column": 30 }, "end": { "line": 6, "column": 56 } },
        "2": { "start": { "line": 9, "column": 4 }, "end": { "line": 15, "column": 10 } },
        "3": { "start": { "line": 18, "column": 4 }, "end": { "line": 24, "column": 10 } },
        "4": { "start": { "line": 27, "column": 4 }, "end": { "line": 32, "column": 10 } },
        "5": { "start": { "line": 35, "column": 4 }, "end": { "line": 42, "column": 10 } },
        "6": { "start": { "line": 45, "column": 4 }, "end": { "line": 61, "column": 10 } },
        "7": { "start": { "line": 63, "column": 14 }, "end": { "line": 63, "column": 64 } }
      },
      "fnMap": {
        "0": {
          "name": "(anonymous_0)",
          "decl": { "start": { "line": 4, "column": 16 }, "end": { "line": 4, "column": 17 } },
          "loc": { "start": { "line": 4, "column": 25 }, "end": { "line": 4, "column": 51 } },
          "line": 4
        },
        "1": {
          "name": "(anonymous_1)",
          "decl": { "start": { "line": 6, "column": 21 }, "end": { "line": 6, "column": 22 } },
          "loc": { "start": { "line": 6, "column": 30 }, "end": { "line": 6, "column": 56 } },
          "line": 6
        },
        "2": {
          "name": "(anonymous_2)",
          "decl": { "start": { "line": 8, "column": 4 }, "end": { "line": 8, "column": 5 } },
          "loc": { "start": { "line": 9, "column": 4 }, "end": { "line": 15, "column": 10 } },
          "line": 9
        },
        "3": {
          "name": "(anonymous_3)",
          "decl": { "start": { "line": 17, "column": 4 }, "end": { "line": 17, "column": 5 } },
          "loc": { "start": { "line": 18, "column": 4 }, "end": { "line": 24, "column": 10 } },
          "line": 18
        },
        "4": {
          "name": "(anonymous_4)",
          "decl": { "start": { "line": 26, "column": 4 }, "end": { "line": 26, "column": 5 } },
          "loc": { "start": { "line": 27, "column": 4 }, "end": { "line": 32, "column": 10 } },
          "line": 27
        },
        "5": {
          "name": "(anonymous_5)",
          "decl": { "start": { "line": 34, "column": 4 }, "end": { "line": 34, "column": 5 } },
          "loc": { "start": { "line": 35, "column": 4 }, "end": { "line": 42, "column": 10 } },
          "line": 35
        },
        "6": {
          "name": "(anonymous_6)",
          "decl": { "start": { "line": 44, "column": 4 }, "end": { "line": 44, "column": 5 } },
          "loc": { "start": { "line": 45, "column": 4 }, "end": { "line": 61, "column": 10 } },
          "line": 45
        },
        "7": {
          "name": "(anonymous_7)",
          "decl": { "start": { "line": 63, "column": 4 }, "end": { "line": 63, "column": 5 } },
          "loc": { "start": { "line": 63, "column": 14 }, "end": { "line": 63, "column": 64 } },
          "line": 63
        }
      },
      "branchMap": {
        "0": {
          "loc": { "start": { "line": 9, "column": 4 }, "end": { "line": 15, "column": 10 } },
          "type": "cond-expr",
          "locations": [
            { "start": { "line": 10, "column": 8 }, "end": { "line": 14, "column": 7 } },
            { "start": { "line": 15, "column": 8 }, "end": { "line": 15, "column": 10 } }
          ],
          "line": 9
        },
        "1": {
          "loc": { "start": { "line": 18, "column": 4 }, "end": { "line": 24, "column": 10 } },
          "type": "cond-expr",
          "locations": [
            { "start": { "line": 19, "column": 8 }, "end": { "line": 23, "column": 7 } },
            { "start": { "line": 24, "column": 8 }, "end": { "line": 24, "column": 10 } }
          ],
          "line": 18
        },
        "2": {
          "loc": { "start": { "line": 27, "column": 4 }, "end": { "line": 32, "column": 10 } },
          "type": "cond-expr",
          "locations": [
            { "start": { "line": 28, "column": 8 }, "end": { "line": 31, "column": 7 } },
            { "start": { "line": 32, "column": 8 }, "end": { "line": 32, "column": 10 } }
          ],
          "line": 27
        },
        "3": {
          "loc": { "start": { "line": 35, "column": 4 }, "end": { "line": 42, "column": 10 } },
          "type": "cond-expr",
          "locations": [
            { "start": { "line": 36, "column": 8 }, "end": { "line": 41, "column": 7 } },
            { "start": { "line": 42, "column": 8 }, "end": { "line": 42, "column": 10 } }
          ],
          "line": 35
        },
        "4": {
          "loc": { "start": { "line": 45, "column": 4 }, "end": { "line": 61, "column": 10 } },
          "type": "cond-expr",
          "locations": [
            { "start": { "line": 46, "column": 8 }, "end": { "line": 60, "column": 7 } },
            { "start": { "line": 61, "column": 8 }, "end": { "line": 61, "column": 10 } }
          ],
          "line": 45
        },
        "5": {
          "loc": { "start": { "line": 63, "column": 14 }, "end": { "line": 63, "column": 64 } },
          "type": "cond-expr",
          "locations": [
            { "start": { "line": 63, "column": 38 }, "end": { "line": 63, "column": 59 } },
            { "start": { "line": 63, "column": 62 }, "end": { "line": 63, "column": 64 } }
          ],
          "line": 63
        }
      },
      "s": { "0": 0, "1": 0, "2": 0, "3": 0, "4": 0, "5": 0, "6": 0, "7": 0 },
      "f": { "0": 0, "1": 0, "2": 0, "3": 0, "4": 0, "5": 0, "6": 0, "7": 0 },
      "b": { "0": [0, 0], "1": [0, 0], "2": [0, 0], "3": [0, 0], "4": [0, 0], "5": [0, 0] },
      "_coverageSchema": "43e27e138ebf9cfc5966b082cf9a028302ed4184",
      "hash": "1e2d085f5d24ab1e5d77a3ff49a020be2e0a170b"
    },
    "C:\\Users\\Aman Jain\\sites\\atomic-react-components\\lib\\components\\atoms\\Button\\index.js": {
      "path": "C:\\Users\\Aman Jain\\sites\\atomic-react-components\\lib\\components\\atoms\\Button\\index.js",
      "statementMap": {},
      "fnMap": {},
      "branchMap": {},
      "s": {},
      "f": {},
      "b": {},
      "_coverageSchema": "43e27e138ebf9cfc5966b082cf9a028302ed4184",
      "hash": "adea7b3eda695b1c381dc90c91b61353db9bb844"
    },
    "C:\\Users\\Aman Jain\\sites\\atomic-react-components\\lib\\components\\atoms\\Button\\Button.js": {
      "path": "C:\\Users\\Aman Jain\\sites\\atomic-react-components\\lib\\components\\atoms\\Button\\Button.js",
      "statementMap": {
        "0": { "start": { "line": 22, "column": 15 }, "end": { "line": 45, "column": 1 } },
        "1": { "start": { "line": 35, "column": 2 }, "end": { "line": 44, "column": 11 } },
        "2": { "start": { "line": 47, "column": 0 }, "end": { "line": 57, "column": 2 } }
      },
      "fnMap": {
        "0": {
          "name": "(anonymous_0)",
          "decl": { "start": { "line": 22, "column": 15 }, "end": { "line": 22, "column": 16 } },
          "loc": { "start": { "line": 35, "column": 2 }, "end": { "line": 44, "column": 11 } },
          "line": 35
        }
      },
      "branchMap": {
        "0": {
          "loc": { "start": { "line": 36, "column": 16 }, "end": { "line": 36, "column": 33 } },
          "type": "binary-expr",
          "locations": [
            { "start": { "line": 36, "column": 16 }, "end": { "line": 36, "column": 25 } },
            { "start": { "line": 36, "column": 29 }, "end": { "line": 36, "column": 33 } }
          ],
          "line": 36
        },
        "1": {
          "loc": { "start": { "line": 40, "column": 18 }, "end": { "line": 40, "column": 86 } },
          "type": "binary-expr",
          "locations": [
            { "start": { "line": 40, "column": 18 }, "end": { "line": 40, "column": 32 } },
            { "start": { "line": 40, "column": 36 }, "end": { "line": 40, "column": 86 } }
          ],
          "line": 40
        }
      },
      "s": { "0": 2, "1": 256, "2": 2 },
      "f": { "0": 256 },
      "b": { "0": [256, 256], "1": [256, 256] },
      "_coverageSchema": "43e27e138ebf9cfc5966b082cf9a028302ed4184",
      "hash": "a6a6c4f79c22ca21bf27acb01fea9c26368b318e"
    },
    "C:\\Users\\Aman Jain\\sites\\atomic-react-components\\lib\\core\\utils\\elementLocator.js": {
      "path": "C:\\Users\\Aman Jain\\sites\\atomic-react-components\\lib\\core\\utils\\elementLocator.js",
      "statementMap": {
        "0": { "start": { "line": 4, "column": 36 }, "end": { "line": 20, "column": 1 } },
        "1": { "start": { "line": 5, "column": 14 }, "end": { "line": 5, "column": 16 } },
        "2": { "start": { "line": 7, "column": 2 }, "end": { "line": 18, "column": 5 } },
        "3": { "start": { "line": 8, "column": 24 }, "end": { "line": 8, "column": 29 } },
        "4": { "start": { "line": 10, "column": 4 }, "end": { "line": 16, "column": 5 } },
        "5": { "start": { "line": 11, "column": 6 }, "end": { "line": 15, "column": 9 } },
        "6": { "start": { "line": 12, "column": 8 }, "end": { "line": 12, "column": 78 } },
        "7": { "start": { "line": 13, "column": 8 }, "end": { "line": 13, "column": 51 } },
        "8": { "start": { "line": 13, "column": 30 }, "end": { "line": 13, "column": 51 } },
        "9": { "start": { "line": 14, "column": 8 }, "end": { "line": 14, "column": 29 } },
        "10": { "start": { "line": 17, "column": 4 }, "end": { "line": 17, "column": 45 } },
        "11": { "start": { "line": 19, "column": 2 }, "end": { "line": 19, "column": 29 } }
      },
      "fnMap": {
        "0": {
          "name": "(anonymous_0)",
          "decl": { "start": { "line": 4, "column": 36 }, "end": { "line": 4, "column": 37 } },
          "loc": { "start": { "line": 4, "column": 48 }, "end": { "line": 20, "column": 1 } },
          "line": 4
        },
        "1": {
          "name": "(anonymous_1)",
          "decl": { "start": { "line": 7, "column": 34 }, "end": { "line": 7, "column": 35 } },
          "loc": { "start": { "line": 7, "column": 57 }, "end": { "line": 18, "column": 3 } },
          "line": 7
        },
        "2": {
          "name": "(anonymous_2)",
          "decl": { "start": { "line": 11, "column": 28 }, "end": { "line": 11, "column": 29 } },
          "loc": { "start": { "line": 11, "column": 51 }, "end": { "line": 15, "column": 7 } },
          "line": 11
        }
      },
      "branchMap": {
        "0": {
          "loc": { "start": { "line": 10, "column": 4 }, "end": { "line": 16, "column": 5 } },
          "type": "if",
          "locations": [
            { "start": { "line": 10, "column": 4 }, "end": { "line": 16, "column": 5 } },
            { "start": { "line": 10, "column": 4 }, "end": { "line": 16, "column": 5 } }
          ],
          "line": 10
        },
        "1": {
          "loc": { "start": { "line": 12, "column": 20 }, "end": { "line": 12, "column": 67 } },
          "type": "cond-expr",
          "locations": [
            { "start": { "line": 12, "column": 59 }, "end": { "line": 12, "column": 61 } },
            { "start": { "line": 12, "column": 64 }, "end": { "line": 12, "column": 67 } }
          ],
          "line": 12
        },
        "2": {
          "loc": { "start": { "line": 12, "column": 20 }, "end": { "line": 12, "column": 56 } },
          "type": "binary-expr",
          "locations": [
            { "start": { "line": 12, "column": 20 }, "end": { "line": 12, "column": 36 } },
            { "start": { "line": 12, "column": 40 }, "end": { "line": 12, "column": 56 } }
          ],
          "line": 12
        },
        "3": {
          "loc": { "start": { "line": 13, "column": 8 }, "end": { "line": 13, "column": 51 } },
          "type": "if",
          "locations": [
            { "start": { "line": 13, "column": 8 }, "end": { "line": 13, "column": 51 } },
            { "start": { "line": 13, "column": 8 }, "end": { "line": 13, "column": 51 } }
          ],
          "line": 13
        },
        "4": {
          "loc": { "start": { "line": 17, "column": 11 }, "end": { "line": 17, "column": 44 } },
          "type": "binary-expr",
          "locations": [
            { "start": { "line": 17, "column": 11 }, "end": { "line": 17, "column": 24 } },
            { "start": { "line": 17, "column": 28 }, "end": { "line": 17, "column": 44 } }
          ],
          "line": 17
        }
      },
      "s": {
        "0": 2,
        "1": 331,
        "2": 331,
        "3": 331,
        "4": 331,
        "5": 107,
        "6": 108,
        "7": 108,
        "8": 1,
        "9": 108,
        "10": 331,
        "11": 331
      },
      "f": { "0": 331, "1": 331, "2": 108 },
      "b": { "0": [107, 224], "1": [107, 1], "2": [108, 108], "3": [1, 107], "4": [331, 330] },
      "_coverageSchema": "43e27e138ebf9cfc5966b082cf9a028302ed4184",
      "hash": "35215e960b019d4cd82f80383193dc4d3794cd4e"
    },
    "C:\\Users\\Aman Jain\\sites\\atomic-react-components\\lib\\components\\atoms\\Button\\Button.style.js": {
      "path": "C:\\Users\\Aman Jain\\sites\\atomic-react-components\\lib\\components\\atoms\\Button\\Button.style.js",
      "statementMap": {
        "0": { "start": { "line": 3, "column": 21 }, "end": { "line": 33, "column": 1 } },
        "1": { "start": { "line": 8, "column": 22 }, "end": { "line": 8, "column": 64 } },
        "2": { "start": { "line": 9, "column": 13 }, "end": { "line": 13, "column": 3 } },
        "3": { "start": { "line": 14, "column": 13 }, "end": { "line": 14, "column": 69 } },
        "4": { "start": { "line": 16, "column": 4 }, "end": { "line": 21, "column": 10 } },
        "5": { "start": { "line": 22, "column": 13 }, "end": { "line": 22, "column": 48 } },
        "6": { "start": { "line": 32, "column": 14 }, "end": { "line": 32, "column": 64 } }
      },
      "fnMap": {
        "0": {
          "name": "(anonymous_0)",
          "decl": { "start": { "line": 8, "column": 12 }, "end": { "line": 8, "column": 13 } },
          "loc": { "start": { "line": 8, "column": 22 }, "end": { "line": 8, "column": 64 } },
          "line": 8
        },
        "1": {
          "name": "(anonymous_1)",
          "decl": { "start": { "line": 9, "column": 4 }, "end": { "line": 9, "column": 5 } },
          "loc": { "start": { "line": 9, "column": 13 }, "end": { "line": 13, "column": 3 } },
          "line": 9
        },
        "2": {
          "name": "(anonymous_2)",
          "decl": { "start": { "line": 14, "column": 4 }, "end": { "line": 14, "column": 5 } },
          "loc": { "start": { "line": 14, "column": 13 }, "end": { "line": 14, "column": 69 } },
          "line": 14
        },
        "3": {
          "name": "(anonymous_3)",
          "decl": { "start": { "line": 15, "column": 4 }, "end": { "line": 15, "column": 5 } },
          "loc": { "start": { "line": 16, "column": 4 }, "end": { "line": 21, "column": 10 } },
          "line": 16
        },
        "4": {
          "name": "(anonymous_4)",
          "decl": { "start": { "line": 22, "column": 4 }, "end": { "line": 22, "column": 5 } },
          "loc": { "start": { "line": 22, "column": 13 }, "end": { "line": 22, "column": 48 } },
          "line": 22
        },
        "5": {
          "name": "(anonymous_5)",
          "decl": { "start": { "line": 32, "column": 4 }, "end": { "line": 32, "column": 5 } },
          "loc": { "start": { "line": 32, "column": 14 }, "end": { "line": 32, "column": 64 } },
          "line": 32
        }
      },
      "branchMap": {
        "0": {
          "loc": { "start": { "line": 8, "column": 22 }, "end": { "line": 8, "column": 64 } },
          "type": "cond-expr",
          "locations": [
            { "start": { "line": 8, "column": 39 }, "end": { "line": 8, "column": 52 } },
            { "start": { "line": 8, "column": 55 }, "end": { "line": 8, "column": 64 } }
          ],
          "line": 8
        },
        "1": {
          "loc": { "start": { "line": 14, "column": 13 }, "end": { "line": 14, "column": 69 } },
          "type": "binary-expr",
          "locations": [
            { "start": { "line": 14, "column": 13 }, "end": { "line": 14, "column": 28 } },
            { "start": { "line": 14, "column": 32 }, "end": { "line": 14, "column": 69 } }
          ],
          "line": 14
        },
        "2": {
          "loc": { "start": { "line": 16, "column": 4 }, "end": { "line": 21, "column": 10 } },
          "type": "cond-expr",
          "locations": [
            { "start": { "line": 17, "column": 8 }, "end": { "line": 20, "column": 3 } },
            { "start": { "line": 21, "column": 8 }, "end": { "line": 21, "column": 10 } }
          ],
          "line": 16
        },
        "3": {
          "loc": { "start": { "line": 22, "column": 13 }, "end": { "line": 22, "column": 48 } },
          "type": "binary-expr",
          "locations": [
            { "start": { "line": 22, "column": 13 }, "end": { "line": 22, "column": 28 } },
            { "start": { "line": 22, "column": 32 }, "end": { "line": 22, "column": 48 } }
          ],
          "line": 22
        },
        "4": {
          "loc": { "start": { "line": 32, "column": 14 }, "end": { "line": 32, "column": 64 } },
          "type": "cond-expr",
          "locations": [
            { "start": { "line": 32, "column": 38 }, "end": { "line": 32, "column": 59 } },
            { "start": { "line": 32, "column": 62 }, "end": { "line": 32, "column": 64 } }
          ],
          "line": 32
        }
      },
      "s": { "0": 2, "1": 256, "2": 256, "3": 256, "4": 256, "5": 256, "6": 256 },
      "f": { "0": 256, "1": 256, "2": 256, "3": 256, "4": 256, "5": 256 },
      "b": { "0": [27, 229], "1": [256, 0], "2": [0, 256], "3": [256, 0], "4": [0, 256] },
      "_coverageSchema": "43e27e138ebf9cfc5966b082cf9a028302ed4184",
      "hash": "04e555975dc17482888c27473ae6c5a61bcd368f"
    },
    "C:\\Users\\Aman Jain\\sites\\atomic-react-components\\lib\\components\\atoms\\Icon\\index.js": {
      "path": "C:\\Users\\Aman Jain\\sites\\atomic-react-components\\lib\\components\\atoms\\Icon\\index.js",
      "statementMap": {},
      "fnMap": {},
      "branchMap": {},
      "s": {},
      "f": {},
      "b": {},
      "_coverageSchema": "43e27e138ebf9cfc5966b082cf9a028302ed4184",
      "hash": "4420f0ebb85c1e3037a731d629d8f24bd1f5cb1b"
    },
    "C:\\Users\\Aman Jain\\sites\\atomic-react-components\\lib\\components\\atoms\\Icon\\Icon.js": {
      "path": "C:\\Users\\Aman Jain\\sites\\atomic-react-components\\lib\\components\\atoms\\Icon\\Icon.js",
      "statementMap": {
        "0": { "start": { "line": 13, "column": 13 }, "end": { "line": 17, "column": 1 } },
        "1": { "start": { "line": 14, "column": 2 }, "end": { "line": 16, "column": 8 } },
        "2": { "start": { "line": 19, "column": 0 }, "end": { "line": 19, "column": 23 } }
      },
      "fnMap": {
        "0": {
          "name": "(anonymous_0)",
          "decl": { "start": { "line": 13, "column": 13 }, "end": { "line": 13, "column": 14 } },
          "loc": { "start": { "line": 14, "column": 2 }, "end": { "line": 16, "column": 8 } },
          "line": 14
        }
      },
      "branchMap": {},
      "s": { "0": 1, "1": 78, "2": 1 },
      "f": { "0": 78 },
      "b": {},
      "_coverageSchema": "43e27e138ebf9cfc5966b082cf9a028302ed4184",
      "hash": "eecc85795b53101474820c2dc8670d7ae2e5e438"
    },
    "C:\\Users\\Aman Jain\\sites\\atomic-react-components\\lib\\components\\atoms\\Icon\\Icon.style.js": {
      "path": "C:\\Users\\Aman Jain\\sites\\atomic-react-components\\lib\\components\\atoms\\Icon\\Icon.style.js",
      "statementMap": {
        "0": { "start": { "line": 4, "column": 14 }, "end": { "line": 4, "column": 64 } }
      },
      "fnMap": {
        "0": {
          "name": "(anonymous_0)",
          "decl": { "start": { "line": 4, "column": 4 }, "end": { "line": 4, "column": 5 } },
          "loc": { "start": { "line": 4, "column": 14 }, "end": { "line": 4, "column": 64 } },
          "line": 4
        }
      },
      "branchMap": {
        "0": {
          "loc": { "start": { "line": 4, "column": 14 }, "end": { "line": 4, "column": 64 } },
          "type": "cond-expr",
          "locations": [
            { "start": { "line": 4, "column": 38 }, "end": { "line": 4, "column": 59 } },
            { "start": { "line": 4, "column": 62 }, "end": { "line": 4, "column": 64 } }
          ],
          "line": 4
        }
      },
      "s": { "0": 78 },
      "f": { "0": 78 },
      "b": { "0": [0, 78] },
      "_coverageSchema": "43e27e138ebf9cfc5966b082cf9a028302ed4184",
      "hash": "fa20a542083668e9835b84b3da6fc8b53b504792"
    },
    "C:\\Users\\Aman Jain\\sites\\atomic-react-components\\lib\\components\\atoms\\Heading\\index.js": {
      "path": "C:\\Users\\Aman Jain\\sites\\atomic-react-components\\lib\\components\\atoms\\Heading\\index.js",
      "statementMap": {},
      "fnMap": {},
      "branchMap": {},
      "s": {},
      "f": {},
      "b": {},
      "_coverageSchema": "43e27e138ebf9cfc5966b082cf9a028302ed4184",
      "hash": "2f2d860a07a9344e78163e8fffb96750f8a0ebad"
    },
    "C:\\Users\\Aman Jain\\sites\\atomic-react-components\\lib\\components\\atoms\\Heading\\Heading.js": {
      "path": "C:\\Users\\Aman Jain\\sites\\atomic-react-components\\lib\\components\\atoms\\Heading\\Heading.js",
      "statementMap": {
        "0": { "start": { "line": 17, "column": 16 }, "end": { "line": 32, "column": 1 } },
        "1": { "start": { "line": 25, "column": 2 }, "end": { "line": 31, "column": 16 } },
        "2": { "start": { "line": 34, "column": 0 }, "end": { "line": 38, "column": 2 } }
      },
      "fnMap": {
        "0": {
          "name": "(anonymous_0)",
          "decl": { "start": { "line": 17, "column": 16 }, "end": { "line": 17, "column": 17 } },
          "loc": { "start": { "line": 25, "column": 2 }, "end": { "line": 31, "column": 16 } },
          "line": 25
        }
      },
      "branchMap": {
        "0": {
          "loc": { "start": { "line": 20, "column": 2 }, "end": { "line": 20, "column": 20 } },
          "type": "default-arg",
          "locations": [
            { "start": { "line": 20, "column": 16 }, "end": { "line": 20, "column": 20 } }
          ],
          "line": 20
        },
        "1": {
          "loc": { "start": { "line": 27, "column": 18 }, "end": { "line": 27, "column": 94 } },
          "type": "binary-expr",
          "locations": [
            { "start": { "line": 27, "column": 18 }, "end": { "line": 27, "column": 32 } },
            { "start": { "line": 27, "column": 36 }, "end": { "line": 27, "column": 94 } }
          ],
          "line": 27
        }
      },
      "s": { "0": 2, "1": 75, "2": 2 },
      "f": { "0": 75 },
      "b": { "0": [0], "1": [75, 75] },
      "_coverageSchema": "43e27e138ebf9cfc5966b082cf9a028302ed4184",
      "hash": "978c0c8bf3e35d208901ed7acec392395f2c07e9"
    },
    "C:\\Users\\Aman Jain\\sites\\atomic-react-components\\lib\\components\\atoms\\Heading\\Heading.style.js": {
      "path": "C:\\Users\\Aman Jain\\sites\\atomic-react-components\\lib\\components\\atoms\\Heading\\Heading.style.js",
      "statementMap": {
        "0": { "start": { "line": 5, "column": 4 }, "end": { "line": 16, "column": 5 } },
        "1": { "start": { "line": 7, "column": 8 }, "end": { "line": 7, "column": 46 } },
        "2": { "start": { "line": 9, "column": 8 }, "end": { "line": 9, "column": 46 } },
        "3": { "start": { "line": 11, "column": 8 }, "end": { "line": 11, "column": 46 } },
        "4": { "start": { "line": 13, "column": 8 }, "end": { "line": 13, "column": 46 } },
        "5": { "start": { "line": 15, "column": 8 }, "end": { "line": 15, "column": 51 } },
        "6": { "start": { "line": 18, "column": 14 }, "end": { "line": 18, "column": 64 } }
      },
      "fnMap": {
        "0": {
          "name": "(anonymous_0)",
          "decl": { "start": { "line": 4, "column": 4 }, "end": { "line": 4, "column": 5 } },
          "loc": { "start": { "line": 4, "column": 13 }, "end": { "line": 17, "column": 3 } },
          "line": 4
        },
        "1": {
          "name": "(anonymous_1)",
          "decl": { "start": { "line": 18, "column": 4 }, "end": { "line": 18, "column": 5 } },
          "loc": { "start": { "line": 18, "column": 14 }, "end": { "line": 18, "column": 64 } },
          "line": 18
        }
      },
      "branchMap": {
        "0": {
          "loc": { "start": { "line": 5, "column": 4 }, "end": { "line": 16, "column": 5 } },
          "type": "switch",
          "locations": [
            { "start": { "line": 6, "column": 6 }, "end": { "line": 7, "column": 46 } },
            { "start": { "line": 8, "column": 6 }, "end": { "line": 9, "column": 46 } },
            { "start": { "line": 10, "column": 6 }, "end": { "line": 11, "column": 46 } },
            { "start": { "line": 12, "column": 6 }, "end": { "line": 13, "column": 46 } },
            { "start": { "line": 14, "column": 6 }, "end": { "line": 15, "column": 51 } }
          ],
          "line": 5
        },
        "1": {
          "loc": { "start": { "line": 18, "column": 14 }, "end": { "line": 18, "column": 64 } },
          "type": "cond-expr",
          "locations": [
            { "start": { "line": 18, "column": 38 }, "end": { "line": 18, "column": 59 } },
            { "start": { "line": 18, "column": 62 }, "end": { "line": 18, "column": 64 } }
          ],
          "line": 18
        }
      },
      "s": { "0": 34, "1": 0, "2": 0, "3": 0, "4": 0, "5": 34, "6": 34 },
      "f": { "0": 34, "1": 34 },
      "b": { "0": [0, 0, 0, 0, 34], "1": [0, 34] },
      "_coverageSchema": "43e27e138ebf9cfc5966b082cf9a028302ed4184",
      "hash": "901a25497da66b033ca917f9412a81917c803c97"
    },
    "C:\\Users\\Aman Jain\\sites\\atomic-react-components\\lib\\components\\molecules\\AtomicCarousel\\useInterval.hook.js": {
      "path": "C:\\Users\\Aman Jain\\sites\\atomic-react-components\\lib\\components\\molecules\\AtomicCarousel\\useInterval.hook.js",
      "statementMap": {
        "0": { "start": { "line": 4, "column": 24 }, "end": { "line": 4, "column": 32 } },
        "1": { "start": { "line": 7, "column": 2 }, "end": { "line": 9, "column": 17 } },
        "2": { "start": { "line": 8, "column": 4 }, "end": { "line": 8, "column": 37 } },
        "3": { "start": { "line": 12, "column": 2 }, "end": { "line": 22, "column": 14 } },
        "4": { "start": { "line": 14, "column": 6 }, "end": { "line": 14, "column": 30 } },
        "5": { "start": { "line": 16, "column": 4 }, "end": { "line": 19, "column": 5 } },
        "6": { "start": { "line": 17, "column": 17 }, "end": { "line": 17, "column": 41 } },
        "7": { "start": { "line": 18, "column": 6 }, "end": { "line": 18, "column": 37 } },
        "8": { "start": { "line": 18, "column": 19 }, "end": { "line": 18, "column": 36 } },
        "9": { "start": { "line": 21, "column": 4 }, "end": { "line": 21, "column": 21 } }
      },
      "fnMap": {
        "0": {
          "name": "useInterval",
          "decl": { "start": { "line": 3, "column": 24 }, "end": { "line": 3, "column": 35 } },
          "loc": { "start": { "line": 3, "column": 53 }, "end": { "line": 23, "column": 1 } },
          "line": 3
        },
        "1": {
          "name": "(anonymous_1)",
          "decl": { "start": { "line": 7, "column": 12 }, "end": { "line": 7, "column": 13 } },
          "loc": { "start": { "line": 7, "column": 18 }, "end": { "line": 9, "column": 3 } },
          "line": 7
        },
        "2": {
          "name": "(anonymous_2)",
          "decl": { "start": { "line": 12, "column": 12 }, "end": { "line": 12, "column": 13 } },
          "loc": { "start": { "line": 12, "column": 18 }, "end": { "line": 22, "column": 3 } },
          "line": 12
        },
        "3": {
          "name": "tick",
          "decl": { "start": { "line": 13, "column": 13 }, "end": { "line": 13, "column": 17 } },
          "loc": { "start": { "line": 13, "column": 20 }, "end": { "line": 15, "column": 5 } },
          "line": 13
        },
        "4": {
          "name": "(anonymous_4)",
          "decl": { "start": { "line": 18, "column": 13 }, "end": { "line": 18, "column": 14 } },
          "loc": { "start": { "line": 18, "column": 19 }, "end": { "line": 18, "column": 36 } },
          "line": 18
        }
      },
      "branchMap": {
        "0": {
          "loc": { "start": { "line": 16, "column": 4 }, "end": { "line": 19, "column": 5 } },
          "type": "if",
          "locations": [
            { "start": { "line": 16, "column": 4 }, "end": { "line": 19, "column": 5 } },
            { "start": { "line": 16, "column": 4 }, "end": { "line": 19, "column": 5 } }
          ],
          "line": 16
        }
      },
      "s": {
        "0": 34,
        "1": 34,
        "2": 34,
        "3": 34,
        "4": 0,
        "5": 25,
        "6": 13,
        "7": 13,
        "8": 1,
        "9": 12
      },
      "f": { "0": 34, "1": 34, "2": 25, "3": 0, "4": 1 },
      "b": { "0": [13, 12] },
      "_coverageSchema": "43e27e138ebf9cfc5966b082cf9a028302ed4184",
      "hash": "7407195932b6a6cd31e17875ec7da7db615b5f75"
    },
    "C:\\Users\\Aman Jain\\sites\\atomic-react-components\\lib\\components\\molecules\\Carousel\\index.js": {
      "path": "C:\\Users\\Aman Jain\\sites\\atomic-react-components\\lib\\components\\molecules\\Carousel\\index.js",
      "statementMap": {},
      "fnMap": {},
      "branchMap": {},
      "s": {},
      "f": {},
      "b": {},
      "_coverageSchema": "43e27e138ebf9cfc5966b082cf9a028302ed4184",
      "hash": "0723bba3c37edac7471dab23533d0b074ad91e7d"
    },
    "C:\\Users\\Aman Jain\\sites\\atomic-react-components\\lib\\components\\molecules\\Carousel\\Carousel.js": {
      "path": "C:\\Users\\Aman Jain\\sites\\atomic-react-components\\lib\\components\\molecules\\Carousel\\Carousel.js",
      "statementMap": {
        "0": { "start": { "line": 15, "column": 24 }, "end": { "line": 15, "column": 47 } },
        "1": { "start": { "line": 25, "column": 26 }, "end": { "line": 35, "column": 1 } },
        "2": { "start": { "line": 26, "column": 10 }, "end": { "line": 26, "column": 11 } },
        "3": { "start": { "line": 27, "column": 19 }, "end": { "line": 32, "column": 4 } },
        "4": { "start": { "line": 28, "column": 4 }, "end": { "line": 28, "column": 11 } },
        "5": { "start": { "line": 29, "column": 4 }, "end": { "line": 31, "column": 7 } },
        "6": { "start": { "line": 34, "column": 2 }, "end": { "line": 34, "column": 18 } },
        "7": { "start": { "line": 41, "column": 26 }, "end": { "line": 41, "column": 53 } },
        "8": { "start": { "line": 42, "column": 27 }, "end": { "line": 42, "column": 56 } },
        "9": { "start": { "line": 43, "column": 23 }, "end": { "line": 43, "column": 49 } },
        "10": { "start": { "line": 44, "column": 18 }, "end": { "line": 44, "column": 47 } },
        "11": { "start": { "line": 45, "column": 24 }, "end": { "line": 45, "column": 26 } },
        "12": { "start": { "line": 47, "column": 2 }, "end": { "line": 55, "column": 3 } },
        "13": { "start": { "line": 47, "column": 16 }, "end": { "line": 47, "column": 17 } },
        "14": { "start": { "line": 48, "column": 4 }, "end": { "line": 54, "column": 6 } },
        "15": { "start": { "line": 50, "column": 45 }, "end": { "line": 50, "column": 56 } },
        "16": { "start": { "line": 57, "column": 2 }, "end": { "line": 57, "column": 23 } },
        "17": { "start": { "line": 66, "column": 16 }, "end": { "line": 68, "column": 1 } },
        "18": { "start": { "line": 67, "column": 2 }, "end": { "line": 67, "column": 54 } },
        "19": { "start": { "line": 78, "column": 19 }, "end": { "line": 80, "column": 1 } },
        "20": { "start": { "line": 79, "column": 2 }, "end": { "line": 79, "column": 29 } },
        "21": { "start": { "line": 90, "column": 23 }, "end": { "line": 92, "column": 1 } },
        "22": { "start": { "line": 91, "column": 2 }, "end": { "line": 91, "column": 29 } },
        "23": { "start": { "line": 104, "column": 22 }, "end": { "line": 110, "column": 1 } },
        "24": { "start": { "line": 105, "column": 2 }, "end": { "line": 109, "column": 3 } },
        "25": { "start": { "line": 106, "column": 4 }, "end": { "line": 106, "column": 39 } },
        "26": { "start": { "line": 108, "column": 4 }, "end": { "line": 108, "column": 16 } },
        "27": { "start": { "line": 122, "column": 22 }, "end": { "line": 128, "column": 1 } },
        "28": { "start": { "line": 123, "column": 2 }, "end": { "line": 127, "column": 3 } },
        "29": { "start": { "line": 124, "column": 4 }, "end": { "line": 124, "column": 43 } },
        "30": { "start": { "line": 126, "column": 4 }, "end": { "line": 126, "column": 16 } },
        "31": { "start": { "line": 140, "column": 16 }, "end": { "line": 152, "column": 1 } },
        "32": { "start": { "line": 141, "column": 2 }, "end": { "line": 151, "column": 4 } },
        "33": { "start": { "line": 144, "column": 23 }, "end": { "line": 144, "column": 57 } },
        "34": { "start": { "line": 145, "column": 22 }, "end": { "line": 145, "column": 62 } },
        "35": { "start": { "line": 162, "column": 16 }, "end": { "line": 174, "column": 1 } },
        "36": { "start": { "line": 163, "column": 2 }, "end": { "line": 173, "column": 4 } },
        "37": { "start": { "line": 166, "column": 23 }, "end": { "line": 166, "column": 61 } },
        "38": { "start": { "line": 167, "column": 22 }, "end": { "line": 167, "column": 62 } },
        "39": { "start": { "line": 184, "column": 23 }, "end": { "line": 190, "column": 1 } },
        "40": { "start": { "line": 185, "column": 2 }, "end": { "line": 189, "column": 4 } },
        "41": { "start": { "line": 200, "column": 17 }, "end": { "line": 230, "column": 1 } },
        "42": { "start": { "line": 201, "column": 38 }, "end": { "line": 201, "column": 49 } },
        "43": { "start": { "line": 202, "column": 37 }, "end": { "line": 202, "column": 49 } },
        "44": { "start": { "line": 203, "column": 39 }, "end": { "line": 203, "column": 50 } },
        "45": { "start": { "line": 205, "column": 18 }, "end": { "line": 205, "column": 64 } },
        "46": { "start": { "line": 205, "column": 26 }, "end": { "line": 205, "column": 64 } },
        "47": { "start": { "line": 207, "column": 16 }, "end": { "line": 214, "column": 3 } },
        "48": { "start": { "line": 216, "column": 2 }, "end": { "line": 229, "column": 4 } },
        "49": { "start": { "line": 240, "column": 0 }, "end": { "line": 254, "column": 2 } },
        "50": { "start": { "line": 241, "column": 23 }, "end": { "line": 241, "column": 50 } },
        "51": { "start": { "line": 243, "column": 2 }, "end": { "line": 247, "column": 3 } },
        "52": { "start": { "line": 244, "column": 20 }, "end": { "line": 244, "column": 47 } },
        "53": { "start": { "line": 245, "column": 4 }, "end": { "line": 245, "column": 34 } },
        "54": { "start": { "line": 246, "column": 4 }, "end": { "line": 246, "column": 48 } },
        "55": { "start": { "line": 249, "column": 2 }, "end": { "line": 253, "column": 4 } },
        "56": { "start": { "line": 264, "column": 0 }, "end": { "line": 278, "column": 2 } },
        "57": { "start": { "line": 265, "column": 22 }, "end": { "line": 265, "column": 49 } },
        "58": { "start": { "line": 267, "column": 2 }, "end": { "line": 277, "column": 4 } },
        "59": { "start": { "line": 288, "column": 0 }, "end": { "line": 290, "column": 2 } },
        "60": { "start": { "line": 289, "column": 2 }, "end": { "line": 289, "column": 83 } },
        "61": { "start": { "line": 295, "column": 0 }, "end": { "line": 301, "column": 2 } },
        "62": { "start": { "line": 296, "column": 26 }, "end": { "line": 296, "column": 53 } },
        "63": { "start": { "line": 297, "column": 23 }, "end": { "line": 297, "column": 49 } },
        "64": { "start": { "line": 298, "column": 19 }, "end": { "line": 298, "column": 48 } },
        "65": { "start": { "line": 300, "column": 2 }, "end": { "line": 300, "column": 48 } },
        "66": { "start": { "line": 306, "column": 0 }, "end": { "line": 312, "column": 2 } },
        "67": { "start": { "line": 307, "column": 26 }, "end": { "line": 307, "column": 53 } },
        "68": { "start": { "line": 308, "column": 23 }, "end": { "line": 308, "column": 49 } },
        "69": { "start": { "line": 309, "column": 19 }, "end": { "line": 309, "column": 48 } },
        "70": { "start": { "line": 311, "column": 2 }, "end": { "line": 311, "column": 48 } },
        "71": { "start": { "line": 314, "column": 0 }, "end": { "line": 318, "column": 2 } },
        "72": { "start": { "line": 320, "column": 0 }, "end": { "line": 320, "column": 37 } },
        "73": { "start": { "line": 321, "column": 0 }, "end": { "line": 321, "column": 35 } }
      },
      "fnMap": {
        "0": {
          "name": "(anonymous_0)",
          "decl": { "start": { "line": 25, "column": 26 }, "end": { "line": 25, "column": 27 } },
          "loc": { "start": { "line": 25, "column": 36 }, "end": { "line": 35, "column": 1 } },
          "line": 25
        },
        "1": {
          "name": "(anonymous_1)",
          "decl": { "start": { "line": 27, "column": 46 }, "end": { "line": 27, "column": 47 } },
          "loc": { "start": { "line": 27, "column": 55 }, "end": { "line": 32, "column": 3 } },
          "line": 27
        },
        "2": {
          "name": "getSliderDots",
          "decl": { "start": { "line": 40, "column": 9 }, "end": { "line": 40, "column": 22 } },
          "loc": { "start": { "line": 40, "column": 25 }, "end": { "line": 58, "column": 1 } },
          "line": 40
        },
        "3": {
          "name": "(anonymous_3)",
          "decl": { "start": { "line": 50, "column": 39 }, "end": { "line": 50, "column": 40 } },
          "loc": { "start": { "line": 50, "column": 45 }, "end": { "line": 50, "column": 56 } },
          "line": 50
        },
        "4": {
          "name": "(anonymous_4)",
          "decl": { "start": { "line": 66, "column": 16 }, "end": { "line": 66, "column": 17 } },
          "loc": { "start": { "line": 66, "column": 22 }, "end": { "line": 68, "column": 1 } },
          "line": 66
        },
        "5": {
          "name": "(anonymous_5)",
          "decl": { "start": { "line": 78, "column": 19 }, "end": { "line": 78, "column": 20 } },
          "loc": { "start": { "line": 78, "column": 47 }, "end": { "line": 80, "column": 1 } },
          "line": 78
        },
        "6": {
          "name": "(anonymous_6)",
          "decl": { "start": { "line": 90, "column": 23 }, "end": { "line": 90, "column": 24 } },
          "loc": { "start": { "line": 90, "column": 51 }, "end": { "line": 92, "column": 1 } },
          "line": 90
        },
        "7": {
          "name": "(anonymous_7)",
          "decl": { "start": { "line": 104, "column": 22 }, "end": { "line": 104, "column": 23 } },
          "loc": { "start": { "line": 104, "column": 53 }, "end": { "line": 110, "column": 1 } },
          "line": 104
        },
        "8": {
          "name": "(anonymous_8)",
          "decl": { "start": { "line": 122, "column": 22 }, "end": { "line": 122, "column": 23 } },
          "loc": { "start": { "line": 122, "column": 53 }, "end": { "line": 128, "column": 1 } },
          "line": 122
        },
        "9": {
          "name": "(anonymous_9)",
          "decl": { "start": { "line": 140, "column": 16 }, "end": { "line": 140, "column": 17 } },
          "loc": { "start": { "line": 140, "column": 56 }, "end": { "line": 152, "column": 1 } },
          "line": 140
        },
        "10": {
          "name": "(anonymous_10)",
          "decl": { "start": { "line": 144, "column": 17 }, "end": { "line": 144, "column": 18 } },
          "loc": { "start": { "line": 144, "column": 23 }, "end": { "line": 144, "column": 57 } },
          "line": 144
        },
        "11": {
          "name": "(anonymous_11)",
          "decl": { "start": { "line": 145, "column": 17 }, "end": { "line": 145, "column": 18 } },
          "loc": { "start": { "line": 145, "column": 22 }, "end": { "line": 145, "column": 62 } },
          "line": 145
        },
        "12": {
          "name": "(anonymous_12)",
          "decl": { "start": { "line": 162, "column": 16 }, "end": { "line": 162, "column": 17 } },
          "loc": { "start": { "line": 162, "column": 44 }, "end": { "line": 174, "column": 1 } },
          "line": 162
        },
        "13": {
          "name": "(anonymous_13)",
          "decl": { "start": { "line": 166, "column": 17 }, "end": { "line": 166, "column": 18 } },
          "loc": { "start": { "line": 166, "column": 23 }, "end": { "line": 166, "column": 61 } },
          "line": 166
        },
        "14": {
          "name": "(anonymous_14)",
          "decl": { "start": { "line": 167, "column": 17 }, "end": { "line": 167, "column": 18 } },
          "loc": { "start": { "line": 167, "column": 22 }, "end": { "line": 167, "column": 62 } },
          "line": 167
        },
        "15": {
          "name": "(anonymous_15)",
          "decl": { "start": { "line": 184, "column": 23 }, "end": { "line": 184, "column": 24 } },
          "loc": { "start": { "line": 184, "column": 53 }, "end": { "line": 190, "column": 1 } },
          "line": 184
        },
        "16": {
          "name": "(anonymous_16)",
          "decl": { "start": { "line": 200, "column": 17 }, "end": { "line": 200, "column": 18 } },
          "loc": { "start": { "line": 200, "column": 78 }, "end": { "line": 230, "column": 1 } },
          "line": 200
        },
        "17": {
          "name": "(anonymous_17)",
          "decl": { "start": { "line": 205, "column": 18 }, "end": { "line": 205, "column": 19 } },
          "loc": { "start": { "line": 205, "column": 26 }, "end": { "line": 205, "column": 64 } },
          "line": 205
        },
        "18": {
          "name": "(anonymous_18)",
          "decl": { "start": { "line": 240, "column": 24 }, "end": { "line": 240, "column": 25 } },
          "loc": { "start": { "line": 240, "column": 66 }, "end": { "line": 254, "column": 1 } },
          "line": 240
        },
        "19": {
          "name": "(anonymous_19)",
          "decl": { "start": { "line": 264, "column": 17 }, "end": { "line": 264, "column": 18 } },
          "loc": { "start": { "line": 264, "column": 63 }, "end": { "line": 278, "column": 1 } },
          "line": 264
        },
        "20": {
          "name": "(anonymous_20)",
          "decl": { "start": { "line": 288, "column": 16 }, "end": { "line": 288, "column": 17 } },
          "loc": { "start": { "line": 288, "column": 48 }, "end": { "line": 290, "column": 1 } },
          "line": 288
        },
        "21": {
          "name": "(anonymous_21)",
          "decl": { "start": { "line": 295, "column": 16 }, "end": { "line": 295, "column": 17 } },
          "loc": { "start": { "line": 295, "column": 34 }, "end": { "line": 301, "column": 1 } },
          "line": 295
        },
        "22": {
          "name": "(anonymous_22)",
          "decl": { "start": { "line": 306, "column": 16 }, "end": { "line": 306, "column": 17 } },
          "loc": { "start": { "line": 306, "column": 34 }, "end": { "line": 312, "column": 1 } },
          "line": 306
        }
      },
      "branchMap": {
        "0": {
          "loc": { "start": { "line": 105, "column": 2 }, "end": { "line": 109, "column": 3 } },
          "type": "if",
          "locations": [
            { "start": { "line": 105, "column": 2 }, "end": { "line": 109, "column": 3 } },
            { "start": { "line": 105, "column": 2 }, "end": { "line": 109, "column": 3 } }
          ],
          "line": 105
        },
        "1": {
          "loc": { "start": { "line": 123, "column": 2 }, "end": { "line": 127, "column": 3 } },
          "type": "if",
          "locations": [
            { "start": { "line": 123, "column": 2 }, "end": { "line": 127, "column": 3 } },
            { "start": { "line": 123, "column": 2 }, "end": { "line": 127, "column": 3 } }
          ],
          "line": 123
        },
        "2": {
          "loc": { "start": { "line": 223, "column": 9 }, "end": { "line": 223, "column": 69 } },
          "type": "binary-expr",
          "locations": [
            { "start": { "line": 223, "column": 9 }, "end": { "line": 223, "column": 19 } },
            { "start": { "line": 223, "column": 23 }, "end": { "line": 223, "column": 69 } }
          ],
          "line": 223
        },
        "3": {
          "loc": { "start": { "line": 225, "column": 9 }, "end": { "line": 225, "column": 69 } },
          "type": "binary-expr",
          "locations": [
            { "start": { "line": 225, "column": 9 }, "end": { "line": 225, "column": 19 } },
            { "start": { "line": 225, "column": 23 }, "end": { "line": 225, "column": 69 } }
          ],
          "line": 225
        },
        "4": {
          "loc": { "start": { "line": 243, "column": 2 }, "end": { "line": 247, "column": 3 } },
          "type": "if",
          "locations": [
            { "start": { "line": 243, "column": 2 }, "end": { "line": 247, "column": 3 } },
            { "start": { "line": 243, "column": 2 }, "end": { "line": 247, "column": 3 } }
          ],
          "line": 243
        }
      },
      "s": {
        "0": 1,
        "1": 1,
        "2": 16,
        "3": 16,
        "4": 60,
        "5": 60,
        "6": 16,
        "7": 21,
        "8": 21,
        "9": 21,
        "10": 21,
        "11": 21,
        "12": 21,
        "13": 21,
        "14": 58,
        "15": 1,
        "16": 21,
        "17": 1,
        "18": 21,
        "19": 1,
        "20": 6,
        "21": 1,
        "22": 2,
        "23": 1,
        "24": 3,
        "25": 3,
        "26": 0,
        "27": 1,
        "28": 1,
        "29": 1,
        "30": 0,
        "31": 1,
        "32": 16,
        "33": 3,
        "34": 3,
        "35": 1,
        "36": 16,
        "37": 1,
        "38": 1,
        "39": 1,
        "40": 41,
[...]
          "line": 27
        },
        "3": {
          "name": "(anonymous_3)",
          "decl": { "start": { "line": 28, "column": 13 }, "end": { "line": 28, "column": 14 } },
          "loc": { "start": { "line": 28, "column": 34 }, "end": { "line": 43, "column": 13 } },
          "line": 28
        },
        "4": {
          "name": "(anonymous_4)",
          "decl": { "start": { "line": 35, "column": 28 }, "end": { "line": 35, "column": 29 } },
          "loc": { "start": { "line": 35, "column": 33 }, "end": { "line": 38, "column": 19 } },
          "line": 35
        }
      },
      "branchMap": {
        "0": {
          "loc": { "start": { "line": 27, "column": 22 }, "end": { "line": 27, "column": 57 } },
          "type": "binary-expr",
          "locations": [
            { "start": { "line": 27, "column": 22 }, "end": { "line": 27, "column": 35 } },
            { "start": { "line": 27, "column": 39 }, "end": { "line": 27, "column": 57 } }
          ],
          "line": 27
        },
        "1": {
          "loc": { "start": { "line": 34, "column": 22 }, "end": { "line": 34, "column": 57 } },
          "type": "binary-expr",
          "locations": [
            { "start": { "line": 34, "column": 22 }, "end": { "line": 34, "column": 35 } },
            { "start": { "line": 34, "column": 39 }, "end": { "line": 34, "column": 57 } }
          ],
          "line": 34
        },
        "2": {
          "loc": { "start": { "line": 37, "column": 20 }, "end": { "line": 37, "column": 74 } },
          "type": "if",
          "locations": [
            { "start": { "line": 37, "column": 20 }, "end": { "line": 37, "column": 74 } },
            { "start": { "line": 37, "column": 20 }, "end": { "line": 37, "column": 74 } }
          ],
          "line": 37
        }
      },
      "s": {
        "0": 0,
        "1": 0,
        "2": 0,
        "3": 0,
        "4": 0,
        "5": 0,
        "6": 0,
        "7": 0,
        "8": 0,
        "9": 0,
        "10": 0
      },
      "f": { "0": 0, "1": 0, "2": 0, "3": 0, "4": 0 },
      "b": { "0": [0, 0], "1": [0, 0], "2": [0, 0] },
      "hash": "0ae4846912d02fc48123e121d97ff62796cae009"
    },
    "C:\\Users\\Aman Jain\\sites\\atomic-react-components\\lib\\components\\molecules\\Form\\FieldSelect\\index.js": {
      "path": "C:\\Users\\Aman Jain\\sites\\atomic-react-components\\lib\\components\\molecules\\Form\\FieldSelect\\index.js",
      "statementMap": {},
      "fnMap": {},
      "branchMap": {},
      "s": {},
      "f": {},
      "b": {},
      "hash": "6ec0269c89b3a27aae74df6434dceb53f4a17475"
    },
    "C:\\Users\\Aman Jain\\sites\\atomic-react-components\\lib\\components\\molecules\\Form\\FieldSelect\\FieldSelect.style.js": {
      "path": "C:\\Users\\Aman Jain\\sites\\atomic-react-components\\lib\\components\\molecules\\Form\\FieldSelect\\FieldSelect.style.js",
      "statementMap": {
        "0": { "start": { "line": 3, "column": 15 }, "end": { "line": 10, "column": 1 } },
        "1": { "start": { "line": 4, "column": 28 }, "end": { "line": 4, "column": 54 } },
        "2": { "start": { "line": 8, "column": 30 }, "end": { "line": 8, "column": 59 } }
      },
      "fnMap": {
        "0": {
          "name": "(anonymous_0)",
          "decl": { "start": { "line": 4, "column": 19 }, "end": { "line": 4, "column": 20 } },
          "loc": { "start": { "line": 4, "column": 28 }, "end": { "line": 4, "column": 54 } },
          "line": 4
        },
        "1": {
          "name": "(anonymous_1)",
          "decl": { "start": { "line": 8, "column": 21 }, "end": { "line": 8, "column": 22 } },
          "loc": { "start": { "line": 8, "column": 30 }, "end": { "line": 8, "column": 59 } },
          "line": 8
        }
      },
      "branchMap": {},
      "s": { "0": 0, "1": 0, "2": 0 },
      "f": { "0": 0, "1": 0 },
      "b": {},
      "hash": "c7bf7ea4878f4c6f4e2b43f631969055353f077b"
    },
    "C:\\Users\\Aman Jain\\sites\\atomic-react-components\\lib\\components\\molecules\\Form\\FieldSelect\\FieldSelect.js": {
      "path": "C:\\Users\\Aman Jain\\sites\\atomic-react-components\\lib\\components\\molecules\\Form\\FieldSelect\\FieldSelect.js",
      "statementMap": {
        "0": { "start": { "line": 21, "column": 20 }, "end": { "line": 52, "column": 1 } },
        "1": { "start": { "line": 31, "column": 2 }, "end": { "line": 51, "column": 8 } },
        "2": { "start": { "line": 37, "column": 33 }, "end": { "line": 37, "column": 37 } },
        "3": { "start": { "line": 38, "column": 8 }, "end": { "line": 47, "column": 10 } },
        "4": { "start": { "line": 43, "column": 14 }, "end": { "line": 43, "column": 30 } },
        "5": { "start": { "line": 44, "column": 14 }, "end": { "line": 44, "column": 68 } },
        "6": { "start": { "line": 44, "column": 50 }, "end": { "line": 44, "column": 68 } },
        "7": { "start": { "line": 54, "column": 0 }, "end": { "line": 58, "column": 2 } }
      },
      "fnMap": {
        "0": {
          "name": "(anonymous_0)",
          "decl": { "start": { "line": 21, "column": 20 }, "end": { "line": 21, "column": 21 } },
          "loc": { "start": { "line": 31, "column": 2 }, "end": { "line": 51, "column": 8 } },
          "line": 31
        },
        "1": {
          "name": "(anonymous_1)",
          "decl": { "start": { "line": 36, "column": 7 }, "end": { "line": 36, "column": 8 } },
          "loc": { "start": { "line": 36, "column": 28 }, "end": { "line": 48, "column": 7 } },
          "line": 36
        },
        "2": {
          "name": "(anonymous_2)",
          "decl": { "start": { "line": 42, "column": 22 }, "end": { "line": 42, "column": 23 } },
          "loc": { "start": { "line": 42, "column": 27 }, "end": { "line": 45, "column": 13 } },
          "line": 42
        }
      },
      "branchMap": {
        "0": {
          "loc": { "start": { "line": 44, "column": 14 }, "end": { "line": 44, "column": 68 } },
          "type": "if",
          "locations": [
            { "start": { "line": 44, "column": 14 }, "end": { "line": 44, "column": 68 } },
            { "start": { "line": 44, "column": 14 }, "end": { "line": 44, "column": 68 } }
          ],
          "line": 44
        }
      },
      "s": { "0": 0, "1": 0, "2": 0, "3": 0, "4": 0, "5": 0, "6": 0, "7": 0 },
      "f": { "0": 0, "1": 0, "2": 0 },
      "b": { "0": [0, 0] },
      "hash": "0697c80b13478729deb3826d391bb7ff91b44d2f"
    },
    "C:\\Users\\Aman Jain\\sites\\atomic-react-components\\lib\\components\\molecules\\Form\\FieldTextarea\\FieldTextarea.js": {
      "path": "C:\\Users\\Aman Jain\\sites\\atomic-react-components\\lib\\components\\molecules\\Form\\FieldTextarea\\FieldTextarea.js",
      "statementMap": {
        "0": { "start": { "line": 23, "column": 22 }, "end": { "line": 53, "column": 1 } },
        "1": { "start": { "line": 32, "column": 2 }, "end": { "line": 52, "column": 8 } },
        "2": { "start": { "line": 38, "column": 33 }, "end": { "line": 38, "column": 37 } },
        "3": { "start": { "line": 39, "column": 8 }, "end": { "line": 48, "column": 10 } },
        "4": { "start": { "line": 44, "column": 14 }, "end": { "line": 44, "column": 30 } },
        "5": { "start": { "line": 45, "column": 14 }, "end": { "line": 45, "column": 68 } },
        "6": { "start": { "line": 45, "column": 50 }, "end": { "line": 45, "column": 68 } },
        "7": { "start": { "line": 55, "column": 0 }, "end": { "line": 60, "column": 2 } }
      },
      "fnMap": {
        "0": {
          "name": "(anonymous_0)",
          "decl": { "start": { "line": 23, "column": 22 }, "end": { "line": 23, "column": 23 } },
          "loc": { "start": { "line": 32, "column": 2 }, "end": { "line": 52, "column": 8 } },
          "line": 32
        },
        "1": {
          "name": "(anonymous_1)",
          "decl": { "start": { "line": 37, "column": 7 }, "end": { "line": 37, "column": 8 } },
          "loc": { "start": { "line": 37, "column": 28 }, "end": { "line": 49, "column": 7 } },
          "line": 37
        },
        "2": {
          "name": "(anonymous_2)",
          "decl": { "start": { "line": 43, "column": 22 }, "end": { "line": 43, "column": 23 } },
          "loc": { "start": { "line": 43, "column": 27 }, "end": { "line": 46, "column": 13 } },
          "line": 43
        }
      },
      "branchMap": {
        "0": {
          "loc": { "start": { "line": 45, "column": 14 }, "end": { "line": 45, "column": 68 } },
          "type": "if",
          "locations": [
            { "start": { "line": 45, "column": 14 }, "end": { "line": 45, "column": 68 } },
            { "start": { "line": 45, "column": 14 }, "end": { "line": 45, "column": 68 } }
          ],
          "line": 45
        }
      },
      "s": { "0": 0, "1": 0, "2": 0, "3": 0, "4": 0, "5": 0, "6": 0, "7": 0 },
      "f": { "0": 0, "1": 0, "2": 0 },
      "b": { "0": [0, 0] },
      "hash": "f2c64d90fdfa5bccbe493a26544c3de7396cc8e5"
    },
    "C:\\Users\\Aman Jain\\sites\\atomic-react-components\\lib\\components\\molecules\\Form\\FieldTextarea\\FieldTextarea.style.js": {
      "path": "C:\\Users\\Aman Jain\\sites\\atomic-react-components\\lib\\components\\molecules\\Form\\FieldTextarea\\FieldTextarea.style.js",
      "statementMap": {
        "0": { "start": { "line": 3, "column": 15 }, "end": { "line": 11, "column": 1 } },
        "1": { "start": { "line": 4, "column": 28 }, "end": { "line": 4, "column": 54 } },
        "2": { "start": { "line": 9, "column": 30 }, "end": { "line": 9, "column": 59 } }
      },
      "fnMap": {
        "0": {
          "name": "(anonymous_0)",
          "decl": { "start": { "line": 4, "column": 19 }, "end": { "line": 4, "column": 20 } },
          "loc": { "start": { "line": 4, "column": 28 }, "end": { "line": 4, "column": 54 } },
          "line": 4
        },
        "1": {
          "name": "(anonymous_1)",
          "decl": { "start": { "line": 9, "column": 21 }, "end": { "line": 9, "column": 22 } },
          "loc": { "start": { "line": 9, "column": 30 }, "end": { "line": 9, "column": 59 } },
          "line": 9
        }
      },
      "branchMap": {},
      "s": { "0": 0, "1": 0, "2": 0 },
      "f": { "0": 0, "1": 0 },
      "b": {},
      "hash": "f356c8167183a05d762ea219403b8d88394117ec"
    },
    "C:\\Users\\Aman Jain\\sites\\atomic-react-components\\lib\\components\\molecules\\Form\\FieldTextarea\\index.js": {
      "path": "C:\\Users\\Aman Jain\\sites\\atomic-react-components\\lib\\components\\molecules\\Form\\FieldTextarea\\index.js",
      "statementMap": {},
      "fnMap": {},
      "branchMap": {},
      "s": {},
      "f": {},
      "b": {},
      "hash": "ff385e58075c9669fd09360626efbe4d2f5f95a5"
    },
    "C:\\Users\\Aman Jain\\sites\\atomic-react-components\\lib\\components\\molecules\\Popover\\types\\index.js": {
      "path": "C:\\Users\\Aman Jain\\sites\\atomic-react-components\\lib\\components\\molecules\\Popover\\types\\index.js",
      "statementMap": {},
      "fnMap": {},
      "branchMap": {},
      "s": {},
      "f": {},
      "b": {},
      "hash": "0452a8c7afe090a51b3eac5ae44f9ce3109821e7"
    },
    "C:\\Users\\Aman Jain\\sites\\atomic-react-components\\lib\\components\\molecules\\Tabs\\Tab\\index.js": {
      "path": "C:\\Users\\Aman Jain\\sites\\atomic-react-components\\lib\\components\\molecules\\Tabs\\Tab\\index.js",
      "statementMap": {},
      "fnMap": {},
      "branchMap": {},
      "s": {},
      "f": {},
      "b": {},
      "hash": "2f1660d5c89c2cc4e6ebc013e14efc90b37afd0b"
    },
    "C:\\Users\\Aman Jain\\sites\\atomic-react-components\\lib\\components\\molecules\\Tabs\\Tab\\Tab.js": {
      "path": "C:\\Users\\Aman Jain\\sites\\atomic-react-components\\lib\\components\\molecules\\Tabs\\Tab\\Tab.js",
      "statementMap": {
        "0": { "start": { "line": 25, "column": 12 }, "end": { "line": 51, "column": 1 } },
        "1": { "start": { "line": 36, "column": 2 }, "end": { "line": 50, "column": 7 } },
        "2": { "start": { "line": 42, "column": 18 }, "end": { "line": 42, "column": 35 } },
        "3": { "start": { "line": 43, "column": 20 }, "end": { "line": 43, "column": 32 } },
        "4": { "start": { "line": 53, "column": 0 }, "end": { "line": 56, "column": 2 } }
      },
      "fnMap": {
        "0": {
          "name": "(anonymous_0)",
          "decl": { "start": { "line": 25, "column": 12 }, "end": { "line": 25, "column": 13 } },
          "loc": { "start": { "line": 36, "column": 2 }, "end": { "line": 50, "column": 7 } },
          "line": 36
        },
        "1": {
          "name": "(anonymous_1)",
          "decl": { "start": { "line": 42, "column": 13 }, "end": { "line": 42, "column": 14 } },
          "loc": { "start": { "line": 42, "column": 18 }, "end": { "line": 42, "column": 35 } },
          "line": 42
        },
        "2": {
          "name": "(anonymous_2)",
          "decl": { "start": { "line": 43, "column": 15 }, "end": { "line": 43, "column": 16 } },
          "loc": { "start": { "line": 43, "column": 20 }, "end": { "line": 43, "column": 32 } },
          "line": 43
        }
      },
      "branchMap": {
        "0": {
          "loc": { "start": { "line": 44, "column": 14 }, "end": { "line": 44, "column": 33 } },
          "type": "cond-expr",
          "locations": [
            { "start": { "line": 44, "column": 27 }, "end": { "line": 44, "column": 28 } },
            { "start": { "line": 44, "column": 31 }, "end": { "line": 44, "column": 33 } }
          ],
          "line": 44
        }
      },
      "s": { "0": 0, "1": 0, "2": 0, "3": 0, "4": 0 },
      "f": { "0": 0, "1": 0, "2": 0 },
      "b": { "0": [0, 0] },
      "hash": "a7a7b82e10843e2ac07bbaaad4640379bd9e139f"
    },
    "C:\\Users\\Aman Jain\\sites\\atomic-react-components\\lib\\components\\molecules\\Tabs\\TabPanel\\TabPanel.js": {
      "path": "C:\\Users\\Aman Jain\\sites\\atomic-react-components\\lib\\components\\molecules\\Tabs\\TabPanel\\TabPanel.js",
      "statementMap": {
        "0": { "start": { "line": 22, "column": 17 }, "end": { "line": 43, "column": 1 } },
        "1": { "start": { "line": 31, "column": 2 }, "end": { "line": 42, "column": 8 } },
        "2": { "start": { "line": 45, "column": 0 }, "end": { "line": 48, "column": 2 } }
      },
      "fnMap": {
        "0": {
          "name": "(anonymous_0)",
          "decl": { "start": { "line": 22, "column": 17 }, "end": { "line": 22, "column": 18 } },
          "loc": { "start": { "line": 31, "column": 2 }, "end": { "line": 42, "column": 8 } },
          "line": 31
        }
      },
      "branchMap": {},
      "s": { "0": 0, "1": 0, "2": 0 },
      "f": { "0": 0 },
      "b": {},
      "hash": "5e62f785241170ef4d44d35e72d30c60100d47a6"
    },
    "C:\\Users\\Aman Jain\\sites\\atomic-react-components\\lib\\components\\molecules\\Tabs\\Tab\\Tab.style.js": {
      "path": "C:\\Users\\Aman Jain\\sites\\atomic-react-components\\lib\\components\\molecules\\Tabs\\Tab\\Tab.style.js",
      "statementMap": {
        "0": { "start": { "line": 5, "column": 31 }, "end": { "line": 5, "column": 63 } },
        "1": { "start": { "line": 6, "column": 14 }, "end": { "line": 6, "column": 97 } },
        "2": { "start": { "line": 7, "column": 14 }, "end": { "line": 7, "column": 64 } }
      },
      "fnMap": {
        "0": {
          "name": "(anonymous_0)",
          "decl": { "start": { "line": 5, "column": 22 }, "end": { "line": 5, "column": 23 } },
          "loc": { "start": { "line": 5, "column": 31 }, "end": { "line": 5, "column": 63 } },
          "line": 5
        },
        "1": {
          "name": "(anonymous_1)",
          "decl": { "start": { "line": 6, "column": 4 }, "end": { "line": 6, "column": 5 } },
          "loc": { "start": { "line": 6, "column": 14 }, "end": { "line": 6, "column": 97 } },
          "line": 6
        },
        "2": {
          "name": "(anonymous_2)",
          "decl": { "start": { "line": 7, "column": 4 }, "end": { "line": 7, "column": 5 } },
          "loc": { "start": { "line": 7, "column": 14 }, "end": { "line": 7, "column": 64 } },
          "line": 7
        }
      },
      "branchMap": {
        "0": {
          "loc": { "start": { "line": 6, "column": 14 }, "end": { "line": 6, "column": 97 } },
          "type": "cond-expr",
          "locations": [
            { "start": { "line": 6, "column": 33 }, "end": { "line": 6, "column": 92 } },
            { "start": { "line": 6, "column": 95 }, "end": { "line": 6, "column": 97 } }
          ],
          "line": 6
        },
        "1": {
          "loc": { "start": { "line": 7, "column": 14 }, "end": { "line": 7, "column": 64 } },
          "type": "cond-expr",
          "locations": [
            { "start": { "line": 7, "column": 38 }, "end": { "line": 7, "column": 59 } },
            { "start": { "line": 7, "column": 62 }, "end": { "line": 7, "column": 64 } }
          ],
          "line": 7
        }
      },
      "s": { "0": 0, "1": 0, "2": 0 },
      "f": { "0": 0, "1": 0, "2": 0 },
      "b": { "0": [0, 0], "1": [0, 0] },
      "hash": "3d4428cce57a26199dff25ac74683dd3c0500fb5"
    },
    "C:\\Users\\Aman Jain\\sites\\atomic-react-components\\lib\\components\\molecules\\Tabs\\TabPanel\\TabPanel.style.js": {
      "path": "C:\\Users\\Aman Jain\\sites\\atomic-react-components\\lib\\components\\molecules\\Tabs\\TabPanel\\TabPanel.style.js",
      "statementMap": {
        "0": { "start": { "line": 6, "column": 14 }, "end": { "line": 6, "column": 55 } },
        "1": { "start": { "line": 7, "column": 14 }, "end": { "line": 7, "column": 64 } }
      },
      "fnMap": {
        "0": {
          "name": "(anonymous_0)",
          "decl": { "start": { "line": 6, "column": 4 }, "end": { "line": 6, "column": 5 } },
          "loc": { "start": { "line": 6, "column": 14 }, "end": { "line": 6, "column": 55 } },
          "line": 6
        },
        "1": {
          "name": "(anonymous_1)",
          "decl": { "start": { "line": 7, "column": 4 }, "end": { "line": 7, "column": 5 } },
          "loc": { "start": { "line": 7, "column": 14 }, "end": { "line": 7, "column": 64 } },
          "line": 7
        }
      },
      "branchMap": {
        "0": {
          "loc": { "start": { "line": 6, "column": 14 }, "end": { "line": 6, "column": 55 } },
          "type": "cond-expr",
          "locations": [
            { "start": { "line": 6, "column": 33 }, "end": { "line": 6, "column": 50 } },
            { "start": { "line": 6, "column": 53 }, "end": { "line": 6, "column": 55 } }
          ],
          "line": 6
        },
        "1": {
          "loc": { "start": { "line": 7, "column": 14 }, "end": { "line": 7, "column": 64 } },
          "type": "cond-expr",
          "locations": [
            { "start": { "line": 7, "column": 38 }, "end": { "line": 7, "column": 59 } },
            { "start": { "line": 7, "column": 62 }, "end": { "line": 7, "column": 64 } }
          ],
          "line": 7
        }
      },
      "s": { "0": 0, "1": 0 },
      "f": { "0": 0, "1": 0 },
      "b": { "0": [0, 0], "1": [0, 0] },
      "hash": "bbca52e734d95f7e3caed759fc01fc7c4425b115"
    },
    "C:\\Users\\Aman Jain\\sites\\atomic-react-components\\lib\\components\\molecules\\Tabs\\TabPanel\\index.js": {
      "path": "C:\\Users\\Aman Jain\\sites\\atomic-react-components\\lib\\components\\molecules\\Tabs\\TabPanel\\index.js",
      "statementMap": {},
      "fnMap": {},
      "branchMap": {},
      "s": {},
      "f": {},
      "b": {},
      "hash": "ea0354161352c63f41fbf1a3bb60693255c94df8"
    },
    "C:\\Users\\Aman Jain\\sites\\atomic-react-components\\lib\\components\\molecules\\Tabs\\types\\index.js": {
      "path": "C:\\Users\\Aman Jain\\sites\\atomic-react-components\\lib\\components\\molecules\\Tabs\\types\\index.js",
      "statementMap": {},
      "fnMap": {},
      "branchMap": {},
      "s": {},
      "f": {},
      "b": {},
      "hash": "78c317878702f07c7d7fe3323d310d1a96da43aa"
    }
  }
}
