{
  "numFailedTestSuites": 0,
  "numFailedTests": 0,
  "numPassedTestSuites": 38,
  "numPassedTests": 126,
  "numPendingTestSuites": 0,
  "numPendingTests": 1,
  "numRuntimeErrorTestSuites": 0,
  "numTodoTests": 0,
  "numTotalTestSuites": 38,
  "numTotalTests": 127,
  "openHandles": [],
  "snapshot": {
    "added": 0,
    "didUpdate": true,
    "failure": false,
    "filesAdded": 0,
    "filesRemoved": 0,
    "filesRemovedList": [],
    "filesUnmatched": 0,
    "filesUpdated": 2,
    "matched": 43,
    "total": 45,
    "unchecked": 0,
    "uncheckedKeysByFile": [],
    "unmatched": 0,
    "updated": 2
  },
  "startTime": 1576739193596,
  "success": false,
  "testResults": [
    {
      "assertionResults": [
        {
          "ancestorTitles": ["<List />"],
          "failureMessages": [],
          "fullName": "<List /> should render default view correctly",
          "location": null,
          "status": "passed",
          "title": "should render default view correctly"
        }
      ],
      "endTime": 1576739207390,
      "message": "",
      "name": "C:\\Users\\salkapoo\\Desktop\\Learning\\React\\lib\\components\\molecules\\List\\tests\\List.test.js",
      "startTime": 1576739204283,
      "status": "passed",
      "summary": ""
    },
    {
      "assertionResults": [
        {
          "ancestorTitles": ["FieldInput Component"],
          "failureMessages": [],
          "fullName": "FieldInput Component should render correctly",
          "location": null,
          "status": "passed",
          "title": "should render correctly"
        },
        {
          "ancestorTitles": ["FieldInput Component"],
          "failureMessages": [],
          "fullName": "FieldInput Component should render button with type = \"button\".",
          "location": null,
          "status": "passed",
          "title": "should render button with type = \"button\"."
        },
        {
          "ancestorTitles": ["FieldInput Component"],
          "failureMessages": [],
          "fullName": "FieldInput Component should render 1st button with theme prop type, tertiary",
          "location": null,
          "status": "passed",
          "title": "should render 1st button with theme prop type, tertiary"
        },
        {
          "ancestorTitles": ["FieldInput Component"],
          "failureMessages": [],
          "fullName": "FieldInput Component should render 2nd button with theme prop type, primary",
          "location": null,
          "status": "passed",
          "title": "should render 2nd button with theme prop type, primary"
        },
        {
          "ancestorTitles": ["FieldInput Component"],
          "failureMessages": [],
          "fullName": "FieldInput Component should simulate button click",
          "location": null,
          "status": "pending",
          "title": "should simulate button click"
        },
        {
          "ancestorTitles": ["FieldInput Component"],
          "failureMessages": [],
          "fullName": "FieldInput Component should match the button text rendered",
          "location": null,
          "status": "passed",
          "title": "should match the button text rendered"
        },
        {
          "ancestorTitles": ["FieldInput Component"],
          "failureMessages": [],
          "fullName": "FieldInput Component should match the button text rendered for second button",
          "location": null,
          "status": "passed",
          "title": "should match the button text rendered for second button"
        },
        {
          "ancestorTitles": ["FieldInput Component"],
          "failureMessages": [],
          "fullName": "FieldInput Component should match the label rendered correctly.",
          "location": null,
          "status": "passed",
          "title": "should match the label rendered correctly."
        },
        {
          "ancestorTitles": ["FieldInput Component"],
          "failureMessages": [],
          "fullName": "FieldInput Component should match the input rendered correctly.",
          "location": null,
          "status": "passed",
          "title": "should match the input rendered correctly."
        },
        {
          "ancestorTitles": ["FieldInput Component"],
          "failureMessages": [],
          "fullName": "FieldInput Component should match the input rendered correctly on change event simulation.",
          "location": null,
          "status": "passed",
          "title": "should match the input rendered correctly on change event simulation."
        },
        {
          "ancestorTitles": ["FieldInput Component"],
          "failureMessages": [],
          "fullName": "FieldInput Component should match the input rendered correctly on blur event simulation.",
          "location": null,
          "status": "passed",
          "title": "should match the input rendered correctly on blur event simulation."
        }
      ],
      "endTime": 1576739207552,
      "message": "",
      "name": "C:\\Users\\salkapoo\\Desktop\\Learning\\React\\lib\\components\\molecules\\Form\\FieldFileInput\\tests\\FieldFileInput.test.js",
      "startTime": 1576739203961,
      "status": "passed",
      "summary": ""
    },
    {
      "assertionResults": [
        {
          "ancestorTitles": ["<Video />"],
          "failureMessages": [],
          "fullName": "<Video /> should have video tag",
          "location": null,
          "status": "passed",
          "title": "should have video tag"
        },
        {
          "ancestorTitles": ["<Video />"],
          "failureMessages": [],
          "fullName": "<Video /> should have source tag in video",
          "location": null,
          "status": "passed",
          "title": "should have source tag in video"
        },
        {
          "ancestorTitles": ["<Video />"],
          "failureMessages": [],
          "fullName": "<Video /> should have src attribute in source tag",
          "location": null,
          "status": "passed",
          "title": "should have src attribute in source tag"
        },
        {
          "ancestorTitles": ["<Video />"],
          "failureMessages": [],
          "fullName": "<Video /> should not be autoplay",
          "location": null,
          "status": "passed",
          "title": "should not be autoplay"
        },
        {
          "ancestorTitles": ["<Video />"],
          "failureMessages": [],
          "fullName": "<Video /> should not have track element only should have Track component",
          "location": null,
          "status": "passed",
          "title": "should not have track element only should have Track component"
        },
        {
          "ancestorTitles": ["<Video />"],
          "failureMessages": [],
          "fullName": "<Video /> should have children",
          "location": null,
          "status": "passed",
          "title": "should have children"
        },
        {
          "ancestorTitles": ["<Video />"],
          "failureMessages": [],
          "fullName": "<Video /> track component without data",
          "location": null,
          "status": "passed",
          "title": "track component without data"
        },
        {
          "ancestorTitles": ["<Video />"],
          "failureMessages": [],
          "fullName": "<Video /> should render correctly",
          "location": null,
          "status": "passed",
          "title": "should render correctly"
        }
      ],
      "endTime": 1576739207744,
      "message": "",
      "name": "C:\\Users\\salkapoo\\Desktop\\Learning\\React\\lib\\components\\atoms\\Video\\tests\\Video.test.js",
      "startTime": 1576739204365,
      "status": "passed",
      "summary": ""
    },
    {
      "assertionResults": [
        {
          "ancestorTitles": ["<Popover /> Rendering"],
          "failureMessages": [],
          "fullName": "<Popover /> Rendering should render correctly",
          "location": null,
          "status": "passed",
          "title": "should render correctly"
        },
        {
          "ancestorTitles": ["Popover functional behavior"],
          "failureMessages": [],
          "fullName": "Popover functional behavior Should have Close Button By Default and can be closed",
          "location": null,
          "status": "passed",
          "title": "Should have Close Button By Default and can be closed"
        },
        {
          "ancestorTitles": ["Popover functional behavior"],
          "failureMessages": [],
          "fullName": "Popover functional behavior Should open By Default when isVisible set to true",
          "location": null,
          "status": "passed",
          "title": "Should open By Default when isVisible set to true"
        },
        {
          "ancestorTitles": ["Popover functional behavior"],
          "failureMessages": [],
          "fullName": "Popover functional behavior Should open and close on Trigger and X button click",
          "location": null,
          "status": "passed",
          "title": "Should open and close on Trigger and X button click"
        }
      ],
      "endTime": 1576739208902,
      "message": "",
      "name": "C:\\Users\\salkapoo\\Desktop\\Learning\\React\\lib\\components\\molecules\\Popover\\tests\\Popover.test.js",
      "startTime": 1576739208346,
      "status": "passed",
      "summary": ""
    },
    {
      "assertionResults": [
        {
          "ancestorTitles": ["FieldInput Component"],
          "failureMessages": [],
          "fullName": "FieldInput Component should render correctly",
          "location": null,
          "status": "passed",
          "title": "should render correctly"
        },
        {
          "ancestorTitles": ["FieldInput Component"],
          "failureMessages": [],
          "fullName": "FieldInput Component should render label correctly",
          "location": null,
          "status": "passed",
          "title": "should render label correctly"
        },
        {
          "ancestorTitles": ["FieldInput Component"],
          "failureMessages": [],
          "fullName": "FieldInput Component should render select tag",
          "location": null,
          "status": "passed",
          "title": "should render select tag"
        }
      ],
      "endTime": 1576739209116,
      "message": "",
      "name": "C:\\Users\\salkapoo\\Desktop\\Learning\\React\\lib\\components\\molecules\\Form\\FieldSelect\\tests\\FieldSelect.test.js",
      "startTime": 1576739204391,
      "status": "passed",
      "summary": ""
    },
    {
      "assertionResults": [
        {
          "ancestorTitles": ["Form Component"],
          "failureMessages": [],
          "fullName": "Form Component should render select tag correctly",
          "location": null,
          "status": "passed",
          "title": "should render select tag correctly"
        },
        {
          "ancestorTitles": ["Form Component"],
          "failureMessages": [],
          "fullName": "Form Component should render input text field",
          "location": null,
          "status": "passed",
          "title": "should render input text field"
        },
        {
          "ancestorTitles": ["Form Component"],
          "failureMessages": [],
          "fullName": "Form Component should render select field",
          "location": null,
          "status": "passed",
          "title": "should render select field"
        },
        {
          "ancestorTitles": ["Form Component"],
          "failureMessages": [],
          "fullName": "Form Component should render input field with yupValidationSchema",
          "location": null,
          "status": "passed",
          "title": "should render input field with yupValidationSchema"
        },
        {
          "ancestorTitles": ["Form Component"],
          "failureMessages": [],
          "fullName": "Form Component should render input field with no validation",
          "location": null,
          "status": "passed",
          "title": "should render input field with no validation"
        },
        {
          "ancestorTitles": ["Form Component"],
          "failureMessages": [],
          "fullName": "Form Component getSchema should return null if no params are passed",
          "location": null,
          "status": "passed",
          "title": "getSchema should return null if no params are passed"
        }
      ],
      "endTime": 1576739209120,
      "message": "",
      "name": "C:\\Users\\salkapoo\\Desktop\\Learning\\React\\lib\\components\\molecules\\Form\\tests\\Form.test.js",
      "startTime": 1576739204430,
      "status": "passed",
      "summary": ""
    },
    {
      "assertionResults": [
        {
          "ancestorTitles": ["Button Component"],
          "failureMessages": [],
          "fullName": "Button Component should render correctly",
          "location": null,
          "status": "passed",
          "title": "should render correctly"
        },
        {
          "ancestorTitles": ["Button Component"],
          "failureMessages": [],
          "fullName": "Button Component should render disabled",
          "location": null,
          "status": "passed",
          "title": "should render disabled"
        },
        {
          "ancestorTitles": ["Button Component"],
          "failureMessages": [],
          "fullName": "Button Component should render title element",
          "location": null,
          "status": "passed",
          "title": "should render title element"
        },
        {
          "ancestorTitles": ["Button Component"],
          "failureMessages": [],
          "fullName": "Button Component should render aria attribute element",
          "location": null,
          "status": "passed",
          "title": "should render aria attribute element"
        },
        {
          "ancestorTitles": ["Button Component"],
          "failureMessages": [],
          "fullName": "Button Component should check the data attribute of button",
          "location": null,
          "status": "passed",
          "title": "should check the data attribute of button"
        }
      ],
      "endTime": 1576739209465,
      "message": "",
      "name": "C:\\Users\\salkapoo\\Desktop\\Learning\\React\\lib\\components\\atoms\\Button\\tests\\Button.test.js",
      "startTime": 1576739209001,
      "status": "passed",
      "summary": ""
    },
    {
      "assertionResults": [
        {
          "ancestorTitles": ["<StickyBar />"],
          "failureMessages": [],
          "fullName": "<StickyBar /> should render the List Component",
          "location": null,
          "status": "passed",
          "title": "should render the List Component"
        },
        {
          "ancestorTitles": ["<StickyBar />"],
          "failureMessages": [],
          "fullName": "<StickyBar /> should render correctly",
          "location": null,
          "status": "passed",
          "title": "should render correctly"
        }
      ],
      "endTime": 1576739210524,
      "message": "",
      "name": "C:\\Users\\salkapoo\\Desktop\\Learning\\React\\lib\\components\\molecules\\StickyBar\\tests\\StickyBar.test.js",
      "startTime": 1576739210019,
      "status": "passed",
      "summary": ""
    },
    {
      "assertionResults": [
        {
          "ancestorTitles": ["<Toast />"],
          "failureMessages": [],
          "fullName": "<Toast /> <Toast />should render correctly",
          "location": null,
          "status": "passed",
          "title": "<Toast />should render correctly"
        },
        {
          "ancestorTitles": ["<Toast /> Component"],
          "failureMessages": [],
          "fullName": "<Toast /> Component is rendering root div,if isVisible prop is true ",
          "location": null,
          "status": "passed",
          "title": "is rendering root div,if isVisible prop is true "
        },
        {
          "ancestorTitles": ["<Toast /> Component"],
          "failureMessages": [],
          "fullName": "<Toast /> Component not rendering root div,if isVisible prop is false",
          "location": null,
          "status": "passed",
          "title": "not rendering root div,if isVisible prop is false"
        },
        {
          "ancestorTitles": ["<Toast /> Component"],
          "failureMessages": [],
          "fullName": "<Toast /> Component is rendering all necessary elements rendered if isVisible prop is true",
          "location": null,
          "status": "passed",
          "title": "is rendering all necessary elements rendered if isVisible prop is true"
        },
        {
          "ancestorTitles": ["<Toast /> Component"],
          "failureMessages": [],
          "fullName": "<Toast /> Component is rendering ProgressBar if autoDismissTimeout is set as 0",
          "location": null,
          "status": "passed",
          "title": "is rendering ProgressBar if autoDismissTimeout is set as 0"
        },
        {
          "ancestorTitles": ["<Toast /> Component"],
          "failureMessages": [],
          "fullName": "<Toast /> Component is rendering ProgressBar if autoDismissTimeout is set as 3000",
          "location": null,
          "status": "passed",
          "title": "is rendering ProgressBar if autoDismissTimeout is set as 3000"
        },
        {
          "ancestorTitles": ["<Toast /> Component"],
          "failureMessages": [],
          "fullName": "<Toast /> Component is rendering children ",
          "location": null,
          "status": "passed",
          "title": "is rendering children "
        },
        {
          "ancestorTitles": ["<Toast /> Component is checking effects on"],
          "failureMessages": [],
          "fullName": "<Toast /> Component is checking effects on onClick event, should dismiss the toast when clicking  on click of X button click",
          "location": null,
          "status": "passed",
          "title": "onClick event, should dismiss the toast when clicking  on click of X button click"
        },
        {
          "ancestorTitles": ["<Toast /> component useeffect hook for autodismiss"],
          "failureMessages": [],
          "fullName": "<Toast /> component useeffect hook for autodismiss autodismiss after timeout",
          "location": null,
          "status": "passed",
          "title": "autodismiss after timeout"
        }
      ],
      "endTime": 1576739210855,
      "message": "",
      "name": "C:\\Users\\salkapoo\\Desktop\\Learning\\React\\lib\\components\\molecules\\Toast\\tests\\Toast.test.js",
      "startTime": 1576739204322,
      "status": "passed",
      "summary": ""
    },
    {
      "assertionResults": [
        {
          "ancestorTitles": ["FieldInput Component"],
          "failureMessages": [],
          "fullName": "FieldInput Component should render correctly",
          "location": null,
          "status": "passed",
          "title": "should render correctly"
        },
        {
          "ancestorTitles": ["FieldInput Component"],
          "failureMessages": [],
          "fullName": "FieldInput Component should render label correctly",
          "location": null,
          "status": "passed",
          "title": "should render label correctly"
        },
        {
          "ancestorTitles": ["FieldInput Component"],
          "failureMessages": [],
          "fullName": "FieldInput Component should render Input component with proper type",
          "location": null,
          "status": "passed",
          "title": "should render Input component with proper type"
        }
      ],
      "endTime": 1576739211244,
      "message": "",
      "name": "C:\\Users\\salkapoo\\Desktop\\Learning\\React\\lib\\components\\molecules\\Form\\FieldInput\\tests\\FieldInput.test.js",
      "startTime": 1576739210478,
      "status": "passed",
      "summary": ""
    },
    {
      "assertionResults": [
        {
          "ancestorTitles": ["FieldTextarea Component"],
          "failureMessages": [],
          "fullName": "FieldTextarea Component should render correctly",
          "location": null,
          "status": "passed",
          "title": "should render correctly"
        },
        {
          "ancestorTitles": ["FieldTextarea Component"],
          "failureMessages": [],
          "fullName": "FieldTextarea Component should render label correctly",
          "location": null,
          "status": "passed",
          "title": "should render label correctly"
        },
        {
          "ancestorTitles": ["FieldTextarea Component"],
          "failureMessages": [],
          "fullName": "FieldTextarea Component should render textarea tag",
          "location": null,
          "status": "passed",
          "title": "should render textarea tag"
        }
      ],
      "endTime": 1576739211411,
      "message": "",
      "name": "C:\\Users\\salkapoo\\Desktop\\Learning\\React\\lib\\components\\molecules\\Form\\FieldTextarea\\tests\\FieldTextarea.test.js",
      "startTime": 1576739209726,
      "status": "passed",
      "summary": ""
    },
    {
      "assertionResults": [
        {
          "ancestorTitles": ["<Breadcrumb />"],
          "failureMessages": [],
          "fullName": "<Breadcrumb /> should render correctly",
          "location": null,
          "status": "passed",
          "title": "should render correctly"
        }
      ],
      "endTime": 1576739211697,
      "message": "",
      "name": "C:\\Users\\salkapoo\\Desktop\\Learning\\React\\lib\\components\\molecules\\Breadcrumb\\tests\\Breadcrumb.test.js",
      "startTime": 1576739204239,
      "status": "passed",
      "summary": ""
    },
    {
      "assertionResults": [
        {
          "ancestorTitles": ["<Tabs />"],
          "failureMessages": [],
          "fullName": "<Tabs /> should render correctly",
          "location": null,
          "status": "passed",
          "title": "should render correctly"
        },
        {
          "ancestorTitles": ["<Tabs /> functional behavior"],
          "failureMessages": [],
          "fullName": "<Tabs /> functional behavior should have minimum dom structure for the tests below",
          "location": null,
          "status": "passed",
          "title": "should have minimum dom structure for the tests below"
        },
        {
          "ancestorTitles": ["<Tabs /> functional behavior"],
          "failureMessages": [],
          "fullName": "<Tabs /> functional behavior should change the tab panel and execute callback on closed tab click",
          "location": null,
          "status": "passed",
          "title": "should change the tab panel and execute callback on closed tab click"
        }
      ],
      "endTime": 1576739211801,
      "message": "",
      "name": "C:\\Users\\salkapoo\\Desktop\\Learning\\React\\lib\\components\\molecules\\Tabs\\tests\\Tabs.test.js",
      "startTime": 1576739211006,
      "status": "passed",
      "summary": ""
    },
    {
      "assertionResults": [
        {
          "ancestorTitles": ["DDFieldInput Component"],
          "failureMessages": [],
          "fullName": "DDFieldInput Component should render correctly",
          "location": null,
          "status": "passed",
          "title": "should render correctly"
        },
        {
          "ancestorTitles": ["DDFieldInput Component"],
          "failureMessages": [],
          "fullName": "DDFieldInput Component should render Input component with proper type for multiple file upload.",
          "location": null,
          "status": "passed",
          "title": "should render Input component with proper type for multiple file upload."
        },
        {
          "ancestorTitles": ["DDFieldInput Component"],
          "failureMessages": [],
          "fullName": "DDFieldInput Component should render the component with prop correctly",
          "location": null,
          "status": "passed",
          "title": "should render the component with prop correctly"
        },
        {
          "ancestorTitles": ["DDFieldInput Component"],
          "failureMessages": [],
          "fullName": "DDFieldInput Component should match the input rendered correctly on change event simulation.",
          "location": null,
          "status": "passed",
          "title": "should match the input rendered correctly on change event simulation."
        },
        {
          "ancestorTitles": ["DDFieldInput Component"],
          "failureMessages": [],
          "fullName": "DDFieldInput Component should match the input rendered correctly on blur event simulation.",
          "location": null,
          "status": "passed",
          "title": "should match the input rendered correctly on blur event simulation."
        },
        {
          "ancestorTitles": ["testing the custom hook methods for drag and drop"],
          "failureMessages": [],
          "fullName": "testing the custom hook methods for drag and drop should simulate file upload and return array",
          "location": null,
          "status": "passed",
          "title": "should simulate file upload and return array"
        },
        {
          "ancestorTitles": ["testing the custom hook methods for drag and drop"],
          "failureMessages": [],
          "fullName": "testing the custom hook methods for drag and drop should make highlight as true on drag over as mouse enters draggable area",
          "location": null,
          "status": "passed",
          "title": "should make highlight as true on drag over as mouse enters draggable area"
        },
        {
          "ancestorTitles": ["testing the custom hook methods for drag and drop"],
          "failureMessages": [],
          "fullName": "testing the custom hook methods for drag and drop should make highlight as false on drag leave as mouse leaves draggable area",
          "location": null,
          "status": "passed",
          "title": "should make highlight as false on drag leave as mouse leaves draggable area"
        },
        {
          "ancestorTitles": ["testing the custom hook methods for drag and drop"],
          "failureMessages": [],
          "fullName": "testing the custom hook methods for drag and drop should test the files addition handler when file(s) are uploaded.",
          "location": null,
          "status": "passed",
          "title": "should test the files addition handler when file(s) are uploaded."
        },
        {
          "ancestorTitles": ["testing the custom hook methods for drag and drop"],
          "failureMessages": [],
          "fullName": "testing the custom hook methods for drag and drop should apply highlight when cursor moves draggable area.",
          "location": null,
          "status": "passed",
          "title": "should apply highlight when cursor moves draggable area."
        },
        {
          "ancestorTitles": ["testing the custom hook methods for drag and drop"],
          "failureMessages": [],
          "fullName": "testing the custom hook methods for drag and drop should apply highlight when cursor moves draggable area.",
          "location": null,
          "status": "passed",
          "title": "should apply highlight when cursor moves draggable area."
        }
      ],
      "endTime": 1576739212102,
      "message": "",
      "name": "C:\\Users\\salkapoo\\Desktop\\Learning\\React\\lib\\components\\molecules\\Form\\DragDropInput\\tests\\DragDropInput.test.js",
      "startTime": 1576739211553,
      "status": "passed",
      "summary": ""
    },
    {
      "assertionResults": [
        {
          "ancestorTitles": ["<QuoteMedia />"],
          "failureMessages": [],
          "fullName": "<QuoteMedia /> Should have component heading being displayed",
          "location": null,
          "status": "passed",
          "title": "Should have component heading being displayed"
        },
        {
          "ancestorTitles": ["<QuoteMedia />"],
          "failureMessages": [],
          "fullName": "<QuoteMedia /> Should allow quote component passing",
          "location": null,
          "status": "passed",
          "title": "Should allow quote component passing"
        },
        {
          "ancestorTitles": ["<QuoteMedia />"],
          "failureMessages": [],
          "fullName": "<QuoteMedia /> Should render media Image in component body",
          "location": null,
          "status": "passed",
          "title": "Should render media Image in component body"
        },
        {
          "ancestorTitles": ["<QuoteMedia />"],
          "failureMessages": [],
          "fullName": "<QuoteMedia /> Should render correctly",
          "location": null,
          "status": "passed",
          "title": "Should render correctly"
        }
      ],
      "endTime": 1576739212604,
      "message": "",
      "name": "C:\\Users\\salkapoo\\Desktop\\Learning\\React\\lib\\components\\molecules\\QuoteMedia\\tests\\QuoteMedia.test.js",
      "startTime": 1576739211819,
      "status": "passed",
      "summary": ""
    },
    {
      "assertionResults": [
        {
          "ancestorTitles": ["InputChoiceVanilla Component"],
          "failureMessages": [],
          "fullName": "InputChoiceVanilla Component should render Radio button correctly",
          "location": null,
          "status": "passed",
          "title": "should render Radio button correctly"
        },
        {
          "ancestorTitles": ["InputChoiceVanilla Component"],
          "failureMessages": [],
          "fullName": "InputChoiceVanilla Component should render checkbox correctly",
          "location": null,
          "status": "passed",
          "title": "should render checkbox correctly"
        },
        {
          "ancestorTitles": ["InputChoiceVanilla Component"],
          "failureMessages": [],
          "fullName": "InputChoiceVanilla Component should render disabled",
          "location": null,
          "status": "passed",
          "title": "should render disabled"
        },
        {
          "ancestorTitles": ["InputChoiceVanilla Component"],
          "failureMessages": [],
          "fullName": "InputChoiceVanilla Component should render checked",
          "location": null,
          "status": "passed",
          "title": "should render checked"
        }
      ],
      "endTime": 1576739212847,
      "message": "",
      "name": "C:\\Users\\salkapoo\\Desktop\\Learning\\React\\lib\\components\\molecules\\InputChoice\\tests\\InputChoice.test.js",
      "startTime": 1576739212393,
      "status": "passed",
      "summary": ""
    },
    {
      "assertionResults": [
        {
          "ancestorTitles": ["Input Component"],
          "failureMessages": [],
          "fullName": "Input Component should render correctly",
          "location": null,
          "status": "passed",
          "title": "should render correctly"
        },
        {
          "ancestorTitles": ["Input Component"],
          "failureMessages": [],
          "fullName": "Input Component should check the data attribute of input",
          "location": null,
          "status": "passed",
          "title": "should check the data attribute of input"
        },
        {
          "ancestorTitles": ["File Input Component -> Unit Testing"],
          "failureMessages": [],
          "fullName": "File Input Component -> Unit Testing should render file input component correctly",
          "location": null,
          "status": "passed",
          "title": "should render file input component correctly"
        },
        {
          "ancestorTitles": ["File Input Component -> Unit Testing"],
          "failureMessages": [],
          "fullName": "File Input Component -> Unit Testing should call function on click of the input field",
          "location": null,
          "status": "passed",
          "title": "should call function on click of the input field"
        },
        {
          "ancestorTitles": ["File Input Component -> Unit Testing"],
          "failureMessages": [],
          "fullName": "File Input Component -> Unit Testing should simulate click event of the input field",
          "location": null,
          "status": "passed",
          "title": "should simulate click event of the input field"
        },
        {
          "ancestorTitles": ["File Input Component -> Unit Testing"],
          "failureMessages": [],
          "fullName": "File Input Component -> Unit Testing should render with prop \"multiple\" to distinguish multiple or single file",
          "location": null,
          "status": "passed",
          "title": "should render with prop \"multiple\" to distinguish multiple or single file"
        },
        {
          "ancestorTitles": ["File Input Component -> Unit Testing"],
          "failureMessages": [],
          "fullName": "File Input Component -> Unit Testing should render input correctly",
          "location": null,
          "status": "passed",
          "title": "should render input correctly"
        }
      ],
      "endTime": 1576739212873,
      "message": "",
      "name": "C:\\Users\\salkapoo\\Desktop\\Learning\\React\\lib\\components\\atoms\\Input\\tests\\Input.test.js",
      "startTime": 1576739212206,
      "status": "passed",
      "summary": ""
    },
    {
      "assertionResults": [
        {
          "ancestorTitles": ["Image Component with styles"],
          "failureMessages": [],
          "fullName": "Image Component with styles should render correctly and match snapshots",
          "location": null,
          "status": "passed",
          "title": "should render correctly and match snapshots"
        },
        {
          "ancestorTitles": ["Image Component with styles"],
          "failureMessages": [],
          "fullName": "Image Component with styles should render correctly with lazy load",
          "location": null,
          "status": "passed",
          "title": "should render correctly with lazy load"
        }
      ],
      "endTime": 1576739213247,
      "message": "",
      "name": "C:\\Users\\salkapoo\\Desktop\\Learning\\React\\lib\\components\\atoms\\Image\\tests\\Image.style.test.js",
      "startTime": 1576739212680,
      "status": "passed",
      "summary": ""
    },
    {
      "assertionResults": [
        {
          "ancestorTitles": ["<ArticleThumbnail />"],
          "failureMessages": [],
          "fullName": "<ArticleThumbnail /> should render correctly with Readmore",
          "location": null,
          "status": "passed",
          "title": "should render correctly with Readmore"
        },
        {
          "ancestorTitles": ["<ArticleThumbnail />"],
          "failureMessages": [],
          "fullName": "<ArticleThumbnail /> should render correctly with full clickable thumb",
          "location": null,
          "status": "passed",
          "title": "should render correctly with full clickable thumb"
        }
      ],
      "endTime": 1576739213471,
      "message": "",
      "name": "C:\\Users\\salkapoo\\Desktop\\Learning\\React\\lib\\components\\molecules\\ArticleThumbnail\\tests\\ArticleThumbnail.test.js",
      "startTime": 1576739212961,
      "status": "passed",
      "summary": ""
    },
    {
      "assertionResults": [
        {
          "ancestorTitles": ["Select Styled component"],
          "failureMessages": [],
          "fullName": "Select Styled component should render correctly",
          "location": null,
          "status": "passed",
          "title": "should render correctly"
        }
      ],
      "endTime": 1576739214058,
      "message": "",
      "name": "C:\\Users\\salkapoo\\Desktop\\Learning\\React\\lib\\components\\atoms\\Select\\tests\\Select.style.test.js",
      "startTime": 1576739213578,
      "status": "passed",
      "summary": ""
    },
    {
      "assertionResults": [
        {
          "ancestorTitles": ["Input Styled component"],
          "failureMessages": [],
          "fullName": "Input Styled component should render correctly",
          "location": null,
          "status": "passed",
          "title": "should render correctly"
        }
      ],
      "endTime": 1576739214520,
      "message": "",
      "name": "C:\\Users\\salkapoo\\Desktop\\Learning\\React\\lib\\components\\atoms\\Input\\tests\\Input.style.test.js",
      "startTime": 1576739214072,
      "status": "passed",
      "summary": ""
    },
    {
      "assertionResults": [
        {
          "ancestorTitles": ["Heading Component"],
          "failureMessages": [],
          "fullName": "Heading Component should render correctly and match snapshot",
          "location": null,
          "status": "passed",
          "title": "should render correctly and match snapshot"
        },
        {
          "ancestorTitles": ["Heading Component"],
          "failureMessages": [],
          "fullName": "Heading Component should check the custom locator of heading",
          "location": null,
          "status": "passed",
          "title": "should check the custom locator of heading"
        },
        {
          "ancestorTitles": ["Heading Component"],
          "failureMessages": [],
          "fullName": "Heading Component should check the default locator of heading",
          "location": null,
          "status": "passed",
          "title": "should check the default locator of heading"
        }
      ],
      "endTime": 1576739214694,
      "message": "",
      "name": "C:\\Users\\salkapoo\\Desktop\\Learning\\React\\lib\\components\\atoms\\Heading\\tests\\Heading.test.js",
      "startTime": 1576739214300,
      "status": "passed",
      "summary": ""
    },
    {
      "assertionResults": [
        {
          "ancestorTitles": ["Modal Component"],
          "failureMessages": [],
          "fullName": "Modal Component should render Modal correctly",
          "location": null,
          "status": "passed",
          "title": "should render Modal correctly"
        }
      ],
      "endTime": 1576739214891,
      "message": "",
      "name": "C:\\Users\\salkapoo\\Desktop\\Learning\\React\\lib\\components\\molecules\\Modal\\tests\\Modal.test.js",
      "startTime": 1576739214450,
      "status": "passed",
      "summary": ""
    },
    {
      "assertionResults": [
        {
          "ancestorTitles": ["<Blockquote />"],
          "failureMessages": [],
          "fullName": "<Blockquote /> should render blockquote",
          "location": null,
          "status": "passed",
          "title": "should render blockquote"
        },
        {
          "ancestorTitles": ["<Blockquote />"],
          "failureMessages": [],
          "fullName": "<Blockquote /> should render content",
          "location": null,
          "status": "passed",
          "title": "should render content"
        },
        {
          "ancestorTitles": ["<Blockquote />"],
          "failureMessages": [],
          "fullName": "<Blockquote /> check quoteContent value passed in",
          "location": null,
          "status": "passed",
          "title": "check quoteContent value passed in"
        },
        {
          "ancestorTitles": ["<Blockquote />"],
          "failureMessages": [],
          "fullName": "<Blockquote /> check quoteAuthor value passed in",
          "location": null,
          "status": "passed",
          "title": "check quoteAuthor value passed in"
        },
        {
          "ancestorTitles": ["<Blockquote />"],
          "failureMessages": [],
          "fullName": "<Blockquote /> should render author name",
          "location": null,
          "status": "passed",
          "title": "should render author name"
        },
        {
          "ancestorTitles": ["<Blockquote />"],
          "failureMessages": [],
          "fullName": "<Blockquote /> should render correctly",
          "location": null,
          "status": "passed",
          "title": "should render correctly"
        }
      ],
      "endTime": 1576739215164,
      "message": "",
      "name": "C:\\Users\\salkapoo\\Desktop\\Learning\\React\\lib\\components\\molecules\\Blockquote\\tests\\Blockquote.test.js",
      "startTime": 1576739214696,
      "status": "passed",
      "summary": ""
    },
    {
      "assertionResults": [
        {
          "ancestorTitles": ["FieldError Component"],
          "failureMessages": [],
          "fullName": "FieldError Component should render correctly",
          "location": null,
          "status": "passed",
          "title": "should render correctly"
        },
        {
          "ancestorTitles": ["FieldError Component"],
          "failureMessages": [],
          "fullName": "FieldError Component should check the element locator of field error",
          "location": null,
          "status": "passed",
          "title": "should check the element locator of field error"
        },
        {
          "ancestorTitles": ["FieldError Component"],
          "failureMessages": [],
          "fullName": "FieldError Component should check the default slnid of field error",
          "location": null,
          "status": "passed",
          "title": "should check the default slnid of field error"
        }
      ],
      "endTime": 1576739215220,
      "message": "",
      "name": "C:\\Users\\salkapoo\\Desktop\\Learning\\React\\lib\\components\\atoms\\FieldError\\tests\\FieldError.test.js",
      "startTime": 1576739214729,
      "status": "passed",
      "summary": ""
    },
    {
      "assertionResults": [
        {
          "ancestorTitles": ["Image Component"],
          "failureMessages": [],
          "fullName": "Image Component should render correctly and match snapshots",
          "location": null,
          "status": "passed",
          "title": "should render correctly and match snapshots"
        },
        {
          "ancestorTitles": ["Image Component"],
          "failureMessages": [],
          "fullName": "Image Component should change image src on error",
          "location": null,
          "status": "passed",
          "title": "should change image src on error"
        },
        {
          "ancestorTitles": ["Image Component"],
          "failureMessages": [],
          "fullName": "Image Component should check the data attribute of image",
          "location": null,
          "status": "passed",
          "title": "should check the data attribute of image"
        },
        {
          "ancestorTitles": ["Image Component"],
          "failureMessages": [],
          "fullName": "Image Component should check the default locator of image",
          "location": null,
          "status": "passed",
          "title": "should check the default locator of image"
        }
      ],
      "endTime": 1576739215506,
      "message": "",
      "name": "C:\\Users\\salkapoo\\Desktop\\Learning\\React\\lib\\components\\atoms\\Image\\tests\\Image.test.js",
      "startTime": 1576739215073,
      "status": "passed",
      "summary": ""
    },
    {
      "assertionResults": [
        {
          "ancestorTitles": ["<Icon />"],
          "failureMessages": [],
          "fullName": "<Icon /> should render correctly",
          "location": null,
          "status": "passed",
          "title": "should render correctly"
        },
        {
          "ancestorTitles": ["<Icon />"],
          "failureMessages": [],
          "fullName": "<Icon /> should have id",
          "location": null,
          "status": "passed",
          "title": "should have id"
        }
      ],
      "endTime": 1576739215829,
      "message": "",
      "name": "C:\\Users\\salkapoo\\Desktop\\Learning\\React\\lib\\components\\atoms\\Icon\\tests\\Icon.test.js",
      "startTime": 1576739215369,
      "status": "passed",
      "summary": ""
    },
    {
      "assertionResults": [
        {
          "ancestorTitles": ["Para Component"],
          "failureMessages": [],
          "fullName": "Para Component should render correctly and match snapshot",
          "location": null,
          "status": "passed",
          "title": "should render correctly and match snapshot"
        },
        {
          "ancestorTitles": ["Para Component"],
          "failureMessages": [],
          "fullName": "Para Component should check the data attribute of para",
          "location": null,
          "status": "passed",
          "title": "should check the data attribute of para"
        }
      ],
      "endTime": 1576739215900,
      "message": "",
      "name": "C:\\Users\\salkapoo\\Desktop\\Learning\\React\\lib\\components\\atoms\\Para\\tests\\Para.test.js",
      "startTime": 1576739215512,
      "status": "passed",
      "summary": ""
    },
    {
      "assertionResults": [
        {
          "ancestorTitles": ["<TabPanel />"],
          "failureMessages": [],
          "fullName": "<TabPanel /> should render correctly",
          "location": null,
          "status": "passed",
          "title": "should render correctly"
        }
      ],
      "endTime": 1576739216400,
      "message": "",
      "name": "C:\\Users\\salkapoo\\Desktop\\Learning\\React\\lib\\components\\molecules\\Tabs\\TabPanel\\tests\\TabPanel.test.js",
      "startTime": 1576739216059,
      "status": "passed",
      "summary": ""
    },
    {
      "assertionResults": [
        {
          "ancestorTitles": ["Button"],
          "failureMessages": [],
          "fullName": "Button should render correctly",
          "location": null,
          "status": "passed",
          "title": "should render correctly"
        }
      ],
      "endTime": 1576739216441,
      "message": "",
      "name": "C:\\Users\\salkapoo\\Desktop\\Learning\\React\\lib\\components\\atoms\\Button\\tests\\Button.style.test.js",
      "startTime": 1576739215892,
      "status": "passed",
      "summary": ""
    },
    {
      "assertionResults": [
        {
          "ancestorTitles": ["Select Component"],
          "failureMessages": [],
          "fullName": "Select Component should render correctly",
          "location": null,
          "status": "passed",
          "title": "should render correctly"
        },
        {
          "ancestorTitles": ["Select Component"],
          "failureMessages": [],
          "fullName": "Select Component should check the data attribute of dropdown/select",
          "location": null,
          "status": "passed",
          "title": "should check the data attribute of dropdown/select"
        }
      ],
      "endTime": 1576739216773,
      "message": "",
      "name": "C:\\Users\\salkapoo\\Desktop\\Learning\\React\\lib\\components\\atoms\\Select\\tests\\Select.test.js",
      "startTime": 1576739216395,
      "status": "passed",
      "summary": ""
    },
    {
      "assertionResults": [
        {
          "ancestorTitles": ["<Tab />"],
          "failureMessages": [],
          "fullName": "<Tab /> should render correctly",
          "location": null,
          "status": "passed",
          "title": "should render correctly"
        }
      ],
      "endTime": 1576739216975,
      "message": "",
      "name": "C:\\Users\\salkapoo\\Desktop\\Learning\\React\\lib\\components\\molecules\\Tabs\\Tab\\tests\\Tab.test.js",
      "startTime": 1576739216540,
      "status": "passed",
      "summary": ""
    },
    {
      "assertionResults": [
        {
          "ancestorTitles": ["Select Styled component"],
          "failureMessages": [],
          "fullName": "Select Styled component should render correctly",
          "location": null,
          "status": "passed",
          "title": "should render correctly"
        }
      ],
      "endTime": 1576739217233,
      "message": "",
      "name": "C:\\Users\\salkapoo\\Desktop\\Learning\\React\\lib\\components\\atoms\\Textarea\\tests\\Textarea.style.test.js",
      "startTime": 1576739216741,
      "status": "passed",
      "summary": ""
    },
    {
      "assertionResults": [
        {
          "ancestorTitles": ["<Track />"],
          "failureMessages": [],
          "fullName": "<Track /> should render correctly",
          "location": null,
          "status": "passed",
          "title": "should render correctly"
        }
      ],
      "endTime": 1576739217495,
      "message": "",
      "name": "C:\\Users\\salkapoo\\Desktop\\Learning\\React\\lib\\components\\atoms\\Track\\tests\\Track.test.js",
      "startTime": 1576739217150,
      "status": "passed",
      "summary": ""
    },
    {
      "assertionResults": [
        {
          "ancestorTitles": ["<Textarea />"],
          "failureMessages": [],
          "fullName": "<Textarea /> should render correctly",
          "location": null,
          "status": "passed",
          "title": "should render correctly"
        },
        {
          "ancestorTitles": ["<Textarea />"],
          "failureMessages": [],
          "fullName": "<Textarea /> should check the data attribute of textarea",
          "location": null,
          "status": "passed",
          "title": "should check the data attribute of textarea"
        }
      ],
      "endTime": 1576739217814,
      "message": "",
      "name": "C:\\Users\\salkapoo\\Desktop\\Learning\\React\\lib\\components\\atoms\\Textarea\\tests\\Textarea.test.js",
      "startTime": 1576739217436,
      "status": "passed",
      "summary": ""
    },
    {
      "assertionResults": [
        {
          "ancestorTitles": ["Label Component"],
          "failureMessages": [],
          "fullName": "Label Component should render correctly",
          "location": null,
          "status": "passed",
          "title": "should render correctly"
        },
        {
          "ancestorTitles": ["Label Component"],
          "failureMessages": [],
          "fullName": "Label Component should check the data attribute of label",
          "location": null,
          "status": "passed",
          "title": "should check the data attribute of label"
        }
      ],
      "endTime": 1576739218155,
      "message": "",
      "name": "C:\\Users\\salkapoo\\Desktop\\Learning\\React\\lib\\components\\atoms\\Label\\tests\\Label.test.js",
      "startTime": 1576739217787,
      "status": "passed",
      "summary": ""
    },
    {
      "assertionResults": [
        {
          "ancestorTitles": ["Debug"],
          "failureMessages": [],
          "fullName": "Debug should render correctly",
          "location": null,
          "status": "passed",
          "title": "should render correctly"
        }
      ],
      "endTime": 1576739218379,
      "message": "",
      "name": "C:\\Users\\salkapoo\\Desktop\\Learning\\React\\lib\\components\\molecules\\Form\\Debug\\tests\\Debug.test.js",
      "startTime": 1576739217984,
      "status": "passed",
      "summary": ""
    },
    {
      "assertionResults": [
        {
          "ancestorTitles": ["Anchor Component"],
          "failureMessages": [],
          "fullName": "Anchor Component should render correctly and match snapshot",
          "location": null,
          "status": "passed",
          "title": "should render correctly and match snapshot"
        },
        {
          "ancestorTitles": ["Anchor Component"],
          "failureMessages": [],
          "fullName": "Anchor Component Should handle on typeahead focuson Events",
          "location": null,
          "status": "passed",
          "title": "Should handle on typeahead focuson Events"
        },
        {
          "ancestorTitles": ["Anchor Component"],
          "failureMessages": [],
          "fullName": "Anchor Component should check the data attribute of anchor",
          "location": null,
          "status": "passed",
          "title": "should check the data attribute of anchor"
        }
      ],
      "endTime": 1576739218634,
      "message": "",
      "name": "C:\\Users\\salkapoo\\Desktop\\Learning\\React\\lib\\components\\atoms\\Anchor\\tests\\Anchor.test.js",
      "startTime": 1576739218244,
      "status": "passed",
      "summary": ""
    }
  ],
  "wasInterrupted": false,
  "coverageMap": {
    "C:\\Users\\salkapoo\\Desktop\\Learning\\React\\lib\\components\\molecules\\List\\index.js": {
      "path": "C:\\Users\\salkapoo\\Desktop\\Learning\\React\\lib\\components\\molecules\\List\\index.js",
      "statementMap": {},
      "fnMap": {},
      "branchMap": {},
      "s": {},
      "f": {},
      "b": {},
      "_coverageSchema": "43e27e138ebf9cfc5966b082cf9a028302ed4184",
      "hash": "e6ed33eef63cfbac1e02370700bed1202dc85cdb"
    },
    "C:\\Users\\salkapoo\\Desktop\\Learning\\React\\lib\\components\\molecules\\List\\List.js": {
      "path": "C:\\Users\\salkapoo\\Desktop\\Learning\\React\\lib\\components\\molecules\\List\\List.js",
      "statementMap": {
        "0": { "start": { "line": 26, "column": 13 }, "end": { "line": 30, "column": 1 } },
        "1": { "start": { "line": 27, "column": 2 }, "end": { "line": 29, "column": 13 } },
        "2": { "start": { "line": 32, "column": 0 }, "end": { "line": 41, "column": 2 } }
      },
      "fnMap": {
        "0": {
          "name": "(anonymous_0)",
          "decl": { "start": { "line": 26, "column": 13 }, "end": { "line": 26, "column": 14 } },
          "loc": { "start": { "line": 27, "column": 2 }, "end": { "line": 29, "column": 13 } },
          "line": 27
        }
      },
      "branchMap": {
        "0": {
          "loc": { "start": { "line": 26, "column": 27 }, "end": { "line": 26, "column": 42 } },
          "type": "default-arg",
          "locations": [
            { "start": { "line": 26, "column": 38 }, "end": { "line": 26, "column": 42 } }
          ],
          "line": 26
        }
      },
      "s": { "0": 4, "1": 8, "2": 4 },
      "f": { "0": 8 },
      "b": { "0": [0] },
      "_coverageSchema": "43e27e138ebf9cfc5966b082cf9a028302ed4184",
      "hash": "6d515ac3b902b56ec5186ac3f6a5eeae5654fd62"
    },
    "C:\\Users\\salkapoo\\Desktop\\Learning\\React\\lib\\components\\molecules\\List\\List.style.js": {
      "path": "C:\\Users\\salkapoo\\Desktop\\Learning\\React\\lib\\components\\molecules\\List\\List.style.js",
      "statementMap": {
        "0": { "start": { "line": 4, "column": 25 }, "end": { "line": 4, "column": 51 } },
        "1": { "start": { "line": 6, "column": 30 }, "end": { "line": 6, "column": 56 } },
        "2": { "start": { "line": 9, "column": 4 }, "end": { "line": 15, "column": 10 } },
        "3": { "start": { "line": 18, "column": 4 }, "end": { "line": 24, "column": 10 } },
        "4": { "start": { "line": 27, "column": 4 }, "end": { "line": 32, "column": 10 } },
        "5": { "start": { "line": 35, "column": 4 }, "end": { "line": 42, "column": 10 } },
        "6": { "start": { "line": 45, "column": 4 }, "end": { "line": 61, "column": 10 } },
        "7": { "start": { "line": 63, "column": 14 }, "end": { "line": 63, "column": 64 } }
      },
      "fnMap": {
        "0": {
          "name": "(anonymous_0)",
          "decl": { "start": { "line": 4, "column": 16 }, "end": { "line": 4, "column": 17 } },
          "loc": { "start": { "line": 4, "column": 25 }, "end": { "line": 4, "column": 51 } },
          "line": 4
        },
        "1": {
          "name": "(anonymous_1)",
          "decl": { "start": { "line": 6, "column": 21 }, "end": { "line": 6, "column": 22 } },
          "loc": { "start": { "line": 6, "column": 30 }, "end": { "line": 6, "column": 56 } },
          "line": 6
        },
        "2": {
          "name": "(anonymous_2)",
          "decl": { "start": { "line": 8, "column": 4 }, "end": { "line": 8, "column": 5 } },
          "loc": { "start": { "line": 9, "column": 4 }, "end": { "line": 15, "column": 10 } },
          "line": 9
        },
        "3": {
          "name": "(anonymous_3)",
          "decl": { "start": { "line": 17, "column": 4 }, "end": { "line": 17, "column": 5 } },
          "loc": { "start": { "line": 18, "column": 4 }, "end": { "line": 24, "column": 10 } },
          "line": 18
        },
        "4": {
          "name": "(anonymous_4)",
          "decl": { "start": { "line": 26, "column": 4 }, "end": { "line": 26, "column": 5 } },
          "loc": { "start": { "line": 27, "column": 4 }, "end": { "line": 32, "column": 10 } },
          "line": 27
        },
        "5": {
          "name": "(anonymous_5)",
          "decl": { "start": { "line": 34, "column": 4 }, "end": { "line": 34, "column": 5 } },
          "loc": { "start": { "line": 35, "column": 4 }, "end": { "line": 42, "column": 10 } },
          "line": 35
        },
        "6": {
          "name": "(anonymous_6)",
          "decl": { "start": { "line": 44, "column": 4 }, "end": { "line": 44, "column": 5 } },
          "loc": { "start": { "line": 45, "column": 4 }, "end": { "line": 61, "column": 10 } },
          "line": 45
        },
        "7": {
          "name": "(anonymous_7)",
          "decl": { "start": { "line": 63, "column": 4 }, "end": { "line": 63, "column": 5 } },
          "loc": { "start": { "line": 63, "column": 14 }, "end": { "line": 63, "column": 64 } },
          "line": 63
        }
      },
      "branchMap": {
        "0": {
          "loc": { "start": { "line": 9, "column": 4 }, "end": { "line": 15, "column": 10 } },
          "type": "cond-expr",
          "locations": [
            { "start": { "line": 10, "column": 8 }, "end": { "line": 14, "column": 7 } },
            { "start": { "line": 15, "column": 8 }, "end": { "line": 15, "column": 10 } }
          ],
          "line": 9
        },
        "1": {
          "loc": { "start": { "line": 18, "column": 4 }, "end": { "line": 24, "column": 10 } },
          "type": "cond-expr",
          "locations": [
            { "start": { "line": 19, "column": 8 }, "end": { "line": 23, "column": 7 } },
            { "start": { "line": 24, "column": 8 }, "end": { "line": 24, "column": 10 } }
          ],
          "line": 18
        },
        "2": {
          "loc": { "start": { "line": 27, "column": 4 }, "end": { "line": 32, "column": 10 } },
          "type": "cond-expr",
          "locations": [
            { "start": { "line": 28, "column": 8 }, "end": { "line": 31, "column": 7 } },
            { "start": { "line": 32, "column": 8 }, "end": { "line": 32, "column": 10 } }
          ],
          "line": 27
        },
        "3": {
          "loc": { "start": { "line": 35, "column": 4 }, "end": { "line": 42, "column": 10 } },
          "type": "cond-expr",
          "locations": [
            { "start": { "line": 36, "column": 8 }, "end": { "line": 41, "column": 7 } },
            { "start": { "line": 42, "column": 8 }, "end": { "line": 42, "column": 10 } }
          ],
          "line": 35
        },
        "4": {
          "loc": { "start": { "line": 45, "column": 4 }, "end": { "line": 61, "column": 10 } },
          "type": "cond-expr",
          "locations": [
            { "start": { "line": 46, "column": 8 }, "end": { "line": 60, "column": 7 } },
            { "start": { "line": 61, "column": 8 }, "end": { "line": 61, "column": 10 } }
          ],
          "line": 45
        },
        "5": {
          "loc": { "start": { "line": 63, "column": 14 }, "end": { "line": 63, "column": 64 } },
          "type": "cond-expr",
          "locations": [
            { "start": { "line": 63, "column": 38 }, "end": { "line": 63, "column": 59 } },
            { "start": { "line": 63, "column": 62 }, "end": { "line": 63, "column": 64 } }
          ],
          "line": 63
        }
      },
      "s": { "0": 7, "1": 7, "2": 7, "3": 7, "4": 7, "5": 7, "6": 7, "7": 7 },
      "f": { "0": 7, "1": 7, "2": 7, "3": 7, "4": 7, "5": 7, "6": 7, "7": 7 },
      "b": { "0": [0, 7], "1": [3, 4], "2": [3, 4], "3": [3, 4], "4": [0, 7], "5": [0, 7] },
      "_coverageSchema": "43e27e138ebf9cfc5966b082cf9a028302ed4184",
      "hash": "2a8078f475a5de50d584e828eadbb839f5b43512"
    },
    "C:\\Users\\salkapoo\\Desktop\\Learning\\React\\lib\\components\\molecules\\Form\\FieldFileInput\\FieldFileInput.js": {
      "path": "C:\\Users\\salkapoo\\Desktop\\Learning\\React\\lib\\components\\molecules\\Form\\FieldFileInput\\FieldFileInput.js",
      "statementMap": {
        "0": { "start": { "line": 14, "column": 23 }, "end": { "line": 67, "column": 1 } },
        "1": { "start": { "line": 26, "column": 20 }, "end": { "line": 26, "column": 37 } },
        "2": { "start": { "line": 27, "column": 29 }, "end": { "line": 27, "column": 48 } },
        "3": { "start": { "line": 29, "column": 2 }, "end": { "line": 66, "column": 4 } },
        "4": { "start": { "line": 39, "column": 47 }, "end": { "line": 39, "column": 51 } },
        "5": { "start": { "line": 40, "column": 10 }, "end": { "line": 55, "column": 12 } },
        "6": { "start": { "line": 47, "column": 16 }, "end": { "line": 47, "column": 32 } },
        "7": { "start": { "line": 48, "column": 16 }, "end": { "line": 48, "column": 48 } },
        "8": { "start": { "line": 48, "column": 30 }, "end": { "line": 48, "column": 48 } },
        "9": { "start": { "line": 51, "column": 16 }, "end": { "line": 51, "column": 30 } },
        "10": { "start": { "line": 52, "column": 16 }, "end": { "line": 52, "column": 44 } },
        "11": { "start": { "line": 52, "column": 28 }, "end": { "line": 52, "column": 44 } },
        "12": { "start": { "line": 59, "column": 52 }, "end": { "line": 59, "column": 77 } },
        "13": { "start": { "line": 69, "column": 0 }, "end": { "line": 79, "column": 2 } }
      },
      "fnMap": {
        "0": {
          "name": "(anonymous_0)",
          "decl": { "start": { "line": 14, "column": 23 }, "end": { "line": 14, "column": 24 } },
          "loc": { "start": { "line": 25, "column": 33 }, "end": { "line": 67, "column": 1 } },
          "line": 25
        },
        "1": {
          "name": "(anonymous_1)",
          "decl": { "start": { "line": 38, "column": 16 }, "end": { "line": 38, "column": 17 } },
          "loc": { "start": { "line": 38, "column": 37 }, "end": { "line": 56, "column": 9 } },
          "line": 38
        },
        "2": {
          "name": "(anonymous_2)",
          "decl": { "start": { "line": 46, "column": 24 }, "end": { "line": 46, "column": 25 } },
          "loc": { "start": { "line": 46, "column": 29 }, "end": { "line": 49, "column": 15 } },
          "line": 46
        },
        "3": {
          "name": "(anonymous_3)",
          "decl": { "start": { "line": 50, "column": 22 }, "end": { "line": 50, "column": 23 } },
          "loc": { "start": { "line": 50, "column": 27 }, "end": { "line": 53, "column": 15 } },
          "line": 50
        },
        "4": {
          "name": "(anonymous_4)",
          "decl": { "start": { "line": 59, "column": 46 }, "end": { "line": 59, "column": 47 } },
          "loc": { "start": { "line": 59, "column": 52 }, "end": { "line": 59, "column": 77 } },
          "line": 59
        }
      },
      "branchMap": {
        "0": {
          "loc": { "start": { "line": 48, "column": 16 }, "end": { "line": 48, "column": 48 } },
          "type": "if",
          "locations": [
            { "start": { "line": 48, "column": 16 }, "end": { "line": 48, "column": 48 } },
            { "start": { "line": 48, "column": 16 }, "end": { "line": 48, "column": 48 } }
          ],
          "line": 48
        },
        "1": {
          "loc": { "start": { "line": 52, "column": 16 }, "end": { "line": 52, "column": 44 } },
          "type": "if",
          "locations": [
            { "start": { "line": 52, "column": 16 }, "end": { "line": 52, "column": 44 } },
            { "start": { "line": 52, "column": 16 }, "end": { "line": 52, "column": 44 } }
          ],
          "line": 52
        }
      },
      "s": {
        "0": 5,
        "1": 10,
        "2": 10,
        "3": 10,
        "4": 0,
        "5": 0,
        "6": 0,
        "7": 0,
        "8": 0,
        "9": 0,
        "10": 0,
        "11": 0,
        "12": 0,
        "13": 5
      },
      "f": { "0": 10, "1": 0, "2": 0, "3": 0, "4": 0 },
      "b": { "0": [0, 0], "1": [0, 0] },
      "_coverageSchema": "43e27e138ebf9cfc5966b082cf9a028302ed4184",
      "hash": "7ecd3c7ecfdbf13cd025def52186ee2afbb3cd7c"
    },
    "C:\\Users\\salkapoo\\Desktop\\Learning\\React\\lib\\components\\atoms\\Input\\index.js": {
      "path": "C:\\Users\\salkapoo\\Desktop\\Learning\\React\\lib\\components\\atoms\\Input\\index.js",
      "statementMap": {},
      "fnMap": {},
      "branchMap": {},
      "s": {},
      "f": {},
      "b": {},
      "_coverageSchema": "43e27e138ebf9cfc5966b082cf9a028302ed4184",
      "hash": "cd42bedb546450c9b591b50481088d1886c57359"
    },
    "C:\\Users\\salkapoo\\Desktop\\Learning\\React\\lib\\components\\atoms\\Input\\Input.js": {
      "path": "C:\\Users\\salkapoo\\Desktop\\Learning\\React\\lib\\components\\atoms\\Input\\Input.js",
      "statementMap": {
        "0": { "start": { "line": 19, "column": 14 }, "end": { "line": 37, "column": 1 } },
        "1": { "start": { "line": 24, "column": 4 }, "end": { "line": 35, "column": 6 } },
        "2": { "start": { "line": 38, "column": 0 }, "end": { "line": 45, "column": 2 } }
      },
      "fnMap": {
        "0": {
          "name": "(anonymous_0)",
          "decl": { "start": { "line": 20, "column": 2 }, "end": { "line": 20, "column": 3 } },
          "loc": { "start": { "line": 24, "column": 4 }, "end": { "line": 35, "column": 6 } },
          "line": 24
        }
      },
      "branchMap": {
        "0": {
          "loc": { "start": { "line": 31, "column": 13 }, "end": { "line": 31, "column": 48 } },
          "type": "cond-expr",
          "locations": [
            { "start": { "line": 31, "column": 31 }, "end": { "line": 31, "column": 36 } },
            { "start": { "line": 31, "column": 39 }, "end": { "line": 31, "column": 48 } }
          ],
          "line": 31
        },
        "1": {
          "loc": { "start": { "line": 33, "column": 20 }, "end": { "line": 33, "column": 61 } },
          "type": "binary-expr",
          "locations": [
            { "start": { "line": 33, "column": 20 }, "end": { "line": 33, "column": 34 } },
            { "start": { "line": 33, "column": 38 }, "end": { "line": 33, "column": 61 } }
          ],
          "line": 33
        }
      },
      "s": { "0": 9, "1": 10, "2": 9 },
      "f": { "0": 10 },
      "b": { "0": [5, 5], "1": [10, 3] },
      "_coverageSchema": "43e27e138ebf9cfc5966b082cf9a028302ed4184",
      "hash": "d69cec35e036b0219cbd576a4d8163e7ec67219f"
    },
    "C:\\Users\\salkapoo\\Desktop\\Learning\\React\\lib\\components\\atoms\\Input\\Input.style.js": {
      "path": "C:\\Users\\salkapoo\\Desktop\\Learning\\React\\lib\\components\\atoms\\Input\\Input.style.js",
      "statementMap": {
        "0": { "start": { "line": 3, "column": 15 }, "end": { "line": 20, "column": 1 } },
        "1": { "start": { "line": 4, "column": 13 }, "end": { "line": 9, "column": 3 } },
        "2": { "start": { "line": 12, "column": 4 }, "end": { "line": 17, "column": 10 } },
        "3": { "start": { "line": 19, "column": 14 }, "end": { "line": 19, "column": 64 } }
      },
      "fnMap": {
        "0": {
          "name": "(anonymous_0)",
          "decl": { "start": { "line": 4, "column": 4 }, "end": { "line": 4, "column": 5 } },
          "loc": { "start": { "line": 4, "column": 13 }, "end": { "line": 9, "column": 3 } },
          "line": 4
        },
        "1": {
          "name": "(anonymous_1)",
          "decl": { "start": { "line": 11, "column": 4 }, "end": { "line": 11, "column": 5 } },
          "loc": { "start": { "line": 12, "column": 4 }, "end": { "line": 17, "column": 10 } },
          "line": 12
        },
        "2": {
          "name": "(anonymous_2)",
          "decl": { "start": { "line": 19, "column": 4 }, "end": { "line": 19, "column": 5 } },
          "loc": { "start": { "line": 19, "column": 14 }, "end": { "line": 19, "column": 64 } },
          "line": 19
        }
      },
      "branchMap": {
        "0": {
          "loc": { "start": { "line": 12, "column": 4 }, "end": { "line": 17, "column": 10 } },
          "type": "cond-expr",
          "locations": [
            { "start": { "line": 13, "column": 8 }, "end": { "line": 16, "column": 5 } },
            { "start": { "line": 17, "column": 8 }, "end": { "line": 17, "column": 10 } }
          ],
          "line": 12
        },
        "1": {
          "loc": { "start": { "line": 19, "column": 14 }, "end": { "line": 19, "column": 64 } },
          "type": "cond-expr",
          "locations": [
            { "start": { "line": 19, "column": 38 }, "end": { "line": 19, "column": 59 } },
            { "start": { "line": 19, "column": 62 }, "end": { "line": 19, "column": 64 } }
          ],
          "line": 19
        }
      },
      "s": { "0": 9, "1": 3, "2": 3, "3": 3 },
      "f": { "0": 3, "1": 3, "2": 3 },
      "b": { "0": [0, 3], "1": [0, 3] },
      "_coverageSchema": "43e27e138ebf9cfc5966b082cf9a028302ed4184",
      "hash": "cde35fbe637a482bff244e03e4651253f06c1cfd"
    },
    "C:\\Users\\salkapoo\\Desktop\\Learning\\React\\lib\\components\\atoms\\Label\\index.js": {
      "path": "C:\\Users\\salkapoo\\Desktop\\Learning\\React\\lib\\components\\atoms\\Label\\index.js",
      "statementMap": {},
      "fnMap": {},
      "branchMap": {},
      "s": {},
      "f": {},
      "b": {},
      "_coverageSchema": "43e27e138ebf9cfc5966b082cf9a028302ed4184",
      "hash": "4ed76af962a04900c91816167afac8305a050802"
    },
    "C:\\Users\\salkapoo\\Desktop\\Learning\\React\\lib\\components\\atoms\\Label\\Label.js": {
      "path": "C:\\Users\\salkapoo\\Desktop\\Learning\\React\\lib\\components\\atoms\\Label\\Label.js",
      "statementMap": {
        "0": { "start": { "line": 14, "column": 14 }, "end": { "line": 25, "column": 1 } },
        "1": { "start": { "line": 17, "column": 2 }, "end": { "line": 24, "column": 10 } },
        "2": { "start": { "line": 27, "column": 0 }, "end": { "line": 30, "column": 2 } }
      },
      "fnMap": {
        "0": {
          "name": "(anonymous_0)",
          "decl": { "start": { "line": 14, "column": 14 }, "end": { "line": 14, "column": 15 } },
          "loc": { "start": { "line": 17, "column": 2 }, "end": { "line": 24, "column": 10 } },
          "line": 17
        }
      },
      "branchMap": {
        "0": {
          "loc": { "start": { "line": 20, "column": 18 }, "end": { "line": 20, "column": 88 } },
          "type": "binary-expr",
          "locations": [
            { "start": { "line": 20, "column": 18 }, "end": { "line": 20, "column": 32 } },
            { "start": { "line": 20, "column": 36 }, "end": { "line": 20, "column": 88 } }
          ],
          "line": 20
        }
      },
      "s": { "0": 8, "1": 9, "2": 8 },
      "f": { "0": 9 },
      "b": { "0": [9, 8] },
      "_coverageSchema": "43e27e138ebf9cfc5966b082cf9a028302ed4184",
      "hash": "a039b54a65662521875a3858e55cb032120bda90"
    },
    "C:\\Users\\salkapoo\\Desktop\\Learning\\React\\lib\\core\\utils\\elementLocator.js": {
      "path": "C:\\Users\\salkapoo\\Desktop\\Learning\\React\\lib\\core\\utils\\elementLocator.js",
      "statementMap": {
        "0": { "start": { "line": 4, "column": 36 }, "end": { "line": 20, "column": 1 } },
        "1": { "start": { "line": 5, "column": 14 }, "end": { "line": 5, "column": 16 } },
        "2": { "start": { "line": 7, "column": 2 }, "end": { "line": 18, "column": 5 } },
        "3": { "start": { "line": 8, "column": 24 }, "end": { "line": 8, "column": 29 } },
        "4": { "start": { "line": 10, "column": 4 }, "end": { "line": 16, "column": 5 } },
        "5": { "start": { "line": 11, "column": 6 }, "end": { "line": 15, "column": 9 } },
        "6": { "start": { "line": 12, "column": 8 }, "end": { "line": 12, "column": 78 } },
        "7": { "start": { "line": 13, "column": 8 }, "end": { "line": 13, "column": 51 } },
        "8": { "start": { "line": 13, "column": 30 }, "end": { "line": 13, "column": 51 } },
        "9": { "start": { "line": 14, "column": 8 }, "end": { "line": 14, "column": 29 } },
        "10": { "start": { "line": 17, "column": 4 }, "end": { "line": 17, "column": 45 } },
        "11": { "start": { "line": 19, "column": 2 }, "end": { "line": 19, "column": 29 } }
      },
      "fnMap": {
        "0": {
          "name": "(anonymous_0)",
          "decl": { "start": { "line": 4, "column": 36 }, "end": { "line": 4, "column": 37 } },
          "loc": { "start": { "line": 4, "column": 48 }, "end": { "line": 20, "column": 1 } },
          "line": 4
        },
        "1": {
          "name": "(anonymous_1)",
          "decl": { "start": { "line": 7, "column": 34 }, "end": { "line": 7, "column": 35 } },
          "loc": { "start": { "line": 7, "column": 57 }, "end": { "line": 18, "column": 3 } },
          "line": 7
        },
        "2": {
          "name": "(anonymous_2)",
          "decl": { "start": { "line": 11, "column": 28 }, "end": { "line": 11, "column": 29 } },
          "loc": { "start": { "line": 11, "column": 51 }, "end": { "line": 15, "column": 7 } },
          "line": 11
        }
      },
      "branchMap": {
        "0": {
          "loc": { "start": { "line": 10, "column": 4 }, "end": { "line": 16, "column": 5 } },
          "type": "if",
          "locations": [
            { "start": { "line": 10, "column": 4 }, "end": { "line": 16, "column": 5 } },
            { "start": { "line": 10, "column": 4 }, "end": { "line": 16, "column": 5 } }
          ],
          "line": 10
        },
        "1": {
          "loc": { "start": { "line": 12, "column": 20 }, "end": { "line": 12, "column": 67 } },
          "type": "cond-expr",
          "locations": [
            { "start": { "line": 12, "column": 59 }, "end": { "line": 12, "column": 61 } },
            { "start": { "line": 12, "column": 64 }, "end": { "line": 12, "column": 67 } }
          ],
          "line": 12
        },
        "2": {
          "loc": { "start": { "line": 12, "column": 20 }, "end": { "line": 12, "column": 56 } },
          "type": "binary-expr",
          "locations": [
            { "start": { "line": 12, "column": 20 }, "end": { "line": 12, "column": 36 } },
            { "start": { "line": 12, "column": 40 }, "end": { "line": 12, "column": 56 } }
          ],
          "line": 12
        },
        "3": {
          "loc": { "start": { "line": 13, "column": 8 }, "end": { "line": 13, "column": 51 } },
          "type": "if",
          "locations": [
            { "start": { "line": 13, "column": 8 }, "end": { "line": 13, "column": 51 } },
            { "start": { "line": 13, "column": 8 }, "end": { "line": 13, "column": 51 } }
          ],
          "line": 13
        },
        "4": {
          "loc": { "start": { "line": 17, "column": 11 }, "end": { "line": 17, "column": 44 } },
          "type": "binary-expr",
          "locations": [
            { "start": { "line": 17, "column": 11 }, "end": { "line": 17, "column": 24 } },
            { "start": { "line": 17, "column": 28 }, "end": { "line": 17, "column": 44 } }
          ],
          "line": 17
        }
      },
      "s": {
        "0": 21,
        "1": 32,
        "2": 32,
        "3": 30,
        "4": 30,
        "5": 30,
        "6": 46,
        "7": 46,
        "8": 16,
        "9": 46,
        "10": 30,
        "11": 32
      },
      "f": { "0": 32, "1": 30, "2": 46 },
      "b": { "0": [30, 0], "1": [30, 16], "2": [46, 46], "3": [16, 30], "4": [30, 14] },
      "_coverageSchema": "43e27e138ebf9cfc5966b082cf9a028302ed4184",
      "hash": "b0fd76357a9e70afaf2d081d76cf24849832eeb2"
    },
    "C:\\Users\\salkapoo\\Desktop\\Learning\\React\\lib\\components\\atoms\\Button\\index.js": {
      "path": "C:\\Users\\salkapoo\\Desktop\\Learning\\React\\lib\\components\\atoms\\Button\\index.js",
      "statementMap": {},
      "fnMap": {},
      "branchMap": {},
      "s": {},
      "f": {},
      "b": {},
      "_coverageSchema": "43e27e138ebf9cfc5966b082cf9a028302ed4184",
      "hash": "c95f27066a78bd37fa9f7cbc12c57f5c5cead05c"
    },
    "C:\\Users\\salkapoo\\Desktop\\Learning\\React\\lib\\components\\atoms\\Button\\Button.js": {
      "path": "C:\\Users\\salkapoo\\Desktop\\Learning\\React\\lib\\components\\atoms\\Button\\Button.js",
      "statementMap": {
        "0": { "start": { "line": 22, "column": 15 }, "end": { "line": 45, "column": 1 } },
        "1": { "start": { "line": 35, "column": 2 }, "end": { "line": 44, "column": 11 } },
        "2": { "start": { "line": 47, "column": 0 }, "end": { "line": 57, "column": 2 } }
      },
      "fnMap": {
        "0": {
          "name": "(anonymous_0)",
          "decl": { "start": { "line": 22, "column": 15 }, "end": { "line": 22, "column": 16 } },
          "loc": { "start": { "line": 35, "column": 2 }, "end": { "line": 44, "column": 11 } },
          "line": 35
        }
      },
      "branchMap": {
        "0": {
          "loc": { "start": { "line": 36, "column": 16 }, "end": { "line": 36, "column": 33 } },
          "type": "binary-expr",
          "locations": [
            { "start": { "line": 36, "column": 16 }, "end": { "line": 36, "column": 25 } },
            { "start": { "line": 36, "column": 29 }, "end": { "line": 36, "column": 33 } }
          ],
          "line": 36
        },
        "1": {
          "loc": { "start": { "line": 40, "column": 18 }, "end": { "line": 40, "column": 86 } },
          "type": "binary-expr",
          "locations": [
            { "start": { "line": 40, "column": 18 }, "end": { "line": 40, "column": 32 } },
            { "start": { "line": 40, "column": 36 }, "end": { "line": 40, "column": 86 } }
          ],
          "line": 40
        }
      },
      "s": { "0": 9, "1": 10, "2": 9 },
      "f": { "0": 10 },
      "b": { "0": [10, 9], "1": [10, 9] },
      "_coverageSchema": "43e27e138ebf9cfc5966b082cf9a028302ed4184",
      "hash": "ea2997410542af80f5ecab9ff8f3b33752a155c9"
    },
    "C:\\Users\\salkapoo\\Desktop\\Learning\\React\\lib\\components\\atoms\\Button\\Button.style.js": {
      "path": "C:\\Users\\salkapoo\\Desktop\\Learning\\React\\lib\\components\\atoms\\Button\\Button.style.js",
      "statementMap": {
        "0": { "start": { "line": 3, "column": 21 }, "end": { "line": 29, "column": 1 } },
        "1": { "start": { "line": 8, "column": 22 }, "end": { "line": 8, "column": 64 } },
        "2": { "start": { "line": 9, "column": 13 }, "end": { "line": 13, "column": 3 } },
        "3": { "start": { "line": 14, "column": 13 }, "end": { "line": 14, "column": 69 } },
        "4": { "start": { "line": 16, "column": 4 }, "end": { "line": 21, "column": 10 } },
        "5": { "start": { "line": 22, "column": 13 }, "end": { "line": 22, "column": 48 } },
        "6": { "start": { "line": 28, "column": 14 }, "end": { "line": 28, "column": 64 } }
      },
      "fnMap": {
        "0": {
          "name": "(anonymous_0)",
          "decl": { "start": { "line": 8, "column": 12 }, "end": { "line": 8, "column": 13 } },
          "loc": { "start": { "line": 8, "column": 22 }, "end": { "line": 8, "column": 64 } },
          "line": 8
        },
        "1": {
          "name": "(anonymous_1)",
          "decl": { "start": { "line": 9, "column": 4 }, "end": { "line": 9, "column": 5 } },
          "loc": { "start": { "line": 9, "column": 13 }, "end": { "line": 13, "column": 3 } },
          "line": 9
        },
        "2": {
          "name": "(anonymous_2)",
          "decl": { "start": { "line": 14, "column": 4 }, "end": { "line": 14, "column": 5 } },
          "loc": { "start": { "line": 14, "column": 13 }, "end": { "line": 14, "column": 69 } },
          "line": 14
        },
        "3": {
          "name": "(anonymous_3)",
          "decl": { "start": { "line": 15, "column": 4 }, "end": { "line": 15, "column": 5 } },
          "loc": { "start": { "line": 16, "column": 4 }, "end": { "line": 21, "column": 10 } },
          "line": 16
        },
        "4": {
          "name": "(anonymous_4)",
          "decl": { "start": { "line": 22, "column": 4 }, "end": { "line": 22, "column": 5 } },
          "loc": { "start": { "line": 22, "column": 13 }, "end": { "line": 22, "column": 48 } },
          "line": 22
        },
        "5": {
[...]
      "s": {},
      "f": {},
      "b": {},
      "_coverageSchema": "43e27e138ebf9cfc5966b082cf9a028302ed4184",
      "hash": "bf5ada1ba25ec7972ed8eee49473251683eee1ed"
    },
    "C:\\Users\\salkapoo\\Desktop\\Learning\\React\\lib\\components\\molecules\\ArticleThumbnail\\ArticleThumbnail.js": {
      "path": "C:\\Users\\salkapoo\\Desktop\\Learning\\React\\lib\\components\\molecules\\ArticleThumbnail\\ArticleThumbnail.js",
      "statementMap": {
        "0": { "start": { "line": 15, "column": 25 }, "end": { "line": 15, "column": 96 } },
        "1": { "start": { "line": 15, "column": 52 }, "end": { "line": 15, "column": 96 } },
        "2": { "start": { "line": 17, "column": 25 }, "end": { "line": 38, "column": 1 } },
        "3": { "start": { "line": 24, "column": 19 }, "end": { "line": 24, "column": 39 } },
        "4": { "start": { "line": 25, "column": 2 }, "end": { "line": 27, "column": 3 } },
        "5": { "start": { "line": 26, "column": 4 }, "end": { "line": 26, "column": 59 } },
        "6": { "start": { "line": 28, "column": 2 }, "end": { "line": 31, "column": 3 } },
        "7": { "start": { "line": 29, "column": 25 }, "end": { "line": 29, "column": 71 } },
        "8": { "start": { "line": 30, "column": 4 }, "end": { "line": 30, "column": 94 } },
        "9": { "start": { "line": 33, "column": 2 }, "end": { "line": 37, "column": 4 } },
        "10": { "start": { "line": 40, "column": 0 }, "end": { "line": 42, "column": 2 } }
      },
      "fnMap": {
        "0": {
          "name": "(anonymous_0)",
          "decl": { "start": { "line": 15, "column": 25 }, "end": { "line": 15, "column": 26 } },
          "loc": { "start": { "line": 15, "column": 52 }, "end": { "line": 15, "column": 96 } },
          "line": 15
        },
        "1": {
          "name": "(anonymous_1)",
          "decl": { "start": { "line": 17, "column": 25 }, "end": { "line": 17, "column": 26 } },
          "loc": { "start": { "line": 23, "column": 19 }, "end": { "line": 38, "column": 1 } },
          "line": 23
        }
      },
      "branchMap": {
        "0": {
          "loc": { "start": { "line": 25, "column": 2 }, "end": { "line": 27, "column": 3 } },
          "type": "if",
          "locations": [
            { "start": { "line": 25, "column": 2 }, "end": { "line": 27, "column": 3 } },
            { "start": { "line": 25, "column": 2 }, "end": { "line": 27, "column": 3 } }
          ],
          "line": 25
        },
        "1": {
          "loc": { "start": { "line": 25, "column": 6 }, "end": { "line": 25, "column": 36 } },
          "type": "binary-expr",
          "locations": [
            { "start": { "line": 25, "column": 6 }, "end": { "line": 25, "column": 21 } },
            { "start": { "line": 25, "column": 25 }, "end": { "line": 25, "column": 36 } }
          ],
          "line": 25
        },
        "2": {
          "loc": { "start": { "line": 28, "column": 2 }, "end": { "line": 31, "column": 3 } },
          "type": "if",
          "locations": [
            { "start": { "line": 28, "column": 2 }, "end": { "line": 31, "column": 3 } },
            { "start": { "line": 28, "column": 2 }, "end": { "line": 31, "column": 3 } }
          ],
          "line": 28
        }
      },
      "s": {
        "0": 1,
        "1": 3,
        "2": 1,
        "3": 2,
        "4": 2,
        "5": 1,
        "6": 2,
        "7": 1,
        "8": 1,
        "9": 1,
        "10": 1
      },
      "f": { "0": 3, "1": 2 },
      "b": { "0": [1, 1], "1": [2, 1], "2": [1, 1] },
      "_coverageSchema": "43e27e138ebf9cfc5966b082cf9a028302ed4184",
      "hash": "177eeb27f1ade90d50b22ca2ba356a38b77de2ae"
    },
    "C:\\Users\\salkapoo\\Desktop\\Learning\\React\\lib\\components\\molecules\\ArticleThumbnail\\ArticleThumbnail.style.js": {
      "path": "C:\\Users\\salkapoo\\Desktop\\Learning\\React\\lib\\components\\molecules\\ArticleThumbnail\\ArticleThumbnail.style.js",
      "statementMap": {
        "0": { "start": { "line": 3, "column": 15 }, "end": { "line": 8, "column": 1 } }
      },
      "fnMap": {},
      "branchMap": {},
      "s": { "0": 1 },
      "f": {},
      "b": {},
      "_coverageSchema": "43e27e138ebf9cfc5966b082cf9a028302ed4184",
      "hash": "90df37bcde71b98cdca8c768aeafdb7e0a1113f2"
    },
    "C:\\Users\\salkapoo\\Desktop\\Learning\\React\\lib\\components\\atoms\\Heading\\index.js": {
      "path": "C:\\Users\\salkapoo\\Desktop\\Learning\\React\\lib\\components\\atoms\\Heading\\index.js",
      "statementMap": {},
      "fnMap": {},
      "branchMap": {},
      "s": {},
      "f": {},
      "b": {},
      "_coverageSchema": "43e27e138ebf9cfc5966b082cf9a028302ed4184",
      "hash": "8de2da7692a7038c63bfd43c75c52f13dc8cfbb7"
    },
    "C:\\Users\\salkapoo\\Desktop\\Learning\\React\\lib\\components\\molecules\\Modal\\Modal.js": {
      "path": "C:\\Users\\salkapoo\\Desktop\\Learning\\React\\lib\\components\\molecules\\Modal\\Modal.js",
      "statementMap": {
        "0": { "start": { "line": 54, "column": 14 }, "end": { "line": 102, "column": 1 } },
        "1": { "start": { "line": 78, "column": 2 }, "end": { "line": 101, "column": 4 } },
        "2": { "start": { "line": 104, "column": 0 }, "end": { "line": 125, "column": 2 } },
        "3": { "start": { "line": 121, "column": 24 }, "end": { "line": 121, "column": 49 } }
      },
      "fnMap": {
        "0": {
          "name": "(anonymous_0)",
          "decl": { "start": { "line": 54, "column": 14 }, "end": { "line": 54, "column": 15 } },
          "loc": { "start": { "line": 78, "column": 2 }, "end": { "line": 101, "column": 4 } },
          "line": 78
        },
        "1": {
          "name": "(anonymous_1)",
          "decl": { "start": { "line": 121, "column": 18 }, "end": { "line": 121, "column": 19 } },
          "loc": { "start": { "line": 121, "column": 24 }, "end": { "line": 121, "column": 49 } },
          "line": 121
        }
      },
      "branchMap": {
        "0": {
          "loc": { "start": { "line": 121, "column": 24 }, "end": { "line": 121, "column": 49 } },
          "type": "binary-expr",
          "locations": [
            { "start": { "line": 121, "column": 24 }, "end": { "line": 121, "column": 32 } },
            { "start": { "line": 121, "column": 36 }, "end": { "line": 121, "column": 49 } }
          ],
          "line": 121
        }
      },
      "s": { "0": 1, "1": 1, "2": 1, "3": 0 },
      "f": { "0": 1, "1": 0 },
      "b": { "0": [0, 0] },
      "_coverageSchema": "43e27e138ebf9cfc5966b082cf9a028302ed4184",
      "hash": "1cb1b7f17763f3bb119e17827f83174435deb3a9"
    },
    "C:\\Users\\salkapoo\\Desktop\\Learning\\React\\lib\\components\\molecules\\Modal\\Modal.style.js": {
      "path": "C:\\Users\\salkapoo\\Desktop\\Learning\\React\\lib\\components\\molecules\\Modal\\Modal.style.js",
      "statementMap": {
        "0": { "start": { "line": 3, "column": 15 }, "end": { "line": 5, "column": 1 } },
        "1": { "start": { "line": 4, "column": 14 }, "end": { "line": 4, "column": 64 } }
      },
      "fnMap": {
        "0": {
          "name": "(anonymous_0)",
          "decl": { "start": { "line": 4, "column": 4 }, "end": { "line": 4, "column": 5 } },
          "loc": { "start": { "line": 4, "column": 14 }, "end": { "line": 4, "column": 64 } },
          "line": 4
        }
      },
      "branchMap": {
        "0": {
          "loc": { "start": { "line": 4, "column": 14 }, "end": { "line": 4, "column": 64 } },
          "type": "cond-expr",
          "locations": [
            { "start": { "line": 4, "column": 38 }, "end": { "line": 4, "column": 59 } },
            { "start": { "line": 4, "column": 62 }, "end": { "line": 4, "column": 64 } }
          ],
          "line": 4
        }
      },
      "s": { "0": 1, "1": 0 },
      "f": { "0": 0 },
      "b": { "0": [0, 0] },
      "_coverageSchema": "43e27e138ebf9cfc5966b082cf9a028302ed4184",
      "hash": "860ec804e00fb738287706e440e242965a687bdc"
    },
    "C:\\Users\\salkapoo\\Desktop\\Learning\\React\\lib\\components\\atoms\\Icon\\index.js": {
      "path": "C:\\Users\\salkapoo\\Desktop\\Learning\\React\\lib\\components\\atoms\\Icon\\index.js",
      "statementMap": {},
      "fnMap": {},
      "branchMap": {},
      "s": {},
      "f": {},
      "b": {},
      "_coverageSchema": "43e27e138ebf9cfc5966b082cf9a028302ed4184",
      "hash": "2b687e10d2c743ee1f7dc982faea03367ae0a01f"
    },
    "C:\\Users\\salkapoo\\Desktop\\Learning\\React\\lib\\components\\atoms\\Icon\\Icon.js": {
      "path": "C:\\Users\\salkapoo\\Desktop\\Learning\\React\\lib\\components\\atoms\\Icon\\Icon.js",
      "statementMap": {
        "0": { "start": { "line": 14, "column": 13 }, "end": { "line": 20, "column": 1 } },
        "1": { "start": { "line": 15, "column": 2 }, "end": { "line": 19, "column": 4 } }
      },
      "fnMap": {
        "0": {
          "name": "(anonymous_0)",
          "decl": { "start": { "line": 14, "column": 13 }, "end": { "line": 14, "column": 14 } },
          "loc": { "start": { "line": 14, "column": 63 }, "end": { "line": 20, "column": 1 } },
          "line": 14
        }
      },
      "branchMap": {},
      "s": { "0": 1, "1": 2 },
      "f": { "0": 2 },
      "b": {},
      "_coverageSchema": "43e27e138ebf9cfc5966b082cf9a028302ed4184",
      "hash": "bd9e14b15748b63ae9fa80b8cdfeb9fbd17d0630"
    },
    "C:\\Users\\salkapoo\\Desktop\\Learning\\React\\lib\\components\\atoms\\Icon\\Icon.style.js": {
      "path": "C:\\Users\\salkapoo\\Desktop\\Learning\\React\\lib\\components\\atoms\\Icon\\Icon.style.js",
      "statementMap": {
        "0": { "start": { "line": 9, "column": 39 }, "end": { "line": 9, "column": 66 } },
        "1": { "start": { "line": 13, "column": 23 }, "end": { "line": 13, "column": 57 } },
        "2": { "start": { "line": 14, "column": 24 }, "end": { "line": 14, "column": 60 } },
        "3": { "start": { "line": 17, "column": 14 }, "end": { "line": 17, "column": 64 } }
      },
      "fnMap": {
        "0": {
          "name": "(anonymous_0)",
          "decl": { "start": { "line": 9, "column": 30 }, "end": { "line": 9, "column": 31 } },
          "loc": { "start": { "line": 9, "column": 39 }, "end": { "line": 9, "column": 66 } },
          "line": 9
        },
        "1": {
          "name": "(anonymous_1)",
          "decl": { "start": { "line": 13, "column": 13 }, "end": { "line": 13, "column": 14 } },
          "loc": { "start": { "line": 13, "column": 23 }, "end": { "line": 13, "column": 57 } },
          "line": 13
        },
        "2": {
          "name": "(anonymous_2)",
          "decl": { "start": { "line": 14, "column": 14 }, "end": { "line": 14, "column": 15 } },
          "loc": { "start": { "line": 14, "column": 24 }, "end": { "line": 14, "column": 60 } },
          "line": 14
        },
        "3": {
          "name": "(anonymous_3)",
          "decl": { "start": { "line": 17, "column": 4 }, "end": { "line": 17, "column": 5 } },
          "loc": { "start": { "line": 17, "column": 14 }, "end": { "line": 17, "column": 64 } },
          "line": 17
        }
      },
      "branchMap": {
        "0": {
          "loc": { "start": { "line": 13, "column": 23 }, "end": { "line": 13, "column": 57 } },
          "type": "cond-expr",
          "locations": [
            { "start": { "line": 13, "column": 37 }, "end": { "line": 13, "column": 48 } },
            { "start": { "line": 13, "column": 51 }, "end": { "line": 13, "column": 57 } }
          ],
          "line": 13
        },
        "1": {
          "loc": { "start": { "line": 14, "column": 24 }, "end": { "line": 14, "column": 60 } },
          "type": "cond-expr",
          "locations": [
            { "start": { "line": 14, "column": 39 }, "end": { "line": 14, "column": 51 } },
            { "start": { "line": 14, "column": 54 }, "end": { "line": 14, "column": 60 } }
          ],
          "line": 14
        },
        "2": {
          "loc": { "start": { "line": 17, "column": 14 }, "end": { "line": 17, "column": 64 } },
          "type": "cond-expr",
          "locations": [
            { "start": { "line": 17, "column": 38 }, "end": { "line": 17, "column": 59 } },
            { "start": { "line": 17, "column": 62 }, "end": { "line": 17, "column": 64 } }
          ],
          "line": 17
        }
      },
      "s": { "0": 0, "1": 0, "2": 0, "3": 0 },
      "f": { "0": 0, "1": 0, "2": 0, "3": 0 },
      "b": { "0": [0, 0], "1": [0, 0], "2": [0, 0] },
      "_coverageSchema": "43e27e138ebf9cfc5966b082cf9a028302ed4184",
      "hash": "516c987453086024e880e1fdce4ae47f9cf2c1e8"
    },
    "C:\\Users\\salkapoo\\Desktop\\Learning\\React\\lib\\components\\molecules\\Modal\\index.js": {
      "path": "C:\\Users\\salkapoo\\Desktop\\Learning\\React\\lib\\components\\molecules\\Modal\\index.js",
      "statementMap": {},
      "fnMap": {},
      "branchMap": {},
      "s": {},
      "f": {},
      "b": {},
      "hash": "6d33beabb1b45f9653770bf3ed96d90065020ed4"
    },
    "C:\\Users\\salkapoo\\Desktop\\Learning\\React\\lib\\components\\molecules\\Blockquote\\types\\index.js": {
      "path": "C:\\Users\\salkapoo\\Desktop\\Learning\\React\\lib\\components\\molecules\\Blockquote\\types\\index.js",
      "statementMap": {},
      "fnMap": {},
      "branchMap": {},
      "s": {},
      "f": {},
      "b": {},
      "hash": "3d6d9f3e7acc503902d56a772793d0d57e3feaa4"
    },
    "C:\\Users\\salkapoo\\Desktop\\Learning\\React\\lib\\components\\molecules\\Breadcrumb\\types\\index.js": {
      "path": "C:\\Users\\salkapoo\\Desktop\\Learning\\React\\lib\\components\\molecules\\Breadcrumb\\types\\index.js",
      "statementMap": {},
      "fnMap": {},
      "branchMap": {},
      "s": {},
      "f": {},
      "b": {},
      "hash": "0a0faf2b1869ec2d821edffb4f8913350faed3c1"
    },
    "C:\\Users\\salkapoo\\Desktop\\Learning\\React\\lib\\components\\molecules\\StickyBar\\types\\index.js": {
      "path": "C:\\Users\\salkapoo\\Desktop\\Learning\\React\\lib\\components\\molecules\\StickyBar\\types\\index.js",
      "statementMap": {},
      "fnMap": {},
      "branchMap": {},
      "s": {},
      "f": {},
      "b": {},
      "hash": "245be637ed985bdd40b1592a2e3e8ba8a0c920fa"
    },
    "C:\\Users\\salkapoo\\Desktop\\Learning\\React\\lib\\components\\molecules\\Toast\\types\\index.js": {
      "path": "C:\\Users\\salkapoo\\Desktop\\Learning\\React\\lib\\components\\molecules\\Toast\\types\\index.js",
      "statementMap": {},
      "fnMap": {},
      "branchMap": {},
      "s": {},
      "f": {},
      "b": {},
      "hash": "d2b3e7d67cad6f897afe081eb71f0abdb743cb00"
    },
    "C:\\Users\\salkapoo\\Desktop\\Learning\\React\\lib\\components\\molecules\\QuoteMedia\\types\\index.js": {
      "path": "C:\\Users\\salkapoo\\Desktop\\Learning\\React\\lib\\components\\molecules\\QuoteMedia\\types\\index.js",
      "statementMap": {},
      "fnMap": {},
      "branchMap": {},
      "s": {},
      "f": {},
      "b": {},
      "hash": "1825051434aba62d6fa619132631f5ecae59c550"
    },
    "C:\\Users\\salkapoo\\Desktop\\Learning\\React\\lib\\components\\molecules\\Popover\\types\\index.js": {
      "path": "C:\\Users\\salkapoo\\Desktop\\Learning\\React\\lib\\components\\molecules\\Popover\\types\\index.js",
      "statementMap": {},
      "fnMap": {},
      "branchMap": {},
      "s": {},
      "f": {},
      "b": {},
      "hash": "2b1142ced54f3a7bc287f4b85874cad696921a95"
    },
    "C:\\Users\\salkapoo\\Desktop\\Learning\\React\\lib\\components\\atoms\\Icon\\types\\index.js": {
      "path": "C:\\Users\\salkapoo\\Desktop\\Learning\\React\\lib\\components\\atoms\\Icon\\types\\index.js",
      "statementMap": {},
      "fnMap": {},
      "branchMap": {},
      "s": {},
      "f": {},
      "b": {},
      "hash": "febf92aa882f9aeb779ced3e133b79d29279c8a1"
    },
    "C:\\Users\\salkapoo\\Desktop\\Learning\\React\\lib\\components\\atoms\\Track\\types\\index.js": {
      "path": "C:\\Users\\salkapoo\\Desktop\\Learning\\React\\lib\\components\\atoms\\Track\\types\\index.js",
      "statementMap": {},
      "fnMap": {},
      "branchMap": {},
      "s": {},
      "f": {},
      "b": {},
      "hash": "a1c3026614edb575cba4d8724452e8bea683877a"
    },
    "C:\\Users\\salkapoo\\Desktop\\Learning\\React\\lib\\components\\molecules\\Form\\DragDropInput\\types\\index.js": {
      "path": "C:\\Users\\salkapoo\\Desktop\\Learning\\React\\lib\\components\\molecules\\Form\\DragDropInput\\types\\index.js",
      "statementMap": {},
      "fnMap": {},
      "branchMap": {},
      "s": {},
      "f": {},
      "b": {},
      "hash": "50b866ae168b688c543164beacfe20618a620fa1"
    },
    "C:\\Users\\salkapoo\\Desktop\\Learning\\React\\lib\\components\\molecules\\Tabs\\types\\index.js": {
      "path": "C:\\Users\\salkapoo\\Desktop\\Learning\\React\\lib\\components\\molecules\\Tabs\\types\\index.js",
      "statementMap": {},
      "fnMap": {},
      "branchMap": {},
      "s": {},
      "f": {},
      "b": {},
      "hash": "2ae490906c1c64de218587f9761dc72ddb71b800"
    },
    "C:\\Users\\salkapoo\\Desktop\\Learning\\React\\lib\\components\\molecules\\Form\\FieldFileInput\\types\\index.js": {
      "path": "C:\\Users\\salkapoo\\Desktop\\Learning\\React\\lib\\components\\molecules\\Form\\FieldFileInput\\types\\index.js",
      "statementMap": {},
      "fnMap": {},
      "branchMap": {},
      "s": {},
      "f": {},
      "b": {},
      "hash": "65de2c793b0bb982ca1f6b6f3aa532b49c0f8087"
    },
    "C:\\Users\\salkapoo\\Desktop\\Learning\\React\\lib\\components\\molecules\\QuoteMedia\\index.js": {
      "path": "C:\\Users\\salkapoo\\Desktop\\Learning\\React\\lib\\components\\molecules\\QuoteMedia\\index.js",
      "statementMap": {},
      "fnMap": {},
      "branchMap": {},
      "s": {},
      "f": {},
      "b": {},
      "hash": "64463b2eae72826fc1e4b01d559aeb38d5a65a4a"
    },
    "C:\\Users\\salkapoo\\Desktop\\Learning\\React\\lib\\components\\atoms\\Video\\types\\index.js": {
      "path": "C:\\Users\\salkapoo\\Desktop\\Learning\\React\\lib\\components\\atoms\\Video\\types\\index.js",
      "statementMap": {},
      "fnMap": {},
      "branchMap": {},
      "s": {},
      "f": {},
      "b": {},
      "hash": "4e96daf6ccbc4608a4b3e0b50f34192d0bacbfc2"
    },
    "C:\\Users\\salkapoo\\Desktop\\Learning\\React\\lib\\core\\utils\\getDisplayName.js": {
      "path": "C:\\Users\\salkapoo\\Desktop\\Learning\\React\\lib\\core\\utils\\getDisplayName.js",
      "statementMap": {
        "0": { "start": { "line": 1, "column": 30 }, "end": { "line": 3, "column": 1 } },
        "1": { "start": { "line": 2, "column": 2 }, "end": { "line": 2, "column": 78 } }
      },
      "fnMap": {
        "0": {
          "name": "(anonymous_0)",
          "decl": { "start": { "line": 1, "column": 30 }, "end": { "line": 1, "column": 31 } },
          "loc": { "start": { "line": 1, "column": 50 }, "end": { "line": 3, "column": 1 } },
          "line": 1
        }
      },
      "branchMap": {
        "0": {
          "loc": { "start": { "line": 2, "column": 9 }, "end": { "line": 2, "column": 77 } },
          "type": "binary-expr",
          "locations": [
            { "start": { "line": 2, "column": 9 }, "end": { "line": 2, "column": 37 } },
            { "start": { "line": 2, "column": 41 }, "end": { "line": 2, "column": 62 } },
            { "start": { "line": 2, "column": 66 }, "end": { "line": 2, "column": 77 } }
          ],
          "line": 2
        }
      },
      "s": { "0": 0, "1": 0 },
      "f": { "0": 0 },
      "b": { "0": [0, 0, 0] },
      "hash": "9a3e2245625573e85f957f881ce5435a5e046aaf"
    },
    "C:\\Users\\salkapoo\\Desktop\\Learning\\React\\lib\\components\\molecules\\ArticleThumbnail\\types\\index.js": {
      "path": "C:\\Users\\salkapoo\\Desktop\\Learning\\React\\lib\\components\\molecules\\ArticleThumbnail\\types\\index.js",
      "statementMap": {},
      "fnMap": {},
      "branchMap": {},
      "s": {},
      "f": {},
      "b": {},
      "hash": "7a922fc1dc9e521ea1fe0117dfe9be6eb36cc29c"
    }
  }
}
