{
  "numFailedTestSuites": 0,
  "numFailedTests": 0,
  "numPassedTestSuites": 46,
  "numPassedTests": 197,
  "numPendingTestSuites": 0,
  "numPendingTests": 0,
  "numRuntimeErrorTestSuites": 0,
  "numTodoTests": 0,
  "numTotalTestSuites": 46,
  "numTotalTests": 197,
  "openHandles": [],
  "snapshot": {
    "added": 0,
    "didUpdate": false,
    "failure": false,
    "filesAdded": 0,
    "filesRemoved": 0,
    "filesRemovedList": [],
    "filesUnmatched": 0,
    "filesUpdated": 0,
    "matched": 53,
    "total": 53,
    "unchecked": 0,
    "uncheckedKeysByFile": [],
    "unmatched": 0,
    "updated": 0
  },
  "startTime": 1578326092230,
  "success": true,
  "testResults": [
    {
      "assertionResults": [
        {
          "ancestorTitles": ["Form Component"],
          "failureMessages": [],
          "fullName": "Form Component should render select tag correctly",
          "location": null,
          "status": "passed",
          "title": "should render select tag correctly"
        },
        {
          "ancestorTitles": ["Form Component"],
          "failureMessages": [],
          "fullName": "Form Component should render input text field",
          "location": null,
          "status": "passed",
          "title": "should render input text field"
        },
        {
          "ancestorTitles": ["Form Component"],
          "failureMessages": [],
          "fullName": "Form Component should render select field",
          "location": null,
          "status": "passed",
          "title": "should render select field"
        },
        {
          "ancestorTitles": ["Form Component"],
          "failureMessages": [],
          "fullName": "Form Component should render input field with yupValidationSchema",
          "location": null,
          "status": "passed",
          "title": "should render input field with yupValidationSchema"
        },
        {
          "ancestorTitles": ["Form Component"],
          "failureMessages": [],
          "fullName": "Form Component should render input field with no validation",
          "location": null,
          "status": "passed",
          "title": "should render input field with no validation"
        },
        {
          "ancestorTitles": ["Form Component"],
          "failureMessages": [],
          "fullName": "Form Component getSchema should return null if no params are passed",
          "location": null,
          "status": "passed",
          "title": "getSchema should return null if no params are passed"
        }
      ],
      "endTime": 1578326097385,
      "message": "",
      "name": "/Users/vinkumar2/Documents/Projects/PageSource/PatternLibs/ReactPatternLib/lib/components/molecules/Form/tests/Form.test.js",
      "startTime": 1578326095599,
      "status": "passed",
      "summary": ""
    },
    {
      "assertionResults": [
        {
          "ancestorTitles": ["FieldInput Component"],
          "failureMessages": [],
          "fullName": "FieldInput Component should render correctly",
          "location": null,
          "status": "passed",
          "title": "should render correctly"
        },
        {
          "ancestorTitles": ["FieldInput Component"],
          "failureMessages": [],
          "fullName": "FieldInput Component should render label correctly",
          "location": null,
          "status": "passed",
          "title": "should render label correctly"
        },
        {
          "ancestorTitles": ["FieldInput Component"],
          "failureMessages": [],
          "fullName": "FieldInput Component should render select tag",
          "location": null,
          "status": "passed",
          "title": "should render select tag"
        }
      ],
      "endTime": 1578326097392,
      "message": "",
      "name": "/Users/vinkumar2/Documents/Projects/PageSource/PatternLibs/ReactPatternLib/lib/components/molecules/Form/FieldSelect/tests/FieldSelect.test.js",
      "startTime": 1578326095601,
      "status": "passed",
      "summary": ""
    },
    {
      "assertionResults": [
        {
          "ancestorTitles": ["<Typeahead />"],
          "failureMessages": [],
          "fullName": "<Typeahead /> should render correctly",
          "location": null,
          "status": "passed",
          "title": "should render correctly"
        },
        {
          "ancestorTitles": ["<Typeahead />"],
          "failureMessages": [],
          "fullName": "<Typeahead /> should render .typeahead-component correctly",
          "location": null,
          "status": "passed",
          "title": "should render .typeahead-component correctly"
        },
        {
          "ancestorTitles": ["<Typeahead />"],
          "failureMessages": [],
          "fullName": "<Typeahead /> should render label correctly",
          "location": null,
          "status": "passed",
          "title": "should render label correctly"
        },
        {
          "ancestorTitles": ["<Typeahead />"],
          "failureMessages": [],
          "fullName": "<Typeahead /> should render input correctly",
          "location": null,
          "status": "passed",
          "title": "should render input correctly"
        },
        {
          "ancestorTitles": ["<Typeahead />"],
          "failureMessages": [],
          "fullName": "<Typeahead /> should render search type input correctly",
          "location": null,
          "status": "passed",
          "title": "should render search type input correctly"
        },
        {
          "ancestorTitles": ["<Typeahead />"],
          "failureMessages": [],
          "fullName": "<Typeahead /> should not render List by default",
          "location": null,
          "status": "passed",
          "title": "should not render List by default"
        },
        {
          "ancestorTitles": ["<Typeahead />"],
          "failureMessages": [],
          "fullName": "<Typeahead /> should render onchange event",
          "location": null,
          "status": "passed",
          "title": "should render onchange event"
        },
        {
          "ancestorTitles": ["<Typeahead />"],
          "failureMessages": [],
          "fullName": "<Typeahead /> should render input only 1s",
          "location": null,
          "status": "passed",
          "title": "should render input only 1s"
        },
        {
          "ancestorTitles": ["<Typeahead />"],
          "failureMessages": [],
          "fullName": "<Typeahead /> should render label only 1s",
          "location": null,
          "status": "passed",
          "title": "should render label only 1s"
        },
        {
          "ancestorTitles": ["<Typeahead />"],
          "failureMessages": [],
          "fullName": "<Typeahead /> should not render list item",
          "location": null,
          "status": "passed",
          "title": "should not render list item"
        },
        {
          "ancestorTitles": ["<Typeahead />"],
          "failureMessages": [],
          "fullName": "<Typeahead /> should show list",
          "location": null,
          "status": "passed",
          "title": "should show list"
        },
        {
          "ancestorTitles": ["<Typeahead />"],
          "failureMessages": [],
          "fullName": "<Typeahead /> should return single list item",
          "location": null,
          "status": "passed",
          "title": "should return single list item"
        },
        {
          "ancestorTitles": ["<Typeahead />"],
          "failureMessages": [],
          "fullName": "<Typeahead /> should select particular list item by click",
          "location": null,
          "status": "passed",
          "title": "should select particular list item by click"
        },
        {
          "ancestorTitles": ["<Typeahead />"],
          "failureMessages": [],
          "fullName": "<Typeahead /> should render span with id `initInstr`",
          "location": null,
          "status": "passed",
          "title": "should render span with id `initInstr`"
        },
        {
          "ancestorTitles": ["<Typeahead />"],
          "failureMessages": [],
          "fullName": "<Typeahead /> should render the input with `aria-autocomplete`",
          "location": null,
          "status": "passed",
          "title": "should render the input with `aria-autocomplete`"
        },
        {
          "ancestorTitles": ["<Typeahead />"],
          "failureMessages": [],
          "fullName": "<Typeahead /> should render the input with `aria-activedescendant`",
          "location": null,
          "status": "passed",
          "title": "should render the input with `aria-activedescendant`"
        },
        {
          "ancestorTitles": ["<Typeahead />"],
          "failureMessages": [],
          "fullName": "<Typeahead /> should render the input with `aria-describedby`",
          "location": null,
          "status": "passed",
          "title": "should render the input with `aria-describedby`"
        },
        {
          "ancestorTitles": ["<Typeahead />"],
          "failureMessages": [],
          "fullName": "<Typeahead /> should render the list items with `role=\"option\"`",
          "location": null,
          "status": "passed",
          "title": "should render the list items with `role=\"option\"`"
        },
        {
          "ancestorTitles": ["<Typeahead />"],
          "failureMessages": [],
          "fullName": "<Typeahead /> should render the list items with `aria-selected`",
          "location": null,
          "status": "passed",
          "title": "should render the list items with `aria-selected`"
        },
        {
          "ancestorTitles": ["<Typeahead />"],
          "failureMessages": [],
          "fullName": "<Typeahead /> should render the list items with `id=\"selectedOption\"`",
          "location": null,
          "status": "passed",
          "title": "should render the list items with `id=\"selectedOption\"`"
        },
        {
          "ancestorTitles": ["<Typeahead />"],
          "failureMessages": [],
          "fullName": "<Typeahead /> should render the list items with `id=\"selectedOption\"`",
          "location": null,
          "status": "passed",
          "title": "should render the list items with `id=\"selectedOption\"`"
        }
      ],
      "endTime": 1578326097447,
      "message": "",
      "name": "/Users/vinkumar2/Documents/Projects/PageSource/PatternLibs/ReactPatternLib/lib/components/molecules/Typeahead/tests/Typeahead.test.js",
      "startTime": 1578326095584,
      "status": "passed",
      "summary": ""
    },
    {
      "assertionResults": [
        {
          "ancestorTitles": ["DDFieldInput Component"],
          "failureMessages": [],
          "fullName": "DDFieldInput Component should render correctly",
          "location": null,
          "status": "passed",
          "title": "should render correctly"
        },
        {
          "ancestorTitles": ["DDFieldInput Component"],
          "failureMessages": [],
          "fullName": "DDFieldInput Component should render Input component with proper type for multiple file upload.",
          "location": null,
          "status": "passed",
          "title": "should render Input component with proper type for multiple file upload."
        },
        {
          "ancestorTitles": ["DDFieldInput Component"],
          "failureMessages": [],
          "fullName": "DDFieldInput Component should render the component with prop correctly",
          "location": null,
          "status": "passed",
          "title": "should render the component with prop correctly"
        },
        {
          "ancestorTitles": ["DDFieldInput Component"],
          "failureMessages": [],
          "fullName": "DDFieldInput Component should match the input rendered correctly on change event simulation.",
          "location": null,
          "status": "passed",
          "title": "should match the input rendered correctly on change event simulation."
        },
        {
          "ancestorTitles": ["DDFieldInput Component"],
          "failureMessages": [],
          "fullName": "DDFieldInput Component should match the input rendered correctly on blur event simulation.",
          "location": null,
          "status": "passed",
          "title": "should match the input rendered correctly on blur event simulation."
        },
        {
          "ancestorTitles": ["testing the custom hook methods for drag and drop"],
          "failureMessages": [],
          "fullName": "testing the custom hook methods for drag and drop should simulate file upload and return array",
          "location": null,
          "status": "passed",
          "title": "should simulate file upload and return array"
        },
        {
          "ancestorTitles": ["testing the custom hook methods for drag and drop"],
          "failureMessages": [],
          "fullName": "testing the custom hook methods for drag and drop should make highlight as true on drag over as mouse enters draggable area",
          "location": null,
          "status": "passed",
          "title": "should make highlight as true on drag over as mouse enters draggable area"
        },
        {
          "ancestorTitles": ["testing the custom hook methods for drag and drop"],
          "failureMessages": [],
          "fullName": "testing the custom hook methods for drag and drop should make highlight as false on drag leave as mouse leaves draggable area",
          "location": null,
          "status": "passed",
          "title": "should make highlight as false on drag leave as mouse leaves draggable area"
        },
        {
          "ancestorTitles": ["testing the custom hook methods for drag and drop"],
          "failureMessages": [],
          "fullName": "testing the custom hook methods for drag and drop should test the files addition handler when file(s) are uploaded.",
          "location": null,
          "status": "passed",
          "title": "should test the files addition handler when file(s) are uploaded."
        },
        {
          "ancestorTitles": ["testing the custom hook methods for drag and drop"],
          "failureMessages": [],
          "fullName": "testing the custom hook methods for drag and drop should apply highlight when cursor moves draggable area.",
          "location": null,
          "status": "passed",
          "title": "should apply highlight when cursor moves draggable area."
        },
        {
          "ancestorTitles": ["testing the custom hook methods for drag and drop"],
          "failureMessages": [],
          "fullName": "testing the custom hook methods for drag and drop should apply highlight when cursor moves draggable area.",
          "location": null,
          "status": "passed",
          "title": "should apply highlight when cursor moves draggable area."
        }
      ],
      "endTime": 1578326097407,
      "message": "",
      "name": "/Users/vinkumar2/Documents/Projects/PageSource/PatternLibs/ReactPatternLib/lib/components/molecules/Form/DragDropInput/tests/DragDropInput.test.js",
      "startTime": 1578326095589,
      "status": "passed",
      "summary": ""
    },
    {
      "assertionResults": [
        {
          "ancestorTitles": ["<Breadcrumb />"],
          "failureMessages": [],
          "fullName": "<Breadcrumb /> should render correctly",
          "location": null,
          "status": "passed",
          "title": "should render correctly"
        }
      ],
      "endTime": 1578326098005,
      "message": "",
      "name": "/Users/vinkumar2/Documents/Projects/PageSource/PatternLibs/ReactPatternLib/lib/components/molecules/Breadcrumb/tests/Breadcrumb.test.js",
      "startTime": 1578326095581,
      "status": "passed",
      "summary": ""
    },
    {
      "assertionResults": [
        {
          "ancestorTitles": ["FieldInput Component"],
          "failureMessages": [],
          "fullName": "FieldInput Component should render correctly",
          "location": null,
          "status": "passed",
          "title": "should render correctly"
        },
        {
          "ancestorTitles": ["FieldInput Component"],
          "failureMessages": [],
          "fullName": "FieldInput Component should render label correctly",
          "location": null,
          "status": "passed",
          "title": "should render label correctly"
        },
        {
          "ancestorTitles": ["FieldInput Component"],
          "failureMessages": [],
          "fullName": "FieldInput Component should render Input component with proper type",
          "location": null,
          "status": "passed",
          "title": "should render Input component with proper type"
        }
      ],
      "endTime": 1578326098327,
      "message": "",
      "name": "/Users/vinkumar2/Documents/Projects/PageSource/PatternLibs/ReactPatternLib/lib/components/molecules/Form/FieldInput/tests/FieldInput.test.js",
      "startTime": 1578326097836,
      "status": "passed",
      "summary": ""
    },
    {
      "assertionResults": [
        {
          "ancestorTitles": ["FieldTextarea Component"],
          "failureMessages": [],
          "fullName": "FieldTextarea Component should render correctly",
          "location": null,
          "status": "passed",
          "title": "should render correctly"
        },
        {
          "ancestorTitles": ["FieldTextarea Component"],
          "failureMessages": [],
          "fullName": "FieldTextarea Component should render label correctly",
          "location": null,
          "status": "passed",
          "title": "should render label correctly"
        },
        {
          "ancestorTitles": ["FieldTextarea Component"],
          "failureMessages": [],
          "fullName": "FieldTextarea Component should render textarea tag",
          "location": null,
          "status": "passed",
          "title": "should render textarea tag"
        }
      ],
      "endTime": 1578326098419,
      "message": "",
      "name": "/Users/vinkumar2/Documents/Projects/PageSource/PatternLibs/ReactPatternLib/lib/components/molecules/Form/FieldTextarea/tests/FieldTextarea.test.js",
      "startTime": 1578326097849,
      "status": "passed",
      "summary": ""
    },
    {
      "assertionResults": [
        {
          "ancestorTitles": ["<Tabs />"],
          "failureMessages": [],
          "fullName": "<Tabs /> should render correctly",
          "location": null,
          "status": "passed",
          "title": "should render correctly"
        },
        {
          "ancestorTitles": ["<Tabs /> functional behavior"],
          "failureMessages": [],
          "fullName": "<Tabs /> functional behavior should have minimum dom structure for the tests below",
          "location": null,
          "status": "passed",
          "title": "should have minimum dom structure for the tests below"
        },
        {
          "ancestorTitles": ["<Tabs /> functional behavior"],
          "failureMessages": [],
          "fullName": "<Tabs /> functional behavior should change the tab panel and execute callback on closed tab click",
          "location": null,
          "status": "passed",
          "title": "should change the tab panel and execute callback on closed tab click"
        }
      ],
      "endTime": 1578326098733,
      "message": "",
      "name": "/Users/vinkumar2/Documents/Projects/PageSource/PatternLibs/ReactPatternLib/lib/components/molecules/Tabs/tests/Tabs.test.js",
      "startTime": 1578326098201,
      "status": "passed",
      "summary": ""
    },
    {
      "assertionResults": [
        {
          "ancestorTitles": [
            "Test Suite 1: Check for component and it's child rendered correctly."
          ],
          "failureMessages": [],
          "fullName": "Test Suite 1: Check for component and it's child rendered correctly. should render wrapper correctly for snapshot matching.",
          "location": null,
          "status": "passed",
          "title": "should render wrapper correctly for snapshot matching."
        },
        {
          "ancestorTitles": [
            "Test Suite 1: Check for component and it's child rendered correctly."
          ],
          "failureMessages": [],
          "fullName": "Test Suite 1: Check for component and it's child rendered correctly. Cookie Disclaimer component rendered correctly.",
          "location": null,
          "status": "passed",
          "title": "Cookie Disclaimer component rendered correctly."
        },
        {
          "ancestorTitles": [
            "Test Suite 1: Check for component and it's child rendered correctly."
          ],
          "failureMessages": [],
          "fullName": "Test Suite 1: Check for component and it's child rendered correctly. should render two buttons for accepting and rejecting the consent",
          "location": null,
          "status": "passed",
          "title": "should render two buttons for accepting and rejecting the consent"
        },
        {
          "ancestorTitles": [
            "Test Suite 2: Check for component and it's child for default props correctly."
          ],
          "failureMessages": [],
          "fullName": "Test Suite 2: Check for component and it's child for default props correctly. Button props for button types to be rendered.",
          "location": null,
          "status": "passed",
          "title": "Button props for button types to be rendered."
        },
        {
          "ancestorTitles": [
            "Test Suite 2: Check for component and it's child for default props correctly."
          ],
          "failureMessages": [],
          "fullName": "Test Suite 2: Check for component and it's child for default props correctly. Button props for button types to be rendered.",
          "location": null,
          "status": "passed",
          "title": "Button props for button types to be rendered."
        },
        {
          "ancestorTitles": ["Test Suite 3: testing styled component - HOC"],
          "failureMessages": [],
          "fullName": "Test Suite 3: testing styled component - HOC should rendered the component properly when styles are being applied.",
          "location": null,
          "status": "passed",
          "title": "should rendered the component properly when styles are being applied."
        },
        {
          "ancestorTitles": [
            "Test Suite 4: testing functional behaviour of the cookie disclaimer."
          ],
          "failureMessages": [],
          "fullName": "Test Suite 4: testing functional behaviour of the cookie disclaimer. setting the isVisible variable to false",
          "location": null,
          "status": "passed",
          "title": "setting the isVisible variable to false"
        },
        {
          "ancestorTitles": [
            "Test Suite 4: testing functional behaviour of the cookie disclaimer."
          ],
          "failureMessages": [],
          "fullName": "Test Suite 4: testing functional behaviour of the cookie disclaimer. accepting the consent and dropping the cookie.",
          "location": null,
          "status": "passed",
          "title": "accepting the consent and dropping the cookie."
        },
        {
          "ancestorTitles": [
            "Test Suite 4: testing functional behaviour of the cookie disclaimer."
          ],
          "failureMessages": [],
          "fullName": "Test Suite 4: testing functional behaviour of the cookie disclaimer. rejecting the consent and dropping the cookie.",
          "location": null,
          "status": "passed",
          "title": "rejecting the consent and dropping the cookie."
        },
        {
          "ancestorTitles": [
            "Test Suite 4: testing functional behaviour of the cookie disclaimer."
          ],
          "failureMessages": [],
          "fullName": "Test Suite 4: testing functional behaviour of the cookie disclaimer. getting the disclaimer state for rendering cookie disclaimer.",
          "location": null,
          "status": "passed",
          "title": "getting the disclaimer state for rendering cookie disclaimer."
        },
        {
          "ancestorTitles": [
            "Test Suite 4: testing functional behaviour of the cookie disclaimer."
          ],
          "failureMessages": [],
          "fullName": "Test Suite 4: testing functional behaviour of the cookie disclaimer. Accept Button click simulation",
          "location": null,
          "status": "passed",
          "title": "Accept Button click simulation"
        },
        {
          "ancestorTitles": [
            "Test Suite 4: testing functional behaviour of the cookie disclaimer."
          ],
          "failureMessages": [],
          "fullName": "Test Suite 4: testing functional behaviour of the cookie disclaimer. Reject Button click simulation",
          "location": null,
          "status": "passed",
          "title": "Reject Button click simulation"
        }
      ],
      "endTime": 1578326098816,
      "message": "",
      "name": "/Users/vinkumar2/Documents/Projects/PageSource/PatternLibs/ReactPatternLib/lib/components/molecules/CookieDisclaimer/tests/CookieDisclaimer.test.js",
      "startTime": 1578326098098,
      "status": "passed",
      "summary": ""
    },
    {
      "assertionResults": [
        {
          "ancestorTitles": ["<FieldToggle />"],
          "failureMessages": [],
          "fullName": "<FieldToggle /> should render correctly",
          "location": null,
          "status": "passed",
          "title": "should render correctly"
        },
        {
          "ancestorTitles": ["<FieldToggle />"],
          "failureMessages": [],
          "fullName": "<FieldToggle /> should render label correctly",
          "location": null,
          "status": "passed",
          "title": "should render label correctly"
        },
        {
          "ancestorTitles": ["<FieldToggle />"],
          "failureMessages": [],
          "fullName": "<FieldToggle /> should render label with Value correctly",
          "location": null,
          "status": "passed",
          "title": "should render label with Value correctly"
        },
        {
          "ancestorTitles": ["<FieldToggle />"],
          "failureMessages": [],
          "fullName": "<FieldToggle /> should render input correctly",
          "location": null,
          "status": "passed",
          "title": "should render input correctly"
        },
        {
          "ancestorTitles": ["<FieldToggle />"],
          "failureMessages": [],
          "fullName": "<FieldToggle /> should render disabled input",
          "location": null,
          "status": "passed",
          "title": "should render disabled input"
        },
        {
          "ancestorTitles": ["<FieldToggle />"],
          "failureMessages": [],
          "fullName": "<FieldToggle /> should tigger click event with toggle Value",
          "location": null,
          "status": "passed",
          "title": "should tigger click event with toggle Value"
        },
        {
          "ancestorTitles": ["<FieldToggle />"],
          "failureMessages": [],
          "fullName": "<FieldToggle /> should render Indicator On",
          "location": null,
          "status": "passed",
          "title": "should render Indicator On"
        },
        {
          "ancestorTitles": ["<FieldToggle />"],
          "failureMessages": [],
          "fullName": "<FieldToggle /> should tigger handleToggleCallback function",
          "location": null,
          "status": "passed",
          "title": "should tigger handleToggleCallback function"
        }
      ],
      "endTime": 1578326098692,
      "message": "",
      "name": "/Users/vinkumar2/Documents/Projects/PageSource/PatternLibs/ReactPatternLib/lib/components/molecules/Form/FieldToggle/tests/FieldToggle.test.js",
      "startTime": 1578326095590,
      "status": "passed",
      "summary": ""
    },
    {
      "assertionResults": [
        {
          "ancestorTitles": ["<Pagination />"],
          "failureMessages": [],
          "fullName": "<Pagination /> should render correctly",
          "location": null,
          "status": "passed",
          "title": "should render correctly"
        },
        {
          "ancestorTitles": ["<Pagination />"],
          "failureMessages": [],
          "fullName": "<Pagination /> should render `.pagination` component",
          "location": null,
          "status": "passed",
          "title": "should render `.pagination` component"
        },
        {
          "ancestorTitles": ["<Pagination />"],
          "failureMessages": [],
          "fullName": "<Pagination /> should render an `.last`",
          "location": null,
          "status": "passed",
          "title": "should render an `.last`"
        },
        {
          "ancestorTitles": ["<Pagination />"],
          "failureMessages": [],
          "fullName": "<Pagination /> should render a `firstLabel`",
          "location": null,
          "status": "passed",
          "title": "should render a `firstLabel`"
        },
        {
          "ancestorTitles": ["<Pagination />"],
          "failureMessages": [],
          "fullName": "<Pagination /> should render a `lastLabel`",
          "location": null,
          "status": "passed",
          "title": "should render a `lastLabel`"
        },
        {
          "ancestorTitles": ["<Pagination />"],
          "failureMessages": [],
          "fullName": "<Pagination /> should test click event on first button",
          "location": null,
          "status": "passed",
          "title": "should test click event on first button"
        },
        {
          "ancestorTitles": ["<Pagination />"],
          "failureMessages": [],
          "fullName": "<Pagination /> should test click event on last button",
          "location": null,
          "status": "passed",
          "title": "should test click event on last button"
        }
      ],
      "endTime": 1578326099055,
      "message": "",
      "name": "/Users/vinkumar2/Documents/Projects/PageSource/PatternLibs/ReactPatternLib/lib/components/molecules/Pagination/tests/Pagination.test.js",
      "startTime": 1578326098732,
      "status": "passed",
      "summary": ""
    },
    {
      "assertionResults": [
        {
          "ancestorTitles": ["<QuoteMedia />"],
          "failureMessages": [],
          "fullName": "<QuoteMedia /> Should have component heading being displayed",
          "location": null,
          "status": "passed",
          "title": "Should have component heading being displayed"
        },
        {
          "ancestorTitles": ["<QuoteMedia />"],
          "failureMessages": [],
          "fullName": "<QuoteMedia /> Should allow quote component passing",
          "location": null,
          "status": "passed",
          "title": "Should allow quote component passing"
        },
        {
          "ancestorTitles": ["<QuoteMedia />"],
          "failureMessages": [],
          "fullName": "<QuoteMedia /> Should render media Image in component body",
          "location": null,
          "status": "passed",
          "title": "Should render media Image in component body"
        },
        {
          "ancestorTitles": ["<QuoteMedia />"],
          "failureMessages": [],
          "fullName": "<QuoteMedia /> Should render correctly",
          "location": null,
          "status": "passed",
          "title": "Should render correctly"
        }
      ],
      "endTime": 1578326099521,
      "message": "",
      "name": "/Users/vinkumar2/Documents/Projects/PageSource/PatternLibs/ReactPatternLib/lib/components/molecules/QuoteMedia/tests/QuoteMedia.test.js",
      "startTime": 1578326099166,
      "status": "passed",
      "summary": ""
    },
    {
      "assertionResults": [
        {
          "ancestorTitles": ["Table"],
          "failureMessages": [],
          "fullName": "Table should render correctly",
          "location": null,
          "status": "passed",
          "title": "should render correctly"
        },
        {
          "ancestorTitles": ["Table"],
          "failureMessages": [],
          "fullName": "Table should have table component",
          "location": null,
          "status": "passed",
          "title": "should have table component"
        },
        {
          "ancestorTitles": ["Table"],
          "failureMessages": [],
          "fullName": "Table should have thead component",
          "location": null,
          "status": "passed",
          "title": "should have thead component"
        },
        {
          "ancestorTitles": ["Table"],
          "failureMessages": [],
          "fullName": "Table should have tbody component",
          "location": null,
          "status": "passed",
          "title": "should have tbody component"
        },
        {
          "ancestorTitles": ["Table"],
          "failureMessages": [],
          "fullName": "Table should have th is equal to number of columns",
          "location": null,
          "status": "passed",
          "title": "should have th is equal to number of columns"
        },
        {
          "ancestorTitles": ["Table"],
          "failureMessages": [],
          "fullName": "Table should have tr is equal to number of data rows",
          "location": null,
          "status": "passed",
          "title": "should have tr is equal to number of data rows"
        },
        {
          "ancestorTitles": ["Table"],
          "failureMessages": [],
          "fullName": "Table should loop through each row and check the content",
          "location": null,
          "status": "passed",
          "title": "should loop through each row and check the content"
        }
      ],
      "endTime": 1578326099620,
      "message": "",
      "name": "/Users/vinkumar2/Documents/Projects/PageSource/PatternLibs/ReactPatternLib/lib/components/molecules/Table/tests/Table.test.js",
      "startTime": 1578326098817,
      "status": "passed",
      "summary": ""
    },
    {
      "assertionResults": [
        {
          "ancestorTitles": ["<Popover /> Rendering"],
          "failureMessages": [],
          "fullName": "<Popover /> Rendering should render correctly",
          "location": null,
          "status": "passed",
          "title": "should render correctly"
        },
        {
          "ancestorTitles": ["Popover functional behavior"],
          "failureMessages": [],
          "fullName": "Popover functional behavior Should have Close Button By Default and can be closed",
          "location": null,
          "status": "passed",
          "title": "Should have Close Button By Default and can be closed"
        },
        {
          "ancestorTitles": ["Popover functional behavior"],
          "failureMessages": [],
          "fullName": "Popover functional behavior Should open By Default when isVisible set to true",
          "location": null,
          "status": "passed",
          "title": "Should open By Default when isVisible set to true"
        },
        {
          "ancestorTitles": ["Popover functional behavior"],
          "failureMessages": [],
          "fullName": "Popover functional behavior Should open and close on Trigger and X button click",
          "location": null,
          "status": "passed",
          "title": "Should open and close on Trigger and X button click"
        }
      ],
      "endTime": 1578326099624,
      "message": "",
      "name": "/Users/vinkumar2/Documents/Projects/PageSource/PatternLibs/ReactPatternLib/lib/components/molecules/Popover/tests/Popover.test.js",
      "startTime": 1578326099310,
      "status": "passed",
      "summary": ""
    },
    {
      "assertionResults": [
        {
          "ancestorTitles": ["<Toast />"],
          "failureMessages": [],
          "fullName": "<Toast /> <Toast />should render correctly",
          "location": null,
          "status": "passed",
          "title": "<Toast />should render correctly"
        },
        {
          "ancestorTitles": ["<Toast /> Component"],
          "failureMessages": [],
          "fullName": "<Toast /> Component is rendering root div,if isVisible prop is true ",
          "location": null,
          "status": "passed",
          "title": "is rendering root div,if isVisible prop is true "
        },
        {
          "ancestorTitles": ["<Toast /> Component"],
          "failureMessages": [],
          "fullName": "<Toast /> Component not rendering root div,if isVisible prop is false",
          "location": null,
          "status": "passed",
          "title": "not rendering root div,if isVisible prop is false"
        },
        {
          "ancestorTitles": ["<Toast /> Component"],
          "failureMessages": [],
          "fullName": "<Toast /> Component is rendering all necessary elements rendered if isVisible prop is true",
          "location": null,
          "status": "passed",
          "title": "is rendering all necessary elements rendered if isVisible prop is true"
        },
        {
          "ancestorTitles": ["<Toast /> Component"],
          "failureMessages": [],
          "fullName": "<Toast /> Component is rendering ProgressBar if autoDismissTimeout is set as 0",
          "location": null,
          "status": "passed",
          "title": "is rendering ProgressBar if autoDismissTimeout is set as 0"
        },
        {
          "ancestorTitles": ["<Toast /> Component"],
          "failureMessages": [],
          "fullName": "<Toast /> Component is rendering ProgressBar if autoDismissTimeout is set as 3000",
          "location": null,
          "status": "passed",
          "title": "is rendering ProgressBar if autoDismissTimeout is set as 3000"
        },
        {
          "ancestorTitles": ["<Toast /> Component"],
          "failureMessages": [],
          "fullName": "<Toast /> Component is rendering children ",
          "location": null,
          "status": "passed",
          "title": "is rendering children "
        },
        {
          "ancestorTitles": ["<Toast /> Component is checking effects on"],
          "failureMessages": [],
          "fullName": "<Toast /> Component is checking effects on onClick event, should dismiss the toast when clicking  on click of X button click",
          "location": null,
          "status": "passed",
          "title": "onClick event, should dismiss the toast when clicking  on click of X button click"
        },
        {
          "ancestorTitles": ["<Toast /> component useeffect hook for autodismiss"],
          "failureMessages": [],
          "fullName": "<Toast /> component useeffect hook for autodismiss autodismiss after timeout",
          "location": null,
          "status": "passed",
          "title": "autodismiss after timeout"
        }
      ],
      "endTime": 1578326099741,
      "message": "",
      "name": "/Users/vinkumar2/Documents/Projects/PageSource/PatternLibs/ReactPatternLib/lib/components/molecules/Toast/tests/Toast.test.js",
      "startTime": 1578326095587,
      "status": "passed",
      "summary": ""
    },
    {
      "assertionResults": [
        {
          "ancestorTitles": ["<Accordion />"],
          "failureMessages": [],
          "fullName": "<Accordion /> accordion renders",
          "location": null,
          "status": "passed",
          "title": "accordion renders"
        },
        {
          "ancestorTitles": ["<Accordion />"],
          "failureMessages": [],
          "fullName": "<Accordion /> should render <div/>",
          "location": null,
          "status": "passed",
          "title": "should render <div/>"
        },
        {
          "ancestorTitles": ["<Accordion />"],
          "failureMessages": [],
          "fullName": "<Accordion /> should render details",
          "location": null,
          "status": "passed",
          "title": "should render details"
        },
        {
          "ancestorTitles": ["<Accordion />"],
          "failureMessages": [],
          "fullName": "<Accordion /> should render summary",
          "location": null,
          "status": "passed",
          "title": "should render summary"
        },
        {
          "ancestorTitles": ["<Accordion />"],
          "failureMessages": [],
          "fullName": "<Accordion /> panel opens on click of header",
          "location": null,
          "status": "passed",
          "title": "panel opens on click of header"
        },
        {
          "ancestorTitles": ["<Accordion />"],
          "failureMessages": [],
          "fullName": "<Accordion /> should render correctly",
          "location": null,
          "status": "passed",
          "title": "should render correctly"
        }
      ],
      "endTime": 1578326099914,
      "message": "",
      "name": "/Users/vinkumar2/Documents/Projects/PageSource/PatternLibs/ReactPatternLib/lib/components/molecules/Accordion/tests/Accordion.test.js",
      "startTime": 1578326098386,
      "status": "passed",
      "summary": ""
    },
    {
      "assertionResults": [
        {
          "ancestorTitles": ["Button Component"],
          "failureMessages": [],
          "fullName": "Button Component should render correctly",
          "location": null,
          "status": "passed",
          "title": "should render correctly"
        },
        {
          "ancestorTitles": ["Button Component"],
          "failureMessages": [],
          "fullName": "Button Component should render disabled",
          "location": null,
          "status": "passed",
          "title": "should render disabled"
        },
        {
          "ancestorTitles": ["Button Component"],
          "failureMessages": [],
          "fullName": "Button Component should render title element",
          "location": null,
          "status": "passed",
          "title": "should render title element"
        },
        {
          "ancestorTitles": ["Button Component"],
          "failureMessages": [],
          "fullName": "Button Component should render aria attribute element",
          "location": null,
          "status": "passed",
          "title": "should render aria attribute element"
        },
        {
          "ancestorTitles": ["Button Component"],
          "failureMessages": [],
          "fullName": "Button Component should check the data attribute of button",
          "location": null,
          "status": "passed",
          "title": "should check the data attribute of button"
        }
      ],
      "endTime": 1578326099852,
      "message": "",
      "name": "/Users/vinkumar2/Documents/Projects/PageSource/PatternLibs/ReactPatternLib/lib/components/atoms/Button/tests/Button.test.js",
      "startTime": 1578326099461,
      "status": "passed",
      "summary": ""
    },
    {
      "assertionResults": [
        {
          "ancestorTitles": ["<Video />"],
          "failureMessages": [],
          "fullName": "<Video /> should have video tag",
          "location": null,
          "status": "passed",
          "title": "should have video tag"
        },
        {
          "ancestorTitles": ["<Video />"],
          "failureMessages": [],
          "fullName": "<Video /> should have source tag in video",
          "location": null,
          "status": "passed",
          "title": "should have source tag in video"
        },
        {
          "ancestorTitles": ["<Video />"],
          "failureMessages": [],
          "fullName": "<Video /> should have src attribute in source tag",
          "location": null,
          "status": "passed",
          "title": "should have src attribute in source tag"
        },
        {
          "ancestorTitles": ["<Video />"],
          "failureMessages": [],
          "fullName": "<Video /> should not be autoplay",
          "location": null,
          "status": "passed",
          "title": "should not be autoplay"
        },
        {
          "ancestorTitles": ["<Video />"],
          "failureMessages": [],
          "fullName": "<Video /> should not have track element only should have Track component",
          "location": null,
          "status": "passed",
          "title": "should not have track element only should have Track component"
        },
        {
          "ancestorTitles": ["<Video />"],
          "failureMessages": [],
          "fullName": "<Video /> should have children",
          "location": null,
          "status": "passed",
          "title": "should have children"
        },
        {
          "ancestorTitles": ["<Video />"],
          "failureMessages": [],
          "fullName": "<Video /> track component without data",
          "location": null,
          "status": "passed",
          "title": "track component without data"
        },
        {
          "ancestorTitles": ["<Video />"],
          "failureMessages": [],
          "fullName": "<Video /> should render correctly",
          "location": null,
          "status": "passed",
          "title": "should render correctly"
        }
      ],
      "endTime": 1578326099960,
      "message": "",
      "name": "/Users/vinkumar2/Documents/Projects/PageSource/PatternLibs/ReactPatternLib/lib/components/atoms/Video/tests/Video.test.js",
      "startTime": 1578326099461,
      "status": "passed",
      "summary": ""
    },
    {
      "assertionResults": [
        {
          "ancestorTitles": ["InputChoiceVanilla Component"],
          "failureMessages": [],
          "fullName": "InputChoiceVanilla Component should render Radio button correctly",
          "location": null,
          "status": "passed",
          "title": "should render Radio button correctly"
        },
        {
          "ancestorTitles": ["InputChoiceVanilla Component"],
          "failureMessages": [],
          "fullName": "InputChoiceVanilla Component should render checkbox correctly",
          "location": null,
          "status": "passed",
          "title": "should render checkbox correctly"
        },
        {
          "ancestorTitles": ["InputChoiceVanilla Component"],
          "failureMessages": [],
          "fullName": "InputChoiceVanilla Component should render disabled",
          "location": null,
          "status": "passed",
          "title": "should render disabled"
        },
        {
          "ancestorTitles": ["InputChoiceVanilla Component"],
          "failureMessages": [],
          "fullName": "InputChoiceVanilla Component should render checked",
          "location": null,
          "status": "passed",
          "title": "should render checked"
        }
      ],
      "endTime": 1578326100284,
      "message": "",
      "name": "/Users/vinkumar2/Documents/Projects/PageSource/PatternLibs/ReactPatternLib/lib/components/molecules/InputChoice/tests/InputChoice.test.js",
      "startTime": 1578326099941,
      "status": "passed",
      "summary": ""
    },
    {
      "assertionResults": [
        {
          "ancestorTitles": ["Button"],
          "failureMessages": [],
          "fullName": "Button should render correctly",
          "location": null,
          "status": "passed",
          "title": "should render correctly"
        }
      ],
      "endTime": 1578326100438,
      "message": "",
      "name": "/Users/vinkumar2/Documents/Projects/PageSource/PatternLibs/ReactPatternLib/lib/components/atoms/Button/tests/Button.style.test.js",
      "startTime": 1578326100045,
      "status": "passed",
      "summary": ""
    },
    {
      "assertionResults": [
        {
          "ancestorTitles": ["<Blockquote />"],
          "failureMessages": [],
          "fullName": "<Blockquote /> should render blockquote",
          "location": null,
          "status": "passed",
          "title": "should render blockquote"
        },
        {
          "ancestorTitles": ["<Blockquote />"],
          "failureMessages": [],
          "fullName": "<Blockquote /> should render content",
          "location": null,
          "status": "passed",
          "title": "should render content"
        },
        {
          "ancestorTitles": ["<Blockquote />"],
          "failureMessages": [],
          "fullName": "<Blockquote /> check quoteContent value passed in",
          "location": null,
          "status": "passed",
          "title": "check quoteContent value passed in"
        },
        {
          "ancestorTitles": ["<Blockquote />"],
          "failureMessages": [],
          "fullName": "<Blockquote /> check quoteAuthor value passed in",
          "location": null,
          "status": "passed",
          "title": "check quoteAuthor value passed in"
        },
        {
          "ancestorTitles": ["<Blockquote />"],
          "failureMessages": [],
          "fullName": "<Blockquote /> should render author name",
          "location": null,
          "status": "passed",
          "title": "should render author name"
        },
        {
          "ancestorTitles": ["<Blockquote />"],
          "failureMessages": [],
          "fullName": "<Blockquote /> should render correctly",
          "location": null,
          "status": "passed",
          "title": "should render correctly"
        }
      ],
      "endTime": 1578326100463,
      "message": "",
      "name": "/Users/vinkumar2/Documents/Projects/PageSource/PatternLibs/ReactPatternLib/lib/components/molecules/Blockquote/tests/Blockquote.test.js",
      "startTime": 1578326100067,
      "status": "passed",
      "summary": ""
    },
    {
      "assertionResults": [
        {
          "ancestorTitles": ["Select Styled component"],
          "failureMessages": [],
          "fullName": "Select Styled component should render correctly",
          "location": null,
          "status": "passed",
          "title": "should render correctly"
        }
      ],
      "endTime": 1578326100756,
      "message": "",
      "name": "/Users/vinkumar2/Documents/Projects/PageSource/PatternLibs/ReactPatternLib/lib/components/atoms/Select/tests/Select.style.test.js",
      "startTime": 1578326100248,
      "status": "passed",
      "summary": ""
    },
    {
      "assertionResults": [
        {
          "ancestorTitles": ["Heading Component"],
          "failureMessages": [],
          "fullName": "Heading Component should render correctly and match snapshot",
          "location": null,
          "status": "passed",
          "title": "should render correctly and match snapshot"
        },
        {
          "ancestorTitles": ["Heading Component"],
          "failureMessages": [],
          "fullName": "Heading Component should check the custom locator of heading",
          "location": null,
          "status": "passed",
          "title": "should check the custom locator of heading"
        },
        {
          "ancestorTitles": ["Heading Component"],
          "failureMessages": [],
          "fullName": "Heading Component should check the default locator of heading",
          "location": null,
          "status": "passed",
          "title": "should check the default locator of heading"
        }
      ],
      "endTime": 1578326100763,
      "message": "",
      "name": "/Users/vinkumar2/Documents/Projects/PageSource/PatternLibs/ReactPatternLib/lib/components/atoms/Heading/tests/Heading.test.js",
      "startTime": 1578326100387,
      "status": "passed",
      "summary": ""
    },
    {
      "assertionResults": [
        {
          "ancestorTitles": ["FieldError Component"],
          "failureMessages": [],
          "fullName": "FieldError Component should render correctly",
          "location": null,
          "status": "passed",
          "title": "should render correctly"
        },
        {
          "ancestorTitles": ["FieldError Component"],
          "failureMessages": [],
          "fullName": "FieldError Component should check the element locator of field error",
          "location": null,
          "status": "passed",
          "title": "should check the element locator of field error"
        },
        {
          "ancestorTitles": ["FieldError Component"],
          "failureMessages": [],
          "fullName": "FieldError Component should check the default slnid of field error",
          "location": null,
          "status": "passed",
          "title": "should check the default slnid of field error"
        }
      ],
      "endTime": 1578326100863,
      "message": "",
      "name": "/Users/vinkumar2/Documents/Projects/PageSource/PatternLibs/ReactPatternLib/lib/components/atoms/FieldError/tests/FieldError.test.js",
      "startTime": 1578326100601,
      "status": "passed",
      "summary": ""
    },
    {
      "assertionResults": [
        {
          "ancestorTitles": ["Input Component"],
          "failureMessages": [],
          "fullName": "Input Component should render correctly",
          "location": null,
          "status": "passed",
          "title": "should render correctly"
        },
        {
          "ancestorTitles": ["Input Component"],
          "failureMessages": [],
          "fullName": "Input Component should check the data attribute of input",
          "location": null,
          "status": "passed",
          "title": "should check the data attribute of input"
        },
        {
          "ancestorTitles": ["File Input Component -> Unit Testing"],
          "failureMessages": [],
          "fullName": "File Input Component -> Unit Testing should render file input component correctly",
          "location": null,
          "status": "passed",
          "title": "should render file input component correctly"
        },
        {
          "ancestorTitles": ["File Input Component -> Unit Testing"],
          "failureMessages": [],
          "fullName": "File Input Component -> Unit Testing should call function on click of the input field",
          "location": null,
          "status": "passed",
          "title": "should call function on click of the input field"
        },
        {
          "ancestorTitles": ["File Input Component -> Unit Testing"],
          "failureMessages": [],
          "fullName": "File Input Component -> Unit Testing should simulate click event of the input field",
          "location": null,
          "status": "passed",
          "title": "should simulate click event of the input field"
        },
        {
          "ancestorTitles": ["File Input Component -> Unit Testing"],
          "failureMessages": [],
          "fullName": "File Input Component -> Unit Testing should render with prop \"multiple\" to distinguish multiple or single file",
          "location": null,
          "status": "passed",
          "title": "should render with prop \"multiple\" to distinguish multiple or single file"
        },
        {
          "ancestorTitles": ["File Input Component -> Unit Testing"],
          "failureMessages": [],
          "fullName": "File Input Component -> Unit Testing should render input correctly",
          "location": null,
          "status": "passed",
          "title": "should render input correctly"
        }
      ],
      "endTime": 1578326100878,
      "message": "",
      "name": "/Users/vinkumar2/Documents/Projects/PageSource/PatternLibs/ReactPatternLib/lib/components/atoms/Input/tests/Input.test.js",
      "startTime": 1578326100398,
      "status": "passed",
      "summary": ""
    },
    {
      "assertionResults": [
        {
          "ancestorTitles": ["FieldInput Component"],
          "failureMessages": [],
          "fullName": "FieldInput Component should render correctly",
          "location": null,
          "status": "passed",
          "title": "should render correctly"
        },
        {
          "ancestorTitles": ["FieldInput Component"],
          "failureMessages": [],
          "fullName": "FieldInput Component should render button with type = \"button\".",
          "location": null,
          "status": "passed",
          "title": "should render button with type = \"button\"."
        },
        {
          "ancestorTitles": ["FieldInput Component"],
          "failureMessages": [],
          "fullName": "FieldInput Component should render 1st button with theme prop type, tertiary",
          "location": null,
          "status": "passed",
          "title": "should render 1st button with theme prop type, tertiary"
        },
        {
          "ancestorTitles": ["FieldInput Component"],
          "failureMessages": [],
          "fullName": "FieldInput Component should render 2nd button with theme prop type, primary",
          "location": null,
          "status": "passed",
          "title": "should render 2nd button with theme prop type, primary"
        },
        {
          "ancestorTitles": ["FieldInput Component"],
          "failureMessages": [],
          "fullName": "FieldInput Component should match the button text rendered",
          "location": null,
          "status": "passed",
          "title": "should match the button text rendered"
        },
        {
          "ancestorTitles": ["FieldInput Component"],
          "failureMessages": [],
          "fullName": "FieldInput Component should match the button text rendered for second button",
          "location": null,
          "status": "passed",
          "title": "should match the button text rendered for second button"
        },
        {
          "ancestorTitles": ["FieldInput Component"],
          "failureMessages": [],
          "fullName": "FieldInput Component should match the label rendered correctly.",
          "location": null,
          "status": "passed",
          "title": "should match the label rendered correctly."
        },
        {
          "ancestorTitles": ["FieldInput Component"],
          "failureMessages": [],
          "fullName": "FieldInput Component should match the input rendered correctly.",
          "location": null,
          "status": "passed",
          "title": "should match the input rendered correctly."
        },
        {
          "ancestorTitles": ["FieldInput Component"],
          "failureMessages": [],
          "fullName": "FieldInput Component should match the input rendered correctly on change event simulation.",
          "location": null,
          "status": "passed",
          "title": "should match the input rendered correctly on change event simulation."
        },
        {
          "ancestorTitles": ["FieldInput Component"],
          "failureMessages": [],
          "fullName": "FieldInput Component should match the input rendered correctly on blur event simulation.",
          "location": null,
          "status": "passed",
          "title": "should match the input rendered correctly on blur event simulation."
        }
      ],
      "endTime": 1578326101204,
      "message": "",
      "name": "/Users/vinkumar2/Documents/Projects/PageSource/PatternLibs/ReactPatternLib/lib/components/molecules/Form/FieldFileInput/tests/FieldFileInput.test.js",
      "startTime": 1578326100800,
      "status": "passed",
      "summary": ""
    },
    {
      "assertionResults": [
        {
          "ancestorTitles": ["Anchor Component"],
          "failureMessages": [],
          "fullName": "Anchor Component should render correctly and match snapshot",
          "location": null,
          "status": "passed",
          "title": "should render correctly and match snapshot"
        },
        {
          "ancestorTitles": ["Anchor Component"],
          "failureMessages": [],
          "fullName": "Anchor Component Should handle on typeahead focuson Events",
          "location": null,
          "status": "passed",
          "title": "Should handle on typeahead focuson Events"
        },
        {
          "ancestorTitles": ["Anchor Component"],
          "failureMessages": [],
          "fullName": "Anchor Component should check the data attribute of anchor",
          "location": null,
          "status": "passed",
          "title": "should check the data attribute of anchor"
        }
      ],
      "endTime": 1578326101214,
      "message": "",
      "name": "/Users/vinkumar2/Documents/Projects/PageSource/PatternLibs/ReactPatternLib/lib/components/atoms/Anchor/tests/Anchor.test.js",
      "startTime": 1578326100902,
      "status": "passed",
      "summary": ""
    },
    {
      "assertionResults": [
        {
          "ancestorTitles": ["Input Styled component"],
          "failureMessages": [],
          "fullName": "Input Styled component should render correctly",
          "location": null,
          "status": "passed",
          "title": "should render correctly"
        }
      ],
      "endTime": 1578326101383,
      "message": "",
      "name": "/Users/vinkumar2/Documents/Projects/PageSource/PatternLibs/ReactPatternLib/lib/components/atoms/Input/tests/Input.style.test.js",
      "startTime": 1578326101032,
      "status": "passed",
      "summary": ""
    },
    {
      "assertionResults": [
        {
          "ancestorTitles": ["Select Styled component"],
          "failureMessages": [],
          "fullName": "Select Styled component should render correctly",
          "location": null,
          "status": "passed",
          "title": "should render correctly"
        }
      ],
      "endTime": 1578326101536,
      "message": "",
      "name": "/Users/vinkumar2/Documents/Projects/PageSource/PatternLibs/ReactPatternLib/lib/components/atoms/Textarea/tests/Textarea.style.test.js",
      "startTime": 1578326101173,
      "status": "passed",
      "summary": ""
    },
    {
      "assertionResults": [
        {
          "ancestorTitles": ["Modal Component"],
          "failureMessages": [],
          "fullName": "Modal Component should render Modal correctly",
          "location": null,
          "status": "passed",
          "title": "should render Modal correctly"
        }
      ],
      "endTime": 1578326101545,
      "message": "",
      "name": "/Users/vinkumar2/Documents/Projects/PageSource/PatternLibs/ReactPatternLib/lib/components/molecules/Modal/tests/Modal.test.js",
      "startTime": 1578326101176,
      "status": "passed",
      "summary": ""
    },
    {
      "assertionResults": [
        {
          "ancestorTitles": ["<ArticleThumbnail />"],
          "failureMessages": [],
          "fullName": "<ArticleThumbnail /> should render correctly with Readmore",
          "location": null,
          "status": "passed",
          "title": "should render correctly with Readmore"
        },
        {
          "ancestorTitles": ["<ArticleThumbnail />"],
          "failureMessages": [],
          "fullName": "<ArticleThumbnail /> should render correctly with full clickable thumb",
          "location": null,
          "status": "passed",
          "title": "should render correctly with full clickable thumb"
        }
      ],
      "endTime": 1578326101570,
      "message": "",
      "name": "/Users/vinkumar2/Documents/Projects/PageSource/PatternLibs/ReactPatternLib/lib/components/molecules/ArticleThumbnail/tests/ArticleThumbnail.test.js",
      "startTime": 1578326101209,
      "status": "passed",
      "summary": ""
    },
    {
      "assertionResults": [
        {
          "ancestorTitles": ["<StickyBar />"],
          "failureMessages": [],
          "fullName": "<StickyBar /> should render the List Component",
          "location": null,
          "status": "passed",
          "title": "should render the List Component"
        },
        {
          "ancestorTitles": ["<StickyBar />"],
          "failureMessages": [],
          "fullName": "<StickyBar /> should render correctly",
          "location": null,
          "status": "passed",
          "title": "should render correctly"
        }
      ],
      "endTime": 1578326101690,
      "message": "",
      "name": "/Users/vinkumar2/Documents/Projects/PageSource/PatternLibs/ReactPatternLib/lib/components/molecules/StickyBar/tests/StickyBar.test.js",
      "startTime": 1578326101232,
      "status": "passed",
      "summary": ""
    },
    {
      "assertionResults": [
        {
          "ancestorTitles": ["Select Component"],
          "failureMessages": [],
          "fullName": "Select Component should render correctly",
          "location": null,
          "status": "passed",
          "title": "should render correctly"
        },
        {
          "ancestorTitles": ["Select Component"],
          "failureMessages": [],
          "fullName": "Select Component should check the data attribute of dropdown/select",
          "location": null,
          "status": "passed",
          "title": "should check the data attribute of dropdown/select"
        }
      ],
      "endTime": 1578326101940,
      "message": "",
      "name": "/Users/vinkumar2/Documents/Projects/PageSource/PatternLibs/ReactPatternLib/lib/components/atoms/Select/tests/Select.test.js",
      "startTime": 1578326101660,
      "status": "passed",
      "summary": ""
    },
    {
      "assertionResults": [
        {
          "ancestorTitles": ["Image Component with styles"],
          "failureMessages": [],
          "fullName": "Image Component with styles should render correctly and match snapshots",
          "location": null,
          "status": "passed",
          "title": "should render correctly and match snapshots"
        },
        {
          "ancestorTitles": ["Image Component with styles"],
          "failureMessages": [],
          "fullName": "Image Component with styles should render correctly with lazy load",
          "location": null,
          "status": "passed",
          "title": "should render correctly with lazy load"
        }
      ],
      "endTime": 1578326101957,
      "message": "",
      "name": "/Users/vinkumar2/Documents/Projects/PageSource/PatternLibs/ReactPatternLib/lib/components/atoms/Image/tests/Image.style.test.js",
      "startTime": 1578326101677,
      "status": "passed",
      "summary": ""
    },
    {
      "assertionResults": [
        {
          "ancestorTitles": ["<List />"],
          "failureMessages": [],
          "fullName": "<List /> should render default view correctly",
          "location": null,
          "status": "passed",
          "title": "should render default view correctly"
        }
      ],
      "endTime": 1578326102132,
      "message": "",
      "name": "/Users/vinkumar2/Documents/Projects/PageSource/PatternLibs/ReactPatternLib/lib/components/molecules/List/tests/List.test.js",
      "startTime": 1578326101842,
      "status": "passed",
      "summary": ""
    },
    {
      "assertionResults": [
        {
          "ancestorTitles": ["<Textarea />"],
          "failureMessages": [],
          "fullName": "<Textarea /> should render correctly",
          "location": null,
          "status": "passed",
          "title": "should render correctly"
        },
        {
          "ancestorTitles": ["<Textarea />"],
          "failureMessages": [],
          "fullName": "<Textarea /> should check the data attribute of textarea",
          "location": null,
          "status": "passed",
          "title": "should check the data attribute of textarea"
        }
      ],
      "endTime": 1578326102254,
      "message": "",
      "name": "/Users/vinkumar2/Documents/Projects/PageSource/PatternLibs/ReactPatternLib/lib/components/atoms/Textarea/tests/Textarea.test.js",
      "startTime": 1578326101949,
      "status": "passed",
      "summary": ""
    },
    {
      "assertionResults": [
        {
          "ancestorTitles": ["Para Component"],
          "failureMessages": [],
          "fullName": "Para Component should render correctly and match snapshot",
          "location": null,
          "status": "passed",
          "title": "should render correctly and match snapshot"
        },
        {
          "ancestorTitles": ["Para Component"],
          "failureMessages": [],
          "fullName": "Para Component should check the data attribute of para",
          "location": null,
          "status": "passed",
          "title": "should check the data attribute of para"
        }
      ],
      "endTime": 1578326102286,
      "message": "",
      "name": "/Users/vinkumar2/Documents/Projects/PageSource/PatternLibs/ReactPatternLib/lib/components/atoms/Para/tests/Para.test.js",
      "startTime": 1578326101941,
      "status": "passed",
      "summary": ""
    },
    {
      "assertionResults": [
        {
          "ancestorTitles": ["<Tab />"],
          "failureMessages": [],
          "fullName": "<Tab /> should render correctly",
          "location": null,
          "status": "passed",
          "title": "should render correctly"
        }
      ],
      "endTime": 1578326102417,
      "message": "",
      "name": "/Users/vinkumar2/Documents/Projects/PageSource/PatternLibs/ReactPatternLib/lib/components/molecules/Tabs/Tab/tests/Tab.test.js",
      "startTime": 1578326102073,
      "status": "passed",
      "summary": ""
    },
    {
      "assertionResults": [
        {
          "ancestorTitles": ["<HeroBanner />"],
          "failureMessages": [],
          "fullName": "<HeroBanner /> should render correctly",
          "location": null,
          "status": "passed",
          "title": "should render correctly"
        },
        {
          "ancestorTitles": ["<HeroBanner />"],
          "failureMessages": [],
          "fullName": "<HeroBanner /> should render a div",
          "location": null,
          "status": "passed",
          "title": "should render a div"
        },
        {
          "ancestorTitles": ["<HeroBanner />"],
          "failureMessages": [],
          "fullName": "<HeroBanner /> should render a header",
          "location": null,
          "status": "passed",
          "title": "should render a header"
        },
        {
          "ancestorTitles": ["<HeroBanner />"],
          "failureMessages": [],
          "fullName": "<HeroBanner /> should render a header with role as banner",
          "location": null,
          "status": "passed",
          "title": "should render a header with role as banner"
        },
        {
          "ancestorTitles": ["<HeroBanner />"],
          "failureMessages": [],
          "fullName": "<HeroBanner /> should render Hero Image",
          "location": null,
          "status": "passed",
          "title": "should render Hero Image"
        },
        {
          "ancestorTitles": ["<HeroBanner />"],
          "failureMessages": [],
          "fullName": "<HeroBanner /> should render children",
          "location": null,
          "status": "passed",
          "title": "should render children"
        }
      ],
      "endTime": 1578326102574,
      "message": "",
      "name": "/Users/vinkumar2/Documents/Projects/PageSource/PatternLibs/ReactPatternLib/lib/components/molecules/HeroBanner/tests/HeroBanner.test.js",
      "startTime": 1578326102159,
      "status": "passed",
      "summary": ""
    },
    {
      "assertionResults": [
        {
          "ancestorTitles": ["Image Component"],
          "failureMessages": [],
          "fullName": "Image Component should render correctly and match snapshots",
          "location": null,
          "status": "passed",
          "title": "should render correctly and match snapshots"
        },
        {
          "ancestorTitles": ["Image Component"],
          "failureMessages": [],
          "fullName": "Image Component should change image src on error",
          "location": null,
          "status": "passed",
          "title": "should change image src on error"
        },
        {
          "ancestorTitles": ["Image Component"],
          "failureMessages": [],
          "fullName": "Image Component should check the data attribute of image",
          "location": null,
          "status": "passed",
          "title": "should check the data attribute of image"
        },
        {
          "ancestorTitles": ["Image Component"],
          "failureMessages": [],
          "fullName": "Image Component should check the default locator of image",
          "location": null,
          "status": "passed",
          "title": "should check the default locator of image"
        }
      ],
      "endTime": 1578326102595,
      "message": "",
      "name": "/Users/vinkumar2/Documents/Projects/PageSource/PatternLibs/ReactPatternLib/lib/components/atoms/Image/tests/Image.test.js",
      "startTime": 1578326102349,
      "status": "passed",
      "summary": ""
    },
    {
      "assertionResults": [
        {
          "ancestorTitles": ["<Tag />"],
          "failureMessages": [],
          "fullName": "<Tag /> should render correctly",
          "location": null,
          "status": "passed",
          "title": "should render correctly"
        },
        {
          "ancestorTitles": ["<Tag />"],
          "failureMessages": [],
          "fullName": "<Tag /> should render provided text",
          "location": null,
          "status": "passed",
          "title": "should render provided text"
        },
        {
          "ancestorTitles": ["<Tag />"],
          "failureMessages": [],
          "fullName": "<Tag /> should control remove button availability through prop",
          "location": null,
          "status": "passed",
          "title": "should control remove button availability through prop"
        },
        {
          "ancestorTitles": ["<Tag />"],
          "failureMessages": [],
          "fullName": "<Tag /> should call parent method on remove if available",
          "location": null,
          "status": "passed",
          "title": "should call parent method on remove if available"
        }
      ],
      "endTime": 1578326102665,
      "message": "",
      "name": "/Users/vinkumar2/Documents/Projects/PageSource/PatternLibs/ReactPatternLib/lib/components/atoms/Tag/tests/Tag.test.js",
      "startTime": 1578326102348,
      "status": "passed",
      "summary": ""
    },
    {
      "assertionResults": [
        {
          "ancestorTitles": ["<Track />"],
          "failureMessages": [],
          "fullName": "<Track /> should render correctly",
          "location": null,
          "status": "passed",
          "title": "should render correctly"
        }
      ],
      "endTime": 1578326102775,
      "message": "",
      "name": "/Users/vinkumar2/Documents/Projects/PageSource/PatternLibs/ReactPatternLib/lib/components/atoms/Track/tests/Track.test.js",
      "startTime": 1578326102516,
      "status": "passed",
      "summary": ""
    },
    {
      "assertionResults": [
        {
          "ancestorTitles": ["<Icon />"],
          "failureMessages": [],
          "fullName": "<Icon /> should render correctly",
          "location": null,
          "status": "passed",
          "title": "should render correctly"
        },
        {
          "ancestorTitles": ["<Icon />"],
          "failureMessages": [],
          "fullName": "<Icon /> should have id",
          "location": null,
          "status": "passed",
          "title": "should have id"
        }
      ],
      "endTime": 1578326102882,
      "message": "",
      "name": "/Users/vinkumar2/Documents/Projects/PageSource/PatternLibs/ReactPatternLib/lib/components/atoms/Icon/tests/Icon.test.js",
      "startTime": 1578326102660,
      "status": "passed",
      "summary": ""
    },
    {
      "assertionResults": [
        {
          "ancestorTitles": ["<TabPanel />"],
          "failureMessages": [],
          "fullName": "<TabPanel /> should render correctly",
          "location": null,
          "status": "passed",
          "title": "should render correctly"
        }
      ],
      "endTime": 1578326102886,
      "message": "",
      "name": "/Users/vinkumar2/Documents/Projects/PageSource/PatternLibs/ReactPatternLib/lib/components/molecules/Tabs/TabPanel/tests/TabPanel.test.js",
      "startTime": 1578326102685,
      "status": "passed",
      "summary": ""
    },
    {
      "assertionResults": [
        {
          "ancestorTitles": ["Debug"],
          "failureMessages": [],
          "fullName": "Debug should render correctly",
          "location": null,
          "status": "passed",
          "title": "should render correctly"
        }
      ],
      "endTime": 1578326103049,
      "message": "",
      "name": "/Users/vinkumar2/Documents/Projects/PageSource/PatternLibs/ReactPatternLib/lib/components/molecules/Form/Debug/tests/Debug.test.js",
      "startTime": 1578326102824,
      "status": "passed",
      "summary": ""
    },
    {
      "assertionResults": [
        {
          "ancestorTitles": ["Label Component"],
          "failureMessages": [],
          "fullName": "Label Component should render correctly",
          "location": null,
          "status": "passed",
          "title": "should render correctly"
        },
        {
          "ancestorTitles": ["Label Component"],
          "failureMessages": [],
          "fullName": "Label Component should check the data attribute of label",
          "location": null,
          "status": "passed",
          "title": "should check the data attribute of label"
        }
      ],
      "endTime": 1578326103104,
      "message": "",
      "name": "/Users/vinkumar2/Documents/Projects/PageSource/PatternLibs/ReactPatternLib/lib/components/atoms/Label/tests/Label.test.js",
      "startTime": 1578326102988,
      "status": "passed",
      "summary": ""
    }
  ],
  "wasInterrupted": false,
  "coverageMap": {
    "/Users/vinkumar2/Documents/Projects/PageSource/PatternLibs/ReactPatternLib/lib/components/molecules/Form/index.js": {
      "path": "/Users/vinkumar2/Documents/Projects/PageSource/PatternLibs/ReactPatternLib/lib/components/molecules/Form/index.js",
      "statementMap": {},
      "fnMap": {},
      "branchMap": {},
      "s": {},
      "f": {},
      "b": {},
      "_coverageSchema": "43e27e138ebf9cfc5966b082cf9a028302ed4184",
      "hash": "3c3a7cb88dd232e5949a648da60d2f6afdd1a14e"
    },
    "/Users/vinkumar2/Documents/Projects/PageSource/PatternLibs/ReactPatternLib/lib/components/molecules/Form/Form.js": {
      "path": "/Users/vinkumar2/Documents/Projects/PageSource/PatternLibs/ReactPatternLib/lib/components/molecules/Form/Form.js",
      "statementMap": {
        "0": { "start": { "line": 34, "column": 14 }, "end": { "line": 40, "column": 3 } },
        "1": { "start": { "line": 38, "column": 4 }, "end": { "line": 38, "column": 56 } },
        "2": { "start": { "line": 38, "column": 29 }, "end": { "line": 38, "column": 56 } },
        "3": { "start": { "line": 39, "column": 4 }, "end": { "line": 39, "column": 67 } },
        "4": { "start": { "line": 42, "column": 20 }, "end": { "line": 42, "column": 33 } },
        "5": { "start": { "line": 44, "column": 17 }, "end": { "line": 44, "column": 22 } },
        "6": { "start": { "line": 46, "column": 17 }, "end": { "line": 46, "column": 27 } },
        "7": { "start": { "line": 48, "column": 22 }, "end": { "line": 48, "column": 37 } },
        "8": { "start": { "line": 50, "column": 18 }, "end": { "line": 50, "column": 29 } },
        "9": { "start": { "line": 52, "column": 20 }, "end": { "line": 52, "column": 33 } },
        "10": { "start": { "line": 54, "column": 18 }, "end": { "line": 54, "column": 29 } },
        "11": { "start": { "line": 56, "column": 21 }, "end": { "line": 56, "column": 35 } },
        "12": { "start": { "line": 58, "column": 18 }, "end": { "line": 58, "column": 29 } },
        "13": { "start": { "line": 75, "column": 8 }, "end": { "line": 75, "column": 18 } },
        "14": { "start": { "line": 76, "column": 4 }, "end": { "line": 93, "column": 6 } },
        "15": { "start": { "line": 87, "column": 10 }, "end": { "line": 90, "column": 24 } },
        "16": { "start": { "line": 97, "column": 0 }, "end": { "line": 107, "column": 2 } }
      },
      "fnMap": {
        "0": {
          "name": "(anonymous_0)",
          "decl": { "start": { "line": 34, "column": 14 }, "end": { "line": 34, "column": 15 } },
          "loc": { "start": { "line": 37, "column": 7 }, "end": { "line": 40, "column": 3 } },
[...]
          "loc": { "start": { "line": 16, "column": 14 }, "end": { "line": 16, "column": 64 } },
          "line": 16
        }
      },
      "branchMap": {
        "0": {
          "loc": { "start": { "line": 5, "column": 16 }, "end": { "line": 5, "column": 90 } },
          "type": "cond-expr",
          "locations": [
            { "start": { "line": 5, "column": 53 }, "end": { "line": 5, "column": 85 } },
            { "start": { "line": 5, "column": 88 }, "end": { "line": 5, "column": 90 } }
          ],
          "line": 5
        },
        "1": {
          "loc": { "start": { "line": 6, "column": 16 }, "end": { "line": 6, "column": 76 } },
          "type": "cond-expr",
          "locations": [
            { "start": { "line": 6, "column": 51 }, "end": { "line": 6, "column": 71 } },
            { "start": { "line": 6, "column": 74 }, "end": { "line": 6, "column": 76 } }
          ],
          "line": 6
        },
        "2": {
          "loc": { "start": { "line": 12, "column": 16 }, "end": { "line": 12, "column": 97 } },
          "type": "cond-expr",
          "locations": [
            { "start": { "line": 12, "column": 51 }, "end": { "line": 12, "column": 92 } },
            { "start": { "line": 12, "column": 95 }, "end": { "line": 12, "column": 97 } }
          ],
          "line": 12
        },
        "3": {
          "loc": { "start": { "line": 16, "column": 14 }, "end": { "line": 16, "column": 64 } },
          "type": "cond-expr",
          "locations": [
            { "start": { "line": 16, "column": 38 }, "end": { "line": 16, "column": 59 } },
            { "start": { "line": 16, "column": 62 }, "end": { "line": 16, "column": 64 } }
          ],
          "line": 16
        }
      },
      "s": { "0": 1, "1": 0, "2": 0, "3": 0, "4": 0, "5": 0 },
      "f": { "0": 0, "1": 0, "2": 0, "3": 0, "4": 0 },
      "b": { "0": [0, 0], "1": [0, 0], "2": [0, 0], "3": [0, 0] },
      "_coverageSchema": "43e27e138ebf9cfc5966b082cf9a028302ed4184",
      "hash": "6d74c3d7694cf2f9be7bd232f08e714edb97f813"
    },
    "/Users/vinkumar2/Documents/Projects/PageSource/PatternLibs/ReactPatternLib/lib/components/atoms/Tag/index.js": {
      "path": "/Users/vinkumar2/Documents/Projects/PageSource/PatternLibs/ReactPatternLib/lib/components/atoms/Tag/index.js",
      "statementMap": {},
      "fnMap": {},
      "branchMap": {},
      "s": {},
      "f": {},
      "b": {},
      "_coverageSchema": "43e27e138ebf9cfc5966b082cf9a028302ed4184",
      "hash": "775f89b27dbdaa6223cd34bf06d554baaf2f13e5"
    },
    "/Users/vinkumar2/Documents/Projects/PageSource/PatternLibs/ReactPatternLib/lib/components/atoms/Tag/Tag.js": {
      "path": "/Users/vinkumar2/Documents/Projects/PageSource/PatternLibs/ReactPatternLib/lib/components/atoms/Tag/Tag.js",
      "statementMap": {
        "0": { "start": { "line": 15, "column": 12 }, "end": { "line": 51, "column": 1 } },
        "1": { "start": { "line": 23, "column": 36 }, "end": { "line": 23, "column": 56 } },
        "2": { "start": { "line": 25, "column": 20 }, "end": { "line": 30, "column": 3 } },
        "3": { "start": { "line": 26, "column": 4 }, "end": { "line": 26, "column": 24 } },
        "4": { "start": { "line": 27, "column": 4 }, "end": { "line": 29, "column": 5 } },
        "5": { "start": { "line": 28, "column": 6 }, "end": { "line": 28, "column": 27 } },
        "6": { "start": { "line": 32, "column": 2 }, "end": { "line": 50, "column": 4 } },
        "7": { "start": { "line": 53, "column": 0 }, "end": { "line": 58, "column": 2 } }
      },
      "fnMap": {
        "0": {
          "name": "(anonymous_0)",
          "decl": { "start": { "line": 15, "column": 12 }, "end": { "line": 15, "column": 13 } },
          "loc": { "start": { "line": 22, "column": 22 }, "end": { "line": 51, "column": 1 } },
          "line": 22
        },
        "1": {
          "name": "(anonymous_1)",
          "decl": { "start": { "line": 25, "column": 20 }, "end": { "line": 25, "column": 21 } },
          "loc": { "start": { "line": 25, "column": 25 }, "end": { "line": 30, "column": 3 } },
          "line": 25
        }
      },
      "branchMap": {
        "0": {
          "loc": { "start": { "line": 27, "column": 4 }, "end": { "line": 29, "column": 5 } },
          "type": "if",
          "locations": [
            { "start": { "line": 27, "column": 4 }, "end": { "line": 29, "column": 5 } },
            { "start": { "line": 27, "column": 4 }, "end": { "line": 29, "column": 5 } }
          ],
          "line": 27
        },
        "1": {
          "loc": { "start": { "line": 34, "column": 7 }, "end": { "line": 48, "column": 7 } },
          "type": "binary-expr",
          "locations": [
            { "start": { "line": 34, "column": 7 }, "end": { "line": 34, "column": 16 } },
            { "start": { "line": 35, "column": 8 }, "end": { "line": 47, "column": 15 } }
          ],
          "line": 34
        },
        "2": {
          "loc": { "start": { "line": 37, "column": 11 }, "end": { "line": 46, "column": 11 } },
          "type": "binary-expr",
          "locations": [
            { "start": { "line": 37, "column": 11 }, "end": { "line": 37, "column": 36 } },
            { "start": { "line": 38, "column": 12 }, "end": { "line": 45, "column": 21 } }
          ],
          "line": 37
        }
      },
      "s": { "0": 1, "1": 6, "2": 6, "3": 1, "4": 1, "5": 1, "6": 6, "7": 1 },
      "f": { "0": 6, "1": 1 },
      "b": { "0": [1, 0], "1": [6, 6], "2": [6, 2] },
      "_coverageSchema": "43e27e138ebf9cfc5966b082cf9a028302ed4184",
      "hash": "0acb78ef9d9e4b80afa7150303ac2e23f4d7cf30"
    },
    "/Users/vinkumar2/Documents/Projects/PageSource/PatternLibs/ReactPatternLib/lib/components/atoms/Tag/Tag.style.js": {
      "path": "/Users/vinkumar2/Documents/Projects/PageSource/PatternLibs/ReactPatternLib/lib/components/atoms/Tag/Tag.style.js",
      "statementMap": {
        "0": { "start": { "line": 6, "column": 22 }, "end": { "line": 6, "column": 48 } },
        "1": { "start": { "line": 8, "column": 13 }, "end": { "line": 12, "column": 3 } },
        "2": { "start": { "line": 18, "column": 14 }, "end": { "line": 18, "column": 64 } }
      },
      "fnMap": {
        "0": {
          "name": "(anonymous_0)",
          "decl": { "start": { "line": 6, "column": 13 }, "end": { "line": 6, "column": 14 } },
          "loc": { "start": { "line": 6, "column": 22 }, "end": { "line": 6, "column": 48 } },
          "line": 6
        },
        "1": {
          "name": "(anonymous_1)",
          "decl": { "start": { "line": 8, "column": 4 }, "end": { "line": 8, "column": 5 } },
          "loc": { "start": { "line": 8, "column": 13 }, "end": { "line": 12, "column": 3 } },
          "line": 8
        },
        "2": {
          "name": "(anonymous_2)",
          "decl": { "start": { "line": 18, "column": 4 }, "end": { "line": 18, "column": 5 } },
          "loc": { "start": { "line": 18, "column": 14 }, "end": { "line": 18, "column": 64 } },
          "line": 18
        }
      },
      "branchMap": {
        "0": {
          "loc": { "start": { "line": 18, "column": 14 }, "end": { "line": 18, "column": 64 } },
          "type": "cond-expr",
          "locations": [
            { "start": { "line": 18, "column": 38 }, "end": { "line": 18, "column": 59 } },
            { "start": { "line": 18, "column": 62 }, "end": { "line": 18, "column": 64 } }
          ],
          "line": 18
        }
      },
      "s": { "0": 0, "1": 0, "2": 0 },
      "f": { "0": 0, "1": 0, "2": 0 },
      "b": { "0": [0, 0] },
      "_coverageSchema": "43e27e138ebf9cfc5966b082cf9a028302ed4184",
      "hash": "fde1ea841fa596bd327d4a8b4f15c534c24ead91"
    },
    "/Users/vinkumar2/Documents/Projects/PageSource/PatternLibs/ReactPatternLib/lib/components/molecules/Form/DragDropInput/types/index.js": {
      "path": "/Users/vinkumar2/Documents/Projects/PageSource/PatternLibs/ReactPatternLib/lib/components/molecules/Form/DragDropInput/types/index.js",
      "statementMap": {},
      "fnMap": {},
      "branchMap": {},
      "s": {},
      "f": {},
      "b": {},
      "hash": "098f30e9160db9f4905866dfd712a8b059db8842"
    },
    "/Users/vinkumar2/Documents/Projects/PageSource/PatternLibs/ReactPatternLib/lib/components/molecules/Tabs/types/index.js": {
      "path": "/Users/vinkumar2/Documents/Projects/PageSource/PatternLibs/ReactPatternLib/lib/components/molecules/Tabs/types/index.js",
      "statementMap": {},
      "fnMap": {},
      "branchMap": {},
      "s": {},
      "f": {},
      "b": {},
      "hash": "817c3eb0cd865af36cd73f9877633c120bab08a4"
    },
    "/Users/vinkumar2/Documents/Projects/PageSource/PatternLibs/ReactPatternLib/lib/components/molecules/Typeahead/types/index.js": {
      "path": "/Users/vinkumar2/Documents/Projects/PageSource/PatternLibs/ReactPatternLib/lib/components/molecules/Typeahead/types/index.js",
      "statementMap": {},
      "fnMap": {},
      "branchMap": {},
      "s": {},
      "f": {},
      "b": {},
      "hash": "97207cc6289252da98843204dcf9711fbb0a4c03"
    },
    "/Users/vinkumar2/Documents/Projects/PageSource/PatternLibs/ReactPatternLib/lib/components/molecules/CookieDisclaimer/types/index.js": {
      "path": "/Users/vinkumar2/Documents/Projects/PageSource/PatternLibs/ReactPatternLib/lib/components/molecules/CookieDisclaimer/types/index.js",
      "statementMap": {},
      "fnMap": {},
      "branchMap": {},
      "s": {},
      "f": {},
      "b": {},
      "hash": "67d700fe768f4c2deeeee3abfaaa94ae80d206ba"
    },
    "/Users/vinkumar2/Documents/Projects/PageSource/PatternLibs/ReactPatternLib/lib/components/molecules/Form/FieldFileInput/types/index.js": {
      "path": "/Users/vinkumar2/Documents/Projects/PageSource/PatternLibs/ReactPatternLib/lib/components/molecules/Form/FieldFileInput/types/index.js",
      "statementMap": {},
      "fnMap": {},
      "branchMap": {},
      "s": {},
      "f": {},
      "b": {},
      "hash": "f8256bc988ac437563ae54e0f28b16f5e8a7ae5a"
    },
    "/Users/vinkumar2/Documents/Projects/PageSource/PatternLibs/ReactPatternLib/lib/components/molecules/CookieDisclaimer/index.js": {
      "path": "/Users/vinkumar2/Documents/Projects/PageSource/PatternLibs/ReactPatternLib/lib/components/molecules/CookieDisclaimer/index.js",
      "statementMap": {},
      "fnMap": {},
      "branchMap": {},
      "s": {},
      "f": {},
      "b": {},
      "hash": "3597754c820e1f94d8e65a97901d335f407ccf7b"
    },
    "/Users/vinkumar2/Documents/Projects/PageSource/PatternLibs/ReactPatternLib/lib/components/molecules/ArticleThumbnail/types/index.js": {
      "path": "/Users/vinkumar2/Documents/Projects/PageSource/PatternLibs/ReactPatternLib/lib/components/molecules/ArticleThumbnail/types/index.js",
      "statementMap": {},
      "fnMap": {},
      "branchMap": {},
      "s": {},
      "f": {},
      "b": {},
      "hash": "a711c3d47dcd5cced2c3a9069ecea4de1be76a11"
    },
    "/Users/vinkumar2/Documents/Projects/PageSource/PatternLibs/ReactPatternLib/lib/components/molecules/Form/FieldToggle/types/index.js": {
      "path": "/Users/vinkumar2/Documents/Projects/PageSource/PatternLibs/ReactPatternLib/lib/components/molecules/Form/FieldToggle/types/index.js",
      "statementMap": {},
      "fnMap": {},
      "branchMap": {},
      "s": {},
      "f": {},
      "b": {},
      "hash": "31f32e6ab6a9da8c2d7c4a074082a757b12465ee"
    },
    "/Users/vinkumar2/Documents/Projects/PageSource/PatternLibs/ReactPatternLib/lib/components/molecules/Popover/types/index.js": {
      "path": "/Users/vinkumar2/Documents/Projects/PageSource/PatternLibs/ReactPatternLib/lib/components/molecules/Popover/types/index.js",
      "statementMap": {},
      "fnMap": {},
      "branchMap": {},
      "s": {},
      "f": {},
      "b": {},
      "hash": "a1e03430cc5e8482c381a1168a87a6301a1a7124"
    },
    "/Users/vinkumar2/Documents/Projects/PageSource/PatternLibs/ReactPatternLib/lib/components/molecules/QuoteMedia/types/index.js": {
      "path": "/Users/vinkumar2/Documents/Projects/PageSource/PatternLibs/ReactPatternLib/lib/components/molecules/QuoteMedia/types/index.js",
      "statementMap": {},
      "fnMap": {},
      "branchMap": {},
      "s": {},
      "f": {},
      "b": {},
      "hash": "afe7bf094197452515efb867bf9373d5b3bc38bd"
    },
    "/Users/vinkumar2/Documents/Projects/PageSource/PatternLibs/ReactPatternLib/lib/components/molecules/Toast/types/index.js": {
      "path": "/Users/vinkumar2/Documents/Projects/PageSource/PatternLibs/ReactPatternLib/lib/components/molecules/Toast/types/index.js",
      "statementMap": {},
      "fnMap": {},
      "branchMap": {},
      "s": {},
      "f": {},
      "b": {},
      "hash": "fff45a5147286c8ce957b4778b9fa54086390b36"
    },
    "/Users/vinkumar2/Documents/Projects/PageSource/PatternLibs/ReactPatternLib/lib/components/molecules/Table/types/index.js": {
      "path": "/Users/vinkumar2/Documents/Projects/PageSource/PatternLibs/ReactPatternLib/lib/components/molecules/Table/types/index.js",
      "statementMap": {},
      "fnMap": {},
      "branchMap": {},
      "s": {},
      "f": {},
      "b": {},
      "hash": "bf572e8a42e90f06094be5e7947e1a3a804fb9c9"
    },
    "/Users/vinkumar2/Documents/Projects/PageSource/PatternLibs/ReactPatternLib/lib/core/utils/getDisplayName.js": {
      "path": "/Users/vinkumar2/Documents/Projects/PageSource/PatternLibs/ReactPatternLib/lib/core/utils/getDisplayName.js",
      "statementMap": {
        "0": { "start": { "line": 1, "column": 30 }, "end": { "line": 3, "column": 1 } },
        "1": { "start": { "line": 2, "column": 2 }, "end": { "line": 2, "column": 78 } }
      },
      "fnMap": {
        "0": {
          "name": "(anonymous_0)",
          "decl": { "start": { "line": 1, "column": 30 }, "end": { "line": 1, "column": 31 } },
          "loc": { "start": { "line": 1, "column": 50 }, "end": { "line": 3, "column": 1 } },
          "line": 1
        }
      },
      "branchMap": {
        "0": {
          "loc": { "start": { "line": 2, "column": 9 }, "end": { "line": 2, "column": 77 } },
          "type": "binary-expr",
          "locations": [
            { "start": { "line": 2, "column": 9 }, "end": { "line": 2, "column": 37 } },
            { "start": { "line": 2, "column": 41 }, "end": { "line": 2, "column": 62 } },
            { "start": { "line": 2, "column": 66 }, "end": { "line": 2, "column": 77 } }
          ],
          "line": 2
        }
      },
      "s": { "0": 0, "1": 0 },
      "f": { "0": 0 },
      "b": { "0": [0, 0, 0] },
      "hash": "69a9a9cb5f6841b0d613a9eadc40644c7ff88118"
    },
    "/Users/vinkumar2/Documents/Projects/PageSource/PatternLibs/ReactPatternLib/lib/components/molecules/Pagination/types/index.js": {
      "path": "/Users/vinkumar2/Documents/Projects/PageSource/PatternLibs/ReactPatternLib/lib/components/molecules/Pagination/types/index.js",
      "statementMap": {},
      "fnMap": {},
      "branchMap": {},
      "s": {},
      "f": {},
      "b": {},
      "hash": "032aef444aa82b0690fd9c6e355e2a27fe6a86f2"
    },
    "/Users/vinkumar2/Documents/Projects/PageSource/PatternLibs/ReactPatternLib/lib/components/molecules/Blockquote/types/index.js": {
      "path": "/Users/vinkumar2/Documents/Projects/PageSource/PatternLibs/ReactPatternLib/lib/components/molecules/Blockquote/types/index.js",
      "statementMap": {},
      "fnMap": {},
      "branchMap": {},
      "s": {},
      "f": {},
      "b": {},
      "hash": "8872ce6ee9ba83fa78ecbcd25ad3e4b6cdda4695"
    },
    "/Users/vinkumar2/Documents/Projects/PageSource/PatternLibs/ReactPatternLib/lib/components/molecules/HeroBanner/types/index.js": {
      "path": "/Users/vinkumar2/Documents/Projects/PageSource/PatternLibs/ReactPatternLib/lib/components/molecules/HeroBanner/types/index.js",
      "statementMap": {},
      "fnMap": {},
      "branchMap": {},
      "s": {},
      "f": {},
      "b": {},
      "hash": "b23a3a6c1508c9cb2d22b4bcb6b81ca500b70ca5"
    },
    "/Users/vinkumar2/Documents/Projects/PageSource/PatternLibs/ReactPatternLib/lib/components/molecules/QuoteMedia/index.js": {
      "path": "/Users/vinkumar2/Documents/Projects/PageSource/PatternLibs/ReactPatternLib/lib/components/molecules/QuoteMedia/index.js",
      "statementMap": {},
      "fnMap": {},
      "branchMap": {},
      "s": {},
      "f": {},
      "b": {},
      "hash": "ef63d281f03b7a43920ef7d672ff87c7e796090f"
    },
    "/Users/vinkumar2/Documents/Projects/PageSource/PatternLibs/ReactPatternLib/lib/components/molecules/Breadcrumb/types/index.js": {
      "path": "/Users/vinkumar2/Documents/Projects/PageSource/PatternLibs/ReactPatternLib/lib/components/molecules/Breadcrumb/types/index.js",
      "statementMap": {},
      "fnMap": {},
      "branchMap": {},
      "s": {},
      "f": {},
      "b": {},
      "hash": "8325ae8e42d11bc5a9dce5d58b23fdb582dc7098"
    },
    "/Users/vinkumar2/Documents/Projects/PageSource/PatternLibs/ReactPatternLib/lib/components/molecules/StickyBar/types/index.js": {
      "path": "/Users/vinkumar2/Documents/Projects/PageSource/PatternLibs/ReactPatternLib/lib/components/molecules/StickyBar/types/index.js",
      "statementMap": {},
      "fnMap": {},
      "branchMap": {},
      "s": {},
      "f": {},
      "b": {},
      "hash": "6cbead9f6b332b2e279ccf7530252277b27cfd2e"
    },
    "/Users/vinkumar2/Documents/Projects/PageSource/PatternLibs/ReactPatternLib/lib/components/atoms/Track/types/index.js": {
      "path": "/Users/vinkumar2/Documents/Projects/PageSource/PatternLibs/ReactPatternLib/lib/components/atoms/Track/types/index.js",
      "statementMap": {},
      "fnMap": {},
      "branchMap": {},
      "s": {},
      "f": {},
      "b": {},
      "hash": "4534a57517e3e59eb3789ea511883021ebd82327"
    },
    "/Users/vinkumar2/Documents/Projects/PageSource/PatternLibs/ReactPatternLib/lib/components/atoms/Video/types/index.js": {
      "path": "/Users/vinkumar2/Documents/Projects/PageSource/PatternLibs/ReactPatternLib/lib/components/atoms/Video/types/index.js",
      "statementMap": {},
      "fnMap": {},
      "branchMap": {},
      "s": {},
      "f": {},
      "b": {},
      "hash": "c73cd03a243ba96ddcfa2a8f3a8a1d9e6bd64c05"
    },
    "/Users/vinkumar2/Documents/Projects/PageSource/PatternLibs/ReactPatternLib/lib/components/molecules/Modal/index.js": {
      "path": "/Users/vinkumar2/Documents/Projects/PageSource/PatternLibs/ReactPatternLib/lib/components/molecules/Modal/index.js",
      "statementMap": {},
      "fnMap": {},
      "branchMap": {},
      "s": {},
      "f": {},
      "b": {},
      "hash": "a4b79e3cf034cc94bc5e9092cb6e7db731a8b000"
    },
    "/Users/vinkumar2/Documents/Projects/PageSource/PatternLibs/ReactPatternLib/lib/components/atoms/Tag/types/index.js": {
      "path": "/Users/vinkumar2/Documents/Projects/PageSource/PatternLibs/ReactPatternLib/lib/components/atoms/Tag/types/index.js",
      "statementMap": {},
      "fnMap": {},
      "branchMap": {},
      "s": {},
      "f": {},
      "b": {},
      "hash": "ebc8af8fb2f31a6f9d256631305aec18f2bd8960"
    },
    "/Users/vinkumar2/Documents/Projects/PageSource/PatternLibs/ReactPatternLib/lib/components/atoms/Icon/types/index.js": {
      "path": "/Users/vinkumar2/Documents/Projects/PageSource/PatternLibs/ReactPatternLib/lib/components/atoms/Icon/types/index.js",
      "statementMap": {},
      "fnMap": {},
      "branchMap": {},
      "s": {},
      "f": {},
      "b": {},
      "hash": "f2c9f2359cf33a87c2a1291cd8d587ca7b34f482"
    },
    "/Users/vinkumar2/Documents/Projects/PageSource/PatternLibs/ReactPatternLib/lib/components/molecules/Accordion/types/index.js": {
      "path": "/Users/vinkumar2/Documents/Projects/PageSource/PatternLibs/ReactPatternLib/lib/components/molecules/Accordion/types/index.js",
      "statementMap": {},
      "fnMap": {},
      "branchMap": {},
      "s": {},
      "f": {},
      "b": {},
      "hash": "7f46372c65a6d149d11fa8d7d9c350091c261c1d"
    }
  }
}
