{
  "numFailedTestSuites": 0,
  "numFailedTests": 0,
  "numPassedTestSuites": 53,
  "numPassedTests": 217,
  "numPendingTestSuites": 0,
  "numPendingTests": 29,
  "numRuntimeErrorTestSuites": 0,
  "numTodoTests": 0,
  "numTotalTestSuites": 53,
  "numTotalTests": 246,
  "openHandles": [],
  "snapshot": {
    "added": 0,
    "didUpdate": false,
    "failure": false,
    "filesAdded": 0,
    "filesRemoved": 0,
    "filesRemovedList": [],
    "filesUnmatched": 0,
    "filesUpdated": 0,
    "matched": 60,
    "total": 60,
    "unchecked": 0,
    "uncheckedKeysByFile": [],
    "unmatched": 0,
    "updated": 0
  },
  "startTime": 1585990555195,
  "success": true,
  "testResults": [
    {
      "assertionResults": [
        {
          "ancestorTitles": [
            "Test Suite 1: Check for component and it's child rendered correctly."
          ],
          "failureMessages": [],
          "fullName": "Test Suite 1: Check for component and it's child rendered correctly. should render wrapper correctly for snapshot matching.",
          "location": null,
          "status": "passed",
          "title": "should render wrapper correctly for snapshot matching."
        },
        {
          "ancestorTitles": [
            "Test Suite 1: Check for component and it's child rendered correctly."
          ],
          "failureMessages": [],
          "fullName": "Test Suite 1: Check for component and it's child rendered correctly. Cookie Disclaimer component rendered correctly.",
          "location": null,
          "status": "passed",
          "title": "Cookie Disclaimer component rendered correctly."
        },
        {
          "ancestorTitles": [
            "Test Suite 1: Check for component and it's child rendered correctly."
          ],
          "failureMessages": [],
          "fullName": "Test Suite 1: Check for component and it's child rendered correctly. should render two buttons for accepting and rejecting the consent",
          "location": null,
          "status": "pending",
          "title": "should render two buttons for accepting and rejecting the consent"
        },
        {
          "ancestorTitles": [
            "Test Suite 2: Check for component and it's child for default props correctly."
          ],
          "failureMessages": [],
          "fullName": "Test Suite 2: Check for component and it's child for default props correctly. Button props for button types to be rendered.",
          "location": null,
          "status": "pending",
          "title": "Button props for button types to be rendered."
        },
        {
          "ancestorTitles": [
            "Test Suite 2: Check for component and it's child for default props correctly."
          ],
          "failureMessages": [],
          "fullName": "Test Suite 2: Check for component and it's child for default props correctly. Button props for button types to be rendered.",
          "location": null,
          "status": "pending",
          "title": "Button props for button types to be rendered."
        },
        {
          "ancestorTitles": ["Test Suite 3: testing styled component - HOC"],
          "failureMessages": [],
          "fullName": "Test Suite 3: testing styled component - HOC should rendered the component properly when styles are being applied.",
          "location": null,
          "status": "passed",
          "title": "should rendered the component properly when styles are being applied."
        },
        {
          "ancestorTitles": [
            "Test Suite 4: testing functional behaviour of the cookie disclaimer."
          ],
          "failureMessages": [],
          "fullName": "Test Suite 4: testing functional behaviour of the cookie disclaimer. setting the isVisible variable to false",
          "location": null,
          "status": "passed",
          "title": "setting the isVisible variable to false"
        },
        {
          "ancestorTitles": [
            "Test Suite 4: testing functional behaviour of the cookie disclaimer."
          ],
          "failureMessages": [],
          "fullName": "Test Suite 4: testing functional behaviour of the cookie disclaimer. accepting the consent and dropping the cookie.",
          "location": null,
          "status": "passed",
          "title": "accepting the consent and dropping the cookie."
        },
        {
          "ancestorTitles": [
            "Test Suite 4: testing functional behaviour of the cookie disclaimer."
          ],
          "failureMessages": [],
          "fullName": "Test Suite 4: testing functional behaviour of the cookie disclaimer. rejecting the consent and dropping the cookie.",
          "location": null,
          "status": "passed",
          "title": "rejecting the consent and dropping the cookie."
        },
        {
          "ancestorTitles": [
            "Test Suite 4: testing functional behaviour of the cookie disclaimer."
          ],
          "failureMessages": [],
          "fullName": "Test Suite 4: testing functional behaviour of the cookie disclaimer. getting the disclaimer state for rendering cookie disclaimer.",
          "location": null,
          "status": "passed",
          "title": "getting the disclaimer state for rendering cookie disclaimer."
        },
        {
          "ancestorTitles": [
            "Test Suite 4: testing functional behaviour of the cookie disclaimer."
          ],
          "failureMessages": [],
          "fullName": "Test Suite 4: testing functional behaviour of the cookie disclaimer. Accept Button click simulation",
          "location": null,
          "status": "pending",
          "title": "Accept Button click simulation"
        },
        {
          "ancestorTitles": [
            "Test Suite 4: testing functional behaviour of the cookie disclaimer."
          ],
          "failureMessages": [],
          "fullName": "Test Suite 4: testing functional behaviour of the cookie disclaimer. Reject Button click simulation",
          "location": null,
          "status": "pending",
          "title": "Reject Button click simulation"
        }
      ],
      "endTime": 1585990567577,
      "message": "",
      "name": "/Users/aashutoshprakash/Projects/atomic-react-components/lib/components/molecules/CookieDisclaimer/tests/CookieDisclaimer.test.js",
      "startTime": 1585990557861,
      "status": "passed",
      "summary": ""
    },
    {
      "assertionResults": [
        {
          "ancestorTitles": ["<Typeahead />"],
          "failureMessages": [],
          "fullName": "<Typeahead /> should render correctly",
          "location": null,
          "status": "passed",
          "title": "should render correctly"
        },
        {
          "ancestorTitles": ["<Typeahead />"],
          "failureMessages": [],
          "fullName": "<Typeahead /> should render .typeahead-component correctly",
          "location": null,
          "status": "passed",
          "title": "should render .typeahead-component correctly"
        },
        {
          "ancestorTitles": ["<Typeahead />"],
          "failureMessages": [],
          "fullName": "<Typeahead /> should render label correctly",
          "location": null,
          "status": "passed",
          "title": "should render label correctly"
        },
        {
          "ancestorTitles": ["<Typeahead />"],
          "failureMessages": [],
          "fullName": "<Typeahead /> should render input correctly",
          "location": null,
          "status": "pending",
          "title": "should render input correctly"
        },
        {
          "ancestorTitles": ["<Typeahead />"],
          "failureMessages": [],
          "fullName": "<Typeahead /> should render search type input correctly",
          "location": null,
          "status": "passed",
          "title": "should render search type input correctly"
        },
        {
          "ancestorTitles": ["<Typeahead />"],
          "failureMessages": [],
          "fullName": "<Typeahead /> should not render List by default",
          "location": null,
          "status": "passed",
          "title": "should not render List by default"
        },
        {
          "ancestorTitles": ["<Typeahead />"],
          "failureMessages": [],
          "fullName": "<Typeahead /> should render onchange event",
          "location": null,
          "status": "pending",
          "title": "should render onchange event"
        },
        {
          "ancestorTitles": ["<Typeahead />"],
          "failureMessages": [],
          "fullName": "<Typeahead /> should render input only 1s",
          "location": null,
          "status": "pending",
          "title": "should render input only 1s"
        },
        {
          "ancestorTitles": ["<Typeahead />"],
          "failureMessages": [],
          "fullName": "<Typeahead /> should render label only 1s",
          "location": null,
          "status": "passed",
          "title": "should render label only 1s"
        },
        {
          "ancestorTitles": ["<Typeahead />"],
          "failureMessages": [],
          "fullName": "<Typeahead /> should not render list item",
          "location": null,
          "status": "passed",
          "title": "should not render list item"
        },
        {
          "ancestorTitles": ["<Typeahead />"],
          "failureMessages": [],
          "fullName": "<Typeahead /> should show list",
          "location": null,
          "status": "pending",
          "title": "should show list"
        },
        {
          "ancestorTitles": ["<Typeahead />"],
          "failureMessages": [],
          "fullName": "<Typeahead /> should return single list item",
          "location": null,
          "status": "pending",
          "title": "should return single list item"
        },
        {
          "ancestorTitles": ["<Typeahead />"],
          "failureMessages": [],
          "fullName": "<Typeahead /> should select particular list item by click",
          "location": null,
          "status": "pending",
          "title": "should select particular list item by click"
        },
        {
          "ancestorTitles": ["<Typeahead />"],
          "failureMessages": [],
          "fullName": "<Typeahead /> should render span with id `initInstr`",
          "location": null,
          "status": "passed",
          "title": "should render span with id `initInstr`"
        },
        {
          "ancestorTitles": ["<Typeahead />"],
          "failureMessages": [],
          "fullName": "<Typeahead /> should render the input with `aria-autocomplete`",
          "location": null,
          "status": "passed",
          "title": "should render the input with `aria-autocomplete`"
        },
        {
          "ancestorTitles": ["<Typeahead />"],
          "failureMessages": [],
          "fullName": "<Typeahead /> should render the input with `aria-activedescendant`",
          "location": null,
          "status": "passed",
          "title": "should render the input with `aria-activedescendant`"
        },
        {
          "ancestorTitles": ["<Typeahead />"],
          "failureMessages": [],
          "fullName": "<Typeahead /> should render the input with `aria-describedby`",
          "location": null,
          "status": "passed",
          "title": "should render the input with `aria-describedby`"
        },
        {
          "ancestorTitles": ["<Typeahead />"],
          "failureMessages": [],
          "fullName": "<Typeahead /> should render the list items with `role=\"option\"`",
          "location": null,
          "status": "pending",
          "title": "should render the list items with `role=\"option\"`"
        },
        {
          "ancestorTitles": ["<Typeahead />"],
          "failureMessages": [],
          "fullName": "<Typeahead /> should render the list items with `aria-selected`",
          "location": null,
          "status": "pending",
          "title": "should render the list items with `aria-selected`"
        },
        {
          "ancestorTitles": ["<Typeahead />"],
          "failureMessages": [],
          "fullName": "<Typeahead /> should render the list items with `id=\"selectedOption\"`",
          "location": null,
          "status": "pending",
          "title": "should render the list items with `id=\"selectedOption\"`"
        },
        {
          "ancestorTitles": ["<Typeahead />"],
          "failureMessages": [],
          "fullName": "<Typeahead /> should render the list items with `id=\"selectedOption\"`",
          "location": null,
          "status": "pending",
          "title": "should render the list items with `id=\"selectedOption\"`"
        }
      ],
      "endTime": 1585990568951,
      "message": "",
      "name": "/Users/aashutoshprakash/Projects/atomic-react-components/lib/components/molecules/Typeahead/tests/Typeahead.test.js",
      "startTime": 1585990557915,
      "status": "passed",
      "summary": ""
    },
    {
      "assertionResults": [
        {
          "ancestorTitles": ["<Carousel />"],
          "failureMessages": [],
          "fullName": "<Carousel /> should render correctly",
          "location": null,
          "status": "passed",
          "title": "should render correctly"
        },
        {
          "ancestorTitles": ["<Carousel />"],
          "failureMessages": [],
          "fullName": "<Carousel /> should have slider wrapper as one child only",
          "location": null,
          "status": "passed",
          "title": "should have slider wrapper as one child only"
        },
        {
          "ancestorTitles": ["<Carousel />"],
          "failureMessages": [],
          "fullName": "<Carousel /> Children should have first slide as active initially",
          "location": null,
          "status": "passed",
          "title": "Children should have first slide as active initially"
        },
        {
          "ancestorTitles": ["<Carousel />"],
          "failureMessages": [],
          "fullName": "<Carousel /> Should display dots on using <Carousel.Dots> component only",
          "location": null,
          "status": "passed",
          "title": "Should display dots on using <Carousel.Dots> component only"
        },
        {
          "ancestorTitles": ["<Carousel />"],
          "failureMessages": [],
          "fullName": "<Carousel /> Should change slide on click dots",
          "location": null,
          "status": "passed",
          "title": "Should change slide on click dots"
        },
        {
          "ancestorTitles": ["<Carousel />"],
          "failureMessages": [],
          "fullName": "<Carousel /> Should active next slide on click next",
          "location": null,
          "status": "passed",
          "title": "Should active next slide on click next"
        },
        {
          "ancestorTitles": ["<Carousel />"],
          "failureMessages": [],
          "fullName": "<Carousel /> Should active previous slide on key press right arrow",
          "location": null,
          "status": "passed",
          "title": "Should active previous slide on key press right arrow"
        },
        {
          "ancestorTitles": ["<Carousel />"],
          "failureMessages": [],
          "fullName": "<Carousel /> Should active previous slide on click previous",
          "location": null,
          "status": "passed",
          "title": "Should active previous slide on click previous"
        },
        {
          "ancestorTitles": ["<Carousel />"],
          "failureMessages": [],
          "fullName": "<Carousel /> Should active previous slide on key press left",
          "location": null,
          "status": "passed",
          "title": "Should active previous slide on key press left"
        },
        {
          "ancestorTitles": ["<Carousel />"],
          "failureMessages": [],
          "fullName": "<Carousel /> Should display controls extract from Component",
          "location": null,
          "status": "passed",
          "title": "Should display controls extract from Component"
        },
        {
          "ancestorTitles": ["<Carousel />"],
          "failureMessages": [],
          "fullName": "<Carousel /> Should be responsive",
          "location": null,
          "status": "passed",
          "title": "Should be responsive"
        },
        {
          "ancestorTitles": ["<Carousel />"],
          "failureMessages": [],
          "fullName": "<Carousel /> Should render Controls with Controls Component",
          "location": null,
          "status": "passed",
          "title": "Should render Controls with Controls Component"
        },
        {
          "ancestorTitles": ["<Carousel />"],
          "failureMessages": [],
          "fullName": "<Carousel /> Should render Animation Controls",
          "location": null,
          "status": "passed",
          "title": "Should render Animation Controls"
        },
        {
          "ancestorTitles": ["<Carousel />"],
          "failureMessages": [],
          "fullName": "<Carousel /> Should render pause after click play animation controls",
          "location": null,
          "status": "passed",
          "title": "Should render pause after click play animation controls"
        },
        {
          "ancestorTitles": ["<Carousel />"],
          "failureMessages": [],
          "fullName": "<Carousel /> Should autoplay",
          "location": null,
          "status": "passed",
          "title": "Should autoplay"
        },
        {
          "ancestorTitles": ["<Carousel />"],
          "failureMessages": [],
          "fullName": "<Carousel /> Should stop animation on mouse enter",
          "location": null,
          "status": "passed",
          "title": "Should stop animation on mouse enter"
        }
      ],
      "endTime": 1585990569466,
      "message": "",
      "name": "/Users/aashutoshprakash/Projects/atomic-react-components/lib/components/molecules/Carousel/tests/Carousel.test.js",
      "startTime": 1585990557862,
      "status": "passed",
      "summary": ""
    },
    {
      "assertionResults": [
        {
          "ancestorTitles": [
            "Hook: useSpeechRecognition ",
            "When browser supported speech recognition"
          ],
          "failureMessages": [],
          "fullName": "Hook: useSpeechRecognition  When browser supported speech recognition Check browser supported: true ",
          "location": null,
          "status": "passed",
          "title": "Check browser supported: true "
        },
        {
          "ancestorTitles": [
            "Hook: useSpeechRecognition ",
            "When browser supported speech recognition"
          ],
          "failureMessages": [],
          "fullName": "Hook: useSpeechRecognition  When browser supported speech recognition Check isListening should be: false ",
          "location": null,
          "status": "passed",
          "title": "Check isListening should be: false "
        },
        {
          "ancestorTitles": [
            "Hook: useSpeechRecognition ",
            "When browser unsupported speech recognition"
          ],
          "failureMessages": [],
          "fullName": "Hook: useSpeechRecognition  When browser unsupported speech recognition Check browser supported: false ",
          "location": null,
          "status": "passed",
          "title": "Check browser supported: false "
        },
        {
          "ancestorTitles": ["Hook: useSpeechRecognition ", "When listening speech recognition"],
          "failureMessages": [],
          "fullName": "Hook: useSpeechRecognition  When listening speech recognition Should call start() instance once",
          "location": null,
          "status": "passed",
          "title": "Should call start() instance once"
        },
        {
          "ancestorTitles": ["Hook: useSpeechRecognition ", "When listening speech recognition"],
          "failureMessages": [],
          "fullName": "Hook: useSpeechRecognition  When listening speech recognition Should call stop() instance once",
          "location": null,
          "status": "passed",
          "title": "Should call stop() instance once"
        },
        {
          "ancestorTitles": [
            "Hook: useSpeechRecognition ",
            "When not listening speech recognition"
          ],
          "failureMessages": [],
          "fullName": "Hook: useSpeechRecognition  When not listening speech recognition Should not call start() instance again",
          "location": null,
          "status": "passed",
          "title": "Should not call start() instance again"
        },
        {
          "ancestorTitles": [
            "Hook: useSpeechRecognition ",
            "When not listening speech recognition"
          ],
          "failureMessages": [],
          "fullName": "Hook: useSpeechRecognition  When not listening speech recognition Should not call stop() instance again",
          "location": null,
          "status": "passed",
          "title": "Should not call stop() instance again"
        },
        {
          "ancestorTitles": ["Hook: useSpeechRecognition ", "Check Result"],
          "failureMessages": [],
          "fullName": "Hook: useSpeechRecognition  Check Result Check isListening: true",
          "location": null,
          "status": "passed",
          "title": "Check isListening: true"
        },
        {
          "ancestorTitles": ["Hook: useSpeechRecognition ", "Check Result"],
          "failureMessages": [],
          "fullName": "Hook: useSpeechRecognition  Check Result check results: Hello XT",
          "location": null,
          "status": "passed",
          "title": "check results: Hello XT"
        }
      ],
      "endTime": 1585990571561,
      "message": "",
      "name": "/Users/aashutoshprakash/Projects/atomic-react-components/lib/core/hooks/speechRecognition/tests/useSpeechRecognition.test.js",
      "startTime": 1585990569514,
      "status": "passed",
      "summary": ""
    },
    {
      "assertionResults": [
        {
          "ancestorTitles": ["Form Component"],
          "failureMessages": [],
          "fullName": "Form Component should render select tag correctly",
          "location": null,
          "status": "passed",
          "title": "should render select tag correctly"
        },
        {
          "ancestorTitles": ["Form Component"],
          "failureMessages": [],
          "fullName": "Form Component should render input text field",
          "location": null,
          "status": "passed",
          "title": "should render input text field"
        },
        {
          "ancestorTitles": ["Form Component"],
          "failureMessages": [],
          "fullName": "Form Component should render select field",
          "location": null,
          "status": "passed",
          "title": "should render select field"
        },
        {
          "ancestorTitles": ["Form Component"],
          "failureMessages": [],
          "fullName": "Form Component should render input field with yupValidationSchema",
          "location": null,
          "status": "passed",
          "title": "should render input field with yupValidationSchema"
        },
        {
          "ancestorTitles": ["Form Component"],
          "failureMessages": [],
          "fullName": "Form Component should render input field with no validation",
          "location": null,
          "status": "passed",
          "title": "should render input field with no validation"
        },
        {
          "ancestorTitles": ["Form Component"],
          "failureMessages": [],
          "fullName": "Form Component getSchema should return null if no params are passed",
          "location": null,
          "status": "passed",
          "title": "getSchema should return null if no params are passed"
        }
      ],
      "endTime": 1585990574337,
      "message": "",
      "name": "/Users/aashutoshprakash/Projects/atomic-react-components/lib/components/molecules/Form/tests/Form.test.js",
      "startTime": 1585990569097,
      "status": "passed",
      "summary": ""
    },
    {
      "assertionResults": [
        {
          "ancestorTitles": ["DDFieldInput Component"],
          "failureMessages": [],
          "fullName": "DDFieldInput Component should render correctly",
          "location": null,
          "status": "passed",
          "title": "should render correctly"
        },
        {
          "ancestorTitles": ["DDFieldInput Component"],
          "failureMessages": [],
          "fullName": "DDFieldInput Component should render Input component with proper type for multiple file upload.",
          "location": null,
          "status": "passed",
          "title": "should render Input component with proper type for multiple file upload."
        },
        {
          "ancestorTitles": ["DDFieldInput Component"],
          "failureMessages": [],
          "fullName": "DDFieldInput Component should render the component with prop correctly",
          "location": null,
          "status": "passed",
          "title": "should render the component with prop correctly"
        },
        {
          "ancestorTitles": ["DDFieldInput Component"],
          "failureMessages": [],
          "fullName": "DDFieldInput Component should match the input rendered correctly on change event simulation.",
          "location": null,
          "status": "passed",
          "title": "should match the input rendered correctly on change event simulation."
        },
        {
          "ancestorTitles": ["DDFieldInput Component"],
          "failureMessages": [],
          "fullName": "DDFieldInput Component should match the input rendered correctly on blur event simulation.",
          "location": null,
          "status": "passed",
          "title": "should match the input rendered correctly on blur event simulation."
        },
        {
          "ancestorTitles": ["testing the custom hook methods for drag and drop"],
          "failureMessages": [],
          "fullName": "testing the custom hook methods for drag and drop should simulate file upload and return array",
          "location": null,
          "status": "passed",
          "title": "should simulate file upload and return array"
        },
        {
          "ancestorTitles": ["testing the custom hook methods for drag and drop"],
          "failureMessages": [],
          "fullName": "testing the custom hook methods for drag and drop should make highlight as true on drag over as mouse enters draggable area",
          "location": null,
          "status": "passed",
          "title": "should make highlight as true on drag over as mouse enters draggable area"
        },
        {
          "ancestorTitles": ["testing the custom hook methods for drag and drop"],
          "failureMessages": [],
          "fullName": "testing the custom hook methods for drag and drop should make highlight as false on drag leave as mouse leaves draggable area",
          "location": null,
          "status": "passed",
          "title": "should make highlight as false on drag leave as mouse leaves draggable area"
        },
        {
          "ancestorTitles": ["testing the custom hook methods for drag and drop"],
          "failureMessages": [],
          "fullName": "testing the custom hook methods for drag and drop should test the files addition handler when file(s) are uploaded.",
          "location": null,
          "status": "passed",
          "title": "should test the files addition handler when file(s) are uploaded."
        },
        {
          "ancestorTitles": ["testing the custom hook methods for drag and drop"],
          "failureMessages": [],
          "fullName": "testing the custom hook methods for drag and drop should apply highlight when cursor moves draggable area.",
          "location": null,
          "status": "passed",
          "title": "should apply highlight when cursor moves draggable area."
        },
        {
          "ancestorTitles": ["testing the custom hook methods for drag and drop"],
          "failureMessages": [],
          "fullName": "testing the custom hook methods for drag and drop should apply highlight when cursor moves draggable area.",
          "location": null,
          "status": "passed",
          "title": "should apply highlight when cursor moves draggable area."
        }
      ],
      "endTime": 1585990574361,
      "message": "",
      "name": "/Users/aashutoshprakash/Projects/atomic-react-components/lib/components/molecules/Form/DragDropInput/tests/DragDropInput.test.js",
      "startTime": 1585990567676,
      "status": "passed",
      "summary": ""
    },
    {
      "assertionResults": [
        {
          "ancestorTitles": ["<ProgressIndicator />"],
          "failureMessages": [],
          "fullName": "<ProgressIndicator /> should render correctly",
          "location": null,
          "status": "passed",
          "title": "should render correctly"
        },
        {
          "ancestorTitles": ["<ProgressIndicator/> Component", "should render"],
          "failureMessages": [],
          "fullName": "<ProgressIndicator/> Component should render <ProgressIndicator/> Component correctly",
          "location": null,
          "status": "passed",
          "title": "<ProgressIndicator/> Component correctly"
        },
        {
          "ancestorTitles": ["<ProgressIndicator/> Component", "should render"],
          "failureMessages": [],
          "fullName": "<ProgressIndicator/> Component should render all necessary elements correctly",
          "location": null,
          "status": "passed",
          "title": "all necessary elements correctly"
        },
        {
          "ancestorTitles": [
            "<ProgressIndicator/> Component",
            "if Variation is equal to `Bar`, <ProgressIndicator/> Component should"
          ],
          "failureMessages": [],
          "fullName": "<ProgressIndicator/> Component if Variation is equal to `Bar`, <ProgressIndicator/> Component should render <li/> children",
          "location": null,
          "status": "pending",
          "title": "render <li/> children"
        },
        {
          "ancestorTitles": [
            "<ProgressIndicator/> Component",
            "if Variation is equal to `Bar`, <ProgressIndicator/> Component should"
          ],
          "failureMessages": [],
          "fullName": "<ProgressIndicator/> Component if Variation is equal to `Bar`, <ProgressIndicator/> Component should render Progress Label Value",
          "location": null,
          "status": "pending",
          "title": "render Progress Label Value"
        },
        {
          "ancestorTitles": [
            "<ProgressIndicator/> Component",
            "if Variation is equal to `Bar`, <ProgressIndicator/> Component should"
          ],
          "failureMessages": [],
          "fullName": "<ProgressIndicator/> Component if Variation is equal to `Bar`, <ProgressIndicator/> Component should calculate inactive children or Steps",
          "location": null,
          "status": "pending",
          "title": "calculate inactive children or Steps"
        },
        {
          "ancestorTitles": [
            "<ProgressIndicator/> Component",
            "if Variation is equal to `Bar`, <ProgressIndicator/> Component should"
          ],
          "failureMessages": [],
          "fullName": "<ProgressIndicator/> Component if Variation is equal to `Bar`, <ProgressIndicator/> Component should calculate completed children or Steps",
          "location": null,
          "status": "pending",
          "title": "calculate completed children or Steps"
        },
        {
          "ancestorTitles": [
            "<ProgressIndicator/> Component",
            "if Variation is equal to `Bar`, <ProgressIndicator/> Component should"
          ],
          "failureMessages": [],
          "fullName": "<ProgressIndicator/> Component if Variation is equal to `Bar`, <ProgressIndicator/> Component should calculate active children or Steps",
          "location": null,
          "status": "pending",
          "title": "calculate active children or Steps"
        },
        {
          "ancestorTitles": [
            "<ProgressIndicator/> Component",
            "if Variation is equal to `Step`, <ProgressIndicator/> Component should"
          ],
          "failureMessages": [],
          "fullName": "<ProgressIndicator/> Component if Variation is equal to `Step`, <ProgressIndicator/> Component should render <li/> children",
          "location": null,
          "status": "passed",
          "title": "render <li/> children"
        },
        {
          "ancestorTitles": [
            "<ProgressIndicator/> Component",
            "if Variation is equal to `Step`, <ProgressIndicator/> Component should"
          ],
          "failureMessages": [],
          "fullName": "<ProgressIndicator/> Component if Variation is equal to `Step`, <ProgressIndicator/> Component should not render Progress Label Value",
          "location": null,
          "status": "passed",
          "title": "not render Progress Label Value"
        }
      ],
      "endTime": 1585990575528,
      "message": "",
      "name": "/Users/aashutoshprakash/Projects/atomic-react-components/lib/components/molecules/ProgressIndicator/tests/ProgressIndicator.test.js",
      "startTime": 1585990574548,
      "status": "passed",
      "summary": ""
    },
    {
      "assertionResults": [
        {
          "ancestorTitles": ["Table"],
          "failureMessages": [],
          "fullName": "Table should render correctly",
          "location": null,
          "status": "passed",
          "title": "should render correctly"
        },
        {
          "ancestorTitles": ["Table"],
          "failureMessages": [],
          "fullName": "Table should have table component",
          "location": null,
          "status": "passed",
          "title": "should have table component"
        },
        {
          "ancestorTitles": ["Table"],
          "failureMessages": [],
          "fullName": "Table should have thead component",
          "location": null,
          "status": "passed",
          "title": "should have thead component"
        },
        {
          "ancestorTitles": ["Table"],
          "failureMessages": [],
          "fullName": "Table should have tbody component",
          "location": null,
          "status": "passed",
          "title": "should have tbody component"
        },
        {
          "ancestorTitles": ["Table"],
          "failureMessages": [],
          "fullName": "Table should have th is equal to number of columns",
          "location": null,
          "status": "passed",
          "title": "should have th is equal to number of columns"
        },
        {
          "ancestorTitles": ["Table"],
          "failureMessages": [],
          "fullName": "Table should have tr is equal to number of data rows",
          "location": null,
          "status": "passed",
          "title": "should have tr is equal to number of data rows"
        },
        {
          "ancestorTitles": ["Table"],
          "failureMessages": [],
          "fullName": "Table should loop through each row and check the content",
          "location": null,
          "status": "passed",
          "title": "should loop through each row and check the content"
        }
      ],
      "endTime": 1585990575990,
      "message": "",
      "name": "/Users/aashutoshprakash/Projects/atomic-react-components/lib/components/molecules/Table/tests/Table.test.js",
      "startTime": 1585990574458,
      "status": "passed",
      "summary": ""
    },
    {
      "assertionResults": [
        {
          "ancestorTitles": ["<Toast />"],
          "failureMessages": [],
          "fullName": "<Toast /> <Toast />should render correctly",
          "location": null,
          "status": "passed",
          "title": "<Toast />should render correctly"
        },
        {
          "ancestorTitles": ["<Toast /> Component"],
          "failureMessages": [],
          "fullName": "<Toast /> Component is rendering root div,if isVisible prop is true ",
          "location": null,
          "status": "passed",
          "title": "is rendering root div,if isVisible prop is true "
        },
        {
          "ancestorTitles": ["<Toast /> Component"],
          "failureMessages": [],
          "fullName": "<Toast /> Component not rendering root div,if isVisible prop is false",
          "location": null,
          "status": "passed",
          "title": "not rendering root div,if isVisible prop is false"
        },
        {
          "ancestorTitles": ["<Toast /> Component"],
          "failureMessages": [],
          "fullName": "<Toast /> Component is rendering all necessary elements rendered if isVisible prop is true",
          "location": null,
          "status": "pending",
          "title": "is rendering all necessary elements rendered if isVisible prop is true"
        },
        {
          "ancestorTitles": ["<Toast /> Component"],
          "failureMessages": [],
          "fullName": "<Toast /> Component is rendering ProgressBar if autoDismissTimeout is set as 0",
          "location": null,
          "status": "passed",
          "title": "is rendering ProgressBar if autoDismissTimeout is set as 0"
        },
        {
          "ancestorTitles": ["<Toast /> Component"],
          "failureMessages": [],
          "fullName": "<Toast /> Component is rendering ProgressBar if autoDismissTimeout is set as 3000",
          "location": null,
          "status": "passed",
          "title": "is rendering ProgressBar if autoDismissTimeout is set as 3000"
        },
        {
          "ancestorTitles": ["<Toast /> Component"],
          "failureMessages": [],
          "fullName": "<Toast /> Component is rendering children ",
          "location": null,
          "status": "passed",
          "title": "is rendering children "
        },
        {
          "ancestorTitles": ["<Toast /> Component is checking effects on"],
          "failureMessages": [],
          "fullName": "<Toast /> Component is checking effects on onClick event, should dismiss the toast when clicking  on click of X button click",
          "location": null,
          "status": "passed",
          "title": "onClick event, should dismiss the toast when clicking  on click of X button click"
        },
        {
          "ancestorTitles": ["<Toast /> component useeffect hook for autodismiss"],
          "failureMessages": [],
          "fullName": "<Toast /> component useeffect hook for autodismiss autodismiss after timeout",
          "location": null,
          "status": "passed",
          "title": "autodismiss after timeout"
        }
      ],
      "endTime": 1585990576344,
      "message": "",
      "name": "/Users/aashutoshprakash/Projects/atomic-react-components/lib/components/molecules/Toast/tests/Toast.test.js",
      "startTime": 1585990571657,
      "status": "passed",
      "summary": ""
    },
    {
      "assertionResults": [
        {
          "ancestorTitles": ["<Video />"],
          "failureMessages": [],
          "fullName": "<Video /> should have video tag",
          "location": null,
          "status": "passed",
          "title": "should have video tag"
        },
        {
          "ancestorTitles": ["<Video />"],
          "failureMessages": [],
          "fullName": "<Video /> should have source tag in video",
          "location": null,
          "status": "passed",
          "title": "should have source tag in video"
        },
        {
          "ancestorTitles": ["<Video />"],
          "failureMessages": [],
          "fullName": "<Video /> should have src attribute in source tag",
          "location": null,
          "status": "passed",
          "title": "should have src attribute in source tag"
        },
        {
          "ancestorTitles": ["<Video />"],
          "failureMessages": [],
          "fullName": "<Video /> should not be autoplay",
          "location": null,
          "status": "passed",
          "title": "should not be autoplay"
        },
        {
          "ancestorTitles": ["<Video />"],
          "failureMessages": [],
          "fullName": "<Video /> should not have track element only should have Track component",
          "location": null,
          "status": "passed",
          "title": "should not have track element only should have Track component"
        },
        {
          "ancestorTitles": ["<Video />"],
          "failureMessages": [],
          "fullName": "<Video /> should have children",
          "location": null,
          "status": "passed",
          "title": "should have children"
        },
        {
          "ancestorTitles": ["<Video />"],
          "failureMessages": [],
          "fullName": "<Video /> track component without data",
          "location": null,
          "status": "passed",
          "title": "track component without data"
        },
        {
          "ancestorTitles": ["<Video />"],
          "failureMessages": [],
          "fullName": "<Video /> should render correctly",
          "location": null,
          "status": "passed",
          "title": "should render correctly"
        }
      ],
      "endTime": 1585990577274,
      "message": "",
      "name": "/Users/aashutoshprakash/Projects/atomic-react-components/lib/components/atoms/Video/tests/Video.test.js",
      "startTime": 1585990576008,
      "status": "passed",
      "summary": ""
    },
    {
      "assertionResults": [
        {
          "ancestorTitles": ["FieldInput Component"],
          "failureMessages": [],
          "fullName": "FieldInput Component should render correctly",
          "location": null,
          "status": "passed",
          "title": "should render correctly"
        },
        {
          "ancestorTitles": ["FieldInput Component"],
          "failureMessages": [],
          "fullName": "FieldInput Component should render button with type = \"button\".",
          "location": null,
          "status": "pending",
          "title": "should render button with type = \"button\"."
        },
        {
          "ancestorTitles": ["FieldInput Component"],
          "failureMessages": [],
          "fullName": "FieldInput Component should render 1st button with theme prop type, tertiary",
          "location": null,
          "status": "pending",
          "title": "should render 1st button with theme prop type, tertiary"
        },
        {
          "ancestorTitles": ["FieldInput Component"],
          "failureMessages": [],
          "fullName": "FieldInput Component should render 2nd button with theme prop type, primary",
          "location": null,
          "status": "pending",
          "title": "should render 2nd button with theme prop type, primary"
        },
        {
          "ancestorTitles": ["FieldInput Component"],
          "failureMessages": [],
          "fullName": "FieldInput Component should match the button text rendered",
          "location": null,
          "status": "passed",
          "title": "should match the button text rendered"
        },
        {
          "ancestorTitles": ["FieldInput Component"],
          "failureMessages": [],
          "fullName": "FieldInput Component should match the button text rendered for second button",
          "location": null,
          "status": "passed",
          "title": "should match the button text rendered for second button"
        },
        {
          "ancestorTitles": ["FieldInput Component"],
          "failureMessages": [],
          "fullName": "FieldInput Component should match the label rendered correctly.",
          "location": null,
          "status": "passed",
          "title": "should match the label rendered correctly."
        },
        {
          "ancestorTitles": ["FieldInput Component"],
          "failureMessages": [],
          "fullName": "FieldInput Component should match the input rendered correctly.",
          "location": null,
          "status": "passed",
          "title": "should match the input rendered correctly."
        },
        {
          "ancestorTitles": ["FieldInput Component"],
          "failureMessages": [],
          "fullName": "FieldInput Component should match the input rendered correctly on change event simulation.",
          "location": null,
          "status": "passed",
          "title": "should match the input rendered correctly on change event simulation."
        },
        {
          "ancestorTitles": ["FieldInput Component"],
          "failureMessages": [],
          "fullName": "FieldInput Component should match the input rendered correctly on blur event simulation.",
          "location": null,
          "status": "passed",
          "title": "should match the input rendered correctly on blur event simulation."
        }
      ],
      "endTime": 1585990577569,
      "message": "",
      "name": "/Users/aashutoshprakash/Projects/atomic-react-components/lib/components/molecules/Form/FieldFileInput/tests/FieldFileInput.test.js",
      "startTime": 1585990576372,
      "status": "passed",
      "summary": ""
    },
    {
      "assertionResults": [
        {
          "ancestorTitles": ["<FieldToggle />"],
          "failureMessages": [],
          "fullName": "<FieldToggle /> should render correctly",
          "location": null,
          "status": "passed",
          "title": "should render correctly"
        },
        {
          "ancestorTitles": ["<FieldToggle />"],
          "failureMessages": [],
          "fullName": "<FieldToggle /> should render label correctly",
          "location": null,
          "status": "passed",
          "title": "should render label correctly"
        },
        {
          "ancestorTitles": ["<FieldToggle />"],
          "failureMessages": [],
          "fullName": "<FieldToggle /> should render label with Value correctly",
          "location": null,
          "status": "passed",
          "title": "should render label with Value correctly"
        },
        {
          "ancestorTitles": ["<FieldToggle />"],
          "failureMessages": [],
          "fullName": "<FieldToggle /> should render input correctly",
          "location": null,
          "status": "passed",
          "title": "should render input correctly"
        },
        {
          "ancestorTitles": ["<FieldToggle />"],
          "failureMessages": [],
          "fullName": "<FieldToggle /> should render disabled input",
          "location": null,
          "status": "passed",
          "title": "should render disabled input"
        },
        {
          "ancestorTitles": ["<FieldToggle />"],
          "failureMessages": [],
          "fullName": "<FieldToggle /> should tigger click event with toggle Value",
          "location": null,
          "status": "passed",
          "title": "should tigger click event with toggle Value"
        },
        {
          "ancestorTitles": ["<FieldToggle />"],
          "failureMessages": [],
          "fullName": "<FieldToggle /> should render Indicator On",
          "location": null,
          "status": "passed",
          "title": "should render Indicator On"
        },
        {
          "ancestorTitles": ["<FieldToggle />"],
          "failureMessages": [],
          "fullName": "<FieldToggle /> should tigger handleToggleCallback function",
          "location": null,
          "status": "passed",
          "title": "should tigger handleToggleCallback function"
        }
      ],
      "endTime": 1585990578254,
      "message": "",
      "name": "/Users/aashutoshprakash/Projects/atomic-react-components/lib/components/molecules/Form/FieldToggle/tests/FieldToggle.test.js",
      "startTime": 1585990575574,
      "status": "passed",
      "summary": ""
    },
    {
      "assertionResults": [
        {
          "ancestorTitles": ["Input Component"],
          "failureMessages": [],
          "fullName": "Input Component should render correctly",
          "location": null,
          "status": "passed",
          "title": "should render correctly"
        },
        {
          "ancestorTitles": ["Input Component"],
          "failureMessages": [],
          "fullName": "Input Component should check the data attribute of input",
          "location": null,
          "status": "passed",
          "title": "should check the data attribute of input"
        },
        {
          "ancestorTitles": ["File Input Component -> Unit Testing"],
          "failureMessages": [],
          "fullName": "File Input Component -> Unit Testing should render file input component correctly",
          "location": null,
          "status": "passed",
          "title": "should render file input component correctly"
        },
        {
          "ancestorTitles": ["File Input Component -> Unit Testing"],
          "failureMessages": [],
          "fullName": "File Input Component -> Unit Testing should call function on click of the input field",
          "location": null,
          "status": "passed",
          "title": "should call function on click of the input field"
        },
        {
          "ancestorTitles": ["File Input Component -> Unit Testing"],
          "failureMessages": [],
          "fullName": "File Input Component -> Unit Testing should simulate click event of the input field",
          "location": null,
          "status": "passed",
          "title": "should simulate click event of the input field"
        },
        {
          "ancestorTitles": ["File Input Component -> Unit Testing"],
          "failureMessages": [],
          "fullName": "File Input Component -> Unit Testing should render with prop \"multiple\" to distinguish multiple or single file",
          "location": null,
          "status": "passed",
          "title": "should render with prop \"multiple\" to distinguish multiple or single file"
        },
        {
          "ancestorTitles": ["File Input Component -> Unit Testing"],
          "failureMessages": [],
          "fullName": "File Input Component -> Unit Testing should render input correctly",
          "location": null,
          "status": "passed",
          "title": "should render input correctly"
        }
      ],
      "endTime": 1585990578343,
      "message": "",
      "name": "/Users/aashutoshprakash/Projects/atomic-react-components/lib/components/atoms/Input/tests/Input.test.js",
      "startTime": 1585990577348,
      "status": "passed",
      "summary": ""
    },
    {
      "assertionResults": [
        {
          "ancestorTitles": ["Test render <StickyHeader /> Component"],
          "failureMessages": [],
          "fullName": "Test render <StickyHeader /> Component should render Header element",
          "location": null,
          "status": "passed",
          "title": "should render Header element"
        },
        {
          "ancestorTitles": ["Test render <StickyHeader /> Component"],
          "failureMessages": [],
          "fullName": "Test render <StickyHeader /> Component should test children prop",
          "location": null,
          "status": "passed",
          "title": "should test children prop"
        },
        {
          "ancestorTitles": ["Test render <StickyHeader /> Component"],
          "failureMessages": [],
          "fullName": "Test render <StickyHeader /> Component Should test component render correctly",
          "location": null,
          "status": "passed",
          "title": "Should test component render correctly"
        },
        {
          "ancestorTitles": ["should test component on window add or remove event"],
          "failureMessages": [],
          "fullName": "should test component on window add or remove event should test component on window addEventListener",
          "location": null,
          "status": "passed",
          "title": "should test component on window addEventListener"
        },
        {
          "ancestorTitles": ["should test component on window add or remove event"],
          "failureMessages": [],
          "fullName": "should test component on window add or remove event should test component on window removeEventListener",
          "location": null,
          "status": "passed",
          "title": "should test component on window removeEventListener"
        },
        {
          "ancestorTitles": ["should test component on window add or remove event"],
          "failureMessages": [],
          "fullName": "should test component on window add or remove event should render tag from props",
          "location": null,
          "status": "passed",
          "title": "should render tag from props"
        },
        {
          "ancestorTitles": ["should test component on window add or remove event"],
          "failureMessages": [],
          "fullName": "should test component on window add or remove event should contain content class",
          "location": null,
          "status": "passed",
          "title": "should contain content class"
        }
      ],
      "endTime": 1585990579113,
      "message": "",
      "name": "/Users/aashutoshprakash/Projects/atomic-react-components/lib/components/molecules/StickyHeader/tests/StickyHeader.test.js",
      "startTime": 1585990577605,
      "status": "passed",
      "summary": ""
    },
    {
      "assertionResults": [
        {
          "ancestorTitles": ["<Popover /> Rendering"],
          "failureMessages": [],
          "fullName": "<Popover /> Rendering should render correctly",
          "location": null,
          "status": "passed",
          "title": "should render correctly"
        },
        {
          "ancestorTitles": ["Popover functional behavior"],
          "failureMessages": [],
          "fullName": "Popover functional behavior Should have Close Button By Default and can be closed",
          "location": null,
          "status": "passed",
          "title": "Should have Close Button By Default and can be closed"
        },
        {
          "ancestorTitles": ["Popover functional behavior"],
          "failureMessages": [],
          "fullName": "Popover functional behavior Should open By Default when isVisible set to true",
          "location": null,
          "status": "passed",
          "title": "Should open By Default when isVisible set to true"
        },
        {
          "ancestorTitles": ["Popover functional behavior"],
          "failureMessages": [],
          "fullName": "Popover functional behavior Should open and close on Trigger and X button click",
          "location": null,
          "status": "passed",
          "title": "Should open and close on Trigger and X button click"
        }
      ],
      "endTime": 1585990580118,
      "message": "",
      "name": "/Users/aashutoshprakash/Projects/atomic-react-components/lib/components/molecules/Popover/tests/Popover.test.js",
      "startTime": 1585990578283,
      "status": "passed",
      "summary": ""
    },
    {
      "assertionResults": [
        {
          "ancestorTitles": ["<Pagination />"],
          "failureMessages": [],
          "fullName": "<Pagination /> should render correctly",
          "location": null,
          "status": "passed",
          "title": "should render correctly"
        },
        {
          "ancestorTitles": ["<Pagination />"],
          "failureMessages": [],
          "fullName": "<Pagination /> should render `.pagination` component",
          "location": null,
          "status": "passed",
          "title": "should render `.pagination` component"
        },
        {
          "ancestorTitles": ["<Pagination />"],
          "failureMessages": [],
          "fullName": "<Pagination /> should render an `.last`",
          "location": null,
          "status": "passed",
          "title": "should render an `.last`"
        },
        {
          "ancestorTitles": ["<Pagination />"],
          "failureMessages": [],
          "fullName": "<Pagination /> should render a `firstLabel`",
          "location": null,
          "status": "passed",
          "title": "should render a `firstLabel`"
        },
        {
          "ancestorTitles": ["<Pagination />"],
          "failureMessages": [],
          "fullName": "<Pagination /> should render a `lastLabel`",
          "location": null,
          "status": "passed",
          "title": "should render a `lastLabel`"
        },
        {
          "ancestorTitles": ["<Pagination />"],
          "failureMessages": [],
          "fullName": "<Pagination /> should test click event on first button",
          "location": null,
          "status": "passed",
          "title": "should test click event on first button"
        },
        {
          "ancestorTitles": ["<Pagination />"],
          "failureMessages": [],
          "fullName": "<Pagination /> should test click event on last button",
          "location": null,
          "status": "pending",
          "title": "should test click event on last button"
        }
      ],
      "endTime": 1585990580341,
      "message": "",
      "name": "/Users/aashutoshprakash/Projects/atomic-react-components/lib/components/molecules/Pagination/tests/Pagination.test.js",
      "startTime": 1585990578432,
      "status": "passed",
      "summary": ""
    },
    {
      "assertionResults": [
        {
          "ancestorTitles": ["<WithScripts />"],
          "failureMessages": [],
          "fullName": "<WithScripts /> should render correctly",
          "location": null,
          "status": "passed",
          "title": "should render correctly"
        },
        {
          "ancestorTitles": ["<WithScripts />"],
          "failureMessages": [],
          "fullName": "<WithScripts /> should not render duplicate ids",
          "location": null,
          "status": "passed",
          "title": "should not render duplicate ids"
        }
      ],
      "endTime": 1585990580564,
      "message": "",
      "name": "/Users/aashutoshprakash/Projects/atomic-react-components/lib/components/hoc/WithScripts/tests/WithScripts.test.js",
      "startTime": 1585990579149,
      "status": "passed",
      "summary": ""
    },
    {
      "assertionResults": [
        {
          "ancestorTitles": ["<HeroBanner />"],
          "failureMessages": [],
          "fullName": "<HeroBanner /> should render correctly",
          "location": null,
          "status": "passed",
          "title": "should render correctly"
        },
        {
          "ancestorTitles": ["<HeroBanner />"],
          "failureMessages": [],
          "fullName": "<HeroBanner /> should render a div",
          "location": null,
          "status": "passed",
          "title": "should render a div"
        },
        {
          "ancestorTitles": ["<HeroBanner />"],
          "failureMessages": [],
          "fullName": "<HeroBanner /> should render a header",
          "location": null,
          "status": "passed",
          "title": "should render a header"
        },
        {
          "ancestorTitles": ["<HeroBanner />"],
          "failureMessages": [],
          "fullName": "<HeroBanner /> should render a header with role as banner",
          "location": null,
          "status": "passed",
          "title": "should render a header with role as banner"
        },
        {
          "ancestorTitles": ["<HeroBanner />"],
          "failureMessages": [],
          "fullName": "<HeroBanner /> should render Hero Image",
          "location": null,
          "status": "pending",
          "title": "should render Hero Image"
        },
        {
          "ancestorTitles": ["<HeroBanner />"],
          "failureMessages": [],
          "fullName": "<HeroBanner /> should render children",
          "location": null,
          "status": "pending",
          "title": "should render children"
        }
      ],
      "endTime": 1585990581763,
      "message": "",
      "name": "/Users/aashutoshprakash/Projects/atomic-react-components/lib/components/molecules/HeroBanner/tests/HeroBanner.test.js",
      "startTime": 1585990580388,
      "status": "passed",
      "summary": ""
    },
    {
      "assertionResults": [
        {
          "ancestorTitles": ["<Tag />"],
          "failureMessages": [],
          "fullName": "<Tag /> should render correctly",
          "location": null,
          "status": "passed",
          "title": "should render correctly"
        },
        {
          "ancestorTitles": ["<Tag />"],
          "failureMessages": [],
          "fullName": "<Tag /> should render provided text",
          "location": null,
          "status": "passed",
          "title": "should render provided text"
        },
        {
          "ancestorTitles": ["<Tag />"],
          "failureMessages": [],
          "fullName": "<Tag /> should control remove button availability through prop",
          "location": null,
          "status": "pending",
          "title": "should control remove button availability through prop"
        },
        {
          "ancestorTitles": ["<Tag />"],
          "failureMessages": [],
          "fullName": "<Tag /> should call parent method on remove if available",
          "location": null,
          "status": "pending",
          "title": "should call parent method on remove if available"
        }
      ],
      "endTime": 1585990581777,
      "message": "",
      "name": "/Users/aashutoshprakash/Projects/atomic-react-components/lib/components/atoms/Tag/tests/Tag.test.js",
      "startTime": 1585990580578,
      "status": "passed",
      "summary": ""
    },
    {
      "assertionResults": [
        {
          "ancestorTitles": ["<QuoteMedia />"],
          "failureMessages": [],
          "fullName": "<QuoteMedia /> Should have component heading being displayed",
          "location": null,
          "status": "passed",
          "title": "Should have component heading being displayed"
        },
        {
          "ancestorTitles": ["<QuoteMedia />"],
          "failureMessages": [],
          "fullName": "<QuoteMedia /> Should allow quote component passing",
          "location": null,
          "status": "passed",
          "title": "Should allow quote component passing"
        },
        {
          "ancestorTitles": ["<QuoteMedia />"],
          "failureMessages": [],
          "fullName": "<QuoteMedia /> Should render media Image in component body",
          "location": null,
          "status": "passed",
          "title": "Should render media Image in component body"
        },
        {
          "ancestorTitles": ["<QuoteMedia />"],
          "failureMessages": [],
          "fullName": "<QuoteMedia /> Should render correctly",
          "location": null,
          "status": "passed",
          "title": "Should render correctly"
        }
      ],
      "endTime": 1585990582247,
      "message": "",
      "name": "/Users/aashutoshprakash/Projects/atomic-react-components/lib/components/molecules/QuoteMedia/tests/QuoteMedia.test.js",
      "startTime": 1585990580138,
      "status": "passed",
      "summary": ""
    },
    {
      "assertionResults": [
        {
          "ancestorTitles": ["Button Component"],
          "failureMessages": [],
          "fullName": "Button Component should render correctly",
          "location": null,
          "status": "passed",
          "title": "should render correctly"
        },
        {
          "ancestorTitles": ["Button Component"],
          "failureMessages": [],
          "fullName": "Button Component should render disabled",
          "location": null,
          "status": "passed",
          "title": "should render disabled"
        },
        {
          "ancestorTitles": ["Button Component"],
          "failureMessages": [],
          "fullName": "Button Component should render title element",
          "location": null,
          "status": "passed",
          "title": "should render title element"
        },
        {
          "ancestorTitles": ["Button Component"],
          "failureMessages": [],
          "fullName": "Button Component should render aria attribute element",
          "location": null,
          "status": "passed",
          "title": "should render aria attribute element"
        },
        {
          "ancestorTitles": ["Button Component"],
          "failureMessages": [],
          "fullName": "Button Component should check the data attribute of button",
          "location": null,
          "status": "passed",
          "title": "should check the data attribute of button"
        }
      ],
      "endTime": 1585990582704,
      "message": "",
      "name": "/Users/aashutoshprakash/Projects/atomic-react-components/lib/components/atoms/Button/tests/Button.test.js",
      "startTime": 1585990581852,
      "status": "passed",
      "summary": ""
    },
    {
      "assertionResults": [
        {
          "ancestorTitles": ["Image Component"],
          "failureMessages": [],
          "fullName": "Image Component should render correctly and match snapshots",
          "location": null,
          "status": "passed",
          "title": "should render correctly and match snapshots"
        },
        {
          "ancestorTitles": ["Image Component"],
          "failureMessages": [],
          "fullName": "Image Component should change image src on error",
          "location": null,
          "status": "passed",
          "title": "should change image src on error"
        },
        {
          "ancestorTitles": ["Image Component"],
          "failureMessages": [],
          "fullName": "Image Component should check the data attribute of image",
          "location": null,
          "status": "passed",
          "title": "should check the data attribute of image"
        },
        {
          "ancestorTitles": ["Image Component"],
          "failureMessages": [],
          "fullName": "Image Component should check the default locator of image",
          "location": null,
          "status": "passed",
          "title": "should check the default locator of image"
        }
      ],
      "endTime": 1585990583506,
      "message": "",
      "name": "/Users/aashutoshprakash/Projects/atomic-react-components/lib/components/atoms/Image/tests/Image.test.js",
      "startTime": 1585990582720,
      "status": "passed",
      "summary": ""
    },
    {
      "assertionResults": [
        {
          "ancestorTitles": ["FieldInput Component"],
          "failureMessages": [],
          "fullName": "FieldInput Component should render correctly",
          "location": null,
          "status": "passed",
          "title": "should render correctly"
        },
        {
          "ancestorTitles": ["FieldInput Component"],
          "failureMessages": [],
          "fullName": "FieldInput Component should render label correctly",
          "location": null,
          "status": "passed",
          "title": "should render label correctly"
        },
        {
          "ancestorTitles": ["FieldInput Component"],
          "failureMessages": [],
          "fullName": "FieldInput Component should render Input component with proper type",
          "location": null,
          "status": "passed",
          "title": "should render Input component with proper type"
        }
      ],
      "endTime": 1585990583684,
      "message": "",
      "name": "/Users/aashutoshprakash/Projects/atomic-react-components/lib/components/molecules/Form/FieldInput/tests/FieldInput.test.js",
      "startTime": 1585990582330,
      "status": "passed",
      "summary": ""
    },
    {
      "assertionResults": [
        {
          "ancestorTitles": ["FieldInput Component"],
          "failureMessages": [],
          "fullName": "FieldInput Component should render correctly",
          "location": null,
          "status": "passed",
          "title": "should render correctly"
        },
        {
          "ancestorTitles": ["FieldInput Component"],
          "failureMessages": [],
          "fullName": "FieldInput Component should render label correctly",
          "location": null,
          "status": "passed",
          "title": "should render label correctly"
        },
        {
          "ancestorTitles": ["FieldInput Component"],
          "failureMessages": [],
          "fullName": "FieldInput Component should render select tag",
          "location": null,
          "status": "passed",
          "title": "should render select tag"
        }
      ],
      "endTime": 1585990584061,
      "message": "",
      "name": "/Users/aashutoshprakash/Projects/atomic-react-components/lib/components/molecules/Form/FieldSelect/tests/FieldSelect.test.js",
      "startTime": 1585990581802,
      "status": "passed",
      "summary": ""
    },
    {
      "assertionResults": [
        {
          "ancestorTitles": ["<Accordion />"],
          "failureMessages": [],
          "fullName": "<Accordion /> accordion renders",
          "location": null,
          "status": "passed",
          "title": "accordion renders"
        },
        {
          "ancestorTitles": ["<Accordion />"],
          "failureMessages": [],
          "fullName": "<Accordion /> should render <div/>",
          "location": null,
          "status": "passed",
          "title": "should render <div/>"
        },
        {
          "ancestorTitles": ["<Accordion />"],
          "failureMessages": [],
          "fullName": "<Accordion /> should render details",
          "location": null,
          "status": "passed",
          "title": "should render details"
        },
        {
          "ancestorTitles": ["<Accordion />"],
          "failureMessages": [],
          "fullName": "<Accordion /> should render summary",
          "location": null,
          "status": "passed",
          "title": "should render summary"
        },
        {
          "ancestorTitles": ["<Accordion />"],
          "failureMessages": [],
          "fullName": "<Accordion /> panel opens on click of header",
          "location": null,
          "status": "passed",
          "title": "panel opens on click of header"
        },
        {
          "ancestorTitles": ["<Accordion />"],
          "failureMessages": [],
          "fullName": "<Accordion /> should render correctly",
          "location": null,
          "status": "passed",
          "title": "should render correctly"
        }
      ],
      "endTime": 1585990585066,
      "message": "",
      "name": "/Users/aashutoshprakash/Projects/atomic-react-components/lib/components/molecules/Accordion/tests/Accordion.test.js",
      "startTime": 1585990583761,
      "status": "passed",
      "summary": ""
    },
    {
      "assertionResults": [
        {
          "ancestorTitles": ["InputChoiceVanilla Component"],
          "failureMessages": [],
          "fullName": "InputChoiceVanilla Component should render Radio button correctly",
          "location": null,
          "status": "passed",
          "title": "should render Radio button correctly"
        },
        {
          "ancestorTitles": ["InputChoiceVanilla Component"],
          "failureMessages": [],
          "fullName": "InputChoiceVanilla Component should render checkbox correctly",
          "location": null,
          "status": "passed",
          "title": "should render checkbox correctly"
        },
        {
          "ancestorTitles": ["InputChoiceVanilla Component"],
          "failureMessages": [],
          "fullName": "InputChoiceVanilla Component should render disabled",
          "location": null,
          "status": "passed",
          "title": "should render disabled"
        },
        {
          "ancestorTitles": ["InputChoiceVanilla Component"],
          "failureMessages": [],
          "fullName": "InputChoiceVanilla Component should render checked",
          "location": null,
          "status": "passed",
          "title": "should render checked"
        }
      ],
      "endTime": 1585990585065,
      "message": "",
      "name": "/Users/aashutoshprakash/Projects/atomic-react-components/lib/components/molecules/InputChoice/tests/InputChoice.test.js",
      "startTime": 1585990584140,
      "status": "passed",
      "summary": ""
    },
    {
      "assertionResults": [
        {
          "ancestorTitles": ["<Blockquote />"],
          "failureMessages": [],
          "fullName": "<Blockquote /> should render blockquote",
          "location": null,
          "status": "passed",
          "title": "should render blockquote"
        },
        {
          "ancestorTitles": ["<Blockquote />"],
          "failureMessages": [],
          "fullName": "<Blockquote /> should render content",
          "location": null,
          "status": "passed",
          "title": "should render content"
        },
        {
          "ancestorTitles": ["<Blockquote />"],
          "failureMessages": [],
          "fullName": "<Blockquote /> check quoteContent value passed in",
          "location": null,
          "status": "passed",
          "title": "check quoteContent value passed in"
        },
        {
          "ancestorTitles": ["<Blockquote />"],
          "failureMessages": [],
          "fullName": "<Blockquote /> check quoteAuthor value passed in",
          "location": null,
          "status": "passed",
          "title": "check quoteAuthor value passed in"
        },
        {
          "ancestorTitles": ["<Blockquote />"],
          "failureMessages": [],
          "fullName": "<Blockquote /> should render author name",
          "location": null,
          "status": "passed",
          "title": "should render author name"
        },
        {
          "ancestorTitles": ["<Blockquote />"],
          "failureMessages": [],
          "fullName": "<Blockquote /> should render correctly",
          "location": null,
          "status": "passed",
          "title": "should render correctly"
        }
      ],
      "endTime": 1585990585997,
      "message": "",
      "name": "/Users/aashutoshprakash/Projects/atomic-react-components/lib/components/molecules/Blockquote/tests/Blockquote.test.js",
      "startTime": 1585990585092,
      "status": "passed",
      "summary": ""
    },
    {
      "assertionResults": [
        {
          "ancestorTitles": ["<Tabs />"],
          "failureMessages": [],
          "fullName": "<Tabs /> should render correctly",
          "location": null,
          "status": "passed",
          "title": "should render correctly"
        },
        {
          "ancestorTitles": ["<Tabs /> functional behavior"],
          "failureMessages": [],
          "fullName": "<Tabs /> functional behavior should have minimum dom structure for the tests below",
          "location": null,
          "status": "passed",
          "title": "should have minimum dom structure for the tests below"
        },
        {
          "ancestorTitles": ["<Tabs /> functional behavior"],
          "failureMessages": [],
          "fullName": "<Tabs /> functional behavior should change the tab panel and execute callback on closed tab click",
          "location": null,
          "status": "passed",
          "title": "should change the tab panel and execute callback on closed tab click"
        }
      ],
      "endTime": 1585990586144,
      "message": "",
      "name": "/Users/aashutoshprakash/Projects/atomic-react-components/lib/components/molecules/Tabs/tests/Tabs.test.js",
      "startTime": 1585990583537,
      "status": "passed",
      "summary": ""
    },
    {
      "assertionResults": [
        {
          "ancestorTitles": ["FieldTextarea Component"],
          "failureMessages": [],
          "fullName": "FieldTextarea Component should render correctly",
          "location": null,
          "status": "passed",
          "title": "should render correctly"
        },
        {
          "ancestorTitles": ["FieldTextarea Component"],
          "failureMessages": [],
          "fullName": "FieldTextarea Component should render label correctly",
          "location": null,
          "status": "passed",
          "title": "should render label correctly"
        },
        {
          "ancestorTitles": ["FieldTextarea Component"],
          "failureMessages": [],
          "fullName": "FieldTextarea Component should render textarea tag",
          "location": null,
          "status": "passed",
          "title": "should render textarea tag"
        }
      ],
      "endTime": 1585990586389,
      "message": "",
      "name": "/Users/aashutoshprakash/Projects/atomic-react-components/lib/components/molecules/Form/FieldTextarea/tests/FieldTextarea.test.js",
      "startTime": 1585990585200,
      "status": "passed",
      "summary": ""
    },
    {
      "assertionResults": [
        {
          "ancestorTitles": ["FieldError Component"],
          "failureMessages": [],
          "fullName": "FieldError Component should render correctly",
          "location": null,
          "status": "passed",
          "title": "should render correctly"
        },
        {
          "ancestorTitles": ["FieldError Component"],
          "failureMessages": [],
          "fullName": "FieldError Component should check the element locator of field error",
          "location": null,
          "status": "passed",
          "title": "should check the element locator of field error"
        },
        {
          "ancestorTitles": ["FieldError Component"],
          "failureMessages": [],
          "fullName": "FieldError Component should check the default slnid of field error",
          "location": null,
          "status": "passed",
          "title": "should check the default slnid of field error"
        }
      ],
      "endTime": 1585990586941,
      "message": "",
      "name": "/Users/aashutoshprakash/Projects/atomic-react-components/lib/components/atoms/FieldError/tests/FieldError.test.js",
      "startTime": 1585990586029,
      "status": "passed",
      "summary": ""
    },
    {
      "assertionResults": [
        {
          "ancestorTitles": ["Anchor Component"],
          "failureMessages": [],
          "fullName": "Anchor Component should render correctly and match snapshot",
          "location": null,
          "status": "passed",
          "title": "should render correctly and match snapshot"
        },
        {
          "ancestorTitles": ["Anchor Component"],
          "failureMessages": [],
          "fullName": "Anchor Component Should handle on typeahead focuson Events",
          "location": null,
          "status": "passed",
          "title": "Should handle on typeahead focuson Events"
        },
        {
          "ancestorTitles": ["Anchor Component"],
          "failureMessages": [],
          "fullName": "Anchor Component should check the data attribute of anchor",
          "location": null,
          "status": "passed",
          "title": "should check the data attribute of anchor"
        }
      ],
      "endTime": 1585990587040,
      "message": "",
      "name": "/Users/aashutoshprakash/Projects/atomic-react-components/lib/components/atoms/Anchor/tests/Anchor.test.js",
      "startTime": 1585990586187,
      "status": "passed",
      "summary": ""
    },
    {
      "assertionResults": [
        {
          "ancestorTitles": ["Heading Component"],
          "failureMessages": [],
          "fullName": "Heading Component should render correctly and match snapshot",
          "location": null,
          "status": "passed",
          "title": "should render correctly and match snapshot"
        },
        {
          "ancestorTitles": ["Heading Component"],
          "failureMessages": [],
          "fullName": "Heading Component should check the custom locator of heading",
          "location": null,
          "status": "passed",
          "title": "should check the custom locator of heading"
        },
        {
          "ancestorTitles": ["Heading Component"],
          "failureMessages": [],
[...]
          "locations": [
            { "start": { "line": 73, "column": 40 }, "end": { "line": 73, "column": 61 } },
            { "start": { "line": 73, "column": 64 }, "end": { "line": 73, "column": 66 } }
          ],
          "line": 73
        }
      },
      "s": { "0": 1 },
      "f": { "0": 1 },
      "b": { "0": [0, 1] },
      "_coverageSchema": "1a1c01bbd47fc00a2c39e90264f33305004495a9",
      "hash": "31499c1329c9694afa439f56273c4fa3177d5bd1"
    },
    "/Users/aashutoshprakash/Projects/atomic-react-components/lib/components/molecules/Search/Search.js": {
      "path": "/Users/aashutoshprakash/Projects/atomic-react-components/lib/components/molecules/Search/Search.js",
      "statementMap": {
        "0": { "start": { "line": 18, "column": 15 }, "end": { "line": 106, "column": 1 } },
        "1": { "start": { "line": 25, "column": 42 }, "end": { "line": 25, "column": 74 } },
        "2": { "start": { "line": 26, "column": 39 }, "end": { "line": 26, "column": 49 } },
        "3": { "start": { "line": 28, "column": 24 }, "end": { "line": 30, "column": 3 } },
        "4": { "start": { "line": 29, "column": 4 }, "end": { "line": 29, "column": 41 } },
        "5": { "start": { "line": 32, "column": 23 }, "end": { "line": 40, "column": 3 } },
        "6": { "start": { "line": 34, "column": 20 }, "end": { "line": 36, "column": 8 } },
        "7": { "start": { "line": 35, "column": 8 }, "end": { "line": 35, "column": 74 } },
        "8": { "start": { "line": 37, "column": 6 }, "end": { "line": 37, "column": 27 } },
        "9": { "start": { "line": 42, "column": 37 }, "end": { "line": 45, "column": 3 } },
        "10": { "start": { "line": 43, "column": 4 }, "end": { "line": 43, "column": 28 } },
        "11": { "start": { "line": 44, "column": 4 }, "end": { "line": 44, "column": 25 } },
        "12": { "start": { "line": 47, "column": 26 }, "end": { "line": 47, "column": 34 } },
        "13": { "start": { "line": 49, "column": 67 }, "end": { "line": 52, "column": 4 } },
        "14": { "start": { "line": 54, "column": 24 }, "end": { "line": 54, "column": 53 } },
        "15": { "start": { "line": 54, "column": 30 }, "end": { "line": 54, "column": 53 } },
        "16": { "start": { "line": 56, "column": 2 }, "end": { "line": 105, "column": 4 } },
        "17": { "start": { "line": 67, "column": 12 }, "end": { "line": 67, "column": 51 } },
        "18": { "start": { "line": 71, "column": 12 }, "end": { "line": 71, "column": 39 } },
        "19": { "start": { "line": 74, "column": 12 }, "end": { "line": 74, "column": 35 } },
        "20": { "start": { "line": 75, "column": 12 }, "end": { "line": 75, "column": 42 } },
        "21": { "start": { "line": 77, "column": 45 }, "end": { "line": 77, "column": 65 } },
        "22": { "start": { "line": 108, "column": 0 }, "end": { "line": 111, "column": 2 } },
        "23": { "start": { "line": 113, "column": 43 }, "end": { "line": 115, "column": 1 } }
      },
      "fnMap": {
        "0": {
          "name": "(anonymous_0)",
          "decl": { "start": { "line": 18, "column": 15 }, "end": { "line": 18, "column": 16 } },
          "loc": { "start": { "line": 24, "column": 13 }, "end": { "line": 106, "column": 1 } },
          "line": 24
        },
        "1": {
          "name": "(anonymous_1)",
          "decl": { "start": { "line": 28, "column": 24 }, "end": { "line": 28, "column": 25 } },
          "loc": { "start": { "line": 28, "column": 30 }, "end": { "line": 30, "column": 3 } },
          "line": 28
        },
        "2": {
          "name": "(anonymous_2)",
          "decl": { "start": { "line": 33, "column": 4 }, "end": { "line": 33, "column": 5 } },
          "loc": { "start": { "line": 33, "column": 19 }, "end": { "line": 38, "column": 5 } },
          "line": 33
        },
        "3": {
          "name": "(anonymous_3)",
          "decl": { "start": { "line": 34, "column": 37 }, "end": { "line": 34, "column": 38 } },
          "loc": { "start": { "line": 34, "column": 47 }, "end": { "line": 36, "column": 7 } },
          "line": 34
        },
        "4": {
          "name": "(anonymous_4)",
          "decl": { "start": { "line": 42, "column": 37 }, "end": { "line": 42, "column": 38 } },
          "loc": { "start": { "line": 42, "column": 49 }, "end": { "line": 45, "column": 3 } },
          "line": 42
        },
        "5": {
          "name": "(anonymous_5)",
          "decl": { "start": { "line": 47, "column": 26 }, "end": { "line": 47, "column": 27 } },
          "loc": { "start": { "line": 47, "column": 32 }, "end": { "line": 47, "column": 34 } },
          "line": 47
        },
        "6": {
          "name": "(anonymous_6)",
          "decl": { "start": { "line": 54, "column": 24 }, "end": { "line": 54, "column": 25 } },
          "loc": { "start": { "line": 54, "column": 30 }, "end": { "line": 54, "column": 53 } },
          "line": 54
        },
        "7": {
          "name": "(anonymous_7)",
          "decl": { "start": { "line": 66, "column": 27 }, "end": { "line": 66, "column": 28 } },
          "loc": { "start": { "line": 66, "column": 34 }, "end": { "line": 68, "column": 11 } },
          "line": 66
        },
        "8": {
          "name": "(anonymous_8)",
          "decl": { "start": { "line": 70, "column": 22 }, "end": { "line": 70, "column": 23 } },
          "loc": { "start": { "line": 70, "column": 28 }, "end": { "line": 72, "column": 11 } },
          "line": 70
        },
        "9": {
          "name": "(anonymous_9)",
          "decl": { "start": { "line": 73, "column": 34 }, "end": { "line": 73, "column": 35 } },
          "loc": { "start": { "line": 73, "column": 45 }, "end": { "line": 76, "column": 11 } },
          "line": 73
        },
        "10": {
          "name": "(anonymous_10)",
          "decl": { "start": { "line": 77, "column": 35 }, "end": { "line": 77, "column": 36 } },
          "loc": { "start": { "line": 77, "column": 45 }, "end": { "line": 77, "column": 65 } },
          "line": 77
        }
      },
      "branchMap": {
        "0": {
          "loc": { "start": { "line": 25, "column": 51 }, "end": { "line": 25, "column": 73 } },
          "type": "binary-expr",
          "locations": [
            { "start": { "line": 25, "column": 51 }, "end": { "line": 25, "column": 67 } },
            { "start": { "line": 25, "column": 71 }, "end": { "line": 25, "column": 73 } }
          ],
          "line": 25
        },
        "1": {
          "loc": { "start": { "line": 85, "column": 13 }, "end": { "line": 97, "column": 16 } },
          "type": "binary-expr",
          "locations": [
            { "start": { "line": 85, "column": 13 }, "end": { "line": 85, "column": 29 } },
            { "start": { "line": 86, "column": 15 }, "end": { "line": 97, "column": 15 } }
          ],
          "line": 85
        },
        "2": {
          "loc": { "start": { "line": 86, "column": 15 }, "end": { "line": 97, "column": 15 } },
          "type": "cond-expr",
          "locations": [
            { "start": { "line": 87, "column": 16 }, "end": { "line": 87, "column": 59 } },
            { "start": { "line": 90, "column": 16 }, "end": { "line": 96, "column": 18 } }
          ],
          "line": 86
        }
      },
      "s": {
        "0": 1,
        "1": 0,
        "2": 0,
        "3": 0,
        "4": 0,
        "5": 0,
        "6": 0,
        "7": 0,
        "8": 0,
        "9": 0,
        "10": 0,
        "11": 0,
        "12": 0,
        "13": 0,
        "14": 0,
        "15": 0,
        "16": 0,
        "17": 0,
        "18": 0,
        "19": 0,
        "20": 0,
        "21": 0,
        "22": 1,
        "23": 1
      },
      "f": {
        "0": 0,
        "1": 0,
        "2": 0,
        "3": 0,
        "4": 0,
        "5": 0,
        "6": 0,
        "7": 0,
        "8": 0,
        "9": 0,
        "10": 0
      },
      "b": { "0": [0, 0], "1": [0, 0], "2": [0, 0] },
      "_coverageSchema": "1a1c01bbd47fc00a2c39e90264f33305004495a9",
      "hash": "e430d09395eb65212e20662497a5f88d8d5136ec"
    },
    "/Users/aashutoshprakash/Projects/atomic-react-components/lib/components/molecules/Search/index.js": {
      "path": "/Users/aashutoshprakash/Projects/atomic-react-components/lib/components/molecules/Search/index.js",
      "statementMap": {},
      "fnMap": {},
      "branchMap": {},
      "s": {},
      "f": {},
      "b": {},
      "_coverageSchema": "1a1c01bbd47fc00a2c39e90264f33305004495a9",
      "hash": "434a2ca93ef78e26054d3bc975940d8ed9b08b9e"
    },
    "/Users/aashutoshprakash/Projects/atomic-react-components/lib/components/molecules/StickyHeader/index.js": {
      "path": "/Users/aashutoshprakash/Projects/atomic-react-components/lib/components/molecules/StickyHeader/index.js",
      "statementMap": {},
      "fnMap": {},
      "branchMap": {},
      "s": {},
      "f": {},
      "b": {}
    },
    "/Users/aashutoshprakash/Projects/atomic-react-components/lib/core/hooks/speechRecognition/types/index.js": {
      "path": "/Users/aashutoshprakash/Projects/atomic-react-components/lib/core/hooks/speechRecognition/types/index.js",
      "statementMap": {},
      "fnMap": {},
      "branchMap": {},
      "s": {},
      "f": {},
      "b": {}
    },
    "/Users/aashutoshprakash/Projects/atomic-react-components/lib/components/molecules/Tabs/types/index.js": {
      "path": "/Users/aashutoshprakash/Projects/atomic-react-components/lib/components/molecules/Tabs/types/index.js",
      "statementMap": {},
      "fnMap": {},
      "branchMap": {},
      "s": {},
      "f": {},
      "b": {}
    },
    "/Users/aashutoshprakash/Projects/atomic-react-components/lib/components/molecules/StickyHeader/types/index.js": {
      "path": "/Users/aashutoshprakash/Projects/atomic-react-components/lib/components/molecules/StickyHeader/types/index.js",
      "statementMap": {},
      "fnMap": {},
      "branchMap": {},
      "s": {},
      "f": {},
      "b": {}
    },
    "/Users/aashutoshprakash/Projects/atomic-react-components/lib/components/molecules/Form/DragDropInput/types/index.js": {
      "path": "/Users/aashutoshprakash/Projects/atomic-react-components/lib/components/molecules/Form/DragDropInput/types/index.js",
      "statementMap": {},
      "fnMap": {},
      "branchMap": {},
      "s": {},
      "f": {},
      "b": {}
    },
    "/Users/aashutoshprakash/Projects/atomic-react-components/lib/components/molecules/Form/FieldToggle/types/index.js": {
      "path": "/Users/aashutoshprakash/Projects/atomic-react-components/lib/components/molecules/Form/FieldToggle/types/index.js",
      "statementMap": {},
      "fnMap": {},
      "branchMap": {},
      "s": {},
      "f": {},
      "b": {}
    },
    "/Users/aashutoshprakash/Projects/atomic-react-components/lib/components/molecules/Pagination/types/index.js": {
      "path": "/Users/aashutoshprakash/Projects/atomic-react-components/lib/components/molecules/Pagination/types/index.js",
      "statementMap": {},
      "fnMap": {},
      "branchMap": {},
      "s": {},
      "f": {},
      "b": {}
    },
    "/Users/aashutoshprakash/Projects/atomic-react-components/lib/components/molecules/ArticleThumbnail/types/index.js": {
      "path": "/Users/aashutoshprakash/Projects/atomic-react-components/lib/components/molecules/ArticleThumbnail/types/index.js",
      "statementMap": {},
      "fnMap": {},
      "branchMap": {},
      "s": {},
      "f": {},
      "b": {}
    },
    "/Users/aashutoshprakash/Projects/atomic-react-components/lib/components/molecules/Form/FieldFileInput/types/index.js": {
      "path": "/Users/aashutoshprakash/Projects/atomic-react-components/lib/components/molecules/Form/FieldFileInput/types/index.js",
      "statementMap": {},
      "fnMap": {},
      "branchMap": {},
      "s": {},
      "f": {},
      "b": {}
    },
    "/Users/aashutoshprakash/Projects/atomic-react-components/lib/components/molecules/Typeahead/types/index.js": {
      "path": "/Users/aashutoshprakash/Projects/atomic-react-components/lib/components/molecules/Typeahead/types/index.js",
      "statementMap": {},
      "fnMap": {},
      "branchMap": {},
      "s": {},
      "f": {},
      "b": {}
    },
    "/Users/aashutoshprakash/Projects/atomic-react-components/lib/components/molecules/ProgressIndicator/types/index.js": {
      "path": "/Users/aashutoshprakash/Projects/atomic-react-components/lib/components/molecules/ProgressIndicator/types/index.js",
      "statementMap": {},
      "fnMap": {},
      "branchMap": {},
      "s": {},
      "f": {},
      "b": {}
    },
    "/Users/aashutoshprakash/Projects/atomic-react-components/lib/components/molecules/CookieDisclaimer/types/index.js": {
      "path": "/Users/aashutoshprakash/Projects/atomic-react-components/lib/components/molecules/CookieDisclaimer/types/index.js",
      "statementMap": {},
      "fnMap": {},
      "branchMap": {},
      "s": {},
      "f": {},
      "b": {}
    },
    "/Users/aashutoshprakash/Projects/atomic-react-components/lib/components/molecules/CookieDisclaimer/index.js": {
      "path": "/Users/aashutoshprakash/Projects/atomic-react-components/lib/components/molecules/CookieDisclaimer/index.js",
      "statementMap": {},
      "fnMap": {},
      "branchMap": {},
      "s": {},
      "f": {},
      "b": {}
    },
    "/Users/aashutoshprakash/Projects/atomic-react-components/lib/components/molecules/Accordion/types/index.js": {
      "path": "/Users/aashutoshprakash/Projects/atomic-react-components/lib/components/molecules/Accordion/types/index.js",
      "statementMap": {},
      "fnMap": {},
      "branchMap": {},
      "s": {},
      "f": {},
      "b": {}
    },
    "/Users/aashutoshprakash/Projects/atomic-react-components/lib/components/molecules/Skeleton/types/index.js": {
      "path": "/Users/aashutoshprakash/Projects/atomic-react-components/lib/components/molecules/Skeleton/types/index.js",
      "statementMap": {},
      "fnMap": {},
      "branchMap": {},
      "s": {},
      "f": {},
      "b": {}
    },
    "/Users/aashutoshprakash/Projects/atomic-react-components/lib/components/molecules/Toast/types/index.js": {
      "path": "/Users/aashutoshprakash/Projects/atomic-react-components/lib/components/molecules/Toast/types/index.js",
      "statementMap": {},
      "fnMap": {},
      "branchMap": {},
      "s": {},
      "f": {},
      "b": {}
    },
    "/Users/aashutoshprakash/Projects/atomic-react-components/lib/components/molecules/Search/types/index.js": {
      "path": "/Users/aashutoshprakash/Projects/atomic-react-components/lib/components/molecules/Search/types/index.js",
      "statementMap": {},
      "fnMap": {},
      "branchMap": {},
      "s": {},
      "f": {},
      "b": {}
    },
    "/Users/aashutoshprakash/Projects/atomic-react-components/lib/components/molecules/Popover/types/index.js": {
      "path": "/Users/aashutoshprakash/Projects/atomic-react-components/lib/components/molecules/Popover/types/index.js",
      "statementMap": {},
      "fnMap": {},
      "branchMap": {},
      "s": {},
      "f": {},
      "b": {}
    },
    "/Users/aashutoshprakash/Projects/atomic-react-components/lib/components/molecules/QuoteMedia/index.js": {
      "path": "/Users/aashutoshprakash/Projects/atomic-react-components/lib/components/molecules/QuoteMedia/index.js",
      "statementMap": {},
      "fnMap": {},
      "branchMap": {},
      "s": {},
      "f": {},
      "b": {}
    },
    "/Users/aashutoshprakash/Projects/atomic-react-components/lib/components/molecules/Carousel/types/index.js": {
      "path": "/Users/aashutoshprakash/Projects/atomic-react-components/lib/components/molecules/Carousel/types/index.js",
      "statementMap": {},
      "fnMap": {},
      "branchMap": {},
      "s": {},
      "f": {},
      "b": {}
    },
    "/Users/aashutoshprakash/Projects/atomic-react-components/lib/components/molecules/QuoteMedia/types/index.js": {
      "path": "/Users/aashutoshprakash/Projects/atomic-react-components/lib/components/molecules/QuoteMedia/types/index.js",
      "statementMap": {},
      "fnMap": {},
      "branchMap": {},
      "s": {},
      "f": {},
      "b": {}
    },
    "/Users/aashutoshprakash/Projects/atomic-react-components/lib/components/molecules/HeroBanner/types/index.js": {
      "path": "/Users/aashutoshprakash/Projects/atomic-react-components/lib/components/molecules/HeroBanner/types/index.js",
      "statementMap": {},
      "fnMap": {},
      "branchMap": {},
      "s": {},
      "f": {},
      "b": {}
    },
    "/Users/aashutoshprakash/Projects/atomic-react-components/lib/components/molecules/Blockquote/types/index.js": {
      "path": "/Users/aashutoshprakash/Projects/atomic-react-components/lib/components/molecules/Blockquote/types/index.js",
      "statementMap": {},
      "fnMap": {},
      "branchMap": {},
      "s": {},
      "f": {},
      "b": {}
    },
    "/Users/aashutoshprakash/Projects/atomic-react-components/lib/components/molecules/Table/types/index.js": {
      "path": "/Users/aashutoshprakash/Projects/atomic-react-components/lib/components/molecules/Table/types/index.js",
      "statementMap": {},
      "fnMap": {},
      "branchMap": {},
      "s": {},
      "f": {},
      "b": {}
    },
    "/Users/aashutoshprakash/Projects/atomic-react-components/lib/components/molecules/StickyBar/types/index.js": {
      "path": "/Users/aashutoshprakash/Projects/atomic-react-components/lib/components/molecules/StickyBar/types/index.js",
      "statementMap": {},
      "fnMap": {},
      "branchMap": {},
      "s": {},
      "f": {},
      "b": {}
    },
    "/Users/aashutoshprakash/Projects/atomic-react-components/lib/components/molecules/Modal/index.js": {
      "path": "/Users/aashutoshprakash/Projects/atomic-react-components/lib/components/molecules/Modal/index.js",
      "statementMap": {},
      "fnMap": {},
      "branchMap": {},
      "s": {},
      "f": {},
      "b": {}
    },
    "/Users/aashutoshprakash/Projects/atomic-react-components/lib/components/molecules/Breadcrumb/types/index.js": {
      "path": "/Users/aashutoshprakash/Projects/atomic-react-components/lib/components/molecules/Breadcrumb/types/index.js",
      "statementMap": {},
      "fnMap": {},
      "branchMap": {},
      "s": {},
      "f": {},
      "b": {}
    },
    "/Users/aashutoshprakash/Projects/atomic-react-components/lib/components/atoms/Video/types/index.js": {
      "path": "/Users/aashutoshprakash/Projects/atomic-react-components/lib/components/atoms/Video/types/index.js",
      "statementMap": {},
      "fnMap": {},
      "branchMap": {},
      "s": {},
      "f": {},
      "b": {}
    },
    "/Users/aashutoshprakash/Projects/atomic-react-components/lib/components/atoms/Icon/types/index.js": {
      "path": "/Users/aashutoshprakash/Projects/atomic-react-components/lib/components/atoms/Icon/types/index.js",
      "statementMap": {},
      "fnMap": {},
      "branchMap": {},
      "s": {},
      "f": {},
      "b": {}
    },
    "/Users/aashutoshprakash/Projects/atomic-react-components/lib/components/atoms/Track/types/index.js": {
      "path": "/Users/aashutoshprakash/Projects/atomic-react-components/lib/components/atoms/Track/types/index.js",
      "statementMap": {},
      "fnMap": {},
      "branchMap": {},
      "s": {},
      "f": {},
      "b": {}
    },
    "/Users/aashutoshprakash/Projects/atomic-react-components/lib/components/atoms/Tag/types/index.js": {
      "path": "/Users/aashutoshprakash/Projects/atomic-react-components/lib/components/atoms/Tag/types/index.js",
      "statementMap": {},
      "fnMap": {},
      "branchMap": {},
      "s": {},
      "f": {},
      "b": {}
    },
    "/Users/aashutoshprakash/Projects/atomic-react-components/lib/components/hoc/WithScripts/types/index.js": {
      "path": "/Users/aashutoshprakash/Projects/atomic-react-components/lib/components/hoc/WithScripts/types/index.js",
      "statementMap": {},
      "fnMap": {},
      "branchMap": {},
      "s": {},
      "f": {},
      "b": {}
    }
  }
}
