{"numFailedTestSuites":0,"numFailedTests":0,"numPassedTestSuites":1,"numPassedTests":2,"numPendingTestSuites":0,"numPendingTests":0,"numRuntimeErrorTestSuites":0,"numTodoTests":0,"numTotalTestSuites":1,"numTotalTests":2,"openHandles":[],"snapshot":{"added":0,"didUpdate":false,"failure":false,"filesAdded":0,"filesRemoved":0,"filesRemovedList":[],"filesUnmatched":0,"filesUpdated":0,"matched":1,"total":1,"unchecked":0,"uncheckedKeysByFile":[],"unmatched":0,"updated":0},"startTime":1575901972783,"success":true,"testResults":[{"assertionResults":[{"ancestorTitles":["<Typeahead />"],"failureMessages":[],"fullName":"<Typeahead /> should render correctly","location":null,"status":"passed","title":"should render correctly"},{"ancestorTitles":["<Typeahead />"],"failureMessages":[],"fullName":"<Typeahead /> should fire on change","location":null,"status":"passed","title":"should fire on change"}],"endTime":1575901979156,"message":"","name":"C:\\Users\\rohkumar30\\Desktop\\Ramp-up-learning\\atomic-react-components\\lib\\components\\molecules\\Typeahead\\tests\\Typeahead.test.js","startTime":1575901977733,"status":"passed","summary":""}],"wasInterrupted":false,"coverageMap":{}}