{"numFailedTestSuites":0,"numFailedTests":0,"numPassedTestSuites":1,"numPassedTests":4,"numPendingTestSuites":0,"numPendingTests":0,"numRuntimeErrorTestSuites":0,"numTodoTests":0,"numTotalTestSuites":1,"numTotalTests":4,"openHandles":[],"snapshot":{"added":0,"didUpdate":false,"failure":false,"filesAdded":0,"filesRemoved":0,"filesRemovedList":[],"filesUnmatched":0,"filesUpdated":0,"matched":1,"total":1,"unchecked":0,"uncheckedKeysByFile":[],"unmatched":0,"updated":0},"startTime":1575981600783,"success":false,"testResults":[{"assertionResults":[{"ancestorTitles":["<Typeahead />"],"failureMessages":[],"fullName":"<Typeahead /> should render correctly","location":null,"status":"passed","title":"should render correctly"},{"ancestorTitles":["<Typeahead />"],"failureMessages":[],"fullName":"<Typeahead /> should fire on change","location":null,"status":"passed","title":"should fire on change"},{"ancestorTitles":["<Typeahead />"],"failureMessages":[],"fullName":"<Typeahead /> should render li","location":null,"status":"passed","title":"should render li"},{"ancestorTitles":["<Typeahead />"],"failureMessages":[],"fullName":"<Typeahead /> should render ul only once","location":null,"status":"passed","title":"should render ul only once"}],"endTime":1575981606272,"message":"","name":"C:\\Users\\rohkumar30\\Desktop\\Ramp-up-learning\\atomic-react-components\\lib\\components\\molecules\\Typeahead\\tests\\Typeahead.test.js","startTime":1575981603021,"status":"passed","summary":""}],"wasInterrupted":false,"coverageMap":{"C:\\Users\\rohkumar30\\Desktop\\Ramp-up-learning\\atomic-react-components\\lib\\components\\molecules\\Typeahead\\ListItem.js":{"path":"C:\\Users\\rohkumar30\\Desktop\\Ramp-up-learning\\atomic-react-components\\lib\\components\\molecules\\Typeahead\\ListItem.js","statementMap":{"0":{"start":{"line":11,"column":17},"end":{"line":11,"column":58}},"1":{"start":{"line":11,"column":50},"end":{"line":11,"column":58}}},"fnMap":{"0":{"name":"(anonymous_0)","decl":{"start":{"line":11,"column":17},"end":{"line":11,"column":18}},"loc":{"start":{"line":11,"column":50},"end":{"line":11,"column":58}},"line":11}},"branchMap":{},"s":{"0":1,"1":0},"f":{"0":0},"b":{},"_coverageSchema":"43e27e138ebf9cfc5966b082cf9a028302ed4184","hash":"5ed68c68cf77711fbf04ea810c4fd6b32b1d7ae7"},"C:\\Users\\rohkumar30\\Desktop\\Ramp-up-learning\\atomic-react-components\\lib\\components\\molecules\\Typeahead\\index.js":{"path":"C:\\Users\\rohkumar30\\Desktop\\Ramp-up-learning\\atomic-react-components\\lib\\components\\molecules\\Typeahead\\index.js","statementMap":{},"fnMap":{},"branchMap":{},"s":{},"f":{},"b":{},"_coverageSchema":"43e27e138ebf9cfc5966b082cf9a028302ed4184","hash":"90a406709a06ee64a4ff6eb44e1a7fc8d1e0a4e7"},"C:\\Users\\rohkumar30\\Desktop\\Ramp-up-learning\\atomic-react-components\\lib\\components\\molecules\\Typeahead\\Typeahead.js":{"path":"C:\\Users\\rohkumar30\\Desktop\\Ramp-up-learning\\atomic-react-components\\lib\\components\\molecules\\Typeahead\\Typeahead.js","statementMap":{"0":{"start":{"line":16,"column":18},"end":{"line":141,"column":1}},"1":{"start":{"line":25,"column":36},"end":{"line":25,"column":48}},"2":{"start":{"line":26,"column":55},"end":{"line":26,"column":76}},"3":{"start":{"line":27,"column":50},"end":{"line":27,"column":61}},"4":{"start":{"line":28,"column":48},"end":{"line":28,"column":62}},"5":{"start":{"line":34,"column":22},"end":{"line":40,"column":3}},"6":{"start":{"line":35,"column":4},"end":{"line":35,"column":27}},"7":{"start":{"line":36,"column":26},"end":{"line":36,"column":41}},"8":{"start":{"line":37,"column":4},"end":{"line":37,"column":28}},"9":{"start":{"line":38,"column":4},"end":{"line":38,"column":31}},"10":{"start":{"line":39,"column":4},"end":{"line":39,"column":30}},"11":{"start":{"line":46,"column":24},"end":{"line":78,"column":3}},"12":{"start":{"line":47,"column":4},"end":{"line":77,"column":5}},"13":{"start":{"line":49,"column":8},"end":{"line":49,"column":31}},"14":{"start":{"line":50,"column":8},"end":{"line":50,"column":59}},"15":{"start":{"line":51,"column":8},"end":{"line":51,"column":34}},"16":{"start":{"line":52,"column":8},"end":{"line":52,"column":14}},"17":{"start":{"line":55,"column":8},"end":{"line":58,"column":9}},"18":{"start":{"line":56,"column":10},"end":{"line":56,"column":61}},"19":{"start":{"line":57,"column":10},"end":{"line":57,"column":17}},"20":{"start":{"line":59,"column":8},"end":{"line":59,"column":50}},"21":{"start":{"line":60,"column":8},"end":{"line":60,"column":14}},"22":{"start":{"line":63,"column":8},"end":{"line":66,"column":9}},"23":{"start":{"line":64,"column":10},"end":{"line":64,"column":33}},"24":{"start":{"line":65,"column":10},"end":{"line":65,"column":17}},"25":{"start":{"line":67,"column":8},"end":{"line":67,"column":50}},"26":{"start":{"line":68,"column":8},"end":{"line":68,"column":14}},"27":{"start":{"line":71,"column":8},"end":{"line":71,"column":31}},"28":{"start":{"line":72,"column":8},"end":{"line":72,"column":34}},"29":{"start":{"line":73,"column":8},"end":{"line":73,"column":14}},"30":{"start":{"line":76,"column":8},"end":{"line":76,"column":14}},"31":{"start":{"line":84,"column":23},"end":{"line":98,"column":3}},"32":{"start":{"line":86,"column":22},"end":{"line":86,"column":37}},"33":{"start":{"line":87,"column":4},"end":{"line":87,"column":24}},"34":{"start":{"line":88,"column":32},"end":{"line":90,"column":5}},"35":{"start":{"line":89,"column":20},"end":{"line":89,"column":82}},"36":{"start":{"line":91,"column":4},"end":{"line":91,"column":48}},"37":{"start":{"line":92,"column":4},"end":{"line":97,"column":5}},"38":{"start":{"line":93,"column":6},"end":{"line":93,"column":17}},"39":{"start":{"line":94,"column":6},"end":{"line":94,"column":31}},"40":{"start":{"line":96,"column":6},"end":{"line":96,"column":32}},"41":{"start":{"line":100,"column":22},"end":{"line":107,"column":3}},"42":{"start":{"line":109,"column":2},"end":{"line":140,"column":4}},"43":{"start":{"line":126,"column":12},"end":{"line":136,"column":14}},"44":{"start":{"line":143,"column":0},"end":{"line":149,"column":2}}},"fnMap":{"0":{"name":"(anonymous_0)","decl":{"start":{"line":16,"column":18},"end":{"line":16,"column":19}},"loc":{"start":{"line":24,"column":33},"end":{"line":141,"column":1}},"line":24},"1":{"name":"(anonymous_1)","decl":{"start":{"line":34,"column":22},"end":{"line":34,"column":23}},"loc":{"start":{"line":34,"column":27},"end":{"line":40,"column":3}},"line":34},"2":{"name":"(anonymous_2)","decl":{"start":{"line":46,"column":24},"end":{"line":46,"column":25}},"loc":{"start":{"line":46,"column":29},"end":{"line":78,"column":3}},"line":46},"3":{"name":"(anonymous_3)","decl":{"start":{"line":84,"column":23},"end":{"line":84,"column":24}},"loc":{"start":{"line":84,"column":28},"end":{"line":98,"column":3}},"line":84},"4":{"name":"(anonymous_4)","decl":{"start":{"line":89,"column":6},"end":{"line":89,"column":7}},"loc":{"start":{"line":89,"column":20},"end":{"line":89,"column":82}},"line":89},"5":{"name":"(anonymous_5)","decl":{"start":{"line":125,"column":33},"end":{"line":125,"column":34}},"loc":{"start":{"line":125,"column":50},"end":{"line":137,"column":11}},"line":125},"6":{"name":"(anonymous_6)","decl":{"start":{"line":132,"column":27},"end":{"line":132,"column":28}},"loc":{"start":{"line":132,"column":33},"end":{"line":132,"column":35}},"line":132},"7":{"name":"(anonymous_7)","decl":{"start":{"line":148,"column":18},"end":{"line":148,"column":19}},"loc":{"start":{"line":148,"column":24},"end":{"line":148,"column":26}},"line":148}},"branchMap":{"0":{"loc":{"start":{"line":47,"column":4},"end":{"line":77,"column":5}},"type":"switch","locations":[{"start":{"line":48,"column":6},"end":{"line":53,"column":7}},{"start":{"line":54,"column":6},"end":{"line":61,"column":7}},{"start":{"line":62,"column":6},"end":{"line":69,"column":7}},{"start":{"line":70,"column":6},"end":{"line":74,"column":7}},{"start":{"line":75,"column":6},"end":{"line":76,"column":14}}],"line":47},"1":{"loc":{"start":{"line":55,"column":8},"end":{"line":58,"column":9}},"type":"if","locations":[{"start":{"line":55,"column":8},"end":{"line":58,"column":9}},{"start":{"line":55,"column":8},"end":{"line":58,"column":9}}],"line":55},"2":{"loc":{"start":{"line":63,"column":8},"end":{"line":66,"column":9}},"type":"if","locations":[{"start":{"line":63,"column":8},"end":{"line":66,"column":9}},{"start":{"line":63,"column":8},"end":{"line":66,"column":9}}],"line":63},"3":{"loc":{"start":{"line":92,"column":4},"end":{"line":97,"column":5}},"type":"if","locations":[{"start":{"line":92,"column":4},"end":{"line":97,"column":5}},{"start":{"line":92,"column":4},"end":{"line":97,"column":5}}],"line":92},"4":{"loc":{"start":{"line":124,"column":9},"end":{"line":137,"column":12}},"type":"binary-expr","locations":[{"start":{"line":124,"column":9},"end":{"line":124,"column":24}},{"start":{"line":125,"column":10},"end":{"line":137,"column":12}}],"line":124},"5":{"loc":{"start":{"line":129,"column":27},"end":{"line":129,"column":69}},"type":"cond-expr","locations":[{"start":{"line":129,"column":56},"end":{"line":129,"column":64}},{"start":{"line":129,"column":67},"end":{"line":129,"column":69}}],"line":129}},"s":{"0":1,"1":10,"2":10,"3":10,"4":10,"5":10,"6":0,"7":0,"8":0,"9":0,"10":0,"11":10,"12":0,"13":0,"14":0,"15":0,"16":0,"17":0,"18":0,"19":0,"20":0,"21":0,"22":0,"23":0,"24":0,"25":0,"26":0,"27":0,"28":0,"29":0,"30":0,"31":10,"32":2,"33":2,"34":2,"35":26,"36":2,"37":2,"38":2,"39":2,"40":0,"41":10,"42":10,"43":130,"44":1},"f":{"0":10,"1":0,"2":0,"3":2,"4":26,"5":130,"6":0,"7":0},"b":{"0":[0,0,0,0,0],"1":[0,0],"2":[0,0],"3":[2,0],"4":[10,10],"5":[10,120]},"_coverageSchema":"43e27e138ebf9cfc5966b082cf9a028302ed4184","hash":"9764e6b8455843fdd9a80843bbc7a8b1325992e3"},"C:\\Users\\rohkumar30\\Desktop\\Ramp-up-learning\\atomic-react-components\\lib\\components\\molecules\\Typeahead\\Typeahead.style.js":{"path":"C:\\Users\\rohkumar30\\Desktop\\Ramp-up-learning\\atomic-react-components\\lib\\components\\molecules\\Typeahead\\Typeahead.style.js","statementMap":{"0":{"start":{"line":6,"column":15},"end":{"line":8,"column":5}},"1":{"start":{"line":18,"column":15},"end":{"line":20,"column":5}},"2":{"start":{"line":24,"column":14},"end":{"line":24,"column":64}}},"fnMap":{"0":{"name":"(anonymous_0)","decl":{"start":{"line":6,"column":6},"end":{"line":6,"column":7}},"loc":{"start":{"line":6,"column":15},"end":{"line":8,"column":5}},"line":6},"1":{"name":"(anonymous_1)","decl":{"start":{"line":18,"column":6},"end":{"line":18,"column":7}},"loc":{"start":{"line":18,"column":15},"end":{"line":20,"column":5}},"line":18},"2":{"name":"(anonymous_2)","decl":{"start":{"line":24,"column":4},"end":{"line":24,"column":5}},"loc":{"start":{"line":24,"column":14},"end":{"line":24,"column":64}},"line":24}},"branchMap":{"0":{"loc":{"start":{"line":24,"column":14},"end":{"line":24,"column":64}},"type":"cond-expr","locations":[{"start":{"line":24,"column":38},"end":{"line":24,"column":59}},{"start":{"line":24,"column":62},"end":{"line":24,"column":64}}],"line":24}},"s":{"0":0,"1":0,"2":0},"f":{"0":0,"1":0,"2":0},"b":{"0":[0,0]},"_coverageSchema":"43e27e138ebf9cfc5966b082cf9a028302ed4184","hash":"a029f549bbca2d8bbe731b40efd98af38aebf9f0"},"C:\\Users\\rohkumar30\\Desktop\\Ramp-up-learning\\atomic-react-components\\lib\\components\\atoms\\Input\\index.js":{"path":"C:\\Users\\rohkumar30\\Desktop\\Ramp-up-learning\\atomic-react-components\\lib\\components\\atoms\\Input\\index.js","statementMap":{},"fnMap":{},"branchMap":{},"s":{},"f":{},"b":{},"_coverageSchema":"43e27e138ebf9cfc5966b082cf9a028302ed4184","hash":"ed632f6ebc3b56896e9505e44c84c312f80f013a"},"C:\\Users\\rohkumar30\\Desktop\\Ramp-up-learning\\atomic-react-components\\lib\\components\\atoms\\Input\\Input.js":{"path":"C:\\Users\\rohkumar30\\Desktop\\Ramp-up-learning\\atomic-react-components\\lib\\components\\atoms\\Input\\Input.js","statementMap":{"0":{"start":{"line":18,"column":14},"end":{"line":40,"column":1}},"1":{"start":{"line":29,"column":2},"end":{"line":39,"column":4}},"2":{"start":{"line":42,"column":0},"end":{"line":49,"column":2}}},"fnMap":{"0":{"name":"(anonymous_0)","decl":{"start":{"line":18,"column":14},"end":{"line":18,"column":15}},"loc":{"start":{"line":29,"column":2},"end":{"line":39,"column":4}},"line":29}},"branchMap":{"0":{"loc":{"start":{"line":37,"column":18},"end":{"line":37,"column":59}},"type":"binary-expr","locations":[{"start":{"line":37,"column":18},"end":{"line":37,"column":32}},{"start":{"line":37,"column":36},"end":{"line":37,"column":59}}],"line":37}},"s":{"0":1,"1":0,"2":1},"f":{"0":0},"b":{"0":[0,0]},"_coverageSchema":"43e27e138ebf9cfc5966b082cf9a028302ed4184","hash":"c34281863172ced7a4aa70b1b9fedbf40afd5dd9"},"C:\\Users\\rohkumar30\\Desktop\\Ramp-up-learning\\atomic-react-components\\lib\\components\\atoms\\Input\\Input.style.js":{"path":"C:\\Users\\rohkumar30\\Desktop\\Ramp-up-learning\\atomic-react-components\\lib\\components\\atoms\\Input\\Input.style.js","statementMap":{"0":{"start":{"line":3,"column":15},"end":{"line":20,"column":1}},"1":{"start":{"line":4,"column":13},"end":{"line":9,"column":3}},"2":{"start":{"line":12,"column":4},"end":{"line":17,"column":10}},"3":{"start":{"line":19,"column":14},"end":{"line":19,"column":64}}},"fnMap":{"0":{"name":"(anonymous_0)","decl":{"start":{"line":4,"column":4},"end":{"line":4,"column":5}},"loc":{"start":{"line":4,"column":13},"end":{"line":9,"column":3}},"line":4},"1":{"name":"(anonymous_1)","decl":{"start":{"line":11,"column":4},"end":{"line":11,"column":5}},"loc":{"start":{"line":12,"column":4},"end":{"line":17,"column":10}},"line":12},"2":{"name":"(anonymous_2)","decl":{"start":{"line":19,"column":4},"end":{"line":19,"column":5}},"loc":{"start":{"line":19,"column":14},"end":{"line":19,"column":64}},"line":19}},"branchMap":{"0":{"loc":{"start":{"line":12,"column":4},"end":{"line":17,"column":10}},"type":"cond-expr","locations":[{"start":{"line":13,"column":8},"end":{"line":16,"column":5}},{"start":{"line":17,"column":8},"end":{"line":17,"column":10}}],"line":12},"1":{"loc":{"start":{"line":19,"column":14},"end":{"line":19,"column":64}},"type":"cond-expr","locations":[{"start":{"line":19,"column":38},"end":{"line":19,"column":59}},{"start":{"line":19,"column":62},"end":{"line":19,"column":64}}],"line":19}},"s":{"0":1,"1":0,"2":0,"3":0},"f":{"0":0,"1":0,"2":0},"b":{"0":[0,0],"1":[0,0]},"_coverageSchema":"43e27e138ebf9cfc5966b082cf9a028302ed4184","hash":"7a74232ccb16d9320c7e9d6c14790ceb6cadf643"},"C:\\Users\\rohkumar30\\Desktop\\Ramp-up-learning\\atomic-react-components\\lib\\components\\molecules\\List\\index.js":{"path":"C:\\Users\\rohkumar30\\Desktop\\Ramp-up-learning\\atomic-react-components\\lib\\components\\molecules\\List\\index.js","statementMap":{},"fnMap":{},"branchMap":{},"s":{},"f":{},"b":{},"_coverageSchema":"43e27e138ebf9cfc5966b082cf9a028302ed4184","hash":"3bec10419d986e02c0455c03ab68e327a56fa1b4"},"C:\\Users\\rohkumar30\\Desktop\\Ramp-up-learning\\atomic-react-components\\lib\\components\\molecules\\List\\List.js":{"path":"C:\\Users\\rohkumar30\\Desktop\\Ramp-up-learning\\atomic-react-components\\lib\\components\\molecules\\List\\List.js","statementMap":{"0":{"start":{"line":26,"column":13},"end":{"line":30,"column":1}},"1":{"start":{"line":27,"column":2},"end":{"line":29,"column":13}},"2":{"start":{"line":32,"column":0},"end":{"line":41,"column":2}}},"fnMap":{"0":{"name":"(anonymous_0)","decl":{"start":{"line":26,"column":13},"end":{"line":26,"column":14}},"loc":{"start":{"line":27,"column":2},"end":{"line":29,"column":13}},"line":27}},"branchMap":{"0":{"loc":{"start":{"line":26,"column":27},"end":{"line":26,"column":42}},"type":"default-arg","locations":[{"start":{"line":26,"column":38},"end":{"line":26,"column":42}}],"line":26}},"s":{"0":1,"1":0,"2":1},"f":{"0":0},"b":{"0":[0]},"_coverageSchema":"43e27e138ebf9cfc5966b082cf9a028302ed4184","hash":"f449335699a73fab69316fdcfdf79d2cd2b75279"},"C:\\Users\\rohkumar30\\Desktop\\Ramp-up-learning\\atomic-react-components\\lib\\components\\molecules\\List\\List.style.js":{"path":"C:\\Users\\rohkumar30\\Desktop\\Ramp-up-learning\\atomic-react-components\\lib\\components\\molecules\\List\\List.style.js","statementMap":{"0":{"start":{"line":4,"column":25},"end":{"line":4,"column":51}},"1":{"start":{"line":6,"column":30},"end":{"line":6,"column":56}},"2":{"start":{"line":9,"column":4},"end":{"line":15,"column":10}},"3":{"start":{"line":18,"column":4},"end":{"line":24,"column":10}},"4":{"start":{"line":27,"column":4},"end":{"line":32,"column":10}},"5":{"start":{"line":35,"column":4},"end":{"line":42,"column":10}},"6":{"start":{"line":45,"column":4},"end":{"line":61,"column":10}},"7":{"start":{"line":63,"column":14},"end":{"line":63,"column":64}}},"fnMap":{"0":{"name":"(anonymous_0)","decl":{"start":{"line":4,"column":16},"end":{"line":4,"column":17}},"loc":{"start":{"line":4,"column":25},"end":{"line":4,"column":51}},"line":4},"1":{"name":"(anonymous_1)","decl":{"start":{"line":6,"column":21},"end":{"line":6,"column":22}},"loc":{"start":{"line":6,"column":30},"end":{"line":6,"column":56}},"line":6},"2":{"name":"(anonymous_2)","decl":{"start":{"line":8,"column":4},"end":{"line":8,"column":5}},"loc":{"start":{"line":9,"column":4},"end":{"line":15,"column":10}},"line":9},"3":{"name":"(anonymous_3)","decl":{"start":{"line":17,"column":4},"end":{"line":17,"column":5}},"loc":{"start":{"line":18,"column":4},"end":{"line":24,"column":10}},"line":18},"4":{"name":"(anonymous_4)","decl":{"start":{"line":26,"column":4},"end":{"line":26,"column":5}},"loc":{"start":{"line":27,"column":4},"end":{"line":32,"column":10}},"line":27},"5":{"name":"(anonymous_5)","decl":{"start":{"line":34,"column":4},"end":{"line":34,"column":5}},"loc":{"start":{"line":35,"column":4},"end":{"line":42,"column":10}},"line":35},"6":{"name":"(anonymous_6)","decl":{"start":{"line":44,"column":4},"end":{"line":44,"column":5}},"loc":{"start":{"line":45,"column":4},"end":{"line":61,"column":10}},"line":45},"7":{"name":"(anonymous_7)","decl":{"start":{"line":63,"column":4},"end":{"line":63,"column":5}},"loc":{"start":{"line":63,"column":14},"end":{"line":63,"column":64}},"line":63}},"branchMap":{"0":{"loc":{"start":{"line":9,"column":4},"end":{"line":15,"column":10}},"type":"cond-expr","locations":[{"start":{"line":10,"column":8},"end":{"line":14,"column":7}},{"start":{"line":15,"column":8},"end":{"line":15,"column":10}}],"line":9},"1":{"loc":{"start":{"line":18,"column":4},"end":{"line":24,"column":10}},"type":"cond-expr","locations":[{"start":{"line":19,"column":8},"end":{"line":23,"column":7}},{"start":{"line":24,"column":8},"end":{"line":24,"column":10}}],"line":18},"2":{"loc":{"start":{"line":27,"column":4},"end":{"line":32,"column":10}},"type":"cond-expr","locations":[{"start":{"line":28,"column":8},"end":{"line":31,"column":7}},{"start":{"line":32,"column":8},"end":{"line":32,"column":10}}],"line":27},"3":{"loc":{"start":{"line":35,"column":4},"end":{"line":42,"column":10}},"type":"cond-expr","locations":[{"start":{"line":36,"column":8},"end":{"line":41,"column":7}},{"start":{"line":42,"column":8},"end":{"line":42,"column":10}}],"line":35},"4":{"loc":{"start":{"line":45,"column":4},"end":{"line":61,"column":10}},"type":"cond-expr","locations":[{"start":{"line":46,"column":8},"end":{"line":60,"column":7}},{"start":{"line":61,"column":8},"end":{"line":61,"column":10}}],"line":45},"5":{"loc":{"start":{"line":63,"column":14},"end":{"line":63,"column":64}},"type":"cond-expr","locations":[{"start":{"line":63,"column":38},"end":{"line":63,"column":59}},{"start":{"line":63,"column":62},"end":{"line":63,"column":64}}],"line":63}},"s":{"0":0,"1":0,"2":0,"3":0,"4":0,"5":0,"6":0,"7":0},"f":{"0":0,"1":0,"2":0,"3":0,"4":0,"5":0,"6":0,"7":0},"b":{"0":[0,0],"1":[0,0],"2":[0,0],"3":[0,0],"4":[0,0],"5":[0,0]},"_coverageSchema":"43e27e138ebf9cfc5966b082cf9a028302ed4184","hash":"dc2510864ec9e0d31ef734b01b2807610582cdd4"},"C:\\Users\\rohkumar30\\Desktop\\Ramp-up-learning\\atomic-react-components\\lib\\components\\molecules\\Typeahead\\constants.js":{"path":"C:\\Users\\rohkumar30\\Desktop\\Ramp-up-learning\\atomic-react-components\\lib\\components\\molecules\\Typeahead\\constants.js","statementMap":{"0":{"start":{"line":1,"column":25},"end":{"line":1,"column":26}},"1":{"start":{"line":2,"column":25},"end":{"line":2,"column":27}},"2":{"start":{"line":3,"column":24},"end":{"line":3,"column":26}},"3":{"start":{"line":4,"column":26},"end":{"line":4,"column":28}},"4":{"start":{"line":5,"column":22},"end":{"line":5,"column":24}}},"fnMap":{},"branchMap":{},"s":{"0":1,"1":1,"2":1,"3":1,"4":1},"f":{},"b":{},"_coverageSchema":"43e27e138ebf9cfc5966b082cf9a028302ed4184","hash":"19c95ac3a1107149da74efb0e8b7356a05fab11d"},"C:\\Users\\rohkumar30\\Desktop\\Ramp-up-learning\\atomic-react-components\\lib\\core\\utils\\getDisplayName.js":{"path":"C:\\Users\\rohkumar30\\Desktop\\Ramp-up-learning\\atomic-react-components\\lib\\core\\utils\\getDisplayName.js","statementMap":{"0":{"start":{"line":1,"column":30},"end":{"line":3,"column":1}},"1":{"start":{"line":2,"column":2},"end":{"line":2,"column":78}}},"fnMap":{"0":{"name":"(anonymous_0)","decl":{"start":{"line":1,"column":30},"end":{"line":1,"column":31}},"loc":{"start":{"line":1,"column":50},"end":{"line":3,"column":1}},"line":1}},"branchMap":{"0":{"loc":{"start":{"line":2,"column":9},"end":{"line":2,"column":77}},"type":"binary-expr","locations":[{"start":{"line":2,"column":9},"end":{"line":2,"column":37}},{"start":{"line":2,"column":41},"end":{"line":2,"column":62}},{"start":{"line":2,"column":66},"end":{"line":2,"column":77}}],"line":2}},"s":{"0":0,"1":0},"f":{"0":0},"b":{"0":[0,0,0]},"hash":"2dd6333b1fe9d33bf2a756ffbb81ee13f9efd421"},"C:\\Users\\rohkumar30\\Desktop\\Ramp-up-learning\\atomic-react-components\\lib\\core\\utils\\noop.js":{"path":"C:\\Users\\rohkumar30\\Desktop\\Ramp-up-learning\\atomic-react-components\\lib\\core\\utils\\noop.js","statementMap":{"0":{"start":{"line":1,"column":20},"end":{"line":1,"column":36}},"1":{"start":{"line":1,"column":26},"end":{"line":1,"column":36}},"2":{"start":{"line":1,"column":32},"end":{"line":1,"column":36}}},"fnMap":{"0":{"name":"(anonymous_0)","decl":{"start":{"line":1,"column":20},"end":{"line":1,"column":21}},"loc":{"start":{"line":1,"column":26},"end":{"line":1,"column":36}},"line":1},"1":{"name":"(anonymous_1)","decl":{"start":{"line":1,"column":26},"end":{"line":1,"column":27}},"loc":{"start":{"line":1,"column":32},"end":{"line":1,"column":36}},"line":1}},"branchMap":{},"s":{"0":0,"1":0,"2":0},"f":{"0":0,"1":0},"b":{},"hash":"61b9873e2cc348187acade23d38d0a995bc28587"},"C:\\Users\\rohkumar30\\Desktop\\Ramp-up-learning\\atomic-react-components\\lib\\core\\utils\\url.js":{"path":"C:\\Users\\rohkumar30\\Desktop\\Ramp-up-learning\\atomic-react-components\\lib\\core\\utils\\url.js","statementMap":{"0":{"start":{"line":1,"column":37},"end":{"line":8,"column":1}},"1":{"start":{"line":2,"column":22},"end":{"line":2,"column":24}},"2":{"start":{"line":3,"column":15},"end":{"line":3,"column":33}},"3":{"start":{"line":4,"column":2},"end":{"line":6,"column":3}},"4":{"start":{"line":4,"column":15},"end":{"line":4,"column":16}},"5":{"start":{"line":4,"column":22},"end":{"line":4,"column":33}},"6":{"start":{"line":5,"column":4},"end":{"line":5,"column":53}},"7":{"start":{"line":7,"column":2},"end":{"line":7,"column":31}},"8":{"start":{"line":10,"column":24},"end":{"line":20,"column":1}},"9":{"start":{"line":11,"column":2},"end":{"line":18,"column":3}},"10":{"start":{"line":12,"column":32},"end":{"line":12,"column":39}},"11":{"start":{"line":13,"column":14},"end":{"line":13,"column":22}},"12":{"start":{"line":14,"column":4},"end":{"line":16,"column":5}},"13":{"start":{"line":15,"column":6},"end":{"line":15,"column":48}},"14":{"start":{"line":17,"column":4},"end":{"line":17,"column":15}},"15":{"start":{"line":19,"column":2},"end":{"line":19,"column":17}}},"fnMap":{"0":{"name":"(anonymous_0)","decl":{"start":{"line":1,"column":37},"end":{"line":1,"column":38}},"loc":{"start":{"line":1,"column":53},"end":{"line":8,"column":1}},"line":1},"1":{"name":"(anonymous_1)","decl":{"start":{"line":10,"column":24},"end":{"line":10,"column":25}},"loc":{"start":{"line":10,"column":35},"end":{"line":20,"column":1}},"line":10}},"branchMap":{"0":{"loc":{"start":{"line":1,"column":38},"end":{"line":1,"column":48}},"type":"default-arg","locations":[{"start":{"line":1,"column":46},"end":{"line":1,"column":48}}],"line":1},"1":{"loc":{"start":{"line":11,"column":2},"end":{"line":18,"column":3}},"type":"if","locations":[{"start":{"line":11,"column":2},"end":{"line":18,"column":3}},{"start":{"line":11,"column":2},"end":{"line":18,"column":3}}],"line":11},"2":{"loc":{"start":{"line":14,"column":4},"end":{"line":16,"column":5}},"type":"if","locations":[{"start":{"line":14,"column":4},"end":{"line":16,"column":5}},{"start":{"line":14,"column":4},"end":{"line":16,"column":5}}],"line":14}},"s":{"0":0,"1":0,"2":0,"3":0,"4":0,"5":0,"6":0,"7":0,"8":0,"9":0,"10":0,"11":0,"12":0,"13":0,"14":0,"15":0},"f":{"0":0,"1":0},"b":{"0":[0],"1":[0,0],"2":[0,0]},"hash":"b5a253926b735b268a83f6a932dee1cf030ccabc"},"C:\\Users\\rohkumar30\\Desktop\\Ramp-up-learning\\atomic-react-components\\lib\\core\\utils\\buildValidationSchema.js":{"path":"C:\\Users\\rohkumar30\\Desktop\\Ramp-up-learning\\atomic-react-components\\lib\\core\\utils\\buildValidationSchema.js","statementMap":{"0":{"start":{"line":40,"column":27},"end":{"line":53,"column":1}},"1":{"start":{"line":41,"column":15},"end":{"line":41,"column":26}},"2":{"start":{"line":42,"column":25},"end":{"line":42,"column":42}},"3":{"start":{"line":45,"column":2},"end":{"line":50,"column":5}},"4":{"start":{"line":47,"column":6},"end":{"line":47,"column":84}},"5":{"start":{"line":49,"column":4},"end":{"line":49,"column":49}},"6":{"start":{"line":52,"column":2},"end":{"line":52,"column":16}},"7":{"start":{"line":59,"column":27},"end":{"line":74,"column":1}},"8":{"start":{"line":60,"column":17},"end":{"line":60,"column":19}},"9":{"start":{"line":61,"column":2},"end":{"line":73,"column":3}},"10":{"start":{"line":63,"column":25},"end":{"line":63,"column":47}},"11":{"start":{"line":65,"column":4},"end":{"line":68,"column":7}},"12":{"start":{"line":66,"column":20},"end":{"line":66,"column":40}},"13":{"start":{"line":67,"column":6},"end":{"line":67,"column":52}},"14":{"start":{"line":70,"column":4},"end":{"line":70,"column":38}},"15":{"start":{"line":72,"column":4},"end":{"line":72,"column":18}}},"fnMap":{"0":{"name":"(anonymous_0)","decl":{"start":{"line":40,"column":27},"end":{"line":40,"column":28}},"loc":{"start":{"line":40,"column":61},"end":{"line":53,"column":1}},"line":40},"1":{"name":"(anonymous_1)","decl":{"start":{"line":45,"column":25},"end":{"line":45,"column":26}},"loc":{"start":{"line":45,"column":38},"end":{"line":50,"column":3}},"line":45},"2":{"name":"(anonymous_2)","decl":{"start":{"line":59,"column":27},"end":{"line":59,"column":28}},"loc":{"start":{"line":59,"column":50},"end":{"line":74,"column":1}},"line":59},"3":{"name":"(anonymous_3)","decl":{"start":{"line":65,"column":25},"end":{"line":65,"column":26}},"loc":{"start":{"line":65,"column":38},"end":{"line":68,"column":5}},"line":65}},"branchMap":{"0":{"loc":{"start":{"line":40,"column":30},"end":{"line":40,"column":45}},"type":"default-arg","locations":[{"start":{"line":40,"column":37},"end":{"line":40,"column":45}}],"line":40},"1":{"loc":{"start":{"line":47,"column":6},"end":{"line":47,"column":84}},"type":"cond-expr","locations":[{"start":{"line":47,"column":44},"end":{"line":47,"column":66}},{"start":{"line":47,"column":69},"end":{"line":47,"column":84}}],"line":47}},"s":{"0":0,"1":0,"2":0,"3":0,"4":0,"5":0,"6":0,"7":0,"8":0,"9":0,"10":0,"11":0,"12":0,"13":0,"14":0,"15":0},"f":{"0":0,"1":0,"2":0,"3":0},"b":{"0":[0],"1":[0,0]},"hash":"4ddc0bbdfeee81cb4b3a09b79b9467e0e0ee2320"},"C:\\Users\\rohkumar30\\Desktop\\Ramp-up-learning\\atomic-react-components\\lib\\core\\utils\\elementLocator.js":{"path":"C:\\Users\\rohkumar30\\Desktop\\Ramp-up-learning\\atomic-react-components\\lib\\core\\utils\\elementLocator.js","statementMap":{"0":{"start":{"line":4,"column":36},"end":{"line":20,"column":1}},"1":{"start":{"line":5,"column":14},"end":{"line":5,"column":16}},"2":{"start":{"line":7,"column":2},"end":{"line":18,"column":5}},"3":{"start":{"line":8,"column":24},"end":{"line":8,"column":29}},"4":{"start":{"line":10,"column":4},"end":{"line":16,"column":5}},"5":{"start":{"line":11,"column":6},"end":{"line":15,"column":9}},"6":{"start":{"line":12,"column":8},"end":{"line":12,"column":78}},"7":{"start":{"line":13,"column":8},"end":{"line":13,"column":51}},"8":{"start":{"line":13,"column":30},"end":{"line":13,"column":51}},"9":{"start":{"line":14,"column":8},"end":{"line":14,"column":29}},"10":{"start":{"line":17,"column":4},"end":{"line":17,"column":45}},"11":{"start":{"line":19,"column":2},"end":{"line":19,"column":29}}},"fnMap":{"0":{"name":"(anonymous_0)","decl":{"start":{"line":4,"column":36},"end":{"line":4,"column":37}},"loc":{"start":{"line":4,"column":48},"end":{"line":20,"column":1}},"line":4},"1":{"name":"(anonymous_1)","decl":{"start":{"line":7,"column":34},"end":{"line":7,"column":35}},"loc":{"start":{"line":7,"column":57},"end":{"line":18,"column":3}},"line":7},"2":{"name":"(anonymous_2)","decl":{"start":{"line":11,"column":28},"end":{"line":11,"column":29}},"loc":{"start":{"line":11,"column":51},"end":{"line":15,"column":7}},"line":11}},"branchMap":{"0":{"loc":{"start":{"line":10,"column":4},"end":{"line":16,"column":5}},"type":"if","locations":[{"start":{"line":10,"column":4},"end":{"line":16,"column":5}},{"start":{"line":10,"column":4},"end":{"line":16,"column":5}}],"line":10},"1":{"loc":{"start":{"line":12,"column":20},"end":{"line":12,"column":67}},"type":"cond-expr","locations":[{"start":{"line":12,"column":59},"end":{"line":12,"column":61}},{"start":{"line":12,"column":64},"end":{"line":12,"column":67}}],"line":12},"2":{"loc":{"start":{"line":12,"column":20},"end":{"line":12,"column":56}},"type":"binary-expr","locations":[{"start":{"line":12,"column":20},"end":{"line":12,"column":36}},{"start":{"line":12,"column":40},"end":{"line":12,"column":56}}],"line":12},"3":{"loc":{"start":{"line":13,"column":8},"end":{"line":13,"column":51}},"type":"if","locations":[{"start":{"line":13,"column":8},"end":{"line":13,"column":51}},{"start":{"line":13,"column":8},"end":{"line":13,"column":51}}],"line":13},"4":{"loc":{"start":{"line":17,"column":11},"end":{"line":17,"column":44}},"type":"binary-expr","locations":[{"start":{"line":17,"column":11},"end":{"line":17,"column":24}},{"start":{"line":17,"column":28},"end":{"line":17,"column":44}}],"line":17}},"s":{"0":0,"1":0,"2":0,"3":0,"4":0,"5":0,"6":0,"7":0,"8":0,"9":0,"10":0,"11":0},"f":{"0":0,"1":0,"2":0},"b":{"0":[0,0],"1":[0,0],"2":[0,0],"3":[0,0],"4":[0,0]},"hash":"73992734b0524dbce728ddb92b3a7c7e9aa9be5e"},"C:\\Users\\rohkumar30\\Desktop\\Ramp-up-learning\\atomic-react-components\\lib\\components\\atoms\\Button\\Button.style.js":{"path":"C:\\Users\\rohkumar30\\Desktop\\Ramp-up-learning\\atomic-react-components\\lib\\components\\atoms\\Button\\Button.style.js","statementMap":{"0":{"start":{"line":3,"column":21},"end":{"line":29,"column":1}},"1":{"start":{"line":8,"column":22},"end":{"line":8,"column":64}},"2":{"start":{"line":9,"column":13},"end":{"line":13,"column":3}},"3":{"start":{"line":14,"column":13},"end":{"line":14,"column":69}},"4":{"start":{"line":16,"column":4},"end":{"line":21,"column":10}},"5":{"start":{"line":22,"column":13},"end":{"line":22,"column":48}},"6":{"start":{"line":28,"column":14},"end":{"line":28,"column":64}}},"fnMap":{"0":{"name":"(anonymous_0)","decl":{"start":{"line":8,"column":12},"end":{"line":8,"column":13}},"loc":{"start":{"line":8,"column":22},"end":{"line":8,"column":64}},"line":8},"1":{"name":"(anonymous_1)","decl":{"start":{"line":9,"column":4},"end":{"line":9,"column":5}},"loc":{"start":{"line":9,"column":13},"end":{"line":13,"column":3}},"line":9},"2":{"name":"(anonymous_2)","decl":{"start":{"line":14,"column":4},"end":{"line":14,"column":5}},"loc":{"start":{"line":14,"column":13},"end":{"line":14,"column":69}},"line":14},"3":{"name":"(anonymous_3)","decl":{"start":{"line":15,"column":4},"end":{"line":15,"column":5}},"loc":{"start":{"line":16,"column":4},"end":{"line":21,"column":10}},"line":16},"4":{"name":"(anonymous_4)","decl":{"start":{"line":22,"column":4},"end":{"line":22,"column":5}},"loc":{"start":{"line":22,"column":13},"end":{"line":22,"column":48}},"line":22},"5":{"name":"(anonymous_5)","decl":{"start":{"line":28,"column":4},"end":{"line":28,"column":5}},"loc":{"start":{"line":28,"column":14},"end":{"line":28,"column":64}},"line":28}},"branchMap":{"0":{"loc":{"start":{"line":8,"column":22},"end":{"line":8,"column":64}},"type":"cond-expr","locations":[{"start":{"line":8,"column":39},"end":{"line":8,"column":52}},{"start":{"line":8,"column":55},"end":{"line":8,"column":64}}],"line":8},"1":{"loc":{"start":{"line":14,"column":13},"end":{"line":14,"column":69}},"type":"binary-expr","locations":[{"start":{"line":14,"column":13},"end":{"line":14,"column":28}},{"start":{"line":14,"column":32},"end":{"line":14,"column":69}}],"line":14},"2":{"loc":{"start":{"line":16,"column":4},"end":{"line":21,"column":10}},"type":"cond-expr","locations":[{"start":{"line":17,"column":8},"end":{"line":20,"column":3}},{"start":{"line":21,"column":8},"end":{"line":21,"column":10}}],"line":16},"3":{"loc":{"start":{"line":22,"column":13},"end":{"line":22,"column":48}},"type":"binary-expr","locations":[{"start":{"line":22,"column":13},"end":{"line":22,"column":28}},{"start":{"line":22,"column":32},"end":{"line":22,"column":48}}],"line":22},"4":{"loc":{"start":{"line":28,"column":14},"end":{"line":28,"column":64}},"type":"cond-expr","locations":[{"start":{"line":28,"column":38},"end":{"line":28,"column":59}},{"start":{"line":28,"column":62},"end":{"line":28,"column":64}}],"line":28}},"s":{"0":0,"1":0,"2":0,"3":0,"4":0,"5":0,"6":0},"f":{"0":0,"1":0,"2":0,"3":0,"4":0,"5":0},"b":{"0":[0,0],"1":[0,0],"2":[0,0],"3":[0,0],"4":[0,0]},"hash":"42714a4792bb037cbe0335398abce0229ddcacaf"},"C:\\Users\\rohkumar30\\Desktop\\Ramp-up-learning\\atomic-react-components\\lib\\components\\atoms\\Button\\Button.js":{"path":"C:\\Users\\rohkumar30\\Desktop\\Ramp-up-learning\\atomic-react-components\\lib\\components\\atoms\\Button\\Button.js","statementMap":{"0":{"start":{"line":22,"column":15},"end":{"line":45,"column":1}},"1":{"start":{"line":35,"column":2},"end":{"line":44,"column":11}},"2":{"start":{"line":47,"column":0},"end":{"line":57,"column":2}}},"fnMap":{"0":{"name":"(anonymous_0)","decl":{"start":{"line":22,"column":15},"end":{"line":22,"column":16}},"loc":{"start":{"line":35,"column":2},"end":{"line":44,"column":11}},"line":35}},"branchMap":{"0":{"loc":{"start":{"line":36,"column":16},"end":{"line":36,"column":33}},"type":"binary-expr","locations":[{"start":{"line":36,"column":16},"end":{"line":36,"column":25}},{"start":{"line":36,"column":29},"end":{"line":36,"column":33}}],"line":36},"1":{"loc":{"start":{"line":40,"column":18},"end":{"line":40,"column":86}},"type":"binary-expr","locations":[{"start":{"line":40,"column":18},"end":{"line":40,"column":32}},{"start":{"line":40,"column":36},"end":{"line":40,"column":86}}],"line":40}},"s":{"0":0,"1":0,"2":0},"f":{"0":0},"b":{"0":[0,0],"1":[0,0]},"hash":"4c2d08c4987b470255e6f201c2bc0095fe625f63"},"C:\\Users\\rohkumar30\\Desktop\\Ramp-up-learning\\atomic-react-components\\lib\\components\\atoms\\Button\\index.js":{"path":"C:\\Users\\rohkumar30\\Desktop\\Ramp-up-learning\\atomic-react-components\\lib\\components\\atoms\\Button\\index.js","statementMap":{},"fnMap":{},"branchMap":{},"s":{},"f":{},"b":{},"hash":"8188d52933423b4458e4035e158f86f760a5e41c"},"C:\\Users\\rohkumar30\\Desktop\\Ramp-up-learning\\atomic-react-components\\lib\\components\\atoms\\Heading\\index.js":{"path":"C:\\Users\\rohkumar30\\Desktop\\Ramp-up-learning\\atomic-react-components\\lib\\components\\atoms\\Heading\\index.js","statementMap":{},"fnMap":{},"branchMap":{},"s":{},"f":{},"b":{},"hash":"3f4921f98cd1394980f5dbbcfc2c4bb4089351d1"},"C:\\Users\\rohkumar30\\Desktop\\Ramp-up-learning\\atomic-react-components\\lib\\components\\atoms\\Heading\\Heading.js":{"path":"C:\\Users\\rohkumar30\\Desktop\\Ramp-up-learning\\atomic-react-components\\lib\\components\\atoms\\Heading\\Heading.js","statementMap":{"0":{"start":{"line":17,"column":16},"end":{"line":32,"column":1}},"1":{"start":{"line":25,"column":2},"end":{"line":31,"column":16}},"2":{"start":{"line":34,"column":0},"end":{"line":38,"column":2}}},"fnMap":{"0":{"name":"(anonymous_0)","decl":{"start":{"line":17,"column":16},"end":{"line":17,"column":17}},"loc":{"start":{"line":25,"column":2},"end":{"line":31,"column":16}},"line":25}},"branchMap":{"0":{"loc":{"start":{"line":20,"column":2},"end":{"line":20,"column":20}},"type":"default-arg","locations":[{"start":{"line":20,"column":16},"end":{"line":20,"column":20}}],"line":20},"1":{"loc":{"start":{"line":27,"column":18},"end":{"line":27,"column":94}},"type":"binary-expr","locations":[{"start":{"line":27,"column":18},"end":{"line":27,"column":32}},{"start":{"line":27,"column":36},"end":{"line":27,"column":94}}],"line":27}},"s":{"0":0,"1":0,"2":0},"f":{"0":0},"b":{"0":[0],"1":[0,0]},"hash":"2beb30bfad7e8c74079c28f192838c2673ca18f1"},"C:\\Users\\rohkumar30\\Desktop\\Ramp-up-learning\\atomic-react-components\\lib\\components\\atoms\\Heading\\Heading.style.js":{"path":"C:\\Users\\rohkumar30\\Desktop\\Ramp-up-learning\\atomic-react-components\\lib\\components\\atoms\\Heading\\Heading.style.js","statementMap":{"0":{"start":{"line":5,"column":4},"end":{"line":16,"column":5}},"1":{"start":{"line":7,"column":8},"end":{"line":7,"column":46}},"2":{"start":{"line":9,"column":8},"end":{"line":9,"column":46}},"3":{"start":{"line":11,"column":8},"end":{"line":11,"column":46}},"4":{"start":{"line":13,"column":8},"end":{"line":13,"column":46}},"5":{"start":{"line":15,"column":8},"end":{"line":15,"column":51}},"6":{"start":{"line":18,"column":14},"end":{"line":18,"column":64}}},"fnMap":{"0":{"name":"(anonymous_0)","decl":{"start":{"line":4,"column":4},"end":{"line":4,"column":5}},"loc":{"start":{"line":4,"column":13},"end":{"line":17,"column":3}},"line":4},"1":{"name":"(anonymous_1)","decl":{"start":{"line":18,"column":4},"end":{"line":18,"column":5}},"loc":{"start":{"line":18,"column":14},"end":{"line":18,"column":64}},"line":18}},"branchMap":{"0":{"loc":{"start":{"line":5,"column":4},"end":{"line":16,"column":5}},"type":"switch","locations":[{"start":{"line":6,"column":6},"end":{"line":7,"column":46}},{"start":{"line":8,"column":6},"end":{"line":9,"column":46}},{"start":{"line":10,"column":6},"end":{"line":11,"column":46}},{"start":{"line":12,"column":6},"end":{"line":13,"column":46}},{"start":{"line":14,"column":6},"end":{"line":15,"column":51}}],"line":5},"1":{"loc":{"start":{"line":18,"column":14},"end":{"line":18,"column":64}},"type":"cond-expr","locations":[{"start":{"line":18,"column":38},"end":{"line":18,"column":59}},{"start":{"line":18,"column":62},"end":{"line":18,"column":64}}],"line":18}},"s":{"0":0,"1":0,"2":0,"3":0,"4":0,"5":0,"6":0},"f":{"0":0,"1":0},"b":{"0":[0,0,0,0,0],"1":[0,0]},"hash":"abb1e9496acd6c9e5dea4f891068fdb5dce91837"},"C:\\Users\\rohkumar30\\Desktop\\Ramp-up-learning\\atomic-react-components\\lib\\components\\atoms\\FieldError\\index.js":{"path":"C:\\Users\\rohkumar30\\Desktop\\Ramp-up-learning\\atomic-react-components\\lib\\components\\atoms\\FieldError\\index.js","statementMap":{},"fnMap":{},"branchMap":{},"s":{},"f":{},"b":{},"hash":"18a4950067752c0f53d586018f8ae90db8f06123"},"C:\\Users\\rohkumar30\\Desktop\\Ramp-up-learning\\atomic-react-components\\lib\\components\\atoms\\FieldError\\FieldError.style.js":{"path":"C:\\Users\\rohkumar30\\Desktop\\Ramp-up-learning\\atomic-react-components\\lib\\components\\atoms\\FieldError\\FieldError.style.js","statementMap":{"0":{"start":{"line":3,"column":15},"end":{"line":10,"column":1}},"1":{"start":{"line":4,"column":13},"end":{"line":4,"column":46}},"2":{"start":{"line":5,"column":13},"end":{"line":5,"column":42}},"3":{"start":{"line":9,"column":14},"end":{"line":9,"column":64}}},"fnMap":{"0":{"name":"(anonymous_0)","decl":{"start":{"line":4,"column":4},"end":{"line":4,"column":5}},"loc":{"start":{"line":4,"column":13},"end":{"line":4,"column":46}},"line":4},"1":{"name":"(anonymous_1)","decl":{"start":{"line":5,"column":4},"end":{"line":5,"column":5}},"loc":{"start":{"line":5,"column":13},"end":{"line":5,"column":42}},"line":5},"2":{"name":"(anonymous_2)","decl":{"start":{"line":9,"column":4},"end":{"line":9,"column":5}},"loc":{"start":{"line":9,"column":14},"end":{"line":9,"column":64}},"line":9}},"branchMap":{"0":{"loc":{"start":{"line":9,"column":14},"end":{"line":9,"column":64}},"type":"cond-expr","locations":[{"start":{"line":9,"column":38},"end":{"line":9,"column":59}},{"start":{"line":9,"column":62},"end":{"line":9,"column":64}}],"line":9}},"s":{"0":0,"1":0,"2":0,"3":0},"f":{"0":0,"1":0,"2":0},"b":{"0":[0,0]},"hash":"b0d1d1eddb9f27522542946de1709e0f56384b3f"},"C:\\Users\\rohkumar30\\Desktop\\Ramp-up-learning\\atomic-react-components\\lib\\components\\atoms\\Anchor\\index.js":{"path":"C:\\Users\\rohkumar30\\Desktop\\Ramp-up-learning\\atomic-react-components\\lib\\components\\atoms\\Anchor\\index.js","statementMap":{},"fnMap":{},"branchMap":{},"s":{},"f":{},"b":{},"hash":"8ca1324c0824072b22ce6afbd0b05f0366d71972"},"C:\\Users\\rohkumar30\\Desktop\\Ramp-up-learning\\atomic-react-components\\lib\\components\\atoms\\Anchor\\Anchor.style.js":{"path":"C:\\Users\\rohkumar30\\Desktop\\Ramp-up-learning\\atomic-react-components\\lib\\components\\atoms\\Anchor\\Anchor.style.js","statementMap":{"0":{"start":{"line":5,"column":13},"end":{"line":5,"column":50}},"1":{"start":{"line":6,"column":13},"end":{"line":6,"column":44}},"2":{"start":{"line":7,"column":13},"end":{"line":7,"column":45}},"3":{"start":{"line":9,"column":15},"end":{"line":9,"column":45}},"4":{"start":{"line":14,"column":14},"end":{"line":14,"column":64}}},"fnMap":{"0":{"name":"(anonymous_0)","decl":{"start":{"line":5,"column":4},"end":{"line":5,"column":5}},"loc":{"start":{"line":5,"column":13},"end":{"line":5,"column":50}},"line":5},"1":{"name":"(anonymous_1)","decl":{"start":{"line":6,"column":4},"end":{"line":6,"column":5}},"loc":{"start":{"line":6,"column":13},"end":{"line":6,"column":44}},"line":6},"2":{"name":"(anonymous_2)","decl":{"start":{"line":7,"column":4},"end":{"line":7,"column":5}},"loc":{"start":{"line":7,"column":13},"end":{"line":7,"column":45}},"line":7},"3":{"name":"(anonymous_3)","decl":{"start":{"line":9,"column":6},"end":{"line":9,"column":7}},"loc":{"start":{"line":9,"column":15},"end":{"line":9,"column":45}},"line":9},"4":{"name":"(anonymous_4)","decl":{"start":{"line":14,"column":4},"end":{"line":14,"column":5}},"loc":{"start":{"line":14,"column":14},"end":{"line":14,"column":64}},"line":14}},"branchMap":{"0":{"loc":{"start":{"line":14,"column":14},"end":{"line":14,"column":64}},"type":"cond-expr","locations":[{"start":{"line":14,"column":38},"end":{"line":14,"column":59}},{"start":{"line":14,"column":62},"end":{"line":14,"column":64}}],"line":14}},"s":{"0":0,"1":0,"2":0,"3":0,"4":0},"f":{"0":0,"1":0,"2":0,"3":0,"4":0},"b":{"0":[0,0]},"hash":"e015e725d327780e2f65d952296faace4567cae7"},"C:\\Users\\rohkumar30\\Desktop\\Ramp-up-learning\\atomic-react-components\\lib\\components\\atoms\\Anchor\\Anchor.js":{"path":"C:\\Users\\rohkumar30\\Desktop\\Ramp-up-learning\\atomic-react-components\\lib\\components\\atoms\\Anchor\\Anchor.js","statementMap":{"0":{"start":{"line":24,"column":15},"end":{"line":48,"column":1}},"1":{"start":{"line":38,"column":2},"end":{"line":47,"column":6}},"2":{"start":{"line":50,"column":0},"end":{"line":60,"column":2}}},"fnMap":{"0":{"name":"(anonymous_0)","decl":{"start":{"line":24,"column":15},"end":{"line":24,"column":16}},"loc":{"start":{"line":38,"column":2},"end":{"line":47,"column":6}},"line":38},"1":{"name":"(anonymous_1)","decl":{"start":{"line":59,"column":19},"end":{"line":59,"column":20}},"loc":{"start":{"line":59,"column":25},"end":{"line":59,"column":27}},"line":59}},"branchMap":{"0":{"loc":{"start":{"line":43,"column":18},"end":{"line":43,"column":76}},"type":"binary-expr","locations":[{"start":{"line":43,"column":18},"end":{"line":43,"column":32}},{"start":{"line":43,"column":36},"end":{"line":43,"column":76}}],"line":43}},"s":{"0":0,"1":0,"2":0},"f":{"0":0,"1":0},"b":{"0":[0,0]},"hash":"17daf83fea0dd1b469dda0db1df8571872c81d7d"},"C:\\Users\\rohkumar30\\Desktop\\Ramp-up-learning\\atomic-react-components\\lib\\components\\atoms\\FieldError\\FieldError.js":{"path":"C:\\Users\\rohkumar30\\Desktop\\Ramp-up-learning\\atomic-react-components\\lib\\components\\atoms\\FieldError\\FieldError.js","statementMap":{"0":{"start":{"line":17,"column":19},"end":{"line":37,"column":1}},"1":{"start":{"line":25,"column":2},"end":{"line":36,"column":4}},"2":{"start":{"line":39,"column":0},"end":{"line":44,"column":2}}},"fnMap":{"0":{"name":"(anonymous_0)","decl":{"start":{"line":17,"column":19},"end":{"line":17,"column":20}},"loc":{"start":{"line":24,"column":19},"end":{"line":37,"column":1}},"line":24}},"branchMap":{"0":{"loc":{"start":{"line":30,"column":20},"end":{"line":30,"column":59}},"type":"cond-expr","locations":[{"start":{"line":30,"column":33},"end":{"line":30,"column":54}},{"start":{"line":30,"column":57},"end":{"line":30,"column":59}}],"line":30},"1":{"loc":{"start":{"line":31,"column":20},"end":{"line":31,"column":85}},"type":"binary-expr","locations":[{"start":{"line":31,"column":20},"end":{"line":31,"column":34}},{"start":{"line":31,"column":38},"end":{"line":31,"column":85}}],"line":31}},"s":{"0":0,"1":0,"2":0},"f":{"0":0},"b":{"0":[0,0],"1":[0,0]},"hash":"21d30d99e34f8cd6a924be2d8bacb6c6393f1bf4"},"C:\\Users\\rohkumar30\\Desktop\\Ramp-up-learning\\atomic-react-components\\lib\\components\\atoms\\Image\\Image.js":{"path":"C:\\Users\\rohkumar30\\Desktop\\Ramp-up-learning\\atomic-react-components\\lib\\components\\atoms\\Image\\Image.js","statementMap":{"0":{"start":{"line":22,"column":14},"end":{"line":54,"column":1}},"1":{"start":{"line":35,"column":2},"end":{"line":53,"column":4}},"2":{"start":{"line":49,"column":12},"end":{"line":49,"column":46}},"3":{"start":{"line":56,"column":0},"end":{"line":63,"column":2}}},"fnMap":{"0":{"name":"(anonymous_0)","decl":{"start":{"line":22,"column":14},"end":{"line":22,"column":15}},"loc":{"start":{"line":35,"column":2},"end":{"line":53,"column":4}},"line":35},"1":{"name":"(anonymous_1)","decl":{"start":{"line":47,"column":10},"end":{"line":47,"column":11}},"loc":{"start":{"line":47,"column":19},"end":{"line":50,"column":11}},"line":47}},"branchMap":{"0":{"loc":{"start":{"line":38,"column":12},"end":{"line":38,"column":26}},"type":"binary-expr","locations":[{"start":{"line":38,"column":12},"end":{"line":38,"column":18}},{"start":{"line":38,"column":22},"end":{"line":38,"column":26}}],"line":38},"1":{"loc":{"start":{"line":39,"column":11},"end":{"line":39,"column":24}},"type":"binary-expr","locations":[{"start":{"line":39,"column":11},"end":{"line":39,"column":16}},{"start":{"line":39,"column":20},"end":{"line":39,"column":24}}],"line":39},"2":{"loc":{"start":{"line":43,"column":18},"end":{"line":43,"column":72}},"type":"binary-expr","locations":[{"start":{"line":43,"column":18},"end":{"line":43,"column":32}},{"start":{"line":43,"column":36},"end":{"line":43,"column":72}}],"line":43},"3":{"loc":{"start":{"line":46,"column":6},"end":{"line":51,"column":14}},"type":"cond-expr","locations":[{"start":{"line":47,"column":10},"end":{"line":50,"column":11}},{"start":{"line":51,"column":10},"end":{"line":51,"column":14}}],"line":46}},"s":{"0":0,"1":0,"2":0,"3":0},"f":{"0":0,"1":0},"b":{"0":[0,0],"1":[0,0],"2":[0,0],"3":[0,0]},"hash":"a017b199ce4b692adb505b1bc9e9eea14a348046"},"C:\\Users\\rohkumar30\\Desktop\\Ramp-up-learning\\atomic-react-components\\lib\\components\\atoms\\Image\\index.js":{"path":"C:\\Users\\rohkumar30\\Desktop\\Ramp-up-learning\\atomic-react-components\\lib\\components\\atoms\\Image\\index.js","statementMap":{},"fnMap":{},"branchMap":{},"s":{},"f":{},"b":{},"hash":"0ffdfcce4e5ad70995c162ba91a00d2735084ebc"},"C:\\Users\\rohkumar30\\Desktop\\Ramp-up-learning\\atomic-react-components\\lib\\components\\atoms\\Label\\index.js":{"path":"C:\\Users\\rohkumar30\\Desktop\\Ramp-up-learning\\atomic-react-components\\lib\\components\\atoms\\Label\\index.js","statementMap":{},"fnMap":{},"branchMap":{},"s":{},"f":{},"b":{},"hash":"2960509843f9583384dcab0164156fbfe9ace4b6"},"C:\\Users\\rohkumar30\\Desktop\\Ramp-up-learning\\atomic-react-components\\lib\\components\\atoms\\Image\\Image.style.js":{"path":"C:\\Users\\rohkumar30\\Desktop\\Ramp-up-learning\\atomic-react-components\\lib\\components\\atoms\\Image\\Image.style.js","statementMap":{"0":{"start":{"line":3,"column":20},"end":{"line":7,"column":1}},"1":{"start":{"line":6,"column":14},"end":{"line":6,"column":64}}},"fnMap":{"0":{"name":"(anonymous_0)","decl":{"start":{"line":6,"column":4},"end":{"line":6,"column":5}},"loc":{"start":{"line":6,"column":14},"end":{"line":6,"column":64}},"line":6}},"branchMap":{"0":{"loc":{"start":{"line":6,"column":14},"end":{"line":6,"column":64}},"type":"cond-expr","locations":[{"start":{"line":6,"column":38},"end":{"line":6,"column":59}},{"start":{"line":6,"column":62},"end":{"line":6,"column":64}}],"line":6}},"s":{"0":0,"1":0},"f":{"0":0},"b":{"0":[0,0]},"hash":"46301cef90308924d2388e16743aad6100fe4d88"},"C:\\Users\\rohkumar30\\Desktop\\Ramp-up-learning\\atomic-react-components\\lib\\components\\atoms\\Label\\Label.js":{"path":"C:\\Users\\rohkumar30\\Desktop\\Ramp-up-learning\\atomic-react-components\\lib\\components\\atoms\\Label\\Label.js","statementMap":{"0":{"start":{"line":14,"column":14},"end":{"line":25,"column":1}},"1":{"start":{"line":17,"column":2},"end":{"line":24,"column":10}},"2":{"start":{"line":27,"column":0},"end":{"line":30,"column":2}}},"fnMap":{"0":{"name":"(anonymous_0)","decl":{"start":{"line":14,"column":14},"end":{"line":14,"column":15}},"loc":{"start":{"line":17,"column":2},"end":{"line":24,"column":10}},"line":17}},"branchMap":{"0":{"loc":{"start":{"line":20,"column":18},"end":{"line":20,"column":88}},"type":"binary-expr","locations":[{"start":{"line":20,"column":18},"end":{"line":20,"column":32}},{"start":{"line":20,"column":36},"end":{"line":20,"column":88}}],"line":20}},"s":{"0":0,"1":0,"2":0},"f":{"0":0},"b":{"0":[0,0]},"hash":"118c46bb0a39d76f71c6163cc50b01c0bfc5e615"},"C:\\Users\\rohkumar30\\Desktop\\Ramp-up-learning\\atomic-react-components\\lib\\components\\atoms\\Para\\index.js":{"path":"C:\\Users\\rohkumar30\\Desktop\\Ramp-up-learning\\atomic-react-components\\lib\\components\\atoms\\Para\\index.js","statementMap":{},"fnMap":{},"branchMap":{},"s":{},"f":{},"b":{},"hash":"fc8c8829dc60116f3dc1cc206288e4b327f194ea"},"C:\\Users\\rohkumar30\\Desktop\\Ramp-up-learning\\atomic-react-components\\lib\\components\\atoms\\Para\\Para.style.js":{"path":"C:\\Users\\rohkumar30\\Desktop\\Ramp-up-learning\\atomic-react-components\\lib\\components\\atoms\\Para\\Para.style.js","statementMap":{},"fnMap":{},"branchMap":{},"s":{},"f":{},"b":{},"hash":"f265e4b97c9cfeb0e88eb908e749f2707aa10af3"},"C:\\Users\\rohkumar30\\Desktop\\Ramp-up-learning\\atomic-react-components\\lib\\components\\atoms\\Select\\index.js":{"path":"C:\\Users\\rohkumar30\\Desktop\\Ramp-up-learning\\atomic-react-components\\lib\\components\\atoms\\Select\\index.js","statementMap":{},"fnMap":{},"branchMap":{},"s":{},"f":{},"b":{},"hash":"433d08bd4b5a79d12593c826e2098410b89a3c7c"},"C:\\Users\\rohkumar30\\Desktop\\Ramp-up-learning\\atomic-react-components\\lib\\components\\atoms\\Para\\Para.js":{"path":"C:\\Users\\rohkumar30\\Desktop\\Ramp-up-learning\\atomic-react-components\\lib\\components\\atoms\\Para\\Para.js","statementMap":{"0":{"start":{"line":15,"column":13},"end":{"line":27,"column":1}},"1":{"start":{"line":16,"column":22},"end":{"line":20,"column":8}},"2":{"start":{"line":22,"column":2},"end":{"line":26,"column":4}},"3":{"start":{"line":29,"column":0},"end":{"line":33,"column":2}}},"fnMap":{"0":{"name":"(anonymous_0)","decl":{"start":{"line":15,"column":13},"end":{"line":15,"column":14}},"loc":{"start":{"line":15,"column":99},"end":{"line":27,"column":1}},"line":15}},"branchMap":{"0":{"loc":{"start":{"line":16,"column":22},"end":{"line":20,"column":8}},"type":"cond-expr","locations":[{"start":{"line":17,"column":6},"end":{"line":19,"column":7}},{"start":{"line":20,"column":6},"end":{"line":20,"column":8}}],"line":16}},"s":{"0":0,"1":0,"2":0,"3":0},"f":{"0":0},"b":{"0":[0,0]},"hash":"d494acd9c7e8561a720dd35111fc5b8f72da157d"},"C:\\Users\\rohkumar30\\Desktop\\Ramp-up-learning\\atomic-react-components\\lib\\components\\molecules\\ArticleThumbnail\\ArticleThumbnail.style.js":{"path":"C:\\Users\\rohkumar30\\Desktop\\Ramp-up-learning\\atomic-react-components\\lib\\components\\molecules\\ArticleThumbnail\\ArticleThumbnail.style.js","statementMap":{"0":{"start":{"line":3,"column":15},"end":{"line":8,"column":1}}},"fnMap":{},"branchMap":{},"s":{"0":0},"f":{},"b":{},"hash":"97d4016f48c43af3c0852a37465a1ec0b8b09d7b"},"C:\\Users\\rohkumar30\\Desktop\\Ramp-up-learning\\atomic-react-components\\lib\\components\\atoms\\Select\\Select.style.js":{"path":"C:\\Users\\rohkumar30\\Desktop\\Ramp-up-learning\\atomic-react-components\\lib\\components\\atoms\\Select\\Select.style.js","statementMap":{"0":{"start":{"line":3,"column":15},"end":{"line":22,"column":1}},"1":{"start":{"line":5,"column":13},"end":{"line":10,"column":3}},"2":{"start":{"line":14,"column":4},"end":{"line":19,"column":10}},"3":{"start":{"line":21,"column":14},"end":{"line":21,"column":64}}},"fnMap":{"0":{"name":"(anonymous_0)","decl":{"start":{"line":5,"column":4},"end":{"line":5,"column":5}},"loc":{"start":{"line":5,"column":13},"end":{"line":10,"column":3}},"line":5},"1":{"name":"(anonymous_1)","decl":{"start":{"line":13,"column":4},"end":{"line":13,"column":5}},"loc":{"start":{"line":14,"column":4},"end":{"line":19,"column":10}},"line":14},"2":{"name":"(anonymous_2)","decl":{"start":{"line":21,"column":4},"end":{"line":21,"column":5}},"loc":{"start":{"line":21,"column":14},"end":{"line":21,"column":64}},"line":21}},"branchMap":{"0":{"loc":{"start":{"line":14,"column":4},"end":{"line":19,"column":10}},"type":"cond-expr","locations":[{"start":{"line":15,"column":8},"end":{"line":18,"column":5}},{"start":{"line":19,"column":8},"end":{"line":19,"column":10}}],"line":14},"1":{"loc":{"start":{"line":21,"column":14},"end":{"line":21,"column":64}},"type":"cond-expr","locations":[{"start":{"line":21,"column":38},"end":{"line":21,"column":59}},{"start":{"line":21,"column":62},"end":{"line":21,"column":64}}],"line":21}},"s":{"0":0,"1":0,"2":0,"3":0},"f":{"0":0,"1":0,"2":0},"b":{"0":[0,0],"1":[0,0]},"hash":"aa3b0e29ba0ae9dac6e9aa8d323dc770dfafe28a"},"C:\\Users\\rohkumar30\\Desktop\\Ramp-up-learning\\atomic-react-components\\lib\\components\\molecules\\ArticleThumbnail\\index.js":{"path":"C:\\Users\\rohkumar30\\Desktop\\Ramp-up-learning\\atomic-react-components\\lib\\components\\molecules\\ArticleThumbnail\\index.js","statementMap":{},"fnMap":{},"branchMap":{},"s":{},"f":{},"b":{},"hash":"2707094b1d4a5bc3420525bfce844e36ec54193b"},"C:\\Users\\rohkumar30\\Desktop\\Ramp-up-learning\\atomic-react-components\\lib\\components\\molecules\\ArticleThumbnail\\ArticleThumbnail.js":{"path":"C:\\Users\\rohkumar30\\Desktop\\Ramp-up-learning\\atomic-react-components\\lib\\components\\molecules\\ArticleThumbnail\\ArticleThumbnail.js","statementMap":{"0":{"start":{"line":15,"column":25},"end":{"line":15,"column":96}},"1":{"start":{"line":15,"column":52},"end":{"line":15,"column":96}},"2":{"start":{"line":17,"column":25},"end":{"line":38,"column":1}},"3":{"start":{"line":24,"column":19},"end":{"line":24,"column":39}},"4":{"start":{"line":25,"column":2},"end":{"line":27,"column":3}},"5":{"start":{"line":26,"column":4},"end":{"line":26,"column":59}},"6":{"start":{"line":28,"column":2},"end":{"line":31,"column":3}},"7":{"start":{"line":29,"column":25},"end":{"line":29,"column":71}},"8":{"start":{"line":30,"column":4},"end":{"line":30,"column":94}},"9":{"start":{"line":33,"column":2},"end":{"line":37,"column":4}},"10":{"start":{"line":40,"column":0},"end":{"line":42,"column":2}}},"fnMap":{"0":{"name":"(anonymous_0)","decl":{"start":{"line":15,"column":25},"end":{"line":15,"column":26}},"loc":{"start":{"line":15,"column":52},"end":{"line":15,"column":96}},"line":15},"1":{"name":"(anonymous_1)","decl":{"start":{"line":17,"column":25},"end":{"line":17,"column":26}},"loc":{"start":{"line":23,"column":19},"end":{"line":38,"column":1}},"line":23}},"branchMap":{"0":{"loc":{"start":{"line":25,"column":2},"end":{"line":27,"column":3}},"type":"if","locations":[{"start":{"line":25,"column":2},"end":{"line":27,"column":3}},{"start":{"line":25,"column":2},"end":{"line":27,"column":3}}],"line":25},"1":{"loc":{"start":{"line":25,"column":6},"end":{"line":25,"column":36}},"type":"binary-expr","locations":[{"start":{"line":25,"column":6},"end":{"line":25,"column":21}},{"start":{"line":25,"column":25},"end":{"line":25,"column":36}}],"line":25},"2":{"loc":{"start":{"line":28,"column":2},"end":{"line":31,"column":3}},"type":"if","locations":[{"start":{"line":28,"column":2},"end":{"line":31,"column":3}},{"start":{"line":28,"column":2},"end":{"line":31,"column":3}}],"line":28}},"s":{"0":0,"1":0,"2":0,"3":0,"4":0,"5":0,"6":0,"7":0,"8":0,"9":0,"10":0},"f":{"0":0,"1":0},"b":{"0":[0,0],"1":[0,0],"2":[0,0]},"hash":"e365866296ad9fde6f62fb649aa58fb3af9d5c39"},"C:\\Users\\rohkumar30\\Desktop\\Ramp-up-learning\\atomic-react-components\\lib\\components\\atoms\\Select\\Select.js":{"path":"C:\\Users\\rohkumar30\\Desktop\\Ramp-up-learning\\atomic-react-components\\lib\\components\\atoms\\Select\\Select.js","statementMap":{"0":{"start":{"line":18,"column":15},"end":{"line":45,"column":1}},"1":{"start":{"line":29,"column":2},"end":{"line":44,"column":11}},"2":{"start":{"line":40,"column":6},"end":{"line":42,"column":15}},"3":{"start":{"line":47,"column":0},"end":{"line":53,"column":2}}},"fnMap":{"0":{"name":"(anonymous_0)","decl":{"start":{"line":18,"column":15},"end":{"line":18,"column":16}},"loc":{"start":{"line":29,"column":2},"end":{"line":44,"column":11}},"line":29},"1":{"name":"(anonymous_1)","decl":{"start":{"line":39,"column":17},"end":{"line":39,"column":18}},"loc":{"start":{"line":40,"column":6},"end":{"line":42,"column":15}},"line":40}},"branchMap":{"0":{"loc":{"start":{"line":35,"column":18},"end":{"line":35,"column":64}},"type":"binary-expr","locations":[{"start":{"line":35,"column":18},"end":{"line":35,"column":32}},{"start":{"line":35,"column":36},"end":{"line":35,"column":64}}],"line":35},"1":{"loc":{"start":{"line":38,"column":5},"end":{"line":38,"column":59}},"type":"binary-expr","locations":[{"start":{"line":38,"column":5},"end":{"line":38,"column":16}},{"start":{"line":38,"column":20},"end":{"line":38,"column":59}}],"line":38}},"s":{"0":0,"1":0,"2":0,"3":0},"f":{"0":0,"1":0},"b":{"0":[0,0],"1":[0,0]},"hash":"0805d1963b9491e94e524da4f3cae2b5ea12a71c"},"C:\\Users\\rohkumar30\\Desktop\\Ramp-up-learning\\atomic-react-components\\lib\\components\\atoms\\Textarea\\Textarea.js":{"path":"C:\\Users\\rohkumar30\\Desktop\\Ramp-up-learning\\atomic-react-components\\lib\\components\\atoms\\Textarea\\Textarea.js","statementMap":{"0":{"start":{"line":22,"column":17},"end":{"line":44,"column":1}},"1":{"start":{"line":33,"column":2},"end":{"line":43,"column":4}},"2":{"start":{"line":46,"column":0},"end":{"line":53,"column":2}}},"fnMap":{"0":{"name":"(anonymous_0)","decl":{"start":{"line":22,"column":17},"end":{"line":22,"column":18}},"loc":{"start":{"line":33,"column":2},"end":{"line":43,"column":4}},"line":33}},"branchMap":{"0":{"loc":{"start":{"line":41,"column":18},"end":{"line":41,"column":66}},"type":"binary-expr","locations":[{"start":{"line":41,"column":18},"end":{"line":41,"column":32}},{"start":{"line":41,"column":36},"end":{"line":41,"column":66}}],"line":41}},"s":{"0":0,"1":0,"2":0},"f":{"0":0},"b":{"0":[0,0]},"hash":"85b8e32a491e421f78d94dfbd522026183249920"},"C:\\Users\\rohkumar30\\Desktop\\Ramp-up-learning\\atomic-react-components\\lib\\components\\atoms\\Textarea\\Textarea.style.js":{"path":"C:\\Users\\rohkumar30\\Desktop\\Ramp-up-learning\\atomic-react-components\\lib\\components\\atoms\\Textarea\\Textarea.style.js","statementMap":{"0":{"start":{"line":3,"column":15},"end":{"line":24,"column":1}},"1":{"start":{"line":4,"column":13},"end":{"line":9,"column":3}},"2":{"start":{"line":10,"column":21},"end":{"line":10,"column":43}},"3":{"start":{"line":16,"column":4},"end":{"line":21,"column":10}},"4":{"start":{"line":23,"column":14},"end":{"line":23,"column":64}}},"fnMap":{"0":{"name":"(anonymous_0)","decl":{"start":{"line":4,"column":4},"end":{"line":4,"column":5}},"loc":{"start":{"line":4,"column":13},"end":{"line":9,"column":3}},"line":4},"1":{"name":"(anonymous_1)","decl":{"start":{"line":10,"column":12},"end":{"line":10,"column":13}},"loc":{"start":{"line":10,"column":21},"end":{"line":10,"column":43}},"line":10},"2":{"name":"(anonymous_2)","decl":{"start":{"line":15,"column":4},"end":{"line":15,"column":5}},"loc":{"start":{"line":16,"column":4},"end":{"line":21,"column":10}},"line":16},"3":{"name":"(anonymous_3)","decl":{"start":{"line":23,"column":4},"end":{"line":23,"column":5}},"loc":{"start":{"line":23,"column":14},"end":{"line":23,"column":64}},"line":23}},"branchMap":{"0":{"loc":{"start":{"line":10,"column":21},"end":{"line":10,"column":43}},"type":"binary-expr","locations":[{"start":{"line":10,"column":21},"end":{"line":10,"column":33}},{"start":{"line":10,"column":37},"end":{"line":10,"column":43}}],"line":10},"1":{"loc":{"start":{"line":16,"column":4},"end":{"line":21,"column":10}},"type":"cond-expr","locations":[{"start":{"line":17,"column":8},"end":{"line":20,"column":5}},{"start":{"line":21,"column":8},"end":{"line":21,"column":10}}],"line":16},"2":{"loc":{"start":{"line":23,"column":14},"end":{"line":23,"column":64}},"type":"cond-expr","locations":[{"start":{"line":23,"column":38},"end":{"line":23,"column":59}},{"start":{"line":23,"column":62},"end":{"line":23,"column":64}}],"line":23}},"s":{"0":0,"1":0,"2":0,"3":0,"4":0},"f":{"0":0,"1":0,"2":0,"3":0},"b":{"0":[0,0],"1":[0,0],"2":[0,0]},"hash":"5403bdae9f8e7fbc15c8aedd0487ba8b026b7a05"},"C:\\Users\\rohkumar30\\Desktop\\Ramp-up-learning\\atomic-react-components\\lib\\components\\atoms\\Textarea\\index.js":{"path":"C:\\Users\\rohkumar30\\Desktop\\Ramp-up-learning\\atomic-react-components\\lib\\components\\atoms\\Textarea\\index.js","statementMap":{},"fnMap":{},"branchMap":{},"s":{},"f":{},"b":{},"hash":"f4de3c273ad321321d2aca48defb3b98b13f1ce6"},"C:\\Users\\rohkumar30\\Desktop\\Ramp-up-learning\\atomic-react-components\\lib\\components\\molecules\\Breadcrumb\\Breadcrumb.style.js":{"path":"C:\\Users\\rohkumar30\\Desktop\\Ramp-up-learning\\atomic-react-components\\lib\\components\\molecules\\Breadcrumb\\Breadcrumb.style.js","statementMap":{"0":{"start":{"line":4,"column":14},"end":{"line":4,"column":64}}},"fnMap":{"0":{"name":"(anonymous_0)","decl":{"start":{"line":4,"column":4},"end":{"line":4,"column":5}},"loc":{"start":{"line":4,"column":14},"end":{"line":4,"column":64}},"line":4}},"branchMap":{"0":{"loc":{"start":{"line":4,"column":14},"end":{"line":4,"column":64}},"type":"cond-expr","locations":[{"start":{"line":4,"column":38},"end":{"line":4,"column":59}},{"start":{"line":4,"column":62},"end":{"line":4,"column":64}}],"line":4}},"s":{"0":0},"f":{"0":0},"b":{"0":[0,0]},"hash":"5bbcf58504cc39203c4255cb446ee45710937286"},"C:\\Users\\rohkumar30\\Desktop\\Ramp-up-learning\\atomic-react-components\\lib\\components\\molecules\\Breadcrumb\\index.js":{"path":"C:\\Users\\rohkumar30\\Desktop\\Ramp-up-learning\\atomic-react-components\\lib\\components\\molecules\\Breadcrumb\\index.js","statementMap":{},"fnMap":{},"branchMap":{},"s":{},"f":{},"b":{},"hash":"e7e7f465bb7dffe643902629f65c7f4c400ac5bd"},"C:\\Users\\rohkumar30\\Desktop\\Ramp-up-learning\\atomic-react-components\\lib\\components\\molecules\\Form\\index.js":{"path":"C:\\Users\\rohkumar30\\Desktop\\Ramp-up-learning\\atomic-react-components\\lib\\components\\molecules\\Form\\index.js","statementMap":{},"fnMap":{},"branchMap":{},"s":{},"f":{},"b":{},"hash":"a10552e57931bab39e8877e28e717c8208fdfaad"},"C:\\Users\\rohkumar30\\Desktop\\Ramp-up-learning\\atomic-react-components\\lib\\components\\molecules\\InputChoice\\InputChoice.js":{"path":"C:\\Users\\rohkumar30\\Desktop\\Ramp-up-learning\\atomic-react-components\\lib\\components\\molecules\\InputChoice\\InputChoice.js","statementMap":{"0":{"start":{"line":22,"column":20},"end":{"line":52,"column":1}},"1":{"start":{"line":35,"column":2},"end":{"line":51,"column":10}},"2":{"start":{"line":54,"column":0},"end":{"line":62,"column":2}}},"fnMap":{"0":{"name":"(anonymous_0)","decl":{"start":{"line":22,"column":20},"end":{"line":22,"column":21}},"loc":{"start":{"line":35,"column":2},"end":{"line":51,"column":10}},"line":35}},"branchMap":{"0":{"loc":{"start":{"line":50,"column":10},"end":{"line":50,"column":27}},"type":"binary-expr","locations":[{"start":{"line":50,"column":10},"end":{"line":50,"column":18}},{"start":{"line":50,"column":22},"end":{"line":50,"column":27}}],"line":50}},"s":{"0":0,"1":0,"2":0},"f":{"0":0},"b":{"0":[0,0]},"hash":"0c7e25d2a4939f37c1517d6b11991cea681f673b"},"C:\\Users\\rohkumar30\\Desktop\\Ramp-up-learning\\atomic-react-components\\lib\\components\\molecules\\Breadcrumb\\Breadcrumb.js":{"path":"C:\\Users\\rohkumar30\\Desktop\\Ramp-up-learning\\atomic-react-components\\lib\\components\\molecules\\Breadcrumb\\Breadcrumb.js","statementMap":{"0":{"start":{"line":15,"column":19},"end":{"line":30,"column":1}},"1":{"start":{"line":16,"column":2},"end":{"line":29,"column":8}},"2":{"start":{"line":20,"column":10},"end":{"line":26,"column":15}}},"fnMap":{"0":{"name":"(anonymous_0)","decl":{"start":{"line":15,"column":19},"end":{"line":15,"column":20}},"loc":{"start":{"line":16,"column":2},"end":{"line":29,"column":8}},"line":16},"1":{"name":"(anonymous_1)","decl":{"start":{"line":19,"column":21},"end":{"line":19,"column":22}},"loc":{"start":{"line":20,"column":10},"end":{"line":26,"column":15}},"line":20}},"branchMap":{"0":{"loc":{"start":{"line":18,"column":7},"end":{"line":27,"column":10}},"type":"binary-expr","locations":[{"start":{"line":18,"column":7},"end":{"line":18,"column":15}},{"start":{"line":19,"column":8},"end":{"line":27,"column":10}}],"line":18},"1":{"loc":{"start":{"line":21,"column":13},"end":{"line":25,"column":13}},"type":"cond-expr","locations":[{"start":{"line":22,"column":14},"end":{"line":22,"column":54}},{"start":{"line":24,"column":14},"end":{"line":24,"column":34}}],"line":21}},"s":{"0":0,"1":0,"2":0},"f":{"0":0,"1":0},"b":{"0":[0,0],"1":[0,0]},"hash":"3fa38da383c8caea671757a2b12169b7c85a9acc"},"C:\\Users\\rohkumar30\\Desktop\\Ramp-up-learning\\atomic-react-components\\lib\\components\\molecules\\InputChoice\\index.js":{"path":"C:\\Users\\rohkumar30\\Desktop\\Ramp-up-learning\\atomic-react-components\\lib\\components\\molecules\\InputChoice\\index.js","statementMap":{},"fnMap":{},"branchMap":{},"s":{},"f":{},"b":{},"hash":"52adc075fc397ec77edb81761188ff2aff6f2961"},"C:\\Users\\rohkumar30\\Desktop\\Ramp-up-learning\\atomic-react-components\\lib\\components\\molecules\\Tabs\\constants.js":{"path":"C:\\Users\\rohkumar30\\Desktop\\Ramp-up-learning\\atomic-react-components\\lib\\components\\molecules\\Tabs\\constants.js","statementMap":{"0":{"start":{"line":1,"column":26},"end":{"line":1,"column":37}},"1":{"start":{"line":2,"column":27},"end":{"line":2,"column":39}}},"fnMap":{},"branchMap":{},"s":{"0":0,"1":0},"f":{},"b":{},"hash":"a06f2da450e1ac47461e2649684d725979c0604d"},"C:\\Users\\rohkumar30\\Desktop\\Ramp-up-learning\\atomic-react-components\\lib\\components\\molecules\\Tabs\\Tabs.style.js":{"path":"C:\\Users\\rohkumar30\\Desktop\\Ramp-up-learning\\atomic-react-components\\lib\\components\\molecules\\Tabs\\Tabs.style.js","statementMap":{"0":{"start":{"line":4,"column":14},"end":{"line":4,"column":95}},"1":{"start":{"line":6,"column":4},"end":{"line":6,"column":94}},"2":{"start":{"line":7,"column":14},"end":{"line":7,"column":64}}},"fnMap":{"0":{"name":"(anonymous_0)","decl":{"start":{"line":4,"column":4},"end":{"line":4,"column":5}},"loc":{"start":{"line":4,"column":14},"end":{"line":4,"column":95}},"line":4},"1":{"name":"(anonymous_1)","decl":{"start":{"line":5,"column":4},"end":{"line":5,"column":5}},"loc":{"start":{"line":6,"column":4},"end":{"line":6,"column":94}},"line":6},"2":{"name":"(anonymous_2)","decl":{"start":{"line":7,"column":4},"end":{"line":7,"column":5}},"loc":{"start":{"line":7,"column":14},"end":{"line":7,"column":64}},"line":7}},"branchMap":{"0":{"loc":{"start":{"line":4,"column":14},"end":{"line":4,"column":95}},"type":"cond-expr","locations":[{"start":{"line":4,"column":38},"end":{"line":4,"column":90}},{"start":{"line":4,"column":93},"end":{"line":4,"column":95}}],"line":4},"1":{"loc":{"start":{"line":6,"column":4},"end":{"line":6,"column":94}},"type":"cond-expr","locations":[{"start":{"line":6,"column":27},"end":{"line":6,"column":89}},{"start":{"line":6,"column":92},"end":{"line":6,"column":94}}],"line":6},"2":{"loc":{"start":{"line":7,"column":14},"end":{"line":7,"column":64}},"type":"cond-expr","locations":[{"start":{"line":7,"column":38},"end":{"line":7,"column":59}},{"start":{"line":7,"column":62},"end":{"line":7,"column":64}}],"line":7}},"s":{"0":0,"1":0,"2":0},"f":{"0":0,"1":0,"2":0},"b":{"0":[0,0],"1":[0,0],"2":[0,0]},"hash":"c9322d1fcb9f3ad3f4641e97a41c431011ee6f0a"},"C:\\Users\\rohkumar30\\Desktop\\Ramp-up-learning\\atomic-react-components\\lib\\components\\molecules\\Tabs\\index.js":{"path":"C:\\Users\\rohkumar30\\Desktop\\Ramp-up-learning\\atomic-react-components\\lib\\components\\molecules\\Tabs\\index.js","statementMap":{},"fnMap":{},"branchMap":{},"s":{},"f":{},"b":{},"hash":"f4afa79763c6573a93528095f3b176903ae588d2"},"C:\\Users\\rohkumar30\\Desktop\\Ramp-up-learning\\atomic-react-components\\lib\\components\\molecules\\Form\\Form.js":{"path":"C:\\Users\\rohkumar30\\Desktop\\Ramp-up-learning\\atomic-react-components\\lib\\components\\molecules\\Form\\Form.js","statementMap":{"0":{"start":{"line":31,"column":14},"end":{"line":37,"column":3}},"1":{"start":{"line":35,"column":4},"end":{"line":35,"column":56}},"2":{"start":{"line":35,"column":29},"end":{"line":35,"column":56}},"3":{"start":{"line":36,"column":4},"end":{"line":36,"column":67}},"4":{"start":{"line":39,"column":20},"end":{"line":39,"column":33}},"5":{"start":{"line":41,"column":17},"end":{"line":41,"column":22}},"6":{"start":{"line":43,"column":17},"end":{"line":43,"column":27}},"7":{"start":{"line":45,"column":22},"end":{"line":45,"column":37}},"8":{"start":{"line":47,"column":18},"end":{"line":47,"column":29}},"9":{"start":{"line":49,"column":20},"end":{"line":49,"column":33}},"10":{"start":{"line":66,"column":8},"end":{"line":66,"column":18}},"11":{"start":{"line":68,"column":4},"end":{"line":85,"column":6}},"12":{"start":{"line":79,"column":10},"end":{"line":82,"column":24}},"13":{"start":{"line":89,"column":0},"end":{"line":99,"column":2}}},"fnMap":{"0":{"name":"(anonymous_0)","decl":{"start":{"line":31,"column":14},"end":{"line":31,"column":15}},"loc":{"start":{"line":34,"column":7},"end":{"line":37,"column":3}},"line":34},"1":{"name":"(anonymous_1)","decl":{"start":{"line":51,"column":2},"end":{"line":51,"column":3}},"loc":{"start":{"line":51,"column":11},"end":{"line":86,"column":3}},"line":51},"2":{"name":"(anonymous_2)","decl":{"start":{"line":78,"column":9},"end":{"line":78,"column":10}},"loc":{"start":{"line":79,"column":10},"end":{"line":82,"column":24}},"line":79}},"branchMap":{"0":{"loc":{"start":{"line":32,"column":4},"end":{"line":32,"column":47}},"type":"default-arg","locations":[{"start":{"line":32,"column":43},"end":{"line":32,"column":47}}],"line":32},"1":{"loc":{"start":{"line":33,"column":4},"end":{"line":33,"column":42}},"type":"default-arg","locations":[{"start":{"line":33,"column":38},"end":{"line":33,"column":42}}],"line":33},"2":{"loc":{"start":{"line":35,"column":4},"end":{"line":35,"column":56}},"type":"if","locations":[{"start":{"line":35,"column":4},"end":{"line":35,"column":56}},{"start":{"line":35,"column":4},"end":{"line":35,"column":56}}],"line":35},"3":{"loc":{"start":{"line":36,"column":11},"end":{"line":36,"column":66}},"type":"cond-expr","locations":[{"start":{"line":36,"column":30},"end":{"line":36,"column":59}},{"start":{"line":36,"column":62},"end":{"line":36,"column":66}}],"line":36},"4":{"loc":{"start":{"line":81,"column":13},"end":{"line":81,"column":31}},"type":"binary-expr","locations":[{"start":{"line":81,"column":13},"end":{"line":81,"column":18}},{"start":{"line":81,"column":22},"end":{"line":81,"column":31}}],"line":81}},"s":{"0":0,"1":0,"2":0,"3":0,"4":0,"5":0,"6":0,"7":0,"8":0,"9":0,"10":0,"11":0,"12":0,"13":0},"f":{"0":0,"1":0,"2":0},"b":{"0":[0],"1":[0],"2":[0,0],"3":[0,0],"4":[0,0]},"hash":"b7ac2cbf976f9c42f80e931c895bf1cca2ca7c81"},"C:\\Users\\rohkumar30\\Desktop\\Ramp-up-learning\\atomic-react-components\\lib\\components\\molecules\\InputChoice\\InputChoice.style.js":{"path":"C:\\Users\\rohkumar30\\Desktop\\Ramp-up-learning\\atomic-react-components\\lib\\components\\molecules\\InputChoice\\InputChoice.style.js","statementMap":{"0":{"start":{"line":3,"column":15},"end":{"line":68,"column":1}},"1":{"start":{"line":4,"column":14},"end":{"line":4,"column":71}},"2":{"start":{"line":10,"column":15},"end":{"line":10,"column":47}},"3":{"start":{"line":11,"column":16},"end":{"line":11,"column":71}},"4":{"start":{"line":12,"column":15},"end":{"line":12,"column":46}},"5":{"start":{"line":13,"column":15},"end":{"line":13,"column":71}},"6":{"start":{"line":20,"column":17},"end":{"line":20,"column":48}},"7":{"start":{"line":27,"column":8},"end":{"line":33,"column":7}},"8":{"start":{"line":36,"column":8},"end":{"line":39,"column":7}},"9":{"start":{"line":44,"column":6},"end":{"line":44,"column":90}},"10":{"start":{"line":48,"column":8},"end":{"line":50,"column":11}},"11":{"start":{"line":55,"column":4},"end":{"line":67,"column":3}}},"fnMap":{"0":{"name":"(anonymous_0)","decl":{"start":{"line":4,"column":4},"end":{"line":4,"column":5}},"loc":{"start":{"line":4,"column":14},"end":{"line":4,"column":71}},"line":4},"1":{"name":"(anonymous_1)","decl":{"start":{"line":10,"column":6},"end":{"line":10,"column":7}},"loc":{"start":{"line":10,"column":15},"end":{"line":10,"column":47}},"line":10},"2":{"name":"(anonymous_2)","decl":{"start":{"line":11,"column":6},"end":{"line":11,"column":7}},"loc":{"start":{"line":11,"column":16},"end":{"line":11,"column":71}},"line":11},"3":{"name":"(anonymous_3)","decl":{"start":{"line":12,"column":6},"end":{"line":12,"column":7}},"loc":{"start":{"line":12,"column":15},"end":{"line":12,"column":46}},"line":12},"4":{"name":"(anonymous_4)","decl":{"start":{"line":13,"column":6},"end":{"line":13,"column":7}},"loc":{"start":{"line":13,"column":15},"end":{"line":13,"column":71}},"line":13},"5":{"name":"(anonymous_5)","decl":{"start":{"line":20,"column":8},"end":{"line":20,"column":9}},"loc":{"start":{"line":20,"column":17},"end":{"line":20,"column":48}},"line":20},"6":{"name":"(anonymous_6)","decl":{"start":{"line":26,"column":8},"end":{"line":26,"column":9}},"loc":{"start":{"line":27,"column":8},"end":{"line":33,"column":7}},"line":27},"7":{"name":"(anonymous_7)","decl":{"start":{"line":35,"column":8},"end":{"line":35,"column":9}},"loc":{"start":{"line":36,"column":8},"end":{"line":39,"column":7}},"line":36},"8":{"name":"(anonymous_8)","decl":{"start":{"line":43,"column":6},"end":{"line":43,"column":7}},"loc":{"start":{"line":44,"column":6},"end":{"line":44,"column":90}},"line":44},"9":{"name":"(anonymous_9)","decl":{"start":{"line":47,"column":8},"end":{"line":47,"column":9}},"loc":{"start":{"line":48,"column":8},"end":{"line":50,"column":11}},"line":48},"10":{"name":"(anonymous_10)","decl":{"start":{"line":54,"column":4},"end":{"line":54,"column":5}},"loc":{"start":{"line":55,"column":4},"end":{"line":67,"column":3}},"line":55}},"branchMap":{"0":{"loc":{"start":{"line":4,"column":14},"end":{"line":4,"column":71}},"type":"cond-expr","locations":[{"start":{"line":4,"column":31},"end":{"line":4,"column":50}},{"start":{"line":4,"column":53},"end":{"line":4,"column":71}}],"line":4},"1":{"loc":{"start":{"line":11,"column":16},"end":{"line":11,"column":71}},"type":"cond-expr","locations":[{"start":{"line":11,"column":33},"end":{"line":11,"column":66}},{"start":{"line":11,"column":69},"end":{"line":11,"column":71}}],"line":11},"2":{"loc":{"start":{"line":13,"column":15},"end":{"line":13,"column":71}},"type":"binary-expr","locations":[{"start":{"line":13,"column":15},"end":{"line":13,"column":37}},{"start":{"line":13,"column":41},"end":{"line":13,"column":71}}],"line":13},"3":{"loc":{"start":{"line":27,"column":8},"end":{"line":33,"column":7}},"type":"binary-expr","locations":[{"start":{"line":27,"column":8},"end":{"line":27,"column":33}},{"start":{"line":28,"column":8},"end":{"line":33,"column":7}}],"line":27},"4":{"loc":{"start":{"line":36,"column":8},"end":{"line":39,"column":7}},"type":"binary-expr","locations":[{"start":{"line":36,"column":8},"end":{"line":36,"column":30}},{"start":{"line":37,"column":8},"end":{"line":39,"column":7}}],"line":36},"5":{"loc":{"start":{"line":44,"column":6},"end":{"line":44,"column":90}},"type":"cond-expr","locations":[{"start":{"line":44,"column":23},"end":{"line":44,"column":56}},{"start":{"line":44,"column":59},"end":{"line":44,"column":90}}],"line":44},"6":{"loc":{"start":{"line":49,"column":10},"end":{"line":49,"column":92}},"type":"cond-expr","locations":[{"start":{"line":49,"column":27},"end":{"line":49,"column":58}},{"start":{"line":49,"column":61},"end":{"line":49,"column":92}}],"line":49},"7":{"loc":{"start":{"line":55,"column":4},"end":{"line":67,"column":3}},"type":"cond-expr","locations":[{"start":{"line":56,"column":8},"end":{"line":62,"column":3}},{"start":{"line":63,"column":8},"end":{"line":67,"column":3}}],"line":55}},"s":{"0":0,"1":0,"2":0,"3":0,"4":0,"5":0,"6":0,"7":0,"8":0,"9":0,"10":0,"11":0},"f":{"0":0,"1":0,"2":0,"3":0,"4":0,"5":0,"6":0,"7":0,"8":0,"9":0,"10":0},"b":{"0":[0,0],"1":[0,0],"2":[0,0],"3":[0,0],"4":[0,0],"5":[0,0],"6":[0,0],"7":[0,0]},"hash":"e0bb1e2dd43753f674ad159494809734b6b714bb"},"C:\\Users\\rohkumar30\\Desktop\\Ramp-up-learning\\atomic-react-components\\lib\\components\\molecules\\Tabs\\Tabs.js":{"path":"C:\\Users\\rohkumar30\\Desktop\\Ramp-up-learning\\atomic-react-components\\lib\\components\\molecules\\Tabs\\Tabs.js","statementMap":{"0":{"start":{"line":19,"column":4},"end":{"line":19,"column":17}},"1":{"start":{"line":20,"column":4},"end":{"line":20,"column":63}},"2":{"start":{"line":24,"column":37},"end":{"line":24,"column":47}},"3":{"start":{"line":25,"column":4},"end":{"line":25,"column":37}},"4":{"start":{"line":28,"column":20},"end":{"line":36,"column":3}},"5":{"start":{"line":29,"column":28},"end":{"line":29,"column":38}},"6":{"start":{"line":30,"column":4},"end":{"line":32,"column":7}},"7":{"start":{"line":33,"column":4},"end":{"line":35,"column":5}},"8":{"start":{"line":34,"column":6},"end":{"line":34,"column":25}},"9":{"start":{"line":38,"column":13},"end":{"line":47,"column":3}},"10":{"start":{"line":39,"column":4},"end":{"line":39,"column":23}},"11":{"start":{"line":40,"column":30},"end":{"line":40,"column":40}},"12":{"start":{"line":42,"column":4},"end":{"line":44,"column":5}},"13":{"start":{"line":43,"column":6},"end":{"line":43,"column":13}},"14":{"start":{"line":46,"column":4},"end":{"line":46,"column":32}},"15":{"start":{"line":49,"column":15},"end":{"line":70,"column":3}},"16":{"start":{"line":50,"column":4},"end":{"line":54,"column":5}},"17":{"start":{"line":51,"column":6},"end":{"line":51,"column":25}},"18":{"star
[...]
ts\\lib\\components\\molecules\\Form\\FieldRadioGroup\\index.js","statementMap":{},"fnMap":{},"branchMap":{},"s":{},"f":{},"b":{},"hash":"4d7a5f94796ca4944f563c8f93326a349f1278fd"},"C:\\Users\\rohkumar30\\Desktop\\Ramp-up-learning\\atomic-react-components\\lib\\components\\molecules\\Form\\FieldSelect\\index.js":{"path":"C:\\Users\\rohkumar30\\Desktop\\Ramp-up-learning\\atomic-react-components\\lib\\components\\molecules\\Form\\FieldSelect\\index.js","statementMap":{},"fnMap":{},"branchMap":{},"s":{},"f":{},"b":{},"hash":"e114ed8f40ee28cc91f0c040bff3a4fdec0726db"},"C:\\Users\\rohkumar30\\Desktop\\Ramp-up-learning\\atomic-react-components\\lib\\components\\molecules\\Form\\FieldSelect\\FieldSelect.js":{"path":"C:\\Users\\rohkumar30\\Desktop\\Ramp-up-learning\\atomic-react-components\\lib\\components\\molecules\\Form\\FieldSelect\\FieldSelect.js","statementMap":{"0":{"start":{"line":21,"column":20},"end":{"line":52,"column":1}},"1":{"start":{"line":31,"column":2},"end":{"line":51,"column":8}},"2":{"start":{"line":37,"column":33},"end":{"line":37,"column":37}},"3":{"start":{"line":38,"column":8},"end":{"line":47,"column":10}},"4":{"start":{"line":43,"column":14},"end":{"line":43,"column":30}},"5":{"start":{"line":44,"column":14},"end":{"line":44,"column":68}},"6":{"start":{"line":44,"column":50},"end":{"line":44,"column":68}},"7":{"start":{"line":54,"column":0},"end":{"line":58,"column":2}}},"fnMap":{"0":{"name":"(anonymous_0)","decl":{"start":{"line":21,"column":20},"end":{"line":21,"column":21}},"loc":{"start":{"line":31,"column":2},"end":{"line":51,"column":8}},"line":31},"1":{"name":"(anonymous_1)","decl":{"start":{"line":36,"column":7},"end":{"line":36,"column":8}},"loc":{"start":{"line":36,"column":28},"end":{"line":48,"column":7}},"line":36},"2":{"name":"(anonymous_2)","decl":{"start":{"line":42,"column":22},"end":{"line":42,"column":23}},"loc":{"start":{"line":42,"column":27},"end":{"line":45,"column":13}},"line":42}},"branchMap":{"0":{"loc":{"start":{"line":44,"column":14},"end":{"line":44,"column":68}},"type":"if","locations":[{"start":{"line":44,"column":14},"end":{"line":44,"column":68}},{"start":{"line":44,"column":14},"end":{"line":44,"column":68}}],"line":44}},"s":{"0":0,"1":0,"2":0,"3":0,"4":0,"5":0,"6":0,"7":0},"f":{"0":0,"1":0,"2":0},"b":{"0":[0,0]},"hash":"733e03272e19b0b48b12e3bf8a7acfa611f8a636"},"C:\\Users\\rohkumar30\\Desktop\\Ramp-up-learning\\atomic-react-components\\lib\\components\\molecules\\Form\\FieldInput\\FieldInput.js":{"path":"C:\\Users\\rohkumar30\\Desktop\\Ramp-up-learning\\atomic-react-components\\lib\\components\\molecules\\Form\\FieldInput\\FieldInput.js","statementMap":{"0":{"start":{"line":28,"column":19},"end":{"line":77,"column":1}},"1":{"start":{"line":41,"column":18},"end":{"line":41,"column":42}},"2":{"start":{"line":42,"column":2},"end":{"line":76,"column":4}},"3":{"start":{"line":50,"column":47},"end":{"line":50,"column":51}},"4":{"start":{"line":51,"column":10},"end":{"line":66,"column":12}},"5":{"start":{"line":58,"column":16},"end":{"line":58,"column":32}},"6":{"start":{"line":59,"column":16},"end":{"line":59,"column":70}},"7":{"start":{"line":59,"column":52},"end":{"line":59,"column":70}},"8":{"start":{"line":62,"column":16},"end":{"line":62,"column":30}},"9":{"start":{"line":63,"column":16},"end":{"line":63,"column":66}},"10":{"start":{"line":63,"column":50},"end":{"line":63,"column":66}},"11":{"start":{"line":79,"column":0},"end":{"line":89,"column":2}}},"fnMap":{"0":{"name":"(anonymous_0)","decl":{"start":{"line":28,"column":19},"end":{"line":28,"column":20}},"loc":{"start":{"line":40,"column":19},"end":{"line":77,"column":1}},"line":40},"1":{"name":"(anonymous_1)","decl":{"start":{"line":49,"column":9},"end":{"line":49,"column":10}},"loc":{"start":{"line":49,"column":30},"end":{"line":67,"column":9}},"line":49},"2":{"name":"(anonymous_2)","decl":{"start":{"line":57,"column":24},"end":{"line":57,"column":25}},"loc":{"start":{"line":57,"column":29},"end":{"line":60,"column":15}},"line":57},"3":{"name":"(anonymous_3)","decl":{"start":{"line":61,"column":22},"end":{"line":61,"column":23}},"loc":{"start":{"line":61,"column":27},"end":{"line":64,"column":15}},"line":61}},"branchMap":{"0":{"loc":{"start":{"line":41,"column":18},"end":{"line":41,"column":42}},"type":"binary-expr","locations":[{"start":{"line":41,"column":18},"end":{"line":41,"column":20}},{"start":{"line":41,"column":24},"end":{"line":41,"column":42}}],"line":41},"1":{"loc":{"start":{"line":56,"column":32},"end":{"line":56,"column":88}},"type":"cond-expr","locations":[{"start":{"line":56,"column":57},"end":{"line":56,"column":81}},{"start":{"line":56,"column":84},"end":{"line":56,"column":88}}],"line":56},"2":{"loc":{"start":{"line":59,"column":16},"end":{"line":59,"column":70}},"type":"if","locations":[{"start":{"line":59,"column":16},"end":{"line":59,"column":70}},{"start":{"line":59,"column":16},"end":{"line":59,"column":70}}],"line":59},"3":{"loc":{"start":{"line":63,"column":16},"end":{"line":63,"column":66}},"type":"if","locations":[{"start":{"line":63,"column":16},"end":{"line":63,"column":66}},{"start":{"line":63,"column":16},"end":{"line":63,"column":66}}],"line":63},"4":{"loc":{"start":{"line":69,"column":7},"end":{"line":73,"column":7}},"type":"cond-expr","locations":[{"start":{"line":70,"column":8},"end":{"line":70,"column":75}},{"start":{"line":72,"column":8},"end":{"line":72,"column":10}}],"line":69}},"s":{"0":0,"1":0,"2":0,"3":0,"4":0,"5":0,"6":0,"7":0,"8":0,"9":0,"10":0,"11":0},"f":{"0":0,"1":0,"2":0,"3":0},"b":{"0":[0,0],"1":[0,0],"2":[0,0],"3":[0,0],"4":[0,0]},"hash":"77d3a7c9e41f06c480be4fed4a829b021566c495"},"C:\\Users\\rohkumar30\\Desktop\\Ramp-up-learning\\atomic-react-components\\lib\\components\\molecules\\Form\\FieldSelect\\FieldSelect.style.js":{"path":"C:\\Users\\rohkumar30\\Desktop\\Ramp-up-learning\\atomic-react-components\\lib\\components\\molecules\\Form\\FieldSelect\\FieldSelect.style.js","statementMap":{"0":{"start":{"line":3,"column":15},"end":{"line":10,"column":1}},"1":{"start":{"line":4,"column":28},"end":{"line":4,"column":54}},"2":{"start":{"line":8,"column":30},"end":{"line":8,"column":59}}},"fnMap":{"0":{"name":"(anonymous_0)","decl":{"start":{"line":4,"column":19},"end":{"line":4,"column":20}},"loc":{"start":{"line":4,"column":28},"end":{"line":4,"column":54}},"line":4},"1":{"name":"(anonymous_1)","decl":{"start":{"line":8,"column":21},"end":{"line":8,"column":22}},"loc":{"start":{"line":8,"column":30},"end":{"line":8,"column":59}},"line":8}},"branchMap":{},"s":{"0":0,"1":0,"2":0},"f":{"0":0,"1":0},"b":{},"hash":"9409562b0f206d53160bbe80f84c12d6ee5b836f"},"C:\\Users\\rohkumar30\\Desktop\\Ramp-up-learning\\atomic-react-components\\lib\\components\\molecules\\Form\\FieldRadioGroup\\FieldRadioGroup.js":{"path":"C:\\Users\\rohkumar30\\Desktop\\Ramp-up-learning\\atomic-react-components\\lib\\components\\molecules\\Form\\FieldRadioGroup\\FieldRadioGroup.js","statementMap":{"0":{"start":{"line":22,"column":24},"end":{"line":50,"column":1}},"1":{"start":{"line":23,"column":2},"end":{"line":49,"column":15}},"2":{"start":{"line":25,"column":6},"end":{"line":47,"column":12}},"3":{"start":{"line":27,"column":10},"end":{"line":44,"column":18}},"4":{"start":{"line":29,"column":39},"end":{"line":29,"column":43}},"5":{"start":{"line":30,"column":35},"end":{"line":30,"column":45}},"6":{"start":{"line":31,"column":14},"end":{"line":42,"column":16}},"7":{"start":{"line":36,"column":20},"end":{"line":36,"column":36}},"8":{"start":{"line":37,"column":20},"end":{"line":37,"column":74}},"9":{"start":{"line":37,"column":56},"end":{"line":37,"column":74}},"10":{"start":{"line":52,"column":0},"end":{"line":55,"column":2}}},"fnMap":{"0":{"name":"(anonymous_0)","decl":{"start":{"line":22,"column":24},"end":{"line":22,"column":25}},"loc":{"start":{"line":23,"column":2},"end":{"line":49,"column":15}},"line":23},"1":{"name":"(anonymous_1)","decl":{"start":{"line":24,"column":5},"end":{"line":24,"column":6}},"loc":{"start":{"line":25,"column":6},"end":{"line":47,"column":12}},"line":25},"2":{"name":"(anonymous_2)","decl":{"start":{"line":26,"column":29},"end":{"line":26,"column":30}},"loc":{"start":{"line":27,"column":10},"end":{"line":44,"column":18}},"line":27},"3":{"name":"(anonymous_3)","decl":{"start":{"line":28,"column":13},"end":{"line":28,"column":14}},"loc":{"start":{"line":28,"column":34},"end":{"line":43,"column":13}},"line":28},"4":{"name":"(anonymous_4)","decl":{"start":{"line":35,"column":28},"end":{"line":35,"column":29}},"loc":{"start":{"line":35,"column":33},"end":{"line":38,"column":19}},"line":35}},"branchMap":{"0":{"loc":{"start":{"line":27,"column":22},"end":{"line":27,"column":57}},"type":"binary-expr","locations":[{"start":{"line":27,"column":22},"end":{"line":27,"column":35}},{"start":{"line":27,"column":39},"end":{"line":27,"column":57}}],"line":27},"1":{"loc":{"start":{"line":34,"column":22},"end":{"line":34,"column":57}},"type":"binary-expr","locations":[{"start":{"line":34,"column":22},"end":{"line":34,"column":35}},{"start":{"line":34,"column":39},"end":{"line":34,"column":57}}],"line":34},"2":{"loc":{"start":{"line":37,"column":20},"end":{"line":37,"column":74}},"type":"if","locations":[{"start":{"line":37,"column":20},"end":{"line":37,"column":74}},{"start":{"line":37,"column":20},"end":{"line":37,"column":74}}],"line":37}},"s":{"0":0,"1":0,"2":0,"3":0,"4":0,"5":0,"6":0,"7":0,"8":0,"9":0,"10":0},"f":{"0":0,"1":0,"2":0,"3":0,"4":0},"b":{"0":[0,0],"1":[0,0],"2":[0,0]},"hash":"af9ee3e8c62db52a3d876b03508c1bc5e8ec51a8"},"C:\\Users\\rohkumar30\\Desktop\\Ramp-up-learning\\atomic-react-components\\lib\\components\\molecules\\Form\\FieldTextarea\\FieldTextarea.style.js":{"path":"C:\\Users\\rohkumar30\\Desktop\\Ramp-up-learning\\atomic-react-components\\lib\\components\\molecules\\Form\\FieldTextarea\\FieldTextarea.style.js","statementMap":{"0":{"start":{"line":3,"column":15},"end":{"line":11,"column":1}},"1":{"start":{"line":4,"column":28},"end":{"line":4,"column":54}},"2":{"start":{"line":9,"column":30},"end":{"line":9,"column":59}}},"fnMap":{"0":{"name":"(anonymous_0)","decl":{"start":{"line":4,"column":19},"end":{"line":4,"column":20}},"loc":{"start":{"line":4,"column":28},"end":{"line":4,"column":54}},"line":4},"1":{"name":"(anonymous_1)","decl":{"start":{"line":9,"column":21},"end":{"line":9,"column":22}},"loc":{"start":{"line":9,"column":30},"end":{"line":9,"column":59}},"line":9}},"branchMap":{},"s":{"0":0,"1":0,"2":0},"f":{"0":0,"1":0},"b":{},"hash":"ea26baa06f02ac3b2605dc7ddfdd8e7034973994"},"C:\\Users\\rohkumar30\\Desktop\\Ramp-up-learning\\atomic-react-components\\lib\\components\\molecules\\Form\\FieldTextarea\\index.js":{"path":"C:\\Users\\rohkumar30\\Desktop\\Ramp-up-learning\\atomic-react-components\\lib\\components\\molecules\\Form\\FieldTextarea\\index.js","statementMap":{},"fnMap":{},"branchMap":{},"s":{},"f":{},"b":{},"hash":"c82c1659b4361103070934270c736484ae2bbbc8"},"C:\\Users\\rohkumar30\\Desktop\\Ramp-up-learning\\atomic-react-components\\lib\\components\\molecules\\Form\\FieldTextarea\\FieldTextarea.js":{"path":"C:\\Users\\rohkumar30\\Desktop\\Ramp-up-learning\\atomic-react-components\\lib\\components\\molecules\\Form\\FieldTextarea\\FieldTextarea.js","statementMap":{"0":{"start":{"line":23,"column":22},"end":{"line":53,"column":1}},"1":{"start":{"line":32,"column":2},"end":{"line":52,"column":8}},"2":{"start":{"line":38,"column":33},"end":{"line":38,"column":37}},"3":{"start":{"line":39,"column":8},"end":{"line":48,"column":10}},"4":{"start":{"line":44,"column":14},"end":{"line":44,"column":30}},"5":{"start":{"line":45,"column":14},"end":{"line":45,"column":68}},"6":{"start":{"line":45,"column":50},"end":{"line":45,"column":68}},"7":{"start":{"line":55,"column":0},"end":{"line":60,"column":2}}},"fnMap":{"0":{"name":"(anonymous_0)","decl":{"start":{"line":23,"column":22},"end":{"line":23,"column":23}},"loc":{"start":{"line":32,"column":2},"end":{"line":52,"column":8}},"line":32},"1":{"name":"(anonymous_1)","decl":{"start":{"line":37,"column":7},"end":{"line":37,"column":8}},"loc":{"start":{"line":37,"column":28},"end":{"line":49,"column":7}},"line":37},"2":{"name":"(anonymous_2)","decl":{"start":{"line":43,"column":22},"end":{"line":43,"column":23}},"loc":{"start":{"line":43,"column":27},"end":{"line":46,"column":13}},"line":43}},"branchMap":{"0":{"loc":{"start":{"line":45,"column":14},"end":{"line":45,"column":68}},"type":"if","locations":[{"start":{"line":45,"column":14},"end":{"line":45,"column":68}},{"start":{"line":45,"column":14},"end":{"line":45,"column":68}}],"line":45}},"s":{"0":0,"1":0,"2":0,"3":0,"4":0,"5":0,"6":0,"7":0},"f":{"0":0,"1":0,"2":0},"b":{"0":[0,0]},"hash":"73bdfe56190d489b81efb7e97db84c3122ede44d"},"C:\\Users\\rohkumar30\\Desktop\\Ramp-up-learning\\atomic-react-components\\lib\\components\\molecules\\Tabs\\TabPanel\\index.js":{"path":"C:\\Users\\rohkumar30\\Desktop\\Ramp-up-learning\\atomic-react-components\\lib\\components\\molecules\\Tabs\\TabPanel\\index.js","statementMap":{},"fnMap":{},"branchMap":{},"s":{},"f":{},"b":{},"hash":"d7e73b6c8b7125dc3ae791480dfe21e8264686a7"},"C:\\Users\\rohkumar30\\Desktop\\Ramp-up-learning\\atomic-react-components\\lib\\components\\molecules\\Tabs\\TabPanel\\TabPanel.js":{"path":"C:\\Users\\rohkumar30\\Desktop\\Ramp-up-learning\\atomic-react-components\\lib\\components\\molecules\\Tabs\\TabPanel\\TabPanel.js","statementMap":{"0":{"start":{"line":22,"column":17},"end":{"line":35,"column":1}},"1":{"start":{"line":23,"column":2},"end":{"line":34,"column":8}},"2":{"start":{"line":37,"column":0},"end":{"line":40,"column":2}}},"fnMap":{"0":{"name":"(anonymous_0)","decl":{"start":{"line":22,"column":17},"end":{"line":22,"column":18}},"loc":{"start":{"line":23,"column":2},"end":{"line":34,"column":8}},"line":23}},"branchMap":{},"s":{"0":0,"1":0,"2":0},"f":{"0":0},"b":{},"hash":"d037b0b824098b517cfb0f3ab6f98934272fbe62"},"C:\\Users\\rohkumar30\\Desktop\\Ramp-up-learning\\atomic-react-components\\lib\\components\\molecules\\Tabs\\TabPanel\\TabPanel.style.js":{"path":"C:\\Users\\rohkumar30\\Desktop\\Ramp-up-learning\\atomic-react-components\\lib\\components\\molecules\\Tabs\\TabPanel\\TabPanel.style.js","statementMap":{"0":{"start":{"line":6,"column":14},"end":{"line":6,"column":55}},"1":{"start":{"line":7,"column":14},"end":{"line":7,"column":64}}},"fnMap":{"0":{"name":"(anonymous_0)","decl":{"start":{"line":6,"column":4},"end":{"line":6,"column":5}},"loc":{"start":{"line":6,"column":14},"end":{"line":6,"column":55}},"line":6},"1":{"name":"(anonymous_1)","decl":{"start":{"line":7,"column":4},"end":{"line":7,"column":5}},"loc":{"start":{"line":7,"column":14},"end":{"line":7,"column":64}},"line":7}},"branchMap":{"0":{"loc":{"start":{"line":6,"column":14},"end":{"line":6,"column":55}},"type":"cond-expr","locations":[{"start":{"line":6,"column":33},"end":{"line":6,"column":50}},{"start":{"line":6,"column":53},"end":{"line":6,"column":55}}],"line":6},"1":{"loc":{"start":{"line":7,"column":14},"end":{"line":7,"column":64}},"type":"cond-expr","locations":[{"start":{"line":7,"column":38},"end":{"line":7,"column":59}},{"start":{"line":7,"column":62},"end":{"line":7,"column":64}}],"line":7}},"s":{"0":0,"1":0},"f":{"0":0,"1":0},"b":{"0":[0,0],"1":[0,0]},"hash":"8b6f4c660fac96c5905efec692f04de6c0aa0470"},"C:\\Users\\rohkumar30\\Desktop\\Ramp-up-learning\\atomic-react-components\\lib\\components\\molecules\\Tabs\\Tab\\Tab.js":{"path":"C:\\Users\\rohkumar30\\Desktop\\Ramp-up-learning\\atomic-react-components\\lib\\components\\molecules\\Tabs\\Tab\\Tab.js","statementMap":{"0":{"start":{"line":25,"column":12},"end":{"line":50,"column":1}},"1":{"start":{"line":35,"column":2},"end":{"line":49,"column":7}},"2":{"start":{"line":41,"column":18},"end":{"line":41,"column":35}},"3":{"start":{"line":42,"column":20},"end":{"line":42,"column":32}},"4":{"start":{"line":52,"column":0},"end":{"line":55,"column":2}}},"fnMap":{"0":{"name":"(anonymous_0)","decl":{"start":{"line":25,"column":12},"end":{"line":25,"column":13}},"loc":{"start":{"line":35,"column":2},"end":{"line":49,"column":7}},"line":35},"1":{"name":"(anonymous_1)","decl":{"start":{"line":41,"column":13},"end":{"line":41,"column":14}},"loc":{"start":{"line":41,"column":18},"end":{"line":41,"column":35}},"line":41},"2":{"name":"(anonymous_2)","decl":{"start":{"line":42,"column":15},"end":{"line":42,"column":16}},"loc":{"start":{"line":42,"column":20},"end":{"line":42,"column":32}},"line":42}},"branchMap":{"0":{"loc":{"start":{"line":43,"column":14},"end":{"line":43,"column":33}},"type":"cond-expr","locations":[{"start":{"line":43,"column":27},"end":{"line":43,"column":28}},{"start":{"line":43,"column":31},"end":{"line":43,"column":33}}],"line":43}},"s":{"0":0,"1":0,"2":0,"3":0,"4":0},"f":{"0":0,"1":0,"2":0},"b":{"0":[0,0]},"hash":"54ee17885c9e9c7dad0fe60d25ff0c6eb67040b0"},"C:\\Users\\rohkumar30\\Desktop\\Ramp-up-learning\\atomic-react-components\\lib\\components\\molecules\\Tabs\\Tab\\index.js":{"path":"C:\\Users\\rohkumar30\\Desktop\\Ramp-up-learning\\atomic-react-components\\lib\\components\\molecules\\Tabs\\Tab\\index.js","statementMap":{},"fnMap":{},"branchMap":{},"s":{},"f":{},"b":{},"hash":"27f37fb00ae89fd9fbc3bf06b939a4b4c35ba2b0"},"C:\\Users\\rohkumar30\\Desktop\\Ramp-up-learning\\atomic-react-components\\lib\\components\\molecules\\Tabs\\types\\index.js":{"path":"C:\\Users\\rohkumar30\\Desktop\\Ramp-up-learning\\atomic-react-components\\lib\\components\\molecules\\Tabs\\types\\index.js","statementMap":{},"fnMap":{},"branchMap":{},"s":{},"f":{},"b":{},"hash":"db88e8af4e10d8eaf5cf3a54612fb253f2a3cb32"},"C:\\Users\\rohkumar30\\Desktop\\Ramp-up-learning\\atomic-react-components\\lib\\components\\molecules\\Tabs\\Tab\\Tab.style.js":{"path":"C:\\Users\\rohkumar30\\Desktop\\Ramp-up-learning\\atomic-react-components\\lib\\components\\molecules\\Tabs\\Tab\\Tab.style.js","statementMap":{"0":{"start":{"line":5,"column":31},"end":{"line":5,"column":63}},"1":{"start":{"line":6,"column":14},"end":{"line":6,"column":97}},"2":{"start":{"line":7,"column":14},"end":{"line":7,"column":64}}},"fnMap":{"0":{"name":"(anonymous_0)","decl":{"start":{"line":5,"column":22},"end":{"line":5,"column":23}},"loc":{"start":{"line":5,"column":31},"end":{"line":5,"column":63}},"line":5},"1":{"name":"(anonymous_1)","decl":{"start":{"line":6,"column":4},"end":{"line":6,"column":5}},"loc":{"start":{"line":6,"column":14},"end":{"line":6,"column":97}},"line":6},"2":{"name":"(anonymous_2)","decl":{"start":{"line":7,"column":4},"end":{"line":7,"column":5}},"loc":{"start":{"line":7,"column":14},"end":{"line":7,"column":64}},"line":7}},"branchMap":{"0":{"loc":{"start":{"line":6,"column":14},"end":{"line":6,"column":97}},"type":"cond-expr","locations":[{"start":{"line":6,"column":33},"end":{"line":6,"column":92}},{"start":{"line":6,"column":95},"end":{"line":6,"column":97}}],"line":6},"1":{"loc":{"start":{"line":7,"column":14},"end":{"line":7,"column":64}},"type":"cond-expr","locations":[{"start":{"line":7,"column":38},"end":{"line":7,"column":59}},{"start":{"line":7,"column":62},"end":{"line":7,"column":64}}],"line":7}},"s":{"0":0,"1":0,"2":0},"f":{"0":0,"1":0,"2":0},"b":{"0":[0,0],"1":[0,0]},"hash":"817103f1f065f2f92e430cb2c1f16dee78462914"},"C:\\Users\\rohkumar30\\Desktop\\Ramp-up-learning\\atomic-react-components\\lib\\components\\molecules\\Typeahead\\types\\index.js":{"path":"C:\\Users\\rohkumar30\\Desktop\\Ramp-up-learning\\atomic-react-components\\lib\\components\\molecules\\Typeahead\\types\\index.js","statementMap":{},"fnMap":{},"branchMap":{},"s":{},"f":{},"b":{},"hash":"ba69942fa57ba3e791956d7f6bcbfe4b61a8c499"},"C:\\Users\\rohkumar30\\Desktop\\Ramp-up-learning\\atomic-react-components\\lib\\components\\molecules\\Popover\\types\\index.js":{"path":"C:\\Users\\rohkumar30\\Desktop\\Ramp-up-learning\\atomic-react-components\\lib\\components\\molecules\\Popover\\types\\index.js","statementMap":{},"fnMap":{},"branchMap":{},"s":{},"f":{},"b":{},"hash":"b09d82af9776442f4514e2a5be13287803f0fc40"}}}