{"numFailedTestSuites":0,"numFailedTests":0,"numPassedTestSuites":4,"numPassedTests":15,"numPendingTestSuites":0,"numPendingTests":0,"numRuntimeErrorTestSuites":0,"numTodoTests":0,"numTotalTestSuites":4,"numTotalTests":15,"openHandles":[],"snapshot":{"added":0,"didUpdate":false,"failure":false,"filesAdded":0,"filesRemoved":0,"filesRemovedList":[],"filesUnmatched":0,"filesUpdated":0,"matched":8,"total":8,"unchecked":0,"uncheckedKeysByFile":[],"unmatched":0,"updated":0},"startTime":1575428117573,"success":false,"testResults":[{"assertionResults":[{"ancestorTitles":["FieldInput Component"],"failureMessages":[],"fullName":"FieldInput Component should render correctly","location":null,"status":"passed","title":"should render correctly"},{"ancestorTitles":["FieldInput Component"],"failureMessages":[],"fullName":"FieldInput Component should render label correctly","location":null,"status":"passed","title":"should render label correctly"},{"ancestorTitles":["FieldInput Component"],"failureMessages":[],"fullName":"FieldInput Component should render select tag","location":null,"status":"passed","title":"should render select tag"}],"endTime":1575428121474,"message":"","name":"/Users/vinkumar2/Documents/Projects/PageSource/PatternLibs/ReactPatternLib/lib/components/molecules/Form/FieldSelect/tests/FieldSelect.test.js","startTime":1575428120391,"status":"passed","summary":""},{"assertionResults":[{"ancestorTitles":["FieldInput Component"],"failureMessages":[],"fullName":"FieldInput Component should render correctly","location":null,"status":"passed","title":"should render correctly"},{"ancestorTitles":["FieldInput Component"],"failureMessages":[],"fullName":"FieldInput Component should render label correctly","location":null,"status":"passed","title":"should render label correctly"},{"ancestorTitles":["FieldInput Component"],"failureMessages":[],"fullName":"FieldInput Component should render Input component with proper type","location":null,"status":"passed","title":"should render Input component with proper type"}],"endTime":1575428121509,"message":"","name":"/Users/vinkumar2/Documents/Projects/PageSource/PatternLibs/ReactPatternLib/lib/components/molecules/Form/FieldInput/tests/FieldInput.test.js","startTime":1575428120419,"status":"passed","summary":""},{"assertionResults":[{"ancestorTitles":["FieldTextarea Component"],"failureMessages":[],"fullName":"FieldTextarea Component should render correctly","location":null,"status":"passed","title":"should render correctly"},{"ancestorTitles":["FieldTextarea Component"],"failureMessages":[],"fullName":"FieldTextarea Component should render label correctly","location":null,"status":"passed","title":"should render label correctly"},{"ancestorTitles":["FieldTextarea Component"],"failureMessages":[],"fullName":"FieldTextarea Component should render textarea tag","location":null,"status":"passed","title":"should render textarea tag"}],"endTime":1575428121520,"message":"","name":"/Users/vinkumar2/Documents/Projects/PageSource/PatternLibs/ReactPatternLib/lib/components/molecules/Form/FieldTextarea/tests/FieldTextarea.test.js","startTime":1575428120423,"status":"passed","summary":""},{"assertionResults":[{"ancestorTitles":["Form Component"],"failureMessages":[],"fullName":"Form Component should render select tag correctly","location":null,"status":"passed","title":"should render select tag correctly"},{"ancestorTitles":["Form Component"],"failureMessages":[],"fullName":"Form Component should render input text field","location":null,"status":"passed","title":"should render input text field"},{"ancestorTitles":["Form Component"],"failureMessages":[],"fullName":"Form Component should render select field","location":null,"status":"passed","title":"should render select field"},{"ancestorTitles":["Form Component"],"failureMessages":[],"fullName":"Form Component should render input field with yupValidationSchema","location":null,"status":"passed","title":"should render input field with yupValidationSchema"},{"ancestorTitles":["Form Component"],"failureMessages":[],"fullName":"Form Component should render input field with no validation","location":null,"status":"passed","title":"should render input field with no validation"},{"ancestorTitles":["Form Component"],"failureMessages":[],"fullName":"Form Component getSchema should return null if no params are passed","location":null,"status":"passed","title":"getSchema should return null if no params are passed"}],"endTime":1575428121698,"message":"","name":"/Users/vinkumar2/Documents/Projects/PageSource/PatternLibs/ReactPatternLib/lib/components/molecules/Form/tests/Form.test.js","startTime":1575428120380,"status":"passed","summary":""}],"wasInterrupted":false,"coverageMap":{"/Users/vinkumar2/Documents/Projects/PageSource/PatternLibs/ReactPatternLib/lib/components/molecules/Form/FieldSelect/FieldSelect.js":{"path":"/Users/vinkumar2/Documents/Projects/PageSource/PatternLibs/ReactPatternLib/lib/components/molecules/Form/FieldSelect/FieldSelect.js","statementMap":{"0":{"start":{"line":21,"column":20},"end":{"line":55,"column":1}},"1":{"start":{"line":31,"column":2},"end":{"line":54,"column":8}},"2":{"start":{"line":39,"column":33},"end":{"line":39,"column":37}},"3":{"start":{"line":40,"column":8},"end":{"line":49,"column":10}},"4":{"start":{"line":45,"column":14},"end":{"line":45,"column":30}},"5":{"start":{"line":46,"column":14},"end":{"line":46,"column":68}},"6":{"start":{"line":46,"column":50},"end":{"line":46,"column":68}},"7":{"start":{"line":57,"column":0},"end":{"line":61,"column":2}}},"fnMap":{"0":{"name":"(anonymous_0)","decl":{"start":{"line":21,"column":20},"end":{"line":21,"column":21}},"loc":{"start":{"line":31,"column":2},"end":{"line":54,"column":8}},"line":31},"1":{"name":"(anonymous_1)","decl":{"start":{"line":38,"column":14},"end":{"line":38,"column":15}},"loc":{"start":{"line":38,"column":35},"end":{"line":50,"column":7}},"line":38},"2":{"name":"(anonymous_2)","decl":{"start":{"line":44,"column":22},"end":{"line":44,"column":23}},"loc":{"start":{"line":44,"column":27},"end":{"line":47,"column":13}},"line":44}},"branchMap":{"0":{"loc":{"start":{"line":46,"column":14},"end":{"line":46,"column":68}},"type":"if","locations":[{"start":{"line":46,"column":14},"end":{"line":46,"column":68}},{"start":{"line":46,"column":14},"end":{"line":46,"column":68}}],"line":46}},"s":{"0":2,"1":3,"2":2,"3":2,"4":0,"5":0,"6":0,"7":2},"f":{"0":3,"1":2,"2":0},"b":{"0":[0,0]},"_coverageSchema":"43e27e138ebf9cfc5966b082cf9a028302ed4184","hash":"2b42b7ef7cdece564ccd2b081c57aa6bd64c5c9e"},"/Users/vinkumar2/Documents/Projects/PageSource/PatternLibs/ReactPatternLib/lib/components/atoms/Label/index.js":{"path":"/Users/vinkumar2/Documents/Projects/PageSource/PatternLibs/ReactPatternLib/lib/components/atoms/Label/index.js","statementMap":{},"fnMap":{},"branchMap":{},"s":{},"f":{},"b":{},"_coverageSchema":"43e27e138ebf9cfc5966b082cf9a028302ed4184","hash":"920effd6992b47849731fdf696cc0c134c7f5490"},"/Users/vinkumar2/Documents/Projects/PageSource/PatternLibs/ReactPatternLib/lib/components/atoms/Label/Label.js":{"path":"/Users/vinkumar2/Documents/Projects/PageSource/PatternLibs/ReactPatternLib/lib/components/atoms/Label/Label.js","statementMap":{"0":{"start":{"line":14,"column":14},"end":{"line":25,"column":1}},"1":{"start":{"line":17,"column":2},"end":{"line":24,"column":10}},"2":{"start":{"line":27,"column":0},"end":{"line":30,"column":2}}},"fnMap":{"0":{"name":"(anonymous_0)","decl":{"start":{"line":14,"column":14},"end":{"line":14,"column":15}},"loc":{"start":{"line":17,"column":2},"end":{"line":24,"column":10}},"line":17}},"branchMap":{"0":{"loc":{"start":{"line":20,"column":18},"end":{"line":20,"column":88}},"type":"binary-expr","locations":[{"start":{"line":20,"column":18},"end":{"line":20,"column":32}},{"start":{"line":20,"column":36},"end":{"line":20,"column":88}}],"line":20}},"s":{"0":4,"1":7,"2":4},"f":{"0":7},"b":{"0":[7,7]},"_coverageSchema":"43e27e138ebf9cfc5966b082cf9a028302ed4184","hash":"54653b91492fcb794b99e94caf9be4593199a168"},"/Users/vinkumar2/Documents/Projects/PageSource/PatternLibs/ReactPatternLib/lib/core/utils/elementLocator.js":{"path":"/Users/vinkumar2/Documents/Projects/PageSource/PatternLibs/ReactPatternLib/lib/core/utils/elementLocator.js","statementMap":{"0":{"start":{"line":4,"column":36},"end":{"line":20,"column":1}},"1":{"start":{"line":5,"column":14},"end":{"line":5,"column":16}},"2":{"start":{"line":7,"column":2},"end":{"line":18,"column":5}},"3":{"start":{"line":8,"column":24},"end":{"line":8,"column":29}},"4":{"start":{"line":10,"column":4},"end":{"line":16,"column":5}},"5":{"start":{"line":11,"column":6},"end":{"line":15,"column":9}},"6":{"start":{"line":12,"column":8},"end":{"line":12,"column":78}},"7":{"start":{"line":13,"column":8},"end":{"line":13,"column":51}},"8":{"start":{"line":13,"column":30},"end":{"line":13,"column":51}},"9":{"start":{"line":14,"column":8},"end":{"line":14,"column":29}},"10":{"start":{"line":17,"column":4},"end":{"line":17,"column":45}},"11":{"start":{"line":19,"column":2},"end":{"line":19,"column":29}}},"fnMap":{"0":{"name":"(anonymous_0)","decl":{"start":{"line":4,"column":36},"end":{"line":4,"column":37}},"loc":{"start":{"line":4,"column":48},"end":{"line":20,"column":1}},"line":4},"1":{"name":"(anonymous_1)","decl":{"start":{"line":7,"column":34},"end":{"line":7,"column":35}},"loc":{"start":{"line":7,"column":57},"end":{"line":18,"column":3}},"line":7},"2":{"name":"(anonymous_2)","decl":{"start":{"line":11,"column":28},"end":{"line":11,"column":29}},"loc":{"start":{"line":11,"column":51},"end":{"line":15,"column":7}},"line":11}},"branchMap":{"0":{"loc":{"start":{"line":10,"column":4},"end":{"line":16,"column":5}},"type":"if","locations":[{"start":{"line":10,"column":4},"end":{"line":16,"column":5}},{"start":{"line":10,"column":4},"end":{"line":16,"column":5}}],"line":10},"1":{"loc":{"start":{"line":12,"column":20},"end":{"line":12,"column":67}},"type":"cond-expr","locations":[{"start":{"line":12,"column":59},"end":{"line":12,"column":61}},{"start":{"line":12,"column":64},"end":{"line":12,"column":67}}],"line":12},"2":{"loc":{"start":{"line":12,"column":20},"end":{"line":12,"column":56}},"type":"binary-expr","locations":[{"start":{"line":12,"column":20},"end":{"line":12,"column":36}},{"start":{"line":12,"column":40},"end":{"line":12,"column":56}}],"line":12},"3":{"loc":{"start":{"line":13,"column":8},"end":{"line":13,"column":51}},"type":"if","locations":[{"start":{"line":13,"column":8},"end":{"line":13,"column":51}},{"start":{"line":13,"column":8},"end":{"line":13,"column":51}}],"line":13},"4":{"loc":{"start":{"line":17,"column":11},"end":{"line":17,"column":44}},"type":"binary-expr","locations":[{"start":{"line":17,"column":11},"end":{"line":17,"column":24}},{"start":{"line":17,"column":28},"end":{"line":17,"column":44}}],"line":17}},"s":{"0":4,"1":8,"2":8,"3":5,"4":5,"5":5,"6":8,"7":8,"8":3,"9":8,"10":5,"11":8},"f":{"0":8,"1":5,"2":8},"b":{"0":[5,0],"1":[5,3],"2":[8,8],"3":[3,5],"4":[5,2]},"_coverageSchema":"43e27e138ebf9cfc5966b082cf9a028302ed4184","hash":"ce63bae5539cdc1414302bdb40bac2aff6079995"},"/Users/vinkumar2/Documents/Projects/PageSource/PatternLibs/ReactPatternLib/lib/components/atoms/Select/index.js":{"path":"/Users/vinkumar2/Documents/Projects/PageSource/PatternLibs/ReactPatternLib/lib/components/atoms/Select/index.js","statementMap":{},"fnMap":{},"branchMap":{},"s":{},"f":{},"b":{},"_coverageSchema":"43e27e138ebf9cfc5966b082cf9a028302ed4184","hash":"ad81d864a120addffc6e6be449c9cf5a8d6c7dd2"},"/Users/vinkumar2/Documents/Projects/PageSource/PatternLibs/ReactPatternLib/lib/components/atoms/Select/Select.js":{"path":"/Users/vinkumar2/Documents/Projects/PageSource/PatternLibs/ReactPatternLib/lib/components/atoms/Select/Select.js","statementMap":{"0":{"start":{"line":18,"column":15},"end":{"line":45,"column":1}},"1":{"start":{"line":29,"column":2},"end":{"line":44,"column":11}},"2":{"start":{"line":40,"column":6},"end":{"line":42,"column":15}},"3":{"start":{"line":47,"column":0},"end":{"line":53,"column":2}}},"fnMap":{"0":{"name":"(anonymous_0)","decl":{"start":{"line":18,"column":15},"end":{"line":18,"column":16}},"loc":{"start":{"line":29,"column":2},"end":{"line":44,"column":11}},"line":29},"1":{"name":"(anonymous_1)","decl":{"start":{"line":39,"column":17},"end":{"line":39,"column":18}},"loc":{"start":{"line":40,"column":6},"end":{"line":42,"column":15}},"line":40}},"branchMap":{"0":{"loc":{"start":{"line":35,"column":18},"end":{"line":35,"column":64}},"type":"binary-expr","locations":[{"start":{"line":35,"column":18},"end":{"line":35,"column":32}},{"start":{"line":35,"column":36},"end":{"line":35,"column":64}}],"line":35},"1":{"loc":{"start":{"line":38,"column":5},"end":{"line":38,"column":59}},"type":"binary-expr","locations":[{"start":{"line":38,"column":5},"end":{"line":38,"column":16}},{"start":{"line":38,"column":20},"end":{"line":38,"column":59}}],"line":38}},"s":{"0":2,"1":2,"2":6,"3":2},"f":{"0":2,"1":6},"b":{"0":[2,2],"1":[2,0]},"_coverageSchema":"43e27e138ebf9cfc5966b082cf9a028302ed4184","hash":"fe1e261de49eb29efa5e8ded1bf596697724cfcd"},"/Users/vinkumar2/Documents/Projects/PageSource/PatternLibs/ReactPatternLib/lib/components/atoms/Select/Select.style.js":{"path":"/Users/vinkumar2/Documents/Projects/PageSource/PatternLibs/ReactPatternLib/lib/components/atoms/Select/Select.style.js","statementMap":{"0":{"start":{"line":3,"column":15},"end":{"line":22,"column":1}},"1":{"start":{"line":5,"column":13},"end":{"line":10,"column":3}},"2":{"start":{"line":14,"column":4},"end":{"line":19,"column":10}},"3":{"start":{"line":21,"column":14},"end":{"line":21,"column":64}}},"fnMap":{"0":{"name":"(anonymous_0)","decl":{"start":{"line":5,"column":4},"end":{"line":5,"column":5}},"loc":{"start":{"line":5,"column":13},"end":{"line":10,"column":3}},"line":5},"1":{"name":"(anonymous_1)","decl":{"start":{"line":13,"column":4},"end":{"line":13,"column":5}},"loc":{"start":{"line":14,"column":4},"end":{"line":19,"column":10}},"line":14},"2":{"name":"(anonymous_2)","decl":{"start":{"line":21,"column":4},"end":{"line":21,"column":5}},"loc":{"start":{"line":21,"column":14},"end":{"line":21,"column":64}},"line":21}},"branchMap":{"0":{"loc":{"start":{"line":14,"column":4},"end":{"line":19,"column":10}},"type":"cond-expr","locations":[{"start":{"line":15,"column":8},"end":{"line":18,"column":5}},{"start":{"line":19,"column":8},"end":{"line":19,"column":10}}],"line":14},"1":{"loc":{"start":{"line":21,"column":14},"end":{"line":21,"column":64}},"type":"cond-expr","locations":[{"start":{"line":21,"column":38},"end":{"line":21,"column":59}},{"start":{"line":21,"column":62},"end":{"line":21,"column":64}}],"line":21}},"s":{"0":2,"1":2,"2":2,"3":2},"f":{"0":2,"1":2,"2":2},"b":{"0":[0,2],"1":[0,2]},"_coverageSchema":"43e27e138ebf9cfc5966b082cf9a028302ed4184","hash":"47f9f3d7c157211a7dca33c4e8385b064a1ca366"},"/Users/vinkumar2/Documents/Projects/PageSource/PatternLibs/ReactPatternLib/lib/components/atoms/FieldError/index.js":{"path":"/Users/vinkumar2/Documents/Projects/PageSource/PatternLibs/ReactPatternLib/lib/components/atoms/FieldError/index.js","statementMap":{},"fnMap":{},"branchMap":{},"s":{},"f":{},"b":{},"_coverageSchema":"43e27e138ebf9cfc5966b082cf9a028302ed4184","hash":"6bee6c2cce9700ed4a23105a8bf73461beb4e033"},"/Users/vinkumar2/Documents/Projects/PageSource/PatternLibs/ReactPatternLib/lib/components/atoms/FieldError/FieldError.js":{"path":"/Users/vinkumar2/Documents/Projects/PageSource/PatternLibs/ReactPatternLib/lib/components/atoms/FieldError/FieldError.js","statementMap":{"0":{"start":{"line":17,"column":19},"end":{"line":35,"column":1}},"1":{"start":{"line":25,"column":2},"end":{"line":34,"column":9}},"2":{"start":{"line":37,"column":0},"end":{"line":42,"column":2}}},"fnMap":{"0":{"name":"(anonymous_0)","decl":{"start":{"line":17,"column":19},"end":{"line":17,"column":20}},"loc":{"start":{"line":25,"column":2},"end":{"line":34,"column":9}},"line":25}},"branchMap":{"0":{"loc":{"start":{"line":29,"column":18},"end":{"line":29,"column":57}},"type":"cond-expr","locations":[{"start":{"line":29,"column":31},"end":{"line":29,"column":52}},{"start":{"line":29,"column":55},"end":{"line":29,"column":57}}],"line":29},"1":{"loc":{"start":{"line":30,"column":18},"end":{"line":30,"column":83}},"type":"binary-expr","locations":[{"start":{"line":30,"column":18},"end":{"line":30,"column":32}},{"start":{"line":30,"column":36},"end":{"line":30,"column":83}}],"line":30}},"s":{"0":4,"1":0,"2":4},"f":{"0":0},"b":{"0":[0,0],"1":[0,0]},"_coverageSchema":"43e27e138ebf9cfc5966b082cf9a028302ed4184","hash":"113f6aa8022685c029eb604ed452acc88388cc9c"},"/Users/vinkumar2/Documents/Projects/PageSource/PatternLibs/ReactPatternLib/lib/components/atoms/Para/index.js":{"path":"/Users/vinkumar2/Documents/Projects/PageSource/PatternLibs/ReactPatternLib/lib/components/atoms/Para/index.js","statementMap":{},"fnMap":{},"branchMap":{},"s":{},"f":{},"b":{},"_coverageSchema":"43e27e138ebf9cfc5966b082cf9a028302ed4184","hash":"c614b2360935df48cc45d1395792b70584ae7405"},"/Users/vinkumar2/Documents/Projects/PageSource/PatternLibs/ReactPatternLib/lib/components/atoms/Para/Para.js":{"path":"/Users/vinkumar2/Documents/Projects/PageSource/PatternLibs/ReactPatternLib/lib/components/atoms/Para/Para.js","statementMap":{"0":{"start":{"line":15,"column":13},"end":{"line":27,"column":1}},"1":{"start":{"line":16,"column":22},"end":{"line":20,"column":8}},"2":{"start":{"line":22,"column":2},"end":{"line":26,"column":4}},"3":{"start":{"line":29,"column":0},"end":{"line":33,"column":2}}},"fnMap":{"0":{"name":"(anonymous_0)","decl":{"start":{"line":15,"column":13},"end":{"line":15,"column":14}},"loc":{"start":{"line":15,"column":99},"end":{"line":27,"column":1}},"line":15}},"branchMap":{"0":{"loc":{"start":{"line":16,"column":22},"end":{"line":20,"column":8}},"type":"cond-expr","locations":[{"start":{"line":17,"column":6},"end":{"line":19,"column":7}},{"start":{"line":20,"column":6},"end":{"line":20,"column":8}}],"line":16}},"s":{"0":4,"1":0,"2":0,"3":4},"f":{"0":0},"b":{"0":[0,0]},"_coverageSchema":"43e27e138ebf9cfc5966b082cf9a028302ed4184","hash":"533956a3b6d0af4335758eebba39e91e65ed6de1"},"/Users/vinkumar2/Documents/Projects/PageSource/PatternLibs/ReactPatternLib/lib/components/atoms/Para/Para.style.js":{"path":"/Users/vinkumar2/Documents/Projects/PageSource/PatternLibs/ReactPatternLib/lib/components/atoms/Para/Para.style.js","statementMap":{},"fnMap":{},"branchMap":{},"s":{},"f":{},"b":{},"_coverageSchema":"43e27e138ebf9cfc5966b082cf9a028302ed4184","hash":"e0fe5319c3b423ab7853e177142cfd926f9e8f16"},"/Users/vinkumar2/Documents/Projects/PageSource/PatternLibs/ReactPatternLib/lib/components/atoms/FieldError/FieldError.style.js":{"path":"/Users/vinkumar2/Documents/Projects/PageSource/PatternLibs/ReactPatternLib/lib/components/atoms/FieldError/FieldError.style.js","statementMap":{"0":{"start":{"line":3,"column":15},"end":{"line":10,"column":1}},"1":{"start":{"line":4,"column":13},"end":{"line":4,"column":46}},"2":{"start":{"line":5,"column":13},"end":{"line":5,"column":42}},"3":{"start":{"line":9,"column":14},"end":{"line":9,"column":64}}},"fnMap":{"0":{"name":"(anonymous_0)","decl":{"start":{"line":4,"column":4},"end":{"line":4,"column":5}},"loc":{"start":{"line":4,"column":13},"end":{"line":4,"column":46}},"line":4},"1":{"name":"(anonymous_1)","decl":{"start":{"line":5,"column":4},"end":{"line":5,"column":5}},"loc":{"start":{"line":5,"column":13},"end":{"line":5,"column":42}},"line":5},"2":{"name":"(anonymous_2)","decl":{"start":{"line":9,"column":4},"end":{"line":9,"column":5}},"loc":{"start":{"line":9,"column":14},"end":{"line":9,"column":64}},"line":9}},"branchMap":{"0":{"loc":{"start":{"line":9,"column":14},"end":{"line":9,"column":64}},"type":"cond-expr","locations":[{"start":{"line":9,"column":38},"end":{"line":9,"column":59}},{"start":{"line":9,"column":62},"end":{"line":9,"column":64}}],"line":9}},"s":{"0":4,"1":0,"2":0,"3":0},"f":{"0":0,"1":0,"2":0},"b":{"0":[0,0]},"_coverageSchema":"43e27e138ebf9cfc5966b082cf9a028302ed4184","hash":"9c1df244bccaad754d9c5cdac9006d9c1d148477"},"/Users/vinkumar2/Documents/Projects/PageSource/PatternLibs/ReactPatternLib/lib/components/molecules/Form/FieldSelect/FieldSelect.style.js":{"path":"/Users/vinkumar2/Documents/Projects/PageSource/PatternLibs/ReactPatternLib/lib/components/molecules/Form/FieldSelect/FieldSelect.style.js","statementMap":{"0":{"start":{"line":3,"column":15},"end":{"line":10,"column":1}},"1":{"start":{"line":4,"column":28},"end":{"line":4,"column":53}},"2":{"start":{"line":8,"column":30},"end":{"line":8,"column":58}}},"fnMap":{"0":{"name":"(anonymous_0)","decl":{"start":{"line":4,"column":19},"end":{"line":4,"column":20}},"loc":{"start":{"line":4,"column":28},"end":{"line":4,"column":53}},"line":4},"1":{"name":"(anonymous_1)","decl":{"start":{"line":8,"column":21},"end":{"line":8,"column":22}},"loc":{"start":{"line":8,"column":30},"end":{"line":8,"column":58}},"line":8}},"branchMap":{},"s":{"0":2,"1":0,"2":0},"f":{"0":0,"1":0},"b":{},"_coverageSchema":"43e27e138ebf9cfc5966b082cf9a028302ed4184","hash":"f32628f430b4f28a29c26dd0fd4eb04569ab8154"},"/Users/vinkumar2/Documents/Projects/PageSource/PatternLibs/ReactPatternLib/lib/components/molecules/Form/FieldInput/FieldInput.js":{"path":"/Users/vinkumar2/Documents/Projects/PageSource/PatternLibs/ReactPatternLib/lib/components/molecules/Form/FieldInput/FieldInput.js","statementMap":{"0":{"start":{"line":25,"column":19},"end":{"line":68,"column":1}},"1":{"start":{"line":38,"column":2},"end":{"line":67,"column":8}},"2":{"start":{"line":47,"column":45},"end":{"line":47,"column":49}},"3":{"start":{"line":48,"column":8},"end":{"line":62,"column":10}},"4":{"start":{"line":54,"column":14},"end":{"line":54,"column":30}},"5":{"start":{"line":55,"column":14},"end":{"line":55,"column":68}},"6":{"start":{"line":55,"column":50},"end":{"line":55,"column":68}},"7":{"start":{"line":58,"column":14},"end":{"line":58,"column":28}},"8":{"start":{"line":59,"column":14},"end":{"line":59,"column":64}},"9":{"start":{"line":59,"column":48},"end":{"line":59,"column":64}},"10":{"start":{"line":70,"column":0},"end":{"line":79,"column":2}}},"fnMap":{"0":{"name":"(anonymous_0)","decl":{"start":{"line":25,"column":19},"end":{"line":25,"column":20}},"loc":{"start":{"line":38,"column":2},"end":{"line":67,"column":8}},"line":38},"1":{"name":"(anonymous_1)","decl":{"start":{"line":46,"column":14},"end":{"line":46,"column":15}},"loc":{"start":{"line":46,"column":35},"end":{"line":63,"column":7}},"line":46},"2":{"name":"(anonymous_2)","decl":{"start":{"line":53,"column":22},"end":{"line":53,"column":23}},"loc":{"start":{"line":53,"column":27},"end":{"line":56,"column":13}},"line":53},"3":{"name":"(anonymous_3)","decl":{"start":{"line":57,"column":20},"end":{"line":57,"column":21}},"loc":{"start":{"line":57,"column":25},"end":{"line":60,"column":13}},"line":57}},"branchMap":{"0":{"loc":{"start":{"line":55,"column":14},"end":{"line":55,"column":68}},"type":"if","locations":[{"start":{"line":55,"column":14},"end":{"line":55,"column":68}},{"start":{"line":55,"column":14},"end":{"line":55,"column":68}}],"line":55},"1":{"loc":{"start":{"line":59,"column":14},"end":{"line":59,"column":64}},"type":"if","locations":[{"start":{"line":59,"column":14},"end":{"line":59,"column":64}},{"start":{"line":59,"column":14},"end":{"line":59,"column":64}}],"line":59}},"s":{"0":2,"1":4,"2":3,"3":3,"4":0,"5":0,"6":0,"7":0,"8":0,"9":0,"10":2},"f":{"0":4,"1":3,"2":0,"3":0},"b":{"0":[0,0],"1":[0,0]},"_coverageSchema":"43e27e138ebf9cfc5966b082cf9a028302ed4184","hash":"381ef3643ad39eea3a8456f0fe0b16402ae24dce"},"/Users/vinkumar2/Documents/Projects/PageSource/PatternLibs/ReactPatternLib/lib/components/atoms/Input/index.js":{"path":"/Users/vinkumar2/Documents/Projects/PageSource/PatternLibs/ReactPatternLib/lib/components/atoms/Input/index.js","statementMap":{},"fnMap":{},"branchMap":{},"s":{},"f":{},"b":{},"_coverageSchema":"43e27e138ebf9cfc5966b082cf9a028302ed4184","hash":"f08565ede550785a17ca24393795888f06878d7c"},"/Users/vinkumar2/Documents/Projects/PageSource/PatternLibs/ReactPatternLib/lib/components/atoms/Input/Input.js":{"path":"/Users/vinkumar2/Documents/Projects/PageSource/PatternLibs/ReactPatternLib/lib/components/atoms/Input/Input.js","statementMap":{"0":{"start":{"line":18,"column":14},"end":{"line":40,"column":1}},"1":{"start":{"line":29,"column":2},"end":{"line":39,"column":4}},"2":{"start":{"line":42,"column":0},"end":{"line":49,"column":2}}},"fnMap":{"0":{"name":"(anonymous_0)","decl":{"start":{"line":18,"column":14},"end":{"line":18,"column":15}},"loc":{"start":{"line":29,"column":2},"end":{"line":39,"column":4}},"line":29}},"branchMap":{"0":{"loc":{"start":{"line":37,"column":18},"end":{"line":37,"column":59}},"type":"binary-expr","locations":[{"start":{"line":37,"column":18},"end":{"line":37,"column":32}},{"start":{"line":37,"column":36},"end":{"line":37,"column":59}}],"line":37}},"s":{"0":2,"1":3,"2":2},"f":{"0":3},"b":{"0":[3,3]},"_coverageSchema":"43e27e138ebf9cfc5966b082cf9a028302ed4184","hash":"b4dbca88b2e29ef9b7eb8029ec35564e5430b4d7"},"/Users/vinkumar2/Documents/Projects/PageSource/PatternLibs/ReactPatternLib/lib/components/atoms/Input/Input.style.js":{"path":"/Users/vinkumar2/Documents/Projects/PageSource/PatternLibs/ReactPatternLib/lib/components/atoms/Input/Input.style.js","statementMap":{"0":{"start":{"line":3,"column":15},"end":{"line":20,"column":1}},"1":{"start":{"line":4,"column":13},"end":{"line":9,"column":3}},"2":{"start":{"line":12,"column":4},"end":{"line":17,"column":10}},"3":{"start":{"line":19,"column":14},"end":{"line":19,"column":64}}},"fnMap":{"0":{"name":"(anonymous_0)","decl":{"start":{"line":4,"column":4},"end":{"line":4,"column":5}},"loc":{"start":{"line":4,"column":13},"end":{"line":9,"column":3}},"line":4},"1":{"name":"(anonymous_1)","decl":{"start":{"line":11,"column":4},"end":{"line":11,"column":5}},"loc":{"start":{"line":12,"column":4},"end":{"line":17,"column":10}},"line":12},"2":{"name":"(anonymous_2)","decl":{"start":{"line":19,"column":4},"end":{"line":19,"column":5}},"loc":{"start":{"line":19,"column":14},"end":{"line":19,"column":64}},"line":19}},"branchMap":{"0":{"loc":{"start":{"line":12,"column":4},"end":{"line":17,"column":10}},"type":"cond-expr","locations":[{"start":{"line":13,"column":8},"end":{"line":16,"column":5}},{"start":{"line":17,"column":8},"end":{"line":17,"column":10}}],"line":12},"1":{"loc":{"start":{"line":19,"column":14},"end":{"line":19,"column":64}},"type":"cond-expr","locations":[{"start":{"line":19,"column":38},"end":{"line":19,"column":59}},{"start":{"line":19,"column":62},"end":{"line":19,"column":64}}],"line":19}},"s":{"0":2,"1":3,"2":3,"3":3},"f":{"0":3,"1":3,"2":3},"b":{"0":[0,3],"1":[0,3]},"_coverageSchema":"43e27e138ebf9cfc5966b082cf9a028302ed4184","hash":"add374dc76672d12b8bd4af11cf45752570b1888"},"/Users/vinkumar2/Documents/Projects/PageSource/PatternLibs/ReactPatternLib/lib/components/molecules/Form/FieldInput/FieldInput.style.js":{"path":"/Users/vinkumar2/Documents/Projects/PageSource/PatternLibs/ReactPatternLib/lib/components/molecules/Form/FieldInput/FieldInput.style.js","statementMap":{"0":{"start":{"line":3,"column":15},"end":{"line":11,"column":1}},"1":{"start":{"line":4,"column":28},"end":{"line":4,"column":53}},"2":{"start":{"line":9,"column":30},"end":{"line":9,"column":58}}},"fnMap":{"0":{"name":"(anonymous_0)","decl":{"start":{"line":4,"column":19},"end":{"line":4,"column":20}},"loc":{"start":{"line":4,"column":28},"end":{"line":4,"column":53}},"line":4},"1":{"name":"(anonymous_1)","decl":{"start":{"line":9,"column":21},"end":{"line":9,"column":22}},"loc":{"start":{"line":9,"column":30},"end":{"line":9,"column":58}},"line":9}},"branchMap":{},"s":{"0":2,"1":1,"2":1},"f":{"0":1,"1":1},"b":{},"_coverageSchema":"43e27e138ebf9cfc5966b082cf9a028302ed4184","hash":"8f4ad62015f50c65be7d5ceb92b3c3d0fd1add32"},"/Users/vinkumar2/Documents/Projects/PageSource/PatternLibs/ReactPatternLib/lib/components/molecules/Form/FieldTextarea/FieldTextarea.js":{"path":"/Users/vinkumar2/Documents/Projects/PageSource/PatternLibs/ReactPatternLib/lib/components/molecules/Form/FieldTextarea/FieldTextarea.js","statementMap":{"0":{"start":{"line":23,"column":22},"end":{"line":55,"column":1}},"1":{"start":{"line":32,"column":2},"end":{"line":54,"column":8}},"2":{"start":{"line":40,"column":33},"end":{"line":40,"column":37}},"3":{"start":{"line":41,"column":8},"end":{"line":50,"column":10}},"4":{"start":{"line":46,"column":14},"end":{"line":46,"column":30}},"5":{"start":{"line":47,"column":14},"end":{"line":47,"column":68}},"6":{"start":{"line":47,"column":50},"end":{"line":47,"column":68}},"7":{"start":{"line":57,"column":0},"end":{"line":62,"column":2}}},"fnMap":{"0":{"name":"(anonymous_0)","decl":{"start":{"line":23,"column":22},"end":{"line":23,"column":23}},"loc":{"start":{"line":32,"column":2},"end":{"line":54,"column":8}},"line":32},"1":{"name":"(anonymous_1)","decl":{"start":{"line":39,"column":14},"end":{"line":39,"column":15}},"loc":{"start":{"line":39,"column":35},"end":{"line":51,"column":7}},"line":39},"2":{"name":"(anonymous_2)","decl":{"start":{"line":45,"column":22},"end":{"line":45,"column":23}},"loc":{"start":{"line":45,"column":27},"end":{"line":48,"column":13}},"line":45}},"branchMap":{"0":{"loc":{"start":{"line":47,"column":14},"end":{"line":47,"column":68}},"type":"if","locations":[{"start":{"line":47,"column":14},"end":{"line":47,"column":68}},{"start":{"line":47,"column":14},"end":{"line":47,"column":68}}],"line":47}},"s":{"0":2,"1":3,"2":2,"3":2,"4":0,"5":0,"6":0,"7":2},"f":{"0":3,"1":2,"2":0},"b":{"0":[0,0]},"_coverageSchema":"43e27e138ebf9cfc5966b082cf9a028302ed4184","hash":"6d3bad9145aab0a6c6458b169a8cb3c0b73c5eb4"},"/Users/vinkumar2/Documents/Projects/PageSource/PatternLibs/ReactPatternLib/lib/components/atoms/Textarea/index.js":{"path":"/Users/vinkumar2/Documents/Projects/PageSource/PatternLibs/ReactPatternLib/lib/components/atoms/Textarea/index.js","statementMap":{},"fnMap":{},"branchMap":{},"s":{},"f":{},"b":{},"_coverageSchema":"43e27e138ebf9cfc5966b082cf9a028302ed4184","hash":"b4b11a4c6b0128df16cf6f16ad581ef59a1522f7"},"/Users/vinkumar2/Documents/Projects/PageSource/PatternLibs/ReactPatternLib/lib/components/atoms/Textarea/Textarea.js":{"path":"/Users/vinkumar2/Documents/Projects/PageSource/PatternLibs/ReactPatternLib/lib/components/atoms/Textarea/Textarea.js","statementMap":{"0":{"start":{"line":22,"column":17},"end":{"line":44,"column":1}},"1":{"start":{"line":33,"column":2},"end":{"line":43,"column":4}},"2":{"start":{"line":46,"column":0},"end":{"line":53,"column":2}}},"fnMap":{"0":{"name":"(anonymous_0)","decl":{"start":{"line":22,"column":17},"end":{"line":22,"column":18}},"loc":{"start":{"line":33,"column":2},"end":{"line":43,"column":4}},"line":33}},"branchMap":{"0":{"loc":{"start":{"line":41,"column":18},"end":{"line":41,"column":66}},"type":"binary-expr","locations":[{"start":{"line":41,"column":18},"end":{"line":41,"column":32}},{"start":{"line":41,"column":36},"end":{"line":41,"column":66}}],"line":41}},"s":{"0":2,"1":2,"2":2},"f":{"0":2},"b":{"0":[2,2]},"_coverageSchema":"43e27e138ebf9cfc5966b082cf9a028302ed4184","hash":"29e58dc42c298ea88f47fbd9e455bdefbd01050b"},"/Users/vinkumar2/Documents/Projects/PageSource/PatternLibs/ReactPatternLib/lib/components/atoms/Textarea/Textarea.style.js":{"path":"/Users/vinkumar2/Documents/Projects/PageSource/PatternLibs/ReactPatternLib/lib/components/atoms/Textarea/Textarea.style.js","statementMap":{"0":{"start":{"line":3,"column":15},"end":{"line":24,"column":1}},"1":{"start":{"line":4,"column":13},"end":{"line":9,"column":3}},"2":{"start":{"line":10,"column":21},"end":{"line":10,"column":43}},"3":{"start":{"line":16,"column":4},"end":{"line":21,"column":10}},"4":{"start":{"line":23,"column":14},"end":{"line":23,"column":64}}},"fnMap":{"0":{"name":"(anonymous_0)","decl":{"start":{"line":4,"column":4},"end":{"line":4,"column":5}},"loc":{"start":{"line":4,"column":13},"end":{"line":9,"column":3}},"line":4},"1":{"name":"(anonymous_1)","decl":{"start":{"line":10,"column":12},"end":{"line":10,"column":13}},"loc":{"start":{"line":10,"column":21},"end":{"line":10,"column":43}},"line":10},"2":{"name":"(anonymous_2)","decl":{"start":{"line":15,"column":4},"end":{"line":15,"column":5}},"loc":{"start":{"line":16,"column":4},"end":{"line":21,"column":10}},"line":16},"3":{"name":"(anonymous_3)","decl":{"start":{"line":23,"column":4},"end":{"line":23,"column":5}},"loc":{"start":{"line":23,"column":14},"end":{"line":23,"column":64}},"line":23}},"branchMap":{"0":{"loc":{"start":{"line":10,"column":21},"end":{"line":10,"column":43}},"type":"binary-expr","locations":[{"start":{"line":10,"column":21},"end":{"line":10,"column":33}},{"start":{"line":10,"column":37},"end":{"line":10,"column":43}}],"line":10},"1":{"loc":{"start":{"line":16,"column":4},"end":{"line":21,"column":10}},"type":"cond-expr","locations":[{"start":{"line":17,"column":8},"end":{"line":20,"column":5}},{"start":{"line":21,"column":8},"end":{"line":21,"column":10}}],"line":16},"2":{"loc":{"start":{"line":23,"column":14},"end":{"line":23,"column":64}},"type":"cond-expr","locations":[{"start":{"line":23,"column":38},"end":{"line":23,"column":59}},{"start":{"line":23,"column":62},"end":{"line":23,"column":64}}],"line":23}},"s":{"0":2,"1":2,"2":2,"3":2,"4":2},"f":{"0":2,"1":2,"2":2,"3":2},"b":{"0":[2,2],"1":[0,2],"2":[0,2]},"_coverageSchema":"43e27e138ebf9cfc5966b082cf9a028302ed4184","hash":"f29256f58f6d048f6498f6b971646573a8000eac"},"/Users/vinkumar2/Documents/Projects/PageSource/PatternLibs/ReactPatternLib/lib/components/molecules/Form/FieldTextarea/FieldTextarea.style.js":{"path":"/Users/vinkumar2/Documents/Projects/PageSource/PatternLibs/ReactPatternLib/lib/components/molecules/Form/FieldTextarea/FieldTextarea.style.js","statementMap":{"0":{"start":{"line":3,"column":15},"end":{"line":11,"column":1}},"1":{"start":{"line":4,"column":28},"end":{"line":4,"column":53}},"2":{"start":{"line":9,"column":30},"end":{"line":9,"column":58}}},"fnMap":{"0":{"name":"(anonymous_0)","decl":{"start":{"line":4,"column":19},"end":{"line":4,"column":20}},"loc":{"start":{"line":4,"column":28},"end":{"line":4,"column":53}},"line":4},"1":{"name":"(anonymous_1)","decl":{"start":{"line":9,"column":21},"end":{"line":9,"column":22}},"loc":{"start":{"line":9,"column":30},"end":{"line":9,"column":58}},"line":9}},"branchMap":{},"s":{"0":2,"1":0,"2":0},"f":{"0":0,"1":0},"b":{},"_coverageSchema":"43e27e138ebf9cfc5966b082cf9a028302ed4184","hash":"0628584879d24e4324fb15ef3eabdfd951532de3"},"/Users/vinkumar2/Documents/Projects/PageSource/PatternLibs/ReactPatternLib/lib/components/molecules/Form/index.js":{"path":"/Users/vinkumar2/Documents/Projects/PageSource/PatternLibs/ReactPatternLib/lib/components/molecules/Form/index.js","statementMap":{},"fnMap":{},"branchMap":{},"s":{},"f":{},"b":{},"_coverageSchema":"43e27e138ebf9cfc5966b082cf9a028302ed4184","hash":"3c3a7cb88dd232e5949a648da60d2f6afdd1a14e"},"/Users/vinkumar2/Documents/Projects/PageSource/PatternLibs/ReactPatternLib/lib/components/molecules/Form/Form.js":{"path":"/Users/vinkumar2/Documents/Projects/PageSource/PatternLibs/ReactPatternLib/lib/components/molecules/Form/Form.js","statementMap":{"0":{"start":{"line":31,"column":14},"end":{"line":37,"column":3}},"1":{"start":{"line":35,"column":4},"end":{"line":35,"column":56}},"2":{"start":{"line":35,"column":29},"end":{"line":35,"column":56}},"3":{"start":{"line":36,"column":4},"end":{"line":36,"column":67}},"4":{"start":{"line":39,"column":20},"end":{"line":39,"column":33}},"5":{"start":{"line":41,"column":17},"end":{"line":41,"column":22}},"6":{"start":{"line":43,"column":17},"end":{"line":43,"column":27}},"7":{"start":{"line":45,"column":22},"end":{"line":45,"column":37}},"8":{"start":{"line":47,"column":18},"end":{"line":47,"column":29}},"9":{"start":{"line":49,"column":20},"end":{"line":49,"column":33}},"10":{"start":{"line":66,"column":8},"end":{"line":66,"column":18}},"11":{"start":{"line":68,"column":4},"end":{"line":84,"column":6}},"12":{"start":{"line":77,"column":10},"end":{"line":80,"column":24}},"13":{"start":{"line":88,"column":0},"end":{"line":98,"column":2}}},"fnMap":{"0":{"name":"(anonymous_0)","decl":{"start":{"line":31,"column":14},"end":{"line":31,"column":15}},"loc":{"start":{"line":34,"column":7},"end":{"line":37,"column":3}},"line":34},"1":{"name":"(anonymous_1)","decl":{"start":{"line":51,"column":2},"end":{"line":51,"column":3}},"loc":{"start":{"line":51,"column":11},"end":{"line":85,"column":3}},"line":51},"2":{"name":"(anonymous_2)","decl":{"start":{"line":76,"column":16},"end":{"line":76,"column":17}},"loc":{"start":{"line":77,"column":10},"end":{"line":80,"column":24}},"line":77}},"branchMap":{"0":{"loc":{"start":{"line":32,"column":4},"end":{"line":32,"column":47}},"type":"default-arg","locations":[{"start":{"line":32,"column":43},"end":{"line":32,"column":47}}],"line":32},"1":{"loc":{"start":{"line":33,"column":4},"end":{"line":33,"column":42}},"type":"default-arg","locations":[{"start":{"line":33,"column":38},"end":{"line":33,"column":42}}],"line":33},"2":{"loc":{"start":{"line":35,"column":4},"end":{"line":35,"column":56}},"type":"if","locations":[{"start":{"line":35,"column":4},"end":{"line":35,"column":56}},{"start":{"line":35,"column":4},"end":{"line":35,"column":56}}],"line":35},"3":{"loc":{"start":{"line":36,"column":11},"end":{"line":36,"column":66}},"type":"cond-expr","locations":[{"start":{"line":36,"column":30},"end":{"line":36,"column":59}},{"start":{"line":36,"column":62},"end":{"line":36,"column":66}}],"line":36},"4":{"loc":{"start":{"line":79,"column":13},"end":{"line":79,"column":31}},"type":"binary-expr","locations":[{"start":{"line":79,"column":13},"end":{"line":79,"column":18}},{"start":{"line":79,"column":22},"end":{"line":79,"column":31}}],"line":79}},"s":{"0":6,"1":7,"2":1,"3":6,"4":1,"5":1,"6":1,"7":1,"8":1,"9":1,"10":6,"11":6,"12":1,"13":1},"f":{"0":7,"1":6,"2":1},"b":{"0":[1],"1":[1],"2":[1,6],"3":[3,3],"4":[1,0]},"_coverageSchema":"43e27e138ebf9cfc5966b082cf9a028302ed4184","hash":"7a054af8c97db5b742be9637bb21146c961362ed"},"/Users/vinkumar2/Documents/Projects/PageSource/PatternLibs/ReactPatternLib/lib/core/utils/buildValidationSchema.js":{"path":"/Users/vinkumar2/Documents/Projects/PageSource/PatternLibs/ReactPatternLib/lib/core/utils/buildValidationSchema.js","statementMap":{"0":{"start":{"line":40,"column":27},"end":{"line":53,"column":1}},"1":{"start":{"line":41,"column":15},"end":{"line":41,"column":26}},"2":{"start":{"line":42,"column":25},"end":{"line":42,"column":42}},"3":{"start":{"line":45,"column":2},"end":{"line":50,"column":5}},"4":{"start":{"line":47,"column":6},"end":{"line":47,"column":84}},"5":{"start":{"line":49,"column":4},"end":{"line":49,"column":49}},"6":{"start":{"line":52,"column":2},"end":{"line":52,"column":16}},"7":{"start":{"line":59,"column":27},"end":{"line":74,"column":1}},"8":{"start":{"line":60,"column":17},"end":{"line":60,"column":19}},"9":{"start":{"line":61,"column":2},"end":{"line":73,"column":3}},"10":{"start":{"line":63,"column":25},"end":{"line":63,"column":47}},"11":{"start":{"line":65,"column":4},"end":{"line":68,"column":7}},"12":{"start":{"line":66,"column":20},"end":{"line":66,"column":40}},"13":{"start":{"line":67,"column":6},"end":{"line":67,"column":52}},"14":{"start":{"line":70,"column":4},"end":{"line":70,"column":38}},"15":{"start":{"line":72,"column":4},"end":{"line":72,"column":18}}},"fnMap":{"0":{"name":"(anonymous_0)","decl":{"start":{"line":40,"column":27},"end":{"line":40,"column":28}},"loc":{"start":{"line":40,"column":61},"end":{"line":53,"column":1}},"line":40},"1":{"name":"(anonymous_1)","decl":{"start":{"line":45,"column":25},"end":{"line":45,"column":26}},"loc":{"start":{"line":45,"column":38},"end":{"line":50,"column":3}},"line":45},"2":{"name":"(anonymous_2)","decl":{"start":{"line":59,"column":27},"end":{"line":59,"column":28}},"loc":{"start":{"line":59,"column":50},"end":{"line":74,"column":1}},"line":59},"3":{"name":"(anonymous_3)","decl":{"start":{"line":65,"column":25},"end":{"line":65,"column":26}},"loc":{"start":{"line":65,"column":38},"end":{"line":68,"column":5}},"line":65}},"branchMap":{"0":{"loc":{"start":{"line":40,"column":30},"end":{"line":40,"column":45}},"type":"default-arg","locations":[{"start":{"line":40,"column":37},"end":{"line":40,"column":45}}],"line":40},"1":{"loc":{"start":{"line":47,"column":6},"end":{"line":47,"column":84}},"type":"cond-expr","locations":[{"start":{"line":47,"column":44},"end":{"line":47,"column":66}},{"start":{"line":47,"column":69},"end":{"line":47,"column":84}}],"line":47}},"s":{"0":1,"1":6,"2":6,"3":6,"4":15,"5":15,"6":6,"7":1,"8":3,"9":3,"10":3,"11":3,"12":6,"13":6,"14":3,"15":0},"f":{"0":6,"1":15,"2":3,"3":6},"b":{"0":[6],"1":[9,6]},"_coverageSchema":"43e27e138ebf9cfc5966b082cf9a028302ed4184","hash":"070746f298f4a7f5ba291f6a36e2c56d8f49b24c"},"/Users/vinkumar2/Documents/Projects/PageSource/PatternLibs/ReactPatternLib/lib/core/utils/noop.js":{"path":"/Users/vinkumar2/Documents/Projects/PageSource/PatternLibs/ReactPatternLib/lib/core/utils/noop.js","statementMap":{"0":{"start":{"line":1,"column":20},"end":{"line":1,"column":36}},"1":{"start":{"line":1,"column":26},"end":{"line":1,"column":36}},"2":{"start":{"line":1,"column":32},"end":{"line":1,"column":36}}},"fnMap":{"0":{"name":"(anonymous_0)","decl":{"start":{"line":1,"column":20},"end":{"line":1,"column":21}},"loc":{"start":{"line":1,"column":26},"end":{"line":1,"column":36}},"line":1},"1":{"name":"(anonymous_1)","decl":{"start":{"line":1,"column":26},"end":{"line":1,"column":27}},"loc":{"start":{"line":1,"column":32},"end":{"line":1,"column":36}},"line":1}},"branchMap":{},"s":{"0":1,"1":0,"2":0},"f":{"0":0,"1":0},"b":{},"_coverageSchema":"43e27e138ebf9cfc5966b082cf9a028302ed4184","hash":"0094173bd0dcca25484a0474a18775e8b6a9a593"},"/Users/vinkumar2/Documents/Projects/PageSource/PatternLibs/ReactPatternLib/lib/components/molecules/Form/Debug/index.js":{"path":"/Users/vinkumar2/Documents/Projects/PageSource/PatternLibs/ReactPatternLib/lib/components/molecules/Form/Debug/index.js","statementMap":{},"fnMap":{},"branchMap":{},"s":{},"f":{},"b":{},"_coverageSchema":"43e27e138ebf9cfc5966b082cf9a028302ed4184","hash":"8846ecb541fc3d99e1dc73de87d9191ff59cf983"},"/Users/vinkumar2/Documents/Projects/PageSource/PatternLibs/ReactPatternLib/lib/components/molecules/Form/Debug/Debug.js":{"path":"/Users/vinkumar2/Documents/Projects/PageSource/PatternLibs/ReactPatternLib/lib/components/molecules/Form/Debug/Debug.js","statementMap":{"0":{"start":{"line":4,"column":21},"end":{"line":43,"column":1}},"1":{"start":{"line":5,"column":2},"end":{"line":42,"column":8}},"2":{"start":{"line":31,"column":8},"end":{"line":39,"column":14}}},"fnMap":{"0":{"name":"(anonymous_0)","decl":{"start":{"line":4,"column":21},"end":{"line":4,"column":22}},"loc":{"start":{"line":5,"column":2},"end":{"line":42,"column":8}},"line":5},"1":{"name":"(anonymous_1)","decl":{"start":{"line":30,"column":7},"end":{"line":30,"column":8}},"loc":{"start":{"line":31,"column":8},"end":{"line":39,"column":14}},"line":31}},"branchMap":{},"s":{"0":1,"1":0,"2":0},"f":{"0":0,"1":0},"b":{},"_coverageSchema":"43e27e138ebf9cfc5966b082cf9a028302ed4184","hash":"ade3cd485dc64ff4116e7e6a875ccb122f265aac"},"/Users/vinkumar2/Documents/Projects/PageSource/PatternLibs/ReactPatternLib/lib/components/molecules/Form/FieldInput/index.js":{"path":"/Users/vinkumar2/Documents/Projects/PageSource/PatternLibs/ReactPatternLib/lib/components/molecules/Form/FieldInput/index.js","statementMap":{},"fnMap":{},"branchMap":{},"s":{},"f":{},"b":{},"_coverageSchema":"43e27e138ebf9cfc5966b082cf9a028302ed4184","hash":"6bfeb89254355ae29e8ec900f8705a816a029f33"},"/Users/vinkumar2/Documents/Projects/PageSource/PatternLibs/ReactPatternLib/lib/components/molecules/Form/FieldSelect/index.js":{"path":"/Users/vinkumar2/Documents/Projects/PageSource/PatternLibs/ReactPatternLib/lib/components/molecules/Form/FieldSelect/index.js","statementMap":{},"fnMap":{},"branchMap":{},"s":{},"f":{},"b":{},"_coverageSchema":"43e27e138ebf9cfc5966b082cf9a028302ed4184","hash":"041ab4279f530870f88042742241959482ad7196"},"/Users/vinkumar2/Documents/Projects/PageSource/PatternLibs/ReactPatternLib/lib/components/molecules/Form/FieldTextarea/index.js":{"path":"/Users/vinkumar2/Documents/Projects/PageSource/PatternLibs/ReactPatternLib/lib/components/molecules/Form/FieldTextarea/index.js","statementMap":{},"fnMap":{},"branchMap":{},"s":{},"f":{},"b":{},"_coverageSchema":"43e27e138ebf9cfc5966b082cf9a028302ed4184","hash":"b6dbb2788bb39e38654250a986b622f99f697f05"},"/Users/vinkumar2/Documents/Projects/PageSource/PatternLibs/ReactPatternLib/lib/components/molecules/Form/FieldRadioGroup/index.js":{"path":"/Users/vinkumar2/Documents/Projects/PageSource/PatternLibs/ReactPatternLib/lib/components/molecules/Form/FieldRadioGroup/index.js","statementMap":{},"fnMap":{},"branchMap":{},"s":{},"f":{},"b":{},"_coverageSchema":"43e27e138ebf9cfc5966b082cf9a028302ed4184","hash":"43ade7a9e98a4c2d6a6c31ce34e0b6a2f8b63c9f"},"/Users/vinkumar2/Documents/Projects/PageSource/PatternLibs/ReactPatternLib/lib/components/molecules/Form/FieldRadioGroup/FieldRadioGroup.js":{"path":"/Users/vinkumar2/Documents/Projects/PageSource/PatternLibs/ReactPatternLib/lib/components/molecules/Form/FieldRadioGroup/FieldRadioGroup.js","statementMap":{"0":{"start":{"line":22,"column":24},"end":{"line":53,"column":1}},"1":{"start":{"line":23,"column":2},"end":{"line":52,"column":4}},"2":{"start":{"line":26,"column":6},"end":{"line":50,"column":12}},"3":{"start":{"line":28,"column":10},"end":{"line":47,"column":12}},"4":{"start":{"line":32,"column":39},"end":{"line":32,"column":43}},"5":{"start":{"line":33,"column":35},"end":{"line":33,"column":45}},"6":{"start":{"line":34,"column":14},"end":{"line":45,"column":16}},"7":{"start":{"line":39,"column":20},"end":{"line":39,"column":36}},"8":{"start":{"line":40,"column":20},"end":{"line":40,"column":74}},"9":{"start":{"line":40,"column":56},"end":{"line":40,"column":74}},"10":{"start":{"line":55,"column":0},"end":{"line":58,"column":2}}},"fnMap":{"0":{"name":"(anonymous_0)","decl":{"start":{"line":22,"column":24},"end":{"line":22,"column":25}},"loc":{"start":{"line":23,"column":2},"end":{"line":52,"column":4}},"line":23},"1":{"name":"(anonymous_1)","decl":{"start":{"line":25,"column":12},"end":{"line":25,"column":13}},"loc":{"start":{"line":26,"column":6},"end":{"line":50,"column":12}},"line":26},"2":{"name":"(anonymous_2)","decl":{"start":{"line":27,"column":29},"end":{"line":27,"column":30}},"loc":{"start":{"line":28,"column":10},"end":{"line":47,"column":12}},"line":28},"3":{"name":"(anonymous_3)","decl":{"start":{"line":31,"column":20},"end":{"line":31,"column":21}},"loc":{"start":{"line":31,"column":41},"end":{"line":46,"column":13}},"line":31},"4":{"name":"(anonymous_4)","decl":{"start":{"line":38,"column":28},"end":{"line":38,"column":29}},"loc":{"start":{"line":38,"column":33},"end":{"line":41,"column":19}},"line":38}},"branchMap":{"0":{"loc":{"start":{"line":29,"column":17},"end":{"line":29,"column":52}},"type":"binary-expr","locations":[{"start":{"line":29,"column":17},"end":{"line":29,"column":30}},{"start":{"line":29,"column":34},"end":{"line":29,"column":52}}],"line":29},"1":{"loc":{"start":{"line":37,"column":22},"end":{"line":37,"column":57}},"type":"binary-expr","locations":[{"start":{"line":37,"column":22},"end":{"line":37,"column":35}},{"start":{"line":37,"column":39},"end":{"line":37,"column":57}}],"line":37},"2":{"loc":{"start":{"line":40,"column":20},"end":{"line":40,"column":74}},"type":"if","locations":[{"start":{"line":40,"column":20},"end":{"line":40,"column":74}},{"start":{"line":40,"column":20},"end":{"line":40,"column":74}}],"line":40}},"s":{"0":1,"1":0,"2":0,"3":0,"4":0,"5":0,"6":0,"7":0,"8":0,"9":0,"10":1},"f":{"0":0,"1":0,"2":0,"3":0,"4":0},"b":{"0":[0,0],"1":[0,0],"2":[0,0]},"_coverageSchema":"43e27e138ebf9cfc5966b082cf9a028302ed4184","hash":"77a04559fe2b563cf7aefbf787659d6c17dd0089"},"/Users/vinkumar2/Documents/Projects/PageSource/PatternLibs/ReactPatternLib/lib/components/molecules/InputChoice/index.js":{"path":"/Users/vinkumar2/Documents/Projects/PageSource/PatternLibs/ReactPatternLib/lib/components/molecules/InputChoice/index.js","statementMap":{},"fnMap":{},"branchMap":{},"s":{},"f":{},"b":{},"_coverageSchema":"43e27e138ebf9cfc5966b082cf9a028302ed4184","hash":"0b8585cb3b14c2876f02ccb9a21e7e772502ad10"},"/Users/vinkumar2/Documents/Projects/PageSource/PatternLibs/ReactPatternLib/lib/components/molecules/InputChoice/InputChoice.js":{"path":"/Users/vinkumar2/Documents/Projects/PageSource/PatternLibs/ReactPatternLib/lib/components/molecules/InputChoice/InputChoice.js","statementMap":{"0":{"start":{"line":22,"column":20},"end":{"line":52,"column":1}},"1":{"start":{"line":35,"column":2},"end":{"line":51,"column":10}},"2":{"start":{"line":54,"column":0},"end":{"line":62,"column":2}}},"fnMap":{"0":{"name":"(anonymous_0)","decl":{"start":{"line":22,"column":20},"end":{"line":22,"column":21}},"loc":{"start":{"line":35,"column":2},"end":{"line":51,"column":10}},"line":35}},"branchMap":{"0":{"loc":{"start":{"line":50,"column":10},"end":{"line":50,"column":27}},"type":"binary-expr","locations":[{"start":{"line":50,"column":10},"end":{"line":50,"column":18}},{"start":{"line":50,"column":22},"end":{"line":50,"column":27}}],"line":50}},"s":{"0":1,"1":0,"2":1},"f":{"0":0},"b":{"0":[0,0]},"_coverageSchema":"43e27e138ebf9cfc5966b082cf9a028302ed4184","hash":"b8594f75a374260180b9b703f917e3c1aeea8340"},"/Users/vinkumar2/Documents/Projects/PageSource/PatternLibs/ReactPatternLib/lib/components/molecules/InputChoice/InputChoice.style.js":{"path":"/Users/vinkumar2/Documents/Projects/PageSource/PatternLibs/ReactPatternLib/lib/components/molecules/InputChoice/InputChoice.style.js","statementMap":{"0":{"start":{"line":3,"column":15},"end":{"line":68,"column":1}},"1":{"start":{"line":4,"column":14},"end":{"line":4,"column":71}},"2":{"start":{"line":10,"column":15},"end":{"line":10,"column":47}},"3":{"start":{"line":11,"column":16},"end":{"line":11,"column":71}},"4":{"start":{"line":12,"column":15},"end":{"line":12,"column":46}},"5":{"start":{"line":13,"column":15},"end":{"line":13,"column":71}},"6":{"start":{"line":20,"column":17},"end":{"line":20,"column":48}},"7":{"start":{"line":27,"column":8},"end":{"line":33,"column":7}},"8":{"start":{"line":36,"column":8},"end":{"line":39,"column":7}},"9":{"start":{"line":44,"column":6},"end":{"line":44,"column":90}},"10":{"start":{"line":48,"column":8},"end":{"line":50,"column":11}},"11":{"start":{"line":55,"column":4},"end":{"line":67,"column":3}}},"fnMap":{"0":{"name":"(anonymous_0)","decl":{"start":{"line":4,"column":4},"end":{"line":4,"column":5}},"loc":{"start":{"line":4,"column":14},"end":{"line":4,"column":71}},"line":4},"1":{"name":"(anonymous_1)","decl":{"start":{"line":10,"column":6},"end":{"line":10,"column":7}},"loc":{"start":{"line":10,"column":15},"end":{"line":10,"column":47}},"line":10},"2":{"name":"(anonymous_2)","decl":{"start":{"line":11,"column":6},"end":{"line":11,"column":7}},"loc":{"start":{"line":11,"column":16},"end":{"line":11,"column":71}},"line":11},"3":{"name":"(anonymous_3)","decl":{"start":{"line":12,"column":6},"end":{"line":12,"column":7}},"loc":{"start":{"line":12,"column":15},"end":{"line":12,"column":46}},"line":12},"4":{"name":"(anonymous_4)","decl":{"start":{"line":13,"column":6},"end":{"line":13,"column":7}},"loc":{"start":{"line":13,"column":15},"end":{"line":13,"column":71}},"line":13},"5":{"name":"(anonymous_5)","decl":{"start":{"line":20,"column":8},"end":{"line":20,"column":9}},"loc":{"start":{"line":20,"column":17},"end":{"line":20,"column":48}},"line":20},"6":{"name":"(anonymous_6)","decl":{"start":{"line":26,"column":8},"end":{"line":26,"column":9}},"loc":{"start":{"line":27,"column":8},"end":{"line":33,"column":7}},"line":27},"7":{"name":"(anonymous_7)","decl":{"start":{"line":35,"column":8},"end":{"line":35,"column":9}},"loc":{"start":{"line":36,"column":8},"end":{"line":39,"column":7}},"line":36},"8":{"name":"(anonymous_8)","decl":{"start":{"line":43,"column":6},"end":{"line":43,"column":7}},"loc":{"start":{"line":44,"column":6},"end":{"line":44,"column":90}},"line":44},"9":{"name":"(anonymous_9)","decl":{"start":{"line":47,"column":8},"end":{"line":47,"column":9}},"loc":{"start":{"line":48,"column":8},"end":{"line":50,"column":11}},"line":48},"10":{"name":"(anonymous_10)","decl":{"start":{"line":54,"column":4},"end":{"line":54,"column":5}},"loc":{"start":{"line":55,"column":4},"end":{"line":67,"column":3}},"line":55}},"branchMap":{"0":{"loc":{"start":{"line":4,"column":14},"end":{"line":4,"column":71}},"type":"cond-expr","locations":[{"start":{"line":4,"column":31},"end":{"line":4,"column":50}},{"start":{"line":4,"column":53},"end":{"line":4,"column":71}}],"line":4},"1":{"loc":{"start":{"line":11,"column":16},"end":{"line":11,"column":71}},"type":"cond-expr","locations":[{"start":{"line":11,"column":33},"end":{"line":11,"column":66}},{"start":{"line":11,"column":69},"end":{"line":11,"column":71}}],"line":11},"2":{"loc":{"start":{"line":13,"column":15},"end":{"line":13,"column":71}},"type":"binary-expr","locations":[{"start":{"line":13,"column":15},"end":{"line":13,"column":37}},{"start":{"line":13,"column":41},"end":{"line":13,"column":71}}],"line":13},"3":{"loc":{"start":{"line":27,"column":8},"end":{"line":33,"column":7}},"type":"binary-expr","locations":[{"start":{"line":27,"column":8},"end":{"line":27,"column":33}},{"start":{"line":28,"column":8},"end":{"line":33,"column":7}}],"line":27},"4":{"loc":{"start":{"line":36,"column":8},"end":{"line":39,"column":7}},"type":"binary-expr","locations":[{"start":{"line":36,"column":8},"end":{"line":36,"column":30}},{"start":{"line":37,"column":8},"end":{"line":39,"column":7}}],"line":36},"5":{"loc":{"start":{"line":44,"column":6},"end":{"line":44,"column":90}},"type":"cond-expr","locations":[{"start":{"line":44,"column":23},"end":{"line":44,"column":56}},{"start":{"line":44,"column":59},"end":{"line":44,"column":90}}],"line":44},"6":{"loc":{"start":{"line":49,"column":10},"end":{"line":49,"column":92}},"type":"cond-expr","locations":[{"start":{"line":49,"column":27},"end":{"line":49,"column":58}},{"start":{"line":49,"column":61},"end":{"line":49,"column":92}}],"line":49},"7":{"loc":{"start":{"line":55,"column":4},"end":{"line":67,"column":3}},"type":"cond-expr","locations":[{"start":{"line":56,"column":8},"end":{"line":62,"column":3}},{"start":{"line":63,"column":8},"end":{"line":67,"column":3}}],"line":55}},"s":{"0":1,"1":0,"2":0,"3":0,"4":0,"5":0,"6":0,"7":0,"8":0,"9":0,"10":0,"11":0},"f":{"0":0,"1":0,"2":0,"3":0,"4":0,"5":0,"6":0,"7":0,"8":0,"9":0,"10":0},"b":{"0":[0,0],"1":[0,0],"2":[0,0],"3":[0,0],"4":[0,0],"5":[0,0],"6":[0,0],"7":[0,0]},"_coverageSchema":"43e27e138ebf9cfc5966b082cf9a028302ed4184","hash":"0bf3dabc49656052e6abc6e3f9d85c1b860e44be"},"/Users/vinkumar2/Documents/Projects/PageSource/PatternLibs/ReactPatternLib/lib/components/molecules/Form/FieldRadioGroup/FieldRadioGroup.style.js":{"path":"/Users/vinkumar2/Documents/Projects/PageSource/PatternLibs/ReactPatternLib/lib/components/molecules/Form/FieldRadioGroup/FieldRadioGroup.style.js","statementMap":{"0":{"start":{"line":3,"column":15},"end":{"line":5,"column":1}},"1":{"start":{"line":4,"column":28},"end":{"line":4,"column":53}}},"fnMap":{"0":{"name":"(anonymous_0)","decl":{"start":{"line":4,"column":19},"end":{"line":4,"column":20}},"loc":{"start":{"line":4,"column":28},"end":{"line":4,"column":53}},"line":4}},"branchMap":{},"s":{"0":1,"1":0},"f":{"0":0},"b":{},"_coverageSchema":"43e27e138ebf9cfc5966b082cf9a028302ed4184","hash":"f384a2c061e80f3b31ba53d006237520d275167f"},"/Users/vinkumar2/Documents/Projects/PageSource/PatternLibs/ReactPatternLib/lib/components/molecules/Form/FieldCheckbox/index.js":{"path":"/Users/vinkumar2/Documents/Projects/PageSource/PatternLibs/ReactPatternLib/lib/components/molecules/Form/FieldCheckbox/index.js","statementMap":{},"fnMap":{},"branchMap":{},"s":{},"f":{},"b":{},"_coverageSchema":"43e27e138ebf9cfc5966b082cf9a028302ed4184","hash":"711bd743f1e6812d7fc12e1af4a0855e5a19e56f"},"/Users/vinkumar2/Documents/Projects/PageSource/PatternLibs/ReactPatternLib/lib/components/molecules/Form/FieldCheckbox/FieldCheckbox.js":{"path":"/Users/vinkumar2/Documents/Projects/PageSource/PatternLibs/ReactPatternLib/lib/components/molecules/Form/FieldCheckbox/FieldCheckbox.js","statementMap":{"0":{"start":{"line":17,"column":22},"end":{"line":39,"column":1}},"1":{"start":{"line":18,"column":2},"end":{"line":38,"column":8}},"2":{"start":{"line":22,"column":33},"end":{"line":22,"column":37}},"3":{"start":{"line":23,"column":8},"end":{"line":34,"column":10}},"4":{"start":{"line":30,"column":14},"end":{"line":30,"column":30}},"5":{"start":{"line":31,"column":14},"end":{"line":31,"column":68}},"6":{"start":{"line":31,"column":50},"end":{"line":31,"column":68}},"7":{"start":{"line":41,"column":0},"end":{"line":45,"column":2}}},"fnMap":{"0":{"name":"(anonymous_0)","decl":{"start":{"line":17,"column":22},"end":{"line":17,"column":23}},"loc":{"start":{"line":18,"column":2},"end":{"line":38,"column":8}},"line":18},"1":{"name":"(anonymous_1)","decl":{"start":{"line":21,"column":14},"end":{"line":21,"column":15}},"loc":{"start":{"line":21,"column":35},"end":{"line":35,"column":7}},"line":21},"2":{"name":"(anonymous_2)","decl":{"start":{"line":29,"column":22},"end":{"line":29,"column":23}},"loc":{"start":{"line":29,"column":27},"end":{"line":32,"column":13}},"line":29}},"branchMap":{"0":{"loc":{"start":{"line":26,"column":16},"end":{"line":26,"column":26}},"type":"binary-expr","locations":[{"start":{"line":26,"column":16},"end":{"line":26,"column":18}},{"start":{"line":26,"column":22},"end":{"line":26,"column":26}}],"line":26},"1":{"loc":{"start":{"line":31,"column":14},"end":{"line":31,"column":68}},"type":"if","locations":[{"start":{"line":31,"column":14},"end":{"line":31,"column":68}},{"start":{"line":31,"column":14},"end":{"line":31,"column":68}}],"line":31}},"s":{"0":1,"1":0,"2":0,"3":0,"4":0,"5":0,"6":0,"7":1},"f":{"0":0,"1":0,"2":0},"b":{"0":[0,0],"1":[0,0]},"_coverageSchema":"43e27e138ebf9cfc5966b082cf9a028302ed4184","hash":"34a586f80e40aafbe14dfe5e22051a3eb11ed746"},"/Users/vinkumar2/Documents/Projects/PageSource/PatternLibs/ReactPatternLib/lib/components/molecules/Form/FieldCheckbox/FieldCheckbox.style.js":{"path":"/Users/vinkumar2/Documents/Projects/PageSource/PatternLibs/ReactPatternLib/lib/components/molecules/Form/FieldCheckbox/FieldCheckbox.style.js","statementMap":{"0":{"start":{"line":3,"column":15},"end":{"line":5,"column":1}}},"fnMap":{},"branchMap":{},"s":{"0":1},"f":{},"b":{},"_coverageSchema":"43e27e138ebf9cfc5966b082cf9a028302ed4184","hash":"778bdc8e4f3d976c7f9ba515c746579975bd525b"},"/Users/vinkumar2/Documents/Projects/PageSource/PatternLibs/ReactPatternLib/lib/components/atoms/Button/index.js":{"path":"/Users/vinkumar2/Documents/Projects/PageSource/PatternLibs/ReactPatternLib/lib/components/atoms/Button/index.js","statementMap":{},"fnMap":{},"branchMap":{},"s":{},"f":{},"b":{},"_coverageSchema":"43e27e138ebf9cfc5966b082cf9a028302ed4184","hash":"657bda8c4962b7b3eeb80ce91eeb2b16741041a9"},"/Users/vinkumar2/Documents/Projects/PageSource/PatternLibs/ReactPatternLib/lib/components/atoms/Button/Button.js":{"path":"/Users/vinkumar2/Documents/Projects/PageSource/PatternLibs/ReactPatternLib/lib/components/atoms/Button/Button.js","statementMap":{"0":{"start":{"line":22,"column":15},"end":{"line":45,"column":1}},"1":{"start":{"line":35,"column":2},"end":{"line":44,"column":11}},"2":{"start":{"line":47,"column":0},"end":{"line":57,"column":2}}},"fnMap":{"0":{"name":"(anonymous_0)","decl":{"start":{"line":22,"column":15},"end":{"line":22,"column":16}},"loc":{"start":{"line":35,"column":2},"end":{"line":44,"column":11}},"line":35}},"branchMap":{"0":{"loc":{"start":{"line":36,"column":16},"end":{"line":36,"column":33}},"type":"binary-expr","locations":[{"start":{"line":36,"column":16},"end":{"line":36,"column":25}},{"start":{"line":36,"column":29},"end":{"line":36,"column":33}}],"line":36},"1":{"loc":{"start":{"line":40,"column":18},"end":{"line":40,"column":86}},"type":"binary-expr","locations":[{"start":{"line":40,"column":18},"end":{"line":40,"column":32}},{"start":{"line":40,"column":36},"end":{"line":40,"column":86}}],"line":40}},"s":{"0":1,"1":1,"2":1},"f":{"0":1},"b":{"0":[1,1],"1":[1,1]},"_coverageSchema":"43e27e138ebf9cfc5966b082cf9a028302ed4184","hash":"55f322db757871ef2f530f335a110634d8b7cfd8"},"/Users/vinkumar2/Documents/Projects/PageSource/PatternLibs/ReactPatternLib/lib/components/atoms/Button/Button.style.js":{"path":"/Users/vinkumar2/Documents/Projects/PageSource/PatternLibs/ReactPatternLib/lib/components/atoms/Button/Button.style.js","statementMap":{"0":{"start":{"line":3,"column":21},"end":{"line":29,"column":1}},"1":{"start":{"line":8,"column":22},"end":{"line":8,"column":64}},"2":{"start":{"line":9,"column":13},"end":{"line":13,"column":3}},"3":{"start":{"line":14,"column":13},"end":{"line":14,"column":69}},"4":{"start":{"line":16,"column":4},"end":{"line":21,"column":10}},"5":{"start":{"line":22,"column":13},"end":{"line":22,"column":48}},"6":{"start":{"line":28,"column":14},"end":{"line":28,"column":64}}},"fnMap":{"0":{"name":"(anonymous_0)","decl":{"start":{"line":8,"column":12},"end":{"line":8,"column":13}},"loc":{"start":{"line":8,"column":22},"end":{"line":8,"column":64}},"line":8},"1":{"name":"(anonymous_1)","decl":{"start":{"line":9,"column":4},"end":{"line":9,"column":5}},"loc":{"start":{"line":9,"column":13},"end":{"line":13,"column":3}},"line":9},"2":{"name":"(anonymous_2)","decl":{"start":{"line":14,"column":4},"end":{"line":14,"column":5}},"loc":{"start":{"line":14,"column":13},"end":{"line":14,"column":69}},"line":14},"3":{"name":"(anonymous_3)","decl":{"start":{"line":15,"column":4},"end":{"line":15,"column":5}},"loc":{"start":{"line":16,"column":4},"end":{"line":21,"column":10}},"line":16},"4":{"name":"(anonymous_4)","decl":{"start":{"line":22,"column":4},"end":{"line":22,"column":5}},"loc":{"start":{"line":22,"column":13},"end":{"line":22,"column":48}},"line":22},"5":{"name":"(anonymous_5)","decl":{"start":{"line":28,"column":4},"end":{"line":28,"column":5}},"loc":{"start":{"line":28,"column":14},"end":{"line":28,"column":64}},"line":28}},"branchMap":{"0":{"loc":{"start":{"line":8,"column":22},"end":{"line":8,"column":64}},"type":"cond-expr","locations":[{"start":{"line":8,"column":39},"end":{"line":8,"column":52}},{"start":{"line":8,"column":55},"end":{"line":8,"column":64}}],"line":8},"1":{"loc":{"start":{"line":14,"column":13},"end":{"line":14,"column":69}},"type":"binary-expr","locations":[{"start":{"line":14,"column":13},"end":{"line":14,"column":28}},{"start":{"line":14,"column":32},"end":{"line":14,"column":69}}],"line":14},"2":{"loc":{"start":{"line":16,"column":4},"end":{"line":21,"column":10}},"type":"cond-expr","locations":[{"start":{"line":17,"column":8},"end":{"line":20,"column":3}},{"start":{"line":21,"column":8},"end":{"line":21,"column":10}}],"line":16},"3":{"loc":{"start":{"line":22,"column":13},"end":{"line":22,"column":48}},"type":"binary-expr","locations":[{"start":{"line":22,"column":13},"end":{"line":22,"column":28}},{"start":{"line":22,"column":32},"end":{"line":22,"column":48}}],"line":22},"4":{"loc":{"start":{"line":28,"column":14},"end":{"line":28,"column":64}},"type":"cond-expr","locations":[{"start":{"line":28,"column":38},"end":{"line":28,"column":59}},{"start":{"line":28,"column":62},"end":{"line":28,"column":64}}],"line":28}},"s":{"0":1,"1":0,"2":0,"3":0,"4":0,"5":0,"6":0},"f":{"0":0,"1":0,"2":0,"3":0,"4":0,"5":0},"b":{"0":[0,0],"1":[0,0],"2":[0,0],"3":[0,0],"4":[0,0]},"_coverageSchema":"43e27e138ebf9cfc5966b082cf9a028302ed4184","hash":"ca4f830d3c796c01fd8e5aab8f6df4adec7bb06b"},"/Users/vinkumar2/Documents/Projects/PageSource/PatternLibs/ReactPatternLib/lib/components/molecules/Tabs/types/index.js":{"path":"/Users/vinkumar2/Documents/Projects/PageSource/PatternLibs/ReactPatternLib/lib/components/molecules/Tabs/types/index.js","statementMap":{},"fnMap":{},"branchMap":{},"s":{},"f":{},"b":{},"hash":"817c3eb0cd865af36cd73f9877633c120bab08a4"},"/Users/vinkumar2/Documents/Projects/PageSource/PatternLibs/ReactPatternLib/lib/components/molecules/Tabs/constants.js":{"path":"/Users/vinkumar2/Documents/Projects/PageSource/PatternLibs/ReactPatternLib/lib/components/molecules/Tabs/constants.js","statementMap":{"0":{"start":{"line":1,"column":26},"end":{"line":1,"column":37}},"1":{"start":{"line":2,"column":27},"end":{"line":2,"column":39}}},"fnMap":{},"branchMap":{},"s":{"0":0,"1":0},"f":{},"b":{},"hash":"dd5955de68ed696798f4479c04f63291fd62ac59"},"/Users/vinkumar2/Documents/Projects/PageSource/PatternLibs/ReactPatternLib/lib/core/utils/getDisplayName.js":{"path":"/Users/vinkumar2/Documents/Projects/PageSource/PatternLibs/ReactPatternLib/lib/core/utils/getDisplayName.js","statementMap":{"0":{"start":{"line":1,"column":30},"end":{"line":3,"column":1}},"1":{"start":{"line":2,"column":2},"end":{"line":2,"column":78}}},"fnMap":{"0":{"name":"(anonymous_0)","decl":{"start":{"line":1,"column":30},"end":{"line":1,"column":31}},"loc":{"start":{"line":1,"column":50},"end":{"line":3,"column":1}},"line":1}},"branchMap":{"0":{"loc":{"start":{"line":2,"column":9},"end":{"line":2,"column":77}},"type":"binary-expr","locations":[{"start":{"line":2,"column":9},"end":{"line":2,"column":37}},{"start":{"line":2,"column":41},"end":{"line":2,"column":62}},{"start":{"line":2,"column":66},"end":{"line":2,"column":77}}],"line":2}},"s":{"0":0,"1":0},"f":{"0":0},"b":{"0":[0,0,0]},"hash":"69a9a9cb5f6841b0d613a9eadc40644c7ff88118"},"/Users/vinkumar2/Documents/Projects/PageSource/PatternLibs/ReactPatternLib/lib/components/molecules/Tabs/Tab/index.js":{"path":"/Users/vinkumar2/Documents/Projects/PageSource/PatternLibs/ReactPatternLib/lib/components/molecules/Tabs/Tab/index.js","statementMap":{},"fnMap":{},"branchMap":{},"s":{},"f":{},"b":{},"hash":"0247984537e73faddfdeb3c12c6bdff76dba7047"},"/Users/vinkumar2/Documents/Projects/PageSource/PatternLibs/ReactPatternLib/lib/components/molecules/Tabs/index.js":{"path":"/Users/vinkumar2/Documents/Projects/PageSource/PatternLibs/ReactPatternLib/lib/components/molecules/Tabs/index.js","statementMap":{},"fnMap":{},"branchMap":{},"s":{},"f":{},"b":{},"hash":"57e53d4136b151ded1eb97fdc73c225b04b772c7"},"/Users/vinkumar2/Documents/Projects/PageSource/PatternLibs/ReactPatternLib/lib/components/molecules/Tabs/TabPanel/index.js":{"path":"/Users/vinkumar2/Documents/Projects/PageSource/PatternLibs/ReactPatternLib/lib/components/molecules/Tabs/TabPanel/index.js","statementMap":{},"fnMap":{},"branchMap":{},"s":{},"f":{},"b":{},"hash":"3386e7f7db248333e3f67e5a3cfbe3474e1dd044"},"/Users/vinkumar2/Documents/Projects/PageSource/PatternLibs/ReactPatternLib/lib/components/molecules/Tabs/TabPanel/TabPanel.js":{"path":"/Users/vinkumar2/Documents/Projects/PageSource/PatternLibs/ReactPatternLib/lib/components/molecules/Tabs/TabPanel/TabPanel.js","statementMap":{"0":{"start":{"line":22,"column":17},"end":{"line":35,"column":1}},"1":{"start":{"line":23,"column":2},"end":{"line":34,"column":8}},"2":{"start":{"line":37,"column":0},"end":{"line":40,"column":2}}},"fnMap":{"0":{"name":"(anonymous_0)","decl":{"start":{"line":22,"column":17},"end":{"line":22,"column":18}},"loc":{"start":{"line":23,"column":2},"end":{"line":34,"column":8}},"line":23}},"branchMap":{},"s":{"0":0,"1":0,"2":0},"f":{"0":0},"b":{},"hash":"fe45a8d33ebbb97e59f3ec59cf682d494a1f5cb1"},"/Users/vinkumar2/Documents/Projects/PageSource/PatternLibs/ReactPatternLib/lib/components/molecules/Tabs/Tab/Tab.style.js":{"path":"/Users/vinkumar2/Documents/Projects/PageSource/PatternLibs/ReactPatternLib/lib/components/molecules/Tabs/Tab/Tab.style.js","statementMap":{"0":{"start":{"line":5,"column":31},"end":{"line":5,"column":63}},"1":{"start":{"line":6,"column":14},"end":{"line":6,"column":97}},"2":{"start":{"line":7,"column":14},"end":{"line":7,"column":64}}},"fnMap":{"0":{"name":"(anonymous_0)","decl":{"start":{"line":5,"column":22},"end":{"line":5,"column":23}},"loc":{"start":{"line":5,"column":31},"end":{"line":5,"column":63}},"line":5},"1":{"name":"(anonymous_1)","decl":{"start":{"line":6,"column":4},"end":{"line":6,"column":5}},"loc":{"start":{"line":6,"column":14},"end":{"line":6,"column":97}},"line":6},"2":{"name":"(anonymous_2)","decl":{"start":{"line":7,"column":4},"end":{"line":7,"column":5}},"loc":{"start":{"line":7,"column":14},"end":{"line":7,"column":64}},"line":7}},"branchMap":{"0":{"loc":{"start":{"line":6,"column":14},"end":{"line":6,"column":97}},"type":"cond-expr","locations":[{"start":{"line":6,"column":33},"end":{"line":6,"column":92}},{"start":{"line":6,"column":95},"end":{"line":6,"column":97}}],"line":6},"1":{"loc":{"start":{"line":7,"column":14},"end":{"line":7,"column":64}},"type":"cond-expr","locations":[{"start":{"line":7,"column":38},"end":{"line":7,"column":59}},{"start":{"line":7,"column":62},"end":{"line":7,"column":64}}],"line":7}},"s":{"0":0,"1":0,"2":0},"f":{"0":0,"1":0,"2":0},"b":{"0":[0,0],"1":[0,0]},"hash":"1c6a4a6b770ff2c92a7336ed5fce495ff0cfc5c0"},"/Users/vinkumar2/Documents/Projects/PageSource/PatternLibs/ReactPatternLib/lib/components/molecules/Tabs/TabPanel/TabPanel.style.js":{"path":"/Users/vinkumar2/Documents/Projects/PageSource/PatternLibs/ReactPatternLib/lib/components/molecules/Tabs/TabPanel/TabPanel.style.js","statementMap":{"0":{"start":{"line":6,"column":14},"end":{"line":6,"column":55}},"1":{"start":{"line":7,"column":14},"end":{"line":7,"column":64}}},"fnMap":{"0":{"name":"(anonymous_0)","decl":{"start":{"line":6,"column":4},"end":{"line":6,"column":5}},"loc":{"start":{"line":6,"column":14},"end":{"line":6,"column":55}},"line":6},"1":{"name":"(anonymous_1)","decl":{"start":{"line":7,"column":4},"end":{"line":7,"column":5}},"loc":{"start":{"line":7,"column":14},"end":{"line":7,"column":64}},"line":7}},"branchMap":{"0":{"loc":{"start":{"line":6,"column":14},"end":{"line":6,"column":55}},"type":"cond-expr","locations":[{"start":{"line":6,"column":33},"end":{"line":6,"column":50}},{"start":{"line":6,"column":53},"end":{"line":6,"column":55}}],"line":6},"1":{"loc":{"start":{"line":7,"column":14},"end":{"line":7,"column":64}},"type":"cond-expr","locations":[{"start":{"line":7,"column":38},"end":{"line":7,"column":59}},{"start":{"line":7,"column":62},"end":{"line":7,"column":64}}],"line":7}},"s":{"0":0,"1":0},"f":{"0":0,"1":0},"b":{"0":[0,0],"1":[0,0]},"hash":"acaeee6e386a9fb0ef2bc45bca4f3e27b0c5ae1d"},"/Users/vinkumar2/Documents/Projects/PageSource/PatternLibs/ReactPatternLib/lib/components/molecules/Tabs/Tab/Tab.js":{"path":"/Users/vinkumar2/Documents/Projects/PageSource/PatternLibs/ReactPatternLib/lib/components/molecules/Tabs/Tab/Tab.js","statementMap":{"0":{"start":{"line":25,"column":12},"end":{"line":50,"column":1}},"1":{"start":{"line":35,"column":2},"end":{"line":49,"column":7}},"2":{"start":{"line":41,"column":18},"end":{"line":41,"column":35}},"3":{"start":{"line":42,"column":20},"end":{"line":42,"column":32}},"4":{"start":{"line":52,"column":0},"end":{"line":55,"column":2}}},"fnMap":{"0":{"name":"(anonymous_0)","decl":{"start":{"line":25,"column":12},"end":{"line":25,"column":13}},"loc":{"start":{"line":35,"column":2},"end":{"line":49,"column":7}},"line":35},"1":{"name":"(anonymous_1)","decl":{"start":{"line":41,"column":13},"end":{"line":41,"column":14}},"loc":{"start":{"line":41,"column":18},"end":{"line":41,"column":35}},"line":41},"2":{"name":"(anonymous_2)","decl":{"start":{"line":42,"column":15},"end":{"line":42,"column":16}},"loc":{"start":{"line":42,"column":20},"end":{"line":42,"column":32}},"line":42}},"branchMap":{"0":{"loc":{"start":{"line":43,"column":14},"end":{"line":43,"column":33}},"type":"cond-expr","locations":[{"start":{"line":43,"column":27},"end":{"line":43,"column":28}},{"start":{"line":43,"column":31},"end":{"line":43,"column":33}}],"line":43}},"s":{"0":0,"1":0,"2":0,"3":0,"4":0},"f":{"0":0,"1":0,"2":0},"b":{"0":[0,0]},"hash":"b9fc11ae4bf04bd990bdf3d5814c0f86377f5272"},"/Users/vinkumar2/Documents/Projects/PageSource/PatternLibs/ReactPatternLib/lib/core/utils/url.js":{"path":"/Users/vinkumar2/Documents/Projects/PageSource/PatternLibs/ReactPatternLib/lib/core/utils/url.js","statementMap":{"0":{"start":{"line":1,"column":37},"end":{"line":8,"column":1}},"1":{"start":{"line":2,"column":22},"end":{"line":2,"column":24}},"2":{"start":{"line":3,"column":15},"end":{"line":3,"column":33}},"3":{"start":{"line":4,"column":2},"end":{"line":6,"column":3}},"4":{"start":{"line":4,"column":15},"end":{"line":4,"column":16}},"5":{"start":{"line":4,"column":22},"end":{"line":4,"column":33}},"6":{"start":{"line":5,"column":4},"end":{"line":5,"column":53}},"7":{"start":{"line":7,"column":2},"end":{"line":7,"column":31}},"8":{"start":{"line":10,"column":24},"end":{"line":20,"column":1}},"9":{"start":{"line":11,"column":2},"end":{"line":18,"column":3}},"10":{"start":{"line":12,"column":32},"end":{"line":12,"column":39}},"11":{"start":{"line":13,"column":14},"end":{"line":13,"column":22}},"12":{"start":{"line":14,"column":4},"end":{"line":16,"column":5}},"13":{"start":{"line":15,"column":6},"end":{"line":15,"column":48}},"14":{"start":{"line":17,"column":4},"end":{"line":17,"column":15}},"15":{"start":{"line":19,"column":2},"end":{"line":19,"column":17}}},"fnMap":{"0":{"name":"(anonymous_0)","decl":{"start":{"line":1,"column":37},"end":{"line":1,"column":38}},"loc":{"start":{"line":1,"column":53},"end":{"line":8,"column":1}},"line":1},"1":{"name":"(anonymous_1)","decl":{"start":{"line":10,"column":24},"end":{"line":10,"column":25}},"loc":{"start":{"line":10,"column":35},"end":{"line":20,"column":1}},"line":10}},"branchMap":{"0":{"loc":{"start":{"line":1,"column":38},"end":{"line":1,"column":48}},"type":"default-arg","locations":[{"start":{"line":1,"column":46},"end":{"line":1,"column":48}}],"line":1},"1":{"loc":{"start":{"line":11,"column":2},"end":{"line":18,"column":3}},"type":"if","locations":[{"start":{"line":11,"column":2},"end":{"line":18,"column":3}},{"start":{"line":11,"column":2},"end":{"line":18,"column":3}}],"line":11},"2":{"loc":{"start":{"line":14,"column":4},"end":{"line":16,"column":5}},"type":"if","locations":[{"start":{"line":14,"column":4},"end":{"line":16,"column":5}},{"start":{"line":14,"column":4},"end":{"line":16,"column":5}}],"line":14}},"s":{"0":0,"1":0,"2":0,"3":0,"4":0,"5":0,"6":0,"7":0,"8":0,"9":0,"10":0,"11":0,"12":0,"13":0,"14":0,"15":0},"f":{"0":0,"1":0},"b":{"0":[0],"1":[0,0],"2":[0,0]},"hash":"a03f437bca38e6f0478862955f9741d62edf3dd2"},"/Users/vinkumar2/Documents/Projects/PageSource/PatternLibs/ReactPatternLib/lib/components/molecules/ArticleThumbnail/index.js":{"path":"/Users/vinkumar2/Documents/Projects/PageSource/PatternLibs/ReactPatternLib/lib/components/molecules/ArticleThumbnail/index.js","statementMap":{},"fnMap":{},"branchMap":{},"s":{},"f":{},"b":{},"hash":"4cfa232abd74ebbf78824b2e7a2419ce8faa4a37"},"/Users/vinkumar2/Documents/Projects/PageSource/PatternLibs/ReactPatternLib/lib/components/molecules/ArticleThumbnail/types/index.js":{"path":"/Users/vinkumar2/Documents/Projects/PageSource/PatternLibs/ReactPatternLib/lib/components/molecules/ArticleThumbnail/types/index.js","statementMap":{},"fnMap":{},"branchMap":{},"s":{},"f":{},"b":{},"hash":"a711c3d47dcd5cced2c3a9069ecea4de1be76a11"},"/Users/vinkumar2/Documents/Projects/PageSource/PatternLibs/ReactPatternLib/lib/components/molecules/Tabs/Tabs.style.js":{"path":"/Users/vinkumar2/Documents/Projects/PageSource/PatternLibs/ReactPatternLib/lib/components/molecules/Tabs/Tabs.style.js","statementMap":{"0":{"start":{"line":4,"column":14},"end":{"line":4,"column":95}},"1":{"start":{"line":6,"column":4},"end":{"line":6,"column":94}},"2":{"start":{"line":7,"column":14},"end":{"line":7,"column":64}}},"fnMap":{"0":{"name":"(anonymous_0)","decl":{"start":{"line":4,"column":4},"end":{"line":4,"column":5}},"loc":{"start":{"line":4,"column":14},"end":{"line":4,"column":95}},"line":4},"1":{"name":"(anonymous_1)","decl":{"start":{"line":5,"column":4},"end":{"line":5,"column":5}},"loc":{"start":{"line":6,"column":4},"end":{"line":6,"column":94}},"line":6},"2":{"name":"(anonymous_2)","decl":{"start":{"line":7,"column":4},"end":{"line":7,"column":5}},"loc":{"start":{"line":7,"column":14},"end":{"line":7,"column":64}},"line":7}},"branchMap":{"0":{"loc":{"start":{"line":4,"column":14},"end":{"line":4,"column":95}},"type":"cond-expr","locations":[{"start":{"line":4,"column":38},"end":{"line":4,"column":90}},{"start":{"line":4,"column":93},"end":{"line":4,"column":95}}],"line":4},"1":{"loc":{"start":{"line":6,"column":4},"end":{"line":6,"column":94}},"type":"cond-expr","locations":[{"start":{"line":6,"column":27},"end":{"line":6,"column":89}},{"start":{"line":6,"column":92},"end":{"line":6,"column":94}}],"line":6},"2":{"loc":{"start":{"line":7,"column":14},"end":{"line":7,"column":64}},"type":"cond-expr","locations":[{"start":{"line":7,"column":38},"end":{"line":7,"column":59}},{"start":{"line":7,"column":62},"end":{"line":7,"column":64}}],"line":7}},"s":{"0":0,"1":0,"2":0},"f":{"0":0,"1":0,"2":0},"b":{"0":[0,0],"1":[0,0],"2":[0,0]},"hash":"7dad9f47ca285880b994c8d7d0c44149fab314da"},"/Users/vinkumar2/Documents/Projects/PageSource/PatternLibs/ReactPatternLib/lib/components/molecules/ArticleThumbnail/ArticleThumbnail.style.js":{"path":"/Users/vinkumar2/Documents/Projects/PageSource/PatternLibs/ReactPatternLib/lib/components/molecules/ArticleThumbnail/ArticleThumbnail.style.js","statementMap":{"0":{"start":{"line":3,"column":15},"end":{"line":8,"column":1}}},"fnMap":{},"branchMap":{},"s":{"0":0},"f":{},"b":{},"hash":"b4694e4891339b2571de066881f3b0501466a519"},"/Users/vinkumar2/Documents/Projects/PageSource/PatternLibs/ReactPatternLib/lib/components/molecules/Popover/index.js":{"path":"/Users/vinkumar2/Documents/Projects/PageSource/PatternLibs/ReactPatternLib/lib/components/molecules/Popover/index.js","statementMap":{},"fnMap":{},"branchMap":{},"s":{},"f":{},"b":{},"hash":"c3f5a1054f19f6963e880e4f042802ce7a2ee1b6"},"/Users/vinkumar2/Documents/Projects/PageSource/PatternLibs/ReactPatternLib/lib/components/molecules/Popover/Popover.style.js":{"path":"/Users/vinkumar2/Documents/Projects/PageSource/PatternLibs/ReactPatternLib/lib/components/molecules/Popover/Popover.style.js","statementMap":{"0":{"start":{"line":14,"column":14},"end":{"line":14,"column":64}}},"fnMap":{"0":{"name":"(anonymous_0)","decl":{"start":{"line":14,"column":4},"end":{"line":14,"column":5}},"loc":{"start":{"line":14,"column":14},"end":{"line":14,"column":64}},"line":14}},"branchMap":{"0":{"loc":{"start":{"line":14,"column":14},"end":{"line":14,"column":64}},"type":"cond-expr","locations":[{"start":{"line":14,"column":38},"end":{"line":14,"column":59}},{"start":{"line":14,"column":62},"end":{"line":14,"column":64}}],"line":14}},"s":{"0":0},"f":{"0":0},"b":{"0":[0,0]},"hash":"5ef2757898315439bfcb853392c4db5401a5214e"},"/Users/vinkumar2/Documents/Projects/PageSource/PatternLibs/ReactPatternLib/lib/components/molecules/List/index.js":{"path":"/Users/vinkumar2/Documents/Projects/PageSource/PatternLibs/ReactPatternLib/lib/components/molecules/List/index.js","statementMap":{},"fnMap":{},"branchMap":{},"s":{},"f":{},"b":{},"hash":"c3803004194f18fea035f2238a1eba2fe1e54276"},"/Users/vinkumar2/Documents/Projects/PageSource/PatternLibs/ReactPatternLib/lib/components/molecules/Popover/types/index.js":{"path":"/Users/vinkumar2/Documents/Projects/PageSource/PatternLibs/ReactPatternLib/lib/components/molecules/Popover/types/index.js","statementMap":{},"fnMap":{},"branchMap":{},"s":{},"f":{},"b":{},"hash":"a1e03430cc5e8482c381a1168a87a6301a1a7124"},"/Users/vinkumar2/Documents/Projects/PageSource/PatternLibs/ReactPatternLib/lib/components/molecules/Breadcrumb/types/index.js":{"path":"/Users/vinkumar2/Documents/Projects/Pag
[...]
:18},"end":{"line":121,"column":19}},"loc":{"start":{"line":121,"column":24},"end":{"line":121,"column":49}},"line":121}},"branchMap":{"0":{"loc":{"start":{"line":121,"column":24},"end":{"line":121,"column":49}},"type":"binary-expr","locations":[{"start":{"line":121,"column":24},"end":{"line":121,"column":32}},{"start":{"line":121,"column":36},"end":{"line":121,"column":49}}],"line":121}},"s":{"0":0,"1":0,"2":0,"3":0},"f":{"0":0,"1":0},"b":{"0":[0,0]},"hash":"b76ffb6ed128bd367be1e9a750498569eccf0629"},"/Users/vinkumar2/Documents/Projects/PageSource/PatternLibs/ReactPatternLib/lib/components/atoms/Anchor/index.js":{"path":"/Users/vinkumar2/Documents/Projects/PageSource/PatternLibs/ReactPatternLib/lib/components/atoms/Anchor/index.js","statementMap":{},"fnMap":{},"branchMap":{},"s":{},"f":{},"b":{},"hash":"316cfb6d9442a4187a297f67c1f00c258ca0c59d"},"/Users/vinkumar2/Documents/Projects/PageSource/PatternLibs/ReactPatternLib/lib/components/atoms/Heading/Heading.js":{"path":"/Users/vinkumar2/Documents/Projects/PageSource/PatternLibs/ReactPatternLib/lib/components/atoms/Heading/Heading.js","statementMap":{"0":{"start":{"line":17,"column":16},"end":{"line":32,"column":1}},"1":{"start":{"line":25,"column":2},"end":{"line":31,"column":16}},"2":{"start":{"line":34,"column":0},"end":{"line":38,"column":2}}},"fnMap":{"0":{"name":"(anonymous_0)","decl":{"start":{"line":17,"column":16},"end":{"line":17,"column":17}},"loc":{"start":{"line":25,"column":2},"end":{"line":31,"column":16}},"line":25}},"branchMap":{"0":{"loc":{"start":{"line":20,"column":2},"end":{"line":20,"column":20}},"type":"default-arg","locations":[{"start":{"line":20,"column":16},"end":{"line":20,"column":20}}],"line":20},"1":{"loc":{"start":{"line":27,"column":18},"end":{"line":27,"column":94}},"type":"binary-expr","locations":[{"start":{"line":27,"column":18},"end":{"line":27,"column":32}},{"start":{"line":27,"column":36},"end":{"line":27,"column":94}}],"line":27}},"s":{"0":0,"1":0,"2":0},"f":{"0":0},"b":{"0":[0],"1":[0,0]},"hash":"3badf29d657bc660be42ff7810187a1c098fd55b"},"/Users/vinkumar2/Documents/Projects/PageSource/PatternLibs/ReactPatternLib/lib/components/molecules/Tabs/Tabs.js":{"path":"/Users/vinkumar2/Documents/Projects/PageSource/PatternLibs/ReactPatternLib/lib/components/molecules/Tabs/Tabs.js","statementMap":{"0":{"start":{"line":19,"column":4},"end":{"line":19,"column":17}},"1":{"start":{"line":20,"column":4},"end":{"line":20,"column":63}},"2":{"start":{"line":24,"column":37},"end":{"line":24,"column":47}},"3":{"start":{"line":25,"column":4},"end":{"line":25,"column":37}},"4":{"start":{"line":28,"column":20},"end":{"line":36,"column":3}},"5":{"start":{"line":29,"column":28},"end":{"line":29,"column":38}},"6":{"start":{"line":30,"column":4},"end":{"line":32,"column":7}},"7":{"start":{"line":33,"column":4},"end":{"line":35,"column":5}},"8":{"start":{"line":34,"column":6},"end":{"line":34,"column":25}},"9":{"start":{"line":38,"column":13},"end":{"line":47,"column":3}},"10":{"start":{"line":39,"column":4},"end":{"line":39,"column":23}},"11":{"start":{"line":40,"column":30},"end":{"line":40,"column":40}},"12":{"start":{"line":42,"column":4},"end":{"line":44,"column":5}},"13":{"start":{"line":43,"column":6},"end":{"line":43,"column":13}},"14":{"start":{"line":46,"column":4},"end":{"line":46,"column":32}},"15":{"start":{"line":49,"column":15},"end":{"line":70,"column":3}},"16":{"start":{"line":50,"column":4},"end":{"line":54,"column":5}},"17":{"start":{"line":51,"column":6},"end":{"line":51,"column":25}},"18":{"start":{"line":53,"column":6},"end":{"line":53,"column":13}},"19":{"start":{"line":56,"column":30},"end":{"line":56,"column":40}},"20":{"start":{"line":57,"column":28},"end":{"line":57,"column":38}},"21":{"start":{"line":61,"column":4},"end":{"line":67,"column":5}},"22":{"start":{"line":62,"column":6},"end":{"line":62,"column":38}},"23":{"start":{"line":63,"column":11},"end":{"line":67,"column":5}},"24":{"start":{"line":64,"column":6},"end":{"line":64,"column":38}},"25":{"start":{"line":66,"column":6},"end":{"line":66,"column":13}},"26":{"start":{"line":69,"column":4},"end":{"line":69,"column":38}},"27":{"start":{"line":82,"column":8},"end":{"line":82,"column":18}},"28":{"start":{"line":83,"column":30},"end":{"line":83,"column":40}},"29":{"start":{"line":84,"column":24},"end":{"line":88,"column":5}},"30":{"start":{"line":89,"column":4},"end":{"line":124,"column":6}},"31":{"start":{"line":95,"column":16},"end":{"line":105,"column":22}},"32":{"start":{"line":112,"column":14},"end":{"line":120,"column":25}},"33":{"start":{"line":128,"column":0},"end":{"line":136,"column":2}}},"fnMap":{"0":{"name":"(anonymous_0)","decl":{"start":{"line":18,"column":2},"end":{"line":18,"column":3}},"loc":{"start":{"line":18,"column":21},"end":{"line":21,"column":3}},"line":18},"1":{"name":"(anonymous_1)","decl":{"start":{"line":23,"column":2},"end":{"line":23,"column":3}},"loc":{"start":{"line":23,"column":24},"end":{"line":26,"column":3}},"line":23},"2":{"name":"(anonymous_2)","decl":{"start":{"line":28,"column":20},"end":{"line":28,"column":21}},"loc":{"start":{"line":28,"column":39},"end":{"line":36,"column":3}},"line":28},"3":{"name":"(anonymous_3)","decl":{"start":{"line":38,"column":13},"end":{"line":38,"column":14}},"loc":{"start":{"line":38,"column":53},"end":{"line":47,"column":3}},"line":38},"4":{"name":"(anonymous_4)","decl":{"start":{"line":49,"column":15},"end":{"line":49,"column":16}},"loc":{"start":{"line":49,"column":48},"end":{"line":70,"column":3}},"line":49},"5":{"name":"(anonymous_5)","decl":{"start":{"line":72,"column":2},"end":{"line":72,"column":3}},"loc":{"start":{"line":72,"column":11},"end":{"line":125,"column":3}},"line":72},"6":{"name":"(anonymous_6)","decl":{"start":{"line":94,"column":30},"end":{"line":94,"column":31}},"loc":{"start":{"line":95,"column":16},"end":{"line":105,"column":22}},"line":95},"7":{"name":"(anonymous_7)","decl":{"start":{"line":111,"column":28},"end":{"line":111,"column":29}},"loc":{"start":{"line":112,"column":14},"end":{"line":120,"column":25}},"line":112}},"branchMap":{"0":{"loc":{"start":{"line":25,"column":11},"end":{"line":25,"column":36}},"type":"binary-expr","locations":[{"start":{"line":25,"column":11},"end":{"line":25,"column":31}},{"start":{"line":25,"column":35},"end":{"line":25,"column":36}}],"line":25},"1":{"loc":{"start":{"line":33,"column":4},"end":{"line":35,"column":5}},"type":"if","locations":[{"start":{"line":33,"column":4},"end":{"line":35,"column":5}},{"start":{"line":33,"column":4},"end":{"line":35,"column":5}}],"line":33},"2":{"loc":{"start":{"line":42,"column":4},"end":{"line":44,"column":5}},"type":"if","locations":[{"start":{"line":42,"column":4},"end":{"line":44,"column":5}},{"start":{"line":42,"column":4},"end":{"line":44,"column":5}}],"line":42},"3":{"loc":{"start":{"line":50,"column":4},"end":{"line":54,"column":5}},"type":"if","locations":[{"start":{"line":50,"column":4},"end":{"line":54,"column":5}},{"start":{"line":50,"column":4},"end":{"line":54,"column":5}}],"line":50},"4":{"loc":{"start":{"line":50,"column":8},"end":{"line":50,"column":53}},"type":"binary-expr","locations":[{"start":{"line":50,"column":8},"end":{"line":50,"column":28}},{"start":{"line":50,"column":32},"end":{"line":50,"column":53}}],"line":50},"5":{"loc":{"start":{"line":61,"column":4},"end":{"line":67,"column":5}},"type":"if","locations":[{"start":{"line":61,"column":4},"end":{"line":67,"column":5}},{"start":{"line":61,"column":4},"end":{"line":67,"column":5}}],"line":61},"6":{"loc":{"start":{"line":61,"column":8},"end":{"line":61,"column":49}},"type":"binary-expr","locations":[{"start":{"line":61,"column":8},"end":{"line":61,"column":28}},{"start":{"line":61,"column":32},"end":{"line":61,"column":49}}],"line":61},"7":{"loc":{"start":{"line":63,"column":11},"end":{"line":67,"column":5}},"type":"if","locations":[{"start":{"line":63,"column":11},"end":{"line":67,"column":5}},{"start":{"line":63,"column":11},"end":{"line":67,"column":5}}],"line":63},"8":{"loc":{"start":{"line":63,"column":15},"end":{"line":63,"column":78}},"type":"binary-expr","locations":[{"start":{"line":63,"column":15},"end":{"line":63,"column":36}},{"start":{"line":63,"column":40},"end":{"line":63,"column":78}}],"line":63},"9":{"loc":{"start":{"line":93,"column":13},"end":{"line":106,"column":16}},"type":"binary-expr","locations":[{"start":{"line":93,"column":13},"end":{"line":93,"column":24}},{"start":{"line":94,"column":14},"end":{"line":106,"column":16}}],"line":93},"10":{"loc":{"start":{"line":96,"column":29},"end":{"line":96,"column":52}},"type":"binary-expr","locations":[{"start":{"line":96,"column":29},"end":{"line":96,"column":46}},{"start":{"line":96,"column":50},"end":{"line":96,"column":52}}],"line":96},"11":{"loc":{"start":{"line":110,"column":11},"end":{"line":121,"column":14}},"type":"binary-expr","locations":[{"start":{"line":110,"column":11},"end":{"line":110,"column":22}},{"start":{"line":111,"column":12},"end":{"line":121,"column":14}}],"line":110},"12":{"loc":{"start":{"line":113,"column":27},"end":{"line":113,"column":52}},"type":"binary-expr","locations":[{"start":{"line":113,"column":27},"end":{"line":113,"column":46}},{"start":{"line":113,"column":50},"end":{"line":113,"column":52}}],"line":113}},"s":{"0":0,"1":0,"2":0,"3":0,"4":0,"5":0,"6":0,"7":0,"8":0,"9":0,"10":0,"11":0,"12":0,"13":0,"14":0,"15":0,"16":0,"17":0,"18":0,"19":0,"20":0,"21":0,"22":0,"23":0,"24":0,"25":0,"26":0,"27":0,"28":0,"29":0,"30":0,"31":0,"32":0,"33":0},"f":{"0":0,"1":0,"2":0,"3":0,"4":0,"5":0,"6":0,"7":0},"b":{"0":[0,0],"1":[0,0],"2":[0,0],"3":[0,0],"4":[0,0],"5":[0,0],"6":[0,0],"7":[0,0],"8":[0,0],"9":[0,0],"10":[0,0],"11":[0,0],"12":[0,0]},"hash":"77ccca6a0be8df3dd2af8238f71c3735afc0e46d"},"/Users/vinkumar2/Documents/Projects/PageSource/PatternLibs/ReactPatternLib/lib/components/atoms/Anchor/Anchor.js":{"path":"/Users/vinkumar2/Documents/Projects/PageSource/PatternLibs/ReactPatternLib/lib/components/atoms/Anchor/Anchor.js","statementMap":{"0":{"start":{"line":24,"column":15},"end":{"line":48,"column":1}},"1":{"start":{"line":38,"column":2},"end":{"line":47,"column":6}},"2":{"start":{"line":50,"column":0},"end":{"line":60,"column":2}}},"fnMap":{"0":{"name":"(anonymous_0)","decl":{"start":{"line":24,"column":15},"end":{"line":24,"column":16}},"loc":{"start":{"line":38,"column":2},"end":{"line":47,"column":6}},"line":38},"1":{"name":"(anonymous_1)","decl":{"start":{"line":59,"column":19},"end":{"line":59,"column":20}},"loc":{"start":{"line":59,"column":25},"end":{"line":59,"column":27}},"line":59}},"branchMap":{"0":{"loc":{"start":{"line":43,"column":18},"end":{"line":43,"column":76}},"type":"binary-expr","locations":[{"start":{"line":43,"column":18},"end":{"line":43,"column":32}},{"start":{"line":43,"column":36},"end":{"line":43,"column":76}}],"line":43}},"s":{"0":0,"1":0,"2":0},"f":{"0":0,"1":0},"b":{"0":[0,0]},"hash":"b93ccd443f73b3388f275fd2234ea312163931af"},"/Users/vinkumar2/Documents/Projects/PageSource/PatternLibs/ReactPatternLib/lib/components/atoms/Image/Image.js":{"path":"/Users/vinkumar2/Documents/Projects/PageSource/PatternLibs/ReactPatternLib/lib/components/atoms/Image/Image.js","statementMap":{"0":{"start":{"line":22,"column":14},"end":{"line":54,"column":1}},"1":{"start":{"line":35,"column":2},"end":{"line":53,"column":4}},"2":{"start":{"line":49,"column":12},"end":{"line":49,"column":46}},"3":{"start":{"line":56,"column":0},"end":{"line":63,"column":2}}},"fnMap":{"0":{"name":"(anonymous_0)","decl":{"start":{"line":22,"column":14},"end":{"line":22,"column":15}},"loc":{"start":{"line":35,"column":2},"end":{"line":53,"column":4}},"line":35},"1":{"name":"(anonymous_1)","decl":{"start":{"line":47,"column":10},"end":{"line":47,"column":11}},"loc":{"start":{"line":47,"column":19},"end":{"line":50,"column":11}},"line":47}},"branchMap":{"0":{"loc":{"start":{"line":38,"column":12},"end":{"line":38,"column":26}},"type":"binary-expr","locations":[{"start":{"line":38,"column":12},"end":{"line":38,"column":18}},{"start":{"line":38,"column":22},"end":{"line":38,"column":26}}],"line":38},"1":{"loc":{"start":{"line":39,"column":11},"end":{"line":39,"column":24}},"type":"binary-expr","locations":[{"start":{"line":39,"column":11},"end":{"line":39,"column":16}},{"start":{"line":39,"column":20},"end":{"line":39,"column":24}}],"line":39},"2":{"loc":{"start":{"line":43,"column":18},"end":{"line":43,"column":72}},"type":"binary-expr","locations":[{"start":{"line":43,"column":18},"end":{"line":43,"column":32}},{"start":{"line":43,"column":36},"end":{"line":43,"column":72}}],"line":43},"3":{"loc":{"start":{"line":46,"column":6},"end":{"line":51,"column":14}},"type":"cond-expr","locations":[{"start":{"line":47,"column":10},"end":{"line":50,"column":11}},{"start":{"line":51,"column":10},"end":{"line":51,"column":14}}],"line":46}},"s":{"0":0,"1":0,"2":0,"3":0},"f":{"0":0,"1":0},"b":{"0":[0,0],"1":[0,0],"2":[0,0],"3":[0,0]},"hash":"b3502ec2fff07d2370f762fdfecb793c8f8ee0f4"},"/Users/vinkumar2/Documents/Projects/PageSource/PatternLibs/ReactPatternLib/lib/components/molecules/Popover/Popover.js":{"path":"/Users/vinkumar2/Documents/Projects/PageSource/PatternLibs/ReactPatternLib/lib/components/molecules/Popover/Popover.js","statementMap":{"0":{"start":{"line":20,"column":51},"end":{"line":20,"column":62}},"1":{"start":{"line":23,"column":4},"end":{"line":23,"column":17}},"2":{"start":{"line":28,"column":4},"end":{"line":28,"column":40}},"3":{"start":{"line":37,"column":4},"end":{"line":37,"column":75}},"4":{"start":{"line":39,"column":26},"end":{"line":39,"column":36}},"5":{"start":{"line":40,"column":4},"end":{"line":44,"column":5}},"6":{"start":{"line":41,"column":6},"end":{"line":43,"column":9}},"7":{"start":{"line":52,"column":4},"end":{"line":52,"column":78}},"8":{"start":{"line":61,"column":23},"end":{"line":73,"column":3}},"9":{"start":{"line":62,"column":15},"end":{"line":62,"column":23}},"10":{"start":{"line":63,"column":4},"end":{"line":72,"column":5}},"11":{"start":{"line":69,"column":6},"end":{"line":71,"column":9}},"12":{"start":{"line":80,"column":16},"end":{"line":84,"column":3}},"13":{"start":{"line":81,"column":4},"end":{"line":83,"column":7}},"14":{"start":{"line":91,"column":10},"end":{"line":95,"column":3}},"15":{"start":{"line":92,"column":4},"end":{"line":94,"column":7}},"16":{"start":{"line":98,"column":81},"end":{"line":98,"column":91}},"17":{"start":{"line":99,"column":28},"end":{"line":99,"column":38}},"18":{"start":{"line":106,"column":20},"end":{"line":106,"column":89}},"19":{"start":{"line":108,"column":4},"end":{"line":127,"column":6}},"20":{"start":{"line":131,"column":0},"end":{"line":134,"column":2}}},"fnMap":{"0":{"name":"(anonymous_0)","decl":{"start":{"line":22,"column":2},"end":{"line":22,"column":3}},"loc":{"start":{"line":22,"column":21},"end":{"line":29,"column":3}},"line":22},"1":{"name":"(anonymous_1)","decl":{"start":{"line":36,"column":2},"end":{"line":36,"column":3}},"loc":{"start":{"line":36,"column":22},"end":{"line":45,"column":3}},"line":36},"2":{"name":"(anonymous_2)","decl":{"start":{"line":51,"column":2},"end":{"line":51,"column":3}},"loc":{"start":{"line":51,"column":25},"end":{"line":53,"column":3}},"line":51},"3":{"name":"(anonymous_3)","decl":{"start":{"line":61,"column":23},"end":{"line":61,"column":24}},"loc":{"start":{"line":61,"column":42},"end":{"line":73,"column":3}},"line":61},"4":{"name":"(anonymous_4)","decl":{"start":{"line":80,"column":16},"end":{"line":80,"column":17}},"loc":{"start":{"line":80,"column":22},"end":{"line":84,"column":3}},"line":80},"5":{"name":"(anonymous_5)","decl":{"start":{"line":91,"column":10},"end":{"line":91,"column":11}},"loc":{"start":{"line":91,"column":16},"end":{"line":95,"column":3}},"line":91},"6":{"name":"(anonymous_6)","decl":{"start":{"line":97,"column":2},"end":{"line":97,"column":3}},"loc":{"start":{"line":97,"column":11},"end":{"line":128,"column":3}},"line":97}},"branchMap":{"0":{"loc":{"start":{"line":40,"column":4},"end":{"line":44,"column":5}},"type":"if","locations":[{"start":{"line":40,"column":4},"end":{"line":44,"column":5}},{"start":{"line":40,"column":4},"end":{"line":44,"column":5}}],"line":40},"1":{"loc":{"start":{"line":63,"column":4},"end":{"line":72,"column":5}},"type":"if","locations":[{"start":{"line":63,"column":4},"end":{"line":72,"column":5}},{"start":{"line":63,"column":4},"end":{"line":72,"column":5}}],"line":63},"2":{"loc":{"start":{"line":64,"column":6},"end":{"line":67,"column":43}},"type":"binary-expr","locations":[{"start":{"line":64,"column":6},"end":{"line":64,"column":21}},{"start":{"line":65,"column":6},"end":{"line":65,"column":29}},{"start":{"line":66,"column":6},"end":{"line":66,"column":24}},{"start":{"line":67,"column":6},"end":{"line":67,"column":43}}],"line":64},"3":{"loc":{"start":{"line":106,"column":20},"end":{"line":106,"column":89}},"type":"binary-expr","locations":[{"start":{"line":106,"column":20},"end":{"line":106,"column":27}},{"start":{"line":106,"column":31},"end":{"line":106,"column":89}}],"line":106},"4":{"loc":{"start":{"line":115,"column":9},"end":{"line":125,"column":9}},"type":"binary-expr","locations":[{"start":{"line":115,"column":9},"end":{"line":115,"column":20}},{"start":{"line":116,"column":10},"end":{"line":124,"column":16}}],"line":115},"5":{"loc":{"start":{"line":117,"column":13},"end":{"line":121,"column":13}},"type":"binary-expr","locations":[{"start":{"line":117,"column":13},"end":{"line":117,"column":33}},{"start":{"line":118,"column":14},"end":{"line":120,"column":23}}],"line":117},"6":{"loc":{"start":{"line":122,"column":13},"end":{"line":122,"column":82}},"type":"binary-expr","locations":[{"start":{"line":122,"column":13},"end":{"line":122,"column":26}},{"start":{"line":122,"column":30},"end":{"line":122,"column":82}}],"line":122}},"s":{"0":0,"1":0,"2":0,"3":0,"4":0,"5":0,"6":0,"7":0,"8":0,"9":0,"10":0,"11":0,"12":0,"13":0,"14":0,"15":0,"16":0,"17":0,"18":0,"19":0,"20":0},"f":{"0":0,"1":0,"2":0,"3":0,"4":0,"5":0,"6":0},"b":{"0":[0,0],"1":[0,0],"2":[0,0,0,0],"3":[0,0],"4":[0,0],"5":[0,0],"6":[0,0]},"hash":"f454343342f01c7f9d04139c2652d46da7b6f287"},"/Users/vinkumar2/Documents/Projects/PageSource/PatternLibs/ReactPatternLib/lib/components/atoms/Anchor/Anchor.style.js":{"path":"/Users/vinkumar2/Documents/Projects/PageSource/PatternLibs/ReactPatternLib/lib/components/atoms/Anchor/Anchor.style.js","statementMap":{"0":{"start":{"line":5,"column":13},"end":{"line":5,"column":50}},"1":{"start":{"line":6,"column":13},"end":{"line":6,"column":44}},"2":{"start":{"line":7,"column":13},"end":{"line":7,"column":45}},"3":{"start":{"line":9,"column":15},"end":{"line":9,"column":45}},"4":{"start":{"line":14,"column":14},"end":{"line":14,"column":64}}},"fnMap":{"0":{"name":"(anonymous_0)","decl":{"start":{"line":5,"column":4},"end":{"line":5,"column":5}},"loc":{"start":{"line":5,"column":13},"end":{"line":5,"column":50}},"line":5},"1":{"name":"(anonymous_1)","decl":{"start":{"line":6,"column":4},"end":{"line":6,"column":5}},"loc":{"start":{"line":6,"column":13},"end":{"line":6,"column":44}},"line":6},"2":{"name":"(anonymous_2)","decl":{"start":{"line":7,"column":4},"end":{"line":7,"column":5}},"loc":{"start":{"line":7,"column":13},"end":{"line":7,"column":45}},"line":7},"3":{"name":"(anonymous_3)","decl":{"start":{"line":9,"column":6},"end":{"line":9,"column":7}},"loc":{"start":{"line":9,"column":15},"end":{"line":9,"column":45}},"line":9},"4":{"name":"(anonymous_4)","decl":{"start":{"line":14,"column":4},"end":{"line":14,"column":5}},"loc":{"start":{"line":14,"column":14},"end":{"line":14,"column":64}},"line":14}},"branchMap":{"0":{"loc":{"start":{"line":14,"column":14},"end":{"line":14,"column":64}},"type":"cond-expr","locations":[{"start":{"line":14,"column":38},"end":{"line":14,"column":59}},{"start":{"line":14,"column":62},"end":{"line":14,"column":64}}],"line":14}},"s":{"0":0,"1":0,"2":0,"3":0,"4":0},"f":{"0":0,"1":0,"2":0,"3":0,"4":0},"b":{"0":[0,0]},"hash":"5070b0af92b43a9d13d89d26910818289bf3d543"}}}