{"numFailedTestSuites":1,"numFailedTests":1,"numPassedTestSuites":0,"numPassedTests":7,"numPendingTestSuites":0,"numPendingTests":0,"numRuntimeErrorTestSuites":0,"numTodoTests":0,"numTotalTestSuites":1,"numTotalTests":8,"openHandles":[],"snapshot":{"added":0,"didUpdate":false,"failure":false,"filesAdded":0,"filesRemoved":0,"filesRemovedList":[],"filesUnmatched":0,"filesUpdated":0,"matched":1,"total":1,"unchecked":0,"uncheckedKeysByFile":[],"unmatched":0,"updated":0},"startTime":1575639928931,"success":false,"testResults":[{"assertionResults":[{"ancestorTitles":["Table"],"failureMessages":[],"fullName":"Table should render correctly","location":null,"status":"passed","title":"should render correctly"},{"ancestorTitles":["Table"],"failureMessages":[],"fullName":"Table should have table component","location":null,"status":"passed","title":"should have table component"},{"ancestorTitles":["Table"],"failureMessages":[],"fullName":"Table should have thead component","location":null,"status":"passed","title":"should have thead component"},{"ancestorTitles":["Table"],"failureMessages":[],"fullName":"Table should have tbody component","location":null,"status":"passed","title":"should have tbody component"},{"ancestorTitles":["Table"],"failureMessages":[],"fullName":"Table should have th is equal to number of columns","location":null,"status":"passed","title":"should have th is equal to number of columns"},{"ancestorTitles":["Table"],"failureMessages":[],"fullName":"Table should have tr is equal to number of data rows","location":null,"status":"passed","title":"should have tr is equal to number of data rows"},{"ancestorTitles":["Table"],"failureMessages":[],"fullName":"Table should loop through each row and check the content","location":null,"status":"passed","title":"should loop through each row and check the content"},{"ancestorTitles":["Table"],"failureMessages":["Error: \u001b[2mexpect(\u001b[22m\u001b[31mreceived\u001b[39m\u001b[2m).\u001b[22mtoEqual\u001b[2m(\u001b[22m\u001b[32mexpected\u001b[39m\u001b[2m) // deep equality\u001b[22m\n\nExpected: \u001b[32m1\u001b[39m\nReceived: \u001b[31m{\"children\": [<thead><tr><th><Unknown intent=\"header\" label=\"Dessert (100g serving)\" name=\"name\" /></th><th><Unknown intent=\"header\" label=\"Calories\" name=\"calories\" /></th><th><Unknown intent=\"header\" label=\"Fat (g)\" name=\"fat\" /></th><th><Unknown intent=\"header\" label=\"Carbs (g)\" name=\"carbs\" /></th><th><Unknown intent=\"header\" label=\"Protein (g)\" name=\"protein\" /></th></tr></thead>, <tbody><tr><td><Unknown intent=\"cell\" label=\"Dessert (100g serving)\" name=\"name\" value=\"Cupcake\" /></td><td><Unknown intent=\"cell\" label=\"Calories\" name=\"calories\" value={305} /></td><td><Unknown intent=\"cell\" label=\"Fat (g)\" name=\"fat\" value={3.7} /></td><td><Unknown intent=\"cell\" label=\"Carbs (g)\" name=\"carbs\" value={67} /></td><td><Unknown intent=\"cell\" label=\"Protein (g)\" name=\"protein\" value={4.3} /></td></tr><tr><td><Unknown intent=\"cell\" label=\"Dessert (100g serving)\" name=\"name\" value=\"Donut\" /></td><td><Unknown intent=\"cell\" label=\"Calories\" name=\"calories\" value={452} /></td><td><Unknown intent=\"cell\" label=\"Fat (g)\" name=\"fat\" value={25} /></td><td><Unknown intent=\"cell\" label=\"Carbs (g)\" name=\"carbs\" value={51} /></td><td><Unknown intent=\"cell\" label=\"Protein (g)\" name=\"protein\" value={4.9} /></td></tr><tr><td><Unknown intent=\"cell\" label=\"Dessert (100g serving)\" name=\"name\" value=\"Eclair\" /></td><td><Unknown intent=\"cell\" label=\"Calories\" name=\"calories\" value={262} /></td><td><Unknown intent=\"cell\" label=\"Fat (g)\" name=\"fat\" value={16} /></td><td><Unknown intent=\"cell\" label=\"Carbs (g)\" name=\"carbs\" value={24} /></td><td><Unknown intent=\"cell\" label=\"Protein (g)\" name=\"protein\" value={6} /></td></tr><tr><td><Unknown intent=\"cell\" label=\"Dessert (100g serving)\" name=\"name\" value=\"Frozen yoghurt\" /></td><td><Unknown intent=\"cell\" label=\"Calories\" name=\"calories\" value={159} /></td><td><Unknown intent=\"cell\" label=\"Fat (g)\" name=\"fat\" value={6} /></td><td><Unknown intent=\"cell\" label=\"Carbs (g)\" name=\"carbs\" value={24} /></td><td><Unknown intent=\"cell\" label=\"Protein (g)\" name=\"protein\" value={4} /></td></tr><tr><td><Unknown intent=\"cell\" label=\"Dessert (100g serving)\" name=\"name\" value=\"Gingerbread\" /></td><td><Unknown intent=\"cell\" label=\"Calories\" name=\"calories\" value={356} /></td><td><Unknown intent=\"cell\" label=\"Fat (g)\" name=\"fat\" value={16} /></td><td><Unknown intent=\"cell\" label=\"Carbs (g)\" name=\"carbs\" value={49} /></td><td><Unknown intent=\"cell\" label=\"Protein (g)\" name=\"protein\" value={3.9} /></td></tr><tr><td><Unknown intent=\"cell\" label=\"Dessert (100g serving)\" name=\"name\" value=\"Honeycomb\" /></td><td><Unknown intent=\"cell\" label=\"Calories\" name=\"calories\" value={408} /></td><td><Unknown intent=\"cell\" label=\"Fat (g)\" name=\"fat\" value={3.2} /></td><td><Unknown intent=\"cell\" label=\"Carbs (g)\" name=\"carbs\" value={87} /></td><td><Unknown intent=\"cell\" label=\"Protein (g)\" name=\"protein\" value={6.5} /></td></tr><tr><td><Unknown intent=\"cell\" label=\"Dessert (100g serving)\" name=\"name\" value=\"Ice cream sandwich\" /></td><td><Unknown intent=\"cell\" label=\"Calories\" name=\"calories\" value={237} /></td><td><Unknown intent=\"cell\" label=\"Fat (g)\" name=\"fat\" value={9} /></td><td><Unknown intent=\"cell\" label=\"Carbs (g)\" name=\"carbs\" value={37} /></td><td><Unknown intent=\"cell\" label=\"Protein (g)\" name=\"protein\" value={4.3} /></td></tr><tr><td><Unknown intent=\"cell\" label=\"Dessert (100g serving)\" name=\"name\" value=\"Jelly Bean\" /></td><td><Unknown intent=\"cell\" label=\"Calories\" name=\"calories\" value={375} /></td><td><Unknown intent=\"cell\" label=\"Fat (g)\" name=\"fat\" value={0} /></td><td><Unknown intent=\"cell\" label=\"Carbs (g)\" name=\"carbs\" value={94} /></td><td><Unknown intent=\"cell\" label=\"Protein (g)\" name=\"protein\" value={0} /></td></tr><tr><td><Unknown intent=\"cell\" label=\"Dessert (100g serving)\" name=\"name\" value=\"KitKat\" /></td><td><Unknown intent=\"cell\" label=\"Calories\" name=\"calories\" value={518} /></td><td><Unknown intent=\"cell\" label=\"Fat (g)\" name=\"fat\" value={26} /></td><td><Unknown intent=\"cell\" label=\"Carbs (g)\" name=\"carbs\" value={65} /></td><td><Unknown intent=\"cell\" label=\"Protein (g)\" name=\"protein\" value={7} /></td></tr><tr><td><Unknown intent=\"cell\" label=\"Dessert (100g serving)\" name=\"name\" value=\"Lollipop\" /></td><td><Unknown intent=\"cell\" label=\"Calories\" name=\"calories\" value={392} /></td><td><Unknown intent=\"cell\" label=\"Fat (g)\" name=\"fat\" value={0.2} /></td><td><Unknown intent=\"cell\" label=\"Carbs (g)\" name=\"carbs\" value={98} /></td><td><Unknown intent=\"cell\" label=\"Protein (g)\" name=\"protein\" value={0} /></td></tr><tr><td><Unknown intent=\"cell\" label=\"Dessert (100g serving)\" name=\"name\" value=\"Marshmallow\" /></td><td><Unknown intent=\"cell\" label=\"Calories\" name=\"calories\" value={318} /></td><td><Unknown intent=\"cell\" label=\"Fat (g)\" name=\"fat\" value={0} /></td><td><Unknown intent=\"cell\" label=\"Carbs (g)\" name=\"carbs\" value={81} /></td><td><Unknown intent=\"cell\" label=\"Protein (g)\" name=\"protein\" value={2} /></td></tr><tr><td><Unknown intent=\"cell\" label=\"Dessert (100g serving)\" name=\"name\" value=\"Nougat\" /></td><td><Unknown intent=\"cell\" label=\"Calories\" name=\"calories\" value={360} /></td><td><Unknown intent=\"cell\" label=\"Fat (g)\" name=\"fat\" value={19} /></td><td><Unknown intent=\"cell\" label=\"Carbs (g)\" name=\"carbs\" value={9} /></td><td><Unknown intent=\"cell\" label=\"Protein (g)\" name=\"protein\" value={37} /></td></tr><tr><td><Unknown intent=\"cell\" label=\"Dessert (100g serving)\" name=\"name\" value=\"Oreo\" /></td><td><Unknown intent=\"cell\" label=\"Calories\" name=\"calories\" value={437} /></td><td><Unknown intent=\"cell\" label=\"Fat (g)\" name=\"fat\" value={18} /></td><td><Unknown intent=\"cell\" label=\"Carbs (g)\" name=\"carbs\" value={63} /></td><td><Unknown intent=\"cell\" label=\"Protein (g)\" name=\"protein\" value={4} /></td></tr></tbody>], \"className\": undefined}\u001b[39m\n    at Object.toEqual (C:\\Users\\anksaini1\\Documents\\project\\atomic-react-components\\lib\\components\\molecules\\Table\\tests\\Table.test.js:105:29)\n    at Object.asyncJestTest (C:\\Users\\anksaini1\\Documents\\project\\atomic-react-components\\node_modules\\jest-jasmine2\\build\\jasmineAsyncInstall.js:102:37)\n    at C:\\Users\\anksaini1\\Documents\\project\\atomic-react-components\\node_modules\\jest-jasmine2\\build\\queueRunner.js:43:12\n    at new Promise (<anonymous>)\n    at mapper (C:\\Users\\anksaini1\\Documents\\project\\atomic-react-components\\node_modules\\jest-jasmine2\\build\\queueRunner.js:26:19)\n    at C:\\Users\\anksaini1\\Documents\\project\\atomic-react-components\\node_modules\\jest-jasmine2\\build\\queueRunner.js:73:41\n    at processTicksAndRejections (internal/process/task_queues.js:93:5)"],"fullName":"Table should TableVanilla","location":null,"status":"failed","title":"should TableVanilla"}],"endTime":1575639938287,"message":"\u001b[1m\u001b[31m  \u001b[1m● \u001b[1mTable › should TableVanilla\u001b[39m\u001b[22m\n\n    \u001b[2mexpect(\u001b[22m\u001b[31mreceived\u001b[39m\u001b[2m).\u001b[22mtoEqual\u001b[2m(\u001b[22m\u001b[32mexpected\u001b[39m\u001b[2m) // deep equality\u001b[22m\n\n    Expected: \u001b[32m1\u001b[39m\n    Received: \u001b[31m{\"children\": [<thead><tr><th><Unknown intent=\"header\" label=\"Dessert (100g serving)\" name=\"name\" /></th><th><Unknown intent=\"header\" label=\"Calories\" name=\"calories\" /></th><th><Unknown intent=\"header\" label=\"Fat (g)\" name=\"fat\" /></th><th><Unknown intent=\"header\" label=\"Carbs (g)\" name=\"carbs\" /></th><th><Unknown intent=\"header\" label=\"Protein (g)\" name=\"protein\" /></th></tr></thead>, <tbody><tr><td><Unknown intent=\"cell\" label=\"Dessert (100g serving)\" name=\"name\" value=\"Cupcake\" /></td><td><Unknown intent=\"cell\" label=\"Calories\" name=\"calories\" value={305} /></td><td><Unknown intent=\"cell\" label=\"Fat (g)\" name=\"fat\" value={3.7} /></td><td><Unknown intent=\"cell\" label=\"Carbs (g)\" name=\"carbs\" value={67} /></td><td><Unknown intent=\"cell\" label=\"Protein (g)\" name=\"protein\" value={4.3} /></td></tr><tr><td><Unknown intent=\"cell\" label=\"Dessert (100g serving)\" name=\"name\" value=\"Donut\" /></td><td><Unknown intent=\"cell\" label=\"Calories\" name=\"calories\" value={452} /></td><td><Unknown intent=\"cell\" label=\"Fat (g)\" name=\"fat\" value={25} /></td><td><Unknown intent=\"cell\" label=\"Carbs (g)\" name=\"carbs\" value={51} /></td><td><Unknown intent=\"cell\" label=\"Protein (g)\" name=\"protein\" value={4.9} /></td></tr><tr><td><Unknown intent=\"cell\" label=\"Dessert (100g serving)\" name=\"name\" value=\"Eclair\" /></td><td><Unknown intent=\"cell\" label=\"Calories\" name=\"calories\" value={262} /></td><td><Unknown intent=\"cell\" label=\"Fat (g)\" name=\"fat\" value={16} /></td><td><Unknown intent=\"cell\" label=\"Carbs (g)\" name=\"carbs\" value={24} /></td><td><Unknown intent=\"cell\" label=\"Protein (g)\" name=\"protein\" value={6} /></td></tr><tr><td><Unknown intent=\"cell\" label=\"Dessert (100g serving)\" name=\"name\" value=\"Frozen yoghurt\" /></td><td><Unknown intent=\"cell\" label=\"Calories\" name=\"calories\" value={159} /></td><td><Unknown intent=\"cell\" label=\"Fat (g)\" name=\"fat\" value={6} /></td><td><Unknown intent=\"cell\" label=\"Carbs (g)\" name=\"carbs\" value={24} /></td><td><Unknown intent=\"cell\" label=\"Protein (g)\" name=\"protein\" value={4} /></td></tr><tr><td><Unknown intent=\"cell\" label=\"Dessert (100g serving)\" name=\"name\" value=\"Gingerbread\" /></td><td><Unknown intent=\"cell\" label=\"Calories\" name=\"calories\" value={356} /></td><td><Unknown intent=\"cell\" label=\"Fat (g)\" name=\"fat\" value={16} /></td><td><Unknown intent=\"cell\" label=\"Carbs (g)\" name=\"carbs\" value={49} /></td><td><Unknown intent=\"cell\" label=\"Protein (g)\" name=\"protein\" value={3.9} /></td></tr><tr><td><Unknown intent=\"cell\" label=\"Dessert (100g serving)\" name=\"name\" value=\"Honeycomb\" /></td><td><Unknown intent=\"cell\" label=\"Calories\" name=\"calories\" value={408} /></td><td><Unknown intent=\"cell\" label=\"Fat (g)\" name=\"fat\" value={3.2} /></td><td><Unknown intent=\"cell\" label=\"Carbs (g)\" name=\"carbs\" value={87} /></td><td><Unknown intent=\"cell\" label=\"Protein (g)\" name=\"protein\" value={6.5} /></td></tr><tr><td><Unknown intent=\"cell\" label=\"Dessert (100g serving)\" name=\"name\" value=\"Ice cream sandwich\" /></td><td><Unknown intent=\"cell\" label=\"Calories\" name=\"calories\" value={237} /></td><td><Unknown intent=\"cell\" label=\"Fat (g)\" name=\"fat\" value={9} /></td><td><Unknown intent=\"cell\" label=\"Carbs (g)\" name=\"carbs\" value={37} /></td><td><Unknown intent=\"cell\" label=\"Protein (g)\" name=\"protein\" value={4.3} /></td></tr><tr><td><Unknown intent=\"cell\" label=\"Dessert (100g serving)\" name=\"name\" value=\"Jelly Bean\" /></td><td><Unknown intent=\"cell\" label=\"Calories\" name=\"calories\" value={375} /></td><td><Unknown intent=\"cell\" label=\"Fat (g)\" name=\"fat\" value={0} /></td><td><Unknown intent=\"cell\" label=\"Carbs (g)\" name=\"carbs\" value={94} /></td><td><Unknown intent=\"cell\" label=\"Protein (g)\" name=\"protein\" value={0} /></td></tr><tr><td><Unknown intent=\"cell\" label=\"Dessert (100g serving)\" name=\"name\" value=\"KitKat\" /></td><td><Unknown intent=\"cell\" label=\"Calories\" name=\"calories\" value={518} /></td><td><Unknown intent=\"cell\" label=\"Fat (g)\" name=\"fat\" value={26} /></td><td><Unknown intent=\"cell\" label=\"Carbs (g)\" name=\"carbs\" value={65} /></td><td><Unknown intent=\"cell\" label=\"Protein (g)\" name=\"protein\" value={7} /></td></tr><tr><td><Unknown intent=\"cell\" label=\"Dessert (100g serving)\" name=\"name\" value=\"Lollipop\" /></td><td><Unknown intent=\"cell\" label=\"Calories\" name=\"calories\" value={392} /></td><td><Unknown intent=\"cell\" label=\"Fat (g)\" name=\"fat\" value={0.2} /></td><td><Unknown intent=\"cell\" label=\"Carbs (g)\" name=\"carbs\" value={98} /></td><td><Unknown intent=\"cell\" label=\"Protein (g)\" name=\"protein\" value={0} /></td></tr><tr><td><Unknown intent=\"cell\" label=\"Dessert (100g serving)\" name=\"name\" value=\"Marshmallow\" /></td><td><Unknown intent=\"cell\" label=\"Calories\" name=\"calories\" value={318} /></td><td><Unknown intent=\"cell\" label=\"Fat (g)\" name=\"fat\" value={0} /></td><td><Unknown intent=\"cell\" label=\"Carbs (g)\" name=\"carbs\" value={81} /></td><td><Unknown intent=\"cell\" label=\"Protein (g)\" name=\"protein\" value={2} /></td></tr><tr><td><Unknown intent=\"cell\" label=\"Dessert (100g serving)\" name=\"name\" value=\"Nougat\" /></td><td><Unknown intent=\"cell\" label=\"Calories\" name=\"calories\" value={360} /></td><td><Unknown intent=\"cell\" label=\"Fat (g)\" name=\"fat\" value={19} /></td><td><Unknown intent=\"cell\" label=\"Carbs (g)\" name=\"carbs\" value={9} /></td><td><Unknown intent=\"cell\" label=\"Protein (g)\" name=\"protein\" value={37} /></td></tr><tr><td><Unknown intent=\"cell\" label=\"Dessert (100g serving)\" name=\"name\" value=\"Oreo\" /></td><td><Unknown intent=\"cell\" label=\"Calories\" name=\"calories\" value={437} /></td><td><Unknown intent=\"cell\" label=\"Fat (g)\" name=\"fat\" value={18} /></td><td><Unknown intent=\"cell\" label=\"Carbs (g)\" name=\"carbs\" value={63} /></td><td><Unknown intent=\"cell\" label=\"Protein (g)\" name=\"protein\" value={4} /></td></tr></tbody>], \"className\": undefined}\u001b[39m\n\u001b[2m\u001b[22m\n\u001b[2m    \u001b[0m \u001b[90m 103 | \u001b[39m  })\u001b[33m;\u001b[39m\u001b[0m\u001b[22m\n\u001b[2m    \u001b[0m \u001b[90m 104 | \u001b[39m  it(\u001b[32m'should TableVanilla'\u001b[39m\u001b[33m,\u001b[39m () \u001b[33m=>\u001b[39m {\u001b[0m\u001b[22m\n\u001b[2m    \u001b[0m\u001b[31m\u001b[1m>\u001b[2m\u001b[39m\u001b[90m 105 | \u001b[39m    expect(wrapper\u001b[33m.\u001b[39mprops())\u001b[33m.\u001b[39mtoEqual(\u001b[35m1\u001b[39m)\u001b[0m\u001b[22m\n\u001b[2m    \u001b[0m \u001b[90m     | \u001b[39m                            \u001b[31m\u001b[1m^\u001b[2m\u001b[39m\u001b[0m\u001b[22m\n\u001b[2m    \u001b[0m \u001b[90m 106 | \u001b[39m  })\u001b[33m;\u001b[39m\u001b[0m\u001b[22m\n\u001b[2m    \u001b[0m \u001b[90m 107 | \u001b[39m})\u001b[33m;\u001b[39m\u001b[0m\u001b[22m\n\u001b[2m    \u001b[0m \u001b[90m 108 | \u001b[39m\u001b[0m\u001b[22m\n\u001b[2m\u001b[22m\n\u001b[2m      \u001b[2mat Object.toEqual (\u001b[2m\u001b[0m\u001b[36mlib/components/molecules/Table/tests/Table.test.js\u001b[39m\u001b[0m\u001b[2m:105:29)\u001b[2m\u001b[22m\n","name":"C:\\Users\\anksaini1\\Documents\\project\\atomic-react-components\\lib\\components\\molecules\\Table\\tests\\Table.test.js","startTime":1575639936936,"status":"failed","summary":""}],"wasInterrupted":false,"coverageMap":{"C:\\Users\\anksaini1\\Documents\\project\\atomic-react-components\\lib\\components\\molecules\\Table\\Column.js":{"path":"C:\\Users\\anksaini1\\Documents\\project\\atomic-react-components\\lib\\components\\molecules\\Table\\Column.js","statementMap":{"0":{"start":{"line":3,"column":15},"end":{"line":3,"column":82}},"1":{"start":{"line":3,"column":46},"end":{"line":3,"column":81}}},"fnMap":{"0":{"name":"(anonymous_0)","decl":{"start":{"line":3,"column":15},"end":{"line":3,"column":16}},"loc":{"start":{"line":3,"column":46},"end":{"line":3,"column":81}},"line":3}},"branchMap":{"0":{"loc":{"start":{"line":3,"column":46},"end":{"line":3,"column":81}},"type":"cond-expr","locations":[{"start":{"line":3,"column":68},"end":{"line":3,"column":73}},{"start":{"line":3,"column":76},"end":{"line":3,"column":81}}],"line":3}},"s":{"0":0,"1":0},"f":{"0":0},"b":{"0":[0,0]},"hash":"c4e6809840bc1ba48de2a84c3fff8f884f40d0cd"}}}