{"numFailedTestSuites":9,"numFailedTests":0,"numPassedTestSuites":21,"numPassedTests":59,"numPendingTestSuites":0,"numPendingTests":0,"numRuntimeErrorTestSuites":9,"numTodoTests":0,"numTotalTestSuites":30,"numTotalTests":59,"openHandles":[],"snapshot":{"added":0,"didUpdate":false,"failure":false,"filesAdded":0,"filesRemoved":0,"filesRemovedList":[],"filesUnmatched":0,"filesUpdated":0,"matched":24,"total":24,"unchecked":0,"uncheckedKeysByFile":[],"unmatched":0,"updated":0},"startTime":1575603398746,"success":false,"testResults":[{"assertionResults":[{"ancestorTitles":["<ArticleThumbnail />"],"failureMessages":[],"fullName":"<ArticleThumbnail /> should render correctly with Readmore","location":null,"status":"passed","title":"should render correctly with Readmore"},{"ancestorTitles":["<ArticleThumbnail />"],"failureMessages":[],"fullName":"<ArticleThumbnail /> should render correctly with full clickable thumb","location":null,"status":"passed","title":"should render correctly with full clickable thumb"}],"endTime":1575603408476,"message":"","name":"C:\\Users\\amajain3\\Documents\\atomic-react-components\\lib\\components\\molecules\\ArticleThumbnail\\tests\\ArticleThumbnail.test.js","startTime":1575603406818,"status":"passed","summary":""},{"assertionResults":[{"ancestorTitles":["Debug"],"failureMessages":[],"fullName":"Debug should render correctly","location":null,"status":"passed","title":"should render correctly"}],"endTime":1575603408486,"message":"","name":"C:\\Users\\amajain3\\Documents\\atomic-react-components\\lib\\components\\molecules\\Form\\Debug\\tests\\Debug.test.js","startTime":1575603406939,"status":"passed","summary":""},{"assertionResults":[{"ancestorTitles":["InputChoiceVanilla Component"],"failureMessages":[],"fullName":"InputChoiceVanilla Component should render Radio button correctly","location":null,"status":"passed","title":"should render Radio button correctly"},{"ancestorTitles":["InputChoiceVanilla Component"],"failureMessages":[],"fullName":"InputChoiceVanilla Component should render checkbox correctly","location":null,"status":"passed","title":"should render checkbox correctly"},{"ancestorTitles":["InputChoiceVanilla Component"],"failureMessages":[],"fullName":"InputChoiceVanilla Component should render disabled","location":null,"status":"passed","title":"should render disabled"},{"ancestorTitles":["InputChoiceVanilla Component"],"failureMessages":[],"fullName":"InputChoiceVanilla Component should render checked","location":null,"status":"passed","title":"should render checked"}],"endTime":1575603408487,"message":"","name":"C:\\Users\\amajain3\\Documents\\atomic-react-components\\lib\\components\\molecules\\InputChoice\\tests\\InputChoice.test.js","startTime":1575603406800,"status":"passed","summary":""},{"assertionResults":[{"ancestorTitles":["Button Component"],"failureMessages":[],"fullName":"Button Component should render correctly","location":null,"status":"passed","title":"should render correctly"},{"ancestorTitles":["Button Component"],"failureMessages":[],"fullName":"Button Component should render disabled","location":null,"status":"passed","title":"should render disabled"},{"ancestorTitles":["Button Component"],"failureMessages":[],"fullName":"Button Component should render title element","location":null,"status":"passed","title":"should render title element"},{"ancestorTitles":["Button Component"],"failureMessages":[],"fullName":"Button Component should render aria attribute element","location":null,"status":"passed","title":"should render aria attribute element"},{"ancestorTitles":["Button Component"],"failureMessages":[],"fullName":"Button Component should check the data attribute of button","location":null,"status":"passed","title":"should check the data attribute of button"}],"endTime":1575603408528,"message":"","name":"C:\\Users\\amajain3\\Documents\\atomic-react-components\\lib\\components\\atoms\\Button\\tests\\Button.test.js","startTime":1575603406882,"status":"passed","summary":""},{"assertionResults":[{"ancestorTitles":["<Tab />"],"failureMessages":[],"fullName":"<Tab /> should render correctly","location":null,"status":"passed","title":"should render correctly"}],"endTime":1575603408781,"message":"","name":"C:\\Users\\amajain3\\Documents\\atomic-react-components\\lib\\components\\molecules\\Tabs\\Tab\\tests\\Tab.test.js","startTime":1575603407078,"status":"passed","summary":""},{"assertionResults":[{"ancestorTitles":["<AtomicCarousel />"],"failureMessages":[],"fullName":"<AtomicCarousel /> Should render correctly","location":null,"status":"passed","title":"Should render correctly"},{"ancestorTitles":["<AtomicCarousel />"],"failureMessages":[],"fullName":"<AtomicCarousel /> Should render dots correctly","location":null,"status":"passed","title":"Should render dots correctly"},{"ancestorTitles":["<AtomicCarousel />"],"failureMessages":[],"fullName":"<AtomicCarousel /> Should render navigation correctly","location":null,"status":"passed","title":"Should render navigation correctly"},{"ancestorTitles":["<AtomicCarousel />"],"failureMessages":[],"fullName":"<AtomicCarousel /> Should increase slideIndex on click next","location":null,"status":"passed","title":"Should increase slideIndex on click next"},{"ancestorTitles":["<AtomicCarousel />"],"failureMessages":[],"fullName":"<AtomicCarousel /> Should decrease slideIndex on click prev","location":null,"status":"passed","title":"Should decrease slideIndex on click prev"},{"ancestorTitles":["<AtomicCarousel />"],"failureMessages":[],"fullName":"<AtomicCarousel /> Should show specific slideIndex on click specific dot","location":null,"status":"passed","title":"Should show specific slideIndex on click specific dot"},{"ancestorTitles":["<AtomicCarousel />"],"failureMessages":[],"fullName":"<AtomicCarousel /> Should show required number of slides","location":null,"status":"passed","title":"Should show required number of slides"},{"ancestorTitles":["<AtomicCarousel />"],"failureMessages":[],"fullName":"<AtomicCarousel /> Should render next button Label correctly","location":null,"status":"passed","title":"Should render next button Label correctly"},{"ancestorTitles":["<AtomicCarousel />"],"failureMessages":[],"fullName":"<AtomicCarousel /> Should render previous button Label correctly","location":null,"status":"passed","title":"Should render previous button Label correctly"},{"ancestorTitles":["<AtomicCarousel />"],"failureMessages":[],"fullName":"<AtomicCarousel /> Should render heading text correctly","location":null,"status":"passed","title":"Should render heading text correctly"},{"ancestorTitles":["<AtomicCarousel />"],"failureMessages":[],"fullName":"<AtomicCarousel /> Should render header correctly","location":null,"status":"passed","title":"Should render header correctly"},{"ancestorTitles":["<AtomicCarousel />"],"failureMessages":[],"fullName":"<AtomicCarousel /> Should render play/stop label correctly","location":null,"status":"passed","title":"Should render play/stop label correctly"},{"ancestorTitles":["<AtomicCarousel />"],"failureMessages":[],"fullName":"<AtomicCarousel /> Should render animation correctly","location":null,"status":"passed","title":"Should render animation correctly"}],"endTime":1575603409119,"message":"","name":"C:\\Users\\amajain3\\Documents\\atomic-react-components\\lib\\components\\molecules\\AtomicCarousel\\tests\\AtomicCarousel.test.js","startTime":1575603406841,"status":"passed","summary":""},{"assertionResults":[{"ancestorTitles":["Modal Component"],"failureMessages":[],"fullName":"Modal Component should render Modal correctly","location":null,"status":"passed","title":"should render Modal correctly"}],"endTime":1575603409441,"message":"","name":"C:\\Users\\amajain3\\Documents\\atomic-react-components\\lib\\components\\molecules\\Modal\\tests\\Modal.test.js","startTime":1575603409011,"status":"passed","summary":""},{"assertionResults":[{"ancestorTitles":["<TabPanel />"],"failureMessages":[],"fullName":"<TabPanel /> should render correctly","location":null,"status":"passed","title":"should render correctly"}],"endTime":1575603409464,"message":"","name":"C:\\Users\\amajain3\\Documents\\atomic-react-components\\lib\\components\\molecules\\Tabs\\TabPanel\\tests\\TabPanel.test.js","startTime":1575603409047,"status":"passed","summary":""},{"assertionResults":[{"ancestorTitles":["FieldError Component"],"failureMessages":[],"fullName":"FieldError Component should render correctly","location":null,"status":"passed","title":"should render correctly"},{"ancestorTitles":["FieldError Component"],"failureMessages":[],"fullName":"FieldError Component should check the element locator of field error","location":null,"status":"passed","title":"should check the element locator of field error"},{"ancestorTitles":["FieldError Component"],"failureMessages":[],"fullName":"FieldError Component should check the default slnid of field error","location":null,"status":"passed","title":"should check the default slnid of field error"}],"endTime":1575603409550,"message":"","name":"C:\\Users\\amajain3\\Documents\\atomic-react-components\\lib\\components\\atoms\\FieldError\\tests\\FieldError.test.js","startTime":1575603409073,"status":"passed","summary":""},{"assertionResults":[{"ancestorTitles":["<Popover /> Rendering"],"failureMessages":[],"fullName":"<Popover /> Rendering should render correctly","location":null,"status":"passed","title":"should render correctly"},{"ancestorTitles":["Popover functional behavior"],"failureMessages":[],"fullName":"Popover functional behavior Should have Close Button By Default and can be closed","location":null,"status":"passed","title":"Should have Close Button By Default and can be closed"},{"ancestorTitles":["Popover functional behavior"],"failureMessages":[],"fullName":"Popover functional behavior Should open By Default when isVisible set to true","location":null,"status":"passed","title":"Should open By Default when isVisible set to true"},{"ancestorTitles":["Popover functional behavior"],"failureMessages":[],"fullName":"Popover functional behavior Should open and close on Trigger and X button click","location":null,"status":"passed","title":"Should open and close on Trigger and X button click"}],"endTime":1575603409639,"message":"","name":"C:\\Users\\amajain3\\Documents\\atomic-react-components\\lib\\components\\molecules\\Popover\\tests\\Popover.test.js","startTime":1575603409013,"status":"passed","summary":""},{"assertionResults":[{"ancestorTitles":["Image Component with styles"],"failureMessages":[],"fullName":"Image Component with styles should render correctly and match snapshots","location":null,"status":"passed","title":"should render correctly and match snapshots"},{"ancestorTitles":["Image Component with styles"],"failureMessages":[],"fullName":"Image Component with styles should render correctly with lazy load","location":null,"status":"passed","title":"should render correctly with lazy load"}],"endTime":1575603409789,"message":"","name":"C:\\Users\\amajain3\\Documents\\atomic-react-components\\lib\\components\\atoms\\Image\\tests\\Image.style.test.js","startTime":1575603409345,"status":"passed","summary":""},{"assertionResults":[{"ancestorTitles":["Select Component"],"failureMessages":[],"fullName":"Select Component should render correctly","location":null,"status":"passed","title":"should render correctly"},{"ancestorTitles":["Select Component"],"failureMessages":[],"fullName":"Select Component should check the data attribute of dropdown/select","location":null,"status":"passed","title":"should check the data attribute of dropdown/select"}],"endTime":1575603410110,"message":"","name":"C:\\Users\\amajain3\\Documents\\atomic-react-components\\lib\\components\\atoms\\Select\\tests\\Select.test.js","startTime":1575603409751,"status":"passed","summary":""},{"assertionResults":[{"ancestorTitles":["Para Component"],"failureMessages":[],"fullName":"Para Component should render correctly and match snapshot","location":null,"status":"passed","title":"should render correctly and match snapshot"},{"ancestorTitles":["Para Component"],"failureMessages":[],"fullName":"Para Component should check the data attribute of para","location":null,"status":"passed","title":"should check the data attribute of para"}],"endTime":1575603410362,"message":"","name":"C:\\Users\\amajain3\\Documents\\atomic-react-components\\lib\\components\\atoms\\Para\\tests\\Para.test.js","startTime":1575603409998,"status":"passed","summary":""},{"assertionResults":[{"ancestorTitles":["<Textarea />"],"failureMessages":[],"fullName":"<Textarea /> should render correctly","location":null,"status":"passed","title":"should render correctly"},{"ancestorTitles":["<Textarea />"],"failureMessages":[],"fullName":"<Textarea /> should check the data attribute of textarea","location":null,"status":"passed","title":"should check the data attribute of textarea"}],"endTime":1575603410368,"message":"","name":"C:\\Users\\amajain3\\Documents\\atomic-react-components\\lib\\components\\atoms\\Textarea\\tests\\Textarea.test.js","startTime":1575603409969,"status":"passed","summary":""},{"assertionResults":[{"ancestorTitles":["Input Component"],"failureMessages":[],"fullName":"Input Component should render correctly","location":null,"status":"passed","title":"should render correctly"},{"ancestorTitles":["Input Component"],"failureMessages":[],"fullName":"Input Component should check the data attribute of input","location":null,"status":"passed","title":"should check the data attribute of input"}],"endTime":1575603410448,"message":"","name":"C:\\Users\\amajain3\\Documents\\atomic-react-components\\lib\\components\\atoms\\Input\\tests\\Input.test.js","startTime":1575603410050,"status":"passed","summary":""},{"assertionResults":[{"ancestorTitles":["Image Component"],"failureMessages":[],"fullName":"Image Component should render correctly and match snapshots","location":null,"status":"passed","title":"should render correctly and match snapshots"},{"ancestorTitles":["Image Component"],"failureMessages":[],"fullName":"Image Component should change image src on error","location":null,"status":"passed","title":"should change image src on error"},{"ancestorTitles":["Image Component"],"failureMessages":[],"fullName":"Image Component should check the data attribute of image","location":null,"status":"passed","title":"should check the data attribute of image"},{"ancestorTitles":["Image Component"],"failureMessages":[],"fullName":"Image Component should check the default locator of image","location":null,"status":"passed","title":"should check the default locator of image"}],"endTime":1575603410566,"message":"","name":"C:\\Users\\amajain3\\Documents\\atomic-react-components\\lib\\components\\atoms\\Image\\tests\\Image.test.js","startTime":1575603410123,"status":"passed","summary":""},{"assertionResults":[{"ancestorTitles":["Anchor Component"],"failureMessages":[],"fullName":"Anchor Component should render correctly and match snapshot","location":null,"status":"passed","title":"should render correctly and match snapshot"},{"ancestorTitles":["Anchor Component"],"failureMessages":[],"fullName":"Anchor Component Should handle on typeahead focuson Events","location":null,"status":"passed","title":"Should handle on typeahead focuson Events"},{"ancestorTitles":["Anchor Component"],"failureMessages":[],"fullName":"Anchor Component should check the data attribute of anchor","location":null,"status":"passed","title":"should check the data attribute of anchor"}],"endTime":1575603410755,"message":"","name":"C:\\Users\\amajain3\\Documents\\atomic-react-components\\lib\\components\\atoms\\Anchor\\tests\\Anchor.test.js","startTime":1575603410286,"status":"passed","summary":""},{"assertionResults":[{"ancestorTitles":["Label Component"],"failureMessages":[],"fullName":"Label Component should render correctly","location":null,"status":"passed","title":"should render correctly"},{"ancestorTitles":["Label Component"],"failureMessages":[],"fullName":"Label Component should check the data attribute of label","location":null,"status":"passed","title":"should check the data attribute of label"}],"endTime":1575603411038,"message":"","name":"C:\\Users\\amajain3\\Documents\\atomic-react-components\\lib\\components\\atoms\\Label\\tests\\Label.test.js","startTime":1575603410684,"status":"passed","summary":""},{"assertionResults":[{"ancestorTitles":["<Breadcrumb />"],"failureMessages":[],"fullName":"<Breadcrumb /> should render correctly","location":null,"status":"passed","title":"should render correctly"}],"endTime":1575603411133,"message":"","name":"C:\\Users\\amajain3\\Documents\\atomic-react-components\\lib\\components\\molecules\\Breadcrumb\\tests\\Breadcrumb.test.js","startTime":1575603407000,"status":"passed","summary":""},{"assertionResults":[{"ancestorTitles":["<List />"],"failureMessages":[],"fullName":"<List /> should render default view correctly","location":null,"status":"passed","title":"should render default view correctly"}],"endTime":1575603411214,"message":"","name":"C:\\Users\\amajain3\\Documents\\atomic-react-components\\lib\\components\\molecules\\List\\tests\\List.test.js","startTime":1575603410881,"status":"passed","summary":""},{"assertionResults":[{"ancestorTitles":["Heading Component"],"failureMessages":[],"fullName":"Heading Component should render correctly and match snapshot","location":null,"status":"passed","title":"should render correctly and match snapshot"},{"ancestorTitles":["Heading Component"],"failureMessages":[],"fullName":"Heading Component should check the custom locator of heading","location":null,"status":"passed","title":"should check the custom locator of heading"},{"ancestorTitles":["Heading Component"],"failureMessages":[],"fullName":"Heading Component should check the default locator of heading","location":null,"status":"passed","title":"should check the default locator of heading"}],"endTime":1575603411225,"message":"","name":"C:\\Users\\amajain3\\Documents\\atomic-react-components\\lib\\components\\atoms\\Heading\\tests\\Heading.test.js","startTime":1575603410901,"status":"passed","summary":""},{"assertionResults":[],"coverage":{},"endTime":1575603420889,"message":"  \u001b[1m● \u001b[22mTest suite failed to run\n\n    \u001b[1m\u001b[31mJest encountered an unexpected token\u001b[39m\u001b[22m\n\n    This usually means that you are trying to import a file which Jest cannot parse, e.g. it's not plain JavaScript.\n\n    By default, if Jest sees a Babel config, it will use that to transform your files, ignoring \"node_modules\".\n\n    Here's what you can do:\n     • To have some of your \"node_modules\" files transformed, you can specify a custom \u001b[1m\"transformIgnorePatterns\"\u001b[22m in your config.\n     • If you need a custom transformation specify a \u001b[1m\"transform\"\u001b[22m option in your config.\n     • If you simply want to mock your non-JS modules (e.g. binary assets) you can stub them out with the \u001b[1m\"moduleNameMapper\"\u001b[22m config option.\n\n    You'll find more details and examples of these config options in the docs:\n    \u001b[36mhttps://jestjs.io/docs/en/configuration.html\u001b[39m\n\n    \u001b[1m\u001b[31mDetails:\u001b[39m\u001b[22m\n\n    C:\\Users\\amajain3\\Documents\\atomic-react-components\\lib\\styles\\themes\\base\\icons\\left-arrow.svg:1\n    ({\"Object.<anonymous>\":function(module,exports,require,__dirname,__filename,global,jest){<svg version=\"1.1\" id=\"Capa_1\" xmlns=\"http://www.w3.org/2000/svg\" xmlns:xlink=\"http://www.w3.org/1999/xlink\" x=\"0px\" y=\"0px\"\n                                                                                             ^\n\n    SyntaxError: Unexpected token '<'\n\n    \u001b[0m\u001b[31m\u001b[1m>\u001b[22m\u001b[39m\u001b[90m 1 | \u001b[39m\u001b[36mimport\u001b[39m leftArrow from \u001b[32m'../icons/left-arrow.svg'\u001b[39m\u001b[33m;\u001b[39m\u001b[0m\n    \u001b[0m \u001b[90m   | \u001b[39m\u001b[31m\u001b[1m^\u001b[22m\u001b[39m\u001b[0m\n    \u001b[0m \u001b[90m 2 | \u001b[39m\u001b[36mimport\u001b[39m rightArrow from \u001b[32m'../icons/right-arrow.svg'\u001b[39m\u001b[33m;\u001b[39m\u001b[0m\n    \u001b[0m \u001b[90m 3 | \u001b[39m\u001b[36mimport\u001b[39m pauseIcon from \u001b[32m'../icons/pause.svg'\u001b[39m\u001b[33m;\u001b[39m\u001b[0m\n    \u001b[0m \u001b[90m 4 | \u001b[39m\u001b[36mimport\u001b[39m playIcon from \u001b[32m'../icons/play.svg'\u001b[39m\u001b[33m;\u001b[39m\u001b[0m\n\n      \u001b[2mat ScriptTransformer._transformAndBuildScript (\u001b[22mnode_modules/@jest/transform/build/ScriptTransformer.js\u001b[2m:537:17)\u001b[22m\n      \u001b[2mat ScriptTransformer.transform (\u001b[22mnode_modules/@jest/transform/build/ScriptTransformer.js\u001b[2m:579:25)\u001b[22m\n      \u001b[2mat Object.<anonymous> (\u001b[22mlib/styles/themes/base/def/icons.js\u001b[2m:1:1)\u001b[22m\n","name":"C:\\Users\\amajain3\\Documents\\atomic-react-components\\lib\\components\\molecules\\Tabs\\tests\\Tabs.test.js","startTime":1575603420889,"status":"failed","summary":""},{"assertionResults":[],"coverage":{},"endTime":1575603420889,"message":"  \u001b[1m● \u001b[22mTest suite failed to run\n\n    \u001b[1m\u001b[31mJest encountered an unexpected token\u001b[39m\u001b[22m\n\n    This usually means that you are trying to import a file which Jest cannot parse, e.g. it's not plain JavaScript.\n\n    By default, if Jest sees a Babel config, it will use that to transform your files, ignoring \"node_modules\".\n\n    Here's what you can do:\n     • To have some of your \"node_modules\" files transformed, you can specify a custom \u001b[1m\"transformIgnorePatterns\"\u001b[22m in your config.\n     • If you need a custom transformation specify a \u001b[1m\"transform\"\u001b[22m option in your config.\n     • If you simply want to mock your non-JS modules (e.g. binary assets) you can stub them out with the \u001b[1m\"moduleNameMapper\"\u001b[22m config option.\n\n    You'll find more details and examples of these config options in the docs:\n    \u001b[36mhttps://jestjs.io/docs/en/configuration.html\u001b[39m\n\n    \u001b[1m\u001b[31mDetails:\u001b[39m\u001b[22m\n\n    C:\\Users\\amajain3\\Documents\\atomic-react-components\\lib\\styles\\themes\\base\\icons\\left-arrow.svg:1\n    ({\"Object.<anonymous>\":function(module,exports,require,__dirname,__filename,global,jest){<svg version=\"1.1\" id=\"Capa_1\" xmlns=\"http://www.w3.org/2000/svg\" xmlns:xlink=\"http://www.w3.org/1999/xlink\" x=\"0px\" y=\"0px\"\n                                                                                             ^\n\n    SyntaxError: Unexpected token '<'\n\n    \u001b[0m\u001b[31m\u001b[1m>\u001b[22m\u001b[39m\u001b[90m 1 | \u001b[39m\u001b[36mimport\u001b[39m leftArrow from \u001b[32m'../icons/left-arrow.svg'\u001b[39m\u001b[33m;\u001b[39m\u001b[0m\n    \u001b[0m \u001b[90m   | \u001b[39m\u001b[31m\u001b[1m^\u001b[22m\u001b[39m\u001b[0m\n    \u001b[0m \u001b[90m 2 | \u001b[39m\u001b[36mimport\u001b[39m rightArrow from \u001b[32m'../icons/right-arrow.svg'\u001b[39m\u001b[33m;\u001b[39m\u001b[0m\n    \u001b[0m \u001b[90m 3 | \u001b[39m\u001b[36mimport\u001b[39m pauseIcon from \u001b[32m'../icons/pause.svg'\u001b[39m\u001b[33m;\u001b[39m\u001b[0m\n    \u001b[0m \u001b[90m 4 | \u001b[39m\u001b[36mimport\u001b[39m playIcon from \u001b[32m'../icons/play.svg'\u001b[39m\u001b[33m;\u001b[39m\u001b[0m\n\n      \u001b[2mat ScriptTransformer._transformAndBuildScript (\u001b[22mnode_modules/@jest/transform/build/ScriptTransformer.js\u001b[2m:537:17)\u001b[22m\n      \u001b[2mat ScriptTransformer.transform (\u001b[22mnode_modules/@jest/transform/build/ScriptTransformer.js\u001b[2m:579:25)\u001b[22m\n      \u001b[2mat Object.<anonymous> (\u001b[22mlib/styles/themes/base/def/icons.js\u001b[2m:1:1)\u001b[22m\n","name":"C:\\Users\\amajain3\\Documents\\atomic-react-components\\lib\\components\\atoms\\Textarea\\tests\\Textarea.style.test.js","startTime":1575603420889,"status":"failed","summary":""},{"assertionResults":[],"coverage":{},"endTime":1575603420889,"message":"  \u001b[1m● \u001b[22mTest suite failed to run\n\n    \u001b[1m\u001b[31mJest encountered an unexpected token\u001b[39m\u001b[22m\n\n    This usually means that you are trying to import a file which Jest cannot parse, e.g. it's not plain JavaScript.\n\n    By default, if Jest sees a Babel config, it will use that to transform your files, ignoring \"node_modules\".\n\n    Here's what you can do:\n     • To have some of your \"node_modules\" files transformed, you can specify a custom \u001b[1m\"transformIgnorePatterns\"\u001b[22m in your config.\n     • If you need a custom transformation specify a \u001b[1m\"transform\"\u001b[22m option in your config.\n     • If you simply want to mock your non-JS modules (e.g. binary assets) you can stub them out with the \u001b[1m\"moduleNameMapper\"\u001b[22m config option.\n\n    You'll find more details and examples of these config options in the docs:\n    \u001b[36mhttps://jestjs.io/docs/en/configuration.html\u001b[39m\n\n    \u001b[1m\u001b[31mDetails:\u001b[39m\u001b[22m\n\n    C:\\Users\\amajain3\\Documents\\atomic-react-components\\lib\\styles\\themes\\base\\icons\\left-arrow.svg:1\n    ({\"Object.<anonymous>\":function(module,exports,require,__dirname,__filename,global,jest){<svg version=\"1.1\" id=\"Capa_1\" xmlns=\"http://www.w3.org/2000/svg\" xmlns:xlink=\"http://www.w3.org/1999/xlink\" x=\"0px\" y=\"0px\"\n                                                                                             ^\n\n    SyntaxError: Unexpected token '<'\n\n    \u001b[0m\u001b[31m\u001b[1m>\u001b[22m\u001b[39m\u001b[90m 1 | \u001b[39m\u001b[36mimport\u001b[39m leftArrow from \u001b[32m'../icons/left-arrow.svg'\u001b[39m\u001b[33m;\u001b[39m\u001b[0m\n    \u001b[0m \u001b[90m   | \u001b[39m\u001b[31m\u001b[1m^\u001b[22m\u001b[39m\u001b[0m\n    \u001b[0m \u001b[90m 2 | \u001b[39m\u001b[36mimport\u001b[39m rightArrow from \u001b[32m'../icons/right-arrow.svg'\u001b[39m\u001b[33m;\u001b[39m\u001b[0m\n    \u001b[0m \u001b[90m 3 | \u001b[39m\u001b[36mimport\u001b[39m pauseIcon from \u001b[32m'../icons/pause.svg'\u001b[39m\u001b[33m;\u001b[39m\u001b[0m\n    \u001b[0m \u001b[90m 4 | \u001b[39m\u001b[36mimport\u001b[39m playIcon from \u001b[32m'../icons/play.svg'\u001b[39m\u001b[33m;\u001b[39m\u001b[0m\n\n      \u001b[2mat ScriptTransformer._transformAndBuildScript (\u001b[22mnode_modules/@jest/transform/build/ScriptTransformer.js\u001b[2m:537:17)\u001b[22m\n      \u001b[2mat ScriptTransformer.transform (\u001b[22mnode_modules/@jest/transform/build/ScriptTransformer.js\u001b[2m:579:25)\u001b[22m\n      \u001b[2mat Object.<anonymous> (\u001b[22mlib/styles/themes/base/def/icons.js\u001b[2m:1:1)\u001b[22m\n","name":"C:\\Users\\amajain3\\Documents\\atomic-react-components\\lib\\components\\atoms\\Select\\tests\\Select.style.test.js","startTime":1575603420889,"status":"failed","summary":""},{"assertionResults":[],"coverage":{},"endTime":1575603420889,"message":"  \u001b[1m● \u001b[22mTest suite failed to run\n\n    \u001b[1m\u001b[31mJest encountered an unexpected token\u001b[39m\u001b[22m\n\n    This usually means that you are trying to import a file which Jest cannot parse, e.g. it's not plain JavaScript.\n\n    By default, if Jest sees a Babel config, it will use that to transform your files, ignoring \"node_modules\".\n\n    Here's what you can do:\n     • To have some of your \"node_modules\" files transformed, you can specify a custom \u001b[1m\"transformIgnorePatterns\"\u001b[22m in your config.\n     • If you need a custom transformation specify a \u001b[1m\"transform\"\u001b[22m option in your config.\n     • If you simply want to mock your non-JS modules (e.g. binary assets) you can stub them out with the \u001b[1m\"moduleNameMapper\"\u001b[22m config option.\n\n    You'll find more details and examples of these config options in the docs:\n    \u001b[36mhttps://jestjs.io/docs/en/configuration.html\u001b[39m\n\n    \u001b[1m\u001b[31mDetails:\u001b[39m\u001b[22m\n\n    C:\\Users\\amajain3\\Documents\\atomic-react-components\\lib\\styles\\themes\\base\\icons\\left-arrow.svg:1\n    ({\"Object.<anonymous>\":function(module,exports,require,__dirname,__filename,global,jest){<svg version=\"1.1\" id=\"Capa_1\" xmlns=\"http://www.w3.org/2000/svg\" xmlns:xlink=\"http://www.w3.org/1999/xlink\" x=\"0px\" y=\"0px\"\n                                                                                             ^\n\n    SyntaxError: Unexpected token '<'\n\n    \u001b[0m\u001b[31m\u001b[1m>\u001b[22m\u001b[39m\u001b[90m 1 | \u001b[39m\u001b[36mimport\u001b[39m leftArrow from \u001b[32m'../icons/left-arrow.svg'\u001b[39m\u001b[33m;\u001b[39m\u001b[0m\n    \u001b[0m \u001b[90m   | \u001b[39m\u001b[31m\u001b[1m^\u001b[22m\u001b[39m\u001b[0m\n    \u001b[0m \u001b[90m 2 | \u001b[39m\u001b[36mimport\u001b[39m rightArrow from \u001b[32m'../icons/right-arrow.svg'\u001b[39m\u001b[33m;\u001b[39m\u001b[0m\n    \u001b[0m \u001b[90m 3 | \u001b[39m\u001b[36mimport\u001b[39m pauseIcon from \u001b[32m'../icons/pause.svg'\u001b[39m\u001b[33m;\u001b[39m\u001b[0m\n    \u001b[0m \u001b[90m 4 | \u001b[39m\u001b[36mimport\u001b[39m playIcon from \u001b[32m'../icons/play.svg'\u001b[39m\u001b[33m;\u001b[39m\u001b[0m\n\n      \u001b[2mat ScriptTransformer._transformAndBuildScript (\u001b[22mnode_modules/@jest/transform/build/ScriptTransformer.js\u001b[2m:537:17)\u001b[22m\n      \u001b[2mat ScriptTransformer.transform (\u001b[22mnode_modules/@jest/transform/build/ScriptTransformer.js\u001b[2m:579:25)\u001b[22m\n      \u001b[2mat Object.<anonymous> (\u001b[22mlib/styles/themes/base/def/icons.js\u001b[2m:1:1)\u001b[22m\n","name":"C:\\Users\\amajain3\\Documents\\atomic-react-components\\lib\\components\\molecules\\Form\\tests\\Form.test.js","startTime":1575603420889,"status":"failed","summary":""},{"assertionResults":[],"coverage":{},"endTime":1575603420889,"message":"  \u001b[1m● \u001b[22mTest suite failed to run\n\n    \u001b[1m\u001b[31mJest encountered an unexpected token\u001b[39m\u001b[22m\n\n    This usually means that you are trying to import a file which Jest cannot parse, e.g. it's not plain JavaScript.\n\n    By default, if Jest sees a Babel config, it will use that to transform your files, ignoring \"node_modules\".\n\n    Here's what you can do:\n     • To have some of your \"node_modules\" files transformed, you can specify a custom \u001b[1m\"transformIgnorePatterns\"\u001b[22m in your config.\n     • If you need a custom transformation specify a \u001b[1m\"transform\"\u001b[22m option in your config.\n     • If you simply want to mock your non-JS modules (e.g. binary assets) you can stub them out with the \u001b[1m\"moduleNameMapper\"\u001b[22m config option.\n\n    You'll find more details and examples of these config options in the docs:\n    \u001b[36mhttps://jestjs.io/docs/en/configuration.html\u001b[39m\n\n    \u001b[1m\u001b[31mDetails:\u001b[39m\u001b[22m\n\n    C:\\Users\\amajain3\\Documents\\atomic-react-components\\lib\\styles\\themes\\base\\icons\\left-arrow.svg:1\n    ({\"Object.<anonymous>\":function(module,exports,require,__dirname,__filename,global,jest){<svg version=\"1.1\" id=\"Capa_1\" xmlns=\"http://www.w3.org/2000/svg\" xmlns:xlink=\"http://www.w3.org/1999/xlink\" x=\"0px\" y=\"0px\"\n                                                                                             ^\n\n    SyntaxError: Unexpected token '<'\n\n    \u001b[0m\u001b[31m\u001b[1m>\u001b[22m\u001b[39m\u001b[90m 1 | \u001b[39m\u001b[36mimport\u001b[39m leftArrow from \u001b[32m'../icons/left-arrow.svg'\u001b[39m\u001b[33m;\u001b[39m\u001b[0m\n    \u001b[0m \u001b[90m   | \u001b[39m\u001b[31m\u001b[1m^\u001b[22m\u001b[39m\u001b[0m\n    \u001b[0m \u001b[90m 2 | \u001b[39m\u001b[36mimport\u001b[39m rightArrow from \u001b[32m'../icons/right-arrow.svg'\u001b[39m\u001b[33m;\u001b[39m\u001b[0m\n    \u001b[0m \u001b[90m 3 | \u001b[39m\u001b[36mimport\u001b[39m pauseIcon from \u001b[32m'../icons/pause.svg'\u001b[39m\u001b[33m;\u001b[39m\u001b[0m\n    \u001b[0m \u001b[90m 4 | \u001b[39m\u001b[36mimport\u001b[39m playIcon from \u001b[32m'../icons/play.svg'\u001b[39m\u001b[33m;\u001b[39m\u001b[0m\n\n      \u001b[2mat ScriptTransformer._transformAndBuildScript (\u001b[22mnode_modules/@jest/transform/build/ScriptTransformer.js\u001b[2m:537:17)\u001b[22m\n      \u001b[2mat ScriptTransformer.transform (\u001b[22mnode_modules/@jest/transform/build/ScriptTransformer.js\u001b[2m:579:25)\u001b[22m\n      \u001b[2mat Object.<anonymous> (\u001b[22mlib/styles/themes/base/def/icons.js\u001b[2m:1:1)\u001b[22m\n","name":"C:\\Users\\amajain3\\Documents\\atomic-react-components\\lib\\components\\molecules\\Form\\FieldSelect\\tests\\FieldSelect.test.js","startTime":1575603420889,"status":"failed","summary":""},{"assertionResults":[],"coverage":{},"endTime":1575603420889,"message":"  \u001b[1m● \u001b[22mTest suite failed to run\n\n    \u001b[1m\u001b[31mJest encountered an unexpected token\u001b[39m\u001b[22m\n\n    This usually means that you are trying to import a file which Jest cannot parse, e.g. it's not plain JavaScript.\n\n    By default, if Jest sees a Babel config, it will use that to transform your files, ignoring \"node_modules\".\n\n    Here's what you can do:\n     • To have some of your \"node_modules\" files transformed, you can specify a custom \u001b[1m\"transformIgnorePatterns\"\u001b[22m in your config.\n     • If you need a custom transformation specify a \u001b[1m\"transform\"\u001b[22m option in your config.\n     • If you simply want to mock your non-JS modules (e.g. binary assets) you can stub them out with the \u001b[1m\"moduleNameMapper\"\u001b[22m config option.\n\n    You'll find more details and examples of these config options in the docs:\n    \u001b[36mhttps://jestjs.io/docs/en/configuration.html\u001b[39m\n\n    \u001b[1m\u001b[31mDetails:\u001b[39m\u001b[22m\n\n    C:\\Users\\amajain3\\Documents\\atomic-react-components\\lib\\styles\\themes\\base\\icons\\left-arrow.svg:1\n    ({\"Object.<anonymous>\":function(module,exports,require,__dirname,__filename,global,jest){<svg version=\"1.1\" id=\"Capa_1\" xmlns=\"http://www.w3.org/2000/svg\" xmlns:xlink=\"http://www.w3.org/1999/xlink\" x=\"0px\" y=\"0px\"\n                                                                                             ^\n\n    SyntaxError: Unexpected token '<'\n\n    \u001b[0m\u001b[31m\u001b[1m>\u001b[22m\u001b[39m\u001b[90m 1 | \u001b[39m\u001b[36mimport\u001b[39m leftArrow from \u001b[32m'../icons/left-arrow.svg'\u001b[39m\u001b[33m;\u001b[39m\u001b[0m\n    \u001b[0m \u001b[90m   | \u001b[39m\u001b[31m\u001b[1m^\u001b[22m\u001b[39m\u001b[0m\n    \u001b[0m \u001b[90m 2 | \u001b[39m\u001b[36mimport\u001b[39m rightArrow from \u001b[32m'../icons/right-arrow.svg'\u001b[39m\u001b[33m;\u001b[39m\u001b[0m\n    \u001b[0m \u001b[90m 3 | \u001b[39m\u001b[36mimport\u001b[39m pauseIcon from \u001b[32m'../icons/pause.svg'\u001b[39m\u001b[33m;\u001b[39m\u001b[0m\n    \u001b[0m \u001b[90m 4 | \u001b[39m\u001b[36mimport\u001b[39m playIcon from \u001b[32m'../icons/play.svg'\u001b[39m\u001b[33m;\u001b[39m\u001b[0m\n\n      \u001b[2mat ScriptTransformer._transformAndBuildScript (\u001b[22mnode_modules/@jest/transform/build/ScriptTransformer.js\u001b[2m:537:17)\u001b[22m\n      \u001b[2mat ScriptTransformer.transform (\u001b[22mnode_modules/@jest/transform/build/ScriptTransformer.js\u001b[2m:579:25)\u001b[22m\n      \u001b[2mat Object.<anonymous> (\u001b[22mlib/styles/themes/base/def/icons.js\u001b[2m:1:1)\u001b[22m\n","name":"C:\\Users\\amajain3\\Documents\\atomic-react-components\\lib\\components\\molecules\\Form\\FieldTextarea\\tests\\FieldTextarea.test.js","startTime":1575603420889,"status":"failed","summary":""},{"assertionResults":[],"coverage":{},"endTime":1575603420889,"message":"  \u001b[1m● \u001b[22mTest suite failed to run\n\n    \u001b[1m\u001b[31mJest encountered an unexpected token\u001b[39m\u001b[22m\n\n    This usually means that you are trying to import a file which Jest cannot parse, e.g. it's not plain JavaScript.\n\n    By default, if Jest sees a Babel config, it will use that to transform your files, ignoring \"node_modules\".\n\n    Here's what you can do:\n     • To have some of your \"node_modules\" files transformed, you can specify a custom \u001b[1m\"transformIgnorePatterns\"\u001b[22m in your config.\n     • If you need a custom transformation specify a \u001b[1m\"transform\"\u001b[22m option in your config.\n     • If you simply want to mock your non-JS modules (e.g. binary assets) you can stub them out with the \u001b[1m\"moduleNameMapper\"\u001b[22m config option.\n\n    You'll find more details and examples of these config options in the docs:\n    \u001b[36mhttps://jestjs.io/docs/en/configuration.html\u001b[39m\n\n    \u001b[1m\u001b[31mDetails:\u001b[39m\u001b[22m\n\n    C:\\Users\\amajain3\\Documents\\atomic-react-components\\lib\\styles\\themes\\base\\icons\\left-arrow.svg:1\n    ({\"Object.<anonymous>\":function(module,exports,require,__dirname,__filename,global,jest){<svg version=\"1.1\" id=\"Capa_1\" xmlns=\"http://www.w3.org/2000/svg\" xmlns:xlink=\"http://www.w3.org/1999/xlink\" x=\"0px\" y=\"0px\"\n                                                                                             ^\n\n    SyntaxError: Unexpected token '<'\n\n    \u001b[0m\u001b[31m\u001b[1m>\u001b[22m\u001b[39m\u001b[90m 1 | \u001b[39m\u001b[36mimport\u001b[39m leftArrow from \u001b[32m'../icons/left-arrow.svg'\u001b[39m\u001b[33m;\u001b[39m\u001b[0m\n    \u001b[0m \u001b[90m   | \u001b[39m\u001b[31m\u001b[1m^\u001b[22m\u001b[39m\u001b[0m\n    \u001b[0m \u001b[90m 2 | \u001b[39m\u001b[36mimport\u001b[39m rightArrow from \u001b[32m'../icons/right-arrow.svg'\u001b[39m\u001b[33m;\u001b[39m\u001b[0m\n    \u001b[0m \u001b[90m 3 | \u001b[39m\u001b[36mimport\u001b[39m pauseIcon from \u001b[32m'../icons/pause.svg'\u001b[39m\u001b[33m;\u001b[39m\u001b[0m\n    \u001b[0m \u001b[90m 4 | \u001b[39m\u001b[36mimport\u001b[39m playIcon from \u001b[32m'../icons/play.svg'\u001b[39m\u001b[33m;\u001b[39m\u001b[0m\n\n      \u001b[2mat ScriptTransformer._transformAndBuildScript (\u001b[22mnode_modules/@jest/transform/build/ScriptTransformer.js\u001b[2m:537:17)\u001b[22m\n      \u001b[2mat ScriptTransformer.transform (\u001b[22mnode_modules/@jest/transform/build/ScriptTransformer.js\u001b[2m:579:25)\u001b[22m\n      \u001b[2mat Object.<anonymous> (\u001b[22mlib/styles/themes/base/def/icons.js\u001b[2m:1:1)\u001b[22m\n","name":"C:\\Users\\amajain3\\Documents\\atomic-react-components\\lib\\components\\molecules\\Form\\FieldInput\\tests\\FieldInput.test.js","startTime":1575603420889,"status":"failed","summary":""},{"assertionResults":[],"coverage":{},"endTime":1575603420889,"message":"  \u001b[1m● \u001b[22mTest suite failed to run\n\n    \u001b[1m\u001b[31mJest encountered an unexpected token\u001b[39m\u001b[22m\n\n    This usually means that you are trying to import a file which Jest cannot parse, e.g. it's not plain JavaScript.\n\n    By default, if Jest sees a Babel config, it will use that to transform your files, ignoring \"node_modules\".\n\n    Here's what you can do:\n     • To have some of your \"node_modules\" files transformed, you can specify a custom \u001b[1m\"transformIgnorePatterns\"\u001b[22m in your config.\n     • If you need a custom transformation specify a \u001b[1m\"transform\"\u001b[22m option in your config.\n     • If you simply want to mock your non-JS modules (e.g. binary assets) you can stub them out with the \u001b[1m\"moduleNameMapper\"\u001b[22m config option.\n\n    You'll find more details and examples of these config options in the docs:\n    \u001b[36mhttps://jestjs.io/docs/en/configuration.html\u001b[39m\n\n    \u001b[1m\u001b[31mDetails:\u001b[39m\u001b[22m\n\n    C:\\Users\\amajain3\\Documents\\atomic-react-components\\lib\\styles\\themes\\base\\icons\\left-arrow.svg:1\n    ({\"Object.<anonymous>\":function(module,exports,require,__dirname,__filename,global,jest){<svg version=\"1.1\" id=\"Capa_1\" xmlns=\"http://www.w3.org/2000/svg\" xmlns:xlink=\"http://www.w3.org/1999/xlink\" x=\"0px\" y=\"0px\"\n                                                                                             ^\n\n    SyntaxError: Unexpected token '<'\n\n    \u001b[0m\u001b[31m\u001b[1m>\u001b[22m\u001b[39m\u001b[90m 1 | \u001b[39m\u001b[36mimport\u001b[39m leftArrow from \u001b[32m'../icons/left-arrow.svg'\u001b[39m\u001b[33m;\u001b[39m\u001b[0m\n    \u001b[0m \u001b[90m   | \u001b[39m\u001b[31m\u001b[1m^\u001b[22m\u001b[39m\u001b[0m\n    \u001b[0m \u001b[90m 2 | \u001b[39m\u001b[36mimport\u001b[39m rightArrow from \u001b[32m'../icons/right-arrow.svg'\u001b[39m\u001b[33m;\u001b[39m\u001b[0m\n    \u001b[0m \u001b[90m 3 | \u001b[39m\u001b[36mimport\u001b[39m pauseIcon from \u001b[32m'../icons/pause.svg'\u001b[39m\u001b[33m;\u001b[39m\u001b[0m\n    \u001b[0m \u001b[90m 4 | \u001b[39m\u001b[36mimport\u001b[39m playIcon from \u001b[32m'../icons/play.svg'\u001b[39m\u001b[33m;\u001b[39m\u001b[0m\n\n      \u001b[2mat ScriptTransformer._transformAndBuildScript (\u001b[22mnode_modules/@jest/transform/build/ScriptTransformer.js\u001b[2m:537:17)\u001b[22m\n      \u001b[2mat ScriptTransformer.transform (\u001b[22mnode_modules/@jest/transform/build/ScriptTransformer.js\u001b[2m:579:25)\u001b[22m\n      \u001b[2mat Object.<anonymous> (\u001b[22mlib/styles/themes/base/def/icons.js\u001b[2m:1:1)\u001b[22m\n","name":"C:\\Users\\amajain3\\Documents\\atomic-react-components\\lib\\components\\atoms\\Input\\tests\\Input.style.test.js","startTime":1575603420889,"status":"failed","summary":""},{"assertionResults":[],"coverage":{},"endTime":1575603420889,"message":"  \u001b[1m● \u001b[22mTest suite failed to run\n\n    \u001b[1m\u001b[31mJest encountered an unexpected token\u001b[39m\u001b[22m\n\n    This usually means that you are trying to import a file which Jest cannot parse, e.g. it's not plain JavaScript.\n\n    By default, if Jest sees a Babel config, it will use that to transform your files, ignoring \"node_modules\".\n\n    Here's what you can do:\n     • To have some of your \"node_modules\" files transformed, you can specify a custom \u001b[1m\"transformIgnorePatterns\"\u001b[22m in your config.\n     • If you need a custom transformation specify a \u001b[1m\"transform\"\u001b[22m option in your config.\n     • If you simply want to mock your non-JS modules (e.g. binary assets) you can stub them out with the \u001b[1m\"moduleNameMapper\"\u001b[22m config option.\n\n    You'll find more details and examples of these config options in the docs:\n    \u001b[36mhttps://jestjs.io/docs/en/configuration.html\u001b[39m\n\n    \u001b[1m\u001b[31mDetails:\u001b[39m\u001b[22m\n\n    C:\\Users\\amajain3\\Documents\\atomic-react-components\\lib\\styles\\themes\\base\\icons\\left-arrow.svg:1\n    ({\"Object.<anonymous>\":function(module,exports,require,__dirname,__filename,global,jest){<svg version=\"1.1\" id=\"Capa_1\" xmlns=\"http://www.w3.org/2000/svg\" xmlns:xlink=\"http://www.w3.org/1999/xlink\" x=\"0px\" y=\"0px\"\n                                                                                             ^\n\n    SyntaxError: Unexpected token '<'\n\n    \u001b[0m\u001b[31m\u001b[1m>\u001b[22m\u001b[39m\u001b[90m 1 | \u001b[39m\u001b[36mimport\u001b[39m leftArrow from \u001b[32m'../icons/left-arrow.svg'\u001b[39m\u001b[33m;\u001b[39m\u001b[0m\n    \u001b[0m \u001b[90m   | \u001b[39m\u001b[31m\u001b[1m^\u001b[22m\u001b[39m\u001b[0m\n    \u001b[0m \u001b[90m 2 | \u001b[39m\u001b[36mimport\u001b[39m rightArrow from \u001b[32m'../icons/right-arrow.svg'\u001b[39m\u001b[33m;\u001b[39m\u001b[0m\n    \u001b[0m \u001b[90m 3 | \u001b[39m\u001b[36mimport\u001b[39m pauseIcon from \u001b[32m'../icons/pause.svg'\u001b[39m\u001b[33m;\u001b[39m\u001b[0m\n    \u001b[0m \u001b[90m 4 | \u001b[39m\u001b[36mimport\u001b[39m playIcon from \u001b[32m'../icons/play.svg'\u001b[39m\u001b[33m;\u001b[39m\u001b[0m\n\n      \u001b[2mat ScriptTransformer._transformAndBuildScript (\u001b[22mnode_modules/@jest/transform/build/ScriptTransformer.js\u001b[2m:537:17)\u001b[22m\n      \u001b[2mat ScriptTransformer.transform (\u001b[22mnode_modules/@jest/transform/build/ScriptTransformer.js\u001b[2m:579:25)\u001b[22m\n      \u001b[2mat Object.<anonymous> (\u001b[22mlib/styles/themes/base/def/icons.js\u001b[2m:1:1)\u001b[22m\n","name":"C:\\Users\\amajain3\\Documents\\atomic-react-components\\lib\\components\\atoms\\Button\\tests\\Button.style.test.js","startTime":1575603420889,"status":"failed","summary":""}],"wasInterrupted":false,"coverageMap":{"C:\\Users\\amajain3\\Documents\\atomic-react-components\\lib\\components\\molecules\\ArticleThumbnail\\index.js":{"path":"C:\\Users\\amajain3\\Documents\\atomic-react-components\\lib\\components\\molecules\\ArticleThumbnail\\index.js","statementMap":{},"fnMap":{},"branchMap":{},"s":{},"f":{},"b":{},"_coverageSchema":"43e27e138ebf9cfc5966b082cf9a028302ed4184","hash":"0d36135f1f5d0ec83f297997bc962f724c5038ec"},"C:\\Users\\amajain3\\Documents\\atomic-react-components\\lib\\components\\molecules\\ArticleThumbnail\\ArticleThumbnail.js":{"path":"C:\\Users\\amajain3\\Documents\\atomic-react-components\\lib\\components\\molecules\\ArticleThumbnail\\ArticleThumbnail.js","statementMap":{"0":{"start":{"line":15,"column":25},"end":{"line":15,"column":96}},"1":{"start":{"line":15,"column":52},"end":{"line":15,"column":96}},"2":{"start":{"line":17,"column":25},"end":{"line":38,"column":1}},"3":{"start":{"line":24,"column":19},"end":{"line":24,"column":39}},"4":{"start":{"line":25,"column":2},"end":{"line":27,"column":3}},"5":{"start":{"line":26,"column":4},"end":{"line":26,"column":59}},"6":{"start":{"line":28,"column":2},"end":{"line":31,"column":3}},"7":{"start":{"line":29,"column":25},"end":{"line":29,"column":71}},"8":{"start":{"line":30,"column":4},"end":{"line":30,"column":94}},"9":{"start":{"line":33,"column":2},"end":{"line":37,"column":4}},"10":{"start":{"line":40,"column":0},"end":{"line":42,"column":2}}},"fnMap":{"0":{"name":"(anonymous_0)","decl":{"start":{"line":15,"column":25},"end":{"line":15,"column":26}},"loc":{"start":{"line":15,"column":52},"end":{"line":15,"column":96}},"line":15},"1":{"name":"(anonymous_1)","decl":{"start":{"line":17,"column":25},"end":{"line":17,"column":26}},"loc":{"start":{"line":23,"column":19},"end":{"line":38,"column":1}},"line":23}},"branchMap":{"0":{"loc":{"start":{"line":25,"column":2},"end":{"line":27,"column":3}},"type":"if","locations":[{"start":{"line":25,"column":2},"end":{"line":27,"column":3}},{"start":{"line":25,"column":2},"end":{"line":27,"column":3}}],"line":25},"1":{"loc":{"start":{"line":25,"column":6},"end":{"line":25,"column":36}},"type":"binary-expr","locations":[{"start":{"line":25,"column":6},"end":{"line":25,"column":21}},{"start":{"line":25,"column":25},"end":{"line":25,"column":36}}],"line":25},"2":{"loc":{"start":{"line":28,"column":2},"end":{"line":31,"column":3}},"type":"if","locations":[{"start":{"line":28,"column":2},"end":{"line":31,"column":3}},{"start":{"line":28,"column":2},"end":{"line":31,"column":3}}],"line":28}},"s":{"0":1,"1":3,"2":1,"3":2,"4":2,"5":1,"6":2,"7":1,"8":1,"9":1,"10":1},"f":{"0":3,"1":2},"b":{"0":[1,1],"1":[2,1],"2":[1,1]},"_coverageSchema":"43e27e138ebf9cfc5966b082cf9a028302ed4184","hash":"b36006d7d6db2d27201714bdbeb5f1e2bf29e3da"},"C:\\Users\\amajain3\\Documents\\atomic-react-components\\lib\\components\\molecules\\ArticleThumbnail\\ArticleThumbnail.style.js":{"path":"C:\\Users\\amajain3\\Documents\\atomic-react-components\\lib\\components\\molecules\\ArticleThumbnail\\ArticleThumbnail.style.js","statementMap":{"0":{"start":{"line":3,"column":15},"end":{"line":8,"column":1}}},"fnMap":{},"branchMap":{},"s":{"0":1},"f":{},"b":{},"_coverageSchema":"43e27e138ebf9cfc5966b082cf9a028302ed4184","hash":"116db565290cc54be26ddf8d7855cfcbda1babd7"},"C:\\Users\\amajain3\\Documents\\atomic-react-components\\lib\\components\\atoms\\Image\\Image.js":{"path":"C:\\Users\\amajain3\\Documents\\atomic-react-components\\lib\\components\\atoms\\Image\\Image.js","statementMap":{"0":{"start":{"line":22,"column":14},"end":{"line":54,"column":1}},"1":{"start":{"line":35,"column":2},"end":{"line":53,"column":4}},"2":{"start":{"line":49,"column":12},"end":{"line":49,"column":46}},"3":{"start":{"line":56,"column":0},"end":{"line":63,"column":2}}},"fnMap":{"0":{"name":"(anonymous_0)","decl":{"start":{"line":22,"column":14},"end":{"line":22,"column":15}},"loc":{"start":{"line":35,"column":2},"end":{"line":53,"column":4}},"line":35},"1":{"name":"(anonymous_1)","decl":{"start":{"line":47,"column":10},"end":{"line":47,"column":11}},"loc":{"start":{"line":47,"column":19},"end":{"line":50,"column":11}},"line":47}},"branchMap":{"0":{"loc":{"start":{"line":38,"column":12},"end":{"line":38,"column":26}},"type":"binary-expr","locations":[{"start":{"line":38,"column":12},"end":{"line":38,"column":18}},{"start":{"line":38,"column":22},"end":{"line":38,"column":26}}],"line":38},"1":{"loc":{"start":{"line":39,"column":11},"end":{"line":39,"column":24}},"type":"binary-expr","locations":[{"start":{"line":39,"column":11},"end":{"line":39,"column":16}},{"start":{"line":39,"column":20},"end":{"line":39,"column":24}}],"line":39},"2":{"loc":{"start":{"line":43,"column":18},"end":{"line":43,"column":72}},"type":"binary-expr","locations":[{"start":{"line":43,"column":18},"end":{"line":43,"column":32}},{"start":{"line":43,"column":36},"end":{"line":43,"column":72}}],"line":43},"3":{"loc":{"start":{"line":46,"column":6},"end":{"line":51,"column":14}},"type":"cond-expr","locations":[{"start":{"line":47,"column":10},"end":{"line":50,"column":11}},{"start":{"line":51,"column":10},"end":{"line":51,"column":14}}],"line":46}},"s":{"0":3,"1":4,"2":1,"3":3},"f":{"0":4,"1":1},"b":{"0":[4,4],"1":[4,4],"2":[4,1],"3":[3,1]},"_coverageSchema":"43e27e138ebf9cfc5966b082cf9a028302ed4184","hash":"8e6e2b31c75cd1494332721cb76597cef0b8851e"},"C:\\Users\\amajain3\\Documents\\atomic-react-components\\lib\\core\\utils\\elementLocator.js":{"path":"C:\\Users\\amajain3\\Documents\\atomic-react-components\\lib\\core\\utils\\elementLocator.js","statementMap":{"0":{"start":{"line":4,"column":36},"end":{"line":20,"column":1}},"1":{"start":{"line":5,"column":14},"end":{"line":5,"column":16}},"2":{"start":{"line":7,"column":2},"end":{"line":18,"column":5}},"3":{"start":{"line":8,"column":24},"end":{"line":8,"column":29}},"4":{"start":{"line":10,"column":4},"end":{"line":16,"column":5}},"5":{"start":{"line":11,"column":6},"end":{"line":15,"column":9}},"6":{"start":{"line":12,"column":8},"end":{"line":12,"column":78}},"7":{"start":{"line":13,"column":8},"end":{"line":13,"column":51}},"8":{"start":{"line":13,"column":30},"end":{"line":13,"column":51}},"9":{"start":{"line":14,"column":8},"end":{"line":14,"column":29}},"10":{"start":{"line":17,"column":4},"end":{"line":17,"column":45}},"11":{"start":{"line":19,"column":2},"end":{"line":19,"column":29}}},"fnMap":{"0":{"name":"(anonymous_0)","decl":{"start":{"line":4,"column":36},"end":{"line":4,"column":37}},"loc":{"start":{"line":4,"column":48},"end":{"line":20,"column":1}},"line":4},"1":{"name":"(anonymous_1)","decl":{"start":{"line":7,"column":34},"end":{"line":7,"column":35}},"loc":{"start":{"line":7,"column":57},"end":{"line":18,"column":3}},"line":7},"2":{"name":"(anonymous_2)","decl":{"start":{"line":11,"column":28},"end":{"line":11,"column":29}},"loc":{"start":{"line":11,"column":51},"end":{"line":15,"column":7}},"line":11}},"branchMap":{"0":{"loc":{"start":{"line":10,"column":4},"end":{"line":16,"column":5}},"type":"if","locations":[{"start":{"line":10,"column":4},"end":{"line":16,"column":5}},{"start":{"line":10,"column":4},"end":{"line":16,"column":5}}],"line":10},"1":{"loc":{"start":{"line":12,"column":20},"end":{"line":12,"column":67}},"type":"cond-expr","locations":[{"start":{"line":12,"column":59},"end":{"line":12,"column":61}},{"start":{"line":12,"column":64},"end":{"line":12,"column":67}}],"line":12},"2":{"loc":{"start":{"line":12,"column":20},"end":{"line":12,"column":56}},"type":"binary-expr","locations":[{"start":{"line":12,"column":20},"end":{"line":12,"column":36}},{"start":{"line":12,"column":40},"end":{"line":12,"column":56}}],"line":12},"3":{"loc":{"start":{"line":13,"column":8},"end":{"line":13,"column":51}},"type":"if","locations":[{"start":{"line":13,"column":8},"end":{"line":13,"column":51}},{"start":{"line":13,"column":8},"end":{"line":13,"column":51}}],"line":13},"4":{"loc":{"start":{"line":17,"column":11},"end":{"line":17,"column":44}},"type":"binary-expr","locations":[{"start":{"line":17,"column":11},"end":{"line":17,"column":24}},{"start":{"line":17,"column":28},"end":{"line":17,"column":44}}],"line":17}},"s":{"0":12,"1":279,"2":279,"3":278,"4":278,"5":162,"6":176,"7":176,"8":14,"9":176,"10":278,"11":279},"f":{"0":279,"1":278,"2":176},"b":{"0":[162,116],"1":[162,14],"2":[176,176],"3":[14,162],"4":[278,264]},"_coverageSchema":"43e27e138ebf9cfc5966b082cf9a028302ed4184","hash":"df23705dc4ed9c1452422272d14cba347e9607ce"},"C:\\Users\\amajain3\\Documents\\atomic-react-components\\lib\\components\\atoms\\Image\\Image.style.js":{"path":"C:\\Users\\amajain3\\Documents\\atomic-react-components\\lib\\components\\atoms\\Image\\Image.style.js","statementMap":{"0":{"start":{"line":3,"column":20},"end":{"line":7,"column":1}},"1":{"start":{"line":6,"column":14},"end":{"line":6,"column":64}}},"fnMap":{"0":{"name":"(anonymous_0)","decl":{"start":{"line":6,"column":4},"end":{"line":6,"column":5}},"loc":{"start":{"line":6,"column":14},"end":{"line":6,"column":64}},"line":6}},"branchMap":{"0":{"loc":{"start":{"line":6,"column":14},"end":{"line":6,"column":64}},"type":"cond-expr","locations":[{"start":{"line":6,"column":38},"end":{"line":6,"column":59}},{"start":{"line":6,"column":62},"end":{"line":6,"column":64}}],"line":6}},"s":{"0":3,"1":0},"f":{"0":0},"b":{"0":[0,0]},"_coverageSchema":"43e27e138ebf9cfc5966b082cf9a028302ed4184","hash":"e0269b4720464470fde6cf53f4e2342c520e4b6a"},"C:\\Users\\amajain3\\Documents\\atomic-react-components\\lib\\components\\atoms\\Anchor\\index.js":{"path":"C:\\Users\\amajain3\\Documents\\atomic-react-components\\lib\\components\\atoms\\Anchor\\index.js","statementMap":{},"fnMap":{},"branchMap":{},"s":{},"f":{},"b":{},"_coverageSchema":"43e27e138ebf9cfc5966b082cf9a028302ed4184","hash":"7c70bf55386c3c3faa199627570b9a41fbd7108a"},"C:\\Users\\amajain3\\Documents\\atomic-react-components\\lib\\components\\atoms\\Anchor\\Anchor.js":{"path":"C:\\Users\\amajain3\\Documents\\atomic-react-components\\lib\\components\\atoms\\Anchor\\Anchor.js","statementMap":{"0":{"start":{"line":24,"column":15},"end":{"line":48,"column":1}},"1":{"start":{"line":38,"column":2},"end":{"line":47,"column":6}},"2":{"start":{"line":50,"column":0},"end":{"line":60,"column":2}}},"fnMap":{"0":{"name":"(anonymous_0)","decl":{"start":{"line":24,"column":15},"end":{"line":24,"column":16}},"loc":{"start":{"line":38,"column":2},"end":{"line":47,"column":6}},"line":38},"1":{"name":"(anonymous_1)","decl":{"start":{"line":59,"column":19},"end":{"line":59,"column":20}},"loc":{"start":{"line":59,"column":25},"end":{"line":59,"column":27}},"line":59}},"branchMap":{"0":{"loc":{"start":{"line":43,"column":18},"end":{"line":43,"column":76}},"type":"binary-expr","locations":[{"start":{"line":43,"column":18},"end":{"line":43,"column":32}},{"start":{"line":43,"column":36},"end":{"line":43,"column":76}}],"line":43}},"s":{"0":4,"1":3,"2":4},"f":{"0":3,"1":0},"b":{"0":[3,2]},"_coverageSchema":"43e27e138ebf9cfc5966b082cf9a028302ed4184","hash":"46dd3bd5260ccd4a903092ebf45694e034362ad0"},"C:\\Users\\amajain3\\Documents\\atomic-react-components\\lib\\core\\utils\\url.js":{"path":"C:\\Users\\amajain3\\Documents\\atomic-react-components\\lib\\core\\utils\\url.js","statementMap":{"0":{"start":{"line":1,"column":37},"end":{"line":8,"column":1}},"1":{"start":{"line":2,"column":22},"end":{"line":2,"column":24}},"2":{"start":{"line":3,"column":15},"end":{"line":3,"column":33}},"3":{"start":{"line":4,"column":2},"end":{"line":6,"column":3}},"4":{"start":{"line":4,"column":15},"end":{"line":4,"column":16}},"5":{"start":{"line":4,"column":22},"end":{"line":4,"column":33}},"6":{"start":{"line":5,"column":4},"end":{"line":5,"column":53}},"7":{"start":{"line":7,"column":2},"end":{"line":7,"column":31}},"8":{"start":{"line":10,"column":24},"end":{"line":20,"column":1}},"9":{"start":{"line":11,"column":2},"end":{"line":18,"column":3}},"10":{"start":{"line":12,"column":32},"end":{"line":12,"column":39}},"11":{"start":{"line":13,"column":14},"end":{"line":13,"column":22}},"12":{"start":{"line":14,"column":4},"end":{"line":16,"column":5}},"13":{"start":{"line":15,"column":6},"end":{"line":15,"column":48}},"14":{"start":{"line":17,"column":4},"end":{"line":17,"column":15}},"15":{"start":{"line":19,"column":2},"end":{"line":19,"column":17}}},"fnMap":{"0":{"name":"(anonymous_0)","decl":{"start":{"line":1,"column":37},"end":{"line":1,"column":38}},"loc":{"start":{"line":1,"column":53},"end":{"line":8,"column":1}},"line":1},"1":{"name":"(anonymous_1)","decl":{"start":{"line":10,"column":24},"end":{"line":10,"column":25}},"loc":{"start":{"line":10,"column":35},"end":{"line":20,"column":1}},"line":10}},"branchMap":{"0":{"loc":{"start":{"line":1,"column":38},"end":{"line":1,"column":48}},"type":"default-arg","locations":[{"start":{"line":1,"column":46},"end":{"line":1,"column":48}}],"line":1},"1":{"loc":{"start":{"line":11,"column":2},"end":{"line":18,"column":3}},"type":"if","locations":[{"start":{"line":11,"column":2},"end":{"line":18,"column":3}},{"start":{"line":11,"column":2},"end":{"line":18,"column":3}}],"line":11},"2":{"loc":{"start":{"line":14,"column":4},"end":{"line":16,"column":5}},"type":"if","locations":[{"start":{"line":14,"column":4},"end":{"line":16,"column":5}},{"start":{"line":14,"column":4},"end":{"line":16,"column":5}}],"line":14}},"s":{"0":4,"1":0,"2":0,"3":0,"4":0,"5":0,"6":0,"7":0,"8":4,"9":3,"10":0,"11":0,"12":0,"13":0,"14":0,"15":3},"f":{"0":0,"1":3},"b":{"0":[0],"1":[0,3],"2":[0,0]},"_coverageSchema":"43e27e138ebf9cfc5966b082cf9a028302ed4184","hash":"245122e72551244e5366dc73f1ad2fc89a251826"},"C:\\Users\\amajain3\\Documents\\atomic-react-components\\lib\\components\\atoms\\Anchor\\Anchor.style.js":{"path":"C:\\Users\\amajain3\\Documents\\atomic-react-components\\lib\\components\\atoms\\Anchor\\Anchor.style.js","statementMap":{"0":{"start":{"line":5,"column":13},"end":{"line":5,"column":50}},"1":{"start":{"line":6,"column":13},"end":{"line":6,"column":44}},"2":{"start":{"line":7,"column":13},"end":{"line":7,"column":45}},"3":{"start":{"line":9,"column":15},"end":{"line":9,"column":45}},"4":{"start":{"line":14,"column":14},"end":{"line":14,"column":64}}},"fnMap":{"0":{"name":"(anonymous_0)","decl":{"start":{"line":5,"column":4},"end":{"line":5,"column":5}},"loc":{"start":{"line":5,"column":13},"end":{"line":5,"column":50}},"line":5},"1":{"name":"(anonymous_1)","decl":{"start":{"line":6,"column":4},"end":{"line":6,"column":5}},"loc":{"start":{"line":6,"column":13},"end":{"line":6,"column":44}},"line":6},"2":{"name":"(anonymous_2)","decl":{"start":{"line":7,"column":4},"end":{"line":7,"column":5}},"loc":{"start":{"line":7,"column":13},"end":{"line":7,"column":45}},"line":7},"3":{"name":"(anonymous_3)","decl":{"start":{"line":9,"column":6},"end":{"line":9,"column":7}},"loc":{"start":{"line":9,"column":15},"end":{"line":9,"column":45}},"line":9},"4":{"name":"(anonymous_4)","decl":{"start":{"line":14,"column":4},"end":{"line":14,"column":5}},"loc":{"start":{"line":14,"column":14},"end":{"line":14,"column":64}},"line":14}},"branchMap":{"0":{"loc":{"start":{"line":14,"column":14},"end":{"line":14,"column":64}},"type":"cond-expr","locations":[{"start":{"line":14,"column":38},"end":{"line":14,"column":59}},{"start":{"line":14,"column":62},"end":{"line":14,"column":64}}],"line":14}},"s":{"0":0,"1":0,"2":0,"3":0,"4":0},"f":{"0":0,"1":0,"2":0,"3":0,"4":0},"b":{"0":[0,0]},"_coverageSchema":"43e27e138ebf9cfc5966b082cf9a028302ed4184","hash":"9e89f34775c06299b35dff90d13ce55fc34b6dea"},"C:\\Users\\amajain3\\Documents\\atomic-react-components\\lib\\components\\molecules\\Form\\Debug\\Debug.js":{"path":"C:\\Users\\amajain3\\Documents\\atomic-react-components\\lib\\components\\molecules\\Form\\Debug\\Debug.js","statementMap":{"0":{"start":{"line":4,"column":21},"end":{"line":43,"column":1}},"1":{"start":{"line":5,"column":2},"end":{"line":42,"column":8}},"2":{"start":{"line":31,"column":8},"end":{"line":39,"column":14}}},"fnMap":{"0":{"name":"(anonymous_0)","decl":{"start":{"line":4,"column":21},"end":{"line":4,"column":22}},"loc":{"start":{"line":5,"column":2},"end":{"line":42,"column":8}},"line":5},"1":{"name":"(anonymous_1)","decl":{"start":{"line":30,"column":7},"end":{"line":30,"column":8}},"loc":{"start":{"line":31,"column":8},"end":{"line":39,"column":14}},"line":31}},"branchMap":{},"s":{"0":1,"1":1,"2":0},"f":{"0":1,"1":0},"b":{},"_coverageSchema":"43e27e138ebf9cfc5966b082cf9a028302ed4184","hash":"5d3238e26f7e8bdd389f9d9d675c2c1e12add10a"},"C:\\Users\\amajain3\\Documents\\atomic-react-components\\lib\\components\\molecules\\InputChoice\\InputChoice.js":{"path":"C:\\Users\\amajain3\\Documents\\atomic-react-components\\lib\\components\\molecules\\InputChoice\\InputChoice.js","statementMap":{"0":{"start":{"line":22,"column":20},"end":{"line":52,"column":1}},"1":{"start":{"line":35,"column":2},"end":{"line":51,"column":10}},"2":{"start":{"line":54,"column":0},"end":{"line":62,"column":2}}},"fnMap":{"0":{"name":"(anonymous_0)","decl":{"start":{"line":22,"column":20},"end":{"line":22,"column":21}},"loc":{"start":{"line":35,"column":2},"end":{"line":51,"column":10}},"line":35}},"branchMap":{"0":{"loc":{"start":{"line":50,"column":10},"end":{"line":50,"column":27}},"type":"binary-expr","locations":[{"start":{"line":50,"column":10},"end":{"line":50,"column":18}},{"start":{"line":50,"column":22},"end":{"line":50,"column":27}}],"line":50}},"s":{"0":1,"1":7,"2":1},"f":{"0":7},"b":{"0":[7,7]},"_coverageSchema":"43e27e138ebf9cfc5966b082cf9a028302ed4184","hash":"f3af47ff0b889048144a28f1ca6c8ed3c2091a6c"},"C:\\Users\\amajain3\\Documents\\atomic-react-components\\lib\\components\\atoms\\Input\\index.js":{"path":"C:\\Users\\amajain3\\Documents\\atomic-react-components\\lib\\components\\atoms\\Input\\index.js","statementMap":{},"fnMap":{},"branchMap":{},"s":{},"f":{},"b":{},"_coverageSchema":"43e27e138ebf9cfc5966b082cf9a028302ed4184","hash":"10a7d4d9a2c4558ea9b460a7b63fab9d65104c58"},"C:\\Users\\amajain3\\Documents\\atomic-react-components\\lib\\components\\atoms\\Input\\Input.js":{"path":"C:\\Users\\amajain3\\Documents\\atomic-react-components\\lib\\components\\atoms\\Input\\Input.js","statementMap":{"0":{"start":{"line":18,"column":14},"end":{"line":40,"column":1}},"1":{"start":{"line":29,"column":2},"end":{"line":39,"column":4}},"2":{"start":{"line":42,"column":0},"end":{"line":49,"column":2}}},"fnMap":{"0":{"name":"(anonymous_0)","decl":{"start":{"line":18,"column":14},"end":{"line":18,"column":15}},"loc":{"start":{"line":29,"column":2},"end":{"line":39,"column":4}},"line":29}},"branchMap":{"0":{"loc":{"start":{"line":37,"column":18},"end":{"line":37,"column":59}},"type":"binary-expr","locations":[{"start":{"line":37,"column":18},"end":{"line":37,"column":32}},{"start":{"line":37,"column":36},"end":{"line":37,"column":59}}],"line":37}},"s":{"0":2,"1":2,"2":2},"f":{"0":2},"b":{"0":[2,0]},"_coverageSchema":"43e27e138ebf9cfc5966b082cf9a028302ed4184","hash":"f91da64f28d7be749acb64cd158718362adae5d0"},"C:\\Users\\amajain3\\Documents\\atomic-react-components\\lib\\components\\atoms\\Input\\Input.style.js":{"path":"C:\\Users\\amajain3\\Documents\\atomic-react-components\\lib\\components\\atoms\\Input\\Input.style.js","statementMap":{"0":{"start":{"line":3,"column":15},"end":{"line":20,"column":1}},"1":{"start":{"line":4,"column":13},"end":{"line":9,"column":3}},"2":{"start":{"line":12,"column":4},"end":{"line":17,"column":10}},"3":{"start":{"line":19,"column":14},"end":{"line":19,"column":64}}},"fnMap":{"0":{"name":"(anonymous_0)","decl":{"start":{"line":4,"column":4},"end":{"line":4,"column":5}},"loc":{"start":{"line":4,"column":13},"end":{"line":9,"column":3}},"line":4},"1":{"name":"(anonymous_1)","decl":{"start":{"line":11,"column":4},"end":{"line":11,"column":5}},"loc":{"start":{"line":12,"column":4},"end":{"line":17,"column":10}},"line":12},"2":{"name":"(anonymous_2)","decl":{"start":{"line":19,"column":4},"end":{"line":19,"column":5}},"loc":{"start":{"line":19,"column":14},"end":{"line":19,"column":64}},"line":19}},"branchMap":{"0":{"loc":{"start":{"line":12,"column":4},"end":{"line":17,"column":10}},"type":"cond-expr","locations":[{"start":{"line":13,"column":8},"end":{"line":16,"column":5}},{"start":{"line":17,"column":8},"end":{"line":17,"column":10}}],"line":12},"1":{"loc":{"start":{"line":19,"column":14},"end":{"line":19,"column":64}},"type":"cond-expr","locations":[{"start":{"line":19,"column":38},"end":{"line":19,"column":59}},{"start":{"line":19,"column":62},"end":{"line":19,"column":64}}],"line":19}},"s":{"0":2,"1":0,"2":0,"3":0},"f":{"0":0,"1":0,"2":0},"b":{"0":[0,0],"1":[0,0]},"_coverageSchema":"43e27e138ebf9cfc5966b082cf9a028302ed4184","hash":"ec8ac784e1bb8ed49b551a7a0314558b8827086f"},"C:\\Users\\amajain3\\Documents\\atomic-react-components\\lib\\components\\atoms\\Label\\index.js":{"path":"C:\\Users\\amajain3\\Documents\\atomic-react-components\\lib\\components\\atoms\\Label\\index.js","statementMap":{},"fnMap":{},"branchMap":{},"s":{},"f":{},"b":{},"_coverageSchema":"43e27e138ebf9cfc5966b082cf9a028302ed4184","hash":"5e3812abaef86322e8d72136f4941a5b8c495bc7"},"C:\\Users\\amajain3\\Documents\\atomic-react-components\\lib\\components\\atoms\\Label\\Label.js":{"path":"C:\\Users\\amajain3\\Documents\\atomic-react-components\\lib\\components\\atoms\\Label\\Label.js","statementMap":{"0":{"start":{"line":14,"column":14},"end":{"line":25,"column":1}},"1":{"start":{"line":17,"column":2},"end":{"line":24,"column":10}},"2":{"start":{"line":27,"column":0},"end":{"line":30,"column":2}}},"fnMap":{"0":{"name":"(anonymous_0)","decl":{"start":{"line":14,"column":14},"end":{"line":14,"column":15}},"loc":{"start":{"line":17,"column":2},"end":{"line":24,"column":10}},"line":17}},"branchMap":{"0":{"loc":{"start":{"line":20,"column":18},"end":{"line":20,"column":88}},"type":"binary-expr","locations":[{"start":{"line":20,"column":18},"end":{"line":20,"column":32}},{"start":{"line":20,"column":36},"end":{"line":20,"column":88}}],"line":20}},"s":{"0":2,"1":2,"2":2},"f":{"0":2},"b":{"0":[2,1]},"_coverageSchema":"43e27e138ebf9cfc5966b082cf9a028302ed4184","hash":"31c230791cd7aea197340c1d3fccc7fd3b9904c1"},"C:\\Users\\amajain3\\Documents\\atomic-react-components\\lib\\components\\molecules\\InputChoice\\InputChoice.style.js":{"path":"C:\\Users\\amajain3\\Documents\\atomic-react-components\\lib\\components\\molecules\\InputChoice\\InputChoice.style.js","statementMap":{"0":{"start":{"line":3,"column":15},"end":{"line":68,"column":1}},"1":{"start":{"line":4,"column":14},"end":{"line":4,"column":71}},"2":{"start":{"line":10,"column":15},"end":{"line":10,"column":47}},"3":{"start":{"line":11,"column":16},"end":{"line":11,"column":71}},"4":{"start":{"line":12,"column":15},"end":{"line":12,"column":46}},"5":{"start":{"line":13,"column":15},"end":{"line":13,"column":71}},"6":{"start":{"line":20,"column":17},"end":{"line":20,"column":48}},"7":{"start":{"line":27,"column":8},"end":{"line":33,"column":7}},"8":{"start":{"line":36,"column":8},"end":{"line":39,"column":7}},"9":{"start":{"line":44,"column":6},"end":{"line":44,"column":90}},"10":{"start":{"line":48,"column":8},"end":{"line":50,"column":11}},"11":{"start":{"line":55,"column":4},"end":{"line":67,"column":3}}},"fnMap":{"0":{"name":"(anonymous_0)","decl":{"start":{"line":4,"column":4},"end":{"line":4,"column":5}},"loc":{"start":{"line":4,"column":14},"end":{"line":4,"column":71}},"line":4},"1":{"name":"(anonymous_1)","decl":{"start":{"line":10,"column":6},"end":{"line":10,"column":7}},"loc":{"start":{"line":10,"column":15},"end":{"line":10,"column":47}},"line":10},"2":{"name":"(anonymous_2)","decl":{"start":{"line":11,"column":6},"end":{"line":11,"column":7}},"loc":{"start":{"line":11,"column":16},"end":{"line":11,"column":71}},"line":11},"3":{"name":"(anonymous_3)","decl":{"start":{"line":12,"column":6},"end":{"line":12,"column":7}},"loc":{"start":{"line":12,"column":15},"end":{"line":12,"column":46}},"line":12},"4":{"name":"(anonymous_4)","decl":{"start":{"line":13,"column":6},"end":{"line":13,"column":7}},"loc":{"start":{"line":13,"column":15},"end":{"line":13,"column":71}},"line":13},"5":{"name":"(anonymous_5)","decl":{"start":{"line":20,"column":8},"end":{"line":20,"column":9}},"loc":{"start":{"line":20,"column":17},"end":{"line":20,"column":48}},"line":20},"6":{"name":"(anonymous_6)","decl":{"start":{"line":26,"column":8},"end":{"line":26,"column":9}},"loc":{"start":{"line":27,"column":8},"end":{"line":33,"column":7}},"line":27},"7":{"name":"(anonymous_7)","decl":{"start":{"line":35,"column":8},"end":{"line":35,"column":9}},"loc":{"start":{"line":36,"column":8},"end":{"line":39,"column":7}},"line":36},"8":{"name":"(anonymous_8)","decl":{"start":{"line":43,"column":6},"end":{"line":43,"column":7}},"loc":{"start":{"line":44,"column":6},"end":{"line":44,"column":90}},"line":44},"9":{"name":"(anonymous_9)","decl":{"start":{"line":47,"column":8},"end":{"line":47,"column":9}},"loc":{"start":{"line":48,"column":8},"end":{"line":50,"column":11}},"line":48},"10":{"name":"(anonymous_10)","decl":{"start":{"line":54,"column":4},"end":{"line":54,"column":5}},"loc":{"start":{"line":55,"column":4},"end":{"line":67,"column":3}},"line":55}},"branchMap":{"0":{"loc":{"start":{"line":4,"column":14},"end":{"line":4,"column":71}},"type":"cond-expr","locations":[{"start":{"line":4,"column":31},"end":{"line":4,"column":50}},{"start":{"line":4,"column":53},"end":{"line":4,"column":71}}],"line":4},"1":{"loc":{"start":{"line":11,"column":16},"end":{"line":11,"column":71}},"type":"cond-expr","locations":[{"start":{"line":11,"column":33},"end":{"line":11,"column":66}},{"start":{"line":11,"column":69},"end":{"line":11,"column":71}}],"line":11},"2":{"loc":{"start":{"line":13,"column":15},"end":{"line":13,"column":71}},"type":"binary-expr","locations":[{"start":{"line":13,"column":15},"end":{"line":13,"column":37}},{"start":{"line":13,"column":41},"end":{"line":13,"column":71}}],"line":13},"3":{"loc":{"start":{"line":27,"column":8},"end":{"line":33,"column":7}},"type":"binary-expr","locations":[{"start":{"line":27,"column":8},"end":{"line":27,"column":33}},{"start":{"line":28,"column":8},"end":{"line":33,"column":7}}],"line":27},"4":{"loc":{"start":{"line":36,"column":8},"end":{"line":39,"column":7}},"type":"binary-expr","locations":[{"start":{"line":36,"column":8},"end":{"line":36,"column":30}},{"start":{"line":37,"column":8},"end":{"line":39,"column":7}}],"line":36},"5":{"loc":{"start":{"line":44,"column":6},"end":{"line":44,"column":90}},"type":"cond-expr","locations":[{"start":{"line":44,"column":23},"end":{"line":44,"column":56}},{"start":{"line":44,"column":59},"end":{"line":44,"column":90}}],"line":44},"6":{"loc":{"start":{"line":49,"column":10},"end":{"line":49,"column":92}},"type":"cond-expr","locations":[{"start":{"line":49,"column":27},"end":{"line":49,"column":58}},{"start":{"line":49,"column":61},"end":{"line":49,"column":92}}],"line":49},"7":{"loc":{"start":{"line":55,"column":4},"end":{"line":67,"column":3}},"type":"cond-expr","locations":[{"start":{"line":56,"column":8},"end":{"line":62,"column":3}},{"start":{"line":63,"column":8},"end":{"line":67,"column":3}}],"line":55}},"s":{"0":1,"1":0,"2":0,"3":0,"4":0,"5":0,"6":0,"7":0,"8":0,"9":0,"10":0,"11":0},"f":{"0":0,"1":0,"2":0,"3":0,"4":0,"5":0,"6":0,"7":0,"8":0,"9":0,"10":0},"b":{"0":[0,0],"1":[0,0],"2":[0,0],"3":[0,0],"4":[0,0],"5":[0,0],"6":[0,0],"7":[0,0]},"_coverageSchema":"43e27e138ebf9cfc5966b082cf9a028302ed4184","hash":"44f40567af88c2fbb2085616ebdbb45b1e5b40a2"},"C:\\Users\\amajain3\\Documents\\atomic-react-components\\lib\\components\\atoms\\Button\\Button.js":{"path":"C:\\Users\\amajain3\\Documents\\atomic-react-components\\lib\\components\\atoms\\Button\\Button.js","statementMap":{"0":{"start":{"line":22,"column":15},"end":{"line":45,"column":1}},"1":{"start":{"line":35,"column":2},"end":{"line":44,"column":11}},"2":{"start":{"line":47,"column":0},"end":{"line":57,"column":2}}},"fnMap":{"0":{"name":"(anonymous_0)","decl":{"start":{"line":22,"column":15},"end":{"line":22,"column":16}},"loc":{"start":{"line":35,"column":2},"end":{"line":44,"column":11}},"line":35}},"branchMap":{"0":{"loc":{"start":{"line":36,"column":16},"end":{"line":36,"column":33}},"type":"binary-expr","locations":[{"start":{"line":36,"column":16},"end":{"line":36,"column":25}},{"start":{"line":36,"column":29},"end":{"line":36,"column":33}}],"line":36},"1":{"loc":{"start":{"line":40,"column":18},"end":{"line":40,"column":86}},"type":"binary-expr","locations":[{"start":{"line":40,"column":18},"end":{"line":40,"column":32}},{"start":{"line":40,"column":36},"end":{"line":40,"column":86}}],"line":40}},"s":{"0":2,"1":227,"2":2},"f":{"0":227},"b":{"0":[227,226],"1":[227,226]},"_coverageSchema":"43e27e138ebf9cfc5966b082cf9a028302ed4184","hash":"2bdb4f33bab029c76ec80c21d66ace23a30a0ac2"},"C:\\Users\\amajain3\\Documents\\atomic-react-components\\lib\\components\\atoms\\Button\\Button.style.js":{"path":"C:\\Users\\amajain3\\Documents\\atomic-react-components\\lib\\components\\atoms\\Button\\Button.style.js","statementMap":{"0":{"start":{"line":3,"column":21},"end":{"line":29,"column":1}},"1":{"start":{"line":8,"column":22},"end":{"line":8,"column":64}},"2":{"start":{"line":9,"column":13},"end":{"line":13,"column":3}},"3":{"start":{"line":14,"column":13},"end":{"line":14,"column":69}},"4":{"start":{"line":16,"column":4},"end":{"line":21,"column":10}},"5":{"start":{"line":22,"column":13},"end":{"line":22,"column":48}},"6":{"start":{"line":28,"column":14},"end":{"line":28,"column":64}}},"fnMap":{"0":{"name":"(anonymous_0)","decl":{"start":{"line":8,"column":12},"end":{"line":8,"column":13}},"loc":{"start":{"line":8,"column":22},"end":{"line":8,"column":64}},"line":8},"1":{"name":"(anonymous_1)","decl":{"start":{"line":9,"column":4},"end":{"line":9,"column":5}},"loc":{"start":{"line":9,"column":13},"end":{"line":13,"column":3}},"line":9},"2":{"name":"(anonymous_2)","decl":{"start":{"line":14,"column":4},"end":{"line":14,"column":5}},"loc":{"start":{"line":14,"column":13},"end":{"line":14,"column":69}},"line":14},"3":{"name":"(anonymous_3)","decl":{"start":{"line":15,"column":4},"end":{"line":15,"column":5}},"loc":{"start":{"line":16,"column":4},"end":{"line":21,"column":10}},"line":16},"4":{"name":"(anonymous_4)","decl":{"start":{"line":22,"column":4},"end":{"line":22,"column":5}},"loc":{"start":{"line":22,"column":13},"end":{"line":22,"column":48}},"line":22},"5":{"name":"(anonymous_5)","decl":{"start":{"line":28,"column":4},"end":{"line":28,"column":5}},"loc":{"start":{"line":28,"column":14},"end":{"line":28,"column":64}},"line":28}},"branchMap":{"0":{"loc":{"start":{"line":8,"column":22},"end":{"line":8,"column":64}},"type":"cond-expr","locations":[{"start":{"line":8,"column":39},"end":{"line":8,"column":52}},{"start":{"line":8,"column":55},"end":{"line":8,"column":64}}],"line":8},"1":{"loc":{"start":{"line":14,"column":13},"end":{"line":14,"column":69}},"type":"binary-expr","locations":[{"start":{"line":14,"column":13},"end":{"line":14,"column":28}},{"start":{"line":14,"column":32},"end":{"line":14,"column":69}}],"line":14},"2":{"loc":{"start":{"line":16,"column":4},"end":{"line":21,"column":10}},"type":"cond-expr","locations":[{"start":{"line":17,"column":8},"end":{"line":20,"column":3}},{"start":{"line":21,"column":8},"end":{"line":21,"column":10}}],"line":16},"3":{"loc":{"start":{"line":22,"column":13},"end":{"line":22,"column":48}},"type":"binary-expr","locations":[{"start":{"line":22,"column":13},"end":{"line":22,"column":28}},{"start":{"line":22,"column":32},"end":{"line":22,"column":48}}],"line":22},"4":{"loc":{"start":{"line":28,"column":14},"end":{"line":28,"column":64}},"type":"cond-expr","locations":[{"start":{"line":28,"column":38},"end":{"line":28,"column":59}},{"start":{"line":28,"column":62},"end":{"line":28,"column":64}}],"line":28}},"s":{"0":2,"1":0,"2":0,"3":0,"4":0,"5":0,"6":0},"f":{"0":0,"1":0,"2":0,"3":0,"4":0,"5":0},"b":{"0":[0,0],"1":[0,0],"2":[0,0],"3":[0,0],"4":[0,0]},"_coverageSchema":"43e27e138ebf9cfc5966b082cf9a028302ed4184","hash":"1349fee7e4445bb6afc93c2f507452f638a0280a"},"C:\\Users\\amajain3\\Documents\\atomic-react-components\\lib\\components\\molecules\\Tabs\\Tab\\index.js":{"path":"C:\\Users\\amajain3\\Documents\\atomic-react-components\\lib\\components\\molecules\\Tabs\\Tab\\index.js","statementMap":{},"fnMap":{},"branchMap":{},"s":{},"f":{},"b":{},"_coverageSchema":"43e27e138ebf9cfc5966b082cf9a028302ed4184","hash":"74fd0ab99fc1b1e055a3eac669f3e10b98acf285"},"C:\\Users\\amajain3\\Documents\\atomic-react-components\\lib\\components\\molecules\\Tabs\\Tab\\Tab.js":{"path":"C:\\Users\\amajain3\\Documents\\atomic-react-components\\lib\\components\\molecules\\Tabs\\Tab\\Tab.js","statementMap":{"0":{"start":{"line":25,"column":12},"end":{"line":50,"column":1}},"1":{"start":{"line":35,"column":2},"end":{"line":49,"column":7}},"2":{"start":{"line":41,"column":18},"end":{"line":41,"column":35}},"3":{"start":{"line":42,"column":20},"end":{"line":42,"column":32}},"4":{"start":{"line":52,"column":0},"end":{"line":55,"column":2}}},"fnMap":{"0":{"name":"(anonymous_0)","decl":{"start":{"line":25,"column":12},"end":{"line":25,"column":13}},"loc":{"start":{"line":35,"column":2},"end":{"line":49,"column":7}},"line":35},"1":{"name":"(anonymous_1)","decl":{"start":{"line":41,"column":13},"end":{"line":41,"column":14}},"loc":{"start":{"line":41,"column":18},"end":{"line":41,"column":35}},"line":41},"2":{"name":"(anonymous_2)","decl":{"start":{"line":42,"column":15},"end":{"line":42,"column":16}},"loc":{"start":{"line":42,"column":20},"end":{"line":42,"column":32}},"line":42}},"branchMap":{"0":{"loc":{"start":{"line":43,"column":14},"end":{"line":43,"column":33}},"type":"cond-expr","locations":[{"start":{"line":43,"column":27},"end":{"line":43,"column":28}},{"start":{"line":43,"column":31},"end":{"line":43,"column":33}}],"line":43}},"s":{"0":1,"1":1,"2":0,"3":0,"4":1},"f":{"0":1,"1":0,"2":0},"b":{"0":[0,1]},"_coverageSchema":"43e27e138ebf9cfc5966b082cf9a028302ed4184","hash":"493b33a4d92e98d70fc9db9534bfbf0fc54663d9"},"C:\\Users\\amajain3\\Documents\\atomic-react-components\\lib\\components\\molecules\\Tabs\\Tab\\Tab.style.js":{"path":"C:\\Users\\amajain3\\Documents\\atomic-react-components\\lib\\components\\molecules\\Tabs\\Tab\\Tab.style.js","statementMap":{"0":{"start":{"line":5,"column":31},"end":{"line":5,"column":63}},"1":{"start":{"line":6,"column":14},"end":{"line":6,"column":97}},"2":{"start":{"line":7,"column":14},"end":{"line":7,"column":64}}},"fnMap":{"0":{"name":"(anonymous_0)","decl":{"start":{"line":5,"column":22},"end":{"line":5,"column":23}},"loc":{"start":{"line":5,"column":31},"end":{"line":5,"column":63}},"line":5},"1":{"name":"(anonymous_1)","decl":{"start":{"line":6,"column":4},"end":{"line":6,"column":5}},"loc":{"start":{"line":6,"column":14},"end":{"line":6,"column":97}},"line":6},"2":{"name":"(anonymous_2)","decl":{"start":{"line":7,"column":4},"end":{"line":7,"column":5}},"loc":{"start":{"line":7,"column":14},"end":{"line":7,"column":64}},"line":7}},"branchMap":{"0":{"loc":{"start":{"line":6,"column":14},"end":{"line":6,"column":97}},"type":"cond-expr","locations":[{"start":{"line":6,"column":33},"end":{"line":6,"column":92}},{"start":{"line":6,"column":95},"end":{"line":6,"column":97}}],"line":6},"1":{"loc":{"start":{"line":7,"column":14},"end":{"line":7,"column":64}},"type":"cond-expr","locations":[{"start":{"line":7
[...]
,"column":68}},{"start":{"line":44,"column":14},"end":{"line":44,"column":68}}],"line":44}},"s":{"0":0,"1":0,"2":0,"3":0,"4":0,"5":0,"6":0,"7":0},"f":{"0":0,"1":0,"2":0},"b":{"0":[0,0]},"hash":"5aa0f57035b4de461dcf0ef7a95c81820f0e0d7e"},"C:\\Users\\amajain3\\Documents\\atomic-react-components\\lib\\components\\molecules\\Form\\FieldTextarea\\FieldTextarea.style.js":{"path":"C:\\Users\\amajain3\\Documents\\atomic-react-components\\lib\\components\\molecules\\Form\\FieldTextarea\\FieldTextarea.style.js","statementMap":{"0":{"start":{"line":3,"column":15},"end":{"line":11,"column":1}},"1":{"start":{"line":4,"column":28},"end":{"line":4,"column":54}},"2":{"start":{"line":9,"column":30},"end":{"line":9,"column":59}}},"fnMap":{"0":{"name":"(anonymous_0)","decl":{"start":{"line":4,"column":19},"end":{"line":4,"column":20}},"loc":{"start":{"line":4,"column":28},"end":{"line":4,"column":54}},"line":4},"1":{"name":"(anonymous_1)","decl":{"start":{"line":9,"column":21},"end":{"line":9,"column":22}},"loc":{"start":{"line":9,"column":30},"end":{"line":9,"column":59}},"line":9}},"branchMap":{},"s":{"0":0,"1":0,"2":0},"f":{"0":0,"1":0},"b":{},"hash":"cce14799a94d454a114dc1c6f061ff7952a42b48"},"C:\\Users\\amajain3\\Documents\\atomic-react-components\\lib\\components\\molecules\\Tabs\\Tabs.js":{"path":"C:\\Users\\amajain3\\Documents\\atomic-react-components\\lib\\components\\molecules\\Tabs\\Tabs.js","statementMap":{"0":{"start":{"line":19,"column":4},"end":{"line":19,"column":17}},"1":{"start":{"line":20,"column":4},"end":{"line":20,"column":63}},"2":{"start":{"line":24,"column":37},"end":{"line":24,"column":47}},"3":{"start":{"line":25,"column":4},"end":{"line":25,"column":37}},"4":{"start":{"line":28,"column":20},"end":{"line":36,"column":3}},"5":{"start":{"line":29,"column":28},"end":{"line":29,"column":38}},"6":{"start":{"line":30,"column":4},"end":{"line":32,"column":7}},"7":{"start":{"line":33,"column":4},"end":{"line":35,"column":5}},"8":{"start":{"line":34,"column":6},"end":{"line":34,"column":25}},"9":{"start":{"line":38,"column":13},"end":{"line":47,"column":3}},"10":{"start":{"line":39,"column":4},"end":{"line":39,"column":23}},"11":{"start":{"line":40,"column":30},"end":{"line":40,"column":40}},"12":{"start":{"line":42,"column":4},"end":{"line":44,"column":5}},"13":{"start":{"line":43,"column":6},"end":{"line":43,"column":13}},"14":{"start":{"line":46,"column":4},"end":{"line":46,"column":32}},"15":{"start":{"line":49,"column":15},"end":{"line":70,"column":3}},"16":{"start":{"line":50,"column":4},"end":{"line":54,"column":5}},"17":{"start":{"line":51,"column":6},"end":{"line":51,"column":25}},"18":{"start":{"line":53,"column":6},"end":{"line":53,"column":13}},"19":{"start":{"line":56,"column":30},"end":{"line":56,"column":40}},"20":{"start":{"line":57,"column":28},"end":{"line":57,"column":38}},"21":{"start":{"line":61,"column":4},"end":{"line":67,"column":5}},"22":{"start":{"line":62,"column":6},"end":{"line":62,"column":38}},"23":{"start":{"line":63,"column":11},"end":{"line":67,"column":5}},"24":{"start":{"line":64,"column":6},"end":{"line":64,"column":38}},"25":{"start":{"line":66,"column":6},"end":{"line":66,"column":13}},"26":{"start":{"line":69,"column":4},"end":{"line":69,"column":38}},"27":{"start":{"line":82,"column":8},"end":{"line":82,"column":18}},"28":{"start":{"line":83,"column":30},"end":{"line":83,"column":40}},"29":{"start":{"line":84,"column":24},"end":{"line":88,"column":5}},"30":{"start":{"line":89,"column":4},"end":{"line":124,"column":6}},"31":{"start":{"line":95,"column":16},"end":{"line":105,"column":22}},"32":{"start":{"line":112,"column":14},"end":{"line":120,"column":25}},"33":{"start":{"line":128,"column":0},"end":{"line":136,"column":2}}},"fnMap":{"0":{"name":"(anonymous_0)","decl":{"start":{"line":18,"column":2},"end":{"line":18,"column":3}},"loc":{"start":{"line":18,"column":21},"end":{"line":21,"column":3}},"line":18},"1":{"name":"(anonymous_1)","decl":{"start":{"line":23,"column":2},"end":{"line":23,"column":3}},"loc":{"start":{"line":23,"column":24},"end":{"line":26,"column":3}},"line":23},"2":{"name":"(anonymous_2)","decl":{"start":{"line":28,"column":20},"end":{"line":28,"column":21}},"loc":{"start":{"line":28,"column":39},"end":{"line":36,"column":3}},"line":28},"3":{"name":"(anonymous_3)","decl":{"start":{"line":38,"column":13},"end":{"line":38,"column":14}},"loc":{"start":{"line":38,"column":53},"end":{"line":47,"column":3}},"line":38},"4":{"name":"(anonymous_4)","decl":{"start":{"line":49,"column":15},"end":{"line":49,"column":16}},"loc":{"start":{"line":49,"column":48},"end":{"line":70,"column":3}},"line":49},"5":{"name":"(anonymous_5)","decl":{"start":{"line":72,"column":2},"end":{"line":72,"column":3}},"loc":{"start":{"line":72,"column":11},"end":{"line":125,"column":3}},"line":72},"6":{"name":"(anonymous_6)","decl":{"start":{"line":94,"column":30},"end":{"line":94,"column":31}},"loc":{"start":{"line":95,"column":16},"end":{"line":105,"column":22}},"line":95},"7":{"name":"(anonymous_7)","decl":{"start":{"line":111,"column":28},"end":{"line":111,"column":29}},"loc":{"start":{"line":112,"column":14},"end":{"line":120,"column":25}},"line":112}},"branchMap":{"0":{"loc":{"start":{"line":25,"column":11},"end":{"line":25,"column":36}},"type":"binary-expr","locations":[{"start":{"line":25,"column":11},"end":{"line":25,"column":31}},{"start":{"line":25,"column":35},"end":{"line":25,"column":36}}],"line":25},"1":{"loc":{"start":{"line":33,"column":4},"end":{"line":35,"column":5}},"type":"if","locations":[{"start":{"line":33,"column":4},"end":{"line":35,"column":5}},{"start":{"line":33,"column":4},"end":{"line":35,"column":5}}],"line":33},"2":{"loc":{"start":{"line":42,"column":4},"end":{"line":44,"column":5}},"type":"if","locations":[{"start":{"line":42,"column":4},"end":{"line":44,"column":5}},{"start":{"line":42,"column":4},"end":{"line":44,"column":5}}],"line":42},"3":{"loc":{"start":{"line":50,"column":4},"end":{"line":54,"column":5}},"type":"if","locations":[{"start":{"line":50,"column":4},"end":{"line":54,"column":5}},{"start":{"line":50,"column":4},"end":{"line":54,"column":5}}],"line":50},"4":{"loc":{"start":{"line":50,"column":8},"end":{"line":50,"column":53}},"type":"binary-expr","locations":[{"start":{"line":50,"column":8},"end":{"line":50,"column":28}},{"start":{"line":50,"column":32},"end":{"line":50,"column":53}}],"line":50},"5":{"loc":{"start":{"line":61,"column":4},"end":{"line":67,"column":5}},"type":"if","locations":[{"start":{"line":61,"column":4},"end":{"line":67,"column":5}},{"start":{"line":61,"column":4},"end":{"line":67,"column":5}}],"line":61},"6":{"loc":{"start":{"line":61,"column":8},"end":{"line":61,"column":49}},"type":"binary-expr","locations":[{"start":{"line":61,"column":8},"end":{"line":61,"column":28}},{"start":{"line":61,"column":32},"end":{"line":61,"column":49}}],"line":61},"7":{"loc":{"start":{"line":63,"column":11},"end":{"line":67,"column":5}},"type":"if","locations":[{"start":{"line":63,"column":11},"end":{"line":67,"column":5}},{"start":{"line":63,"column":11},"end":{"line":67,"column":5}}],"line":63},"8":{"loc":{"start":{"line":63,"column":15},"end":{"line":63,"column":78}},"type":"binary-expr","locations":[{"start":{"line":63,"column":15},"end":{"line":63,"column":36}},{"start":{"line":63,"column":40},"end":{"line":63,"column":78}}],"line":63},"9":{"loc":{"start":{"line":93,"column":13},"end":{"line":106,"column":16}},"type":"binary-expr","locations":[{"start":{"line":93,"column":13},"end":{"line":93,"column":24}},{"start":{"line":94,"column":14},"end":{"line":106,"column":16}}],"line":93},"10":{"loc":{"start":{"line":96,"column":29},"end":{"line":96,"column":52}},"type":"binary-expr","locations":[{"start":{"line":96,"column":29},"end":{"line":96,"column":46}},{"start":{"line":96,"column":50},"end":{"line":96,"column":52}}],"line":96},"11":{"loc":{"start":{"line":110,"column":11},"end":{"line":121,"column":14}},"type":"binary-expr","locations":[{"start":{"line":110,"column":11},"end":{"line":110,"column":22}},{"start":{"line":111,"column":12},"end":{"line":121,"column":14}}],"line":110},"12":{"loc":{"start":{"line":113,"column":27},"end":{"line":113,"column":52}},"type":"binary-expr","locations":[{"start":{"line":113,"column":27},"end":{"line":113,"column":46}},{"start":{"line":113,"column":50},"end":{"line":113,"column":52}}],"line":113}},"s":{"0":0,"1":0,"2":0,"3":0,"4":0,"5":0,"6":0,"7":0,"8":0,"9":0,"10":0,"11":0,"12":0,"13":0,"14":0,"15":0,"16":0,"17":0,"18":0,"19":0,"20":0,"21":0,"22":0,"23":0,"24":0,"25":0,"26":0,"27":0,"28":0,"29":0,"30":0,"31":0,"32":0,"33":0},"f":{"0":0,"1":0,"2":0,"3":0,"4":0,"5":0,"6":0,"7":0},"b":{"0":[0,0],"1":[0,0],"2":[0,0],"3":[0,0],"4":[0,0],"5":[0,0],"6":[0,0],"7":[0,0],"8":[0,0],"9":[0,0],"10":[0,0],"11":[0,0],"12":[0,0]},"hash":"741c0015c3af632c29241d53b0643ffaa2798143"},"C:\\Users\\amajain3\\Documents\\atomic-react-components\\lib\\components\\molecules\\Form\\Form.js":{"path":"C:\\Users\\amajain3\\Documents\\atomic-react-components\\lib\\components\\molecules\\Form\\Form.js","statementMap":{"0":{"start":{"line":31,"column":14},"end":{"line":37,"column":3}},"1":{"start":{"line":35,"column":4},"end":{"line":35,"column":56}},"2":{"start":{"line":35,"column":29},"end":{"line":35,"column":56}},"3":{"start":{"line":36,"column":4},"end":{"line":36,"column":67}},"4":{"start":{"line":39,"column":20},"end":{"line":39,"column":33}},"5":{"start":{"line":41,"column":17},"end":{"line":41,"column":22}},"6":{"start":{"line":43,"column":17},"end":{"line":43,"column":27}},"7":{"start":{"line":45,"column":22},"end":{"line":45,"column":37}},"8":{"start":{"line":47,"column":18},"end":{"line":47,"column":29}},"9":{"start":{"line":49,"column":20},"end":{"line":49,"column":33}},"10":{"start":{"line":66,"column":8},"end":{"line":66,"column":18}},"11":{"start":{"line":68,"column":4},"end":{"line":85,"column":6}},"12":{"start":{"line":79,"column":10},"end":{"line":82,"column":24}},"13":{"start":{"line":89,"column":0},"end":{"line":99,"column":2}}},"fnMap":{"0":{"name":"(anonymous_0)","decl":{"start":{"line":31,"column":14},"end":{"line":31,"column":15}},"loc":{"start":{"line":34,"column":7},"end":{"line":37,"column":3}},"line":34},"1":{"name":"(anonymous_1)","decl":{"start":{"line":51,"column":2},"end":{"line":51,"column":3}},"loc":{"start":{"line":51,"column":11},"end":{"line":86,"column":3}},"line":51},"2":{"name":"(anonymous_2)","decl":{"start":{"line":78,"column":9},"end":{"line":78,"column":10}},"loc":{"start":{"line":79,"column":10},"end":{"line":82,"column":24}},"line":79}},"branchMap":{"0":{"loc":{"start":{"line":32,"column":4},"end":{"line":32,"column":47}},"type":"default-arg","locations":[{"start":{"line":32,"column":43},"end":{"line":32,"column":47}}],"line":32},"1":{"loc":{"start":{"line":33,"column":4},"end":{"line":33,"column":42}},"type":"default-arg","locations":[{"start":{"line":33,"column":38},"end":{"line":33,"column":42}}],"line":33},"2":{"loc":{"start":{"line":35,"column":4},"end":{"line":35,"column":56}},"type":"if","locations":[{"start":{"line":35,"column":4},"end":{"line":35,"column":56}},{"start":{"line":35,"column":4},"end":{"line":35,"column":56}}],"line":35},"3":{"loc":{"start":{"line":36,"column":11},"end":{"line":36,"column":66}},"type":"cond-expr","locations":[{"start":{"line":36,"column":30},"end":{"line":36,"column":59}},{"start":{"line":36,"column":62},"end":{"line":36,"column":66}}],"line":36},"4":{"loc":{"start":{"line":81,"column":13},"end":{"line":81,"column":31}},"type":"binary-expr","locations":[{"start":{"line":81,"column":13},"end":{"line":81,"column":18}},{"start":{"line":81,"column":22},"end":{"line":81,"column":31}}],"line":81}},"s":{"0":0,"1":0,"2":0,"3":0,"4":0,"5":0,"6":0,"7":0,"8":0,"9":0,"10":0,"11":0,"12":0,"13":0},"f":{"0":0,"1":0,"2":0},"b":{"0":[0],"1":[0],"2":[0,0],"3":[0,0],"4":[0,0]},"hash":"634916ee0018345662918d0e6862892e52d3ab23"},"C:\\Users\\amajain3\\Documents\\atomic-react-components\\lib\\components\\molecules\\Form\\FieldInput\\FieldInput.js":{"path":"C:\\Users\\amajain3\\Documents\\atomic-react-components\\lib\\components\\molecules\\Form\\FieldInput\\FieldInput.js","statementMap":{"0":{"start":{"line":25,"column":19},"end":{"line":66,"column":1}},"1":{"start":{"line":37,"column":2},"end":{"line":65,"column":4}},"2":{"start":{"line":45,"column":47},"end":{"line":45,"column":51}},"3":{"start":{"line":46,"column":10},"end":{"line":60,"column":12}},"4":{"start":{"line":52,"column":16},"end":{"line":52,"column":32}},"5":{"start":{"line":53,"column":16},"end":{"line":53,"column":70}},"6":{"start":{"line":53,"column":52},"end":{"line":53,"column":70}},"7":{"start":{"line":56,"column":16},"end":{"line":56,"column":30}},"8":{"start":{"line":57,"column":16},"end":{"line":57,"column":66}},"9":{"start":{"line":57,"column":50},"end":{"line":57,"column":66}},"10":{"start":{"line":68,"column":0},"end":{"line":77,"column":2}}},"fnMap":{"0":{"name":"(anonymous_0)","decl":{"start":{"line":25,"column":19},"end":{"line":25,"column":20}},"loc":{"start":{"line":36,"column":19},"end":{"line":66,"column":1}},"line":36},"1":{"name":"(anonymous_1)","decl":{"start":{"line":44,"column":9},"end":{"line":44,"column":10}},"loc":{"start":{"line":44,"column":30},"end":{"line":61,"column":9}},"line":44},"2":{"name":"(anonymous_2)","decl":{"start":{"line":51,"column":24},"end":{"line":51,"column":25}},"loc":{"start":{"line":51,"column":29},"end":{"line":54,"column":15}},"line":51},"3":{"name":"(anonymous_3)","decl":{"start":{"line":55,"column":22},"end":{"line":55,"column":23}},"loc":{"start":{"line":55,"column":27},"end":{"line":58,"column":15}},"line":55}},"branchMap":{"0":{"loc":{"start":{"line":53,"column":16},"end":{"line":53,"column":70}},"type":"if","locations":[{"start":{"line":53,"column":16},"end":{"line":53,"column":70}},{"start":{"line":53,"column":16},"end":{"line":53,"column":70}}],"line":53},"1":{"loc":{"start":{"line":57,"column":16},"end":{"line":57,"column":66}},"type":"if","locations":[{"start":{"line":57,"column":16},"end":{"line":57,"column":66}},{"start":{"line":57,"column":16},"end":{"line":57,"column":66}}],"line":57}},"s":{"0":0,"1":0,"2":0,"3":0,"4":0,"5":0,"6":0,"7":0,"8":0,"9":0,"10":0},"f":{"0":0,"1":0,"2":0,"3":0},"b":{"0":[0,0],"1":[0,0]},"hash":"3bf83abd1cc5af5bfe5603bf484a5f46549be0dc"},"C:\\Users\\amajain3\\Documents\\atomic-react-components\\lib\\components\\molecules\\Popover\\types\\index.js":{"path":"C:\\Users\\amajain3\\Documents\\atomic-react-components\\lib\\components\\molecules\\Popover\\types\\index.js","statementMap":{},"fnMap":{},"branchMap":{},"s":{},"f":{},"b":{},"hash":"5751af9b67751d978c79064c617d066092ebe855"},"C:\\Users\\amajain3\\Documents\\atomic-react-components\\lib\\components\\molecules\\Form\\FieldRadioGroup\\FieldRadioGroup.js":{"path":"C:\\Users\\amajain3\\Documents\\atomic-react-components\\lib\\components\\molecules\\Form\\FieldRadioGroup\\FieldRadioGroup.js","statementMap":{"0":{"start":{"line":22,"column":24},"end":{"line":50,"column":1}},"1":{"start":{"line":23,"column":2},"end":{"line":49,"column":15}},"2":{"start":{"line":25,"column":6},"end":{"line":47,"column":12}},"3":{"start":{"line":27,"column":10},"end":{"line":44,"column":18}},"4":{"start":{"line":29,"column":39},"end":{"line":29,"column":43}},"5":{"start":{"line":30,"column":35},"end":{"line":30,"column":45}},"6":{"start":{"line":31,"column":14},"end":{"line":42,"column":16}},"7":{"start":{"line":36,"column":20},"end":{"line":36,"column":36}},"8":{"start":{"line":37,"column":20},"end":{"line":37,"column":74}},"9":{"start":{"line":37,"column":56},"end":{"line":37,"column":74}},"10":{"start":{"line":52,"column":0},"end":{"line":55,"column":2}}},"fnMap":{"0":{"name":"(anonymous_0)","decl":{"start":{"line":22,"column":24},"end":{"line":22,"column":25}},"loc":{"start":{"line":23,"column":2},"end":{"line":49,"column":15}},"line":23},"1":{"name":"(anonymous_1)","decl":{"start":{"line":24,"column":5},"end":{"line":24,"column":6}},"loc":{"start":{"line":25,"column":6},"end":{"line":47,"column":12}},"line":25},"2":{"name":"(anonymous_2)","decl":{"start":{"line":26,"column":29},"end":{"line":26,"column":30}},"loc":{"start":{"line":27,"column":10},"end":{"line":44,"column":18}},"line":27},"3":{"name":"(anonymous_3)","decl":{"start":{"line":28,"column":13},"end":{"line":28,"column":14}},"loc":{"start":{"line":28,"column":34},"end":{"line":43,"column":13}},"line":28},"4":{"name":"(anonymous_4)","decl":{"start":{"line":35,"column":28},"end":{"line":35,"column":29}},"loc":{"start":{"line":35,"column":33},"end":{"line":38,"column":19}},"line":35}},"branchMap":{"0":{"loc":{"start":{"line":27,"column":22},"end":{"line":27,"column":57}},"type":"binary-expr","locations":[{"start":{"line":27,"column":22},"end":{"line":27,"column":35}},{"start":{"line":27,"column":39},"end":{"line":27,"column":57}}],"line":27},"1":{"loc":{"start":{"line":34,"column":22},"end":{"line":34,"column":57}},"type":"binary-expr","locations":[{"start":{"line":34,"column":22},"end":{"line":34,"column":35}},{"start":{"line":34,"column":39},"end":{"line":34,"column":57}}],"line":34},"2":{"loc":{"start":{"line":37,"column":20},"end":{"line":37,"column":74}},"type":"if","locations":[{"start":{"line":37,"column":20},"end":{"line":37,"column":74}},{"start":{"line":37,"column":20},"end":{"line":37,"column":74}}],"line":37}},"s":{"0":0,"1":0,"2":0,"3":0,"4":0,"5":0,"6":0,"7":0,"8":0,"9":0,"10":0},"f":{"0":0,"1":0,"2":0,"3":0,"4":0},"b":{"0":[0,0],"1":[0,0],"2":[0,0]},"hash":"40d008fa63c2dd0a83d6c8bb569c93b94814102d"},"C:\\Users\\amajain3\\Documents\\atomic-react-components\\lib\\components\\molecules\\Form\\FieldTextarea\\index.js":{"path":"C:\\Users\\amajain3\\Documents\\atomic-react-components\\lib\\components\\molecules\\Form\\FieldTextarea\\index.js","statementMap":{},"fnMap":{},"branchMap":{},"s":{},"f":{},"b":{},"hash":"e34e96f532aaa3976f9ac5063deaab70eabdb09d"},"C:\\Users\\amajain3\\Documents\\atomic-react-components\\lib\\components\\molecules\\Tabs\\types\\index.js":{"path":"C:\\Users\\amajain3\\Documents\\atomic-react-components\\lib\\components\\molecules\\Tabs\\types\\index.js","statementMap":{},"fnMap":{},"branchMap":{},"s":{},"f":{},"b":{},"hash":"69fe34562199a133a21379379d5d44937bbc7ab1"},"C:\\Users\\amajain3\\Documents\\atomic-react-components\\lib\\components\\molecules\\Form\\FieldTextarea\\FieldTextarea.js":{"path":"C:\\Users\\amajain3\\Documents\\atomic-react-components\\lib\\components\\molecules\\Form\\FieldTextarea\\FieldTextarea.js","statementMap":{"0":{"start":{"line":23,"column":22},"end":{"line":53,"column":1}},"1":{"start":{"line":32,"column":2},"end":{"line":52,"column":8}},"2":{"start":{"line":38,"column":33},"end":{"line":38,"column":37}},"3":{"start":{"line":39,"column":8},"end":{"line":48,"column":10}},"4":{"start":{"line":44,"column":14},"end":{"line":44,"column":30}},"5":{"start":{"line":45,"column":14},"end":{"line":45,"column":68}},"6":{"start":{"line":45,"column":50},"end":{"line":45,"column":68}},"7":{"start":{"line":55,"column":0},"end":{"line":60,"column":2}}},"fnMap":{"0":{"name":"(anonymous_0)","decl":{"start":{"line":23,"column":22},"end":{"line":23,"column":23}},"loc":{"start":{"line":32,"column":2},"end":{"line":52,"column":8}},"line":32},"1":{"name":"(anonymous_1)","decl":{"start":{"line":37,"column":7},"end":{"line":37,"column":8}},"loc":{"start":{"line":37,"column":28},"end":{"line":49,"column":7}},"line":37},"2":{"name":"(anonymous_2)","decl":{"start":{"line":43,"column":22},"end":{"line":43,"column":23}},"loc":{"start":{"line":43,"column":27},"end":{"line":46,"column":13}},"line":43}},"branchMap":{"0":{"loc":{"start":{"line":45,"column":14},"end":{"line":45,"column":68}},"type":"if","locations":[{"start":{"line":45,"column":14},"end":{"line":45,"column":68}},{"start":{"line":45,"column":14},"end":{"line":45,"column":68}}],"line":45}},"s":{"0":0,"1":0,"2":0,"3":0,"4":0,"5":0,"6":0,"7":0},"f":{"0":0,"1":0,"2":0},"b":{"0":[0,0]},"hash":"67d9a676e2eb5fb9124207002a8acf1677d6778c"}}}