{"numFailedTestSuites":1,"numFailedTests":1,"numPassedTestSuites":51,"numPassedTests":207,"numPendingTestSuites":0,"numPendingTests":29,"numRuntimeErrorTestSuites":0,"numTodoTests":0,"numTotalTestSuites":52,"numTotalTests":237,"openHandles":[],"snapshot":{"added":0,"didUpdate":true,"failure":false,"filesAdded":0,"filesRemoved":0,"filesRemovedList":[],"filesUnmatched":0,"filesUpdated":3,"matched":53,"total":57,"unchecked":0,"uncheckedKeysByFile":[],"unmatched":0,"updated":4},"startTime":1586005073179,"success":false,"testResults":[{"assertionResults":[{"ancestorTitles":["Select Styled component"],"failureMessages":[],"fullName":"Select Styled component should render correctly","location":null,"status":"passed","title":"should render correctly"}],"endTime":1586005115314,"message":"","name":"C:\\Users\\anksaini1\\Documents\\projects\\atomic-react-components\\lib\\components\\atoms\\Textarea\\tests\\Textarea.style.test.js","startTime":1586005087838,"status":"passed","summary":""},{"assertionResults":[{"ancestorTitles":["FieldInput Component"],"failureMessages":[],"fullName":"FieldInput Component should render correctly","location":null,"status":"passed","title":"should render correctly"},{"ancestorTitles":["FieldInput Component"],"failureMessages":[],"fullName":"FieldInput Component should render button with type = \"button\".","location":null,"status":"pending","title":"should render button with type = \"button\"."},{"ancestorTitles":["FieldInput Component"],"failureMessages":[],"fullName":"FieldInput Component should render 1st button with theme prop type, tertiary","location":null,"status":"passed","title":"should render 1st button with theme prop type, tertiary"},{"ancestorTitles":["FieldInput Component"],"failureMessages":[],"fullName":"FieldInput Component should render 2nd button with theme prop type, primary","location":null,"status":"passed","title":"should render 2nd button with theme prop type, primary"},{"ancestorTitles":["FieldInput Component"],"failureMessages":[],"fullName":"FieldInput Component should match the button text rendered","location":null,"status":"passed","title":"should match the button text rendered"},{"ancestorTitles":["FieldInput Component"],"failureMessages":[],"fullName":"FieldInput Component should match the button text rendered for second button","location":null,"status":"passed","title":"should match the button text rendered for second button"},{"ancestorTitles":["FieldInput Component"],"failureMessages":[],"fullName":"FieldInput Component should match the label rendered correctly.","location":null,"status":"passed","title":"should match the label rendered correctly."},{"ancestorTitles":["FieldInput Component"],"failureMessages":[],"fullName":"FieldInput Component should match the input rendered correctly.","location":null,"status":"passed","title":"should match the input rendered correctly."},{"ancestorTitles":["FieldInput Component"],"failureMessages":[],"fullName":"FieldInput Component should match the input rendered correctly on change event simulation.","location":null,"status":"pending","title":"should match the input rendered correctly on change event simulation."},{"ancestorTitles":["FieldInput Component"],"failureMessages":[],"fullName":"FieldInput Component should match the input rendered correctly on blur event simulation.","location":null,"status":"passed","title":"should match the input rendered correctly on blur event simulation."}],"endTime":1586005117636,"message":"","name":"C:\\Users\\anksaini1\\Documents\\projects\\atomic-react-components\\lib\\components\\molecules\\Form\\FieldFileInput\\tests\\FieldFileInput.test.js","startTime":1586005087831,"status":"passed","summary":""},{"assertionResults":[{"ancestorTitles":["<HeroBanner />"],"failureMessages":[],"fullName":"<HeroBanner /> should render correctly","location":null,"status":"passed","title":"should render correctly"},{"ancestorTitles":["<HeroBanner />"],"failureMessages":[],"fullName":"<HeroBanner /> should render a div","location":null,"status":"passed","title":"should render a div"},{"ancestorTitles":["<HeroBanner />"],"failureMessages":[],"fullName":"<HeroBanner /> should render a header","location":null,"status":"passed","title":"should render a header"},{"ancestorTitles":["<HeroBanner />"],"failureMessages":[],"fullName":"<HeroBanner /> should render a header with role as banner","location":null,"status":"passed","title":"should render a header with role as banner"},{"ancestorTitles":["<HeroBanner />"],"failureMessages":[],"fullName":"<HeroBanner /> should render Hero Image","location":null,"status":"pending","title":"should render Hero Image"},{"ancestorTitles":["<HeroBanner />"],"failureMessages":[],"fullName":"<HeroBanner /> should render children","location":null,"status":"pending","title":"should render children"}],"endTime":1586005119073,"message":"","name":"C:\\Users\\anksaini1\\Documents\\projects\\atomic-react-components\\lib\\components\\molecules\\HeroBanner\\tests\\HeroBanner.test.js","startTime":1586005115755,"status":"passed","summary":""},{"assertionResults":[{"ancestorTitles":["<FieldToggle />"],"failureMessages":[],"fullName":"<FieldToggle /> should render correctly","location":null,"status":"passed","title":"should render correctly"},{"ancestorTitles":["<FieldToggle />"],"failureMessages":[],"fullName":"<FieldToggle /> should render label correctly","location":null,"status":"passed","title":"should render label correctly"},{"ancestorTitles":["<FieldToggle />"],"failureMessages":[],"fullName":"<FieldToggle /> should render label with Value correctly","location":null,"status":"passed","title":"should render label with Value correctly"},{"ancestorTitles":["<FieldToggle />"],"failureMessages":[],"fullName":"<FieldToggle /> should render input correctly","location":null,"status":"passed","title":"should render input correctly"},{"ancestorTitles":["<FieldToggle />"],"failureMessages":[],"fullName":"<FieldToggle /> should render disabled input","location":null,"status":"passed","title":"should render disabled input"},{"ancestorTitles":["<FieldToggle />"],"failureMessages":[],"fullName":"<FieldToggle /> should tigger click event with toggle Value","location":null,"status":"passed","title":"should tigger click event with toggle Value"},{"ancestorTitles":["<FieldToggle />"],"failureMessages":[],"fullName":"<FieldToggle /> should render Indicator On","location":null,"status":"passed","title":"should render Indicator On"},{"ancestorTitles":["<FieldToggle />"],"failureMessages":[],"fullName":"<FieldToggle /> should tigger a handleToggleCallback function","location":null,"status":"passed","title":"should tigger a handleToggleCallback function"}],"endTime":1586005124067,"message":"","name":"C:\\Users\\anksaini1\\Documents\\projects\\atomic-react-components\\lib\\components\\molecules\\Form\\FieldToggle\\tests\\FieldToggle.test.js","startTime":1586005087831,"status":"passed","summary":""},{"assertionResults":[{"ancestorTitles":["<Carousel />"],"failureMessages":[],"fullName":"<Carousel /> should render correctly","location":null,"status":"passed","title":"should render correctly"},{"ancestorTitles":["<Carousel />"],"failureMessages":[],"fullName":"<Carousel /> should have slider wrapper as one child only","location":null,"status":"passed","title":"should have slider wrapper as one child only"},{"ancestorTitles":["<Carousel />"],"failureMessages":[],"fullName":"<Carousel /> Children should have first slide as active initially","location":null,"status":"passed","title":"Children should have first slide as active initially"},{"ancestorTitles":["<Carousel />"],"failureMessages":[],"fullName":"<Carousel /> Should display dots on using <Carousel.Dots> component only","location":null,"status":"passed","title":"Should display dots on using <Carousel.Dots> component only"},{"ancestorTitles":["<Carousel />"],"failureMessages":[],"fullName":"<Carousel /> Should change slide on click dots","location":null,"status":"passed","title":"Should change slide on click dots"},{"ancestorTitles":["<Carousel />"],"failureMessages":[],"fullName":"<Carousel /> Should active next slide on click next","location":null,"status":"passed","title":"Should active next slide on click next"},{"ancestorTitles":["<Carousel />"],"failureMessages":[],"fullName":"<Carousel /> Should active previous slide on key press right arrow","location":null,"status":"passed","title":"Should active previous slide on key press right arrow"},{"ancestorTitles":["<Carousel />"],"failureMessages":[],"fullName":"<Carousel /> Should active previous slide on click previous","location":null,"status":"passed","title":"Should active previous slide on click previous"},{"ancestorTitles":["<Carousel />"],"failureMessages":[],"fullName":"<Carousel /> Should active previous slide on key press left","location":null,"status":"passed","title":"Should active previous slide on key press left"},{"ancestorTitles":["<Carousel />"],"failureMessages":[],"fullName":"<Carousel /> Should display controls extract from Component","location":null,"status":"passed","title":"Should display controls extract from Component"},{"ancestorTitles":["<Carousel />"],"failureMessages":[],"fullName":"<Carousel /> Should be responsive","location":null,"status":"passed","title":"Should be responsive"},{"ancestorTitles":["<Carousel />"],"failureMessages":[],"fullName":"<Carousel /> Should render Controls with Controls Component","location":null,"status":"passed","title":"Should render Controls with Controls Component"},{"ancestorTitles":["<Carousel />"],"failureMessages":[],"fullName":"<Carousel /> Should render Animation Controls","location":null,"status":"passed","title":"Should render Animation Controls"},{"ancestorTitles":["<Carousel />"],"failureMessages":[],"fullName":"<Carousel /> Should render pause after click play animation controls","location":null,"status":"passed","title":"Should render pause after click play animation controls"},{"ancestorTitles":["<Carousel />"],"failureMessages":[],"fullName":"<Carousel /> Should autoplay","location":null,"status":"passed","title":"Should autoplay"},{"ancestorTitles":["<Carousel />"],"failureMessages":[],"fullName":"<Carousel /> Should stop animation on mouse enter","location":null,"status":"passed","title":"Should stop animation on mouse enter"}],"endTime":1586005124304,"message":"","name":"C:\\Users\\anksaini1\\Documents\\projects\\atomic-react-components\\lib\\components\\molecules\\Carousel\\tests\\Carousel.test.js","startTime":1586005119787,"status":"passed","summary":""},{"assertionResults":[{"ancestorTitles":["Form Component"],"failureMessages":[],"fullName":"Form Component should render form correctly","location":null,"status":"passed","title":"should render form correctly"},{"ancestorTitles":["Form Component"],"failureMessages":[],"fullName":"Form Component should render form field with yupValidationSchema","location":null,"status":"passed","title":"should render form field with yupValidationSchema"},{"ancestorTitles":["Form Component"],"failureMessages":[],"fullName":"Form Component should render form field with no validation","location":null,"status":"passed","title":"should render form field with no validation"},{"ancestorTitles":["Form Component"],"failureMessages":[],"fullName":"Form Component getSchema should return null if no params are passed","location":null,"status":"passed","title":"getSchema should return null if no params are passed"}],"endTime":1586005124912,"message":"","name":"C:\\Users\\anksaini1\\Documents\\projects\\atomic-react-components\\lib\\components\\molecules\\Form\\tests\\Form.test.js","startTime":1586005087840,"status":"passed","summary":""},{"assertionResults":[{"ancestorTitles":["FieldTextarea Component"],"failureMessages":[],"fullName":"FieldTextarea Component should render correctly","location":null,"status":"passed","title":"should render correctly"},{"ancestorTitles":["FieldTextarea Component"],"failureMessages":[],"fullName":"FieldTextarea Component should render label correctly","location":null,"status":"passed","title":"should render label correctly"},{"ancestorTitles":["FieldTextarea Component"],"failureMessages":[],"fullName":"FieldTextarea Component should render textarea tag","location":null,"status":"passed","title":"should render textarea tag"}],"endTime":1586005124938,"message":"","name":"C:\\Users\\anksaini1\\Documents\\projects\\atomic-react-components\\lib\\components\\molecules\\Form\\FieldTextarea\\tests\\FieldTextarea.test.js","startTime":1586005087833,"status":"passed","summary":""},{"assertionResults":[{"ancestorTitles":["FieldInput Component"],"failureMessages":[],"fullName":"FieldInput Component should render correctly","location":null,"status":"passed","title":"should render correctly"},{"ancestorTitles":["FieldInput Component"],"failureMessages":[],"fullName":"FieldInput Component should render label correctly","location":null,"status":"passed","title":"should render label correctly"},{"ancestorTitles":["FieldInput Component"],"failureMessages":[],"fullName":"FieldInput Component should render Input component with proper type","location":null,"status":"passed","title":"should render Input component with proper type"}],"endTime":1586005125015,"message":"","name":"C:\\Users\\anksaini1\\Documents\\projects\\atomic-react-components\\lib\\components\\molecules\\Form\\FieldInput\\tests\\FieldInput.test.js","startTime":1586005087831,"status":"passed","summary":""},{"assertionResults":[{"ancestorTitles":["DDFieldInput Component"],"failureMessages":[],"fullName":"DDFieldInput Component should render correctly","location":null,"status":"passed","title":"should render correctly"},{"ancestorTitles":["DDFieldInput Component"],"failureMessages":[],"fullName":"DDFieldInput Component should render Input component with proper type for multiple file upload.","location":null,"status":"passed","title":"should render Input component with proper type for multiple file upload."},{"ancestorTitles":["DDFieldInput Component"],"failureMessages":[],"fullName":"DDFieldInput Component should render the component with prop correctly","location":null,"status":"passed","title":"should render the component with prop correctly"},{"ancestorTitles":["DDFieldInput Component"],"failureMessages":[],"fullName":"DDFieldInput Component should match the input rendered correctly on change event simulation.","location":null,"status":"pending","title":"should match the input rendered correctly on change event simulation."},{"ancestorTitles":["DDFieldInput Component"],"failureMessages":[],"fullName":"DDFieldInput Component should match the input rendered correctly on blur event simulation.","location":null,"status":"passed","title":"should match the input rendered correctly on blur event simulation."},{"ancestorTitles":["testing the custom hook methods for drag and drop"],"failureMessages":[],"fullName":"testing the custom hook methods for drag and drop should simulate file upload and return array","location":null,"status":"passed","title":"should simulate file upload and return array"},{"ancestorTitles":["testing the custom hook methods for drag and drop"],"failureMessages":[],"fullName":"testing the custom hook methods for drag and drop should make highlight as true on drag over as mouse enters draggable area","location":null,"status":"passed","title":"should make highlight as true on drag over as mouse enters draggable area"},{"ancestorTitles":["testing the custom hook methods for drag and drop"],"failureMessages":[],"fullName":"testing the custom hook methods for drag and drop should make highlight as false on drag leave as mouse leaves draggable area","location":null,"status":"passed","title":"should make highlight as false on drag leave as mouse leaves draggable area"},{"ancestorTitles":["testing the custom hook methods for drag and drop"],"failureMessages":[],"fullName":"testing the custom hook methods for drag and drop should test the files addition handler when file(s) are uploaded.","location":null,"status":"passed","title":"should test the files addition handler when file(s) are uploaded."},{"ancestorTitles":["testing the custom hook methods for drag and drop"],"failureMessages":[],"fullName":"testing the custom hook methods for drag and drop should apply highlight when cursor moves draggable area.","location":null,"status":"passed","title":"should apply highlight when cursor moves draggable area."},{"ancestorTitles":["testing the custom hook methods for drag and drop"],"failureMessages":[],"fullName":"testing the custom hook methods for drag and drop should apply highlight when cursor moves draggable area.","location":null,"status":"passed","title":"should apply highlight when cursor moves draggable area."}],"endTime":1586005125319,"message":"","name":"C:\\Users\\anksaini1\\Documents\\projects\\atomic-react-components\\lib\\components\\molecules\\Form\\DragDropInput\\tests\\DragDropInput.test.js","startTime":1586005087835,"status":"passed","summary":""},{"assertionResults":[{"ancestorTitles":["<Toast />"],"failureMessages":[],"fullName":"<Toast /> <Toast />should render correctly","location":null,"status":"passed","title":"<Toast />should render correctly"},{"ancestorTitles":["<Toast /> Component"],"failureMessages":[],"fullName":"<Toast /> Component is rendering root div,if isVisible prop is true ","location":null,"status":"passed","title":"is rendering root div,if isVisible prop is true "},{"ancestorTitles":["<Toast /> Component"],"failureMessages":[],"fullName":"<Toast /> Component not rendering root div,if isVisible prop is false","location":null,"status":"passed","title":"not rendering root div,if isVisible prop is false"},{"ancestorTitles":["<Toast /> Component"],"failureMessages":[],"fullName":"<Toast /> Component is rendering all necessary elements rendered if isVisible prop is true","location":null,"status":"pending","title":"is rendering all necessary elements rendered if isVisible prop is true"},{"ancestorTitles":["<Toast /> Component"],"failureMessages":[],"fullName":"<Toast /> Component is rendering ProgressBar if autoDismissTimeout is set as 0","location":null,"status":"passed","title":"is rendering ProgressBar if autoDismissTimeout is set as 0"},{"ancestorTitles":["<Toast /> Component"],"failureMessages":[],"fullName":"<Toast /> Component is rendering ProgressBar if autoDismissTimeout is set as 3000","location":null,"status":"passed","title":"is rendering ProgressBar if autoDismissTimeout is set as 3000"},{"ancestorTitles":["<Toast /> Component"],"failureMessages":[],"fullName":"<Toast /> Component is rendering children ","location":null,"status":"passed","title":"is rendering children "},{"ancestorTitles":["<Toast /> Component is checking effects on"],"failureMessages":[],"fullName":"<Toast /> Component is checking effects on onClick event, should dismiss the toast when clicking  on click of X button click","location":null,"status":"passed","title":"onClick event, should dismiss the toast when clicking  on click of X button click"},{"ancestorTitles":["<Toast /> component useeffect hook for autodismiss"],"failureMessages":[],"fullName":"<Toast /> component useeffect hook for autodismiss autodismiss after timeout","location":null,"status":"passed","title":"autodismiss after timeout"}],"endTime":1586005125594,"message":"","name":"C:\\Users\\anksaini1\\Documents\\projects\\atomic-react-components\\lib\\components\\molecules\\Toast\\tests\\Toast.test.js","startTime":1586005118000,"status":"passed","summary":""},{"assertionResults":[{"ancestorTitles":["<Pagination />"],"failureMessages":[],"fullName":"<Pagination /> should render correctly","location":null,"status":"passed","title":"should render correctly"},{"ancestorTitles":["<Pagination />"],"failureMessages":[],"fullName":"<Pagination /> should render `.pagination` component","location":null,"status":"passed","title":"should render `.pagination` component"},{"ancestorTitles":["<Pagination />"],"failureMessages":[],"fullName":"<Pagination /> should render an `.last`","location":null,"status":"passed","title":"should render an `.last`"},{"ancestorTitles":["<Pagination />"],"failureMessages":[],"fullName":"<Pagination /> should render a `firstLabel`","location":null,"status":"passed","title":"should render a `firstLabel`"},{"ancestorTitles":["<Pagination />"],"failureMessages":[],"fullName":"<Pagination /> should render a `lastLabel`","location":null,"status":"passed","title":"should render a `lastLabel`"},{"ancestorTitles":["<Pagination />"],"failureMessages":[],"fullName":"<Pagination /> should test click event on first button","location":null,"status":"passed","title":"should test click event on first button"},{"ancestorTitles":["<Pagination />"],"failureMessages":[],"fullName":"<Pagination /> should test click event on last button","location":null,"status":"pending","title":"should test click event on last button"}],"endTime":1586005127866,"message":"","name":"C:\\Users\\anksaini1\\Documents\\projects\\atomic-react-components\\lib\\components\\molecules\\Pagination\\tests\\Pagination.test.js","startTime":1586005125560,"status":"passed","summary":""},{"assertionResults":[{"ancestorTitles":["<QuoteMedia />"],"failureMessages":[],"fullName":"<QuoteMedia /> Should have component heading being displayed","location":null,"status":"passed","title":"Should have component heading being displayed"},{"ancestorTitles":["<QuoteMedia />"],"failureMessages":[],"fullName":"<QuoteMedia /> Should allow quote component passing","location":null,"status":"passed","title":"Should allow quote component passing"},{"ancestorTitles":["<QuoteMedia />"],"failureMessages":[],"fullName":"<QuoteMedia /> Should render media Image in component body","location":null,"status":"passed","title":"Should render media Image in component body"},{"ancestorTitles":["<QuoteMedia />"],"failureMessages":[],"fullName":"<QuoteMedia /> Should render correctly","location":null,"status":"passed","title":"Should render correctly"}],"endTime":1586005127924,"message":"","name":"C:\\Users\\anksaini1\\Documents\\projects\\atomic-react-components\\lib\\components\\molecules\\QuoteMedia\\tests\\QuoteMedia.test.js","startTime":1586005124889,"status":"passed","summary":""},{"assertionResults":[{"ancestorTitles":["<ProgressIndicator />"],"failureMessages":[],"fullName":"<ProgressIndicator /> should render correctly","location":null,"status":"passed","title":"should render correctly"},{"ancestorTitles":["<ProgressIndicator/> Component","should render"],"failureMessages":[],"fullName":"<ProgressIndicator/> Component should render <ProgressIndicator/> Component correctly","location":null,"status":"passed","title":"<ProgressIndicator/> Component correctly"},{"ancestorTitles":["<ProgressIndicator/> Component","should render"],"failureMessages":[],"fullName":"<ProgressIndicator/> Component should render all necessary elements correctly","location":null,"status":"passed","title":"all necessary elements correctly"},{"ancestorTitles":["<ProgressIndicator/> Component","if Variation is equal to `Bar`, <ProgressIndicator/> Component should"],"failureMessages":[],"fullName":"<ProgressIndicator/> Component if Variation is equal to `Bar`, <ProgressIndicator/> Component should render <li/> children","location":null,"status":"pending","title":"render <li/> children"},{"ancestorTitles":["<ProgressIndicator/> Component","if Variation is equal to `Bar`, <ProgressIndicator/> Component should"],"failureMessages":[],"fullName":"<ProgressIndicator/> Component if Variation is equal to `Bar`, <ProgressIndicator/> Component should render Progress Label Value","location":null,"status":"pending","title":"render Progress Label Value"},{"ancestorTitles":["<ProgressIndicator/> Component","if Variation is equal to `Bar`, <ProgressIndicator/> Component should"],"failureMessages":[],"fullName":"<ProgressIndicator/> Component if Variation is equal to `Bar`, <ProgressIndicator/> Component should calculate inactive children or Steps","location":null,"status":"pending","title":"calculate inactive children or Steps"},{"ancestorTitles":["<ProgressIndicator/> Component","if Variation is equal to `Bar`, <ProgressIndicator/> Component should"],"failureMessages":[],"fullName":"<ProgressIndicator/> Component if Variation is equal to `Bar`, <ProgressIndicator/> Component should calculate completed children or Steps","location":null,"status":"pending","title":"calculate completed children or Steps"},{"ancestorTitles":["<ProgressIndicator/> Component","if Variation is equal to `Bar`, <ProgressIndicator/> Component should"],"failureMessages":[],"fullName":"<ProgressIndicator/> Component if Variation is equal to `Bar`, <ProgressIndicator/> Component should calculate active children or Steps","location":null,"status":"pending","title":"calculate active children or Steps"},{"ancestorTitles":["<ProgressIndicator/> Component","if Variation is equal to `Step`, <ProgressIndicator/> Component should"],"failureMessages":[],"fullName":"<ProgressIndicator/> Component if Variation is equal to `Step`, <ProgressIndicator/> Component should render <li/> children","location":null,"status":"passed","title":"render <li/> children"},{"ancestorTitles":["<ProgressIndicator/> Component","if Variation is equal to `Step`, <ProgressIndicator/> Component should"],"failureMessages":[],"fullName":"<ProgressIndicator/> Component if Variation is equal to `Step`, <ProgressIndicator/> Component should not render Progress Label Value","location":null,"status":"passed","title":"not render Progress Label Value"}],"endTime":1586005128143,"message":"","name":"C:\\Users\\anksaini1\\Documents\\projects\\atomic-react-components\\lib\\components\\molecules\\ProgressIndicator\\tests\\ProgressIndicator.test.js","startTime":1586005125773,"status":"passed","summary":""},{"assertionResults":[{"ancestorTitles":["<Video />"],"failureMessages":[],"fullName":"<Video /> should have video tag","location":null,"status":"passed","title":"should have video tag"},{"ancestorTitles":["<Video />"],"failureMessages":[],"fullName":"<Video /> should have source tag in video","location":null,"status":"passed","title":"should have source tag in video"},{"ancestorTitles":["<Video />"],"failureMessages":[],"fullName":"<Video /> should have src attribute in source tag","location":null,"status":"passed","title":"should have src attribute in source tag"},{"ancestorTitles":["<Video />"],"failureMessages":[],"fullName":"<Video /> should not be autoplay","location":null,"status":"passed","title":"should not be autoplay"},{"ancestorTitles":["<Video />"],"failureMessages":[],"fullName":"<Video /> should not have track element only should have Track component","location":null,"status":"passed","title":"should not have track element only should have Track component"},{"ancestorTitles":["<Video />"],"failureMessages":[],"fullName":"<Video /> should have children","location":null,"status":"passed","title":"should have children"},{"ancestorTitles":["<Video />"],"failureMessages":[],"fullName":"<Video /> track component without data","location":null,"status":"passed","title":"track component without data"},{"ancestorTitles":["<Video />"],"failureMessages":[],"fullName":"<Video /> should render correctly","location":null,"status":"passed","title":"should render correctly"}],"endTime":1586005128146,"message":"","name":"C:\\Users\\anksaini1\\Documents\\projects\\atomic-react-components\\lib\\components\\atoms\\Video\\tests\\Video.test.js","startTime":1586005125448,"status":"passed","summary":""},{"assertionResults":[{"ancestorTitles":["<Tag />"],"failureMessages":[],"fullName":"<Tag /> should render correctly","location":null,"status":"passed","title":"should render correctly"},{"ancestorTitles":["<Tag />"],"failureMessages":[],"fullName":"<Tag /> should render provided text","location":null,"status":"passed","title":"should render provided text"},{"ancestorTitles":["<Tag />"],"failureMessages":[],"fullName":"<Tag /> should control remove button availability through prop","location":null,"status":"pending","title":"should control remove button availability through prop"},{"ancestorTitles":["<Tag />"],"failureMessages":[],"fullName":"<Tag /> should call parent method on remove if available","location":null,"status":"pending","title":"should call parent method on remove if available"}],"endTime":1586005128646,"message":"","name":"C:\\Users\\anksaini1\\Documents\\projects\\atomic-react-components\\lib\\components\\atoms\\Tag\\tests\\Tag.test.js","startTime":1586005126599,"status":"passed","summary":""},{"assertionResults":[{"ancestorTitles":["Test Suite 1: Check for component and it's child rendered correctly."],"failureMessages":[],"fullName":"Test Suite 1: Check for component and it's child rendered correctly. should render wrapper correctly for snapshot matching.","location":null,"status":"passed","title":"should render wrapper correctly for snapshot matching."},{"ancestorTitles":["Test Suite 1: Check for component and it's child rendered correctly."],"failureMessages":[],"fullName":"Test Suite 1: Check for component and it's child rendered correctly. Cookie Disclaimer component rendered correctly.","location":null,"status":"passed","title":"Cookie Disclaimer component rendered correctly."},{"ancestorTitles":["Test Suite 1: Check for component and it's child rendered correctly."],"failureMessages":[],"fullName":"Test Suite 1: Check for component and it's child rendered correctly. should render two buttons for accepting and rejecting the consent","location":null,"status":"pending","title":"should render two buttons for accepting and rejecting the consent"},{"ancestorTitles":["Test Suite 2: Check for component and it's child for default props correctly."],"failureMessages":[],"fullName":"Test Suite 2: Check for component and it's child for default props correctly. Button props for button types to be rendered.","location":null,"status":"pending","title":"Button props for button types to be rendered."},{"ancestorTitles":["Test Suite 2: Check for component and it's child for default props correctly."],"failureMessages":[],"fullName":"Test Suite 2: Check for component and it's child for default props correctly. Button props for button types to be rendered.","location":null,"status":"pending","title":"Button props for button types to be rendered."},{"ancestorTitles":["Test Suite 3: testing styled component - HOC"],"failureMessages":[],"fullName":"Test Suite 3: testing styled component - HOC should rendered the component properly when styles are being applied.","location":null,"status":"passed","title":"should rendered the component properly when styles are being applied."},{"ancestorTitles":["Test Suite 4: testing functional behaviour of the cookie disclaimer."],"failureMessages":[],"fullName":"Test Suite 4: testing functional behaviour of the cookie disclaimer. setting the isVisible variable to false","location":null,"status":"passed","title":"setting the isVisible variable to false"},{"ancestorTitles":["Test Suite 4: testing functional behaviour of the cookie disclaimer."],"failureMessages":[],"fullName":"Test Suite 4: testing functional behaviour of the cookie disclaimer. accepting the consent and dropping the cookie.","location":null,"status":"passed","title":"accepting the consent and dropping the cookie."},{"ancestorTitles":["Test Suite 4: testing functional behaviour of the cookie disclaimer."],"failureMessages":[],"fullName":"Test Suite 4: testing functional behaviour of the cookie disclaimer. rejecting the consent and dropping the cookie.","location":null,"status":"passed","title":"rejecting the consent and dropping the cookie."},{"ancestorTitles":["Test Suite 4: testing functional behaviour of the cookie disclaimer."],"failureMessages":[],"fullName":"Test Suite 4: testing functional behaviour of the cookie disclaimer. getting the disclaimer state for rendering cookie disclaimer.","location":null,"status":"passed","title":"getting the disclaimer state for rendering cookie disclaimer."},{"ancestorTitles":["Test Suite 4: testing functional behaviour of the cookie disclaimer."],"failureMessages":[],"fullName":"Test Suite 4: testing functional behaviour of the cookie disclaimer. Accept Button click simulation","location":null,"status":"pending","title":"Accept Button click simulation"},{"ancestorTitles":["Test Suite 4: testing functional behaviour of the cookie disclaimer."],"failureMessages":[],"fullName":"Test Suite 4: testing functional behaviour of the cookie disclaimer. Reject Button click simulation","location":null,"status":"pending","title":"Reject Button click simulation"}],"endTime":1586005128716,"message":"","name":"C:\\Users\\anksaini1\\Documents\\projects\\atomic-react-components\\lib\\components\\molecules\\CookieDisclaimer\\tests\\CookieDisclaimer.test.js","startTime":1586005124444,"status":"passed","summary":""},{"assertionResults":[{"ancestorTitles":["<ArticleThumbnail />"],"failureMessages":[],"fullName":"<ArticleThumbnail /> should render correctly with Readmore","location":null,"status":"passed","title":"should render correctly with Readmore"},{"ancestorTitles":["<ArticleThumbnail />"],"failureMessages":[],"fullName":"<ArticleThumbnail /> should render correctly with full clickable thumb","location":null,"status":"passed","title":"should render correctly with full clickable thumb"}],"endTime":1586005131342,"message":"","name":"C:\\Users\\anksaini1\\Documents\\projects\\atomic-react-components\\lib\\components\\molecules\\ArticleThumbnail\\tests\\ArticleThumbnail.test.js","startTime":1586005129009,"status":"passed","summary":""},{"assertionResults":[{"ancestorTitles":["<Typeahead />"],"failureMessages":[],"fullName":"<Typeahead /> should render correctly","location":null,"status":"passed","title":"should render correctly"},{"ancestorTitles":["<Typeahead />"],"failureMessages":[],"fullName":"<Typeahead /> should render .typeahead-component correctly","location":null,"status":"passed","title":"should render .typeahead-component correctly"},{"ancestorTitles":["<Typeahead />"],"failureMessages":[],"fullName":"<Typeahead /> should render label correctly","location":null,"status":"passed","title":"should render label correctly"},{"ancestorTitles":["<Typeahead />"],"failureMessages":[],"fullName":"<Typeahead /> should render input correctly","location":null,"status":"pending","title":"should render input correctly"},{"ancestorTitles":["<Typeahead />"],"failureMessages":[],"fullName":"<Typeahead /> should render search type input correctly","location":null,"status":"passed","title":"should render search type input correctly"},{"ancestorTitles":["<Typeahead />"],"failureMessages":[],"fullName":"<Typeahead /> should not render List by default","location":null,"status":"passed","title":"should not render List by default"},{"ancestorTitles":["<Typeahead />"],"failureMessages":[],"fullName":"<Typeahead /> should render onchange event","location":null,"status":"pending","title":"should render onchange event"},{"ancestorTitles":["<Typeahead />"],"failureMessages":[],"fullName":"<Typeahead /> should render input only 1s","location":null,"status":"pending","title":"should render input only 1s"},{"ancestorTitles":["<Typeahead />"],"failureMessages":[],"fullName":"<Typeahead /> should render label only 1s","location":null,"status":"passed","title":"should render label only 1s"},{"ancestorTitles":["<Typeahead />"],"failureMessages":[],"fullName":"<Typeahead /> should not render list item","location":null,"status":"passed","title":"should not render list item"},{"ancestorTitles":["<Typeahead />"],"failureMessages":[],"fullName":"<Typeahead /> should show list","location":null,"status":"pending","title":"should show list"},{"ancestorTitles":["<Typeahead />"],"failureMessages":[],"fullName":"<Typeahead /> should return single list item","location":null,"status":"pending","title":"should return single list item"},{"ancestorTitles":["<Typeahead />"],"failureMessages":[],"fullName":"<Typeahead /> should select particular list item by click","location":null,"status":"pending","title":"should select particular list item by click"},{"ancestorTitles":["<Typeahead />"],"failureMessages":[],"fullName":"<Typeahead /> should render span with id `initInstr`","location":null,"status":"passed","title":"should render span with id `initInstr`"},{"ancestorTitles":["<Typeahead />"],"failureMessages":[],"fullName":"<Typeahead /> should render the input with `aria-autocomplete`","location":null,"status":"passed","title":"should render the input with `aria-autocomplete`"},{"ancestorTitles":["<Typeahead />"],"failureMessages":[],"fullName":"<Typeahead /> should render the input with `aria-activedescendant`","location":null,"status":"passed","title":"should render the input with `aria-activedescendant`"},{"ancestorTitles":["<Typeahead />"],"failureMessages":[],"fullName":"<Typeahead /> should render the input with `aria-describedby`","location":null,"status":"passed","title":"should render the input with `aria-describedby`"},{"ancestorTitles":["<Typeahead />"],"failureMessages":[],"fullName":"<Typeahead /> should render the list items with `role=\"option\"`","location":null,"status":"pending","title":"should render the list items with `role=\"option\"`"},{"ancestorTitles":["<Typeahead />"],"failureMessages":[],"fullName":"<Typeahead /> should render the list items with `aria-selected`","location":null,"status":"pending","title":"should render the list items with `aria-selected`"},{"ancestorTitles":["<Typeahead />"],"failureMessages":[],"fullName":"<Typeahead /> should render the list items with `id=\"selectedOption\"`","location":null,"status":"pending","title":"should render the list items with `id=\"selectedOption\"`"},{"ancestorTitles":["<Typeahead />"],"failureMessages":[],"fullName":"<Typeahead /> should render the list items with `id=\"selectedOption\"`","location":null,"status":"pending","title":"should render the list items with `id=\"selectedOption\"`"}],"endTime":1586005131507,"message":"","name":"C:\\Users\\anksaini1\\Documents\\projects\\atomic-react-components\\lib\\components\\molecules\\Typeahead\\tests\\Typeahead.test.js","startTime":1586005126246,"status":"passed","summary":""},{"assertionResults":[{"ancestorTitles":["<Popover /> Rendering"],"failureMessages":[],"fullName":"<Popover /> Rendering should render correctly","location":null,"status":"passed","title":"should render correctly"},{"ancestorTitles":["Popover functional behavior"],"failureMessages":[],"fullName":"Popover functional behavior Should have Close Button By Default and can be closed","location":null,"status":"passed","title":"Should have Close Button By Default and can be closed"},{"ancestorTitles":["Popover functional behavior"],"failureMessages":[],"fullName":"Popover functional behavior Should open By Default when isVisible set to true","location":null,"status":"passed","title":"Should open By Default when isVisible set to true"},{"ancestorTitles":["Popover functional behavior"],"failureMessages":[],"fullName":"Popover functional behavior Should open and close on Trigger and X button click","location":null,"status":"passed","title":"Should open and close on Trigger and X button click"}],"endTime":1586005131568,"message":"","name":"C:\\Users\\anksaini1\\Documents\\projects\\atomic-react-components\\lib\\components\\molecules\\Popover\\tests\\Popover.test.js","startTime":1586005129592,"status":"passed","summary":""},{"assertionResults":[{"ancestorTitles":["Table"],"failureMessages":[],"fullName":"Table should render correctly","location":null,"status":"passed","title":"should render correctly"},{"ancestorTitles":["Table"],"failureMessages":[],"fullName":"Table should have table component","location":null,"status":"passed","title":"should have table component"},{"ancestorTitles":["Table"],"failureMessages":[],"fullName":"Table should have thead component","location":null,"status":"passed","title":"should have thead component"},{"ancestorTitles":["Table"],"failureMessages":[],"fullName":"Table should have tbody component","location":null,"status":"passed","title":"should have tbody component"},{"ancestorTitles":["Table"],"failureMessages":[],"fullName":"Table should have th is equal to number of columns","location":null,"status":"passed","title":"should have th is equal to number of columns"},{"ancestorTitles":["Table"],"failureMessages":[],"fullName":"Table should have tr is equal to number of data rows","location":null,"status":"passed","title":"should have tr is equal to number of data rows"},{"ancestorTitles":["Table"],"failureMessages":[],"fullName":"Table should loop through each row and check the content","location":null,"status":"passed","title":"should loop through each row and check the content"}],"endTime":1586005131807,"message":"","name":"C:\\Users\\anksaini1\\Documents\\projects\\atomic-react-components\\lib\\components\\molecules\\Table\\tests\\Table.test.js","startTime":1586005128863,"status":"passed","summary":""},{"assertionResults":[{"ancestorTitles":["Image Component"],"failureMessages":[],"fullName":"Image Component should render correctly and match snapshots","location":null,"status":"passed","title":"should render correctly and match snapshots"},{"ancestorTitles":["Image Component"],"failureMessages":[],"fullName":"Image Component should change image src on error","location":null,"status":"passed","title":"should change image src on error"},{"ancestorTitles":["Image Component"],"failureMessages":[],"fullName":"Image Component should check the data attribute of image","location":null,"status":"passed","title":"should check the data attribute of image"},{"ancestorTitles":["Image Component"],"failureMessages":[],"fullName":"Image Component should check the default locator of image","location":null,"status":"passed","title":"should check the default locator of image"}],"endTime":1586005132016,"message":"","name":"C:\\Users\\anksaini1\\Documents\\projects\\atomic-react-components\\lib\\components\\atoms\\Image\\tests\\Image.test.js","startTime":1586005130242,"status":"passed","summary":""},{"assertionResults":[{"ancestorTitles":["<Tabs />"],"failureMessages":[],"fullName":"<Tabs /> should render correctly","location":null,"status":"passed","title":"should render correctly"},{"ancestorTitles":["<Tabs /> functional behavior"],"failureMessages":[],"fullName":"<Tabs /> functional behavior should have minimum dom structure for the tests below","location":null,"status":"passed","title":"should have minimum dom structure for the tests below"},{"ancestorTitles":["<Tabs /> functional behavior"],"failureMessages":[],"fullName":"<Tabs /> functional behavior should change the tab panel and execute callback on closed tab click","location":null,"status":"passed","title":"should change the tab panel and execute callback on closed tab click"}],"endTime":1586005132173,"message":"","name":"C:\\Users\\anksaini1\\Documents\\projects\\atomic-react-components\\lib\\components\\molecules\\Tabs\\tests\\Tabs.test.js","startTime":1586005128397,"status":"passed","summary":""},{"assertionResults":[{"ancestorTitles":["<StickyBar />"],"failureMessages":[],"fullName":"<StickyBar /> should render the List Component","location":null,"status":"passed","title":"should render the List Component"},{"ancestorTitles":["<StickyBar />"],"failureMessages":[],"fullName":"<StickyBar /> should render correctly","location":null,"status":"passed","title":"should render correctly"}],"endTime":1586005133971,"message":"","name":"C:\\Users\\anksaini1\\Documents\\projects\\atomic-react-components\\lib\\components\\molecules\\StickyBar\\tests\\StickyBar.test.js","startTime":1586005131678,"status":"passed","summary":""},{"assertionResults":[{"ancestorTitles":["FieldError Component"],"failureMessages":[],"fullName":"FieldError Component should render correctly","location":null,"status":"passed","title":"should render correctly"},{"ancestorTitles":["FieldError Component"],"failureMessages":[],"fullName":"FieldError Component should check the element locator of field error","location":null,"status":"passed","title":"should check the element locator of field error"},{"ancestorTitles":["FieldError Component"],"failureMessages":[],"fullName":"FieldError Component should check the default slnid of field error","location":null,"status":"passed","title":"should check the default slnid of field error"}],"endTime":1586005134104,"message":"","name":"C:\\Users\\anksaini1\\Documents\\projects\\atomic-react-components\\lib\\components\\atoms\\FieldError\\tests\\FieldError.test.js","startTime":1586005132234,"status":"passed","summary":""},{"assertionResults":[{"ancestorTitles":["<Blockquote />"],"failureMessages":[],"fullName":"<Blockquote /> should render blockquote","location":null,"status":"passed","title":"should render blockquote"},{"ancestorTitles":["<Blockquote />"],"failureMessages":[],"fullName":"<Blockquote /> should render content","location":null,"status":"passed","title":"should render content"},{"ancestorTitles":["<Blockquote />"],"failureMessages":[],"fullName":"<Blockquote /> check quoteContent value passed in","location":null,"status":"passed","title":"check quoteContent value passed in"},{"ancestorTitles":["<Blockquote />"],"failureMessages":[],"fullName":"<Blockquote /> check quoteAuthor value passed in","location":null,"status":"passed","title":"check quoteAuthor value passed in"},{"ancestorTitles":["<Blockquote />"],"failureMessages":[],"fullName":"<Blockquote /> should render author name","location":null,"status":"passed","title":"should render author name"},{"ancestorTitles":["<Blockquote />"],"failureMessages":[],"fullName":"<Blockquote /> should render correctly","location":null,"status":"passed","title":"should render correctly"}],"endTime":1586005134212,"message":"","name":"C:\\Users\\anksaini1\\Documents\\projects\\atomic-react-components\\lib\\components\\molecules\\Blockquote\\tests\\Blockquote.test.js","startTime":1586005132385,"status":"passed","summary":""},{"assertionResults":[{"ancestorTitles":["Button"],"failureMessages":[],"fullName":"Button should render correctly","location":null,"status":"passed","title":"should render correctly"}],"endTime":1586005134280,"message":"","name":"C:\\Users\\anksaini1\\Documents\\projects\\atomic-react-components\\lib\\components\\atoms\\Button\\tests\\Button.style.test.js","startTime":1586005132490,"status":"passed","summary":""},{"assertionResults":[{"ancestorTitles":["Modal Component"],"failureMessages":[],"fullName":"Modal Component should render Modal correctly","location":null,"status":"passed","title":"should render Modal correctly"}],"endTime":1586005134328,"message":"","name":"C:\\Users\\anksaini1\\Documents\\projects\\atomic-react-components\\lib\\components\\molecules\\Modal\\tests\\Modal.test.js","startTime":1586005132110,"status":"passed","summary":""},{"assertionResults":[{"ancestorTitles":["<Tab />"],"failureMessages":[],"fullName":"<Tab /> should render correctly","location":null,"status":"passed","title":"should render correctly"}],"endTime":1586005134337,"message":"","name":"C:\\Users\\anksaini1\\Documents\\projects\\atomic-react-components\\lib\\components\\molecules\\Tabs\\Tab\\tests\\Tab.test.js","startTime":1586005132813,"status":"passed","summary":""},{"assertionResults":[{"ancestorTitles":["Select Styled component"],"failureMessages":[],"fullName":"Select Styled component should render correctly","location":null,"status":"passed","title":"should render correctly"}],"endTime":1586005136261,"message":"","name":"C:\\Users\\anksaini1\\Documents\\projects\\atomic-react-components\\lib\\components\\atoms\\Select\\tests\\Select.style.test.js","startTime":1586005134369,"status":"passed","summary":""},{"assertionResults":[{"ancestorTitles":["FieldInput Component"],"failureMessages":[],"fullName":"FieldInput Component should render correctly","location":null,"status":"passed","title":"should render correctly"},{"ancestorTitles":["FieldInput Component"],"failureMessages":[],"fullName":"FieldInput Component should render label correctly","location":null,"status":"passed","title":"should render label correctly"},{"ancestorTitles":["FieldInput Component"],"failureMessages":[],"fullName":"FieldInput Component should render select tag","location":null,"status":"passed","title":"should render select tag"}],"endTime":1586005136411,"message":"","name":"C:\\Users\\anksaini1\\Documents\\projects\\atomic-react-components\\lib\\components\\molecules\\Form\\FieldSelect\\tests\\FieldSelect.test.js","startTime":1586005134253,"status":"passed","summary":""},{"assertionResults":[{"ancestorTitles":["<Breadcrumb />"],"failureMessages":[],"fullName":"<Breadcrumb /> should render correctly","location":null,"status":"passed","title":"should render correctly"}],"endTime":1586005136532,"message":"","name":"C:\\Users\\anksaini1\\Documents\\projects\\atomic-react-components\\lib\\components\\molecules\\Breadcrumb\\tests\\Breadcrumb.test.js","startTime":1586005128254,"status":"passed","summary":""},{"assertionResults":[{"ancestorTitles":["<Accordion />"],"failureMessages":[],"fullName":"<Accordion /> accordion renders","location":null,"status":"passed","title":"accordion renders"},{"ancestorTitles":["<Accordion />"],"failureMessages":[],"fullName":"<Accordion /> should render <div/>","location":null,"status":"passed","title":"should render <div/>"},{"ancestorTitles":["<Accordion />"],"failureMessages":[],"fullName":"<Accordion /> should render details","location":null,"status":"passed","title":"should render details"},{"ancestorTitles":["<Accordion />"],"failureMessages":[],"fullName":"<Accordion /> should render summary","location":null,"status":"passed","title":"should render summary"},{"ancestorTitles":["<Accordion />"],"failureMessages":[],"fullName":"<Accordion /> panel opens on click of header","location":null,"status":"passed","title":"panel opens on click of header"},{"ancestorTitles":["<Accordion />"],"failureMessages":[],"fullName":"<Accordion /> should render correctly","location":null,"status":"passed","title":"should render correctly"}],"endTime":1586005136582,"message":"","name":"C:\\Users\\anksaini1\\Documents\\projects\\atomic-react-components\\lib\\components\\molecules\\Accordion\\tests\\Accordion.test.js","startTime":1586005134520,"status":"passed","summary":""},{"assertionResults":[{"ancestorTitles":["Input Component"],"failureMessages":[],"fullName":"Input Component should render correctly","location":null,"status":"passed","title":"should render correctly"},{"ancestorTitles":["Input Component"],"failureMessages":["Error: \u001b[2mexpect(\u001b[22m\u001b[31mreceived\u001b[39m\u001b[2m).\u001b[22mtoEqual\u001b[2m(\u001b[22m\u001b[32mexpected\u001b[39m\u001b[2m) // deep equality\u001b[22m\n\nExpected: \u001b[32m\"my-input-field\"\u001b[39m\nReceived: \u001b[31mundefined\u001b[39m\n    at Object.<anonymous> (C:\\Users\\anksaini1\\Documents\\projects\\atomic-react-components\\lib\\components\\atoms\\Input\\tests\\Input.test.js:35:47)\n    at Object.asyncJestTest (C:\\Users\\anksaini1\\Documents\\projects\\atomic-react-components\\node_modules\\@jest\\core\\node_modules\\jest-jasmine2\\build\\jasmineAsyncInstall.js:100:37)\n    at C:\\Users\\anksaini1\\Documents\\projects\\atomic-react-components\\node_modules\\@jest\\core\\node_modules\\jest-jasmine2\\build\\queueRunner.js:45:12\n    at new Promise (<anonymous>)\n    at mapper (C:\\Users\\anksaini1\\Documents\\projects\\atomic-react-components\\node_modules\\@jest\\core\\node_modules\\jest-jasmine2\\build\\queueRunner.js:28:19)\n    at C:\\Users\\anksaini1\\Documents\\projects\\atomic-react-components\\node_modules\\@jest\\core\\node_modules\\jest-jasmine2\\build\\queueRunner.js:75:41\n    at processTicksAndRejections (internal/process/task_queues.js:93:5)"],"fullName":"Input Component should check the data attribute of input","location":null,"status":"failed","title":"should check the data attribute of input"},{"ancestorTitles":["File Input Component -> Unit Testing"],"failureMessages":[],"fullName":"File Input Component -> Unit Testing should render file input component correctly","location":null,"status":"passed","title":"should render file input component correctly"},{"ancestorTitles":["File Input Component -> Unit Testing"],"failureMessages":[],"fullName":"File Input Component -> Unit Testing should call function on click of the input field","location":null,"status":"passed","title":"should call function on click of the input field"},{"ancestorTitles":["File Input Component -> Unit Testing"],"failureMessages":[],"fullName":"File Input Component -> Unit Testing should simulate click event of the input field","location":null,"status":"passed","title":"should simulate click event of the input field"},{"ancestorTitles":["File Input Component -> Unit Testing"],"failureMessages":[],"fullName":"File Input Component -> Unit Testing should render with prop \"multiple\" to distinguish multiple or single file","location":null,"status":"passed","title":"should render with prop \"multiple\" to distinguish multiple or single file"},{"ancestorTitles":["File Input Component -> Unit Testing"],"failureMessages":[],"fullName":"File Input Component -> Unit Testing should render input correctly","location":null,"status":"passed","title":"should render input correctly"}],"endTime":1586005136663,"message":"\u001b[1m\u001b[31m  \u001b[1m● \u001b[22m\u001b[1mInput Component › should check the data attribute of input\u001b[39m\u001b[22m\n\n    \u001b[2mexpect(\u001b[22m\u001b[31mreceived\u001b[39m\u001b[2m).\u001b[22mtoEqual\u001b[2m(\u001b[22m\u001b[32mexpected\u001b[39m\u001b[2m) // deep equality\u001b[22m\n\n    Expected: \u001b[32m\"my-input-field\"\u001b[39m\n    Received: \u001b[31mundefined\u001b[39m\n\u001b[2m\u001b[22m\n\u001b[2m    \u001b[0m \u001b[90m 33 | \u001b[39m    \u001b[36mconst\u001b[39m inputVanilla \u001b[33m=\u001b[39m render(\u001b[33m<\u001b[39m\u001b[33mInputVanilla\u001b[39m {\u001b[33m...\u001b[39msampleProps} \u001b[33m/\u001b[39m\u001b[33m>\u001b[39m)\u001b[33m;\u001b[39m\u001b[0m\u001b[22m\n\u001b[2m    \u001b[0m \u001b[90m 34 | \u001b[39m\u001b[0m\u001b[22m\n\u001b[2m    \u001b[0m\u001b[31m\u001b[1m>\u001b[22m\u001b[2m\u001b[39m\u001b[90m 35 | \u001b[39m    expect(inputVanilla\u001b[33m.\u001b[39mattr(\u001b[32m'data-locator'\u001b[39m))\u001b[33m.\u001b[39mtoEqual(sampleProps\u001b[33m.\u001b[39melementLocator)\u001b[33m;\u001b[39m\u001b[0m\u001b[22m\n\u001b[2m    \u001b[0m \u001b[90m    | \u001b[39m                                              \u001b[31m\u001b[1m^\u001b[22m\u001b[2m\u001b[39m\u001b[0m\u001b[22m\n\u001b[2m    \u001b[0m \u001b[90m 36 | \u001b[39m  })\u001b[33m;\u001b[39m\u001b[0m\u001b[22m\n\u001b[2m    \u001b[0m \u001b[90m 37 | \u001b[39m})\u001b[33m;\u001b[39m\u001b[0m\u001b[22m\n\u001b[2m    \u001b[0m \u001b[90m 38 | \u001b[39m\u001b[0m\u001b[22m\n\u001b[2m\u001b[22m\n\u001b[2m      \u001b[2mat Object.<anonymous> (\u001b[22m\u001b[2m\u001b[0m\u001b[36mlib/components/atoms/Input/tests/Input.test.js\u001b[39m\u001b[0m\u001b[2m:35:47)\u001b[22m\u001b[2m\u001b[22m\n","name":"C:\\Users\\anksaini1\\Documents\\projects\\atomic-react-components\\lib\\components\\atoms\\Input\\tests\\Input.test.js","startTime":1586005134566,"status":"failed","summary":""},{"assertionResults":[{"ancestorTitles":["<Skeleton />"],"failureMessages":[],"fullName":"<Skeleton /> should render the <Skeleton> /","location":null,"status":"passed","title":"should render the <Skeleton> /"},{"ancestorTitles":["<Skeleton />"],"failureMessages":[],"fullName":"<Skeleton /> should render <div/>","location":null,"status":"passed","title":"should render <div/>"},{"ancestorTitles":["<Skeleton />"],"failureMessages":[],"fullName":"<Skeleton /> should render a skeleton line","location":null,"status":"passed","title":"should render a skeleton line"},{"ancestorTitles":["<Skeleton />"],"failureMessages":[],"fullName":"<Skeleton /> should render a skeleton circle","location":null,"status":"passed","title":"should render a skeleton circle"},{"ancestorTitles":["<Skeleton />"],"failureMessages":[],"fullName":"<Skeleton /> should render correctly","location":null,"status":"passed","title":"should render correctly"}],"endTime":1586005136774,"message":"","name":"C:\\Users\\anksaini1\\Documents\\projects\\atomic-react-components\\lib\\components\\molecules\\Skeleton\\tests\\Skeleton.test.js","startTime":1586005134630,"status":"passed","summary":""},{"assertionResults":[{"ancestorTitles":["Button Component"],"failureMessages":[],"fullName":"Button Component should render correctly","location":null,"status":"passed","title":"should render correctly"},{"ancestorTitles":["Button Component"],"failureMessages":[],"fullName":"Button Component should render disabled","location":null,"status":"passed","title":"should render disabled"},{"ancestorTitles":["Button Component"],"failureMessages":[],"fullName":"Button Component should render title element","location":null,"status":"passed","title":"should render title element"},{"ancestorTitles":["Button Component"],"failureMessages":[],"fullName":"Button Component should render aria attribute element","location":null,"status":"passed","title":"should render aria attribute element"},{"ancestorTitles":["Button Component"],"failureMessages":[],"fullName":"Button Component should check the data attribute of button","location":null,"status":"passed","title":"should check the data attribute of button"}],"endTime":1586005136810,"message":"","name":"C:\\Users\\anksaini1\\Documents\\projects\\atomic-react-components\\lib\\components\\atoms\\Button\\tests\\Button.test.js","startTime":1586005134715,"status":"passed","summary":""},{"assertionResults":[{"ancestorTitles":["<WithScripts />"],"failureMessages":[],"fullName":"<WithScripts /> should render correctly","location":null,"status":"passed","title":"should render correctly"},{"ancestorTitles":["<WithScripts />"],"failureMessages":[],"fullName":"<WithScripts /> should not render duplicate ids","location":null,"status":"passed","title":"should not render duplicate ids"}],"endTime":1586005138534,"message":"","name":"C:\\Users\\anksaini1\\Documents\\projects\\atomic-react-components\\lib\\components\\hoc\\WithScripts\\tests\\WithScripts.test.js","startTime":1586005136483,"status":"passed","summary":""},{"assertionResults":[{"ancestorTitles":["Anchor Component"],"failureMessages":[],"fullName":"Anchor Component should render correctly and match snapshot","location":null,"status":"passed","title":"should render correctly and match snapshot"},{"ancestorTitles":["Anchor Component"],"failureMessages":[],"fullName":"Anchor Component Should handle on typeahead focuson Events","location":null,"status":"passed","title":"Should handle on typeahead focuson Events"},{"ancestorTitles":["Anchor Component"],"failureMessages":[],"fullName":"Anchor Component should check the data attribute of anchor","location":null,"status":"passed","title":"should check the data attribute of anchor"}],"endTime":1586005138679,"message":"","name":"C:\\Users\\anksaini1\\Documents\\projects\\atomic-react-components\\lib\\components\\atoms\\Anchor\\tests\\Anchor.test.js","startTime":1586005136754,"status":"passed","summary":""},{"assertionResults":[{"ancestorTitles":["Input Styled component"],"failureMessages":[],"fullName":"Input Styled component should render correctly","location":null,"status":"passed","title":"should render correctly"}],"endTime":1586005138726,"message":"","name":"C:\\Users\\anksaini1\\Documents\\projects\\atomic-react-components\\lib\\components\\atoms\\Input\\tests\\Input.style.test.js","startTime":1586005136702,"status":"passed","summary":""},{"assertionResults":[{"ancestorTitles":["InputChoiceVanilla Component"],"failureMessages":[],"fullName":"InputChoiceVanilla Component should render Radio button correctly","location":null,"status":"passed","title":"should render Radio button correctly"},{"ancestorTitles":["InputChoiceVanilla Component"],"failureMessages":[],"fullName":"InputChoiceVanilla Component should render checkbox correctly","location":null,"status":"passed","title":"should render checkbox correctly"},{"ancestorTitles":["InputChoiceVanilla Component"],"failureMessages":[],"fullName":"InputChoiceVanilla Component should render disabled","location":null,"status":"passed","title":"should render disabled"},{"ancestorTitles":["InputChoiceVanilla Component"],"failureMessages":[],"fullName":"InputChoiceVanilla Component should render checked","location":null,"status":"passed","title":"should render checked"}],"endTime":1586005138864,"message":"","name":"C:\\Users\\anksaini1\\Documents\\projects\\atomic-react-components\\lib\\components\\molecules\\InputChoice\\tests\\InputChoice.test.js","startTime":1586005136958,"status":"passed","summary":""},{"assertionResults":[{"ancestorTitles":["Image Component with styles"],"failureMessages":[],"fullName":"Image Component with styles should render correctly and match snapshots","location":null,"status":"passed","title":"should render correctly and match snapshots"},{"ancestorTitles":["Image Component with styles"],"failureMessages":[],"fullName":"Image Component with styles should render correctly with lazy load","location":null,"status":"passed","title":"should render correctly with lazy load"}],"endTime":1586005139011,"message":"","name":"C:\\Users\\anksaini1\\Documents\\projects\\atomic-react-components\\lib\\components\\atoms\\Image\\tests\\Image.style.test.js","startTime":1586005137348,"status":"passed","summary":""},{"assertionResults":[{"ancestorTitles":["Heading Component"],"failureMessages":[],"fullName":"Heading Component should render correctly and match snapshot","location":null,"status":"passed","title":"should render correctly and match snapshot"},{"ancestorTitles":["Heading Component"],"failureMessages":[],"fullName":"Heading Component should check the custom locator of heading","location":null,"status":"passed","title":"should check the custom locator of heading"},{"ancestorTitles":["Heading Component"],"failureMessages":[],"fullName":"Heading Component should check the default locator of heading","location":null,"status":"passed","title":"should check the default locator of heading"}],"endTime":1586005140183,"message":"","name":"C:\\Users\\anksaini1\\Documents\\projects\\atomic-react-components\\lib\\components\\atoms\\Heading\\tests\\Heading.test.js","startTime":1586005138041,"status":"passed","summary":""},{"assertionResults":[{"ancestorTitles":["Select Component"],"failureMessages":[],"fullName":"Select Component should render correctly","location":null,"status":"passed","title":"should render correctly"},{"ancestorTitles":["Select Component"],"failureMessages":[],"fullName":"Select Component should check the data attribute of dropdown/select","location":null,"status":"passed","title":"should check the data attribute of dropdown/select"}],"endTime":1586005140374,"message":"","name":"C:\\Users\\anksaini1\\Documents\\projects\\atomic-react-components\\lib\\components\\atoms\\Select\\tests\\Select.test.js","startTime":1586005138440,"status":"passed","summary":""},{"assertionResults":[{"ancestorTitles":["<Textarea />"],"failureMessages":[],"fullName":"<Textarea /> should render correctly","location":null,"status":"passed","title":"should render correctly"},{"ancestorTitles":["<Textarea />"],"failureMessages":[],"fullName":"<Textarea /> should check the data attribute of textarea","location":null,"status":"passed","title":"should check the data attribute of textarea"}],"endTime":1586005140991,"message":"","name":"C:\\Users\\anksaini1\\Documents\\projects\\atomic-react-components\\lib\\components\\atoms\\Textarea\\tests\\Textarea.test.js","startTime":1586005138931,"status":"passed","summary":""},{"assertionResults":[{"ancestorTitles":["Debug"],"failureMessages":[],"fullName":"Debug should render correctly","location":null,"status":"passed","title":"should render correctly"}],"endTime":1586005141061,"message":"","name":"C:\\Users\\anksaini1\\Documents\\projects\\atomic-react-components\\lib\\components\\molecules\\Form\\Debug\\tests\\Debug.test.js","startTime":1586005139312,"status":"passed","summary":""},{"assertionResults":[{"ancestorTitles":["<TabPanel />"],"failureMessages":[],"fullName":"<TabPanel /> should render correctly","location":null,"status":"passed","title":"should render correctly"}],"endTime":1586005141064,"message":"","name":"C:\\Users\\anksaini1\\Documents\\projects\\atomic-react-components\\lib\\components\\molecules\\Tabs\\TabPanel\\tests\\TabPanel.test.js","startTime":1586005139154,"status":"passed","summary":""},{"assertionResults":[{"ancestorTitles":["<Icon />"],"failureMessages":[],"fullName":"<Icon /> should render correctly","location":null,"status":"passed","title":"should render correctly"}],"endTime":1586005141644,"message":"","name":"C:\\Users\\anksaini1\\Documents\\projects\\atomic-react-components\\lib\\components\\atoms\\Icon\\tests\\Icon.test.js","startTime":1586005139722,"status":"passed","summary":""},{"assertionResults":[{"ancestorTitles":["<List />"],"failureMessages":[],"fullName":"<List /> should render default view correctly","location":null,"status":"passed","title":"should render default view correctly"}],"endTime":1586005141962,"message":"","name":"C:\\Users\\anksaini1\\Documents\\projects\\atomic-react-components\\lib\\components\\molecules\\List\\tests\\List.test.js","startTime":1586005139989,"status":"passed","summary":""},{"assertionResults":[{"ancestorTitles":["Para Component"],"failureMessages":[],"fullName":"Para Component should render correctly and match snapshot","location":null,"status":"passed","title":"should render correctly and match snapshot"},{"ancestorTitles":["Para Component"],"failureMessages":[],"fullName":"Para Component should check the data attribute of para","location":null,"status":"passed","title":"should check the data attribute of para"}],"endTime":1586005142152,"message":"","name":"C:\\Users\\anksaini1\\Documents\\projects\\atomic-react-components\\lib\\components\\atoms\\Para\\tests\\Para.test.js","startTime":1586005140498,"status":"passed","summary":""},{"assertionResults":[{"ancestorTitles":["<Track />"],"failureMessages":[],"fullName":"<Track /> should render correctly","location":null,"status":"passed","title":"should render correctly"}],"endTime":1586005142232,"message":"","name":"C:\\Users\\anksaini1\\Documents\\projects\\atomic-react-components\\lib\\components\\atoms\\Track\\tests\\Track.test.js","startTime":1586005140594,"status":"passed","summary":""},{"assertionResults":[{"ancestorTitles":["Label Component"],"failureMessages":[],"fullName":"Label Component should render correctly","location":null,"status":"passed","title":"should render correctly"},{"ancestorTitles":["Label Component"],"failureMessages":[],"fullName":"Label Component should check the data attribute of label","location":null,"status":"passed","title":"should check the data attribute of label"}],"endTime":1586005142707,"message":"","name":"C:\\Users\\anksaini1\\Documents\\projects\\atomic-react-components\\lib\\components\\atoms\\Label\\tests\\Label.test.js","startTime":1586005141350,"status":"passed","summary":""},{"assertionResults":[{"ancestorTitles":["Hook: useSpeechRecognition ","When browser supported speech recognition"],"failureMessages":[],"fullName":"Hook: useSpeechRecognition  When browser supported speech recognition Check browser supported: true ","location":null,"status":"passed","title":"Check browser supported: true "},{"ancestorTitles":["Hook: useSpeechRecognition ","When browser supported speech recognition"],"failureMessages":[],"fullName":"Hook: useSpeechRecognition  When browser supported speech recognition Check isListening should be: false ","location":null,"status":"passed","title":"Check isListening should be: false "},{"ancestorTitles":["Hook: useSpeechRecognition ","When browser unsupported speech recognition"],"failureMessages":[],"fullName":"Hook: useSpeechRecognition  When browser unsupported speech recognition Check browser supported: false ","location":null,"status":"passed","title":"Check browser supported: false "},{"ancestorTitles":["Hook: useSpeechRecognition ","When listening speech recognition"],"failureMessages":[],"fullName":"Hook: useSpeechRecognition  When listening speech recognition Should call start() instance once","location":null,"status":"passed","title":"Should call start() instance once"},{"ancestorTitles":["Hook: useSpeechRecognition ","When listening speech recognition"],"failureMessages":[],"fullName":"Hook: useSpeechRecognition  When listening speech recognition Should call stop() instance once","location":null,"status":"passed","title":"Should call stop() instance once"},{"ancestorTitles":["Hook: useSpeechRecognition ","When not listening speech recognition"],"failureMessages":[],"fullName":"Hook: useSpeechRecognition  When not listening speech recognition Should not call start() instance again","location":null,"status":"passed","title":"Should not call start() instance again"},{"ancestorTitles":["Hook: useSpeechRecognition ","When not listening speech recognition"],"failureMessages":[],"fullName":"Hook: useSpeechRecognition  When not listening speech recognition Should not call stop() instance again","location":null,"status":"passed","title":"Should not call stop() instance again"},{"ancestorTitles":["Hook: useSpeechRecognition ","Check Result"],"failureMessages":[],"fullName":"Hook: useSpeechRecognition  Check Result Check isListening: true","location":null,"status":"passed","title":"Check isListening: true"},{"ancestorTitles":["Hook: useSpeechRecognition ","Check Result"],"failureMessages":[],"fullName":"Hook: useSpeechRecognition  Check Result check results: Hello XT","location":null,"status":"passed","title":"check results: Hello XT"}],"endTime":1586005144090,"message":"","name":"C:\\Users\\anksaini1\\Documents\\projects\\atomic-react-components\\lib\\core\\hooks\\speechRecognition\\tests\\useSpeechRecognition.test.js","startTime":1586005141647,"status":"passed","summary":""},{"assertionResults":[{"ancestorTitles":["<Search />"],"failureMessages":[],"fullName":"<Search /> should render correctly","location":null,"status":"passed","title":"should render correctly"}],"endTime":1586005144187,"message":"","name":"C:\\Users\\anksaini1\\Documents\\projects\\atomic-react-components\\lib\\components\\molecules\\Search\\tests\\Search.test.js","startTime":1586005142024,"status":"passed","summary":""}],"wasInterrupted":false,"coverageMap":{"C:\\Users\\anksaini1\\Documents\\projects\\atomic-react-components\\lib\\components\\atoms\\Textarea\\Textarea.style.js":{"path":"C:\\Users\\anksaini1\\Documents\\projects\\atomic-react-components\\lib\\components\\atoms\\Textarea\\Textarea.style.js","statementMap":{"0":{"start":{"line":3,"column":15},"end":{"line":24,"column":1}},"1":{"start":{"line":4,"column":15},"end":{"line":9,"column":3}},"2":{"start":{"line":10,"column":23},"end":{"line":10,"column":45}},"3":{"start":{"line":16,"column":4},"end":{"line":21,"column":10}},"4":{"start":{"line":23,"column":16},"end":{"line":23,"column":66}}},"fnMap":{"0":{"name":"(anonymous_0)","decl":{"start":{"line":4,"column":4},"end":{"line":4,"column":5}},"loc":{"start":{"line":4,"column":15},"end":{"line":9,"column":3}},"line":4},"1":{"name":"(anonymous_1)","decl":{"start":{"line":10,"column":12},"end":{"line":10,"column":13}},"loc":{"start":{"line":10,"column":23},"end":{"line":10,"column":45}},"line":10},"2":{"name":"(anonymous_2)","decl":{"start":{"line":15,"column":4},"end":{"line":15,"column":5}},"loc":{"start":{"line":16,"column":4},"end":{"line":21,"column":10}},"line":16},"3":{"name":"(anonymous_3)","decl":{"start":{"line":23,"column":4},"end":{"line":23,"column":5}},"loc":{"start":{"line":23,"column":16},"end":{"line":23,"column":66}},"line":23}},"branchMap":{"0":{"loc":{"start":{"line":10,"column":23},"end":{"line":10,"column":45}},"type":"binary-expr","locations":[{"start":{"line":10,"column":23},"end":{"line":10,"column":35}},{"start":{"line":10,"column":39},"end":{"line":10,"column":45}}],"line":10},"1":{"loc":{"start":{"line":16,"column":4},"end":{"line":21,"column":10}},"type":"cond-expr","locations":[{"start":{"line":17,"column":8},"end":{"line":20,"column":5}},{"start":{"line":21,"column":8},"end":{"line":21,"column":10}}],"line":16},"2":{"loc":{"start":{"line":23,"column":16},"end":{"line":23,"column":66}},"type":"cond-expr","locations":[{"start":{"line":23,"column":40},"end":{"line":23,"column":61}},{"start":{"line":23,"column":64},"end":{"line":23,"column":66}}],"line":23}},"s":{"0":7,"1":5,"2":5,"3":5,"4":5},"f":{"0":5,"1":5,"2":5,"3":5},"b":{"0":[5,5],"1":[0,5],"2":[0,5]},"_coverageSchema":"1a1c01bbd47fc00a2c39e90264f33305004495a9","hash":"44572b4f5ddf2f97b0dcc94fdb81b001a51dd833"},"C:\\Users\\anksaini1\\Documents\\projects\\atomic-react-components\\lib\\components\\atoms\\Textarea\\Textarea.js":{"path":"C:\\Users\\anksaini1\\Documents\\projects\\atomic-react-components\\lib\\components\\atoms\\Textarea\\Textarea.js","statementMap":{"0":{"start":{"line":24,"column":17},"end":{"line":42,"column":1}},"1":{"start":{"line":29,"column":4},"end":{"line":40,"column":6}},"2":{"start":{"line":45,"column":0},"end":{"line":53,"column":2}},"3":{"start":{"line":55,"column":45},"end":{"line":57,"column":1}}},"fnMap":{"0":{"name":"(anonymous_0)","decl":{"start":{"line":25,"column":2},"end":{"line":25,"column":3}},"loc":{"start":{"line":29,"column":4},"end":{"line":40,"column":6}},"line":29}},"branchMap":{"0":{"loc":{"start":{"line":39,"column":20},"end":{"line":39,"column":68}},"type":"binary-expr","locations":[{"start":{"line":39,"column":20},"end":{"line":39,"column":34}},{"start":{"line":39,"column":38},"end":{"line":39,"column":68}}],"line":39}},"s":{"0":7,"1":7,"2":7,"3":7},"f":{"0":7},"b":{"0":[7,4]},"_coverageSchema":"1a1c01bbd47fc00a2c39e90264f33305004495a9","hash":"304f366d639b66ac26adf539369aaaf31678a703"},"C:\\Users\\anksaini1\\Documents\\projects\\atomic-react-components\\lib\\components\\atoms\\Input\\Input.style.js":{"path":"C:\\Users\\anksaini1\\Documents\\projects\\atomic-react-components\\lib\\components\\atoms\\Input\\Input.style.js","statementMap":{"0":{"start":{"line":3,"column":15},"end":{"line":20,"column":1}},"1":{"start":{"line":4,"column":15},"end":{"line":9,"column":3}},"2":{"start":{"line":12,"column":4},"end":{"line":17,"column":10}},"3":{"start":{"line":19,"column":16},"end":{"line":19,"column":66}}},"fnMap":{"0":{"name":"(anonymous_0)","decl":{"start":{"line":4,"column":4},"end":{"line":4,"column":5}},"loc":{"start":{"line":4,"column":15},"end":{"line":9,"column":3}},"line":4},"1":{"name":"(anonymous_1)","decl":{"start":{"line":11,"column":4},"end":{"line":11,"column":5}},"loc":{"start":{"line":12,"column":4},"end":{"line":17,"column":10}},"line":12},"2":{"name":"(anonymous_2)","decl":{"start":{"line":19,"column":4},"end":{"line":19,"column":5}},"loc":{"start":{"line":19,"column":16},"end":{"line":19,"column":66}},"line":19}},"branchMap":{"0":{"loc":{"start":{"line":12,"column":4},"end":{"line":17,"column":10}},"type":"cond-expr","locations":[{"start":{"line":13,"column":8},"end":{"line":16,"column":5}},{"start":{"line":17,"column":8},"end":{"line":17,"column":10}}],"line":12},"1":{"loc":{"start":{"line":19,"column":16},"end":{"line":19,"column":66}},"type":"cond-expr","locations":[{"start":{"line":19,"column":40},"end":{"line":19,"column":61}},{"start":{"line":19,"column":64},"end":{"line":19,"column":66}}],"line":19}},"s":{"0":12,"1":34,"2":34,"3":34},"f":{"0":34,"1":34,"2":34},"b":{"0":[1,33],"1":[0,34]},"_coverageSchema":"1a1c01bbd47fc00a2c39e90264f33305004495a9","hash":"f5c04a79462b2d4c7ddb0b53579d444fe8882c41"},"C:\\Users\\anksaini1\\Documents\\projects\\atomic-react-components\\lib\\components\\atoms\\Input\\Input.js":{"path":"C:\\Users\\anksaini1\\Documents\\projects\\atomic-react-components\\lib\\components\\atoms\\Input\\Input.js","statementMap":{"0":{"start":{"line":19,"column":14},"end":{"line":53,"column":1}},"1":{"start":{"line":24,"column":22},"end":{"line":33,"column":5}},"2":{"start":{"line":34,"column":30},"end":{"line":44,"column":5}},"3":{"start":{"line":46,"column":4},"end":{"line":50,"column":5}},"4":{"start":{"line":47,"column":6},"end":{"line":47,"column":36}},"5":{"start":{"line":49,"column":6},"end":{"line":49,"column":28}},"6":{"start":{"line":51,"column":4},"end":{"line":51,"column":51}},"7":{"start":{"line":56,"column":0},"end":{"line":64,"column":2}},"8":{"start":{"line":66,"column":42},"end":{"line":68,"column":1}}},"fnMap":{"0":{"name":"(anonymous_0)","decl":{"start":{"line":20,"column":2},"end":{"line":20,"column":3}},"loc":{"start":{"line":23,"column":13},"end":{"line":52,"column":3}},"line":23}},"branchMap":{"0":{"loc":{"start":{"line":46,"column":4},"end":{"line":50,"column":5}},"type":"if","locations":[{"start":{"line":46,"column":4},"end":{"line":50,"column":5}},{"start":{"line":46,"column":4},"end":{"line":50,"column":5}}],"line":46}},"s":{"0":12,"1":40,"2":40,"3":40,"4":0,"5":40,"6":40,"7":12,"8":12},"f":{"0":40},"b":{"0":[0,40]},"_coverageSchema":"1a1c01bbd47fc00a2c39e90264f33305004495a9","hash":"d4118ab22dc77c7c3292f4b199592fb6389fa39d"},"C:\\Users\\anksaini1\\Documents\\projects\\atomic-react-components\\lib\\components\\atoms\\Input\\index.js":{"path":"C:\\Users\\anksaini1\\Documents\\projects\\atomic-react-components\\lib\\components\\atoms\\Input\\index.js","statementMap":{},"fnMap":{},"branchMap":{},"s":{},"f":{},"b":{},"_coverageSchema":"1a1c01bbd47fc00a2c39e90264f33305004495a9","hash":"d7ad0d61ed73384b5ec858c780a540ab1d26120a"},"C:\\Users\\anksaini1\\Documents\\projects\\atomic-react-components\\lib\\core\\utils\\elementLocator.js":{"path":"C:\\Users\\anksaini1\\Documents\\projects\\atomic-react-components\\lib\\core\\utils\\elementLocator.js","statementMap":{"0":{"start":{"line":4,"column":36},"end":{"line":20,"column":1}},"1":{"start":{"line":5,"column":14},"end":{"line":5,"column":16}},"2":{"start":{"line":7,"column":2},"end":{"line":18,"column":5}},"3":{"start":{"line":8,"column":24},"end":{"line":8,"column":29}},"4":{"start":{"line":10,"column":4},"end":{"line":16,"column":5}},"5":{"start":{"line":11,"column":6},"end":{"line":15,"column":9}},"6":{"start":{"line":12,"column":8},"end":{"line":12,"column":78}},"7":{"start":{"line":13,"column":8},"end":{"line":13,"column":51}},"8":{"start":{"line":13,"column":30},"end":{"line":13,"column":51}},"9":{"start":{"line":14,"column":8},"end":{"line":14,"column":29}},"10":{"start":{"line":17,"column":4},"end":{"line":17,"column":45}},"11":{"start":{"line":19,"column":2},"end":{"line":19,"column":29}}},"fnMap":{"0":{"name":"(anonymous_0)","decl":{"start":{"line":4,"column":36},"end":{"line":4,"column":37}},"loc":{"start":{"line":4,"column":55},"end":{"line":20,"column":1}},"line":4},"1":{"name":"(anonymous_1)","decl":{"start":{"line":7,"column":34},"end":{"line":7,"column":35}},"loc":{"start":{"line":7,"column":57},"end":{"line":18,"column":3}},"line":7},"2":{"name":"(anonymous_2)","decl":{"start":{"line":11,"column":28},"end":{"line":11,"column":29}},"loc":{"start":{"line":11,"column":51},"end":{"line":15,"column":7}},"line":11}},"branchMap":{"0":{"loc":{"start":{"line":10,"column":4},"end":{"line":16,"column":5}},"type":"if","locations":[{"start":{"line":10,"column":4},"end":{"line":16,"column":5}},{"start":{"line":10,"column":4},"end":{"line":16,"column":5}}],"line":10},"1":{"loc":{"start":{"line":12,"column":20},"end":{"line":12,"column":67}},"type":"cond-expr","locations":[{"start":{"line":12,"column":59},"end":{"line":12,"column":61}},{"start":{"line":12,"column":64},"end":{"line":12,"column":67}}],"line":12},"2":{"loc":{"start":{"line":12,"column":20},"end":{"line":12,"column":56}},"type":"binary-expr","locations":[{"start":{"line":12,"column":20},"end":{"line":12,"column":36}},{"start":{"line":12,"column":40},"end":{"line":12,"column":56}}],"line":12},"3":{"loc":{"start":{"line":13,"column":8},"end":{"line":13,"column":51}},"type":"if","locations":[
[...]
:[{"start":{"line":35,"column":4},"end":{"line":35,"column":28}},{"start":{"line":35,"column":4},"end":{"line":35,"column":28}}],"line":35},"4":{"loc":{"start":{"line":43,"column":4},"end":{"line":43,"column":35}},"type":"if","locations":[{"start":{"line":43,"column":4},"end":{"line":43,"column":35}},{"start":{"line":43,"column":4},"end":{"line":43,"column":35}}],"line":43},"5":{"loc":{"start":{"line":44,"column":24},"end":{"line":44,"column":82}},"type":"binary-expr","locations":[{"start":{"line":44,"column":24},"end":{"line":44,"column":48}},{"start":{"line":44,"column":52},"end":{"line":44,"column":82}}],"line":44}},"s":{"0":2,"1":17,"2":17,"3":17,"4":17,"5":17,"6":1,"7":1,"8":17,"9":2,"10":2,"11":2,"12":2,"13":2,"14":17,"15":5,"16":0,"17":5,"18":5,"19":5,"20":5,"21":1,"22":17,"23":10,"24":1,"25":9,"26":17},"f":{"0":17,"1":1,"2":2,"3":0,"4":2,"5":5,"6":1,"7":10},"b":{"0":[17,17,1,1,1,1],"1":[17,16],"2":[1,1,1,1],"3":[0,5],"4":[1,9],"5":[9,9]},"_coverageSchema":"1a1c01bbd47fc00a2c39e90264f33305004495a9","hash":"e29af4a9469aedbb05b06488cadc36d0a431135a"},"C:\\Users\\anksaini1\\Documents\\projects\\atomic-react-components\\lib\\core\\hooks\\index.js":{"path":"C:\\Users\\anksaini1\\Documents\\projects\\atomic-react-components\\lib\\core\\hooks\\index.js","statementMap":{},"fnMap":{},"branchMap":{},"s":{},"f":{},"b":{},"_coverageSchema":"1a1c01bbd47fc00a2c39e90264f33305004495a9","hash":"8c03e6fe338d260618dd203f49c23c7e4226f854"},"C:\\Users\\anksaini1\\Documents\\projects\\atomic-react-components\\lib\\core\\hooks\\speechRecognition\\useSpeechRecognition.mock.js":{"path":"C:\\Users\\anksaini1\\Documents\\projects\\atomic-react-components\\lib\\core\\hooks\\speechRecognition\\useSpeechRecognition.mock.js","statementMap":{"0":{"start":{"line":6,"column":4},"end":{"line":6,"column":29}},"1":{"start":{"line":7,"column":4},"end":{"line":7,"column":26}},"2":{"start":{"line":8,"column":4},"end":{"line":14,"column":6}},"3":{"start":{"line":9,"column":6},"end":{"line":9,"column":36}},"4":{"start":{"line":10,"column":6},"end":{"line":13,"column":14}},"5":{"start":{"line":11,"column":8},"end":{"line":11,"column":56}},"6":{"start":{"line":12,"column":8},"end":{"line":12,"column":21}},"7":{"start":{"line":16,"column":4},"end":{"line":19,"column":6}},"8":{"start":{"line":17,"column":6},"end":{"line":17,"column":35}},"9":{"start":{"line":18,"column":6},"end":{"line":18,"column":19}},"10":{"start":{"line":23,"column":0},"end":{"line":23,"column":79}},"11":{"start":{"line":24,"column":0},"end":{"line":24,"column":40}},"12":{"start":{"line":25,"column":0},"end":{"line":25,"column":39}}},"fnMap":{"0":{"name":"(anonymous_0)","decl":{"start":{"line":5,"column":2},"end":{"line":5,"column":3}},"loc":{"start":{"line":5,"column":16},"end":{"line":20,"column":3}},"line":5},"1":{"name":"(anonymous_1)","decl":{"start":{"line":6,"column":20},"end":{"line":6,"column":21}},"loc":{"start":{"line":6,"column":26},"end":{"line":6,"column":28}},"line":6},"2":{"name":"(anonymous_2)","decl":{"start":{"line":7,"column":17},"end":{"line":7,"column":18}},"loc":{"start":{"line":7,"column":23},"end":{"line":7,"column":25}},"line":7},"3":{"name":"(anonymous_3)","decl":{"start":{"line":8,"column":17},"end":{"line":8,"column":18}},"loc":{"start":{"line":8,"column":23},"end":{"line":14,"column":5}},"line":8},"4":{"name":"(anonymous_4)","decl":{"start":{"line":10,"column":17},"end":{"line":10,"column":18}},"loc":{"start":{"line":10,"column":23},"end":{"line":13,"column":7}},"line":10},"5":{"name":"(anonymous_5)","decl":{"start":{"line":16,"column":16},"end":{"line":16,"column":17}},"loc":{"start":{"line":16,"column":22},"end":{"line":19,"column":5}},"line":16}},"branchMap":{},"s":{"0":25,"1":25,"2":25,"3":5,"4":5,"5":1,"6":1,"7":25,"8":2,"9":2,"10":1,"11":1,"12":1},"f":{"0":25,"1":0,"2":0,"3":5,"4":1,"5":2},"b":{},"_coverageSchema":"1a1c01bbd47fc00a2c39e90264f33305004495a9","hash":"dab5f30a1ce2dec88738588c7ddb57fc6a421d3c"},"C:\\Users\\anksaini1\\Documents\\projects\\atomic-react-components\\lib\\components\\molecules\\Search\\Search.style.js":{"path":"C:\\Users\\anksaini1\\Documents\\projects\\atomic-react-components\\lib\\components\\molecules\\Search\\Search.style.js","statementMap":{"0":{"start":{"line":73,"column":16},"end":{"line":73,"column":66}}},"fnMap":{"0":{"name":"(anonymous_0)","decl":{"start":{"line":73,"column":4},"end":{"line":73,"column":5}},"loc":{"start":{"line":73,"column":16},"end":{"line":73,"column":66}},"line":73}},"branchMap":{"0":{"loc":{"start":{"line":73,"column":16},"end":{"line":73,"column":66}},"type":"cond-expr","locations":[{"start":{"line":73,"column":40},"end":{"line":73,"column":61}},{"start":{"line":73,"column":64},"end":{"line":73,"column":66}}],"line":73}},"s":{"0":1},"f":{"0":1},"b":{"0":[0,1]},"_coverageSchema":"1a1c01bbd47fc00a2c39e90264f33305004495a9","hash":"3155c33a35cb525c5fa16b34fb907b75ef413b2d"},"C:\\Users\\anksaini1\\Documents\\projects\\atomic-react-components\\lib\\components\\molecules\\Search\\Search.js":{"path":"C:\\Users\\anksaini1\\Documents\\projects\\atomic-react-components\\lib\\components\\molecules\\Search\\Search.js","statementMap":{"0":{"start":{"line":18,"column":15},"end":{"line":106,"column":1}},"1":{"start":{"line":25,"column":42},"end":{"line":25,"column":74}},"2":{"start":{"line":26,"column":39},"end":{"line":26,"column":49}},"3":{"start":{"line":28,"column":24},"end":{"line":30,"column":3}},"4":{"start":{"line":29,"column":4},"end":{"line":29,"column":41}},"5":{"start":{"line":32,"column":23},"end":{"line":40,"column":3}},"6":{"start":{"line":34,"column":20},"end":{"line":36,"column":8}},"7":{"start":{"line":35,"column":8},"end":{"line":35,"column":74}},"8":{"start":{"line":37,"column":6},"end":{"line":37,"column":27}},"9":{"start":{"line":42,"column":37},"end":{"line":45,"column":3}},"10":{"start":{"line":43,"column":4},"end":{"line":43,"column":28}},"11":{"start":{"line":44,"column":4},"end":{"line":44,"column":25}},"12":{"start":{"line":47,"column":26},"end":{"line":47,"column":34}},"13":{"start":{"line":49,"column":67},"end":{"line":52,"column":4}},"14":{"start":{"line":54,"column":24},"end":{"line":54,"column":53}},"15":{"start":{"line":54,"column":30},"end":{"line":54,"column":53}},"16":{"start":{"line":56,"column":2},"end":{"line":105,"column":4}},"17":{"start":{"line":67,"column":12},"end":{"line":67,"column":51}},"18":{"start":{"line":71,"column":12},"end":{"line":71,"column":39}},"19":{"start":{"line":74,"column":12},"end":{"line":74,"column":35}},"20":{"start":{"line":75,"column":12},"end":{"line":75,"column":42}},"21":{"start":{"line":77,"column":45},"end":{"line":77,"column":65}},"22":{"start":{"line":108,"column":0},"end":{"line":111,"column":2}},"23":{"start":{"line":113,"column":43},"end":{"line":115,"column":1}}},"fnMap":{"0":{"name":"(anonymous_0)","decl":{"start":{"line":18,"column":15},"end":{"line":18,"column":16}},"loc":{"start":{"line":24,"column":13},"end":{"line":106,"column":1}},"line":24},"1":{"name":"(anonymous_1)","decl":{"start":{"line":28,"column":24},"end":{"line":28,"column":25}},"loc":{"start":{"line":28,"column":30},"end":{"line":30,"column":3}},"line":28},"2":{"name":"(anonymous_2)","decl":{"start":{"line":33,"column":4},"end":{"line":33,"column":5}},"loc":{"start":{"line":33,"column":19},"end":{"line":38,"column":5}},"line":33},"3":{"name":"(anonymous_3)","decl":{"start":{"line":34,"column":37},"end":{"line":34,"column":38}},"loc":{"start":{"line":34,"column":47},"end":{"line":36,"column":7}},"line":34},"4":{"name":"(anonymous_4)","decl":{"start":{"line":42,"column":37},"end":{"line":42,"column":38}},"loc":{"start":{"line":42,"column":49},"end":{"line":45,"column":3}},"line":42},"5":{"name":"(anonymous_5)","decl":{"start":{"line":47,"column":26},"end":{"line":47,"column":27}},"loc":{"start":{"line":47,"column":32},"end":{"line":47,"column":34}},"line":47},"6":{"name":"(anonymous_6)","decl":{"start":{"line":54,"column":24},"end":{"line":54,"column":25}},"loc":{"start":{"line":54,"column":30},"end":{"line":54,"column":53}},"line":54},"7":{"name":"(anonymous_7)","decl":{"start":{"line":66,"column":27},"end":{"line":66,"column":28}},"loc":{"start":{"line":66,"column":34},"end":{"line":68,"column":11}},"line":66},"8":{"name":"(anonymous_8)","decl":{"start":{"line":70,"column":22},"end":{"line":70,"column":23}},"loc":{"start":{"line":70,"column":28},"end":{"line":72,"column":11}},"line":70},"9":{"name":"(anonymous_9)","decl":{"start":{"line":73,"column":34},"end":{"line":73,"column":35}},"loc":{"start":{"line":73,"column":45},"end":{"line":76,"column":11}},"line":73},"10":{"name":"(anonymous_10)","decl":{"start":{"line":77,"column":35},"end":{"line":77,"column":36}},"loc":{"start":{"line":77,"column":45},"end":{"line":77,"column":65}},"line":77}},"branchMap":{"0":{"loc":{"start":{"line":25,"column":51},"end":{"line":25,"column":73}},"type":"binary-expr","locations":[{"start":{"line":25,"column":51},"end":{"line":25,"column":67}},{"start":{"line":25,"column":71},"end":{"line":25,"column":73}}],"line":25},"1":{"loc":{"start":{"line":85,"column":13},"end":{"line":97,"column":16}},"type":"binary-expr","locations":[{"start":{"line":85,"column":13},"end":{"line":85,"column":29}},{"start":{"line":86,"column":15},"end":{"line":97,"column":15}}],"line":85},"2":{"loc":{"start":{"line":86,"column":15},"end":{"line":97,"column":15}},"type":"cond-expr","locations":[{"start":{"line":87,"column":16},"end":{"line":87,"column":59}},{"start":{"line":90,"column":16},"end":{"line":96,"column":18}}],"line":86}},"s":{"0":1,"1":0,"2":0,"3":0,"4":0,"5":0,"6":0,"7":0,"8":0,"9":0,"10":0,"11":0,"12":0,"13":0,"14":0,"15":0,"16":0,"17":0,"18":0,"19":0,"20":0,"21":0,"22":1,"23":1},"f":{"0":0,"1":0,"2":0,"3":0,"4":0,"5":0,"6":0,"7":0,"8":0,"9":0,"10":0},"b":{"0":[0,0],"1":[0,0],"2":[0,0]},"_coverageSchema":"1a1c01bbd47fc00a2c39e90264f33305004495a9","hash":"198f800f1be7dc69182f7052bd79e5c6fef8540b"},"C:\\Users\\anksaini1\\Documents\\projects\\atomic-react-components\\lib\\components\\molecules\\Search\\index.js":{"path":"C:\\Users\\anksaini1\\Documents\\projects\\atomic-react-components\\lib\\components\\molecules\\Search\\index.js","statementMap":{},"fnMap":{},"branchMap":{},"s":{},"f":{},"b":{},"_coverageSchema":"1a1c01bbd47fc00a2c39e90264f33305004495a9","hash":"dfa74e763b1a8d6d6cdfdcb4e6cb1241776a4711"},"C:\\Users\\anksaini1\\Documents\\projects\\atomic-react-components\\lib\\components\\molecules\\CookieDisclaimer\\index.js":{"path":"C:\\Users\\anksaini1\\Documents\\projects\\atomic-react-components\\lib\\components\\molecules\\CookieDisclaimer\\index.js","statementMap":{},"fnMap":{},"branchMap":{},"s":{},"f":{},"b":{}},"C:\\Users\\anksaini1\\Documents\\projects\\atomic-react-components\\lib\\components\\hoc\\WithScripts\\types\\index.js":{"path":"C:\\Users\\anksaini1\\Documents\\projects\\atomic-react-components\\lib\\components\\hoc\\WithScripts\\types\\index.js","statementMap":{},"fnMap":{},"branchMap":{},"s":{},"f":{},"b":{}},"C:\\Users\\anksaini1\\Documents\\projects\\atomic-react-components\\lib\\components\\molecules\\ArticleThumbnail\\types\\index.js":{"path":"C:\\Users\\anksaini1\\Documents\\projects\\atomic-react-components\\lib\\components\\molecules\\ArticleThumbnail\\types\\index.js","statementMap":{},"fnMap":{},"branchMap":{},"s":{},"f":{},"b":{}},"C:\\Users\\anksaini1\\Documents\\projects\\atomic-react-components\\lib\\components\\molecules\\Accordion\\types\\index.js":{"path":"C:\\Users\\anksaini1\\Documents\\projects\\atomic-react-components\\lib\\components\\molecules\\Accordion\\types\\index.js","statementMap":{},"fnMap":{},"branchMap":{},"s":{},"f":{},"b":{}},"C:\\Users\\anksaini1\\Documents\\projects\\atomic-react-components\\lib\\components\\molecules\\Blockquote\\types\\index.js":{"path":"C:\\Users\\anksaini1\\Documents\\projects\\atomic-react-components\\lib\\components\\molecules\\Blockquote\\types\\index.js","statementMap":{},"fnMap":{},"branchMap":{},"s":{},"f":{},"b":{}},"C:\\Users\\anksaini1\\Documents\\projects\\atomic-react-components\\lib\\components\\molecules\\Breadcrumb\\types\\index.js":{"path":"C:\\Users\\anksaini1\\Documents\\projects\\atomic-react-components\\lib\\components\\molecules\\Breadcrumb\\types\\index.js","statementMap":{},"fnMap":{},"branchMap":{},"s":{},"f":{},"b":{}},"C:\\Users\\anksaini1\\Documents\\projects\\atomic-react-components\\lib\\components\\molecules\\Carousel\\types\\index.js":{"path":"C:\\Users\\anksaini1\\Documents\\projects\\atomic-react-components\\lib\\components\\molecules\\Carousel\\types\\index.js","statementMap":{},"fnMap":{},"branchMap":{},"s":{},"f":{},"b":{}},"C:\\Users\\anksaini1\\Documents\\projects\\atomic-react-components\\lib\\components\\molecules\\Modal\\index.js":{"path":"C:\\Users\\anksaini1\\Documents\\projects\\atomic-react-components\\lib\\components\\molecules\\Modal\\index.js","statementMap":{},"fnMap":{},"branchMap":{},"s":{},"f":{},"b":{}},"C:\\Users\\anksaini1\\Documents\\projects\\atomic-react-components\\lib\\components\\molecules\\HeroBanner\\types\\index.js":{"path":"C:\\Users\\anksaini1\\Documents\\projects\\atomic-react-components\\lib\\components\\molecules\\HeroBanner\\types\\index.js","statementMap":{},"fnMap":{},"branchMap":{},"s":{},"f":{},"b":{}},"C:\\Users\\anksaini1\\Documents\\projects\\atomic-react-components\\lib\\components\\molecules\\CookieDisclaimer\\types\\index.js":{"path":"C:\\Users\\anksaini1\\Documents\\projects\\atomic-react-components\\lib\\components\\molecules\\CookieDisclaimer\\types\\index.js","statementMap":{},"fnMap":{},"branchMap":{},"s":{},"f":{},"b":{}},"C:\\Users\\anksaini1\\Documents\\projects\\atomic-react-components\\lib\\components\\molecules\\Pagination\\types\\index.js":{"path":"C:\\Users\\anksaini1\\Documents\\projects\\atomic-react-components\\lib\\components\\molecules\\Pagination\\types\\index.js","statementMap":{},"fnMap":{},"branchMap":{},"s":{},"f":{},"b":{}},"C:\\Users\\anksaini1\\Documents\\projects\\atomic-react-components\\lib\\components\\molecules\\ProgressIndicator\\types\\index.js":{"path":"C:\\Users\\anksaini1\\Documents\\projects\\atomic-react-components\\lib\\components\\molecules\\ProgressIndicator\\types\\index.js","statementMap":{},"fnMap":{},"branchMap":{},"s":{},"f":{},"b":{}},"C:\\Users\\anksaini1\\Documents\\projects\\atomic-react-components\\lib\\components\\molecules\\Popover\\types\\index.js":{"path":"C:\\Users\\anksaini1\\Documents\\projects\\atomic-react-components\\lib\\components\\molecules\\Popover\\types\\index.js","statementMap":{},"fnMap":{},"branchMap":{},"s":{},"f":{},"b":{}},"C:\\Users\\anksaini1\\Documents\\projects\\atomic-react-components\\lib\\components\\molecules\\QuoteMedia\\types\\index.js":{"path":"C:\\Users\\anksaini1\\Documents\\projects\\atomic-react-components\\lib\\components\\molecules\\QuoteMedia\\types\\index.js","statementMap":{},"fnMap":{},"branchMap":{},"s":{},"f":{},"b":{}},"C:\\Users\\anksaini1\\Documents\\projects\\atomic-react-components\\lib\\components\\molecules\\Skeleton\\types\\index.js":{"path":"C:\\Users\\anksaini1\\Documents\\projects\\atomic-react-components\\lib\\components\\molecules\\Skeleton\\types\\index.js","statementMap":{},"fnMap":{},"branchMap":{},"s":{},"f":{},"b":{}},"C:\\Users\\anksaini1\\Documents\\projects\\atomic-react-components\\lib\\components\\molecules\\StickyBar\\types\\index.js":{"path":"C:\\Users\\anksaini1\\Documents\\projects\\atomic-react-components\\lib\\components\\molecules\\StickyBar\\types\\index.js","statementMap":{},"fnMap":{},"branchMap":{},"s":{},"f":{},"b":{}},"C:\\Users\\anksaini1\\Documents\\projects\\atomic-react-components\\lib\\components\\molecules\\Table\\types\\index.js":{"path":"C:\\Users\\anksaini1\\Documents\\projects\\atomic-react-components\\lib\\components\\molecules\\Table\\types\\index.js","statementMap":{},"fnMap":{},"branchMap":{},"s":{},"f":{},"b":{}},"C:\\Users\\anksaini1\\Documents\\projects\\atomic-react-components\\lib\\components\\molecules\\Tabs\\types\\index.js":{"path":"C:\\Users\\anksaini1\\Documents\\projects\\atomic-react-components\\lib\\components\\molecules\\Tabs\\types\\index.js","statementMap":{},"fnMap":{},"branchMap":{},"s":{},"f":{},"b":{}},"C:\\Users\\anksaini1\\Documents\\projects\\atomic-react-components\\lib\\components\\molecules\\QuoteMedia\\index.js":{"path":"C:\\Users\\anksaini1\\Documents\\projects\\atomic-react-components\\lib\\components\\molecules\\QuoteMedia\\index.js","statementMap":{},"fnMap":{},"branchMap":{},"s":{},"f":{},"b":{}},"C:\\Users\\anksaini1\\Documents\\projects\\atomic-react-components\\lib\\components\\molecules\\Toast\\types\\index.js":{"path":"C:\\Users\\anksaini1\\Documents\\projects\\atomic-react-components\\lib\\components\\molecules\\Toast\\types\\index.js","statementMap":{},"fnMap":{},"branchMap":{},"s":{},"f":{},"b":{}},"C:\\Users\\anksaini1\\Documents\\projects\\atomic-react-components\\lib\\components\\molecules\\Search\\types\\index.js":{"path":"C:\\Users\\anksaini1\\Documents\\projects\\atomic-react-components\\lib\\components\\molecules\\Search\\types\\index.js","statementMap":{},"fnMap":{},"branchMap":{},"s":{},"f":{},"b":{}},"C:\\Users\\anksaini1\\Documents\\projects\\atomic-react-components\\lib\\components\\molecules\\Form\\DragDropInput\\types\\index.js":{"path":"C:\\Users\\anksaini1\\Documents\\projects\\atomic-react-components\\lib\\components\\molecules\\Form\\DragDropInput\\types\\index.js","statementMap":{},"fnMap":{},"branchMap":{},"s":{},"f":{},"b":{}},"C:\\Users\\anksaini1\\Documents\\projects\\atomic-react-components\\lib\\core\\hooks\\speechRecognition\\types\\index.js":{"path":"C:\\Users\\anksaini1\\Documents\\projects\\atomic-react-components\\lib\\core\\hooks\\speechRecognition\\types\\index.js","statementMap":{},"fnMap":{},"branchMap":{},"s":{},"f":{},"b":{}},"C:\\Users\\anksaini1\\Documents\\projects\\atomic-react-components\\lib\\components\\molecules\\Form\\FieldFileInput\\types\\index.js":{"path":"C:\\Users\\anksaini1\\Documents\\projects\\atomic-react-components\\lib\\components\\molecules\\Form\\FieldFileInput\\types\\index.js","statementMap":{},"fnMap":{},"branchMap":{},"s":{},"f":{},"b":{}},"C:\\Users\\anksaini1\\Documents\\projects\\atomic-react-components\\lib\\components\\molecules\\Typeahead\\types\\index.js":{"path":"C:\\Users\\anksaini1\\Documents\\projects\\atomic-react-components\\lib\\components\\molecules\\Typeahead\\types\\index.js","statementMap":{},"fnMap":{},"branchMap":{},"s":{},"f":{},"b":{}},"C:\\Users\\anksaini1\\Documents\\projects\\atomic-react-components\\lib\\components\\molecules\\Form\\FieldToggle\\types\\index.js":{"path":"C:\\Users\\anksaini1\\Documents\\projects\\atomic-react-components\\lib\\components\\molecules\\Form\\FieldToggle\\types\\index.js","statementMap":{},"fnMap":{},"branchMap":{},"s":{},"f":{},"b":{}},"C:\\Users\\anksaini1\\Documents\\projects\\atomic-react-components\\lib\\components\\atoms\\Tag\\types\\index.js":{"path":"C:\\Users\\anksaini1\\Documents\\projects\\atomic-react-components\\lib\\components\\atoms\\Tag\\types\\index.js","statementMap":{},"fnMap":{},"branchMap":{},"s":{},"f":{},"b":{}},"C:\\Users\\anksaini1\\Documents\\projects\\atomic-react-components\\lib\\components\\atoms\\Track\\types\\index.js":{"path":"C:\\Users\\anksaini1\\Documents\\projects\\atomic-react-components\\lib\\components\\atoms\\Track\\types\\index.js","statementMap":{},"fnMap":{},"branchMap":{},"s":{},"f":{},"b":{}},"C:\\Users\\anksaini1\\Documents\\projects\\atomic-react-components\\lib\\components\\atoms\\Icon\\types\\index.js":{"path":"C:\\Users\\anksaini1\\Documents\\projects\\atomic-react-components\\lib\\components\\atoms\\Icon\\types\\index.js","statementMap":{},"fnMap":{},"branchMap":{},"s":{},"f":{},"b":{}},"C:\\Users\\anksaini1\\Documents\\projects\\atomic-react-components\\lib\\components\\atoms\\Video\\types\\index.js":{"path":"C:\\Users\\anksaini1\\Documents\\projects\\atomic-react-components\\lib\\components\\atoms\\Video\\types\\index.js","statementMap":{},"fnMap":{},"branchMap":{},"s":{},"f":{},"b":{}}}}