{
  "numFailedTestSuites": 0,
  "numFailedTests": 0,
  "numPassedTestSuites": 1,
  "numPassedTests": 13,
  "numPendingTestSuites": 0,
  "numPendingTests": 0,
  "numRuntimeErrorTestSuites": 0,
  "numTodoTests": 0,
  "numTotalTestSuites": 1,
  "numTotalTests": 13,
  "openHandles": [],
  "snapshot": {
    "added": 0,
    "didUpdate": false,
    "failure": false,
    "filesAdded": 0,
    "filesRemoved": 0,
    "filesRemovedList": [],
    "filesUnmatched": 0,
    "filesUpdated": 0,
    "matched": 1,
    "total": 1,
    "unchecked": 0,
    "uncheckedKeysByFile": [],
    "unmatched": 0,
    "updated": 0
  },
  "startTime": 1577705401814,
  "success": true,
  "testResults": [
    {
      "assertionResults": [
        {
          "ancestorTitles": ["<Pagination />"],
          "failureMessages": [],
          "fullName": "<Pagination /> should render correctly",
          "location": null,
          "status": "passed",
          "title": "should render correctly"
        },
        {
          "ancestorTitles": ["<Pagination />"],
          "failureMessages": [],
          "fullName": "<Pagination /> should render `.pagination` component",
          "location": null,
          "status": "passed",
          "title": "should render `.pagination` component"
        },
        {
          "ancestorTitles": ["<Pagination />"],
          "failureMessages": [],
          "fullName": "<Pagination /> should render an `.last`",
          "location": null,
          "status": "passed",
          "title": "should render an `.last`"
        },
        {
          "ancestorTitles": ["<Pagination />"],
          "failureMessages": [],
          "fullName": "<Pagination /> should render an `.previous`",
          "location": null,
          "status": "passed",
          "title": "should render an `.previous`"
        },
        {
          "ancestorTitles": ["<Pagination />"],
          "failureMessages": [],
          "fullName": "<Pagination /> should render an `.next`",
          "location": null,
          "status": "passed",
          "title": "should render an `.next`"
        },
        {
          "ancestorTitles": ["<Pagination />"],
          "failureMessages": [],
          "fullName": "<Pagination /> should render a `firstLabel`",
          "location": null,
          "status": "passed",
          "title": "should render a `firstLabel`"
        },
        {
          "ancestorTitles": ["<Pagination />"],
          "failureMessages": [],
          "fullName": "<Pagination /> should render a `nextLabel`",
          "location": null,
          "status": "passed",
          "title": "should render a `nextLabel`"
        },
        {
          "ancestorTitles": ["<Pagination />"],
          "failureMessages": [],
          "fullName": "<Pagination /> should render a `lastLabel`",
          "location": null,
          "status": "passed",
          "title": "should render a `lastLabel`"
        },
        {
          "ancestorTitles": ["<Pagination />"],
          "failureMessages": [],
          "fullName": "<Pagination /> should render a `previousLabel`",
          "location": null,
          "status": "passed",
          "title": "should render a `previousLabel`"
        },
        {
          "ancestorTitles": ["<Pagination />"],
          "failureMessages": [],
          "fullName": "<Pagination /> should test click event on first button",
          "location": null,
          "status": "passed",
          "title": "should test click event on first button"
        },
        {
          "ancestorTitles": ["<Pagination />"],
          "failureMessages": [],
          "fullName": "<Pagination /> should test click event on next button",
          "location": null,
          "status": "passed",
          "title": "should test click event on next button"
        },
        {
          "ancestorTitles": ["<Pagination />"],
          "failureMessages": [],
          "fullName": "<Pagination /> should test click event on last button",
          "location": null,
          "status": "passed",
          "title": "should test click event on last button"
        },
        {
          "ancestorTitles": ["<Pagination />"],
          "failureMessages": [],
          "fullName": "<Pagination /> should test click event on previous button",
          "location": null,
          "status": "passed",
          "title": "should test click event on previous button"
        }
      ],
      "endTime": 1577705402765,
      "message": "",
      "name": "/Users/visjha/Desktop/learning/learning-in-project/atomic-react-components/lib/components/molecules/Pagination/tests/Pagination.test.js",
      "startTime": 1577705402235,
      "status": "passed",
      "summary": ""
    }
  ],
  "wasInterrupted": false,
  "coverageMap": {
    "/Users/visjha/Desktop/learning/learning-in-project/atomic-react-components/lib/components/molecules/Pagination/Pagination.js": {
      "path": "/Users/visjha/Desktop/learning/learning-in-project/atomic-react-components/lib/components/molecules/Pagination/Pagination.js",
      "statementMap": {
        "0": { "start": { "line": 14, "column": 19 }, "end": { "line": 165, "column": 1 } },
        "1": { "start": { "line": 36, "column": 40 }, "end": { "line": 36, "column": 52 } },
        "2": { "start": { "line": 37, "column": 38 }, "end": { "line": 37, "column": 59 } },
        "3": { "start": { "line": 38, "column": 64 }, "end": { "line": 38, "column": 79 } },
        "4": { "start": { "line": 39, "column": 56 }, "end": { "line": 39, "column": 71 } },
        "5": { "start": { "line": 41, "column": 2 }, "end": { "line": 52, "column": 9 } },
        "6": { "start": { "line": 42, "column": 18 }, "end": { "line": 42, "column": 20 } },
        "7": { "start": { "line": 43, "column": 12 }, "end": { "line": 43, "column": 13 } },
        "8": { "start": { "line": 44, "column": 4 }, "end": { "line": 47, "column": 54 } },
        "9": { "start": { "line": 45, "column": 6 }, "end": { "line": 45, "column": 13 } },
        "10": { "start": { "line": 46, "column": 6 }, "end": { "line": 46, "column": 20 } },
        "11": { "start": { "line": 48, "column": 4 }, "end": { "line": 48, "column": 26 } },
        "12": { "start": { "line": 49, "column": 4 }, "end": { "line": 51, "column": 5 } },
        "13": { "start": { "line": 50, "column": 6 }, "end": { "line": 50, "column": 23 } },
        "14": { "start": { "line": 54, "column": 2 }, "end": { "line": 57, "column": 19 } },
        "15": { "start": { "line": 55, "column": 4 }, "end": { "line": 55, "column": 49 } },
        "16": { "start": { "line": 56, "column": 4 }, "end": { "line": 56, "column": 62 } },
        "17": { "start": { "line": 59, "column": 28 }, "end": { "line": 63, "column": 3 } },
        "18": { "start": { "line": 60, "column": 28 }, "end": { "line": 60, "column": 49 } },
        "19": { "start": { "line": 61, "column": 29 }, "end": { "line": 61, "column": 55 } },
        "20": { "start": { "line": 62, "column": 4 }, "end": { "line": 62, "column": 80 } },
        "21": { "start": { "line": 65, "column": 28 }, "end": { "line": 70, "column": 3 } },
        "22": { "start": { "line": 66, "column": 4 }, "end": { "line": 66, "column": 24 } },
        "23": { "start": { "line": 67, "column": 4 }, "end": { "line": 69, "column": 5 } },
        "24": { "start": { "line": 68, "column": 6 }, "end": { "line": 68, "column": 25 } },
        "25": { "start": { "line": 72, "column": 29 }, "end": { "line": 75, "column": 3 } },
        "26": { "start": { "line": 73, "column": 21 }, "end": { "line": 73, "column": 35 } },
        "27": { "start": { "line": 74, "column": 4 }, "end": { "line": 74, "column": 32 } },
        "28": { "start": { "line": 77, "column": 30 }, "end": { "line": 80, "column": 3 } },
        "29": { "start": { "line": 78, "column": 25 }, "end": { "line": 78, "column": 39 } },
        "30": { "start": { "line": 79, "column": 4 }, "end": { "line": 79, "column": 36 } },
        "31": { "start": { "line": 82, "column": 22 }, "end": { "line": 85, "column": 3 } },
        "32": { "start": { "line": 83, "column": 22 }, "end": { "line": 83, "column": 23 } },
        "33": { "start": { "line": 84, "column": 4 }, "end": { "line": 84, "column": 33 } },
        "34": { "start": { "line": 87, "column": 21 }, "end": { "line": 90, "column": 3 } },
        "35": { "start": { "line": 88, "column": 21 }, "end": { "line": 88, "column": 39 } },
        "36": { "start": { "line": 89, "column": 4 }, "end": { "line": 89, "column": 32 } },
        "37": { "start": { "line": 92, "column": 30 }, "end": { "line": 100, "column": 3 } },
        "38": { "start": { "line": 93, "column": 4 }, "end": { "line": 98, "column": 5 } },
        "39": { "start": { "line": 94, "column": 6 }, "end": { "line": 97, "column": 9 } },
        "40": { "start": { "line": 99, "column": 4 }, "end": { "line": 99, "column": 17 } },
        "41": { "start": { "line": 102, "column": 2 }, "end": { "line": 164, "column": 4 } },
        "42": { "start": { "line": 167, "column": 0 }, "end": { "line": 188, "column": 2 } }
      },
      "fnMap": {
        "0": {
          "name": "(anonymous_0)",
          "decl": { "start": { "line": 14, "column": 19 }, "end": { "line": 14, "column": 20 } },
          "loc": { "start": { "line": 35, "column": 19 }, "end": { "line": 165, "column": 1 } },
          "line": 35
        },
        "1": {
          "name": "(anonymous_1)",
          "decl": { "start": { "line": 41, "column": 12 }, "end": { "line": 41, "column": 13 } },
          "loc": { "start": { "line": 41, "column": 18 }, "end": { "line": 52, "column": 3 } },
          "line": 41
        },
        "2": {
          "name": "(anonymous_2)",
          "decl": { "start": { "line": 54, "column": 12 }, "end": { "line": 54, "column": 13 } },
          "loc": { "start": { "line": 54, "column": 18 }, "end": { "line": 57, "column": 3 } },
          "line": 54
        },
        "3": {
          "name": "(anonymous_3)",
          "decl": { "start": { "line": 59, "column": 28 }, "end": { "line": 59, "column": 29 } },
          "loc": { "start": { "line": 59, "column": 34 }, "end": { "line": 63, "column": 3 } },
          "line": 59
        },
        "4": {
          "name": "(anonymous_4)",
          "decl": { "start": { "line": 65, "column": 28 }, "end": { "line": 65, "column": 29 } },
          "loc": { "start": { "line": 65, "column": 36 }, "end": { "line": 70, "column": 3 } },
          "line": 65
        },
        "5": {
          "name": "(anonymous_5)",
          "decl": { "start": { "line": 72, "column": 29 }, "end": { "line": 72, "column": 30 } },
          "loc": { "start": { "line": 72, "column": 35 }, "end": { "line": 75, "column": 3 } },
          "line": 72
        },
        "6": {
          "name": "(anonymous_6)",
          "decl": { "start": { "line": 77, "column": 30 }, "end": { "line": 77, "column": 31 } },
          "loc": { "start": { "line": 77, "column": 36 }, "end": { "line": 80, "column": 3 } },
          "line": 77
        },
        "7": {
          "name": "(anonymous_7)",
          "decl": { "start": { "line": 82, "column": 22 }, "end": { "line": 82, "column": 23 } },
          "loc": { "start": { "line": 82, "column": 28 }, "end": { "line": 85, "column": 3 } },
          "line": 82
        },
        "8": {
          "name": "(anonymous_8)",
          "decl": { "start": { "line": 87, "column": 21 }, "end": { "line": 87, "column": 22 } },
          "loc": { "start": { "line": 87, "column": 27 }, "end": { "line": 90, "column": 3 } },
          "line": 87
        },
        "9": {
          "name": "(anonymous_9)",
          "decl": { "start": { "line": 92, "column": 30 }, "end": { "line": 92, "column": 31 } },
          "loc": { "start": { "line": 92, "column": 36 }, "end": { "line": 100, "column": 3 } },
          "line": 92
        }
      },
      "branchMap": {
        "0": {
          "loc": { "start": { "line": 49, "column": 4 }, "end": { "line": 51, "column": 5 } },
          "type": "if",
          "locations": [
            { "start": { "line": 49, "column": 4 }, "end": { "line": 51, "column": 5 } },
            { "start": { "line": 49, "column": 4 }, "end": { "line": 51, "column": 5 } }
          ],
          "line": 49
        },
        "1": {
          "loc": { "start": { "line": 62, "column": 11 }, "end": { "line": 62, "column": 79 } },
          "type": "binary-expr",
          "locations": [
            { "start": { "line": 62, "column": 11 }, "end": { "line": 62, "column": 15 } },
            { "start": { "line": 62, "column": 19 }, "end": { "line": 62, "column": 30 } },
            { "start": { "line": 62, "column": 34 }, "end": { "line": 62, "column": 79 } }
          ],
          "line": 62
        },
        "2": {
          "loc": { "start": { "line": 67, "column": 4 }, "end": { "line": 69, "column": 5 } },
          "type": "if",
          "locations": [
            { "start": { "line": 67, "column": 4 }, "end": { "line": 69, "column": 5 } },
            { "start": { "line": 67, "column": 4 }, "end": { "line": 69, "column": 5 } }
          ],
          "line": 67
        },
        "3": {
          "loc": { "start": { "line": 93, "column": 4 }, "end": { "line": 98, "column": 5 } },
          "type": "if",
          "locations": [
            { "start": { "line": 93, "column": 4 }, "end": { "line": 98, "column": 5 } },
            { "start": { "line": 93, "column": 4 }, "end": { "line": 98, "column": 5 } }
          ],
          "line": 93
        },
        "4": {
          "loc": { "start": { "line": 107, "column": 11 }, "end": { "line": 118, "column": 11 } },
          "type": "binary-expr",
          "locations": [
            { "start": { "line": 107, "column": 11 }, "end": { "line": 107, "column": 23 } },
            { "start": { "line": 108, "column": 12 }, "end": { "line": 117, "column": 17 } }
          ],
          "line": 107
        },
        "5": {
          "loc": { "start": { "line": 119, "column": 11 }, "end": { "line": 129, "column": 11 } },
          "type": "binary-expr",
          "locations": [
            { "start": { "line": 119, "column": 11 }, "end": { "line": 119, "column": 26 } },
            { "start": { "line": 120, "column": 12 }, "end": { "line": 128, "column": 17 } }
          ],
          "line": 119
        },
        "6": {
          "loc": { "start": { "line": 139, "column": 11 }, "end": { "line": 149, "column": 11 } },
          "type": "binary-expr",
          "locations": [
            { "start": { "line": 139, "column": 11 }, "end": { "line": 139, "column": 22 } },
            { "start": { "line": 140, "column": 12 }, "end": { "line": 148, "column": 17 } }
          ],
          "line": 139
        },
        "7": {
          "loc": { "start": { "line": 150, "column": 11 }, "end": { "line": 160, "column": 11 } },
          "type": "binary-expr",
          "locations": [
            { "start": { "line": 150, "column": 11 }, "end": { "line": 150, "column": 22 } },
            { "start": { "line": 151, "column": 12 }, "end": { "line": 159, "column": 17 } }
          ],
          "line": 150
        }
      },
      "s": {
        "0": 1,
        "1": 21,
        "2": 21,
        "3": 21,
        "4": 21,
        "5": 21,
        "6": 0,
        "7": 0,
        "8": 0,
        "9": 0,
        "10": 0,
        "11": 0,
        "12": 0,
        "13": 0,
        "14": 21,
        "15": 0,
        "16": 0,
        "17": 21,
        "18": 8,
        "19": 8,
        "20": 8,
        "21": 21,
        "22": 4,
        "23": 4,
        "24": 4,
        "25": 21,
        "26": 1,
        "27": 1,
        "28": 21,
        "29": 1,
        "30": 1,
        "31": 21,
        "32": 1,
        "33": 1,
        "34": 21,
        "35": 1,
        "36": 1,
        "37": 21,
        "38": 21,
        "39": 8,
        "40": 13,
        "41": 21,
        "42": 1
      },
      "f": { "0": 21, "1": 0, "2": 0, "3": 8, "4": 4, "5": 1, "6": 1, "7": 1, "8": 1, "9": 21 },
      "b": {
        "0": [0, 0],
        "1": [8, 8, 0],
        "2": [4, 0],
        "3": [8, 13],
        "4": [21, 21],
        "5": [21, 21],
        "6": [21, 21],
        "7": [21, 21]
      },
      "_coverageSchema": "43e27e138ebf9cfc5966b082cf9a028302ed4184",
      "hash": "927917c8c27693adf91d3b41a51c412b16334484"
    },
    "/Users/visjha/Desktop/learning/learning-in-project/atomic-react-components/lib/components/molecules/Pagination/types/index.js": {
      "path": "/Users/visjha/Desktop/learning/learning-in-project/atomic-react-components/lib/components/molecules/Pagination/types/index.js",
      "statementMap": {},
      "fnMap": {},
      "branchMap": {},
      "s": {},
      "f": {},
      "b": {},
      "hash": "750e472c702a51048022b8fdcec1e0cc30e86730"
    }
  }
}
