{
  "numFailedTestSuites": 0,
  "numFailedTests": 0,
  "numPassedTestSuites": 5,
  "numPassedTests": 25,
  "numPendingTestSuites": 0,
  "numPendingTests": 1,
  "numRuntimeErrorTestSuites": 0,
  "numTodoTests": 0,
  "numTotalTestSuites": 5,
  "numTotalTests": 26,
  "openHandles": [],
  "snapshot": {
    "added": 0,
    "didUpdate": false,
    "failure": false,
    "filesAdded": 0,
    "filesRemoved": 0,
    "filesRemovedList": [],
    "filesUnmatched": 0,
    "filesUpdated": 0,
    "matched": 9,
    "total": 9,
    "unchecked": 0,
    "uncheckedKeysByFile": [],
    "unmatched": 0,
    "updated": 0
  },
  "startTime": 1576739825556,
  "success": false,
  "testResults": [
    {
      "assertionResults": [
        {
          "ancestorTitles": ["FieldInput Component"],
          "failureMessages": [],
          "fullName": "FieldInput Component should render correctly",
          "location": null,
          "status": "passed",
          "title": "should render correctly"
        },
        {
          "ancestorTitles": ["FieldInput Component"],
          "failureMessages": [],
          "fullName": "FieldInput Component should render button with type = \"button\".",
          "location": null,
          "status": "passed",
          "title": "should render button with type = \"button\"."
        },
        {
          "ancestorTitles": ["FieldInput Component"],
          "failureMessages": [],
          "fullName": "FieldInput Component should render 1st button with theme prop type, tertiary",
          "location": null,
          "status": "passed",
          "title": "should render 1st button with theme prop type, tertiary"
        },
        {
          "ancestorTitles": ["FieldInput Component"],
          "failureMessages": [],
          "fullName": "FieldInput Component should render 2nd button with theme prop type, primary",
          "location": null,
          "status": "passed",
          "title": "should render 2nd button with theme prop type, primary"
        },
        {
          "ancestorTitles": ["FieldInput Component"],
          "failureMessages": [],
          "fullName": "FieldInput Component should simulate button click",
          "location": null,
          "status": "pending",
          "title": "should simulate button click"
        },
        {
          "ancestorTitles": ["FieldInput Component"],
          "failureMessages": [],
          "fullName": "FieldInput Component should match the button text rendered",
          "location": null,
          "status": "passed",
          "title": "should match the button text rendered"
        },
        {
          "ancestorTitles": ["FieldInput Component"],
          "failureMessages": [],
          "fullName": "FieldInput Component should match the button text rendered for second button",
          "location": null,
          "status": "passed",
          "title": "should match the button text rendered for second button"
        },
        {
          "ancestorTitles": ["FieldInput Component"],
          "failureMessages": [],
          "fullName": "FieldInput Component should match the label rendered correctly.",
          "location": null,
          "status": "passed",
          "title": "should match the label rendered correctly."
        },
        {
          "ancestorTitles": ["FieldInput Component"],
          "failureMessages": [],
          "fullName": "FieldInput Component should match the input rendered correctly.",
          "location": null,
          "status": "passed",
          "title": "should match the input rendered correctly."
        },
        {
          "ancestorTitles": ["FieldInput Component"],
          "failureMessages": [],
          "fullName": "FieldInput Component should match the input rendered correctly on change event simulation.",
          "location": null,
          "status": "passed",
          "title": "should match the input rendered correctly on change event simulation."
        },
        {
          "ancestorTitles": ["FieldInput Component"],
          "failureMessages": [],
          "fullName": "FieldInput Component should match the input rendered correctly on blur event simulation.",
          "location": null,
          "status": "passed",
          "title": "should match the input rendered correctly on blur event simulation."
        }
      ],
      "endTime": 1576739847819,
      "message": "",
      "name": "C:\\Users\\salkapoo\\Desktop\\Learning\\React\\lib\\components\\molecules\\Form\\FieldFileInput\\tests\\FieldFileInput.test.js",
      "startTime": 1576739844618,
      "status": "passed",
      "summary": ""
    },
    {
      "assertionResults": [
        {
          "ancestorTitles": ["Form Component"],
          "failureMessages": [],
          "fullName": "Form Component should render select tag correctly",
          "location": null,
          "status": "passed",
          "title": "should render select tag correctly"
        },
        {
          "ancestorTitles": ["Form Component"],
          "failureMessages": [],
          "fullName": "Form Component should render input text field",
          "location": null,
          "status": "passed",
          "title": "should render input text field"
        },
        {
          "ancestorTitles": ["Form Component"],
          "failureMessages": [],
          "fullName": "Form Component should render select field",
          "location": null,
          "status": "passed",
          "title": "should render select field"
        },
        {
          "ancestorTitles": ["Form Component"],
          "failureMessages": [],
          "fullName": "Form Component should render input field with yupValidationSchema",
          "location": null,
          "status": "passed",
          "title": "should render input field with yupValidationSchema"
        },
        {
          "ancestorTitles": ["Form Component"],
          "failureMessages": [],
          "fullName": "Form Component should render input field with no validation",
          "location": null,
          "status": "passed",
          "title": "should render input field with no validation"
        },
        {
          "ancestorTitles": ["Form Component"],
          "failureMessages": [],
          "fullName": "Form Component getSchema should return null if no params are passed",
          "location": null,
          "status": "passed",
          "title": "getSchema should return null if no params are passed"
        }
      ],
      "endTime": 1576739848699,
      "message": "",
      "name": "C:\\Users\\salkapoo\\Desktop\\Learning\\React\\lib\\components\\molecules\\Form\\tests\\Form.test.js",
      "startTime": 1576739844704,
      "status": "passed",
      "summary": ""
    },
    {
      "assertionResults": [
        {
          "ancestorTitles": ["FieldTextarea Component"],
          "failureMessages": [],
          "fullName": "FieldTextarea Component should render correctly",
          "location": null,
          "status": "passed",
          "title": "should render correctly"
        },
        {
          "ancestorTitles": ["FieldTextarea Component"],
          "failureMessages": [],
          "fullName": "FieldTextarea Component should render label correctly",
          "location": null,
          "status": "passed",
          "title": "should render label correctly"
        },
        {
          "ancestorTitles": ["FieldTextarea Component"],
          "failureMessages": [],
          "fullName": "FieldTextarea Component should render textarea tag",
          "location": null,
          "status": "passed",
          "title": "should render textarea tag"
        }
      ],
      "endTime": 1576739848770,
      "message": "",
      "name": "C:\\Users\\salkapoo\\Desktop\\Learning\\React\\lib\\components\\molecules\\Form\\FieldTextarea\\tests\\FieldTextarea.test.js",
      "startTime": 1576739844817,
      "status": "passed",
      "summary": ""
    },
    {
      "assertionResults": [
        {
          "ancestorTitles": ["FieldInput Component"],
          "failureMessages": [],
          "fullName": "FieldInput Component should render correctly",
          "location": null,
          "status": "passed",
          "title": "should render correctly"
        },
        {
          "ancestorTitles": ["FieldInput Component"],
          "failureMessages": [],
          "fullName": "FieldInput Component should render label correctly",
          "location": null,
          "status": "passed",
          "title": "should render label correctly"
        },
        {
          "ancestorTitles": ["FieldInput Component"],
          "failureMessages": [],
          "fullName": "FieldInput Component should render select tag",
          "location": null,
          "status": "passed",
          "title": "should render select tag"
        }
      ],
      "endTime": 1576739848838,
      "message": "",
      "name": "C:\\Users\\salkapoo\\Desktop\\Learning\\React\\lib\\components\\molecules\\Form\\FieldSelect\\tests\\FieldSelect.test.js",
      "startTime": 1576739844731,
      "status": "passed",
      "summary": ""
    },
    {
      "assertionResults": [
        {
          "ancestorTitles": ["FieldInput Component"],
          "failureMessages": [],
          "fullName": "FieldInput Component should render correctly",
          "location": null,
          "status": "passed",
          "title": "should render correctly"
        },
        {
          "ancestorTitles": ["FieldInput Component"],
          "failureMessages": [],
          "fullName": "FieldInput Component should render label correctly",
          "location": null,
          "status": "passed",
          "title": "should render label correctly"
        },
        {
          "ancestorTitles": ["FieldInput Component"],
          "failureMessages": [],
          "fullName": "FieldInput Component should render Input component with proper type",
          "location": null,
          "status": "passed",
          "title": "should render Input component with proper type"
        }
      ],
      "endTime": 1576739849977,
      "message": "",
      "name": "C:\\Users\\salkapoo\\Desktop\\Learning\\React\\lib\\components\\molecules\\Form\\FieldInput\\tests\\FieldInput.test.js",
      "startTime": 1576739848715,
      "status": "passed",
      "summary": ""
    }
  ],
  "wasInterrupted": false,
  "coverageMap": {
    "C:\\Users\\salkapoo\\Desktop\\Learning\\React\\lib\\components\\molecules\\Form\\FieldFileInput\\FieldFileInput.js": {
      "path": "C:\\Users\\salkapoo\\Desktop\\Learning\\React\\lib\\components\\molecules\\Form\\FieldFileInput\\FieldFileInput.js",
      "statementMap": {
        "0": { "start": { "line": 14, "column": 23 }, "end": { "line": 66, "column": 1 } },
        "1": { "start": { "line": 26, "column": 20 }, "end": { "line": 26, "column": 37 } },
        "2": { "start": { "line": 27, "column": 29 }, "end": { "line": 27, "column": 48 } },
        "3": { "start": { "line": 29, "column": 2 }, "end": { "line": 65, "column": 4 } },
        "4": { "start": { "line": 38, "column": 47 }, "end": { "line": 38, "column": 51 } },
        "5": { "start": { "line": 39, "column": 10 }, "end": { "line": 54, "column": 12 } },
        "6": { "start": { "line": 46, "column": 16 }, "end": { "line": 46, "column": 32 } },
        "7": { "start": { "line": 47, "column": 16 }, "end": { "line": 47, "column": 48 } },
        "8": { "start": { "line": 47, "column": 30 }, "end": { "line": 47, "column": 48 } },
        "9": { "start": { "line": 50, "column": 16 }, "end": { "line": 50, "column": 30 } },
        "10": { "start": { "line": 51, "column": 16 }, "end": { "line": 51, "column": 44 } },
        "11": { "start": { "line": 51, "column": 28 }, "end": { "line": 51, "column": 44 } },
        "12": { "start": { "line": 58, "column": 52 }, "end": { "line": 58, "column": 77 } },
        "13": { "start": { "line": 68, "column": 0 }, "end": { "line": 78, "column": 2 } }
      },
      "fnMap": {
        "0": {
          "name": "(anonymous_0)",
          "decl": { "start": { "line": 14, "column": 23 }, "end": { "line": 14, "column": 24 } },
          "loc": { "start": { "line": 25, "column": 33 }, "end": { "line": 66, "column": 1 } },
          "line": 25
        },
        "1": {
          "name": "(anonymous_1)",
          "decl": { "start": { "line": 37, "column": 16 }, "end": { "line": 37, "column": 17 } },
          "loc": { "start": { "line": 37, "column": 37 }, "end": { "line": 55, "column": 9 } },
          "line": 37
        },
        "2": {
          "name": "(anonymous_2)",
          "decl": { "start": { "line": 45, "column": 24 }, "end": { "line": 45, "column": 25 } },
          "loc": { "start": { "line": 45, "column": 29 }, "end": { "line": 48, "column": 15 } },
          "line": 45
        },
        "3": {
          "name": "(anonymous_3)",
          "decl": { "start": { "line": 49, "column": 22 }, "end": { "line": 49, "column": 23 } },
          "loc": { "start": { "line": 49, "column": 27 }, "end": { "line": 52, "column": 15 } },
          "line": 49
        },
        "4": {
          "name": "(anonymous_4)",
          "decl": { "start": { "line": 58, "column": 46 }, "end": { "line": 58, "column": 47 } },
          "loc": { "start": { "line": 58, "column": 52 }, "end": { "line": 58, "column": 77 } },
          "line": 58
        }
      },
      "branchMap": {
        "0": {
          "loc": { "start": { "line": 47, "column": 16 }, "end": { "line": 47, "column": 48 } },
          "type": "if",
          "locations": [
            { "start": { "line": 47, "column": 16 }, "end": { "line": 47, "column": 48 } },
            { "start": { "line": 47, "column": 16 }, "end": { "line": 47, "column": 48 } }
          ],
          "line": 47
        },
        "1": {
          "loc": { "start": { "line": 51, "column": 16 }, "end": { "line": 51, "column": 44 } },
          "type": "if",
          "locations": [
            { "start": { "line": 51, "column": 16 }, "end": { "line": 51, "column": 44 } },
            { "start": { "line": 51, "column": 16 }, "end": { "line": 51, "column": 44 } }
          ],
          "line": 51
        }
      },
      "s": {
        "0": 5,
        "1": 10,
        "2": 10,
        "3": 10,
        "4": 0,
        "5": 0,
        "6": 0,
        "7": 0,
        "8": 0,
        "9": 0,
        "10": 0,
        "11": 0,
        "12": 0,
        "13": 5
      },
      "f": { "0": 10, "1": 0, "2": 0, "3": 0, "4": 0 },
      "b": { "0": [0, 0], "1": [0, 0] },
      "_coverageSchema": "43e27e138ebf9cfc5966b082cf9a028302ed4184",
      "hash": "8e1d52c2fe8de5e5da9d88a71f684614af92493b"
    }
  }
}
