{
  "numFailedTestSuites": 0,
  "numFailedTests": 0,
  "numPassedTestSuites": 53,
  "numPassedTests": 214,
  "numPendingTestSuites": 0,
  "numPendingTests": 32,
  "numRuntimeErrorTestSuites": 0,
  "numTodoTests": 0,
  "numTotalTestSuites": 53,
  "numTotalTests": 246,
  "openHandles": [],
  "snapshot": {
    "added": 0,
    "didUpdate": true,
    "failure": false,
    "filesAdded": 0,
    "filesRemoved": 0,
    "filesRemovedList": [],
    "filesUnmatched": 0,
    "filesUpdated": 0,
    "matched": 60,
    "total": 60,
    "unchecked": 0,
    "uncheckedKeysByFile": [],
    "unmatched": 0,
    "updated": 0
  },
  "startTime": 1597751787073,
  "success": true,
  "testResults": [
    {
      "assertionResults": [
        {
          "ancestorTitles": ["<Popover /> Rendering"],
          "failureMessages": [],
          "fullName": "<Popover /> Rendering should render correctly",
          "location": null,
          "status": "passed",
          "title": "should render correctly"
        },
        {
          "ancestorTitles": ["Popover functional behavior"],
          "failureMessages": [],
          "fullName": "Popover functional behavior Should have Close Button By Default and can be closed",
          "location": null,
          "status": "pending",
          "title": "Should have Close Button By Default and can be closed"
        },
        {
          "ancestorTitles": ["Popover functional behavior"],
          "failureMessages": [],
          "fullName": "Popover functional behavior Should open By Default when isVisible set to true",
          "location": null,
          "status": "pending",
          "title": "Should open By Default when isVisible set to true"
        },
        {
          "ancestorTitles": ["Popover functional behavior"],
          "failureMessages": [],
          "fullName": "Popover functional behavior Should open and close on Trigger and X button click",
          "location": null,
          "status": "pending",
          "title": "Should open and close on Trigger and X button click"
        }
      ],
      "endTime": 1597751791330,
      "message": "",
      "name": "/Volumes/Files/projects/atomic-react-components/lib/components/molecules/Popover/tests/Popover.test.js",
      "startTime": 1597751788170,
      "status": "passed",
      "summary": ""
    },
    {
      "assertionResults": [
        {
          "ancestorTitles": ["<QuoteMedia />"],
          "failureMessages": [],
          "fullName": "<QuoteMedia /> Should have component heading being displayed",
          "location": null,
          "status": "passed",
          "title": "Should have component heading being displayed"
        },
        {
          "ancestorTitles": ["<QuoteMedia />"],
          "failureMessages": [],
          "fullName": "<QuoteMedia /> Should allow quote component passing",
          "location": null,
          "status": "passed",
          "title": "Should allow quote component passing"
        },
        {
          "ancestorTitles": ["<QuoteMedia />"],
          "failureMessages": [],
          "fullName": "<QuoteMedia /> Should render media Image in component body",
          "location": null,
          "status": "passed",
          "title": "Should render media Image in component body"
        },
        {
          "ancestorTitles": ["<QuoteMedia />"],
          "failureMessages": [],
          "fullName": "<QuoteMedia /> Should render correctly",
          "location": null,
          "status": "passed",
          "title": "Should render correctly"
        }
      ],
      "endTime": 1597751791338,
      "message": "",
      "name": "/Volumes/Files/projects/atomic-react-components/lib/components/molecules/QuoteMedia/tests/QuoteMedia.test.js",
      "startTime": 1597751788216,
      "status": "passed",
      "summary": ""
    },
    {
      "assertionResults": [
        {
          "ancestorTitles": ["DDFieldInput Component"],
          "failureMessages": [],
          "fullName": "DDFieldInput Component should render correctly",
          "location": null,
          "status": "passed",
          "title": "should render correctly"
        },
        {
          "ancestorTitles": ["DDFieldInput Component"],
          "failureMessages": [],
          "fullName": "DDFieldInput Component should render Input component with proper type for multiple file upload.",
          "location": null,
          "status": "passed",
          "title": "should render Input component with proper type for multiple file upload."
        },
        {
          "ancestorTitles": ["DDFieldInput Component"],
          "failureMessages": [],
          "fullName": "DDFieldInput Component should render the component with prop correctly",
          "location": null,
          "status": "passed",
          "title": "should render the component with prop correctly"
        },
        {
          "ancestorTitles": ["DDFieldInput Component"],
          "failureMessages": [],
          "fullName": "DDFieldInput Component should match the input rendered correctly on change event simulation.",
          "location": null,
          "status": "passed",
          "title": "should match the input rendered correctly on change event simulation."
        },
        {
          "ancestorTitles": ["DDFieldInput Component"],
          "failureMessages": [],
          "fullName": "DDFieldInput Component should match the input rendered correctly on blur event simulation.",
          "location": null,
          "status": "passed",
          "title": "should match the input rendered correctly on blur event simulation."
        },
        {
          "ancestorTitles": ["testing the custom hook methods for drag and drop"],
          "failureMessages": [],
          "fullName": "testing the custom hook methods for drag and drop should simulate file upload and return array",
          "location": null,
          "status": "passed",
          "title": "should simulate file upload and return array"
        },
        {
          "ancestorTitles": ["testing the custom hook methods for drag and drop"],
          "failureMessages": [],
          "fullName": "testing the custom hook methods for drag and drop should make highlight as true on drag over as mouse enters draggable area",
          "location": null,
          "status": "passed",
          "title": "should make highlight as true on drag over as mouse enters draggable area"
        },
        {
          "ancestorTitles": ["testing the custom hook methods for drag and drop"],
          "failureMessages": [],
          "fullName": "testing the custom hook methods for drag and drop should make highlight as false on drag leave as mouse leaves draggable area",
          "location": null,
          "status": "passed",
          "title": "should make highlight as false on drag leave as mouse leaves draggable area"
        },
        {
          "ancestorTitles": ["testing the custom hook methods for drag and drop"],
          "failureMessages": [],
          "fullName": "testing the custom hook methods for drag and drop should test the files addition handler when file(s) are uploaded.",
          "location": null,
          "status": "passed",
          "title": "should test the files addition handler when file(s) are uploaded."
        },
        {
          "ancestorTitles": ["testing the custom hook methods for drag and drop"],
          "failureMessages": [],
          "fullName": "testing the custom hook methods for drag and drop should apply highlight when cursor moves draggable area.",
          "location": null,
          "status": "passed",
          "title": "should apply highlight when cursor moves draggable area."
        },
        {
          "ancestorTitles": ["testing the custom hook methods for drag and drop"],
          "failureMessages": [],
          "fullName": "testing the custom hook methods for drag and drop should apply highlight when cursor moves draggable area.",
          "location": null,
          "status": "passed",
          "title": "should apply highlight when cursor moves draggable area."
        }
      ],
      "endTime": 1597751792210,
      "message": "",
      "name": "/Volumes/Files/projects/atomic-react-components/lib/components/molecules/Form/DragDropInput/tests/DragDropInput.test.js",
      "startTime": 1597751791371,
      "status": "passed",
      "summary": ""
    },
    {
      "assertionResults": [
        {
          "ancestorTitles": ["FieldInput Component"],
          "failureMessages": [],
          "fullName": "FieldInput Component should render correctly",
          "location": null,
          "status": "passed",
          "title": "should render correctly"
        },
        {
          "ancestorTitles": ["FieldInput Component"],
          "failureMessages": [],
          "fullName": "FieldInput Component should render label correctly",
          "location": null,
          "status": "passed",
          "title": "should render label correctly"
        },
        {
          "ancestorTitles": ["FieldInput Component"],
          "failureMessages": [],
          "fullName": "FieldInput Component should render select tag",
          "location": null,
          "status": "passed",
          "title": "should render select tag"
        }
      ],
      "endTime": 1597751792346,
      "message": "",
      "name": "/Volumes/Files/projects/atomic-react-components/lib/components/molecules/Form/FieldSelect/tests/FieldSelect.test.js",
      "startTime": 1597751791372,
      "status": "passed",
      "summary": ""
    },
    {
      "assertionResults": [
        {
          "ancestorTitles": ["<Carousel />"],
          "failureMessages": [],
          "fullName": "<Carousel /> should render correctly",
          "location": null,
          "status": "passed",
          "title": "should render correctly"
        },
        {
          "ancestorTitles": ["<Carousel />"],
          "failureMessages": [],
          "fullName": "<Carousel /> should have slider wrapper as one child only",
          "location": null,
          "status": "passed",
          "title": "should have slider wrapper as one child only"
        },
        {
          "ancestorTitles": ["<Carousel />"],
          "failureMessages": [],
          "fullName": "<Carousel /> Children should have first slide as active initially",
          "location": null,
          "status": "passed",
          "title": "Children should have first slide as active initially"
        },
        {
          "ancestorTitles": ["<Carousel />"],
          "failureMessages": [],
          "fullName": "<Carousel /> Should display dots on using <Carousel.Dots> component only",
          "location": null,
          "status": "passed",
          "title": "Should display dots on using <Carousel.Dots> component only"
        },
        {
          "ancestorTitles": ["<Carousel />"],
          "failureMessages": [],
          "fullName": "<Carousel /> Should change slide on click dots",
          "location": null,
          "status": "passed",
          "title": "Should change slide on click dots"
        },
        {
          "ancestorTitles": ["<Carousel />"],
          "failureMessages": [],
          "fullName": "<Carousel /> Should active next slide on click next",
          "location": null,
          "status": "passed",
          "title": "Should active next slide on click next"
        },
        {
          "ancestorTitles": ["<Carousel />"],
          "failureMessages": [],
          "fullName": "<Carousel /> Should active previous slide on key press right arrow",
          "location": null,
          "status": "passed",
          "title": "Should active previous slide on key press right arrow"
        },
        {
          "ancestorTitles": ["<Carousel />"],
          "failureMessages": [],
          "fullName": "<Carousel /> Should active previous slide on click previous",
          "location": null,
          "status": "passed",
          "title": "Should active previous slide on click previous"
        },
        {
          "ancestorTitles": ["<Carousel />"],
          "failureMessages": [],
          "fullName": "<Carousel /> Should active previous slide on key press left",
          "location": null,
          "status": "passed",
          "title": "Should active previous slide on key press left"
        },
        {
          "ancestorTitles": ["<Carousel />"],
          "failureMessages": [],
          "fullName": "<Carousel /> Should display controls extract from Component",
          "location": null,
          "status": "passed",
          "title": "Should display controls extract from Component"
        },
        {
          "ancestorTitles": ["<Carousel />"],
          "failureMessages": [],
          "fullName": "<Carousel /> Should be responsive",
          "location": null,
          "status": "passed",
          "title": "Should be responsive"
        },
        {
          "ancestorTitles": ["<Carousel />"],
          "failureMessages": [],
          "fullName": "<Carousel /> Should render Controls with Controls Component",
          "location": null,
          "status": "passed",
          "title": "Should render Controls with Controls Component"
        },
        {
          "ancestorTitles": ["<Carousel />"],
          "failureMessages": [],
          "fullName": "<Carousel /> Should render Animation Controls",
          "location": null,
          "status": "passed",
          "title": "Should render Animation Controls"
        },
        {
          "ancestorTitles": ["<Carousel />"],
          "failureMessages": [],
          "fullName": "<Carousel /> Should render pause after click play animation controls",
          "location": null,
          "status": "passed",
          "title": "Should render pause after click play animation controls"
        },
        {
          "ancestorTitles": ["<Carousel />"],
          "failureMessages": [],
          "fullName": "<Carousel /> Should autoplay",
          "location": null,
          "status": "passed",
          "title": "Should autoplay"
        },
        {
          "ancestorTitles": ["<Carousel />"],
          "failureMessages": [],
          "fullName": "<Carousel /> Should stop animation on mouse enter",
          "location": null,
          "status": "passed",
          "title": "Should stop animation on mouse enter"
        }
      ],
      "endTime": 1597751793307,
      "message": "",
      "name": "/Volumes/Files/projects/atomic-react-components/lib/components/molecules/Carousel/tests/Carousel.test.js",
      "startTime": 1597751792248,
      "status": "passed",
      "summary": ""
    },
    {
      "assertionResults": [
        {
          "ancestorTitles": ["<Typeahead />"],
          "failureMessages": [],
          "fullName": "<Typeahead /> should render correctly",
          "location": null,
          "status": "passed",
          "title": "should render correctly"
        },
        {
          "ancestorTitles": ["<Typeahead />"],
          "failureMessages": [],
          "fullName": "<Typeahead /> should render .typeahead-component correctly",
          "location": null,
          "status": "passed",
          "title": "should render .typeahead-component correctly"
        },
        {
          "ancestorTitles": ["<Typeahead />"],
          "failureMessages": [],
          "fullName": "<Typeahead /> should render label correctly",
          "location": null,
          "status": "passed",
          "title": "should render label correctly"
        },
        {
          "ancestorTitles": ["<Typeahead />"],
          "failureMessages": [],
          "fullName": "<Typeahead /> should render input correctly",
          "location": null,
          "status": "pending",
          "title": "should render input correctly"
        },
        {
          "ancestorTitles": ["<Typeahead />"],
          "failureMessages": [],
          "fullName": "<Typeahead /> should render search type input correctly",
          "location": null,
          "status": "passed",
          "title": "should render search type input correctly"
        },
        {
          "ancestorTitles": ["<Typeahead />"],
          "failureMessages": [],
          "fullName": "<Typeahead /> should not render List by default",
          "location": null,
          "status": "passed",
          "title": "should not render List by default"
        },
        {
          "ancestorTitles": ["<Typeahead />"],
          "failureMessages": [],
          "fullName": "<Typeahead /> should render onchange event",
          "location": null,
          "status": "pending",
          "title": "should render onchange event"
        },
        {
          "ancestorTitles": ["<Typeahead />"],
          "failureMessages": [],
          "fullName": "<Typeahead /> should render input only 1s",
          "location": null,
          "status": "pending",
          "title": "should render input only 1s"
        },
        {
          "ancestorTitles": ["<Typeahead />"],
          "failureMessages": [],
          "fullName": "<Typeahead /> should render label only 1s",
          "location": null,
          "status": "passed",
          "title": "should render label only 1s"
        },
        {
          "ancestorTitles": ["<Typeahead />"],
          "failureMessages": [],
          "fullName": "<Typeahead /> should not render list item",
          "location": null,
          "status": "passed",
          "title": "should not render list item"
        },
        {
          "ancestorTitles": ["<Typeahead />"],
          "failureMessages": [],
          "fullName": "<Typeahead /> should show list",
          "location": null,
          "status": "pending",
          "title": "should show list"
        },
        {
          "ancestorTitles": ["<Typeahead />"],
          "failureMessages": [],
          "fullName": "<Typeahead /> should return single list item",
          "location": null,
          "status": "pending",
          "title": "should return single list item"
        },
        {
          "ancestorTitles": ["<Typeahead />"],
          "failureMessages": [],
          "fullName": "<Typeahead /> should select particular list item by click",
          "location": null,
          "status": "pending",
          "title": "should select particular list item by click"
        },
        {
          "ancestorTitles": ["<Typeahead />"],
          "failureMessages": [],
          "fullName": "<Typeahead /> should render span with id `initInstr`",
          "location": null,
          "status": "passed",
          "title": "should render span with id `initInstr`"
        },
        {
          "ancestorTitles": ["<Typeahead />"],
          "failureMessages": [],
          "fullName": "<Typeahead /> should render the input with `aria-autocomplete`",
          "location": null,
          "status": "passed",
          "title": "should render the input with `aria-autocomplete`"
        },
        {
          "ancestorTitles": ["<Typeahead />"],
          "failureMessages": [],
          "fullName": "<Typeahead /> should render the input with `aria-activedescendant`",
          "location": null,
          "status": "passed",
          "title": "should render the input with `aria-activedescendant`"
        },
        {
          "ancestorTitles": ["<Typeahead />"],
          "failureMessages": [],
          "fullName": "<Typeahead /> should render the input with `aria-describedby`",
          "location": null,
          "status": "passed",
          "title": "should render the input with `aria-describedby`"
        },
        {
          "ancestorTitles": ["<Typeahead />"],
          "failureMessages": [],
          "fullName": "<Typeahead /> should render the list items with `role=\"option\"`",
          "location": null,
          "status": "pending",
          "title": "should render the list items with `role=\"option\"`"
        },
        {
          "ancestorTitles": ["<Typeahead />"],
          "failureMessages": [],
          "fullName": "<Typeahead /> should render the list items with `aria-selected`",
          "location": null,
          "status": "pending",
          "title": "should render the list items with `aria-selected`"
        },
        {
          "ancestorTitles": ["<Typeahead />"],
          "failureMessages": [],
          "fullName": "<Typeahead /> should render the list items with `id=\"selectedOption\"`",
          "location": null,
          "status": "pending",
          "title": "should render the list items with `id=\"selectedOption\"`"
        },
        {
          "ancestorTitles": ["<Typeahead />"],
          "failureMessages": [],
          "fullName": "<Typeahead /> should render the list items with `id=\"selectedOption\"`",
          "location": null,
          "status": "pending",
          "title": "should render the list items with `id=\"selectedOption\"`"
        }
      ],
      "endTime": 1597751793491,
      "message": "",
      "name": "/Volumes/Files/projects/atomic-react-components/lib/components/molecules/Typeahead/tests/Typeahead.test.js",
      "startTime": 1597751792388,
      "status": "passed",
      "summary": ""
    },
    {
      "assertionResults": [
        {
          "ancestorTitles": ["<Toast />"],
          "failureMessages": [],
          "fullName": "<Toast /> <Toast />should render correctly",
          "location": null,
          "status": "passed",
          "title": "<Toast />should render correctly"
        },
        {
          "ancestorTitles": ["<Toast /> Component"],
          "failureMessages": [],
          "fullName": "<Toast /> Component is rendering root div,if isVisible prop is true ",
          "location": null,
          "status": "passed",
          "title": "is rendering root div,if isVisible prop is true "
        },
        {
          "ancestorTitles": ["<Toast /> Component"],
          "failureMessages": [],
          "fullName": "<Toast /> Component not rendering root div,if isVisible prop is false",
          "location": null,
          "status": "passed",
          "title": "not rendering root div,if isVisible prop is false"
        },
        {
          "ancestorTitles": ["<Toast /> Component"],
          "failureMessages": [],
          "fullName": "<Toast /> Component is rendering all necessary elements rendered if isVisible prop is true",
          "location": null,
          "status": "pending",
          "title": "is rendering all necessary elements rendered if isVisible prop is true"
        },
        {
          "ancestorTitles": ["<Toast /> Component"],
          "failureMessages": [],
          "fullName": "<Toast /> Component is rendering ProgressBar if autoDismissTimeout is set as 0",
          "location": null,
          "status": "passed",
          "title": "is rendering ProgressBar if autoDismissTimeout is set as 0"
        },
        {
          "ancestorTitles": ["<Toast /> Component"],
          "failureMessages": [],
          "fullName": "<Toast /> Component is rendering ProgressBar if autoDismissTimeout is set as 3000",
          "location": null,
          "status": "passed",
          "title": "is rendering ProgressBar if autoDismissTimeout is set as 3000"
        },
        {
          "ancestorTitles": ["<Toast /> Component"],
          "failureMessages": [],
          "fullName": "<Toast /> Component is rendering children ",
          "location": null,
          "status": "passed",
          "title": "is rendering children "
        },
        {
          "ancestorTitles": ["<Toast /> Component is checking effects on"],
          "failureMessages": [],
          "fullName": "<Toast /> Component is checking effects on onClick event, should dismiss the toast when clicking  on click of X button click",
          "location": null,
          "status": "passed",
          "title": "onClick event, should dismiss the toast when clicking  on click of X button click"
        },
        {
          "ancestorTitles": ["<Toast /> component useeffect hook for autodismiss"],
          "failureMessages": [],
          "fullName": "<Toast /> component useeffect hook for autodismiss autodismiss after timeout",
          "location": null,
          "status": "passed",
          "title": "autodismiss after timeout"
        }
      ],
      "endTime": 1597751793995,
      "message": "",
      "name": "/Volumes/Files/projects/atomic-react-components/lib/components/molecules/Toast/tests/Toast.test.js",
      "startTime": 1597751788173,
      "status": "passed",
      "summary": ""
    },
    {
      "assertionResults": [
        {
          "ancestorTitles": ["<Breadcrumb />"],
          "failureMessages": [],
          "fullName": "<Breadcrumb /> should render correctly",
          "location": null,
          "status": "passed",
          "title": "should render correctly"
        }
      ],
      "endTime": 1597751794707,
      "message": "",
      "name": "/Volumes/Files/projects/atomic-react-components/lib/components/molecules/Breadcrumb/tests/Breadcrumb.test.js",
      "startTime": 1597751793531,
      "status": "passed",
      "summary": ""
    },
    {
      "assertionResults": [
        {
          "ancestorTitles": ["<FieldToggle />"],
          "failureMessages": [],
          "fullName": "<FieldToggle /> should render correctly",
          "location": null,
          "status": "passed",
          "title": "should render correctly"
        },
        {
          "ancestorTitles": ["<FieldToggle />"],
          "failureMessages": [],
          "fullName": "<FieldToggle /> should render label correctly",
          "location": null,
          "status": "passed",
          "title": "should render label correctly"
        },
        {
          "ancestorTitles": ["<FieldToggle />"],
          "failureMessages": [],
          "fullName": "<FieldToggle /> should render label with Value correctly",
          "location": null,
          "status": "passed",
          "title": "should render label with Value correctly"
        },
        {
          "ancestorTitles": ["<FieldToggle />"],
          "failureMessages": [],
          "fullName": "<FieldToggle /> should render input correctly",
          "location": null,
          "status": "passed",
          "title": "should render input correctly"
        },
        {
          "ancestorTitles": ["<FieldToggle />"],
          "failureMessages": [],
          "fullName": "<FieldToggle /> should render disabled input",
          "location": null,
          "status": "passed",
          "title": "should render disabled input"
        },
        {
          "ancestorTitles": ["<FieldToggle />"],
          "failureMessages": [],
          "fullName": "<FieldToggle /> should tigger click event with toggle Value",
          "location": null,
          "status": "passed",
          "title": "should tigger click event with toggle Value"
        },
        {
          "ancestorTitles": ["<FieldToggle />"],
          "failureMessages": [],
          "fullName": "<FieldToggle /> should render Indicator On",
          "location": null,
          "status": "passed",
          "title": "should render Indicator On"
        },
        {
          "ancestorTitles": ["<FieldToggle />"],
          "failureMessages": [],
          "fullName": "<FieldToggle /> should tigger handleToggleCallback function",
          "location": null,
          "status": "passed",
          "title": "should tigger handleToggleCallback function"
        }
      ],
      "endTime": 1597751794804,
      "message": "",
      "name": "/Volumes/Files/projects/atomic-react-components/lib/components/molecules/Form/FieldToggle/tests/FieldToggle.test.js",
      "startTime": 1597751793345,
      "status": "passed",
      "summary": ""
    },
    {
      "assertionResults": [
        {
          "ancestorTitles": [
            "Test Suite 1: Check for component and it's child rendered correctly."
          ],
          "failureMessages": [],
          "fullName": "Test Suite 1: Check for component and it's child rendered correctly. should render wrapper correctly for snapshot matching.",
          "location": null,
          "status": "passed",
          "title": "should render wrapper correctly for snapshot matching."
        },
        {
          "ancestorTitles": [
            "Test Suite 1: Check for component and it's child rendered correctly."
          ],
          "failureMessages": [],
          "fullName": "Test Suite 1: Check for component and it's child rendered correctly. Cookie Disclaimer component rendered correctly.",
          "location": null,
          "status": "passed",
          "title": "Cookie Disclaimer component rendered correctly."
        },
        {
          "ancestorTitles": [
            "Test Suite 1: Check for component and it's child rendered correctly."
          ],
          "failureMessages": [],
          "fullName": "Test Suite 1: Check for component and it's child rendered correctly. should render two buttons for accepting and rejecting the consent",
          "location": null,
          "status": "pending",
          "title": "should render two buttons for accepting and rejecting the consent"
        },
        {
          "ancestorTitles": [
            "Test Suite 2: Check for component and it's child for default props correctly."
          ],
          "failureMessages": [],
          "fullName": "Test Suite 2: Check for component and it's child for default props correctly. Button props for button types to be rendered.",
          "location": null,
          "status": "pending",
          "title": "Button props for button types to be rendered."
        },
        {
          "ancestorTitles": [
            "Test Suite 2: Check for component and it's child for default props correctly."
          ],
          "failureMessages": [],
          "fullName": "Test Suite 2: Check for component and it's child for default props correctly. Button props for button types to be rendered.",
          "location": null,
          "status": "pending",
          "title": "Button props for button types to be rendered."
        },
        {
          "ancestorTitles": ["Test Suite 3: testing styled component - HOC"],
          "failureMessages": [],
          "fullName": "Test Suite 3: testing styled component - HOC should rendered the component properly when styles are being applied.",
          "location": null,
          "status": "passed",
          "title": "should rendered the component properly when styles are being applied."
        },
        {
          "ancestorTitles": [
            "Test Suite 4: testing functional behaviour of the cookie disclaimer."
          ],
          "failureMessages": [],
          "fullName": "Test Suite 4: testing functional behaviour of the cookie disclaimer. setting the isVisible variable to false",
          "location": null,
          "status": "passed",
          "title": "setting the isVisible variable to false"
        },
        {
          "ancestorTitles": [
            "Test Suite 4: testing functional behaviour of the cookie disclaimer."
          ],
          "failureMessages": [],
          "fullName": "Test Suite 4: testing functional behaviour of the cookie disclaimer. accepting the consent and dropping the cookie.",
          "location": null,
          "status": "passed",
          "title": "accepting the consent and dropping the cookie."
        },
        {
          "ancestorTitles": [
            "Test Suite 4: testing functional behaviour of the cookie disclaimer."
          ],
          "failureMessages": [],
          "fullName": "Test Suite 4: testing functional behaviour of the cookie disclaimer. rejecting the consent and dropping the cookie.",
          "location": null,
          "status": "passed",
          "title": "rejecting the consent and dropping the cookie."
        },
        {
          "ancestorTitles": [
            "Test Suite 4: testing functional behaviour of the cookie disclaimer."
          ],
          "failureMessages": [],
          "fullName": "Test Suite 4: testing functional behaviour of the cookie disclaimer. getting the disclaimer state for rendering cookie disclaimer.",
          "location": null,
          "status": "passed",
          "title": "getting the disclaimer state for rendering cookie disclaimer."
        },
        {
          "ancestorTitles": [
            "Test Suite 4: testing functional behaviour of the cookie disclaimer."
          ],
          "failureMessages": [],
          "fullName": "Test Suite 4: testing functional behaviour of the cookie disclaimer. Accept Button click simulation",
          "location": null,
          "status": "pending",
          "title": "Accept Button click simulation"
        },
        {
          "ancestorTitles": [
            "Test Suite 4: testing functional behaviour of the cookie disclaimer."
          ],
          "failureMessages": [],
          "fullName": "Test Suite 4: testing functional behaviour of the cookie disclaimer. Reject Button click simulation",
          "location": null,
          "status": "pending",
          "title": "Reject Button click simulation"
        }
      ],
      "endTime": 1597751795062,
      "message": "",
      "name": "/Volumes/Files/projects/atomic-react-components/lib/components/molecules/CookieDisclaimer/tests/CookieDisclaimer.test.js",
      "startTime": 1597751794016,
      "status": "passed",
      "summary": ""
    },
    {
      "assertionResults": [
        {
          "ancestorTitles": ["<Tabs />"],
          "failureMessages": [],
          "fullName": "<Tabs /> should render correctly",
          "location": null,
          "status": "passed",
          "title": "should render correctly"
        },
        {
          "ancestorTitles": ["<Tabs /> functional behavior"],
          "failureMessages": [],
          "fullName": "<Tabs /> functional behavior should have minimum dom structure for the tests below",
          "location": null,
          "status": "passed",
          "title": "should have minimum dom structure for the tests below"
        },
        {
          "ancestorTitles": ["<Tabs /> functional behavior"],
          "failureMessages": [],
          "fullName": "<Tabs /> functional behavior should change the tab panel and execute callback on closed tab click",
          "location": null,
          "status": "passed",
          "title": "should change the tab panel and execute callback on closed tab click"
        }
      ],
      "endTime": 1597751795509,
      "message": "",
      "name": "/Volumes/Files/projects/atomic-react-components/lib/components/molecules/Tabs/tests/Tabs.test.js",
      "startTime": 1597751794726,
      "status": "passed",
      "summary": ""
    },
    {
      "assertionResults": [
        {
          "ancestorTitles": ["FieldTextarea Component"],
          "failureMessages": [],
          "fullName": "FieldTextarea Component should render correctly",
          "location": null,
          "status": "passed",
          "title": "should render correctly"
        },
        {
          "ancestorTitles": ["FieldTextarea Component"],
          "failureMessages": [],
          "fullName": "FieldTextarea Component should render label correctly",
          "location": null,
          "status": "passed",
          "title": "should render label correctly"
        },
        {
          "ancestorTitles": ["FieldTextarea Component"],
          "failureMessages": [],
          "fullName": "FieldTextarea Component should render textarea tag",
          "location": null,
          "status": "passed",
          "title": "should render textarea tag"
        }
      ],
      "endTime": 1597751795553,
      "message": "",
      "name": "/Volumes/Files/projects/atomic-react-components/lib/components/molecules/Form/FieldTextarea/tests/FieldTextarea.test.js",
      "startTime": 1597751794843,
      "status": "passed",
      "summary": ""
    },
    {
      "assertionResults": [
        {
          "ancestorTitles": ["<Search />"],
          "failureMessages": [],
          "fullName": "<Search /> should render correctly",
          "location": null,
          "status": "passed",
          "title": "should render correctly"
        }
      ],
      "endTime": 1597751795815,
      "message": "",
      "name": "/Volumes/Files/projects/atomic-react-components/lib/components/molecules/Search/tests/Search.test.js",
      "startTime": 1597751795091,
      "status": "passed",
      "summary": ""
    },
    {
      "assertionResults": [
        {
          "ancestorTitles": ["<WithScripts />"],
          "failureMessages": [],
          "fullName": "<WithScripts /> should render correctly",
          "location": null,
          "status": "passed",
          "title": "should render correctly"
        },
        {
          "ancestorTitles": ["<WithScripts />"],
          "failureMessages": [],
          "fullName": "<WithScripts /> should not render duplicate ids",
          "location": null,
          "status": "passed",
          "title": "should not render duplicate ids"
        }
      ],
      "endTime": 1597751796135,
      "message": "",
      "name": "/Volumes/Files/projects/atomic-react-components/lib/components/hoc/WithScripts/tests/WithScripts.test.js",
      "startTime": 1597751795600,
      "status": "passed",
      "summary": ""
    },
    {
      "assertionResults": [
        {
          "ancestorTitles": ["Table"],
          "failureMessages": [],
          "fullName": "Table should render correctly",
          "location": null,
          "status": "passed",
          "title": "should render correctly"
        },
        {
          "ancestorTitles": ["Table"],
          "failureMessages": [],
          "fullName": "Table should have table component",
          "location": null,
          "status": "passed",
          "title": "should have table component"
        },
        {
          "ancestorTitles": ["Table"],
          "failureMessages": [],
          "fullName": "Table should have thead component",
          "location": null,
          "status": "passed",
          "title": "should have thead component"
        },
        {
          "ancestorTitles": ["Table"],
          "failureMessages": [],
          "fullName": "Table should have tbody component",
          "location": null,
          "status": "passed",
          "title": "should have tbody component"
        },
        {
          "ancestorTitles": ["Table"],
          "failureMessages": [],
          "fullName": "Table should have th is equal to number of columns",
          "location": null,
          "status": "passed",
          "title": "should have th is equal to number of columns"
        },
        {
          "ancestorTitles": ["Table"],
          "failureMessages": [],
          "fullName": "Table should have tr is equal to number of data rows",
          "location": null,
          "status": "passed",
          "title": "should have tr is equal to number of data rows"
        },
        {
          "ancestorTitles": ["Table"],
          "failureMessages": [],
          "fullName": "Table should loop through each row and check the content",
          "location": null,
          "status": "passed",
          "title": "should loop through each row and check the content"
        }
      ],
      "endTime": 1597751796450,
      "message": "",
      "name": "/Volumes/Files/projects/atomic-react-components/lib/components/molecules/Table/tests/Table.test.js",
      "startTime": 1597751795545,
      "status": "passed",
      "summary": ""
    },
    {
      "assertionResults": [
        {
          "ancestorTitles": ["<Video />"],
          "failureMessages": [],
          "fullName": "<Video /> should have video tag",
          "location": null,
          "status": "passed",
          "title": "should have video tag"
        },
        {
          "ancestorTitles": ["<Video />"],
          "failureMessages": [],
          "fullName": "<Video /> should have source tag in video",
          "location": null,
          "status": "passed",
          "title": "should have source tag in video"
        },
        {
          "ancestorTitles": ["<Video />"],
          "failureMessages": [],
          "fullName": "<Video /> should have src attribute in source tag",
          "location": null,
          "status": "passed",
          "title": "should have src attribute in source tag"
        },
        {
          "ancestorTitles": ["<Video />"],
          "failureMessages": [],
          "fullName": "<Video /> should not be autoplay",
          "location": null,
          "status": "passed",
          "title": "should not be autoplay"
        },
        {
          "ancestorTitles": ["<Video />"],
          "failureMessages": [],
          "fullName": "<Video /> should not have track element only should have Track component",
          "location": null,
          "status": "passed",
          "title": "should not have track element only should have Track component"
        },
        {
          "ancestorTitles": ["<Video />"],
          "failureMessages": [],
          "fullName": "<Video /> should have children",
          "location": null,
          "status": "passed",
          "title": "should have children"
        },
        {
          "ancestorTitles": ["<Video />"],
          "failureMessages": [],
          "fullName": "<Video /> track component without data",
          "location": null,
          "status": "passed",
          "title": "track component without data"
        },
        {
          "ancestorTitles": ["<Video />"],
          "failureMessages": [],
          "fullName": "<Video /> should render correctly",
          "location": null,
          "status": "passed",
          "title": "should render correctly"
        }
      ],
      "endTime": 1597751796501,
      "message": "",
      "name": "/Volumes/Files/projects/atomic-react-components/lib/components/atoms/Video/tests/Video.test.js",
      "startTime": 1597751795860,
      "status": "passed",
      "summary": ""
    },
    {
      "assertionResults": [
        {
          "ancestorTitles": ["<ProgressIndicator />"],
          "failureMessages": [],
          "fullName": "<ProgressIndicator /> should render correctly",
          "location": null,
          "status": "passed",
          "title": "should render correctly"
        },
        {
          "ancestorTitles": ["<ProgressIndicator/> Component", "should render"],
          "failureMessages": [],
          "fullName": "<ProgressIndicator/> Component should render <ProgressIndicator/> Component correctly",
          "location": null,
          "status": "passed",
          "title": "<ProgressIndicator/> Component correctly"
        },
        {
          "ancestorTitles": ["<ProgressIndicator/> Component", "should render"],
          "failureMessages": [],
          "fullName": "<ProgressIndicator/> Component should render all necessary elements correctly",
          "location": null,
          "status": "passed",
          "title": "all necessary elements correctly"
        },
        {
          "ancestorTitles": [
            "<ProgressIndicator/> Component",
            "if Variation is equal to `Bar`, <ProgressIndicator/> Component should"
          ],
          "failureMessages": [],
          "fullName": "<ProgressIndicator/> Component if Variation is equal to `Bar`, <ProgressIndicator/> Component should render <li/> children",
          "location": null,
          "status": "pending",
          "title": "render <li/> children"
        },
        {
          "ancestorTitles": [
            "<ProgressIndicator/> Component",
            "if Variation is equal to `Bar`, <ProgressIndicator/> Component should"
          ],
          "failureMessages": [],
          "fullName": "<ProgressIndicator/> Component if Variation is equal to `Bar`, <ProgressIndicator/> Component should render Progress Label Value",
          "location": null,
          "status": "pending",
          "title": "render Progress Label Value"
        },
        {
          "ancestorTitles": [
            "<ProgressIndicator/> Component",
            "if Variation is equal to `Bar`, <ProgressIndicator/> Component should"
          ],
          "failureMessages": [],
          "fullName": "<ProgressIndicator/> Component if Variation is equal to `Bar`, <ProgressIndicator/> Component should calculate inactive children or Steps",
          "location": null,
          "status": "pending",
          "title": "calculate inactive children or Steps"
        },
        {
          "ancestorTitles": [
            "<ProgressIndicator/> Component",
            "if Variation is equal to `Bar`, <ProgressIndicator/> Component should"
          ],
          "failureMessages": [],
          "fullName": "<ProgressIndicator/> Component if Variation is equal to `Bar`, <ProgressIndicator/> Component should calculate completed children or Steps",
          "location": null,
          "status": "pending",
          "title": "calculate completed children or Steps"
        },
        {
          "ancestorTitles": [
            "<ProgressIndicator/> Component",
            "if Variation is equal to `Bar`, <ProgressIndicator/> Component should"
          ],
          "failureMessages": [],
          "fullName": "<ProgressIndicator/> Component if Variation is equal to `Bar`, <ProgressIndicator/> Component should calculate active children or Steps",
          "location": null,
          "status": "pending",
          "title": "calculate active children or Steps"
        },
        {
          "ancestorTitles": [
            "<ProgressIndicator/> Component",
            "if Variation is equal to `Step`, <ProgressIndicator/> Component should"
          ],
          "failureMessages": [],
          "fullName": "<ProgressIndicator/> Component if Variation is equal to `Step`, <ProgressIndicator/> Component should render <li/> children",
          "location": null,
          "status": "passed",
          "title": "render <li/> children"
        },
        {
          "ancestorTitles": [
            "<ProgressIndicator/> Component",
            "if Variation is equal to `Step`, <ProgressIndicator/> Component should"
          ],
          "failureMessages": [],
          "fullName": "<ProgressIndicator/> Component if Variation is equal to `Step`, <ProgressIndicator/> Component should not render Progress Label Value",
          "location": null,
          "status": "passed",
          "title": "not render Progress Label Value"
        }
      ],
      "endTime": 1597751796814,
      "message": "",
      "name": "/Volumes/Files/projects/atomic-react-components/lib/components/molecules/ProgressIndicator/tests/ProgressIndicator.test.js",
      "startTime": 1597751796153,
      "status": "passed",
      "summary": ""
    },
    {
      "assertionResults": [
        {
          "ancestorTitles": ["Input Styled component"],
          "failureMessages": [],
          "fullName": "Input Styled component should render correctly",
          "location": null,
          "status": "passed",
          "title": "should render correctly"
        }
      ],
      "endTime": 1597751797053,
      "message": "",
      "name": "/Volumes/Files/projects/atomic-react-components/lib/components/atoms/Input/tests/Input.style.test.js",
      "startTime": 1597751796462,
      "status": "passed",
      "summary": ""
    },
    {
      "assertionResults": [
        {
          "ancestorTitles": [
            "Hook: useSpeechRecognition ",
            "When browser supported speech recognition"
          ],
          "failureMessages": [],
          "fullName": "Hook: useSpeechRecognition  When browser supported speech recognition Check browser supported: true ",
          "location": null,
          "status": "passed",
          "title": "Check browser supported: true "
        },
        {
          "ancestorTitles": [
            "Hook: useSpeechRecognition ",
            "When browser supported speech recognition"
          ],
          "failureMessages": [],
          "fullName": "Hook: useSpeechRecognition  When browser supported speech recognition Check isListening should be: false ",
          "location": null,
          "status": "passed",
          "title": "Check isListening should be: false "
        },
        {
          "ancestorTitles": [
            "Hook: useSpeechRecognition ",
            "When browser unsupported speech recognition"
          ],
          "failureMessages": [],
          "fullName": "Hook: useSpeechRecognition  When browser unsupported speech recognition Check browser supported: false ",
          "location": null,
          "status": "passed",
          "title": "Check browser supported: false "
        },
        {
          "ancestorTitles": ["Hook: useSpeechRecognition ", "When listening speech recognition"],
          "failureMessages": [],
          "fullName": "Hook: useSpeechRecognition  When listening speech recognition Should call start() instance once",
          "location": null,
          "status": "passed",
          "title": "Should call start() instance once"
        },
        {
          "ancestorTitles": ["Hook: useSpeechRecognition ", "When listening speech recognition"],
          "failureMessages": [],
          "fullName": "Hook: useSpeechRecognition  When listening speech recognition Should call stop() instance once",
          "location": null,
          "status": "passed",
          "title": "Should call stop() instance once"
        },
        {
          "ancestorTitles": [
            "Hook: useSpeechRecognition ",
            "When not listening speech recognition"
          ],
          "failureMessages": [],
          "fullName": "Hook: useSpeechRecognition  When not listening speech recognition Should not call start() instance again",
          "location": null,
          "status": "passed",
          "title": "Should not call start() instance again"
        },
        {
          "ancestorTitles": [
            "Hook: useSpeechRecognition ",
            "When not listening speech recognition"
          ],
          "failureMessages": [],
          "fullName": "Hook: useSpeechRecognition  When not listening speech recognition Should not call stop() instance again",
          "location": null,
          "status": "passed",
          "title": "Should not call stop() instance again"
        },
        {
          "ancestorTitles": ["Hook: useSpeechRecognition ", "Check Result"],
          "failureMessages": [],
          "fullName": "Hook: useSpeechRecognition  Check Result Check isListening: true",
          "location": null,
          "status": "passed",
          "title": "Check isListening: true"
        },
        {
          "ancestorTitles": ["Hook: useSpeechRecognition ", "Check Result"],
          "failureMessages": [],
          "fullName": "Hook: useSpeechRecognition  Check Result check results: Hello XT",
          "location": null,
          "status": "passed",
          "title": "check results: Hello XT"
        }
      ],
      "endTime": 1597751797291,
      "message": "",
      "name": "/Volumes/Files/projects/atomic-react-components/lib/core/hooks/speechRecognition/tests/useSpeechRecognition.test.js",
      "startTime": 1597751796546,
      "status": "passed",
      "summary": ""
    },
    {
      "assertionResults": [
        {
          "ancestorTitles": ["FieldInput Component"],
          "failureMessages": [],
          "fullName": "FieldInput Component should render correctly",
          "location": null,
          "status": "passed",
          "title": "should render correctly"
        },
        {
          "ancestorTitles": ["FieldInput Component"],
          "failureMessages": [],
          "fullName": "FieldInput Component should render label correctly",
          "location": null,
          "status": "passed",
          "title": "should render label correctly"
        },
        {
          "ancestorTitles": ["FieldInput Component"],
          "failureMessages": [],
          "fullName": "FieldInput Component should render Input component with proper type",
          "location": null,
          "status": "passed",
          "title": "should render Input component with proper type"
        }
      ],
      "endTime": 1597751797440,
      "message": "",
      "name": "/Volumes/Files/projects/atomic-react-components/lib/components/molecules/Form/FieldInput/tests/FieldInput.test.js",
      "startTime": 1597751796830,
      "status": "passed",
      "summary": ""
    },
    {
      "assertionResults": [
        {
          "ancestorTitles": ["Form Component"],
          "failureMessages": [],
          "fullName": "Form Component should render select tag correctly",
          "location": null,
          "status": "passed",
          "title": "should render select tag correctly"
        },
        {
          "ancestorTitles": ["Form Component"],
          "failureMessages": [],
          "fullName": "Form Component should render input text field",
          "location": null,
          "status": "passed",
          "title": "should render input text field"
        },
        {
          "ancestorTitles": ["Form Component"],
          "failureMessages": [],
          "fullName": "Form Component should render select field",
          "location": null,
          "status": "passed",
          "title": "should render select field"
        },
        {
          "ancestorTitles": ["Form Component"],
          "failureMessages": [],
          "fullName": "Form Component should render input field with yupValidationSchema",
          "location": null,
          "status": "passed",
          "title": "should render input field with yupValidationSchema"
        },
        {
          "ancestorTitles": ["Form Component"],
          "failureMessages": [],
          "fullName": "Form Component should render input field with no validation",
          "location": null,
          "status": "passed",
          "title": "should render input field with no validation"
        },
        {
          "ancestorTitles": ["Form Component"],
          "failureMessages": [],
          "fullName": "Form Component getSchema should return null if no params are passed",
          "location": null,
          "status": "passed",
          "title": "getSchema should return null if no params are passed"
        }
      ],
      "endTime": 1597751797753,
      "message": "",
      "name": "/Volumes/Files/projects/atomic-react-components/lib/components/molecules/Form/tests/Form.test.js",
      "startTime": 1597751797061,
      "status": "passed",
      "summary": ""
    },
    {
      "assertionResults": [
        {
          "ancestorTitles": ["<HeroBanner />"],
          "failureMessages": [],
          "fullName": "<HeroBanner /> should render correctly",
          "location": null,
          "status": "passed",
          "title": "should render correctly"
        },
        {
          "ancestorTitles": ["<HeroBanner />"],
          "failureMessages": [],
          "fullName": "<HeroBanner /> should render a div",
          "location": null,
          "status": "passed",
          "title": "should render a div"
        },
        {
          "ancestorTitles": ["<HeroBanner />"],
          "failureMessages": [],
          "fullName": "<HeroBanner /> should render a header",
          "location": null,
          "status": "passed",
          "title": "should render a header"
        },
        {
          "ancestorTitles": ["<HeroBanner />"],
          "failureMessages": [],
          "fullName": "<HeroBanner /> should render a header with role as banner",
          "location": null,
          "status": "passed",
          "title": "should render a header with role as banner"
        },
        {
          "ancestorTitles": ["<HeroBanner />"],
          "failureMessages": [],
          "fullName": "<HeroBanner /> should render Hero Image",
          "location": null,
          "status": "pending",
          "title": "should render Hero Image"
        },
        {
          "ancestorTitles": ["<HeroBanner />"],
          "failureMessages": [],
          "fullName": "<HeroBanner /> should render children",
          "location": null,
          "status": "pending",
          "title": "should render children"
        }
      ],
      "endTime": 1597751797947,
      "message": "",
      "name": "/Volumes/Files/projects/atomic-react-components/lib/components/molecules/HeroBanner/tests/HeroBanner.test.js",
      "startTime": 1597751797331,
      "status": "passed",
      "summary": ""
    },
    {
      "assertionResults": [
        {
          "ancestorTitles": ["Button Component"],
          "failureMessages": [],
          "fullName": "Button Component should render correctly",
          "location": null,
          "status": "passed",
          "title": "should render correctly"
        },
        {
          "ancestorTitles": ["Button Component"],
          "failureMessages": [],
          "fullName": "Button Component should render disabled",
          "location": null,
          "status": "passed",
          "title": "should render disabled"
        },
        {
          "ancestorTitles": ["Button Component"],
          "failureMessages": [],
          "fullName": "Button Component should render title element",
          "location": null,
          "status": "passed",
          "title": "should render title element"
        },
        {
          "ancestorTitles": ["Button Component"],
          "failureMessages": [],
          "fullName": "Button Component should render aria attribute element",
          "location": null,
          "status": "passed",
          "title": "should render aria attribute element"
        },
        {
          "ancestorTitles": ["Button Component"],
          "failureMessages": [],
          "fullName": "Button Component should check the data attribute of button",
          "location": null,
          "status": "passed",
          "title": "should check the data attribute of button"
        }
      ],
      "endTime": 1597751797994,
      "message": "",
      "name": "/Volumes/Files/projects/atomic-react-components/lib/components/atoms/Button/tests/Button.test.js",
      "startTime": 1597751797480,
      "status": "passed",
      "summary": ""
    },
    {
      "assertionResults": [
        {
          "ancestorTitles": ["Modal Component"],
          "failureMessages": [],
          "fullName": "Modal Component should render Modal correctly",
          "location": null,
          "status": "passed",
          "title": "should render Modal correctly"
        }
      ],
      "endTime": 1597751798298,
      "message": "",
      "name": "/Volumes/Files/projects/atomic-react-components/lib/components/molecules/Modal/tests/Modal.test.js",
      "startTime": 1597751797793,
      "status": "passed",
      "summary": ""
    },
    {
      "assertionResults": [
        {
          "ancestorTitles": ["Test render <StickyHeader /> Component"],
          "failureMessages": [],
          "fullName": "Test render <StickyHeader /> Component should render Header element",
          "location": null,
          "status": "passed",
          "title": "should render Header element"
        },
        {
          "ancestorTitles": ["Test render <StickyHeader /> Component"],
          "failureMessages": [],
          "fullName": "Test render <StickyHeader /> Component should test children prop",
          "location": null,
          "status": "passed",
          "title": "should test children prop"
        },
        {
          "ancestorTitles": ["Test render <StickyHeader /> Component"],
          "failureMessages": [],
          "fullName": "Test render <StickyHeader /> Component Should test component render correctly",
          "location": null,
          "status": "passed",
          "title": "Should test component render correctly"
        },
        {
          "ancestorTitles": ["should test component on window add or remove event"],
          "failureMessages": [],
          "fullName": "should test component on window add or remove event should test component on window addEventListener",
          "location": null,
          "status": "passed",
          "title": "should test component on window addEventListener"
        },
        {
          "ancestorTitles": ["should test component on window add or remove event"],
          "failureMessages": [],
          "fullName": "should test component on window add or remove event should test component on window removeEventListener",
          "location": null,
          "status": "passed",
          "title": "should test component on window removeEventListener"
        },
        {
          "ancestorTitles": ["should test component on window add or remove event"],
          "failureMessages": [],
          "fullName": "should test component on window add or remove event should render tag from props",
          "location": null,
          "status": "passed",
          "title": "should render tag from props"
        },
        {
          "ancestorTitles": ["should test component on window add or remove event"],
          "failureMessages": [],
          "fullName": "should test component on window add or remove event should contain content class",
          "location": null,
          "status": "passed",
          "title": "should contain content class"
        }
      ],
      "endTime": 1597751798528,
      "message": "",
      "name": "/Volumes/Files/projects/atomic-react-components/lib/components/molecules/StickyHeader/tests/StickyHeader.test.js",
      "startTime": 1597751797968,
      "status": "passed",
      "summary": ""
    },
    {
      "assertionResults": [
        {
          "ancestorTitles": ["<ArticleThumbnail />"],
          "failureMessages": [],
          "fullName": "<ArticleThumbnail /> should render correctly with Readmore",
          "location": null,
          "status": "passed",
          "title": "should render correctly with Readmore"
        },
        {
          "ancestorTitles": ["<ArticleThumbnail />"],
          "failureMessages": [],
          "fullName": "<ArticleThumbnail /> should render correctly with full clickable thumb",
          "location": null,
          "status": "passed",
          "title": "should render correctly with full clickable thumb"
        }
      ],
      "endTime": 1597751798536,
      "message": "",
      "name": "/Volumes/Files/projects/atomic-react-components/lib/components/molecules/ArticleThumbnail/tests/ArticleThumbnail.test.js",
      "startTime": 1597751798008,
      "status": "passed",
      "summary": ""
    },
    {
      "assertionResults": [
        {
          "ancestorTitles": ["<Tag />"],
          "failureMessages": [],
          "fullName": "<Tag /> should render correctly",
          "location": null,
          "status": "passed",
          "title": "should render correctly"
        },
        {
          "ancestorTitles": ["<Tag />"],
          "failureMessages": [],
          "fullName": "<Tag /> should render provided text",
          "location": null,
          "status": "passed",
          "title": "should render provided text"
        },
        {
          "ancestorTitles": ["<Tag />"],
          "failureMessages": [],
          "fullName": "<Tag /> should control remove button availability through prop",
          "location": null,
          "status": "pending",
          "title": "should control remove button availability through prop"
        },
        {
          "ancestorTitles": ["<Tag />"],
          "failureMessages": [],
          "fullName": "<Tag /> should call parent method on remove if available",
          "location": null,
          "status": "pending",
          "title": "should call parent method on remove if available"
        }
      ],
      "endTime": 1597751798909,
      "message": "",
      "name": "/Volumes/Files/projects/atomic-react-components/lib/components/atoms/Tag/tests/Tag.test.js",
      "startTime": 1597751798313,
      "status": "passed",
      "summary": ""
    },
    {
      "assertionResults": [
        {
          "ancestorTitles": ["<Skeleton />"],
          "failureMessages": [],
          "fullName": "<Skeleton /> should render the <Skeleton> /",
          "location": null,
          "status": "passed",
          "title": "should render the <Skeleton> /"
        },
        {
          "ancestorTitles": ["<Skeleton />"],
          "failureMessages": [],
          "fullName": "<Skeleton /> should render <div/>",
          "location": null,
          "status": "passed",
          "title": "should render <div/>"
        },
        {
          "ancestorTitles": ["<Skeleton />"],
          "failureMessages": [],
          "fullName": "<Skeleton /> should render a skeleton line",
          "location": null,
          "status": "passed",
          "title": "should render a skeleton line"
        },
        {
          "ancestorTitles": ["<Skeleton />"],
          "failureMessages": [],
          "fullName": "<Skeleton /> should render a skeleton circle",
          "location": null,
          "status": "passed",
          "title": "should render a skeleton circle"
        },
        {
          "ancestorTitles": ["<Skeleton />"],
          "failureMessages": [],
          "fullName": "<Skeleton /> should render correctly",
          "location": null,
          "status": "passed",
          "title": "should render correctly"
        }
      ],
      "endTime": 1597751799071,
      "message": "",
      "name": "/Volumes/Files/projects/atomic-react-components/lib/components/molecules/Skeleton/tests/Skeleton.test.js",
      "startTime": 1597751798540,
      "status": "passed",
      "summary": ""
    },
    {
      "assertionResults": [
        {
          "ancestorTitles": ["Heading Component"],
          "failureMessages": [],
          "fullName": "Heading Component should render correctly and match snapshot",
          "location": null,
          "status": "passed",
          "title": "should render correctly and match snapshot"
        },
        {
          "ancestorTitles": ["Heading Component"],
          "failureMessages": [],
          "fullName": "Heading Component should check the custom locator of heading",
          "location": null,
          "status": "passed",
          "title": "should check the custom locator of heading"
        },
        {
          "ancestorTitles": ["Heading Component"],
          "failureMessages": [],
          "fullName": "Heading Component should check the default locator of heading",
          "location": null,
          "status": "passed",
          "title": "should check the default locator of heading"
        }
      ],
      "endTime": 1597751799111,
      "message": "",
      "name": "/Volumes/Files/projects/atomic-react-components/lib/components/atoms/Heading/tests/Heading.test.js",
      "startTime": 1597751798595,
      "status": "passed",
      "summary": ""
    },
    {
      "assertionResults": [
        {
          "ancestorTitles": ["FieldInput Component"],
          "failureMessages": [],
          "fullName": "FieldInput Component should render correctly",
          "location": null,
          "status": "passed",
          "title": "should render correctly"
        },
        {
          "ancestorTitles": ["FieldInput Component"],
          "failureMessages": [],
          "fullName": "FieldInput Component should render button with type = \"button\".",
          "location": null,
          "status": "pending",
          "title": "should render button with type = \"button\"."
        },
        {
          "ancestorTitles": ["FieldInput Component"],
          "failureMessages": [],
          "fullName": "FieldInput Component should render 1st button with theme prop type, tertiary",
          "location": null,
          "status": "pending",
          "title": "should render 1st button with theme prop type, tertiary"
        },
        {
          "ancestorTitles": ["FieldInput Component"],
          "failureMessages": [],
          "fullName": "FieldInput Component should render 2nd button with theme prop type, primary",
          "location": null,
          "status": "pending",
          "title": "should render 2nd button with theme prop type, primary"
        },
        {
          "ancestorTitles": ["FieldInput Component"],
          "failureMessages": [],
          "fullName": "FieldInput Component should match the button text rendered",
          "location": null,
          "status": "passed",
          "title": "should match the button text rendered"
        },
        {
          "ancestorTitles": ["FieldInput Component"],
          "failureMessages": [],
          "fullName": "FieldInput Component should match the button text rendered for second button",
          "location": null,
          "status": "passed",
          "title": "should match the button text rendered for second button"
        },
        {
          "ancestorTitles": ["FieldInput Component"],
          "failureMessages": [],
          "fullName": "FieldInput Component should match the label rendered correctly.",
          "location": null,
          "status": "passed",
          "title": "should match the label rendered correctly."
        },
        {
          "ancestorTitles": ["FieldInput Component"],
          "failureMessages": [],
          "fullName": "FieldInput Component should match the input rendered correctly.",
          "location": null,
          "status": "passed",
          "title": "should match the input rendered correctly."
        },
        {
          "ancestorTitles": ["FieldInput Component"],
          "failureMessages": [],
          "fullName": "FieldInput Component should match the input rendered correctly on change event simulation.",
          "location": null,
          "status": "passed",
          "title": "should match the input rendered correctly on change event simulation."
        },
        {
          "ancestorTitles": ["FieldInput Component"],
          "failureMessages": [],
          "fullName": "FieldInput Component should match the input rendered correctly on blur event simulation.",
          "location": null,
          "status": "passed",
          "title": "should match the input rendered correctly on blur event simulation."
        }
      ],
      "endTime": 1597751799523,
      "message": "",
      "name": "/Volumes/Files/projects/atomic-react-components/lib/components/molecules/Form/FieldFileInput/tests/FieldFileInput.test.js",
      "startTime": 1597751798932,
      "status": "passed",
      "summary": ""
    },
    {
      "assertionResults": [
        {
          "ancestorTitles": ["Anchor Component"],
          "failureMessages": [],
          "fullName": "Anchor Component should render correctly and match snapshot",
          "location": null,
          "status": "passed",
          "title": "should render correctly and match snapshot"
        },
        {
          "ancestorTitles": ["Anchor Component"],
          "failureMessages": [],
          "fullName": "Anchor Component Should handle on typeahead focuson Events",
          "location": null,
          "status": "passed",
          "title": "Should handle on typeahead focuson Events"
        },
        {
          "ancestorTitles": ["Anchor Component"],
          "failureMessages": [],
          "fullName": "Anchor Component should check the data attribute of anchor",
          "location": null,
          "status": "passed",
          "title": "should check the data attribute of anchor"
        }
      ],
      "endTime": 1597751799618,
      "message": "",
      "name": "/Volumes/Files/projects/atomic-react-components/lib/components/atoms/Anchor/tests/Anchor.test.js",
      "startTime": 1597751799104,
      "status": "passed",
      "summary": ""
    },
    {
      "assertionResults": [
        {
          "ancestorTitles": ["Select Styled component"],
          "failureMessages": [],
          "fullName": "Select Styled component should render correctly",
          "location": null,
          "status": "passed",
          "title": "should render correctly"
        }
      ],
      "endTime": 1597751799673,
      "message": "",
      "name": "/Volumes/Files/projects/atomic-react-components/lib/components/atoms/Textarea/tests/Textarea.style.test.js",
      "startTime": 1597751799129,
      "status": "passed",
      "summary": ""
    },
    {
      "assertionResults": [
        {
          "ancestorTitles": ["<Accordion />"],
          "failureMessages": [],
          "fullName": "<Accordion /> accordion renders",
          "location": null,
          "status": "passed",
          "title": "accordion renders"
        },
        {
          "ancestorTitles": ["<Accordion />"],
          "failureMessages": [],
          "fullName": "<Accordion /> should render <div/>",
          "location": null,
          "status": "passed",
          "title": "should render <div/>"
        },
        {
          "ancestorTitles": ["<Accordion />"],
          "failureMessages": [],
          "fullName": "<Accordion /> should render details",
          "location": null,
          "status": "passed",
          "title": "should render details"
        },
        {
          "ancestorTitles": ["<Accordion />"],
          "failureMessages": [],
          "fullName": "<Accordion /> should render summary",
          "location": null,
          "status": "passed",
          "title": "should render summary"
        },
        {
          "ancestorTitles": ["<Accordion />"],
          "failureMessages": [],
          "fullName": "<Accordion /> panel opens on click of header",
          "location": null,
          "status": "passed",
          "title": "panel opens on click of header"
        },
        {
          "ancestorTitles": ["<Accordion />"],
          "failureMessages": [],
          "fullName": "<Accordion /> should render correctly",
          "location": null,
          "status": "passed",
          "title": "should render correctly"
        }
      ],
      "endTime": 1597751800056,
      "message": "",
      "name": "/Volumes/Files/projects/atomic-react-components/lib/components/molecules/Accordion/tests/Accordion.test.js",
      "startTime": 1597751799558,
      "status": "passed",
      "summary": ""
    },
    {
      "assertionResults": [
        {
          "ancestorTitles": ["Debug"],
          "failureMessages": [],
          "fullName": "Debug should render correctly",
          "location": null,
          "status": "passed",
          "title": "should render correctly"
        }
      ],
      "endTime": 1597751800116,
      "message": "",
      "name": "/Volumes/Files/projects/atomic-react-components/lib/components/molecules/Form/Debug/tests/Debug.test.js",
      "startTime": 1597751799631,
      "status": "passed",
      "summary": ""
    },
    {
      "assertionResults": [
        {
          "ancestorTitles": ["Image Component"],
          "failureMessages": [],
          "fullName": "Image Component should render correctly and match snapshots",
          "location": null,
          "status": "passed",
          "title": "should render correctly and match snapshots"
        },
        {
          "ancestorTitles": ["Image Component"],
          "failureMessages": [],
          "fullName": "Image Component should change image src on error",
          "location": null,
          "status": "passed",
          "title": "should change image src on error"
        },
        {
          "ancestorTitles": ["Image Component"],
          "failureMessages": [],
          "fullName": "Image Component should check the data attribute of image",
          "location": null,
          "status": "passed",
          "title": "should check the data attribute of image"
        },
        {
          "ancestorTitles": ["Image Component"],
          "failureMessages": [],
          "fullName": "Image Component should check the default locator of image",
          "location": null,
          "status": "passed",
          "title": "should check the default locator of image"
        }
      ],
      "endTime": 1597751800118,
      "message": "",
      "name": "/Volumes/Files/projects/atomic-react-components/lib/components/atoms/Image/tests/Image.test.js",
      "startTime": 1597751799693,
      "status": "passed",
      "summary": ""
    },
    {
      "assertionResults": [
        {
          "ancestorTitles": ["<Track />"],
          "failureMessages": [],
          "fullName": "<Track /> should render correctly",
          "location": null,
          "status": "passed",
          "title": "should render correctly"
        }
      ],
      "endTime": 1597751800523,
      "message": "",
      "name": "/Volumes/Files/projects/atomic-react-components/lib/components/atoms/Track/tests/Track.test.js",
      "startTime": 1597751800132,
      "status": "passed",
      "summary": ""
    },
    {
      "assertionResults": [
        {
          "ancestorTitles": ["<StickyBar />"],
          "failureMessages": [],
          "fullName": "<StickyBar /> should render the List Component",
          "location": null,
          "status": "passed",
          "title": "should render the List Component"
        },
        {
          "ancestorTitles": ["<StickyBar />"],
          "failureMessages": [],
          "fullName": "<StickyBar /> should render correctly",
          "location": null,
          "status": "passed",
          "title": "should render correctly"
        }
      ],
      "endTime": 1597751800556,
      "message": "",
      "name": "/Volumes/Files/projects/atomic-react-components/lib/components/molecules/StickyBar/tests/StickyBar.test.js",
      "startTime": 1597751800091,
      "status": "passed",
      "summary": ""
    },
    {
      "assertionResults": [
        {
          "ancestorTitles": ["InputChoiceVanilla Component"],
          "failureMessages": [],
          "fullName": "InputChoiceVanilla Component should render Radio button correctly",
          "location": null,
          "status": "passed",
          "title": "should render Radio button correctly"
        },
        {
          "ancestorTitles": ["InputChoiceVanilla Component"],
          "failureMessages": [],
          "fullName": "InputChoiceVanilla Component should render checkbox correctly",
          "location": null,
          "status": "passed",
          "title": "should render checkbox correctly"
        },
        {
          "ancestorTitles": ["InputChoiceVanilla Component"],
          "failureMessages": [],
          "fullName": "InputChoiceVanilla Component should render disabled",
          "location": null,
          "status": "passed",
          "title": "should render disabled"
        },
        {
          "ancestorTitles": ["InputChoiceVanilla Component"],
          "failureMessages": [],
          "fullName": "InputChoiceVanilla Component should render checked",
          "location": null,
          "status": "passed",
          "title": "should render checked"
        }
      ],
      "endTime": 1597751800653,
      "message": "",
      "name": "/Volumes/Files/projects/atomic-react-components/lib/components/molecules/InputChoice/tests/InputChoice.test.js",
      "startTime": 1597751800137,
      "status": "passed",
      "summary": ""
    },
    {
      "assertionResults": [
        {
          "ancestorTitles": ["<Icon />"],
          "failureMessages": [],
          "fullName": "<Icon /> should render correctly",
          "location": null,
          "status": "passed",
          "title": "should render correctly"
        }
      ],
      "endTime": 1597751800957,
      "message": "",
      "name": "/Volumes/Files/projects/atomic-react-components/lib/components/atoms/Icon/tests/Icon.test.js",
      "startTime": 1597751800564,
      "status": "passed",
[...]
          "type": "cond-expr",
          "locations": [
            { "start": { "line": 24, "column": 47 }, "end": { "line": 24, "column": 55 } },
            { "start": { "line": 24, "column": 58 }, "end": { "line": 24, "column": 60 } }
          ],
          "line": 24
        }
      },
      "s": { "0": 1, "1": 0, "2": 0, "3": 0 },
      "f": { "0": 0, "1": 0, "2": 0 },
      "b": { "0": [0, 0], "1": [0, 0], "2": [0, 0] },
      "_coverageSchema": "1a1c01bbd47fc00a2c39e90264f33305004495a9",
      "hash": "78c24ba41f163d717f1876b0cee6495bf8d49421"
    },
    "/Volumes/Files/projects/atomic-react-components/lib/components/molecules/Pagination/Pagination.js": {
      "path": "/Volumes/Files/projects/atomic-react-components/lib/components/molecules/Pagination/Pagination.js",
      "statementMap": {
        "0": { "start": { "line": 13, "column": 19 }, "end": { "line": 229, "column": 1 } },
        "1": { "start": { "line": 35, "column": 40 }, "end": { "line": 35, "column": 52 } },
        "2": { "start": { "line": 36, "column": 38 }, "end": { "line": 36, "column": 59 } },
        "3": { "start": { "line": 38, "column": 2 }, "end": { "line": 46, "column": 9 } },
        "4": { "start": { "line": 39, "column": 18 }, "end": { "line": 39, "column": 20 } },
        "5": { "start": { "line": 40, "column": 12 }, "end": { "line": 40, "column": 13 } },
        "6": { "start": { "line": 41, "column": 4 }, "end": { "line": 44, "column": 54 } },
        "7": { "start": { "line": 42, "column": 6 }, "end": { "line": 42, "column": 13 } },
        "8": { "start": { "line": 43, "column": 6 }, "end": { "line": 43, "column": 20 } },
        "9": { "start": { "line": 45, "column": 4 }, "end": { "line": 45, "column": 26 } },
        "10": { "start": { "line": 52, "column": 20 }, "end": { "line": 62, "column": 3 } },
        "11": { "start": { "line": 53, "column": 12 }, "end": { "line": 53, "column": 16 } },
        "12": { "start": { "line": 54, "column": 18 }, "end": { "line": 54, "column": 20 } },
        "13": { "start": { "line": 56, "column": 4 }, "end": { "line": 59, "column": 5 } },
        "14": { "start": { "line": 57, "column": 6 }, "end": { "line": 57, "column": 20 } },
        "15": { "start": { "line": 58, "column": 6 }, "end": { "line": 58, "column": 16 } },
        "16": { "start": { "line": 61, "column": 4 }, "end": { "line": 61, "column": 17 } },
        "17": { "start": { "line": 64, "column": 27 }, "end": { "line": 115, "column": 3 } },
        "18": { "start": { "line": 69, "column": 23 }, "end": { "line": 69, "column": 56 } },
        "19": { "start": { "line": 70, "column": 25 }, "end": { "line": 70, "column": 47 } },
        "20": { "start": { "line": 71, "column": 24 }, "end": { "line": 71, "column": 40 } },
        "21": { "start": { "line": 73, "column": 4 }, "end": { "line": 112, "column": 5 } },
        "22": { "start": { "line": 74, "column": 24 }, "end": { "line": 74, "column": 64 } },
        "23": { "start": { "line": 75, "column": 22 }, "end": { "line": 75, "column": 75 } },
        "24": { "start": { "line": 77, "column": 18 }, "end": { "line": 77, "column": 47 } },
        "25": { "start": { "line": 84, "column": 27 }, "end": { "line": 84, "column": 40 } },
        "26": { "start": { "line": 85, "column": 28 }, "end": { "line": 85, "column": 52 } },
        "27": { "start": { "line": 86, "column": 26 }, "end": { "line": 86, "column": 59 } },
        "28": { "start": { "line": 88, "column": 6 }, "end": { "line": 109, "column": 7 } },
        "29": { "start": { "line": 91, "column": 29 }, "end": { "line": 91, "column": 78 } },
        "30": { "start": { "line": 92, "column": 10 }, "end": { "line": 92, "column": 44 } },
        "31": { "start": { "line": 93, "column": 10 }, "end": { "line": 93, "column": 16 } },
        "32": { "start": { "line": 98, "column": 29 }, "end": { "line": 98, "column": 74 } },
        "33": { "start": { "line": 99, "column": 10 }, "end": { "line": 99, "column": 44 } },
        "34": { "start": { "line": 100, "column": 10 }, "end": { "line": 100, "column": 16 } },
        "35": { "start": { "line": 106, "column": 10 }, "end": { "line": 106, "column": 29 } },
        "36": { "start": { "line": 107, "column": 10 }, "end": { "line": 107, "column": 16 } },
        "37": { "start": { "line": 111, "column": 6 }, "end": { "line": 111, "column": 39 } },
        "38": { "start": { "line": 114, "column": 4 }, "end": { "line": 114, "column": 36 } },
        "39": { "start": { "line": 117, "column": 37 }, "end": { "line": 119, "column": 3 } },
        "40": { "start": { "line": 118, "column": 4 }, "end": { "line": 118, "column": 28 } },
        "41": { "start": { "line": 121, "column": 32 }, "end": { "line": 123, "column": 3 } },
        "42": { "start": { "line": 122, "column": 4 }, "end": { "line": 122, "column": 45 } },
        "43": { "start": { "line": 125, "column": 28 }, "end": { "line": 129, "column": 3 } },
        "44": { "start": { "line": 126, "column": 28 }, "end": { "line": 126, "column": 49 } },
        "45": { "start": { "line": 127, "column": 29 }, "end": { "line": 127, "column": 55 } },
        "46": { "start": { "line": 128, "column": 4 }, "end": { "line": 128, "column": 80 } },
        "47": { "start": { "line": 131, "column": 28 }, "end": { "line": 136, "column": 3 } },
        "48": { "start": { "line": 132, "column": 4 }, "end": { "line": 132, "column": 24 } },
        "49": { "start": { "line": 133, "column": 4 }, "end": { "line": 135, "column": 5 } },
        "50": { "start": { "line": 134, "column": 6 }, "end": { "line": 134, "column": 25 } },
        "51": { "start": { "line": 138, "column": 29 }, "end": { "line": 141, "column": 3 } },
        "52": { "start": { "line": 139, "column": 21 }, "end": { "line": 139, "column": 35 } },
        "53": { "start": { "line": 140, "column": 4 }, "end": { "line": 140, "column": 32 } },
        "54": { "start": { "line": 143, "column": 30 }, "end": { "line": 146, "column": 3 } },
        "55": { "start": { "line": 144, "column": 25 }, "end": { "line": 144, "column": 39 } },
        "56": { "start": { "line": 145, "column": 4 }, "end": { "line": 145, "column": 36 } },
        "57": { "start": { "line": 148, "column": 22 }, "end": { "line": 151, "column": 3 } },
        "58": { "start": { "line": 149, "column": 22 }, "end": { "line": 149, "column": 23 } },
        "59": { "start": { "line": 150, "column": 4 }, "end": { "line": 150, "column": 33 } },
        "60": { "start": { "line": 153, "column": 21 }, "end": { "line": 156, "column": 3 } },
        "61": { "start": { "line": 154, "column": 21 }, "end": { "line": 154, "column": 39 } },
        "62": { "start": { "line": 155, "column": 4 }, "end": { "line": 155, "column": 32 } },
        "63": { "start": { "line": 158, "column": 30 }, "end": { "line": 166, "column": 3 } },
        "64": { "start": { "line": 159, "column": 4 }, "end": { "line": 164, "column": 5 } },
        "65": { "start": { "line": 160, "column": 6 }, "end": { "line": 163, "column": 9 } },
        "66": { "start": { "line": 165, "column": 4 }, "end": { "line": 165, "column": 17 } },
        "67": { "start": { "line": 168, "column": 16 }, "end": { "line": 168, "column": 34 } },
        "68": { "start": { "line": 170, "column": 2 }, "end": { "line": 228, "column": 4 } },
        "69": { "start": { "line": 231, "column": 0 }, "end": { "line": 252, "column": 2 } },
        "70": { "start": { "line": 254, "column": 0 }, "end": { "line": 275, "column": 2 } },
        "71": { "start": { "line": 277, "column": 24 }, "end": { "line": 279, "column": 1 } }
      },
      "fnMap": {
        "0": {
          "name": "(anonymous_0)",
          "decl": { "start": { "line": 13, "column": 19 }, "end": { "line": 13, "column": 20 } },
          "loc": { "start": { "line": 34, "column": 6 }, "end": { "line": 229, "column": 1 } },
          "line": 34
        },
        "1": {
          "name": "(anonymous_1)",
          "decl": { "start": { "line": 38, "column": 12 }, "end": { "line": 38, "column": 13 } },
          "loc": { "start": { "line": 38, "column": 18 }, "end": { "line": 46, "column": 3 } },
          "line": 38
        },
        "2": {
          "name": "(anonymous_2)",
          "decl": { "start": { "line": 52, "column": 20 }, "end": { "line": 52, "column": 21 } },
          "loc": { "start": { "line": 52, "column": 44 }, "end": { "line": 62, "column": 3 } },
          "line": 52
        },
        "3": {
          "name": "(anonymous_3)",
          "decl": { "start": { "line": 64, "column": 27 }, "end": { "line": 64, "column": 28 } },
          "loc": { "start": { "line": 64, "column": 33 }, "end": { "line": 115, "column": 3 } },
          "line": 64
        },
        "4": {
          "name": "(anonymous_4)",
          "decl": { "start": { "line": 117, "column": 37 }, "end": { "line": 117, "column": 38 } },
          "loc": { "start": { "line": 117, "column": 53 }, "end": { "line": 119, "column": 3 } },
          "line": 117
        },
        "5": {
          "name": "(anonymous_5)",
          "decl": { "start": { "line": 121, "column": 32 }, "end": { "line": 121, "column": 33 } },
          "loc": { "start": { "line": 121, "column": 48 }, "end": { "line": 123, "column": 3 } },
          "line": 121
        },
        "6": {
          "name": "(anonymous_6)",
          "decl": { "start": { "line": 125, "column": 28 }, "end": { "line": 125, "column": 29 } },
          "loc": { "start": { "line": 125, "column": 34 }, "end": { "line": 129, "column": 3 } },
          "line": 125
        },
        "7": {
          "name": "(anonymous_7)",
          "decl": { "start": { "line": 131, "column": 28 }, "end": { "line": 131, "column": 29 } },
          "loc": { "start": { "line": 131, "column": 38 }, "end": { "line": 136, "column": 3 } },
          "line": 131
        },
        "8": {
          "name": "(anonymous_8)",
          "decl": { "start": { "line": 138, "column": 29 }, "end": { "line": 138, "column": 30 } },
          "loc": { "start": { "line": 138, "column": 35 }, "end": { "line": 141, "column": 3 } },
          "line": 138
        },
        "9": {
          "name": "(anonymous_9)",
          "decl": { "start": { "line": 143, "column": 30 }, "end": { "line": 143, "column": 31 } },
          "loc": { "start": { "line": 143, "column": 36 }, "end": { "line": 146, "column": 3 } },
          "line": 143
        },
        "10": {
          "name": "(anonymous_10)",
          "decl": { "start": { "line": 148, "column": 22 }, "end": { "line": 148, "column": 23 } },
          "loc": { "start": { "line": 148, "column": 28 }, "end": { "line": 151, "column": 3 } },
          "line": 148
        },
        "11": {
          "name": "(anonymous_11)",
          "decl": { "start": { "line": 153, "column": 21 }, "end": { "line": 153, "column": 22 } },
          "loc": { "start": { "line": 153, "column": 27 }, "end": { "line": 156, "column": 3 } },
          "line": 153
        },
        "12": {
          "name": "(anonymous_12)",
          "decl": { "start": { "line": 158, "column": 30 }, "end": { "line": 158, "column": 31 } },
          "loc": { "start": { "line": 158, "column": 36 }, "end": { "line": 166, "column": 3 } },
          "line": 158
        }
      },
      "branchMap": {
        "0": {
          "loc": { "start": { "line": 52, "column": 31 }, "end": { "line": 52, "column": 39 } },
          "type": "default-arg",
          "locations": [
            { "start": { "line": 52, "column": 38 }, "end": { "line": 52, "column": 39 } }
          ],
          "line": 52
        },
        "1": {
          "loc": { "start": { "line": 73, "column": 4 }, "end": { "line": 112, "column": 5 } },
          "type": "if",
          "locations": [
            { "start": { "line": 73, "column": 4 }, "end": { "line": 112, "column": 5 } },
            { "start": { "line": 73, "column": 4 }, "end": { "line": 112, "column": 5 } }
          ],
          "line": 73
        },
        "2": {
          "loc": { "start": { "line": 73, "column": 8 }, "end": { "line": 73, "column": 46 } },
          "type": "binary-expr",
          "locations": [
            { "start": { "line": 73, "column": 8 }, "end": { "line": 73, "column": 18 } },
            { "start": { "line": 73, "column": 22 }, "end": { "line": 73, "column": 46 } }
          ],
          "line": 73
        },
        "3": {
          "loc": { "start": { "line": 88, "column": 6 }, "end": { "line": 109, "column": 7 } },
          "type": "switch",
          "locations": [
            { "start": { "line": 90, "column": 8 }, "end": { "line": 94, "column": 9 } },
            { "start": { "line": 97, "column": 8 }, "end": { "line": 101, "column": 9 } },
            { "start": { "line": 104, "column": 8 }, "end": { "line": 104, "column": 43 } },
            { "start": { "line": 105, "column": 8 }, "end": { "line": 108, "column": 9 } }
          ],
          "line": 88
        },
        "4": {
          "loc": { "start": { "line": 90, "column": 13 }, "end": { "line": 90, "column": 43 } },
          "type": "binary-expr",
          "locations": [
            { "start": { "line": 90, "column": 13 }, "end": { "line": 90, "column": 25 } },
            { "start": { "line": 90, "column": 29 }, "end": { "line": 90, "column": 43 } }
          ],
          "line": 90
        },
        "5": {
          "loc": { "start": { "line": 97, "column": 13 }, "end": { "line": 97, "column": 43 } },
          "type": "binary-expr",
          "locations": [
            { "start": { "line": 97, "column": 13 }, "end": { "line": 97, "column": 26 } },
            { "start": { "line": 97, "column": 30 }, "end": { "line": 97, "column": 43 } }
          ],
          "line": 97
        },
        "6": {
          "loc": { "start": { "line": 104, "column": 13 }, "end": { "line": 104, "column": 42 } },
          "type": "binary-expr",
          "locations": [
            { "start": { "line": 104, "column": 13 }, "end": { "line": 104, "column": 25 } },
            { "start": { "line": 104, "column": 29 }, "end": { "line": 104, "column": 42 } }
          ],
          "line": 104
        },
        "7": {
          "loc": { "start": { "line": 128, "column": 11 }, "end": { "line": 128, "column": 79 } },
          "type": "binary-expr",
          "locations": [
            { "start": { "line": 128, "column": 11 }, "end": { "line": 128, "column": 15 } },
            { "start": { "line": 128, "column": 19 }, "end": { "line": 128, "column": 30 } },
            { "start": { "line": 128, "column": 34 }, "end": { "line": 128, "column": 79 } }
          ],
          "line": 128
        },
        "8": {
          "loc": { "start": { "line": 133, "column": 4 }, "end": { "line": 135, "column": 5 } },
          "type": "if",
          "locations": [
            { "start": { "line": 133, "column": 4 }, "end": { "line": 135, "column": 5 } },
            { "start": { "line": 133, "column": 4 }, "end": { "line": 135, "column": 5 } }
          ],
          "line": 133
        },
        "9": {
          "loc": { "start": { "line": 159, "column": 4 }, "end": { "line": 164, "column": 5 } },
          "type": "if",
          "locations": [
            { "start": { "line": 159, "column": 4 }, "end": { "line": 164, "column": 5 } },
            { "start": { "line": 159, "column": 4 }, "end": { "line": 164, "column": 5 } }
          ],
          "line": 159
        },
        "10": {
          "loc": { "start": { "line": 175, "column": 11 }, "end": { "line": 186, "column": 11 } },
          "type": "binary-expr",
          "locations": [
            { "start": { "line": 175, "column": 11 }, "end": { "line": 175, "column": 23 } },
            { "start": { "line": 176, "column": 12 }, "end": { "line": 185, "column": 17 } }
          ],
          "line": 175
        },
        "11": {
          "loc": { "start": { "line": 214, "column": 11 }, "end": { "line": 224, "column": 11 } },
          "type": "binary-expr",
          "locations": [
            { "start": { "line": 214, "column": 11 }, "end": { "line": 214, "column": 22 } },
            { "start": { "line": 215, "column": 12 }, "end": { "line": 223, "column": 17 } }
          ],
          "line": 214
        }
      },
      "s": {
        "0": 1,
        "1": 8,
        "2": 8,
        "3": 8,
        "4": 0,
        "5": 0,
        "6": 0,
        "7": 0,
        "8": 0,
        "9": 0,
        "10": 8,
        "11": 8,
        "12": 8,
        "13": 8,
        "14": 0,
        "15": 0,
        "16": 8,
        "17": 8,
        "18": 8,
        "19": 8,
        "20": 8,
        "21": 8,
        "22": 0,
        "23": 0,
        "24": 0,
        "25": 0,
        "26": 0,
        "27": 0,
        "28": 0,
        "29": 0,
        "30": 0,
        "31": 0,
        "32": 0,
        "33": 0,
        "34": 0,
        "35": 0,
        "36": 0,
        "37": 0,
        "38": 8,
        "39": 8,
        "40": 16,
        "41": 8,
        "42": 16,
        "43": 8,
        "44": 2,
        "45": 2,
        "46": 2,
        "47": 8,
        "48": 1,
        "49": 1,
        "50": 1,
        "51": 8,
        "52": 0,
        "53": 0,
        "54": 8,
        "55": 0,
        "56": 0,
        "57": 8,
        "58": 1,
        "59": 1,
        "60": 8,
        "61": 0,
        "62": 0,
        "63": 8,
        "64": 8,
        "65": 2,
        "66": 6,
        "67": 8,
        "68": 8,
        "69": 1,
        "70": 1,
        "71": 1
      },
      "f": {
        "0": 8,
        "1": 0,
        "2": 8,
        "3": 8,
        "4": 16,
        "5": 16,
        "6": 2,
        "7": 1,
        "8": 0,
        "9": 0,
        "10": 1,
        "11": 0,
        "12": 8
      },
      "b": {
        "0": [8],
        "1": [0, 8],
        "2": [8, 8],
        "3": [0, 0, 0, 0],
        "4": [0, 0],
        "5": [0, 0],
        "6": [0, 0],
        "7": [2, 2, 0],
        "8": [1, 0],
        "9": [2, 6],
        "10": [8, 8],
        "11": [8, 8]
      },
      "_coverageSchema": "1a1c01bbd47fc00a2c39e90264f33305004495a9",
      "hash": "d7a76eb4e54a37831dedee7673b01a1f075b580c"
    },
    "/Volumes/Files/projects/atomic-react-components/lib/components/molecules/Pagination/index.js": {
      "path": "/Volumes/Files/projects/atomic-react-components/lib/components/molecules/Pagination/index.js",
      "statementMap": {},
      "fnMap": {},
      "branchMap": {},
      "s": {},
      "f": {},
      "b": {},
      "_coverageSchema": "1a1c01bbd47fc00a2c39e90264f33305004495a9",
      "hash": "7114e8ad8553ad7eea66cb69c97a7aefa17770a3"
    },
    "/Volumes/Files/projects/atomic-react-components/lib/components/molecules/CookieDisclaimer/index.js": {
      "path": "/Volumes/Files/projects/atomic-react-components/lib/components/molecules/CookieDisclaimer/index.js",
      "statementMap": {},
      "fnMap": {},
      "branchMap": {},
      "s": {},
      "f": {},
      "b": {}
    },
    "/Volumes/Files/projects/atomic-react-components/lib/components/molecules/Modal/index.js": {
      "path": "/Volumes/Files/projects/atomic-react-components/lib/components/molecules/Modal/index.js",
      "statementMap": {},
      "fnMap": {},
      "branchMap": {},
      "s": {},
      "f": {},
      "b": {}
    },
    "/Volumes/Files/projects/atomic-react-components/lib/components/molecules/QuoteMedia/index.js": {
      "path": "/Volumes/Files/projects/atomic-react-components/lib/components/molecules/QuoteMedia/index.js",
      "statementMap": {},
      "fnMap": {},
      "branchMap": {},
      "s": {},
      "f": {},
      "b": {}
    },
    "/Volumes/Files/projects/atomic-react-components/lib/components/molecules/StickyHeader/index.js": {
      "path": "/Volumes/Files/projects/atomic-react-components/lib/components/molecules/StickyHeader/index.js",
      "statementMap": {},
      "fnMap": {},
      "branchMap": {},
      "s": {},
      "f": {},
      "b": {}
    }
  }
}
