{
  "numFailedTestSuites": 0,
  "numFailedTests": 0,
  "numPassedTestSuites": 1,
  "numPassedTests": 1,
  "numPendingTestSuites": 0,
  "numPendingTests": 0,
  "numRuntimeErrorTestSuites": 0,
  "numTodoTests": 0,
  "numTotalTestSuites": 1,
  "numTotalTests": 1,
  "openHandles": [],
  "snapshot": {
    "added": 0,
    "didUpdate": false,
    "failure": false,
    "filesAdded": 0,
    "filesRemoved": 0,
    "filesRemovedList": [],
    "filesUnmatched": 0,
    "filesUpdated": 0,
    "matched": 0,
    "total": 0,
    "unchecked": 0,
    "uncheckedKeysByFile": [],
    "unmatched": 0,
    "updated": 0
  },
  "startTime": 1575549614953,
  "success": false,
  "testResults": [
    {
      "assertionResults": [
        {
          "ancestorTitles": ["<StickyBar />"],
          "failureMessages": [],
          "fullName": "<StickyBar /> should render the List Component",
          "location": null,
          "status": "passed",
          "title": "should render the List Component"
        }
      ],
      "endTime": 1575549622433,
      "message": "",
      "name": "C:\\Users\\aaspraka\\Desktop\\Project\\atomic-react-components\\lib\\components\\molecules\\StickyBar\\tests\\StickyBar.test.js",
      "startTime": 1575549621133,
      "status": "passed",
      "summary": ""
    }
  ],
  "wasInterrupted": false,
  "coverageMap": {
    "C:\\Users\\aaspraka\\Desktop\\Project\\atomic-react-components\\lib\\components\\molecules\\StickyBar\\index.js": {
      "path": "C:\\Users\\aaspraka\\Desktop\\Project\\atomic-react-components\\lib\\components\\molecules\\StickyBar\\index.js",
      "statementMap": {},
      "fnMap": {},
      "branchMap": {},
      "s": {},
      "f": {},
      "b": {},
      "_coverageSchema": "43e27e138ebf9cfc5966b082cf9a028302ed4184",
      "hash": "447b1392f4c54ce872f1b07fa5e510777c209e7c"
    },
    "C:\\Users\\aaspraka\\Desktop\\Project\\atomic-react-components\\lib\\components\\molecules\\StickyBar\\StickyBar.js": {
      "path": "C:\\Users\\aaspraka\\Desktop\\Project\\atomic-react-components\\lib\\components\\molecules\\StickyBar\\StickyBar.js",
      "statementMap": {
        "0": { "start": { "line": 14, "column": 18 }, "end": { "line": 21, "column": 1 } },
        "1": { "start": { "line": 15, "column": 2 }, "end": { "line": 20, "column": 4 } },
        "2": { "start": { "line": 23, "column": 0 }, "end": { "line": 23, "column": 28 } }
      },
      "fnMap": {
        "0": {
          "name": "(anonymous_0)",
          "decl": { "start": { "line": 14, "column": 18 }, "end": { "line": 14, "column": 19 } },
          "loc": { "start": { "line": 14, "column": 49 }, "end": { "line": 21, "column": 1 } },
          "line": 14
        }
      },
      "branchMap": {},
      "s": { "0": 1, "1": 1, "2": 1 },
      "f": { "0": 1 },
      "b": {},
      "_coverageSchema": "43e27e138ebf9cfc5966b082cf9a028302ed4184",
      "hash": "e901a03e730ff601b13352bd52775b2efbb32470"
    },
    "C:\\Users\\aaspraka\\Desktop\\Project\\atomic-react-components\\lib\\components\\molecules\\StickyBar\\StickyBar.style.js": {
      "path": "C:\\Users\\aaspraka\\Desktop\\Project\\atomic-react-components\\lib\\components\\molecules\\StickyBar\\StickyBar.style.js",
      "statementMap": {
        "0": { "start": { "line": 5, "column": 14 }, "end": { "line": 5, "column": 64 } }
      },
      "fnMap": {
        "0": {
          "name": "(anonymous_0)",
          "decl": { "start": { "line": 5, "column": 4 }, "end": { "line": 5, "column": 5 } },
          "loc": { "start": { "line": 5, "column": 14 }, "end": { "line": 5, "column": 64 } },
          "line": 5
        }
      },
      "branchMap": {
        "0": {
          "loc": { "start": { "line": 5, "column": 14 }, "end": { "line": 5, "column": 64 } },
          "type": "cond-expr",
          "locations": [
            { "start": { "line": 5, "column": 38 }, "end": { "line": 5, "column": 59 } },
            { "start": { "line": 5, "column": 62 }, "end": { "line": 5, "column": 64 } }
          ],
          "line": 5
        }
      },
      "s": { "0": 0 },
      "f": { "0": 0 },
      "b": { "0": [0, 0] },
      "_coverageSchema": "43e27e138ebf9cfc5966b082cf9a028302ed4184",
      "hash": "3c45261909ff100e29cd3a8e6c1d4ccb380ccd4e"
    },
    "C:\\Users\\aaspraka\\Desktop\\Project\\atomic-react-components\\lib\\components\\molecules\\StickyBar\\types\\index.js": {
      "path": "C:\\Users\\aaspraka\\Desktop\\Project\\atomic-react-components\\lib\\components\\molecules\\StickyBar\\types\\index.js",
      "statementMap": {},
      "fnMap": {},
      "branchMap": {},
      "s": {},
      "f": {},
      "b": {},
      "hash": "c8df0503fa54a8e3a7fbd7f6be11106ba0e61e3d"
    }
  }
}
