{
  "numFailedTestSuites": 0,
  "numFailedTests": 0,
  "numPassedTestSuites": 33,
  "numPassedTests": 73,
  "numPendingTestSuites": 0,
  "numPendingTests": 0,
  "numRuntimeErrorTestSuites": 0,
  "numTodoTests": 0,
  "numTotalTestSuites": 33,
  "numTotalTests": 73,
  "openHandles": [],
  "snapshot": {
    "added": 0,
    "didUpdate": true,
    "failure": false,
    "filesAdded": 0,
    "filesRemoved": 0,
    "filesRemovedList": [],
    "filesUnmatched": 0,
    "filesUpdated": 0,
    "matched": 41,
    "total": 41,
    "unchecked": 0,
    "uncheckedKeysByFile": [],
    "unmatched": 0,
    "updated": 0
  },
  "startTime": 1573104912139,
  "success": true,
  "testResults": [
    {
      "assertionResults": [
        {
          "ancestorTitles": ["Select Styled component"],
          "failureMessages": [],
          "fullName": "Select Styled component should render correctly",
          "location": null,
          "status": "passed",
          "title": "should render correctly"
        }
      ],
      "endTime": 1573104998151,
      "message": "",
      "name": "C:\\reactsproj\\atomic-react-components\\lib\\components\\atoms\\Textarea\\tests\\Textarea.style.test.js",
      "startTime": 1573104992866,
      "status": "passed",
      "summary": ""
    },
    {
      "assertionResults": [
        {
          "ancestorTitles": ["Modal Component"],
          "failureMessages": [],
          "fullName": "Modal Component should render Modal correctly",
          "location": null,
          "status": "passed",
          "title": "should render Modal correctly"
        }
      ],
      "endTime": 1573105001850,
      "message": "",
      "name": "C:\\reactsproj\\atomic-react-components\\lib\\components\\molecules\\Modal\\tests\\Modal.test.js",
      "startTime": 1573104998658,
      "status": "passed",
      "summary": ""
    },
    {
      "assertionResults": [
        {
          "ancestorTitles": ["FieldInput Component"],
          "failureMessages": [],
          "fullName": "FieldInput Component should render correctly",
          "location": null,
          "status": "passed",
          "title": "should render correctly"
        },
        {
          "ancestorTitles": ["FieldInput Component"],
          "failureMessages": [],
          "fullName": "FieldInput Component should render label correctly",
          "location": null,
          "status": "passed",
          "title": "should render label correctly"
        },
        {
          "ancestorTitles": ["FieldInput Component"],
          "failureMessages": [],
          "fullName": "FieldInput Component should render Input component with proper type",
          "location": null,
          "status": "passed",
          "title": "should render Input component with proper type"
        }
      ],
      "endTime": 1573105004588,
      "message": "",
      "name": "C:\\reactsproj\\atomic-react-components\\lib\\components\\molecules\\Form\\FieldInput\\tests\\FieldInput.test.js",
      "startTime": 1573105002478,
      "status": "passed",
      "summary": ""
    },
    {
      "assertionResults": [
        {
          "ancestorTitles": ["<Tabs />"],
          "failureMessages": [],
          "fullName": "<Tabs /> should render correctly",
          "location": null,
          "status": "passed",
          "title": "should render correctly"
        },
        {
          "ancestorTitles": ["<Tabs /> functional behavior"],
          "failureMessages": [],
          "fullName": "<Tabs /> functional behavior should have minimum dom structure for the tests below",
          "location": null,
          "status": "passed",
          "title": "should have minimum dom structure for the tests below"
        },
        {
          "ancestorTitles": ["<Tabs /> functional behavior"],
          "failureMessages": [],
          "fullName": "<Tabs /> functional behavior should change the tab panel and execute callback on closed tab click",
          "location": null,
          "status": "passed",
          "title": "should change the tab panel and execute callback on closed tab click"
        }
      ],
      "endTime": 1573105006450,
      "message": "",
      "name": "C:\\reactsproj\\atomic-react-components\\lib\\components\\molecules\\Tabs\\tests\\Tabs.test.js",
      "startTime": 1573105004985,
      "status": "passed",
      "summary": ""
    },
    {
      "assertionResults": [
        {
          "ancestorTitles": ["Form Component"],
          "failureMessages": [],
          "fullName": "Form Component should render select tag correctly",
          "location": null,
          "status": "passed",
          "title": "should render select tag correctly"
        },
        {
          "ancestorTitles": ["Form Component"],
          "failureMessages": [],
          "fullName": "Form Component should render input text field",
          "location": null,
          "status": "passed",
          "title": "should render input text field"
        },
        {
          "ancestorTitles": ["Form Component"],
          "failureMessages": [],
          "fullName": "Form Component should render select field",
          "location": null,
          "status": "passed",
          "title": "should render select field"
        },
        {
          "ancestorTitles": ["Form Component"],
          "failureMessages": [],
          "fullName": "Form Component should render input field with yupValidationSchema",
          "location": null,
          "status": "passed",
          "title": "should render input field with yupValidationSchema"
        },
        {
          "ancestorTitles": ["Form Component"],
          "failureMessages": [],
          "fullName": "Form Component should render input field with no validation",
          "location": null,
          "status": "passed",
          "title": "should render input field with no validation"
        },
        {
          "ancestorTitles": ["Form Component"],
          "failureMessages": [],
          "fullName": "Form Component getSchema should return null if no params are passed",
          "location": null,
          "status": "passed",
          "title": "getSchema should return null if no params are passed"
        }
      ],
      "endTime": 1573105006650,
      "message": "",
      "name": "C:\\reactsproj\\atomic-react-components\\lib\\components\\molecules\\Form\\tests\\Form.test.js",
      "startTime": 1573104992867,
      "status": "passed",
      "summary": ""
    },
    {
      "assertionResults": [
        {
          "ancestorTitles": ["FieldInput Component"],
          "failureMessages": [],
          "fullName": "FieldInput Component should render correctly",
          "location": null,
          "status": "passed",
          "title": "should render correctly"
        },
        {
          "ancestorTitles": ["FieldInput Component"],
          "failureMessages": [],
          "fullName": "FieldInput Component should render label correctly",
          "location": null,
          "status": "passed",
          "title": "should render label correctly"
        },
        {
          "ancestorTitles": ["FieldInput Component"],
          "failureMessages": [],
          "fullName": "FieldInput Component should render select tag",
          "location": null,
          "status": "passed",
          "title": "should render select tag"
        }
      ],
      "endTime": 1573105007611,
      "message": "",
      "name": "C:\\reactsproj\\atomic-react-components\\lib\\components\\molecules\\Form\\FieldSelect\\tests\\FieldSelect.test.js",
      "startTime": 1573105007156,
      "status": "passed",
      "summary": ""
    },
    {
      "assertionResults": [
        {
          "ancestorTitles": ["<ArticleThumbnail />"],
          "failureMessages": [],
          "fullName": "<ArticleThumbnail /> should render correctly with Readmore",
          "location": null,
          "status": "passed",
          "title": "should render correctly with Readmore"
        },
        {
          "ancestorTitles": ["<ArticleThumbnail />"],
          "failureMessages": [],
          "fullName": "<ArticleThumbnail /> should render correctly with full clickable thumb",
          "location": null,
          "status": "passed",
          "title": "should render correctly with full clickable thumb"
        }
      ],
      "endTime": 1573105007652,
      "message": "",
      "name": "C:\\reactsproj\\atomic-react-components\\lib\\components\\molecules\\ArticleThumbnail\\tests\\ArticleThumbnail.test.js",
      "startTime": 1573105006863,
      "status": "passed",
      "summary": ""
    },
    {
      "assertionResults": [
        {
          "ancestorTitles": ["Select Styled component"],
          "failureMessages": [],
          "fullName": "Select Styled component should render correctly",
          "location": null,
          "status": "passed",
          "title": "should render correctly"
        }
      ],
      "endTime": 1573105008701,
      "message": "",
      "name": "C:\\reactsproj\\atomic-react-components\\lib\\components\\atoms\\Select\\tests\\Select.style.test.js",
      "startTime": 1573105008150,
      "status": "passed",
      "summary": ""
    },
    {
      "assertionResults": [
        {
          "ancestorTitles": ["<Popover /> Rendering"],
          "failureMessages": [],
          "fullName": "<Popover /> Rendering should render correctly",
          "location": null,
          "status": "passed",
          "title": "should render correctly"
        },
        {
          "ancestorTitles": ["Popover functional behavior"],
          "failureMessages": [],
          "fullName": "Popover functional behavior Should have Close Button By Default and can be closed",
          "location": null,
          "status": "passed",
          "title": "Should have Close Button By Default and can be closed"
        },
        {
          "ancestorTitles": ["Popover functional behavior"],
          "failureMessages": [],
          "fullName": "Popover functional behavior Should open By Default when isVisible set to true",
          "location": null,
          "status": "passed",
          "title": "Should open By Default when isVisible set to true"
        },
        {
          "ancestorTitles": ["Popover functional behavior"],
          "failureMessages": [],
          "fullName": "Popover functional behavior Should open and close on Trigger and X button click",
          "location": null,
          "status": "passed",
          "title": "Should open and close on Trigger and X button click"
        }
      ],
      "endTime": 1573105008908,
      "message": "",
      "name": "C:\\reactsproj\\atomic-react-components\\lib\\components\\molecules\\Popover\\tests\\Popover.test.js",
      "startTime": 1573105008249,
      "status": "passed",
      "summary": ""
    },
    {
      "assertionResults": [
        {
          "ancestorTitles": ["Button"],
          "failureMessages": [],
          "fullName": "Button should render correctly",
          "location": null,
          "status": "passed",
          "title": "should render correctly"
        }
      ],
      "endTime": 1573105009734,
      "message": "",
      "name": "C:\\reactsproj\\atomic-react-components\\lib\\components\\atoms\\Button\\tests\\Button.style.test.js",
      "startTime": 1573105009263,
      "status": "passed",
      "summary": ""
    },
    {
      "assertionResults": [
        {
          "ancestorTitles": ["Input Styled component"],
          "failureMessages": [],
          "fullName": "Input Styled component should render correctly",
          "location": null,
          "status": "passed",
          "title": "should render correctly"
        }
      ],
      "endTime": 1573105009879,
      "message": "",
      "name": "C:\\reactsproj\\atomic-react-components\\lib\\components\\atoms\\Input\\tests\\Input.style.test.js",
      "startTime": 1573105009399,
      "status": "passed",
      "summary": ""
    },
    {
      "assertionResults": [
        {
          "ancestorTitles": ["FieldTextarea Component"],
          "failureMessages": [],
          "fullName": "FieldTextarea Component should render correctly",
          "location": null,
          "status": "passed",
          "title": "should render correctly"
        },
        {
          "ancestorTitles": ["FieldTextarea Component"],
          "failureMessages": [],
          "fullName": "FieldTextarea Component should render label correctly",
          "location": null,
          "status": "passed",
          "title": "should render label correctly"
        },
        {
          "ancestorTitles": ["FieldTextarea Component"],
          "failureMessages": [],
          "fullName": "FieldTextarea Component should render textarea tag",
          "location": null,
          "status": "passed",
          "title": "should render textarea tag"
        }
      ],
      "endTime": 1573105010613,
      "message": "",
      "name": "C:\\reactsproj\\atomic-react-components\\lib\\components\\molecules\\Form\\FieldTextarea\\tests\\FieldTextarea.test.js",
      "startTime": 1573105010147,
      "status": "passed",
      "summary": ""
    },
    {
      "assertionResults": [
        {
          "ancestorTitles": ["Heading Component"],
          "failureMessages": [],
          "fullName": "Heading Component should render correctly and match snapshot",
          "location": null,
          "status": "passed",
          "title": "should render correctly and match snapshot"
        },
        {
          "ancestorTitles": ["Heading Component"],
          "failureMessages": [],
          "fullName": "Heading Component should check the custom locator of heading",
          "location": null,
          "status": "passed",
          "title": "should check the custom locator of heading"
        },
        {
          "ancestorTitles": ["Heading Component"],
          "failureMessages": [],
          "fullName": "Heading Component should check the default locator of heading",
          "location": null,
          "status": "passed",
          "title": "should check the default locator of heading"
        }
      ],
      "endTime": 1573105010826,
      "message": "",
      "name": "C:\\reactsproj\\atomic-react-components\\lib\\components\\atoms\\Heading\\tests\\Heading.test.js",
      "startTime": 1573105010271,
      "status": "passed",
      "summary": ""
    },
    {
      "assertionResults": [
        {
          "ancestorTitles": ["Input Component"],
          "failureMessages": [],
          "fullName": "Input Component should render correctly",
          "location": null,
          "status": "passed",
          "title": "should render correctly"
        },
        {
          "ancestorTitles": ["Input Component"],
          "failureMessages": [],
          "fullName": "Input Component should check the data attribute of input",
          "location": null,
          "status": "passed",
          "title": "should check the data attribute of input"
        }
      ],
      "endTime": 1573105011424,
      "message": "",
      "name": "C:\\reactsproj\\atomic-react-components\\lib\\components\\atoms\\Input\\tests\\Input.test.js",
      "startTime": 1573105011021,
      "status": "passed",
      "summary": ""
    },
    {
      "assertionResults": [
        {
          "ancestorTitles": ["Para Component"],
          "failureMessages": [],
          "fullName": "Para Component should render correctly and match snapshot",
          "location": null,
          "status": "passed",
          "title": "should render correctly and match snapshot"
        },
        {
          "ancestorTitles": ["Para Component"],
          "failureMessages": [],
          "fullName": "Para Component should check the data attribute of para",
          "location": null,
          "status": "passed",
          "title": "should check the data attribute of para"
        }
      ],
      "endTime": 1573105011910,
      "message": "",
      "name": "C:\\reactsproj\\atomic-react-components\\lib\\components\\atoms\\Para\\tests\\Para.test.js",
      "startTime": 1573105011452,
      "status": "passed",
      "summary": ""
    },
    {
      "assertionResults": [
        {
          "ancestorTitles": ["FieldTextarea"],
          "failureMessages": [],
          "fullName": "FieldTextarea should render correctly",
          "location": null,
          "status": "passed",
          "title": "should render correctly"
        }
      ],
      "endTime": 1573105012422,
      "message": "",
      "name": "C:\\reactsproj\\atomic-react-components\\lib\\components\\molecules\\Form\\FieldTextarea\\tests\\FieldTextarea.style.test.js",
      "startTime": 1573105011998,
      "status": "passed",
      "summary": ""
    },
    {
      "assertionResults": [
        {
          "ancestorTitles": ["<List />"],
          "failureMessages": [],
          "fullName": "<List /> should render default view correctly",
          "location": null,
          "status": "passed",
          "title": "should render default view correctly"
        }
      ],
      "endTime": 1573105012562,
      "message": "",
      "name": "C:\\reactsproj\\atomic-react-components\\lib\\components\\molecules\\List\\tests\\List.test.js",
      "startTime": 1573105012269,
      "status": "passed",
      "summary": ""
    },
    {
      "assertionResults": [
        {
          "ancestorTitles": ["Label Component"],
          "failureMessages": [],
          "fullName": "Label Component should render correctly",
          "location": null,
          "status": "passed",
          "title": "should render correctly"
        },
        {
          "ancestorTitles": ["Label Component"],
          "failureMessages": [],
          "fullName": "Label Component should check the data attribute of label",
          "location": null,
          "status": "passed",
          "title": "should check the data attribute of label"
        }
      ],
      "endTime": 1573105013276,
      "message": "",
      "name": "C:\\reactsproj\\atomic-react-components\\lib\\components\\atoms\\Label\\tests\\Label.test.js",
      "startTime": 1573105012973,
      "status": "passed",
      "summary": ""
    },
    {
      "assertionResults": [
        {
          "ancestorTitles": ["Image Component with styles"],
          "failureMessages": [],
          "fullName": "Image Component with styles should render correctly and match snapshots",
          "location": null,
          "status": "passed",
          "title": "should render correctly and match snapshots"
        },
        {
          "ancestorTitles": ["Image Component with styles"],
          "failureMessages": [],
          "fullName": "Image Component with styles should render correctly with lazy load",
          "location": null,
          "status": "passed",
          "title": "should render correctly with lazy load"
        }
      ],
      "endTime": 1573105013437,
      "message": "",
      "name": "C:\\reactsproj\\atomic-react-components\\lib\\components\\atoms\\Image\\tests\\Image.style.test.js",
      "startTime": 1573105012981,
      "status": "passed",
      "summary": ""
    },
    {
      "assertionResults": [
        {
          "ancestorTitles": ["<Tab />"],
          "failureMessages": [],
          "fullName": "<Tab /> should render correctly",
          "location": null,
          "status": "passed",
          "title": "should render correctly"
        }
      ],
      "endTime": 1573105014269,
      "message": "",
      "name": "C:\\reactsproj\\atomic-react-components\\lib\\components\\molecules\\Tabs\\Tab\\tests\\Tab.test.js",
      "startTime": 1573105013836,
      "status": "passed",
      "summary": ""
    },
    {
      "assertionResults": [
        {
          "ancestorTitles": ["Debug"],
          "failureMessages": [],
          "fullName": "Debug should render correctly",
          "location": null,
          "status": "passed",
          "title": "should render correctly"
        }
      ],
      "endTime": 1573105014438,
      "message": "",
      "name": "C:\\reactsproj\\atomic-react-components\\lib\\components\\molecules\\Form\\Debug\\tests\\Debug.test.js",
      "startTime": 1573105013998,
      "status": "passed",
      "summary": ""
    },
    {
      "assertionResults": [
        {
          "ancestorTitles": ["InputChoiceVanilla Component"],
          "failureMessages": [],
          "fullName": "InputChoiceVanilla Component should render Radio button correctly",
          "location": null,
          "status": "passed",
          "title": "should render Radio button correctly"
        },
        {
          "ancestorTitles": ["InputChoiceVanilla Component"],
          "failureMessages": [],
          "fullName": "InputChoiceVanilla Component should render checkbox correctly",
          "location": null,
          "status": "passed",
          "title": "should render checkbox correctly"
        },
        {
          "ancestorTitles": ["InputChoiceVanilla Component"],
          "failureMessages": [],
          "fullName": "InputChoiceVanilla Component should render disabled",
          "location": null,
          "status": "passed",
          "title": "should render disabled"
        },
        {
          "ancestorTitles": ["InputChoiceVanilla Component"],
          "failureMessages": [],
          "fullName": "InputChoiceVanilla Component should render checked",
          "location": null,
          "status": "passed",
          "title": "should render checked"
        }
      ],
      "endTime": 1573105015228,
      "message": "",
      "name": "C:\\reactsproj\\atomic-react-components\\lib\\components\\molecules\\InputChoice\\tests\\InputChoice.test.js",
      "startTime": 1573105014664,
      "status": "passed",
      "summary": ""
    },
    {
      "assertionResults": [
        {
          "ancestorTitles": ["InputChoice"],
          "failureMessages": [],
          "fullName": "InputChoice should render radio correctly",
          "location": null,
          "status": "passed",
          "title": "should render radio correctly"
        },
        {
          "ancestorTitles": ["InputChoice"],
          "failureMessages": [],
          "fullName": "InputChoice should render checkbox correctly",
          "location": null,
          "status": "passed",
          "title": "should render checkbox correctly"
        }
      ],
      "endTime": 1573105015589,
      "message": "",
      "name": "C:\\reactsproj\\atomic-react-components\\lib\\components\\molecules\\InputChoice\\tests\\InputChoice.style.test.js",
      "startTime": 1573105014778,
      "status": "passed",
      "summary": ""
    },
    {
      "assertionResults": [
        {
          "ancestorTitles": ["Select Component"],
          "failureMessages": [],
          "fullName": "Select Component should render correctly",
          "location": null,
          "status": "passed",
          "title": "should render correctly"
        },
        {
          "ancestorTitles": ["Select Component"],
          "failureMessages": [],
          "fullName": "Select Component should check the data attribute of dropdown/select",
          "location": null,
          "status": "passed",
          "title": "should check the data attribute of dropdown/select"
        }
      ],
      "endTime": 1573105016789,
      "message": "",
      "name": "C:\\reactsproj\\atomic-react-components\\lib\\components\\atoms\\Select\\tests\\Select.test.js",
      "startTime": 1573105016116,
      "status": "passed",
      "summary": ""
    },
    {
      "assertionResults": [
        {
          "ancestorTitles": ["FieldInput"],
          "failureMessages": [],
          "fullName": "FieldInput should render correctly",
          "location": null,
          "status": "passed",
          "title": "should render correctly"
        }
      ],
      "endTime": 1573105016786,
      "message": "",
      "name": "C:\\reactsproj\\atomic-react-components\\lib\\components\\molecules\\Form\\FieldInput\\tests\\FieldInput.style.test.js",
      "startTime": 1573105015694,
      "status": "passed",
      "summary": ""
    },
    {
      "assertionResults": [
        {
          "ancestorTitles": ["Button Component"],
          "failureMessages": [],
          "fullName": "Button Component should render correctly",
          "location": null,
          "status": "passed",
          "title": "should render correctly"
        },
        {
          "ancestorTitles": ["Button Component"],
          "failureMessages": [],
          "fullName": "Button Component should render disabled",
          "location": null,
          "status": "passed",
          "title": "should render disabled"
        },
        {
          "ancestorTitles": ["Button Component"],
          "failureMessages": [],
          "fullName": "Button Component should render title element",
          "location": null,
          "status": "passed",
          "title": "should render title element"
        },
        {
          "ancestorTitles": ["Button Component"],
          "failureMessages": [],
          "fullName": "Button Component should render aria attribute element",
          "location": null,
          "status": "passed",
          "title": "should render aria attribute element"
        },
        {
          "ancestorTitles": ["Button Component"],
          "failureMessages": [],
          "fullName": "Button Component should check the data attribute of button",
          "location": null,
          "status": "passed",
          "title": "should check the data attribute of button"
        }
      ],
      "endTime": 1573105017803,
      "message": "",
      "name": "C:\\reactsproj\\atomic-react-components\\lib\\components\\atoms\\Button\\tests\\Button.test.js",
      "startTime": 1573105017195,
      "status": "passed",
      "summary": ""
    },
    {
      "assertionResults": [
        {
          "ancestorTitles": ["FieldSelect"],
          "failureMessages": [],
          "fullName": "FieldSelect should render correctly",
          "location": null,
          "status": "passed",
          "title": "should render correctly"
        }
      ],
      "endTime": 1573105018144,
      "message": "",
      "name": "C:\\reactsproj\\atomic-react-components\\lib\\components\\molecules\\Form\\FieldSelect\\tests\\FieldSelect.style.test.js",
      "startTime": 1573105017066,
      "status": "passed",
      "summary": ""
    },
    {
      "assertionResults": [
        {
          "ancestorTitles": ["FieldError Component"],
          "failureMessages": [],
          "fullName": "FieldError Component should render correctly",
          "location": null,
          "status": "passed",
          "title": "should render correctly"
        },
        {
          "ancestorTitles": ["FieldError Component"],
          "failureMessages": [],
          "fullName": "FieldError Component should check the element locator of field error",
          "location": null,
          "status": "passed",
          "title": "should check the element locator of field error"
        },
        {
          "ancestorTitles": ["FieldError Component"],
          "failureMessages": [],
          "fullName": "FieldError Component should check the default slnid of field error",
          "location": null,
          "status": "passed",
          "title": "should check the default slnid of field error"
        }
      ],
      "endTime": 1573105018702,
      "message": "",
      "name": "C:\\reactsproj\\atomic-react-components\\lib\\components\\atoms\\FieldError\\tests\\FieldError.test.js",
      "startTime": 1573105018271,
      "status": "passed",
      "summary": ""
    },
    {
      "assertionResults": [
        {
          "ancestorTitles": ["Image Component"],
          "failureMessages": [],
          "fullName": "Image Component should render correctly and match snapshots",
          "location": null,
          "status": "passed",
          "title": "should render correctly and match snapshots"
        },
        {
          "ancestorTitles": ["Image Component"],
          "failureMessages": [],
          "fullName": "Image Component should change image src on error",
          "location": null,
          "status": "passed",
          "title": "should change image src on error"
        },
        {
          "ancestorTitles": ["Image Component"],
          "failureMessages": [],
          "fullName": "Image Component should check the data attribute of image",
          "location": null,
          "status": "passed",
          "title": "should check the data attribute of image"
        },
        {
          "ancestorTitles": ["Image Component"],
          "failureMessages": [],
          "fullName": "Image Component should check the default locator of image",
          "location": null,
          "status": "passed",
          "title": "should check the default locator of image"
        }
      ],
      "endTime": 1573105019184,
      "message": "",
      "name": "C:\\reactsproj\\atomic-react-components\\lib\\components\\atoms\\Image\\tests\\Image.test.js",
      "startTime": 1573105018763,
      "status": "passed",
      "summary": ""
    },
    {
      "assertionResults": [
        {
          "ancestorTitles": ["Anchor Component"],
          "failureMessages": [],
          "fullName": "Anchor Component should render correctly and match snapshot",
          "location": null,
          "status": "passed",
          "title": "should render correctly and match snapshot"
        },
        {
          "ancestorTitles": ["Anchor Component"],
          "failureMessages": [],
          "fullName": "Anchor Component Should handle on typeahead focuson Events",
          "location": null,
          "status": "passed",
          "title": "Should handle on typeahead focuson Events"
        },
        {
          "ancestorTitles": ["Anchor Component"],
          "failureMessages": [],
          "fullName": "Anchor Component should check the data attribute of anchor",
          "location": null,
          "status": "passed",
          "title": "should check the data attribute of anchor"
        }
      ],
      "endTime": 1573105019365,
      "message": "",
      "name": "C:\\reactsproj\\atomic-react-components\\lib\\components\\atoms\\Anchor\\tests\\Anchor.test.js",
      "startTime": 1573105019048,
      "status": "passed",
      "summary": ""
    },
    {
      "assertionResults": [
        {
          "ancestorTitles": ["<TabPanel />"],
          "failureMessages": [],
          "fullName": "<TabPanel /> should render correctly",
          "location": null,
          "status": "passed",
          "title": "should render correctly"
        }
      ],
      "endTime": 1573105019848,
      "message": "",
      "name": "C:\\reactsproj\\atomic-react-components\\lib\\components\\molecules\\Tabs\\TabPanel\\tests\\TabPanel.test.js",
      "startTime": 1573105019499,
      "status": "passed",
      "summary": ""
    },
    {
      "assertionResults": [
        {
          "ancestorTitles": ["<Textarea />"],
          "failureMessages": [],
          "fullName": "<Textarea /> should render correctly",
          "location": null,
          "status": "passed",
          "title": "should render correctly"
        },
        {
          "ancestorTitles": ["<Textarea />"],
          "failureMessages": [],
          "fullName": "<Textarea /> should check the data attribute of textarea",
          "location": null,
          "status": "passed",
          "title": "should check the data attribute of textarea"
        }
      ],
      "endTime": 1573105020423,
      "message": "",
      "name": "C:\\reactsproj\\atomic-react-components\\lib\\components\\atoms\\Textarea\\tests\\Textarea.test.js",
      "startTime": 1573105020098,
      "status": "passed",
      "summary": ""
    },
    {
      "assertionResults": [
        {
          "ancestorTitles": ["<Breadcrumb />"],
          "failureMessages": [],
          "fullName": "<Breadcrumb /> should render correctly",
          "location": null,
          "status": "passed",
          "title": "should render correctly"
        }
      ],
      "endTime": 1573105023192,
      "message": "",
      "name": "C:\\reactsproj\\atomic-react-components\\lib\\components\\molecules\\Breadcrumb\\tests\\Breadcrumb.test.js",
      "startTime": 1573104992867,
      "status": "passed",
      "summary": ""
    }
  ],
  "wasInterrupted": false,
  "coverageMap": {
    "C:\\reactsproj\\atomic-react-components\\lib\\components\\atoms\\Textarea\\Textarea.js": {
      "path": "C:\\reactsproj\\atomic-react-components\\lib\\components\\atoms\\Textarea\\Textarea.js",
      "statementMap": {
        "0": { "start": { "line": 22, "column": 17 }, "end": { "line": 44, "column": 1 } },
        "1": { "start": { "line": 33, "column": 2 }, "end": { "line": 43, "column": 4 } },
        "2": { "start": { "line": 46, "column": 0 }, "end": { "line": 53, "column": 2 } }
      },
      "fnMap": {
        "0": {
          "name": "(anonymous_0)",
          "decl": { "start": { "line": 22, "column": 17 }, "end": { "line": 22, "column": 18 } },
          "loc": { "start": { "line": 33, "column": 2 }, "end": { "line": 43, "column": 4 } },
          "line": 33
        }
      },
      "branchMap": {
        "0": {
          "loc": { "start": { "line": 41, "column": 18 }, "end": { "line": 41, "column": 66 } },
          "type": "binary-expr",
          "locations": [
            { "start": { "line": 41, "column": 18 }, "end": { "line": 41, "column": 32 } },
            { "start": { "line": 41, "column": 36 }, "end": { "line": 41, "column": 66 } }
          ],
          "line": 41
        }
      },
      "s": { "0": 5, "1": 5, "2": 5 },
      "f": { "0": 5 },
      "b": { "0": [5, 2] },
      "_coverageSchema": "43e27e138ebf9cfc5966b082cf9a028302ed4184",
      "hash": "b15cf366623728535d756ca748b4100dab73cc48"
    },
    "C:\\reactsproj\\atomic-react-components\\lib\\components\\atoms\\Textarea\\Textarea.style.js": {
      "path": "C:\\reactsproj\\atomic-react-components\\lib\\components\\atoms\\Textarea\\Textarea.style.js",
      "statementMap": {
        "0": { "start": { "line": 3, "column": 15 }, "end": { "line": 27, "column": 1 } },
        "1": { "start": { "line": 10, "column": 31 }, "end": { "line": 10, "column": 63 } },
        "2": { "start": { "line": 11, "column": 31 }, "end": { "line": 11, "column": 59 } },
        "3": { "start": { "line": 12, "column": 20 }, "end": { "line": 12, "column": 46 } },
        "4": { "start": { "line": 13, "column": 21 }, "end": { "line": 13, "column": 43 } },
        "5": { "start": { "line": 19, "column": 4 }, "end": { "line": 24, "column": 10 } },
        "6": { "start": { "line": 26, "column": 14 }, "end": { "line": 26, "column": 64 } }
      },
      "fnMap": {
        "0": {
          "name": "(anonymous_0)",
          "decl": { "start": { "line": 10, "column": 22 }, "end": { "line": 10, "column": 23 } },
          "loc": { "start": { "line": 10, "column": 31 }, "end": { "line": 10, "column": 63 } },
          "line": 10
        },
        "1": {
          "name": "(anonymous_1)",
          "decl": { "start": { "line": 11, "column": 22 }, "end": { "line": 11, "column": 23 } },
          "loc": { "start": { "line": 11, "column": 31 }, "end": { "line": 11, "column": 59 } },
          "line": 11
        },
        "2": {
          "name": "(anonymous_2)",
          "decl": { "start": { "line": 12, "column": 11 }, "end": { "line": 12, "column": 12 } },
          "loc": { "start": { "line": 12, "column": 20 }, "end": { "line": 12, "column": 46 } },
          "line": 12
        },
        "3": {
          "name": "(anonymous_3)",
          "decl": { "start": { "line": 13, "column": 12 }, "end": { "line": 13, "column": 13 } },
          "loc": { "start": { "line": 13, "column": 21 }, "end": { "line": 13, "column": 43 } },
          "line": 13
        },
        "4": {
          "name": "(anonymous_4)",
          "decl": { "start": { "line": 18, "column": 4 }, "end": { "line": 18, "column": 5 } },
          "loc": { "start": { "line": 19, "column": 4 }, "end": { "line": 24, "column": 10 } },
          "line": 19
        },
        "5": {
          "name": "(anonymous_5)",
          "decl": { "start": { "line": 26, "column": 4 }, "end": { "line": 26, "column": 5 } },
          "loc": { "start": { "line": 26, "column": 14 }, "end": { "line": 26, "column": 64 } },
          "line": 26
        }
      },
      "branchMap": {
        "0": {
          "loc": { "start": { "line": 13, "column": 21 }, "end": { "line": 13, "column": 43 } },
          "type": "binary-expr",
          "locations": [
            { "start": { "line": 13, "column": 21 }, "end": { "line": 13, "column": 33 } },
            { "start": { "line": 13, "column": 37 }, "end": { "line": 13, "column": 43 } }
          ],
          "line": 13
        },
        "1": {
          "loc": { "start": { "line": 19, "column": 4 }, "end": { "line": 24, "column": 10 } },
          "type": "cond-expr",
          "locations": [
            { "start": { "line": 20, "column": 8 }, "end": { "line": 23, "column": 5 } },
            { "start": { "line": 24, "column": 8 }, "end": { "line": 24, "column": 10 } }
          ],
          "line": 19
        },
        "2": {
          "loc": { "start": { "line": 26, "column": 14 }, "end": { "line": 26, "column": 64 } },
          "type": "cond-expr",
          "locations": [
            { "start": { "line": 26, "column": 38 }, "end": { "line": 26, "column": 59 } },
            { "start": { "line": 26, "column": 62 }, "end": { "line": 26, "column": 64 } }
          ],
          "line": 26
        }
      },
      "s": { "0": 5, "1": 2, "2": 2, "3": 2, "4": 2, "5": 2, "6": 2 },
      "f": { "0": 2, "1": 2, "2": 2, "3": 2, "4": 2, "5": 2 },
      "b": { "0": [2, 2], "1": [0, 2], "2": [0, 2] },
      "_coverageSchema": "43e27e138ebf9cfc5966b082cf9a028302ed4184",
      "hash": "85487903bb68a40ca63b4b1f8ffe9ec750980acb"
    },
    "C:\\reactsproj\\atomic-react-components\\lib\\components\\molecules\\Modal\\Modal.js": {
      "path": "C:\\reactsproj\\atomic-react-components\\lib\\components\\molecules\\Modal\\Modal.js",
      "statementMap": {
        "0": { "start": { "line": 54, "column": 14 }, "end": { "line": 102, "column": 1 } },
        "1": { "start": { "line": 78, "column": 2 }, "end": { "line": 101, "column": 4 } },
        "2": { "start": { "line": 104, "column": 0 }, "end": { "line": 125, "column": 2 } },
        "3": { "start": { "line": 121, "column": 24 }, "end": { "line": 121, "column": 49 } }
      },
      "fnMap": {
        "0": {
          "name": "(anonymous_0)",
          "decl": { "start": { "line": 54, "column": 14 }, "end": { "line": 54, "column": 15 } },
          "loc": { "start": { "line": 78, "column": 2 }, "end": { "line": 101, "column": 4 } },
          "line": 78
        },
        "1": {
          "name": "(anonymous_1)",
          "decl": { "start": { "line": 121, "column": 18 }, "end": { "line": 121, "column": 19 } },
          "loc": { "start": { "line": 121, "column": 24 }, "end": { "line": 121, "column": 49 } },
          "line": 121
        }
      },
      "branchMap": {
        "0": {
          "loc": { "start": { "line": 121, "column": 24 }, "end": { "line": 121, "column": 49 } },
          "type": "binary-expr",
          "locations": [
            { "start": { "line": 121, "column": 24 }, "end": { "line": 121, "column": 32 } },
            { "start": { "line": 121, "column": 36 }, "end": { "line": 121, "column": 49 } }
          ],
          "line": 121
        }
      },
      "s": { "0": 1, "1": 1, "2": 1, "3": 0 },
      "f": { "0": 1, "1": 0 },
      "b": { "0": [0, 0] },
      "_coverageSchema": "43e27e138ebf9cfc5966b082cf9a028302ed4184",
      "hash": "279962f1a38bee18b5e96748c99bfae4203ad7fb"
    },
    "C:\\reactsproj\\atomic-react-components\\lib\\core\\utils\\noop.js": {
      "path": "C:\\reactsproj\\atomic-react-components\\lib\\core\\utils\\noop.js",
      "statementMap": {
        "0": { "start": { "line": 1, "column": 20 }, "end": { "line": 1, "column": 36 } },
        "1": { "start": { "line": 1, "column": 26 }, "end": { "line": 1, "column": 36 } },
        "2": { "start": { "line": 1, "column": 32 }, "end": { "line": 1, "column": 36 } }
      },
      "fnMap": {
        "0": {
          "name": "(anonymous_0)",
          "decl": { "start": { "line": 1, "column": 20 }, "end": { "line": 1, "column": 21 } },
          "loc": { "start": { "line": 1, "column": 26 }, "end": { "line": 1, "column": 36 } },
          "line": 1
        },
        "1": {
          "name": "(anonymous_1)",
          "decl": { "start": { "line": 1, "column": 26 }, "end": { "line": 1, "column": 27 } },
          "loc": { "start": { "line": 1, "column": 32 }, "end": { "line": 1, "column": 36 } },
          "line": 1
        }
      },
      "branchMap": {},
      "s": { "0": 2, "1": 0, "2": 0 },
      "f": { "0": 0, "1": 0 },
      "b": {},
      "_coverageSchema": "43e27e138ebf9cfc5966b082cf9a028302ed4184",
      "hash": "d37f13ad0a23df10bd6d195ca096b826d8f75c29"
    },
    "C:\\reactsproj\\atomic-react-components\\lib\\components\\molecules\\Modal\\Modal.style.js": {
      "path": "C:\\reactsproj\\atomic-react-components\\lib\\components\\molecules\\Modal\\Modal.style.js",
      "statementMap": {
        "0": { "start": { "line": 3, "column": 15 }, "end": { "line": 5, "column": 1 } },
        "1": { "start": { "line": 4, "column": 14 }, "end": { "line": 4, "column": 64 } }
      },
      "fnMap": {
        "0": {
          "name": "(anonymous_0)",
          "decl": { "start": { "line": 4, "column": 4 }, "end": { "line": 4, "column": 5 } },
          "loc": { "start": { "line": 4, "column": 14 }, "end": { "line": 4, "column": 64 } },
          "line": 4
        }
      },
      "branchMap": {
        "0": {
          "loc": { "start": { "line": 4, "column": 14 }, "end": { "line": 4, "column": 64 } },
          "type": "cond-expr",
          "locations": [
            { "start": { "line": 4, "column": 38 }, "end": { "line": 4, "column": 59 } },
            { "start": { "line": 4, "column": 62 }, "end": { "line": 4, "column": 64 } }
          ],
          "line": 4
        }
      },
      "s": { "0": 1, "1": 0 },
      "f": { "0": 0 },
      "b": { "0": [0, 0] },
      "_coverageSchema": "43e27e138ebf9cfc5966b082cf9a028302ed4184",
      "hash": "978d1f7c6559895ad7ba9ab08aa6cfb60120c4f1"
    },
    "C:\\reactsproj\\atomic-react-components\\lib\\components\\molecules\\Form\\FieldInput\\FieldInput.js": {
      "path": "C:\\reactsproj\\atomic-react-components\\lib\\components\\molecules\\Form\\FieldInput\\FieldInput.js",
      "statementMap": {
        "0": { "start": { "line": 25, "column": 19 }, "end": { "line": 68, "column": 1 } },
        "1": { "start": { "line": 38, "column": 2 }, "end": { "line": 67, "column": 8 } },
        "2": { "start": { "line": 47, "column": 45 }, "end": { "line": 47, "column": 49 } },
        "3": { "start": { "line": 48, "column": 8 }, "end": { "line": 62, "column": 10 } },
        "4": { "start": { "line": 54, "column": 14 }, "end": { "line": 54, "column": 30 } },
        "5": { "start": { "line": 55, "column": 14 }, "end": { "line": 55, "column": 68 } },
        "6": { "start": { "line": 55, "column": 50 }, "end": { "line": 55, "column": 68 } },
        "7": { "start": { "line": 58, "column": 14 }, "end": { "line": 58, "column": 28 } },
        "8": { "start": { "line": 59, "column": 14 }, "end": { "line": 59, "column": 64 } },
        "9": { "start": { "line": 59, "column": 48 }, "end": { "line": 59, "column": 64 } },
        "10": { "start": { "line": 70, "column": 0 }, "end": { "line": 79, "column": 2 } }
      },
      "fnMap": {
        "0": {
          "name": "(anonymous_0)",
          "decl": { "start": { "line": 25, "column": 19 }, "end": { "line": 25, "column": 20 } },
          "loc": { "start": { "line": 38, "column": 2 }, "end": { "line": 67, "column": 8 } },
          "line": 38
        },
        "1": {
          "name": "(anonymous_1)",
          "decl": { "start": { "line": 46, "column": 14 }, "end": { "line": 46, "column": 15 } },
          "loc": { "start": { "line": 46, "column": 35 }, "end": { "line": 63, "column": 7 } },
          "line": 46
        },
        "2": {
          "name": "(anonymous_2)",
          "decl": { "start": { "line": 53, "column": 22 }, "end": { "line": 53, "column": 23 } },
          "loc": { "start": { "line": 53, "column": 27 }, "end": { "line": 56, "column": 13 } },
          "line": 53
        },
        "3": {
          "name": "(anonymous_3)",
          "decl": { "start": { "line": 57, "column": 20 }, "end": { "line": 57, "column": 21 } },
          "loc": { "start": { "line": 57, "column": 25 }, "end": { "line": 60, "column": 13 } },
          "line": 57
        }
      },
      "branchMap": {
        "0": {
          "loc": { "start": { "line": 55, "column": 14 }, "end": { "line": 55, "column": 68 } },
          "type": "if",
          "locations": [
            { "start": { "line": 55, "column": 14 }, "end": { "line": 55, "column": 68 } },
            { "start": { "line": 55, "column": 14 }, "end": { "line": 55, "column": 68 } }
          ],
          "line": 55
        },
        "1": {
          "loc": { "start": { "line": 59, "column": 14 }, "end": { "line": 59, "column": 64 } },
          "type": "if",
          "locations": [
            { "start": { "line": 59, "column": 14 }, "end": { "line": 59, "column": 64 } },
            { "start": { "line": 59, "column": 14 }, "end": { "line": 59, "column": 64 } }
          ],
          "line": 59
        }
      },
      "s": {
        "0": 3,
        "1": 4,
        "2": 3,
        "3": 3,
        "4": 0,
        "5": 0,
        "6": 0,
        "7": 0,
        "8": 0,
        "9": 0,
        "10": 3
      },
      "f": { "0": 4, "1": 3, "2": 0, "3": 0 },
      "b": { "0": [0, 0], "1": [0, 0] },
      "_coverageSchema": "43e27e138ebf9cfc5966b082cf9a028302ed4184",
      "hash": "56d5f4edb237a22c35ab25537f2d471947228937"
    },
    "C:\\reactsproj\\atomic-react-components\\lib\\components\\atoms\\Input\\index.js": {
      "path": "C:\\reactsproj\\atomic-react-components\\lib\\components\\atoms\\Input\\index.js",
      "statementMap": {},
      "fnMap": {},
      "branchMap": {},
      "s": {},
      "f": {},
      "b": {},
      "_coverageSchema": "43e27e138ebf9cfc5966b082cf9a028302ed4184",
      "hash": "8dc84e4f88a34b09fdb46ac4c17fe310be0700da"
    },
    "C:\\reactsproj\\atomic-react-components\\lib\\components\\atoms\\Input\\Input.js": {
      "path": "C:\\reactsproj\\atomic-react-components\\lib\\components\\atoms\\Input\\Input.js",
      "statementMap": {
        "0": { "start": { "line": 18, "column": 14 }, "end": { "line": 40, "column": 1 } },
        "1": { "start": { "line": 29, "column": 2 }, "end": { "line": 39, "column": 4 } },
        "2": { "start": { "line": 42, "column": 0 }, "end": { "line": 49, "column": 2 } }
      },
      "fnMap": {
        "0": {
          "name": "(anonymous_0)",
          "decl": { "start": { "line": 18, "column": 14 }, "end": { "line": 18, "column": 15 } },
          "loc": { "start": { "line": 29, "column": 2 }, "end": { "line": 39, "column": 4 } },
          "line": 29
        }
      },
      "branchMap": {
        "0": {
          "loc": { "start": { "line": 37, "column": 18 }, "end": { "line": 37, "column": 59 } },
          "type": "binary-expr",
          "locations": [
            { "start": { "line": 37, "column": 18 }, "end": { "line": 37, "column": 32 } },
            { "start": { "line": 37, "column": 36 }, "end": { "line": 37, "column": 59 } }
          ],
          "line": 37
        }
      },
      "s": { "0": 7, "1": 5, "2": 7 },
      "f": { "0": 5 },
      "b": { "0": [5, 3] },
      "_coverageSchema": "43e27e138ebf9cfc5966b082cf9a028302ed4184",
      "hash": "4ab38bafd5c5136b1a286580b5346e63ddf6c855"
    },
    "C:\\reactsproj\\atomic-react-components\\lib\\components\\atoms\\Input\\Input.style.js": {
      "path": "C:\\reactsproj\\atomic-react-components\\lib\\components\\atoms\\Input\\Input.style.js",
      "statementMap": {
        "0": { "start": { "line": 3, "column": 15 }, "end": { "line": 24, "column": 1 } },
        "1": { "start": { "line": 10, "column": 31 }, "end": { "line": 10, "column": 63 } },
        "2": { "start": { "line": 11, "column": 31 }, "end": { "line": 11, "column": 59 } },
        "3": { "start": { "line": 12, "column": 20 }, "end": { "line": 12, "column": 46 } },
        "4": { "start": { "line": 16, "column": 4 }, "end": { "line": 21, "column": 10 } },
        "5": { "start": { "line": 23, "column": 14 }, "end": { "line": 23, "column": 64 } }
      },
      "fnMap": {
        "0": {
          "name": "(anonymous_0)",
          "decl": { "start": { "line": 10, "column": 22 }, "end": { "line": 10, "column": 23 } },
          "loc": { "start": { "line": 10, "column": 31 }, "end": { "line": 10, "column": 63 } },
          "line": 10
        },
        "1": {
          "name": "(anonymous_1)",
          "decl": { "start": { "line": 11, "column": 22 }, "end": { "line": 11, "column": 23 } },
          "loc": { "start": { "line": 11, "column": 31 }, "end": { "line": 11, "column": 59 } },
          "line": 11
        },
        "2": {
          "name": "(anonymous_2)",
          "decl": { "start": { "line": 12, "column": 11 }, "end": { "line": 12, "column": 12 } },
          "loc": { "start": { "line": 12, "column": 20 }, "end": { "line": 12, "column": 46 } },
          "line": 12
        },
        "3": {
          "name": "(anonymous_3)",
          "decl": { "start": { "line": 15, "column": 4 }, "end": { "line": 15, "column": 5 } },
          "loc": { "start": { "line": 16, "column": 4 }, "end": { "line": 21, "column": 10 } },
          "line": 16
        },
        "4": {
          "name": "(anonymous_4)",
          "decl": { "start": { "line": 23, "column": 4 }, "end": { "line": 23, "column": 5 } },
          "loc": { "start": { "line": 23, "column": 14 }, "end": { "line": 23, "column": 64 } },
          "line": 23
        }
      },
      "branchMap": {
        "0": {
          "loc": { "start": { "line": 16, "column": 4 }, "end": { "line": 21, "column": 10 } },
          "type": "cond-expr",
          "locations": [
            { "start": { "line": 17, "column": 8 }, "end": { "line": 20, "column": 5 } },
            { "start": { "line": 21, "column": 8 }, "end": { "line": 21, "column": 10 } }
          ],
          "line": 16
        },
        "1": {
          "loc": { "start": { "line": 23, "column": 14 }, "end": { "line": 23, "column": 64 } },
          "type": "cond-expr",
          "locations": [
            { "start": { "line": 23, "column": 38 }, "end": { "line": 23, "column": 59 } },
            { "start": { "line": 23, "column": 62 }, "end": { "line": 23, "column": 64 } }
          ],
          "line": 23
        }
      },
      "s": { "0": 7, "1": 3, "2": 3, "3": 3, "4": 3, "5": 3 },
      "f": { "0": 3, "1": 3, "2": 3, "3": 3, "4": 3 },
      "b": { "0": [0, 3], "1": [0, 3] },
      "_coverageSchema": "43e27e138ebf9cfc5966b082cf9a028302ed4184",
      "hash": "b92242db6aa26247ef0150e08b114c59ac9d0308"
    },
    "C:\\reactsproj\\atomic-react-components\\lib\\components\\atoms\\FieldError\\index.js": {
      "path": "C:\\reactsproj\\atomic-react-components\\lib\\components\\atoms\\FieldError\\index.js",
      "statementMap": {},
      "fnMap": {},
      "branchMap": {},
      "s": {},
      "f": {},
      "b": {},
      "_coverageSchema": "43e27e138ebf9cfc5966b082cf9a028302ed4184",
      "hash": "befabbd4fd29e7040dc378c47ef1abeffb4667f1"
    },
    "C:\\reactsproj\\atomic-react-components\\lib\\components\\atoms\\FieldError\\FieldError.js": {
      "path": "C:\\reactsproj\\atomic-react-components\\lib\\components\\atoms\\FieldError\\FieldError.js",
      "statementMap": {
        "0": { "start": { "line": 17, "column": 19 }, "end": { "line": 35, "column": 1 } },
        "1": { "start": { "line": 25, "column": 2 }, "end": { "line": 34, "column": 9 } },
        "2": { "start": { "line": 37, "column": 0 }, "end": { "line": 42, "column": 2 } }
      },
      "fnMap": {
        "0": {
          "name": "(anonymous_0)",
          "decl": { "start": { "line": 17, "column": 19 }, "end": { "line": 17, "column": 20 } },
          "loc": { "start": { "line": 25, "column": 2 }, "end": { "line": 34, "column": 9 } },
          "line": 25
        }
      },
      "branchMap": {
        "0": {
          "loc": { "start": { "line": 29, "column": 18 }, "end": { "line": 29, "column": 57 } },
          "type": "cond-expr",
          "locations": [
            { "start": { "line": 29, "column": 31 }, "end": { "line": 29, "column": 52 } },
            { "start": { "line": 29, "column": 55 }, "end": { "line": 29, "column": 57 } }
          ],
          "line": 29
        },
        "1": {
          "loc": { "start": { "line": 30, "column": 18 }, "end": { "line": 30, "column": 83 } },
          "type": "binary-expr",
          "locations": [
            { "start": { "line": 30, "column": 18 }, "end": { "line": 30, "column": 32 } },
            { "start": { "line": 30, "column": 36 }, "end": { "line": 30, "column": 83 } }
          ],
          "line": 30
        }
      },
      "s": { "0": 8, "1": 5, "2": 8 },
      "f": { "0": 5 },
      "b": { "0": [1, 4], "1": [5, 4] },
      "_coverageSchema": "43e27e138ebf9cfc5966b082cf9a028302ed4184",
      "hash": "2d491cab3a37c032143b3db1905d1b72de578c55"
    },
    "C:\\reactsproj\\atomic-react-components\\lib\\components\\atoms\\Para\\index.js": {
      "path": "C:\\reactsproj\\atomic-react-components\\lib\\components\\atoms\\Para\\index.js",
      "statementMap": {},
      "fnMap": {},
      "branchMap": {},
      "s": {},
      "f": {},
      "b": {},
      "_coverageSchema": "43e27e138ebf9cfc5966b082cf9a028302ed4184",
      "hash": "5a0e6455522d166db1b3799f4befb5ac47572ee4"
    },
    "C:\\reactsproj\\atomic-react-components\\lib\\components\\atoms\\Para\\Para.js": {
      "path": "C:\\reactsproj\\atomic-react-components\\lib\\components\\atoms\\Para\\Para.js",
      "statementMap": {
        "0": { "start": { "line": 15, "column": 13 }, "end": { "line": 27, "column": 1 } },
        "1": { "start": { "line": 16, "column": 22 }, "end": { "line": 20, "column": 8 } },
        "2": { "start": { "line": 22, "column": 2 }, "end": { "line": 26, "column": 4 } },
        "3": { "start": { "line": 29, "column": 0 }, "end": { "line": 33, "column": 2 } }
      },
      "fnMap": {
        "0": {
          "name": "(anonymous_0)",
          "decl": { "start": { "line": 15, "column": 13 }, "end": { "line": 15, "column": 14 } },
          "loc": { "start": { "line": 15, "column": 99 }, "end": { "line": 27, "column": 1 } },
          "line": 15
        }
      },
      "branchMap": {
        "0": {
          "loc": { "start": { "line": 16, "column": 22 }, "end": { "line": 20, "column": 8 } },
          "type": "cond-expr",
          "locations": [
            { "start": { "line": 17, "column": 6 }, "end": { "line": 19, "column": 7 } },
            { "start": { "line": 20, "column": 6 }, "end": { "line": 20, "column": 8 } }
          ],
          "line": 16
        }
      },
      "s": { "0": 9, "1": 4, "2": 4, "3": 9 },
      "f": { "0": 4 },
      "b": { "0": [2, 2] },
      "_coverageSchema": "43e27e138ebf9cfc5966b082cf9a028302ed4184",
      "hash": "deb2a5345ce41fcfb64eb505b6c20c5dfc7f278e"
    },
    "C:\\reactsproj\\atomic-react-components\\lib\\components\\atoms\\Para\\Para.style.js": {
      "path": "C:\\reactsproj\\atomic-react-components\\lib\\components\\atoms\\Para\\Para.style.js",
      "statementMap": {
        "0": { "start": { "line": 6, "column": 26 }, "end": { "line": 6, "column": 55 } }
      },
      "fnMap": {
        "0": {
          "name": "(anonymous_0)",
          "decl": { "start": { "line": 6, "column": 17 }, "end": { "line": 6, "column": 18 } },
          "loc": { "start": { "line": 6, "column": 26 }, "end": { "line": 6, "column": 55 } },
          "line": 6
        }
      },
      "branchMap": {},
      "s": { "0": 2 },
      "f": { "0": 2 },
      "b": {},
      "_coverageSchema": "43e27e138ebf9cfc5966b082cf9a028302ed4184",
      "hash": "b1ce5daa7021cd414fc330bd64693cb92a08c24c"
    },
    "C:\\reactsproj\\atomic-react-components\\lib\\core\\utils\\elementLocator.js": {
      "path": "C:\\reactsproj\\atomic-react-components\\lib\\core\\utils\\elementLocator.js",
      "statementMap": {
        "0": { "start": { "line": 4, "column": 36 }, "end": { "line": 20, "column": 1 } },
        "1": { "start": { "line": 5, "column": 14 }, "end": { "line": 5, "column": 16 } },
        "2": { "start": { "line": 7, "column": 2 }, "end": { "line": 18, "column": 5 } },
        "3": { "start": { "line": 8, "column": 24 }, "end": { "line": 8, "column": 29 } },
        "4": { "start": { "line": 10, "column": 4 }, "end": { "line": 16, "column": 5 } },
        "5": { "start": { "line": 11, "column": 6 }, "end": { "line": 15, "column": 9 } },
        "6": { "start": { "line": 12, "column": 8 }, "end": { "line": 12, "column": 78 } },
        "7": { "start": { "line": 13, "column": 8 }, "end": { "line": 13, "column": 51 } },
        "8": { "start": { "line": 13, "column": 30 }, "end": { "line": 13, "column": 51 } },
        "9": { "start": { "line": 14, "column": 8 }, "end": { "line": 14, "column": 29 } },
        "10": { "start": { "line": 17, "column": 4 }, "end": { "line": 17, "column": 45 } },
        "11": { "start": { "line": 19, "column": 2 }, "end": { "line": 19, "column": 29 } }
      },
      "fnMap": {
        "0": {
          "name": "(anonymous_0)",
          "decl": { "start": { "line": 4, "column": 36 }, "end": { "line": 4, "column": 37 } },
          "loc": { "start": { "line": 4, "column": 48 }, "end": { "line": 20, "column": 1 } },
          "line": 4
        },
        "1": {
          "name": "(anonymous_1)",
          "decl": { "start": { "line": 7, "column": 34 }, "end": { "line": 7, "column": 35 } },
          "loc": { "start": { "line": 7, "column": 57 }, "end": { "line": 18, "column": 3 } },
          "line": 7
        },
        "2": {
          "name": "(anonymous_2)",
          "decl": { "start": { "line": 11, "column": 28 }, "end": { "line": 11, "column": 29 } },
          "loc": { "start": { "line": 11, "column": 51 }, "end": { "line": 15, "column": 7 } },
          "line": 11
        }
      },
      "branchMap": {
        "0": {
          "loc": { "start": { "line": 10, "column": 4 }, "end": { "line": 16, "column": 5 } },
          "type": "if",
          "locations": [
            { "start": { "line": 10, "column": 4 }, "end": { "line": 16, "column": 5 } },
            { "start": { "line": 10, "column": 4 }, "end": { "line": 16, "column": 5 } }
          ],
          "line": 10
        },
        "1": {
          "loc": { "start": { "line": 12, "column": 20 }, "end": { "line": 12, "column": 67 } },
          "type": "cond-expr",
          "locations": [
            { "start": { "line": 12, "column": 59 }, "end": { "line": 12, "column": 61 } },
            { "start": { "line": 12, "column": 64 }, "end": { "line": 12, "column": 67 } }
          ],
          "line": 12
        },
        "2": {
          "loc": { "start": { "line": 12, "column": 20 }, "end": { "line": 12, "column": 56 } },
          "type": "binary-expr",
          "locations": [
            { "start": { "line": 12, "column": 20 }, "end": { "line": 12, "column": 36 } },
            { "start": { "line": 12, "column": 40 }, "end": { "line": 12, "column": 56 } }
          ],
          "line": 12
        },
        "3": {
          "loc": { "start": { "line": 13, "column": 8 }, "end": { "line": 13, "column": 51 } },
          "type": "if",
          "locations": [
            { "start": { "line": 13, "column": 8 }, "end": { "line": 13, "column": 51 } },
            { "start": { "line": 13, "column": 8 }, "end": { "line": 13, "column": 51 } }
          ],
          "line": 13
        },
        "4": {
          "loc": { "start": { "line": 17, "column": 11 }, "end": { "line": 17, "column": 44 } },
          "type": "binary-expr",
          "locations": [
            { "start": { "line": 17, "column": 11 }, "end": { "line": 17, "column": 24 } },
            { "start": { "line": 17, "column": 28 }, "end": { "line": 17, "column": 44 } }
          ],
          "line": 17
        }
      },
      "s": {
        "0": 21,
        "1": 32,
        "2": 32,
        "3": 28,
        "4": 28,
        "5": 28,
        "6": 43,
        "7": 43,
        "8": 15,
        "9": 43,
        "10": 28,
        "11": 32
      },
      "f": { "0": 32, "1": 28, "2": 43 },
      "b": { "0": [28, 0], "1": [28, 15], "2": [43, 43], "3": [15, 28], "4": [28, 13] },
      "_coverageSchema": "43e27e138ebf9cfc5966b082cf9a028302ed4184",
      "hash": "01072155d639615e0b629ccb69e38a7d7cd08c04"
    },
    "C:\\reactsproj\\atomic-react-components\\lib\\components\\atoms\\FieldError\\FieldError.style.js": {
      "path": "C:\\reactsproj\\atomic-react-components\\lib\\components\\atoms\\FieldError\\FieldError.style.js",
      "statementMap": {
        "0": { "start": { "line": 3, "column": 15 }, "end": { "line": 10, "column": 1 } },
        "1": { "start": { "line": 4, "column": 26 }, "end": { "line": 4, "column": 57 } },
        "2": { "start": { "line": 7, "column": 20 }, "end": { "line": 7, "column": 46 } },
        "3": { "start": { "line": 9, "column": 14 }, "end": { "line": 9, "column": 64 } }
      },
      "fnMap": {
        "0": {
          "name": "(anonymous_0)",
          "decl": { "start": { "line": 4, "column": 17 }, "end": { "line": 4, "column": 18 } },
          "loc": { "start": { "line": 4, "column": 26 }, "end": { "line": 4, "column": 57 } },
          "line": 4
        },
        "1": {
          "name": "(anonymous_1)",
          "decl": { "start": { "line": 7, "column": 11 }, "end": { "line": 7, "column": 12 } },
          "loc": { "start": { "line": 7, "column": 20 }, "end": { "line": 7, "column": 46 } },
          "line": 7
        },
        "2": {
          "name": "(anonymous_2)",
          "decl": { "start": { "line": 9, "column": 4 }, "end": { "line": 9, "column": 5 } },
          "loc": { "start": { "line": 9, "column": 14 }, "end": { "line": 9, "column": 64 } },
          "line": 9
        }
      },
      "branchMap": {
        "0": {
          "loc": { "start": { "line": 9, "column": 14 }, "end": { "line": 9, "column": 64 } },
          "type": "cond-expr",
          "locations": [
            { "start": { "line": 9, "column": 38 }, "end": { "line": 9, "column": 59 } },
            { "start": { "line": 9, "column": 62 }, "end": { "line": 9, "column": 64 } }
          ],
          "line": 9
        }
      },
      "s": { "0": 8, "1": 0, "2": 0, "3": 0 },
      "f": { "0": 0, "1": 0, "2": 0 },
      "b": { "0": [0, 0] },
      "_coverageSchema": "43e27e138ebf9cfc5966b082cf9a028302ed4184",
      "hash": "ae499c2f92ed37b620624312b7aa0d3d06085d1e"
    },
    "C:\\reactsproj\\atomic-react-components\\lib\\components\\atoms\\Label\\index.js": {
      "path": "C:\\reactsproj\\atomic-react-components\\lib\\components\\atoms\\Label\\index.js",
      "statementMap": {},
      "fnMap": {},
      "branchMap": {},
      "s": {},
      "f": {},
      "b": {},
      "_coverageSchema": "43e27e138ebf9cfc5966b082cf9a028302ed4184",
      "hash": "9e4196f9140ca57ab8290416142a3fbb7b9336b6"
    },
    "C:\\reactsproj\\atomic-react-components\\lib\\components\\atoms\\Label\\Label.js": {
      "path": "C:\\reactsproj\\atomic-react-components\\lib\\components\\atoms\\Label\\Label.js",
      "statementMap": {
        "0": { "start": { "line": 14, "column": 14 }, "end": { "line": 25, "column": 1 } },
        "1": { "start": { "line": 17, "column": 2 }, "end": { "line": 24, "column": 10 } },
        "2": { "start": { "line": 27, "column": 0 }, "end": { "line": 30, "column": 2 } }
      },
      "fnMap": {
        "0": {
          "name": "(anonymous_0)",
          "decl": { "start": { "line": 14, "column": 14 }, "end": { "line": 14, "column": 15 } },
          "loc": { "start": { "line": 17, "column": 2 }, "end": { "line": 24, "column": 10 } },
          "line": 17
        }
      },
      "branchMap": {
        "0": {
          "loc": { "start": { "line": 20, "column": 18 }, "end": { "line": 20, "column": 88 } },
          "type": "binary-expr",
          "locations": [
            { "start": { "line": 20, "column": 18 }, "end": { "line": 20, "column": 32 } },
            { "start": { "line": 20, "column": 36 }, "end": { "line": 20, "column": 88 } }
          ],
          "line": 20
        }
      },
      "s": { "0": 10, "1": 9, "2": 10 },
      "f": { "0": 9 },
      "b": { "0": [9, 8] },
      "_coverageSchema": "43e27e138ebf9cfc5966b082cf9a028302ed4184",
      "hash": "f06b5bdd71cdec09c0862d019c55c934a7c499c2"
    },
    "C:\\reactsproj\\atomic-react-components\\lib\\components\\molecules\\Form\\FieldInput\\FieldInput.style.js": {
      "path": "C:\\reactsproj\\atomic-react-components\\lib\\components\\molecules\\Form\\FieldInput\\FieldInput.style.js",
      "statementMap": {
        "0": { "start": { "line": 4, "column": 15 }, "end": { "line": 15, "column": 1 } }
      },
      "fnMap": {},
      "branchMap": {},
      "s": { "0": 3 },
      "f": {},
      "b": {},
      "_coverageSchema": "43e27e138ebf9cfc5966b082cf9a028302ed4184",
      "hash": "282a985f263d1576d92f7e1a565a13f879605229"
    },
    "C:\\reactsproj\\atomic-react-components\\lib\\components\\molecules\\List\\index.js": {
      "path": "C:\\reactsproj\\atomic-react-components\\lib\\components\\molecules\\List\\index.js",
      "statementMap": {},
      "fnMap": {},
      "branchMap": {},
      "s": {},
      "f": {},
      "b": {},
      "_coverageSchema": "43e27e138ebf9cfc5966b082cf9a028302ed4184",
      "hash": "bfa0c4c4d977163957f2128ac03c1077303afa92"
    },
    "C:\\reactsproj\\atomic-react-components\\lib\\components\\molecules\\List\\List.js": {
      "path": "C:\\reactsproj\\atomic-react-components\\lib\\components\\molecules\\List\\List.js",
      "statementMap": {
        "0": { "start": { "line": 26, "column": 13 }, "end": { "line": 30, "column": 1 } },
        "1": { "start": { "line": 27, "column": 2 }, "end": { "line": 29, "column": 13 } },
        "2": { "start": { "line": 32, "column": 0 }, "end": { "line": 41, "column": 2 } }
      },
      "fnMap": {
        "0": {
          "name": "(anonymous_0)",
          "decl": { "start": { "line": 26, "column": 13 }, "end": { "line": 26, "column": 14 } },
          "loc": { "start": { "line": 27, "column": 2 }, "end": { "line": 29, "column": 13 } },
          "line": 27
        }
      },
      "branchMap": {
        "0": {
          "loc": { "start": { "line": 26, "column": 27 }, "end": { "line": 26, "column": 42 } },
          "type": "default-arg",
          "locations": [
            { "start": { "line": 26, "column": 38 }, "end": { "line": 26, "column": 42 } }
          ],
          "line": 26
        }
      },
      "s": { "0": 3, "1": 8, "2": 3 },
      "f": { "0": 8 },
      "b": { "0": [0] },
      "_coverageSchema": "43e27e138ebf9cfc5966b082cf9a028302ed4184",
      "hash": "bf678f4a594b57aa7f7cb5bab8074c5360ce166e"
    },
    "C:\\reactsproj\\atomic-react-components\\lib\\components\\molecules\\List\\List.style.js": {
      "path": "C:\\reactsproj\\atomic-react-components\\lib\\components\\molecules\\List\\List.style.js",
      "statementMap": {
        "0": { "start": { "line": 9, "column": 4 }, "end": { "line": 15, "column": 10 } },
        "1": { "start": { "line": 18, "column": 4 }, "end": { "line": 24, "column": 10 } },
        "2": { "start": { "line": 27, "column": 4 }, "end": { "line": 32, "column": 10 } },
        "3": { "start": { "line": 35, "column": 4 }, "end": { "line": 42, "column": 10 } },
        "4": { "start": { "line": 45, "column": 4 }, "end": { "line": 61, "column": 10 } },
        "5": { "start": { "line": 63, "column": 14 }, "end": { "line": 63, "column": 64 } }
      },
      "fnMap": {
        "0": {
          "name": "(anonymous_0)",
          "decl": { "start": { "line": 8, "column": 4 }, "end": { "line": 8, "column": 5 } },
          "loc": { "start": { "line": 9, "column": 4 }, "end": { "line": 15, "column": 10 } },
          "line": 9
        },
        "1": {
          "name": "(anonymous_1)",
          "decl": { "start": { "line": 17, "column": 4 }, "end": { "line": 17, "column": 5 } },
          "loc": { "start": { "line": 18, "column": 4 }, "end": { "line": 24, "column": 10 } },
          "line": 18
        },
        "2": {
          "name": "(anonymous_2)",
          "decl": { "start": { "line": 26, "column": 4 }, "end": { "line": 26, "column": 5 } },
          "loc": { "start": { "line": 27, "column": 4 }, "end": { "line": 32, "column": 10 } },
          "line": 27
        },
        "3": {
          "name": "(anonymous_3)",
          "decl": { "start": { "line": 34, "column": 4 }, "end": { "line": 34, "column": 5 } },
          "loc": { "start": { "line": 35, "column": 4 }, "end": { "line": 42, "column": 10 } },
          "line": 35
        },
        "4": {
          "name": "(anonymous_4)",
          "decl": { "start": { "line": 44, "column": 4 }, "end": { "line": 44, "column": 5 } },
          "loc": { "start": { "line": 45, "column": 4 }, "end": { "line": 61, "column": 10 } },
          "line": 45
        },
        "5": {
          "name": "(anonymous_5)",
          "decl": { "start": { "line": 63, "column": 4 }, "end": { "line": 63, "column": 5 } },
          "loc": { "start": { "line": 63, "column": 14 }, "end": { "line": 63, "column": 64 } },
          "line": 63
        }
      },
      "branchMap": {
        "0": {
          "loc": { "start": { "line": 9, "column": 4 }, "end": { "line": 15, "column": 10 } },
          "type": "cond-expr",
          "locations": [
            { "start": { "line": 10, "column": 8 }, "end": { "line": 14, "column": 7 } },
            { "start": { "line": 15, "column": 8 }, "end": { "line": 15, "column": 10 } }
          ],
          "line": 9
        },
        "1": {
          "loc": { "start": { "line": 18, "column": 4 }, "end": { "line": 24, "column": 10 } },
          "type": "cond-expr",
          "locations": [
            { "start": { "line": 19, "column": 8 }, "end": { "line": 23, "column": 7 } },
            { "start": { "line": 24, "column": 8 }, "end": { "line": 24, "column": 10 } }
          ],
          "line": 18
        },
        "2": {
          "loc": { "start": { "line": 27, "column": 4 }, "end": { "line": 32, "column": 10 } },
          "type": "cond-expr",
          "locations": [
            { "start": { "line": 28, "column": 8 }, "end": { "line": 31, "column": 7 } },
            { "start": { "line": 32, "column": 8 }, "end": { "line": 32, "column": 10 } }
          ],
          "line": 27
        },
        "3": {
          "loc": { "start": { "line": 35, "column": 4 }, "end": { "line": 42, "column": 10 } },
          "type": "cond-expr",
          "locations": [
            { "start": { "line": 36, "column": 8 }, "end": { "line": 41, "column": 7 } },
            { "start": { "line": 42, "column": 8 }, "end": { "line": 42, "column": 10 } }
          ],
          "line": 35
        },
        "4": {
          "loc": { "start": { "line": 45, "column": 4 }, "end": { "line": 61, "column": 10 } },
          "type": "cond-expr",
          "locations": [
            { "start": { "line": 46, "column": 8 }, "end": { "line": 60, "column": 7 } },
            { "start": { "line": 61, "column": 8 }, "end": { "line": 61, "column": 10 } }
          ],
          "line": 45
        },
        "5": {
          "loc": { "start": { "line": 63, "column": 14 }, "end": { "line": 63, "column": 64 } },
          "type": "cond-expr",
          "locations": [
            { "start": { "line": 63, "column": 38 }, "end": { "line": 63, "column": 59 } },
            { "start": { "line": 63, "column": 62 }, "end": { "line": 63, "column": 64 } }
          ],
          "line": 63
        }
      },
      "s": { "0": 7, "1": 7, "2": 7, "3": 7, "4": 7, "5": 7 },
      "f": { "0": 7, "1": 7, "2": 7, "3": 7, "4": 7, "5": 7 },
      "b": { "0": [0, 7], "1": [3, 4], "2": [3, 4], "3": [3, 4], "4": [0, 7], "5": [0, 7] },
      "_coverageSchema": "43e27e138ebf9cfc5966b082cf9a028302ed4184",
      "hash": "6cbd1b6c1e145fbe9747b106e067e6181e9ac96d"
    },
    "C:\\reactsproj\\atomic-react-components\\lib\\components\\molecules\\Tabs\\index.js": {
      "path": "C:\\reactsproj\\atomic-react-components\\lib\\components\\molecules\\Tabs\\index.js",
      "statementMap": {},
      "fnMap": {},
      "branchMap": {},
      "s": {},
      "f": {},
      "b": {},
      "_coverageSchema": "43e27e138ebf9cfc5966b082cf9a028302ed4184",
      "hash": "cc47f9a4a8a6687888dc30498dc230f0c118d53b"
    },
    "C:\\reactsproj\\atomic-react-components\\lib\\components\\molecules\\Tabs\\Tabs.js": {
      "path": "C:\\reactsproj\\atomic-react-components\\lib\\components\\molecules\\Tabs\\Tabs.js",
      "statementMap": {
        "0": { "start": { "line": 19, "column": 4 }, "end": { "line": 19, "column": 17 } },
        "1": { "start": { "line": 20, "column": 4 }, "end": { "line": 20, "column": 63 } },
        "2": { "start": { "line": 24, "column": 37 }, "end": { "line": 24, "column": 47 } },
        "3": { "start": { "line": 25, "column": 4 }, "end": { "line": 25, "column": 37 } },
        "4": { "start": { "line": 28, "column": 20 }, "end": { "line": 36, "column": 3 } },
        "5": { "start": { "line": 29, "column": 28 }, "end": { "line": 29, "column": 38 } },
        "6": { "start": { "line": 30, "column": 4 }, "end": { "line": 32, "column": 7 } },
        "7": { "start": { "line": 33, "column": 4 }, "end": { "line": 35, "column": 5 } },
        "8": { "start": { "line": 34, "column": 6 }, "end": { "line": 34, "column": 25 } },
        "9": { "start": { "line": 38, "column": 13 }, "end": { "line": 47, "column": 3 } },
        "10": { "start": { "line": 39, "column": 4 }, "end": { "line": 39, "column": 23 } },
        "11": { "start": { "line": 40, "column": 30 }, "end": { "line": 40, "column": 40 } },
        "12": { "start": { "line": 42, "column": 4 }, "end": { "line": 44, "column": 5 } },
        "13": { "start": { "line": 43, "column": 6 }, "end": { "line": 43, "column": 13 } },
        "14": { "start": { "line": 46, "column": 4 }, "end": { "line": 46, "column": 32 } },
        "15": { "start": { "line": 49, "column": 15 }, "end": { "line": 70, "column": 3 } },
        "16": { "start": { "line": 50, "column": 4 }, "end": { "line": 54, "column": 5 } },
        "17": { "start": { "line": 51, "column": 6 }, "end": { "line": 51, "column": 25 } },
        "18": { "start": { "line": 53, "column": 6 }, "end": { "line": 53, "column": 13 } },
        "19": { "start": { "line": 56, "column": 30 }, "end": { "line": 56, "column": 40 } },
        "20": { "start": { "line": 57, "column": 28 }, "end": { "line": 57, "column": 38 } },
        "21": { "start": { "line": 61, "column": 4 }, "end": { "line": 67, "column": 5 } },
        "22": { "start": { "line": 62, "column": 6 }, "end": { "line": 62, "column": 38 } },
        "23": { "start": { "line": 63, "column": 11 }, "end": { "line": 67, "column": 5 } },
        "24": { "start": { "line": 64, "column": 6 }, "end": { "line": 64, "column": 38 } },
        "25": { "start": { "line": 66, "column": 6 }, "end": { "line": 66, "column": 13 } },
        "26": { "start": { "line": 69, "column": 4 }, "end": { "line": 69, "column": 38 } },
        "27": { "start": { "line": 82, "column": 8 }, "end": { "line": 82, "column": 18 } },
        "28": { "start": { "line": 83, "column": 30 }, "end": { "line": 83, "column": 40 } },
        "29": { "start": { "line": 84, "column": 24 }, "end": { "line": 88, "column": 5 } },
        "30": { "start": { "line": 89, "column": 4 }, "end": { "line": 124, "column": 6 } },
        "31": { "start": { "line": 95, "column": 16 }, "end": { "line": 105, "column": 22 } },
        "32": { "start": { "line": 112, "column": 14 }, "end": { "line": 120, "column": 25 } },
        "33": { "start": { "line": 128, "column": 0 }, "end": { "line": 136, "column": 2 } }
      },
      "fnMap": {
        "0": {
          "name": "(anonymous_0)",
          "decl": { "start": { "line": 18, "column": 2 }, "end": { "line": 18, "column": 3 } },
          "loc": { "start": { "line": 18, "column": 21 }, "end": { "line": 21, "column": 3 } },
          "line": 18
        },
        "1": {
          "name": "(anonymous_1)",
          "decl": { "start": { "line": 23, "column": 2 }, "end": { "line": 23, "column": 3 } },
          "loc": { "start": { "line": 23, "column": 24 }, "end": { "line": 26, "column": 3 } },
          "line": 23
        },
        "2": {
          "name": "(anonymous_2)",
          "decl": { "start": { "line": 28, "column": 20 }, "end": { "line": 28, "column": 21 } },
          "loc": { "start": { "line": 28, "column": 39 }, "end": { "line": 36, "column": 3 } },
          "line": 28
        },
        "3": {
          "name": "(anonymous_3)",
          "decl": { "start": { "line": 38, "column": 13 }, "end": { "line": 38, "column": 14 } },
          "loc": { "start": { "line": 38, "column": 53 }, "end": { "line": 47, "column": 3 } },
          "line": 38
        },
        "4": {
          "name": "(anonymous_4)",
          "decl": { "start": { "line": 49, "column": 15 }, "end": { "line": 49, "column": 16 } },
          "loc": { "start": { "line": 49, "column": 48 }, "end": { "line": 70, "column": 3 } },
          "line": 49
        },
        "5": {
          "name": "(anonymous_5)",
          "decl": { "start": { "line": 72, "column": 2 }, "end": { "line": 72, "column": 3 } },
          "loc": { "start": { "line": 72, "column": 11 }, "end": { "line": 125, "column": 3 } },
          "line": 72
        },
        "6": {
          "name": "(anonymous_6)",
          "decl": { "start": { "line": 94, "column": 30 }, "end": { "line": 94, "column": 31 } },
          "loc": { "start": { "line": 95, "column": 16 }, "end": { "line": 105, "column": 22 } },
          "line": 95
        },
        "7": {
          "name": "(anonymous_7)",
          "decl": { "start": { "line": 111, "column": 28 }, "end": { "line": 111, "column": 29 } },
          "loc": { "start": { "line": 112, "column": 14 }, "end": { "line": 120, "column": 25 } },
          "line": 112
        }
      },
      "branchMap": {
        "0": {
          "loc": { "start": { "line": 25, "column": 11 }, "end": { "line": 25, "column": 36 } },
          "type": "binary-expr",
          "locations": [
            { "start": { "line": 25, "column": 11 }, "end": { "line": 25, "column": 31 } },
            { "start": { "line": 25, "column": 35 }, "end": { "line": 25, "column": 36 } }
          ],
          "line": 25
        },
        "1": {
          "loc": { "start": { "line": 33, "column": 4 }, "end": { "line": 35, "column": 5 } },
          "type": "if",
          "locations": [
            { "start": { "line": 33, "column": 4 }, "end": { "line": 35, "column": 5 } },
            { "start": { "line": 33, "column": 4 }, "end": { "line": 35, "column": 5 } }
          ],
          "line": 33
        },
        "2": {
          "loc": { "start": { "line": 42, "column": 4 }, "end": { "line": 44, "column": 5 } },
          "type": "if",
          "locations": [
            { "start": { "line": 42, "column": 4 }, "end": { "line": 44, "column": 5 } },
            { "start": { "line": 42, "column": 4 }, "end": { "line": 44, "column": 5 } }
          ],
          "line": 42
        },
        "3": {
[...]
          "line": 22
        },
        "1": {
          "name": "(anonymous_1)",
          "decl": { "start": { "line": 36, "column": 2 }, "end": { "line": 36, "column": 3 } },
          "loc": { "start": { "line": 36, "column": 22 }, "end": { "line": 45, "column": 3 } },
          "line": 36
        },
        "2": {
          "name": "(anonymous_2)",
          "decl": { "start": { "line": 51, "column": 2 }, "end": { "line": 51, "column": 3 } },
          "loc": { "start": { "line": 51, "column": 25 }, "end": { "line": 53, "column": 3 } },
          "line": 51
        },
        "3": {
          "name": "(anonymous_3)",
          "decl": { "start": { "line": 61, "column": 23 }, "end": { "line": 61, "column": 24 } },
          "loc": { "start": { "line": 61, "column": 42 }, "end": { "line": 73, "column": 3 } },
          "line": 61
        },
        "4": {
          "name": "(anonymous_4)",
          "decl": { "start": { "line": 80, "column": 16 }, "end": { "line": 80, "column": 17 } },
          "loc": { "start": { "line": 80, "column": 22 }, "end": { "line": 84, "column": 3 } },
          "line": 80
        },
        "5": {
          "name": "(anonymous_5)",
          "decl": { "start": { "line": 91, "column": 10 }, "end": { "line": 91, "column": 11 } },
          "loc": { "start": { "line": 91, "column": 16 }, "end": { "line": 95, "column": 3 } },
          "line": 91
        },
        "6": {
          "name": "(anonymous_6)",
          "decl": { "start": { "line": 97, "column": 2 }, "end": { "line": 97, "column": 3 } },
          "loc": { "start": { "line": 97, "column": 11 }, "end": { "line": 128, "column": 3 } },
          "line": 97
        }
      },
      "branchMap": {
        "0": {
          "loc": { "start": { "line": 40, "column": 4 }, "end": { "line": 44, "column": 5 } },
          "type": "if",
          "locations": [
            { "start": { "line": 40, "column": 4 }, "end": { "line": 44, "column": 5 } },
            { "start": { "line": 40, "column": 4 }, "end": { "line": 44, "column": 5 } }
          ],
          "line": 40
        },
        "1": {
          "loc": { "start": { "line": 63, "column": 4 }, "end": { "line": 72, "column": 5 } },
          "type": "if",
          "locations": [
            { "start": { "line": 63, "column": 4 }, "end": { "line": 72, "column": 5 } },
            { "start": { "line": 63, "column": 4 }, "end": { "line": 72, "column": 5 } }
          ],
          "line": 63
        },
        "2": {
          "loc": { "start": { "line": 64, "column": 6 }, "end": { "line": 67, "column": 43 } },
          "type": "binary-expr",
          "locations": [
            { "start": { "line": 64, "column": 6 }, "end": { "line": 64, "column": 21 } },
            { "start": { "line": 65, "column": 6 }, "end": { "line": 65, "column": 29 } },
            { "start": { "line": 66, "column": 6 }, "end": { "line": 66, "column": 24 } },
            { "start": { "line": 67, "column": 6 }, "end": { "line": 67, "column": 43 } }
          ],
          "line": 64
        },
        "3": {
          "loc": { "start": { "line": 106, "column": 20 }, "end": { "line": 106, "column": 89 } },
          "type": "binary-expr",
          "locations": [
            { "start": { "line": 106, "column": 20 }, "end": { "line": 106, "column": 27 } },
            { "start": { "line": 106, "column": 31 }, "end": { "line": 106, "column": 89 } }
          ],
          "line": 106
        },
        "4": {
          "loc": { "start": { "line": 115, "column": 9 }, "end": { "line": 125, "column": 9 } },
          "type": "binary-expr",
          "locations": [
            { "start": { "line": 115, "column": 9 }, "end": { "line": 115, "column": 20 } },
            { "start": { "line": 116, "column": 10 }, "end": { "line": 124, "column": 16 } }
          ],
          "line": 115
        },
        "5": {
          "loc": { "start": { "line": 117, "column": 13 }, "end": { "line": 121, "column": 13 } },
          "type": "binary-expr",
          "locations": [
            { "start": { "line": 117, "column": 13 }, "end": { "line": 117, "column": 33 } },
            { "start": { "line": 118, "column": 14 }, "end": { "line": 120, "column": 23 } }
          ],
          "line": 117
        },
        "6": {
          "loc": { "start": { "line": 122, "column": 13 }, "end": { "line": 122, "column": 82 } },
          "type": "binary-expr",
          "locations": [
            { "start": { "line": 122, "column": 13 }, "end": { "line": 122, "column": 26 } },
            { "start": { "line": 122, "column": 30 }, "end": { "line": 122, "column": 82 } }
          ],
          "line": 122
        }
      },
      "s": {
        "0": 5,
        "1": 5,
        "2": 5,
        "3": 5,
        "4": 5,
        "5": 5,
        "6": 2,
        "7": 0,
        "8": 5,
        "9": 0,
        "10": 0,
        "11": 0,
        "12": 5,
        "13": 1,
        "14": 5,
        "15": 1,
        "16": 9,
        "17": 9,
        "18": 9,
        "19": 9,
        "20": 1
      },
      "f": { "0": 5, "1": 5, "2": 0, "3": 0, "4": 1, "5": 1, "6": 9 },
      "b": {
        "0": [2, 3],
        "1": [0, 0],
        "2": [0, 0, 0, 0],
        "3": [9, 8],
        "4": [9, 3],
        "5": [3, 3],
        "6": [3, 3]
      },
      "_coverageSchema": "43e27e138ebf9cfc5966b082cf9a028302ed4184",
      "hash": "8c281ef2640d6ab6658e0b07e3aaea8b5c60f83b"
    },
    "C:\\reactsproj\\atomic-react-components\\lib\\components\\molecules\\Popover\\Popover.style.js": {
      "path": "C:\\reactsproj\\atomic-react-components\\lib\\components\\molecules\\Popover\\Popover.style.js",
      "statementMap": {
        "0": { "start": { "line": 14, "column": 14 }, "end": { "line": 14, "column": 64 } }
      },
      "fnMap": {
        "0": {
          "name": "(anonymous_0)",
          "decl": { "start": { "line": 14, "column": 4 }, "end": { "line": 14, "column": 5 } },
          "loc": { "start": { "line": 14, "column": 14 }, "end": { "line": 14, "column": 64 } },
          "line": 14
        }
      },
      "branchMap": {
        "0": {
          "loc": { "start": { "line": 14, "column": 14 }, "end": { "line": 14, "column": 64 } },
          "type": "cond-expr",
          "locations": [
            { "start": { "line": 14, "column": 38 }, "end": { "line": 14, "column": 59 } },
            { "start": { "line": 14, "column": 62 }, "end": { "line": 14, "column": 64 } }
          ],
          "line": 14
        }
      },
      "s": { "0": 0 },
      "f": { "0": 0 },
      "b": { "0": [0, 0] },
      "_coverageSchema": "43e27e138ebf9cfc5966b082cf9a028302ed4184",
      "hash": "633b1a8f50b7f6daad68e753fea274395ac0a699"
    },
    "C:\\reactsproj\\atomic-react-components\\lib\\components\\atoms\\Heading\\index.js": {
      "path": "C:\\reactsproj\\atomic-react-components\\lib\\components\\atoms\\Heading\\index.js",
      "statementMap": {},
      "fnMap": {},
      "branchMap": {},
      "s": {},
      "f": {},
      "b": {},
      "_coverageSchema": "43e27e138ebf9cfc5966b082cf9a028302ed4184",
      "hash": "fe9af6287b021cd9dad0f9745cbc453c98d7f307"
    },
    "C:\\reactsproj\\atomic-react-components\\lib\\components\\atoms\\Heading\\Heading.js": {
      "path": "C:\\reactsproj\\atomic-react-components\\lib\\components\\atoms\\Heading\\Heading.js",
      "statementMap": {
        "0": { "start": { "line": 17, "column": 16 }, "end": { "line": 32, "column": 1 } },
        "1": { "start": { "line": 25, "column": 2 }, "end": { "line": 31, "column": 16 } },
        "2": { "start": { "line": 34, "column": 0 }, "end": { "line": 38, "column": 2 } }
      },
      "fnMap": {
        "0": {
          "name": "(anonymous_0)",
          "decl": { "start": { "line": 17, "column": 16 }, "end": { "line": 17, "column": 17 } },
          "loc": { "start": { "line": 25, "column": 2 }, "end": { "line": 31, "column": 16 } },
          "line": 25
        }
      },
      "branchMap": {
        "0": {
          "loc": { "start": { "line": 20, "column": 2 }, "end": { "line": 20, "column": 20 } },
          "type": "default-arg",
          "locations": [
            { "start": { "line": 20, "column": 16 }, "end": { "line": 20, "column": 20 } }
          ],
          "line": 20
        },
        "1": {
          "loc": { "start": { "line": 27, "column": 18 }, "end": { "line": 27, "column": 94 } },
          "type": "binary-expr",
          "locations": [
            { "start": { "line": 27, "column": 18 }, "end": { "line": 27, "column": 32 } },
            { "start": { "line": 27, "column": 36 }, "end": { "line": 27, "column": 94 } }
          ],
          "line": 27
        }
      },
      "s": { "0": 1, "1": 3, "2": 1 },
      "f": { "0": 3 },
      "b": { "0": [0], "1": [3, 2] },
      "_coverageSchema": "43e27e138ebf9cfc5966b082cf9a028302ed4184",
      "hash": "c1acd2582911f47ecc866e54f45d0f0ee4b6d1e3"
    },
    "C:\\reactsproj\\atomic-react-components\\lib\\components\\atoms\\Heading\\Heading.style.js": {
      "path": "C:\\reactsproj\\atomic-react-components\\lib\\components\\atoms\\Heading\\Heading.style.js",
      "statementMap": {
        "0": { "start": { "line": 6, "column": 26 }, "end": { "line": 6, "column": 55 } },
        "1": { "start": { "line": 8, "column": 14 }, "end": { "line": 8, "column": 66 } },
        "2": { "start": { "line": 9, "column": 14 }, "end": { "line": 9, "column": 66 } },
        "3": { "start": { "line": 10, "column": 14 }, "end": { "line": 10, "column": 66 } },
        "4": { "start": { "line": 11, "column": 14 }, "end": { "line": 11, "column": 66 } },
        "5": { "start": { "line": 12, "column": 14 }, "end": { "line": 12, "column": 66 } }
      },
      "fnMap": {
        "0": {
          "name": "(anonymous_0)",
          "decl": { "start": { "line": 6, "column": 17 }, "end": { "line": 6, "column": 18 } },
          "loc": { "start": { "line": 6, "column": 26 }, "end": { "line": 6, "column": 55 } },
          "line": 6
        },
        "1": {
          "name": "(anonymous_1)",
          "decl": { "start": { "line": 8, "column": 4 }, "end": { "line": 8, "column": 5 } },
          "loc": { "start": { "line": 8, "column": 14 }, "end": { "line": 8, "column": 66 } },
          "line": 8
        },
        "2": {
          "name": "(anonymous_2)",
          "decl": { "start": { "line": 9, "column": 4 }, "end": { "line": 9, "column": 5 } },
          "loc": { "start": { "line": 9, "column": 14 }, "end": { "line": 9, "column": 66 } },
          "line": 9
        },
        "3": {
          "name": "(anonymous_3)",
          "decl": { "start": { "line": 10, "column": 4 }, "end": { "line": 10, "column": 5 } },
          "loc": { "start": { "line": 10, "column": 14 }, "end": { "line": 10, "column": 66 } },
          "line": 10
        },
        "4": {
          "name": "(anonymous_4)",
          "decl": { "start": { "line": 11, "column": 4 }, "end": { "line": 11, "column": 5 } },
          "loc": { "start": { "line": 11, "column": 14 }, "end": { "line": 11, "column": 66 } },
          "line": 11
        },
        "5": {
          "name": "(anonymous_5)",
          "decl": { "start": { "line": 12, "column": 4 }, "end": { "line": 12, "column": 5 } },
          "loc": { "start": { "line": 12, "column": 14 }, "end": { "line": 12, "column": 66 } },
          "line": 12
        }
      },
      "branchMap": {
        "0": {
          "loc": { "start": { "line": 8, "column": 14 }, "end": { "line": 8, "column": 66 } },
          "type": "cond-expr",
          "locations": [
            { "start": { "line": 8, "column": 43 }, "end": { "line": 8, "column": 61 } },
            { "start": { "line": 8, "column": 64 }, "end": { "line": 8, "column": 66 } }
          ],
          "line": 8
        },
        "1": {
          "loc": { "start": { "line": 9, "column": 14 }, "end": { "line": 9, "column": 66 } },
          "type": "cond-expr",
          "locations": [
            { "start": { "line": 9, "column": 43 }, "end": { "line": 9, "column": 61 } },
            { "start": { "line": 9, "column": 64 }, "end": { "line": 9, "column": 66 } }
          ],
          "line": 9
        },
        "2": {
          "loc": { "start": { "line": 10, "column": 14 }, "end": { "line": 10, "column": 66 } },
          "type": "cond-expr",
          "locations": [
            { "start": { "line": 10, "column": 43 }, "end": { "line": 10, "column": 61 } },
            { "start": { "line": 10, "column": 64 }, "end": { "line": 10, "column": 66 } }
          ],
          "line": 10
        },
        "3": {
          "loc": { "start": { "line": 11, "column": 14 }, "end": { "line": 11, "column": 66 } },
          "type": "cond-expr",
          "locations": [
            { "start": { "line": 11, "column": 43 }, "end": { "line": 11, "column": 61 } },
            { "start": { "line": 11, "column": 64 }, "end": { "line": 11, "column": 66 } }
          ],
          "line": 11
        },
        "4": {
          "loc": { "start": { "line": 12, "column": 14 }, "end": { "line": 12, "column": 66 } },
          "type": "cond-expr",
          "locations": [
            { "start": { "line": 12, "column": 43 }, "end": { "line": 12, "column": 61 } },
            { "start": { "line": 12, "column": 64 }, "end": { "line": 12, "column": 66 } }
          ],
          "line": 12
        }
      },
      "s": { "0": 0, "1": 0, "2": 0, "3": 0, "4": 0, "5": 0 },
      "f": { "0": 0, "1": 0, "2": 0, "3": 0, "4": 0, "5": 0 },
      "b": { "0": [0, 0], "1": [0, 0], "2": [0, 0], "3": [0, 0], "4": [0, 0] },
      "_coverageSchema": "43e27e138ebf9cfc5966b082cf9a028302ed4184",
      "hash": "fe72a8bee8bc6e77944168ec47c78426df101e2e"
    },
    "C:\\reactsproj\\atomic-react-components\\lib\\components\\molecules\\Breadcrumb\\index.js": {
      "path": "C:\\reactsproj\\atomic-react-components\\lib\\components\\molecules\\Breadcrumb\\index.js",
      "statementMap": {},
      "fnMap": {},
      "branchMap": {},
      "s": {},
      "f": {},
      "b": {},
      "_coverageSchema": "43e27e138ebf9cfc5966b082cf9a028302ed4184",
      "hash": "3f52eeeb0cbc9ce42f82ccda221e51718f7f358c"
    },
    "C:\\reactsproj\\atomic-react-components\\lib\\components\\molecules\\Breadcrumb\\Breadcrumb.js": {
      "path": "C:\\reactsproj\\atomic-react-components\\lib\\components\\molecules\\Breadcrumb\\Breadcrumb.js",
      "statementMap": {
        "0": { "start": { "line": 15, "column": 19 }, "end": { "line": 30, "column": 1 } },
        "1": { "start": { "line": 16, "column": 2 }, "end": { "line": 29, "column": 8 } },
        "2": { "start": { "line": 20, "column": 10 }, "end": { "line": 26, "column": 15 } }
      },
      "fnMap": {
        "0": {
          "name": "(anonymous_0)",
          "decl": { "start": { "line": 15, "column": 19 }, "end": { "line": 15, "column": 20 } },
          "loc": { "start": { "line": 16, "column": 2 }, "end": { "line": 29, "column": 8 } },
          "line": 16
        },
        "1": {
          "name": "(anonymous_1)",
          "decl": { "start": { "line": 19, "column": 21 }, "end": { "line": 19, "column": 22 } },
          "loc": { "start": { "line": 20, "column": 10 }, "end": { "line": 26, "column": 15 } },
          "line": 20
        }
      },
      "branchMap": {
        "0": {
          "loc": { "start": { "line": 18, "column": 7 }, "end": { "line": 27, "column": 10 } },
          "type": "binary-expr",
          "locations": [
            { "start": { "line": 18, "column": 7 }, "end": { "line": 18, "column": 15 } },
            { "start": { "line": 19, "column": 8 }, "end": { "line": 27, "column": 10 } }
          ],
          "line": 18
        },
        "1": {
          "loc": { "start": { "line": 21, "column": 13 }, "end": { "line": 25, "column": 13 } },
          "type": "cond-expr",
          "locations": [
            { "start": { "line": 22, "column": 14 }, "end": { "line": 22, "column": 54 } },
            { "start": { "line": 24, "column": 14 }, "end": { "line": 24, "column": 34 } }
          ],
          "line": 21
        }
      },
      "s": { "0": 1, "1": 1, "2": 3 },
      "f": { "0": 1, "1": 3 },
      "b": { "0": [1, 1], "1": [1, 2] },
      "_coverageSchema": "43e27e138ebf9cfc5966b082cf9a028302ed4184",
      "hash": "cf939e5f639b03eafd32205cd0c304af73ad18b7"
    },
    "C:\\reactsproj\\atomic-react-components\\lib\\components\\molecules\\Breadcrumb\\Breadcrumb.style.js": {
      "path": "C:\\reactsproj\\atomic-react-components\\lib\\components\\molecules\\Breadcrumb\\Breadcrumb.style.js",
      "statementMap": {
        "0": { "start": { "line": 4, "column": 14 }, "end": { "line": 4, "column": 64 } }
      },
      "fnMap": {
        "0": {
          "name": "(anonymous_0)",
          "decl": { "start": { "line": 4, "column": 4 }, "end": { "line": 4, "column": 5 } },
          "loc": { "start": { "line": 4, "column": 14 }, "end": { "line": 4, "column": 64 } },
          "line": 4
        }
      },
      "branchMap": {
        "0": {
          "loc": { "start": { "line": 4, "column": 14 }, "end": { "line": 4, "column": 64 } },
          "type": "cond-expr",
          "locations": [
            { "start": { "line": 4, "column": 38 }, "end": { "line": 4, "column": 59 } },
            { "start": { "line": 4, "column": 62 }, "end": { "line": 4, "column": 64 } }
          ],
          "line": 4
        }
      },
      "s": { "0": 0 },
      "f": { "0": 0 },
      "b": { "0": [0, 0] },
      "_coverageSchema": "43e27e138ebf9cfc5966b082cf9a028302ed4184",
      "hash": "0295599c0f6e9c2baf92d46210ad6ce275c352b9"
    },
    "C:\\reactsproj\\atomic-react-components\\lib\\components\\molecules\\ArticleThumbnail\\types\\index.js": {
      "path": "C:\\reactsproj\\atomic-react-components\\lib\\components\\molecules\\ArticleThumbnail\\types\\index.js",
      "statementMap": {},
      "fnMap": {},
      "branchMap": {},
      "s": {},
      "f": {},
      "b": {},
      "hash": "14c6389e172884ef9bbc2bfe3b536ab66fbffac7"
    },
    "C:\\reactsproj\\atomic-react-components\\lib\\components\\atoms\\Image\\index.js": {
      "path": "C:\\reactsproj\\atomic-react-components\\lib\\components\\atoms\\Image\\index.js",
      "statementMap": {},
      "fnMap": {},
      "branchMap": {},
      "s": {},
      "f": {},
      "b": {},
      "hash": "d5c0923f243db82ca88e6999b97dc2e40b00e213"
    },
    "C:\\reactsproj\\atomic-react-components\\lib\\components\\molecules\\Modal\\index.js": {
      "path": "C:\\reactsproj\\atomic-react-components\\lib\\components\\molecules\\Modal\\index.js",
      "statementMap": {},
      "fnMap": {},
      "branchMap": {},
      "s": {},
      "f": {},
      "b": {},
      "hash": "476cdd2ca349e8c79c0a156295f4f456b3b66044"
    },
    "C:\\reactsproj\\atomic-react-components\\lib\\components\\molecules\\Breadcrumb\\types\\index.js": {
      "path": "C:\\reactsproj\\atomic-react-components\\lib\\components\\molecules\\Breadcrumb\\types\\index.js",
      "statementMap": {},
      "fnMap": {},
      "branchMap": {},
      "s": {},
      "f": {},
      "b": {},
      "hash": "a9b15e3824c8fd3fd215af45240636839ba6594d"
    },
    "C:\\reactsproj\\atomic-react-components\\lib\\components\\molecules\\Tabs\\types\\index.js": {
      "path": "C:\\reactsproj\\atomic-react-components\\lib\\components\\molecules\\Tabs\\types\\index.js",
      "statementMap": {},
      "fnMap": {},
      "branchMap": {},
      "s": {},
      "f": {},
      "b": {},
      "hash": "1ff28b8771f6c48e0b3251d92d957a2c27c296f6"
    },
    "C:\\reactsproj\\atomic-react-components\\lib\\components\\molecules\\Popover\\types\\index.js": {
      "path": "C:\\reactsproj\\atomic-react-components\\lib\\components\\molecules\\Popover\\types\\index.js",
      "statementMap": {},
      "fnMap": {},
      "branchMap": {},
      "s": {},
      "f": {},
      "b": {},
      "hash": "02f1129e395c6d20582ad943292614eb09cbf795"
    }
  }
}
