{
  "numFailedTestSuites": 0,
  "numFailedTests": 0,
  "numPassedTestSuites": 48,
  "numPassedTests": 202,
  "numPendingTestSuites": 0,
  "numPendingTests": 29,
  "numRuntimeErrorTestSuites": 0,
  "numTodoTests": 0,
  "numTotalTestSuites": 48,
  "numTotalTests": 202,
  "openHandles": [],
  "snapshot": {
    "added": 0,
    "didUpdate": false,
    "failure": false,
    "filesAdded": 0,
    "filesRemoved": 0,
    "filesRemovedList": [],
    "filesUnmatched": 0,
    "filesUpdated": 0,
    "matched": 54,
    "total": 54,
    "unchecked": 0,
    "uncheckedKeysByFile": [],
    "unmatched": 0,
    "updated": 0
  },
  "startTime": 1578316447902,
  "success": true,
  "testResults": [
    {
      "assertionResults": [
        {
          "ancestorTitles": ["<Search />"],
          "failureMessages": [],
          "fullName": "<Search /> should render correctly",
          "location": null,
          "status": "passed",
          "title": "should render correctly"
        }
      ],
      "endTime": 1578316467012,
      "message": "",
      "name": "C:\\dev\\atomic-react-components\\lib\\components\\molecules\\Search\\tests\\Search.test.js",
      "startTime": 1578316463689,
      "status": "passed",
      "summary": ""
    },
    {
      "assertionResults": [
        {
          "ancestorTitles": ["Form Component"],
          "failureMessages": [],
          "fullName": "Form Component should render select tag correctly",
          "location": null,
          "status": "passed",
          "title": "should render select tag correctly"
        },
        {
          "ancestorTitles": ["Form Component"],
          "failureMessages": [],
          "fullName": "Form Component should render input text field",
          "location": null,
          "status": "passed",
          "title": "should render input text field"
        },
        {
          "ancestorTitles": ["Form Component"],
          "failureMessages": [],
          "fullName": "Form Component should render select field",
          "location": null,
          "status": "passed",
          "title": "should render select field"
        },
        {
          "ancestorTitles": ["Form Component"],
          "failureMessages": [],
          "fullName": "Form Component should render input field with yupValidationSchema",
          "location": null,
          "status": "passed",
          "title": "should render input field with yupValidationSchema"
        },
        {
          "ancestorTitles": ["Form Component"],
          "failureMessages": [],
          "fullName": "Form Component should render input field with no validation",
          "location": null,
          "status": "passed",
          "title": "should render input field with no validation"
        },
        {
          "ancestorTitles": ["Form Component"],
          "failureMessages": [],
          "fullName": "Form Component getSchema should return null if no params are passed",
          "location": null,
          "status": "passed",
          "title": "getSchema should return null if no params are passed"
        }
      ],
      "endTime": 1578316467890,
      "message": "",
      "name": "C:\\dev\\atomic-react-components\\lib\\components\\molecules\\Form\\tests\\Form.test.js",
      "startTime": 1578316463476,
      "status": "passed",
      "summary": ""
    },
    {
      "assertionResults": [
        {
          "ancestorTitles": ["DDFieldInput Component"],
          "failureMessages": [],
          "fullName": "DDFieldInput Component should render correctly",
          "location": null,
          "status": "passed",
          "title": "should render correctly"
        },
        {
          "ancestorTitles": ["DDFieldInput Component"],
          "failureMessages": [],
          "fullName": "DDFieldInput Component should render Input component with proper type for multiple file upload.",
          "location": null,
          "status": "passed",
          "title": "should render Input component with proper type for multiple file upload."
        },
        {
          "ancestorTitles": ["DDFieldInput Component"],
          "failureMessages": [],
          "fullName": "DDFieldInput Component should render the component with prop correctly",
          "location": null,
          "status": "passed",
          "title": "should render the component with prop correctly"
        },
        {
          "ancestorTitles": ["DDFieldInput Component"],
          "failureMessages": [],
          "fullName": "DDFieldInput Component should match the input rendered correctly on change event simulation.",
          "location": null,
          "status": "passed",
          "title": "should match the input rendered correctly on change event simulation."
        },
        {
          "ancestorTitles": ["DDFieldInput Component"],
          "failureMessages": [],
          "fullName": "DDFieldInput Component should match the input rendered correctly on blur event simulation.",
          "location": null,
          "status": "passed",
          "title": "should match the input rendered correctly on blur event simulation."
        },
        {
          "ancestorTitles": ["testing the custom hook methods for drag and drop"],
          "failureMessages": [],
          "fullName": "testing the custom hook methods for drag and drop should simulate file upload and return array",
          "location": null,
          "status": "passed",
          "title": "should simulate file upload and return array"
        },
        {
          "ancestorTitles": ["testing the custom hook methods for drag and drop"],
          "failureMessages": [],
          "fullName": "testing the custom hook methods for drag and drop should make highlight as true on drag over as mouse enters draggable area",
          "location": null,
          "status": "passed",
          "title": "should make highlight as true on drag over as mouse enters draggable area"
        },
        {
          "ancestorTitles": ["testing the custom hook methods for drag and drop"],
          "failureMessages": [],
          "fullName": "testing the custom hook methods for drag and drop should make highlight as false on drag leave as mouse leaves draggable area",
          "location": null,
          "status": "passed",
          "title": "should make highlight as false on drag leave as mouse leaves draggable area"
        },
        {
          "ancestorTitles": ["testing the custom hook methods for drag and drop"],
          "failureMessages": [],
          "fullName": "testing the custom hook methods for drag and drop should test the files addition handler when file(s) are uploaded.",
          "location": null,
          "status": "passed",
          "title": "should test the files addition handler when file(s) are uploaded."
        },
        {
          "ancestorTitles": ["testing the custom hook methods for drag and drop"],
          "failureMessages": [],
          "fullName": "testing the custom hook methods for drag and drop should apply highlight when cursor moves draggable area.",
          "location": null,
          "status": "passed",
          "title": "should apply highlight when cursor moves draggable area."
        },
        {
          "ancestorTitles": ["testing the custom hook methods for drag and drop"],
          "failureMessages": [],
          "fullName": "testing the custom hook methods for drag and drop should apply highlight when cursor moves draggable area.",
          "location": null,
          "status": "passed",
          "title": "should apply highlight when cursor moves draggable area."
        }
      ],
      "endTime": 1578316468019,
      "message": "",
      "name": "C:\\dev\\atomic-react-components\\lib\\components\\molecules\\Form\\DragDropInput\\tests\\DragDropInput.test.js",
      "startTime": 1578316463586,
      "status": "passed",
      "summary": ""
    },
    {
      "assertionResults": [
        {
          "ancestorTitles": ["<Typeahead />"],
          "failureMessages": [],
          "fullName": "<Typeahead /> should render correctly",
          "location": null,
          "status": "passed",
          "title": "should render correctly"
        },
        {
          "ancestorTitles": ["<Typeahead />"],
          "failureMessages": [],
          "fullName": "<Typeahead /> should render .typeahead-component correctly",
          "location": null,
          "status": "passed",
          "title": "should render .typeahead-component correctly"
        },
        {
          "ancestorTitles": ["<Typeahead />"],
          "failureMessages": [],
          "fullName": "<Typeahead /> should render label correctly",
          "location": null,
          "status": "passed",
          "title": "should render label correctly"
        },
        {
          "ancestorTitles": ["<Typeahead />"],
          "failureMessages": [],
          "fullName": "<Typeahead /> should render input correctly",
          "location": null,
          "status": "passed",
          "title": "should render input correctly"
        },
        {
          "ancestorTitles": ["<Typeahead />"],
          "failureMessages": [],
          "fullName": "<Typeahead /> should render search type input correctly",
          "location": null,
          "status": "passed",
          "title": "should render search type input correctly"
        },
        {
          "ancestorTitles": ["<Typeahead />"],
          "failureMessages": [],
          "fullName": "<Typeahead /> should not render List by default",
          "location": null,
          "status": "passed",
          "title": "should not render List by default"
        },
        {
          "ancestorTitles": ["<Typeahead />"],
          "failureMessages": [],
          "fullName": "<Typeahead /> should render onchange event",
          "location": null,
          "status": "passed",
          "title": "should render onchange event"
        },
        {
          "ancestorTitles": ["<Typeahead />"],
          "failureMessages": [],
          "fullName": "<Typeahead /> should render input only 1s",
          "location": null,
          "status": "passed",
          "title": "should render input only 1s"
        },
        {
          "ancestorTitles": ["<Typeahead />"],
          "failureMessages": [],
          "fullName": "<Typeahead /> should render label only 1s",
          "location": null,
          "status": "passed",
          "title": "should render label only 1s"
        },
        {
          "ancestorTitles": ["<Typeahead />"],
          "failureMessages": [],
          "fullName": "<Typeahead /> should not render list item",
          "location": null,
          "status": "passed",
          "title": "should not render list item"
        },
        {
          "ancestorTitles": ["<Typeahead />"],
          "failureMessages": [],
          "fullName": "<Typeahead /> should show list",
          "location": null,
          "status": "passed",
          "title": "should show list"
        },
        {
          "ancestorTitles": ["<Typeahead />"],
          "failureMessages": [],
          "fullName": "<Typeahead /> should return single list item",
          "location": null,
          "status": "passed",
          "title": "should return single list item"
        },
        {
          "ancestorTitles": ["<Typeahead />"],
          "failureMessages": [],
          "fullName": "<Typeahead /> should select particular list item by click",
          "location": null,
          "status": "passed",
          "title": "should select particular list item by click"
        },
        {
          "ancestorTitles": ["<Typeahead />"],
          "failureMessages": [],
          "fullName": "<Typeahead /> should render span with id `initInstr`",
          "location": null,
          "status": "passed",
          "title": "should render span with id `initInstr`"
        },
        {
          "ancestorTitles": ["<Typeahead />"],
          "failureMessages": [],
          "fullName": "<Typeahead /> should render the input with `aria-autocomplete`",
          "location": null,
          "status": "passed",
          "title": "should render the input with `aria-autocomplete`"
        },
        {
          "ancestorTitles": ["<Typeahead />"],
          "failureMessages": [],
          "fullName": "<Typeahead /> should render the input with `aria-activedescendant`",
          "location": null,
          "status": "passed",
          "title": "should render the input with `aria-activedescendant`"
        },
        {
          "ancestorTitles": ["<Typeahead />"],
          "failureMessages": [],
          "fullName": "<Typeahead /> should render the input with `aria-describedby`",
          "location": null,
          "status": "passed",
          "title": "should render the input with `aria-describedby`"
        },
        {
          "ancestorTitles": ["<Typeahead />"],
          "failureMessages": [],
          "fullName": "<Typeahead /> should render the list items with `role=\"option\"`",
          "location": null,
          "status": "passed",
          "title": "should render the list items with `role=\"option\"`"
        },
        {
          "ancestorTitles": ["<Typeahead />"],
          "failureMessages": [],
          "fullName": "<Typeahead /> should render the list items with `aria-selected`",
          "location": null,
          "status": "passed",
          "title": "should render the list items with `aria-selected`"
        },
        {
          "ancestorTitles": ["<Typeahead />"],
          "failureMessages": [],
          "fullName": "<Typeahead /> should render the list items with `id=\"selectedOption\"`",
          "location": null,
          "status": "passed",
          "title": "should render the list items with `id=\"selectedOption\"`"
        },
        {
          "ancestorTitles": ["<Typeahead />"],
          "failureMessages": [],
          "fullName": "<Typeahead /> should render the list items with `id=\"selectedOption\"`",
          "location": null,
          "status": "passed",
          "title": "should render the list items with `id=\"selectedOption\"`"
        }
      ],
      "endTime": 1578316468388,
      "message": "",
      "name": "C:\\dev\\atomic-react-components\\lib\\components\\molecules\\Typeahead\\tests\\Typeahead.test.js",
      "startTime": 1578316463717,
      "status": "passed",
      "summary": ""
    },
    {
      "assertionResults": [
        {
          "ancestorTitles": ["FieldInput Component"],
          "failureMessages": [],
          "fullName": "FieldInput Component should render correctly",
          "location": null,
          "status": "passed",
          "title": "should render correctly"
        },
        {
          "ancestorTitles": ["FieldInput Component"],
          "failureMessages": [],
          "fullName": "FieldInput Component should render label correctly",
          "location": null,
          "status": "passed",
          "title": "should render label correctly"
        },
        {
          "ancestorTitles": ["FieldInput Component"],
          "failureMessages": [],
          "fullName": "FieldInput Component should render select tag",
          "location": null,
          "status": "passed",
          "title": "should render select tag"
        }
      ],
      "endTime": 1578316469478,
      "message": "",
      "name": "C:\\dev\\atomic-react-components\\lib\\components\\molecules\\Form\\FieldSelect\\tests\\FieldSelect.test.js",
      "startTime": 1578316467707,
      "status": "passed",
      "summary": ""
    },
    {
      "assertionResults": [
        {
          "ancestorTitles": ["FieldInput Component"],
          "failureMessages": [],
          "fullName": "FieldInput Component should render correctly",
          "location": null,
          "status": "passed",
          "title": "should render correctly"
        },
        {
          "ancestorTitles": ["FieldInput Component"],
          "failureMessages": [],
          "fullName": "FieldInput Component should render label correctly",
          "location": null,
          "status": "passed",
          "title": "Children should have first slide as active initially"
        },
        {
          "ancestorTitles": ["FieldInput Component"],
          "failureMessages": [],
          "fullName": "FieldInput Component should render Input component with proper type",
          "location": null,
          "status": "passed",
          "title": "should render Input component with proper type"
        }
      ],
      "endTime": 1578316469596,
      "message": "",
      "name": "C:\\dev\\atomic-react-components\\lib\\components\\molecules\\Form\\FieldInput\\tests\\FieldInput.test.js",
      "startTime": 1578316468648,
      "status": "passed",
      "summary": ""
    },
    {
      "assertionResults": [
        {
          "ancestorTitles": [
            "Test Suite 1: Check for component and it's child rendered correctly."
          ],
          "failureMessages": [],
          "fullName": "Test Suite 1: Check for component and it's child rendered correctly. should render wrapper correctly for snapshot matching.",
          "location": null,
          "status": "passed",
          "title": "should render wrapper correctly for snapshot matching."
        },
        {
          "ancestorTitles": [
            "Test Suite 1: Check for component and it's child rendered correctly."
          ],
          "failureMessages": [],
          "fullName": "Test Suite 1: Check for component and it's child rendered correctly. Cookie Disclaimer component rendered correctly.",
          "location": null,
          "status": "passed",
          "title": "Cookie Disclaimer component rendered correctly."
        },
        {
          "ancestorTitles": [
            "Test Suite 1: Check for component and it's child rendered correctly."
          ],
          "failureMessages": [],
          "fullName": "Test Suite 1: Check for component and it's child rendered correctly. should render two buttons for accepting and rejecting the consent",
          "location": null,
          "status": "passed",
          "title": "should render two buttons for accepting and rejecting the consent"
        },
        {
          "ancestorTitles": [
            "Test Suite 2: Check for component and it's child for default props correctly."
          ],
          "failureMessages": [],
          "fullName": "Test Suite 2: Check for component and it's child for default props correctly. Button props for button types to be rendered.",
          "location": null,
          "status": "passed",
          "title": "Button props for button types to be rendered."
        },
        {
          "ancestorTitles": [
            "Test Suite 2: Check for component and it's child for default props correctly."
          ],
          "failureMessages": [],
          "fullName": "Test Suite 2: Check for component and it's child for default props correctly. Button props for button types to be rendered.",
          "location": null,
          "status": "passed",
          "title": "Button props for button types to be rendered."
        },
        {
          "ancestorTitles": ["Test Suite 3: testing styled component - HOC"],
          "failureMessages": [],
          "fullName": "Test Suite 3: testing styled component - HOC should rendered the component properly when styles are being applied.",
          "location": null,
          "status": "passed",
          "title": "should rendered the component properly when styles are being applied."
        },
        {
          "ancestorTitles": [
            "Test Suite 4: testing functional behaviour of the cookie disclaimer."
          ],
          "failureMessages": [],
          "fullName": "Test Suite 4: testing functional behaviour of the cookie disclaimer. setting the isVisible variable to false",
          "location": null,
          "status": "passed",
          "title": "setting the isVisible variable to false"
        },
        {
          "ancestorTitles": [
            "Test Suite 4: testing functional behaviour of the cookie disclaimer."
          ],
          "failureMessages": [],
          "fullName": "Test Suite 4: testing functional behaviour of the cookie disclaimer. accepting the consent and dropping the cookie.",
          "location": null,
          "status": "passed",
          "title": "accepting the consent and dropping the cookie."
        },
        {
          "ancestorTitles": [
            "Test Suite 4: testing functional behaviour of the cookie disclaimer."
          ],
          "failureMessages": [],
          "fullName": "Test Suite 4: testing functional behaviour of the cookie disclaimer. rejecting the consent and dropping the cookie.",
          "location": null,
          "status": "passed",
          "title": "rejecting the consent and dropping the cookie."
        },
        {
          "ancestorTitles": [
            "Test Suite 4: testing functional behaviour of the cookie disclaimer."
          ],
          "failureMessages": [],
          "fullName": "Test Suite 4: testing functional behaviour of the cookie disclaimer. getting the disclaimer state for rendering cookie disclaimer.",
          "location": null,
          "status": "passed",
          "title": "getting the disclaimer state for rendering cookie disclaimer."
        },
        {
          "ancestorTitles": [
            "Test Suite 4: testing functional behaviour of the cookie disclaimer."
          ],
          "failureMessages": [],
          "fullName": "Test Suite 4: testing functional behaviour of the cookie disclaimer. Accept Button click simulation",
          "location": null,
          "status": "passed",
          "title": "Accept Button click simulation"
        },
        {
          "ancestorTitles": [
            "Test Suite 4: testing functional behaviour of the cookie disclaimer."
          ],
          "failureMessages": [],
          "fullName": "Test Suite 4: testing functional behaviour of the cookie disclaimer. Reject Button click simulation",
          "location": null,
          "status": "passed",
          "title": "Reject Button click simulation"
        }
      ],
      "endTime": 1578316469869,
      "message": "",
      "name": "C:\\dev\\atomic-react-components\\lib\\components\\molecules\\CookieDisclaimer\\tests\\CookieDisclaimer.test.js",
      "startTime": 1578316468789,
      "status": "passed",
      "summary": ""
    },
    {
      "assertionResults": [
        {
          "ancestorTitles": ["<Toast />"],
          "failureMessages": [],
          "fullName": "<Toast /> <Toast />should render correctly",
          "location": null,
          "status": "passed",
          "title": "<Toast />should render correctly"
        },
        {
          "ancestorTitles": ["<Toast /> Component"],
          "failureMessages": [],
          "fullName": "<Toast /> Component is rendering root div,if isVisible prop is true ",
          "location": null,
          "status": "passed",
          "title": "is rendering root div,if isVisible prop is true "
        },
        {
          "ancestorTitles": ["<Toast /> Component"],
          "failureMessages": [],
          "fullName": "<Toast /> Component not rendering root div,if isVisible prop is false",
          "location": null,
          "status": "passed",
          "title": "not rendering root div,if isVisible prop is false"
        },
        {
          "ancestorTitles": ["<Toast /> Component"],
          "failureMessages": [],
          "fullName": "<Toast /> Component is rendering all necessary elements rendered if isVisible prop is true",
          "location": null,
          "status": "passed",
          "title": "is rendering all necessary elements rendered if isVisible prop is true"
        },
        {
          "ancestorTitles": ["<Toast /> Component"],
          "failureMessages": [],
          "fullName": "<Toast /> Component is rendering ProgressBar if autoDismissTimeout is set as 0",
          "location": null,
          "status": "passed",
          "title": "is rendering ProgressBar if autoDismissTimeout is set as 0"
        },
        {
          "ancestorTitles": ["<Toast /> Component"],
          "failureMessages": [],
          "fullName": "<Toast /> Component is rendering ProgressBar if autoDismissTimeout is set as 3000",
          "location": null,
          "status": "passed",
          "title": "is rendering ProgressBar if autoDismissTimeout is set as 3000"
        },
        {
          "ancestorTitles": ["<Toast /> Component"],
          "failureMessages": [],
          "fullName": "<Toast /> Component is rendering children ",
          "location": null,
          "status": "passed",
          "title": "is rendering children "
        },
        {
          "ancestorTitles": ["<Toast /> Component is checking effects on"],
          "failureMessages": [],
          "fullName": "<Toast /> Component is checking effects on onClick event, should dismiss the toast when clicking  on click of X button click",
          "location": null,
          "status": "passed",
          "title": "onClick event, should dismiss the toast when clicking  on click of X button click"
        },
        {
          "ancestorTitles": ["<Toast /> component useeffect hook for autodismiss"],
          "failureMessages": [],
          "fullName": "<Toast /> component useeffect hook for autodismiss autodismiss after timeout",
          "location": null,
          "status": "passed",
          "title": "autodismiss after timeout"
        }
      ],
      "endTime": 1578316469963,
      "message": "",
      "name": "C:\\dev\\atomic-react-components\\lib\\components\\molecules\\Toast\\tests\\Toast.test.js",
      "startTime": 1578316463676,
      "status": "passed",
      "summary": ""
    },
    {
      "assertionResults": [
        {
          "ancestorTitles": ["<Breadcrumb />"],
          "failureMessages": [],
          "fullName": "<Breadcrumb /> should render correctly",
          "location": null,
          "status": "passed",
          "title": "should render correctly"
        }
      ],
      "endTime": 1578316470281,
      "message": "",
      "name": "C:\\dev\\atomic-react-components\\lib\\components\\molecules\\Breadcrumb\\tests\\Breadcrumb.test.js",
      "startTime": 1578316463422,
      "status": "passed",
      "summary": ""
    },
    {
      "assertionResults": [
        {
          "ancestorTitles": ["Table"],
          "failureMessages": [],
          "fullName": "Table should render correctly",
          "location": null,
          "status": "passed",
          "title": "should render correctly"
        },
        {
          "ancestorTitles": ["Table"],
          "failureMessages": [],
          "fullName": "Table should have table component",
          "location": null,
          "status": "passed",
          "title": "should have table component"
        },
        {
          "ancestorTitles": ["Table"],
          "failureMessages": [],
          "fullName": "Table should have thead component",
          "location": null,
          "status": "passed",
          "title": "should have thead component"
        },
        {
          "ancestorTitles": ["Table"],
          "failureMessages": [],
          "fullName": "Table should have tbody component",
          "location": null,
          "status": "passed",
          "title": "should have tbody component"
        },
        {
          "ancestorTitles": ["Table"],
          "failureMessages": [],
          "fullName": "Table should have th is equal to number of columns",
          "location": null,
          "status": "passed",
          "title": "should have th is equal to number of columns"
        },
        {
          "ancestorTitles": ["Table"],
          "failureMessages": [],
          "fullName": "Table should have tr is equal to number of data rows",
          "location": null,
          "status": "passed",
          "title": "should have tr is equal to number of data rows"
        },
        {
          "ancestorTitles": ["Table"],
          "failureMessages": [],
          "fullName": "Table should loop through each row and check the content",
          "location": null,
          "status": "passed",
          "title": "should loop through each row and check the content"
        }
      ],
      "endTime": 1578316470482,
      "message": "",
      "name": "C:\\dev\\atomic-react-components\\lib\\components\\molecules\\Table\\tests\\Table.test.js",
      "startTime": 1578316469195,
      "status": "passed",
      "summary": ""
    },
    {
      "assertionResults": [
        {
          "ancestorTitles": ["<Tabs />"],
          "failureMessages": [],
          "fullName": "<Tabs /> should render correctly",
          "location": null,
          "status": "passed",
          "title": "should render correctly"
        },
        {
          "ancestorTitles": ["<Tabs /> functional behavior"],
          "failureMessages": [],
          "fullName": "<Tabs /> functional behavior should have minimum dom structure for the tests below",
          "location": null,
          "status": "passed",
          "title": "should have minimum dom structure for the tests below"
        },
        {
          "ancestorTitles": ["<Tabs /> functional behavior"],
          "failureMessages": [],
          "fullName": "<Tabs /> functional behavior should change the tab panel and execute callback on closed tab click",
          "location": null,
          "status": "passed",
          "title": "should change the tab panel and execute callback on closed tab click"
        }
      ],
      "endTime": 1578316471342,
      "message": "",
      "name": "C:\\dev\\atomic-react-components\\lib\\components\\molecules\\Tabs\\tests\\Tabs.test.js",
      "startTime": 1578316470353,
      "status": "passed",
      "summary": ""
    },
    {
      "assertionResults": [
        {
          "ancestorTitles": ["FieldTextarea Component"],
          "failureMessages": [],
          "fullName": "FieldTextarea Component should render correctly",
          "location": null,
          "status": "passed",
          "title": "should render correctly"
        },
        {
          "ancestorTitles": ["FieldTextarea Component"],
          "failureMessages": [],
          "fullName": "FieldTextarea Component should render label correctly",
          "location": null,
          "status": "passed",
          "title": "should render label correctly"
        },
        {
          "ancestorTitles": ["FieldTextarea Component"],
          "failureMessages": [],
          "fullName": "FieldTextarea Component should render textarea tag",
          "location": null,
          "status": "passed",
          "title": "should render textarea tag"
        }
      ],
      "endTime": 1578316471643,
      "message": "",
      "name": "C:\\dev\\atomic-react-components\\lib\\components\\molecules\\Form\\FieldTextarea\\tests\\FieldTextarea.test.js",
      "startTime": 1578316470570,
      "status": "passed",
      "summary": ""
    },
    {
      "assertionResults": [
        {
          "ancestorTitles": ["<QuoteMedia />"],
          "failureMessages": [],
          "fullName": "<QuoteMedia /> Should have component heading being displayed",
          "location": null,
          "status": "passed",
          "title": "Should have component heading being displayed"
        },
        {
          "ancestorTitles": ["<QuoteMedia />"],
          "failureMessages": [],
          "fullName": "<QuoteMedia /> Should allow quote component passing",
          "location": null,
          "status": "passed",
          "title": "Should allow quote component passing"
        },
        {
          "ancestorTitles": ["<QuoteMedia />"],
          "failureMessages": [],
          "fullName": "<QuoteMedia /> Should render media Image in component body",
          "location": null,
          "status": "passed",
          "title": "Should render media Image in component body"
        },
        {
          "ancestorTitles": ["<QuoteMedia />"],
          "failureMessages": [],
          "fullName": "<QuoteMedia /> Should render correctly",
          "location": null,
          "status": "passed",
          "title": "Should render correctly"
        }
      ],
      "endTime": 1578316471738,
      "message": "",
      "name": "C:\\dev\\atomic-react-components\\lib\\components\\molecules\\QuoteMedia\\tests\\QuoteMedia.test.js",
      "startTime": 1578316470860,
      "status": "passed",
      "summary": ""
    },
    {
      "assertionResults": [
        {
          "ancestorTitles": ["<FieldToggle />"],
          "failureMessages": [],
          "fullName": "<FieldToggle /> should render correctly",
          "location": null,
          "status": "passed",
          "title": "should render correctly"
        },
        {
          "ancestorTitles": ["<FieldToggle />"],
          "failureMessages": [],
          "fullName": "<FieldToggle /> should render label correctly",
          "location": null,
          "status": "passed",
          "title": "should render label correctly"
        },
        {
          "ancestorTitles": ["<FieldToggle />"],
          "failureMessages": [],
          "fullName": "<FieldToggle /> should render label with Value correctly",
          "location": null,
          "status": "passed",
          "title": "should render label with Value correctly"
        },
        {
          "ancestorTitles": ["<FieldToggle />"],
          "failureMessages": [],
          "fullName": "<FieldToggle /> should render input correctly",
          "location": null,
          "status": "passed",
          "title": "should render input correctly"
        },
        {
          "ancestorTitles": ["<FieldToggle />"],
          "failureMessages": [],
          "fullName": "<FieldToggle /> should render disabled input",
          "location": null,
          "status": "passed",
          "title": "should render disabled input"
        },
        {
          "ancestorTitles": ["<FieldToggle />"],
          "failureMessages": [],
          "fullName": "<FieldToggle /> should tigger click event with toggle Value",
          "location": null,
          "status": "passed",
          "title": "should tigger click event with toggle Value"
        },
        {
          "ancestorTitles": ["<FieldToggle />"],
          "failureMessages": [],
          "fullName": "<FieldToggle /> should render Indicator On",
          "location": null,
          "status": "passed",
          "title": "should render Indicator On"
        },
        {
          "ancestorTitles": ["<FieldToggle />"],
          "failureMessages": [],
          "fullName": "<FieldToggle /> should tigger handleToggleCallback function",
          "location": null,
          "status": "passed",
          "title": "should tigger handleToggleCallback function"
        }
      ],
      "endTime": 1578316471708,
      "message": "",
      "name": "C:\\dev\\atomic-react-components\\lib\\components\\molecules\\Form\\FieldToggle\\tests\\FieldToggle.test.js",
      "startTime": 1578316463290,
      "status": "passed",
      "summary": ""
    },
    {
      "assertionResults": [
        {
          "ancestorTitles": ["<StickyBar />"],
          "failureMessages": [],
          "fullName": "<StickyBar /> should render the List Component",
          "location": null,
          "status": "passed",
          "title": "should render the List Component"
        },
        {
          "ancestorTitles": ["<StickyBar />"],
          "failureMessages": [],
          "fullName": "<StickyBar /> should render correctly",
          "location": null,
          "status": "passed",
          "title": "should render correctly"
        }
      ],
      "endTime": 1578316471967,
      "message": "",
      "name": "C:\\dev\\atomic-react-components\\lib\\components\\molecules\\StickyBar\\tests\\StickyBar.test.js",
      "startTime": 1578316470988,
      "status": "passed",
      "summary": ""
    },
    {
      "assertionResults": [
        {
          "ancestorTitles": ["FieldInput Component"],
          "failureMessages": [],
          "fullName": "FieldInput Component should render correctly",
          "location": null,
          "status": "passed",
          "title": "should render correctly"
        },
        {
          "ancestorTitles": ["FieldInput Component"],
          "failureMessages": [],
          "fullName": "FieldInput Component should render button with type = \"button\".",
          "location": null,
          "status": "passed",
          "title": "should render button with type = \"button\"."
        },
        {
          "ancestorTitles": ["FieldInput Component"],
          "failureMessages": [],
          "fullName": "FieldInput Component should render 1st button with theme prop type, tertiary",
          "location": null,
          "status": "passed",
          "title": "should render 1st button with theme prop type, tertiary"
        },
        {
          "ancestorTitles": ["FieldInput Component"],
          "failureMessages": [],
          "fullName": "FieldInput Component should render 2nd button with theme prop type, primary",
          "location": null,
          "status": "passed",
          "title": "should render 2nd button with theme prop type, primary"
        },
        {
          "ancestorTitles": ["FieldInput Component"],
          "failureMessages": [],
          "fullName": "FieldInput Component should match the button text rendered",
          "location": null,
          "status": "passed",
          "title": "should match the button text rendered"
        },
        {
          "ancestorTitles": ["FieldInput Component"],
          "failureMessages": [],
          "fullName": "FieldInput Component should match the button text rendered for second button",
          "location": null,
          "status": "passed",
          "title": "should match the button text rendered for second button"
        },
        {
          "ancestorTitles": ["FieldInput Component"],
          "failureMessages": [],
          "fullName": "FieldInput Component should match the label rendered correctly.",
          "location": null,
          "status": "passed",
          "title": "should match the label rendered correctly."
        },
        {
          "ancestorTitles": ["FieldInput Component"],
          "failureMessages": [],
          "fullName": "FieldInput Component should match the input rendered correctly.",
          "location": null,
          "status": "passed",
          "title": "should match the input rendered correctly."
        },
        {
          "ancestorTitles": ["FieldInput Component"],
          "failureMessages": [],
          "fullName": "FieldInput Component should match the input rendered correctly on change event simulation.",
          "location": null,
          "status": "passed",
          "title": "should match the input rendered correctly on change event simulation."
        },
        {
          "ancestorTitles": ["FieldInput Component"],
          "failureMessages": [],
          "fullName": "FieldInput Component should match the input rendered correctly on blur event simulation.",
          "location": null,
          "status": "passed",
          "title": "should match the input rendered correctly on blur event simulation."
        }
      ],
      "endTime": 1578316472331,
      "message": "",
      "name": "C:\\dev\\atomic-react-components\\lib\\components\\molecules\\Form\\FieldFileInput\\tests\\FieldFileInput.test.js",
      "startTime": 1578316471065,
      "status": "passed",
      "summary": ""
    },
    {
      "assertionResults": [
        {
          "ancestorTitles": ["<Video />"],
          "failureMessages": [],
          "fullName": "<Video /> should have video tag",
          "location": null,
          "status": "passed",
          "title": "should have video tag"
        },
        {
          "ancestorTitles": ["<Video />"],
          "failureMessages": [],
          "fullName": "<Video /> should have source tag in video",
          "location": null,
          "status": "passed",
          "title": "should have source tag in video"
        },
        {
          "ancestorTitles": ["<Video />"],
          "failureMessages": [],
          "fullName": "<Video /> should have src attribute in source tag",
          "location": null,
          "status": "passed",
          "title": "should have src attribute in source tag"
        },
        {
          "ancestorTitles": ["<Video />"],
          "failureMessages": [],
          "fullName": "<Video /> should not be autoplay",
          "location": null,
          "status": "passed",
          "title": "should not be autoplay"
        },
        {
          "ancestorTitles": ["<Video />"],
          "failureMessages": [],
          "fullName": "<Video /> should not have track element only should have Track component",
          "location": null,
          "status": "passed",
          "title": "should not have track element only should have Track component"
        },
        {
          "ancestorTitles": ["<Video />"],
          "failureMessages": [],
          "fullName": "<Video /> should have children",
          "location": null,
          "status": "passed",
          "title": "should have children"
        },
        {
          "ancestorTitles": ["<Video />"],
          "failureMessages": [],
          "fullName": "<Video /> track component without data",
          "location": null,
          "status": "passed",
          "title": "track component without data"
        },
        {
          "ancestorTitles": ["<Video />"],
          "failureMessages": [],
          "fullName": "<Video /> should render correctly",
          "location": null,
          "status": "passed",
          "title": "should render correctly"
        }
      ],
      "endTime": 1578316472343,
      "message": "",
      "name": "C:\\dev\\atomic-react-components\\lib\\components\\atoms\\Video\\tests\\Video.test.js",
      "startTime": 1578316471514,
      "status": "passed",
      "summary": ""
    },
    {
      "assertionResults": [
        {
          "ancestorTitles": [
            "Hook: useSpeechRecognition ",
            "When browser supported speech recognition"
          ],
          "failureMessages": [],
          "fullName": "Hook: useSpeechRecognition  When browser supported speech recognition Check browser supported: true ",
          "location": null,
          "status": "passed",
          "title": "Check browser supported: true "
        },
        {
          "ancestorTitles": [
            "Hook: useSpeechRecognition ",
            "When browser supported speech recognition"
          ],
          "failureMessages": [],
          "fullName": "Hook: useSpeechRecognition  When browser supported speech recognition Check isListening should be: false ",
          "location": null,
          "status": "passed",
          "title": "Check isListening should be: false "
        },
        {
          "ancestorTitles": [
            "Hook: useSpeechRecognition ",
            "When browser unsupported speech recognition"
          ],
          "failureMessages": [],
          "fullName": "Hook: useSpeechRecognition  When browser unsupported speech recognition Check browser supported: false ",
          "location": null,
          "status": "passed",
          "title": "Check browser supported: false "
        },
        {
          "ancestorTitles": ["Hook: useSpeechRecognition ", "When listening speech recognition"],
          "failureMessages": [],
          "fullName": "Hook: useSpeechRecognition  When listening speech recognition Should call start() instance once",
          "location": null,
          "status": "passed",
          "title": "Should call start() instance once"
        },
        {
          "ancestorTitles": ["Hook: useSpeechRecognition ", "When listening speech recognition"],
          "failureMessages": [],
          "fullName": "Hook: useSpeechRecognition  When listening speech recognition Should call stop() instance once",
          "location": null,
          "status": "passed",
          "title": "Should call stop() instance once"
        },
        {
          "ancestorTitles": [
            "Hook: useSpeechRecognition ",
            "When not listening speech recognition"
          ],
          "failureMessages": [],
          "fullName": "Hook: useSpeechRecognition  When not listening speech recognition Should not call start() instance again",
          "location": null,
          "status": "passed",
          "title": "Should not call start() instance again"
        },
        {
          "ancestorTitles": [
            "Hook: useSpeechRecognition ",
            "When not listening speech recognition"
          ],
          "failureMessages": [],
          "fullName": "Hook: useSpeechRecognition  When not listening speech recognition Should not call stop() instance again",
          "location": null,
          "status": "passed",
          "title": "Should not call stop() instance again"
        },
        {
          "ancestorTitles": ["Hook: useSpeechRecognition ", "Check Result"],
          "failureMessages": [],
          "fullName": "Hook: useSpeechRecognition  Check Result Check isListening: true",
          "location": null,
          "status": "passed",
          "title": "Check isListening: true"
        },
        {
          "ancestorTitles": ["Hook: useSpeechRecognition ", "Check Result"],
          "failureMessages": [],
          "fullName": "Hook: useSpeechRecognition  Check Result check results: Hello XT",
          "location": null,
          "status": "passed",
          "title": "check results: Hello XT"
        }
      ],
      "endTime": 1578316472991,
      "message": "",
      "name": "C:\\dev\\atomic-react-components\\lib\\core\\hooks\\speechRecognition\\tests\\useSpeechRecognition.test.js",
      "startTime": 1578316472173,
      "status": "passed",
      "summary": ""
    },
    {
      "assertionResults": [
        {
          "ancestorTitles": ["<HeroBanner />"],
          "failureMessages": [],
          "fullName": "<HeroBanner /> should render correctly",
          "location": null,
          "status": "passed",
          "title": "should render correctly"
        },
        {
          "ancestorTitles": ["<HeroBanner />"],
          "failureMessages": [],
          "fullName": "<HeroBanner /> should render a div",
          "location": null,
          "status": "passed",
          "title": "should render a div"
        },
        {
          "ancestorTitles": ["<HeroBanner />"],
          "failureMessages": [],
          "fullName": "<HeroBanner /> should render a header",
          "location": null,
          "status": "passed",
          "title": "should render a header"
        },
        {
          "ancestorTitles": ["<HeroBanner />"],
          "failureMessages": [],
          "fullName": "<HeroBanner /> should render a header with role as banner",
          "location": null,
          "status": "passed",
          "title": "should render a header with role as banner"
        },
        {
          "ancestorTitles": ["<HeroBanner />"],
          "failureMessages": [],
          "fullName": "<HeroBanner /> should render Hero Image",
          "location": null,
          "status": "passed",
          "title": "should render Hero Image"
        },
        {
          "ancestorTitles": ["<HeroBanner />"],
          "failureMessages": [],
          "fullName": "<HeroBanner /> should render children",
          "location": null,
          "status": "passed",
          "title": "should render children"
        }
      ],
      "endTime": 1578316473225,
      "message": "",
      "name": "C:\\dev\\atomic-react-components\\lib\\components\\molecules\\HeroBanner\\tests\\HeroBanner.test.js",
      "startTime": 1578316472514,
      "status": "passed",
      "summary": ""
    },
    {
      "assertionResults": [
        {
          "ancestorTitles": ["Select Styled component"],
          "failureMessages": [],
          "fullName": "Select Styled component should render correctly",
          "location": null,
          "status": "passed",
          "title": "should render correctly"
        }
      ],
      "endTime": 1578316473261,
      "message": "",
      "name": "C:\\dev\\atomic-react-components\\lib\\components\\atoms\\Textarea\\tests\\Textarea.style.test.js",
      "startTime": 1578316472585,
      "status": "passed",
      "summary": ""
    },
    {
      "assertionResults": [
        {
          "ancestorTitles": ["Image Component with styles"],
          "failureMessages": [],
          "fullName": "Image Component with styles should render correctly and match snapshots",
          "location": null,
          "status": "passed",
          "title": "should render correctly and match snapshots"
        },
        {
          "ancestorTitles": ["Image Component with styles"],
          "failureMessages": [],
          "fullName": "Image Component with styles should render correctly with lazy load",
          "location": null,
          "status": "passed",
          "title": "should render correctly with lazy load"
        }
      ],
      "endTime": 1578316473346,
      "message": "",
      "name": "C:\\dev\\atomic-react-components\\lib\\components\\atoms\\Image\\tests\\Image.style.test.js",
      "startTime": 1578316472719,
      "status": "passed",
      "summary": ""
    },
    {
      "assertionResults": [
        {
          "ancestorTitles": ["Button"],
          "failureMessages": [],
          "fullName": "Button should render correctly",
          "location": null,
          "status": "passed",
          "title": "should render correctly"
        }
      ],
      "endTime": 1578316473401,
      "message": "",
      "name": "C:\\dev\\atomic-react-components\\lib\\components\\atoms\\Button\\tests\\Button.style.test.js",
      "startTime": 1578316472703,
      "status": "passed",
      "summary": ""
    },
    {
      "assertionResults": [
        {
          "ancestorTitles": ["<Tag />"],
          "failureMessages": [],
          "fullName": "<Tag /> should render correctly",
          "location": null,
          "status": "passed",
          "title": "should render correctly"
        },
        {
          "ancestorTitles": ["<Tag />"],
          "failureMessages": [],
          "fullName": "<Tag /> should render provided text",
          "location": null,
          "status": "passed",
          "title": "should render provided text"
        },
        {
          "ancestorTitles": ["<Tag />"],
          "failureMessages": [],
          "fullName": "<Tag /> should control remove button availability through prop",
          "location": null,
          "status": "passed",
          "title": "should control remove button availability through prop"
        },
        {
          "ancestorTitles": ["<Tag />"],
          "failureMessages": [],
          "fullName": "<Tag /> should call parent method on remove if available",
          "location": null,
          "status": "passed",
          "title": "should call parent method on remove if available"
        }
      ],
      "endTime": 1578316473773,
      "message": "",
      "name": "C:\\dev\\atomic-react-components\\lib\\components\\atoms\\Tag\\tests\\Tag.test.js",
      "startTime": 1578316473101,
      "status": "passed",
      "summary": ""
    },
    {
      "assertionResults": [
        {
          "ancestorTitles": ["Select Styled component"],
          "failureMessages": [],
          "fullName": "Select Styled component should render correctly",
          "location": null,
          "status": "passed",
          "title": "should render correctly"
        }
      ],
      "endTime": 1578316473867,
      "message": "",
      "name": "C:\\dev\\atomic-react-components\\lib\\components\\atoms\\Select\\tests\\Select.style.test.js",
      "startTime": 1578316473165,
      "status": "passed",
      "summary": ""
    },
    {
      "assertionResults": [
        {
          "ancestorTitles": ["<Pagination />"],
          "failureMessages": [],
          "fullName": "<Pagination /> should render correctly",
          "location": null,
          "status": "passed",
          "title": "should render correctly"
        },
        {
          "ancestorTitles": ["<Pagination />"],
          "failureMessages": [],
          "fullName": "<Pagination /> should render `.pagination` component",
          "location": null,
          "status": "passed",
          "title": "should render `.pagination` component"
        },
        {
          "ancestorTitles": ["<Pagination />"],
          "failureMessages": [],
          "fullName": "<Pagination /> should render an `.last`",
          "location": null,
          "status": "passed",
          "title": "should render an `.last`"
        },
        {
          "ancestorTitles": ["<Pagination />"],
          "failureMessages": [],
          "fullName": "<Pagination /> should render a `firstLabel`",
          "location": null,
          "status": "passed",
          "title": "should render a `firstLabel`"
        },
        {
          "ancestorTitles": ["<Pagination />"],
          "failureMessages": [],
          "fullName": "<Pagination /> should render a `lastLabel`",
          "location": null,
          "status": "passed",
          "title": "should render a `lastLabel`"
        },
        {
          "ancestorTitles": ["<Pagination />"],
          "failureMessages": [],
          "fullName": "<Pagination /> should test click event on first button",
          "location": null,
          "status": "passed",
          "title": "should test click event on first button"
        },
        {
          "ancestorTitles": ["<Pagination />"],
          "failureMessages": [],
          "fullName": "<Pagination /> should test click event on last button",
          "location": null,
          "status": "passed",
          "title": "should test click event on last button"
        }
      ],
      "endTime": 1578316474485,
      "message": "",
      "name": "C:\\dev\\atomic-react-components\\lib\\components\\molecules\\Pagination\\tests\\Pagination.test.js",
      "startTime": 1578316473821,
      "status": "passed",
      "summary": ""
    },
    {
      "assertionResults": [
        {
          "ancestorTitles": ["Para Component"],
          "failureMessages": [],
          "fullName": "Para Component should render correctly and match snapshot",
          "location": null,
          "status": "passed",
          "title": "should render correctly and match snapshot"
        },
        {
          "ancestorTitles": ["Para Component"],
          "failureMessages": [],
          "fullName": "Para Component should check the data attribute of para",
          "location": null,
          "status": "passed",
          "title": "should check the data attribute of para"
        }
      ],
      "endTime": 1578316474550,
      "message": "",
      "name": "C:\\dev\\atomic-react-components\\lib\\components\\atoms\\Para\\tests\\Para.test.js",
      "startTime": 1578316474009,
      "status": "passed",
      "summary": ""
    },
    {
      "assertionResults": [
        {
          "ancestorTitles": ["<Popover /> Rendering"],
          "failureMessages": [],
          "fullName": "<Popover /> Rendering should render correctly",
          "location": null,
          "status": "passed",
          "title": "should render correctly"
        },
        {
          "ancestorTitles": ["Popover functional behavior"],
          "failureMessages": [],
          "fullName": "Popover functional behavior Should have Close Button By Default and can be closed",
          "location": null,
          "status": "passed",
          "title": "Should have Close Button By Default and can be closed"
        },
        {
          "ancestorTitles": ["Popover functional behavior"],
          "failureMessages": [],
          "fullName": "Popover functional behavior Should open By Default when isVisible set to true",
          "location": null,
          "status": "passed",
          "title": "Should open By Default when isVisible set to true"
        },
        {
          "ancestorTitles": ["Popover functional behavior"],
          "failureMessages": [],
          "fullName": "Popover functional behavior Should open and close on Trigger and X button click",
          "location": null,
          "status": "passed",
          "title": "Should open and close on Trigger and X button click"
        }
      ],
      "endTime": 1578316474607,
      "message": "",
      "name": "C:\\dev\\atomic-react-components\\lib\\components\\molecules\\Popover\\tests\\Popover.test.js",
      "startTime": 1578316474012,
      "status": "passed",
      "summary": ""
    },
    {
      "assertionResults": [
        {
          "ancestorTitles": ["Input Styled component"],
          "failureMessages": [],
          "fullName": "Input Styled component should render correctly",
          "location": null,
          "status": "passed",
          "title": "should render correctly"
        }
      ],
      "endTime": 1578316474755,
      "message": "",
      "name": "C:\\dev\\atomic-react-components\\lib\\components\\atoms\\Input\\tests\\Input.style.test.js",
      "startTime": 1578316474087,
      "status": "passed",
      "summary": ""
    },
    {
      "assertionResults": [
        {
          "ancestorTitles": ["InputChoiceVanilla Component"],
          "failureMessages": [],
          "fullName": "Button should render correctly",
          "location": null,
          "status": "passed",
          "title": "should render correctly"
        }
      ],
      "endTime": 1585546064366,
      "message": "",
      "name": "/Users/achjain/projects/atomic-react-components/lib/components/atoms/Button/tests/Button.style.test.js",
      "startTime": 1585546063355,
      "status": "passed",
      "summary": ""
    },
    {
      "assertionResults": [
        {
          "ancestorTitles": ["<List />"],
          "failureMessages": [],
          "fullName": "<List /> should render default view correctly",
          "location": null,
          "status": "passed",
          "title": "should render default view correctly"
        }
      ],
      "endTime": 1585546064409,
      "message": "",
      "name": "/Users/achjain/projects/atomic-react-components/lib/components/molecules/List/tests/List.test.js",
      "startTime": 1585546063616,
      "status": "passed",
      "summary": ""
    },
    {
      "assertionResults": [
        {
          "ancestorTitles": ["<Icon />"],
          "failureMessages": [],
          "fullName": "<Icon /> should render correctly",
          "location": null,
          "status": "passed",
          "title": "should render correctly"
        },
        {
          "ancestorTitles": ["<Icon />"],
          "failureMessages": [],
          "fullName": "<Icon /> should have id",
          "location": null,
          "status": "passed",
          "title": "should have id"
        }
      ],
      "endTime": 1578316474757,
      "message": "",
      "name": "C:\\dev\\atomic-react-components\\lib\\components\\molecules\\InputChoice\\tests\\InputChoice.test.js",
      "startTime": 1578316474138,
      "status": "passed",
      "summary": ""
    },
    {
      "assertionResults": [
        {
          "ancestorTitles": ["<List />"],
          "failureMessages": [],
          "fullName": "<List /> should render default view correctly",
          "location": null,
          "status": "passed",
          "title": "should render default view correctly"
        }
      ],
      "endTime": 1578316475069,
      "message": "",
      "name": "C:\\dev\\atomic-react-components\\lib\\components\\molecules\\List\\tests\\List.test.js",
      "startTime": 1578316474572,
      "status": "passed",
      "summary": ""
    },
    {
      "assertionResults": [
        {
          "ancestorTitles": ["<Blockquote />"],
          "failureMessages": [],
          "fullName": "<Blockquote /> should render blockquote",
          "location": null,
          "status": "passed",
          "title": "should render blockquote"
        },
        {
          "ancestorTitles": ["<Blockquote />"],
          "failureMessages": [],
          "fullName": "<Blockquote /> should render content",
          "location": null,
          "status": "passed",
          "title": "should render content"
        },
        {
          "ancestorTitles": ["<Blockquote />"],
          "failureMessages": [],
          "fullName": "<Blockquote /> check quoteContent value passed in",
          "location": null,
          "status": "passed",
          "title": "check quoteContent value passed in"
        },
        {
          "ancestorTitles": ["<Blockquote />"],
          "failureMessages": [],
          "fullName": "<Blockquote /> check quoteAuthor value passed in",
          "location": null,
          "status": "passed",
          "title": "check quoteAuthor value passed in"
        },
        {
          "ancestorTitles": ["<Blockquote />"],
          "failureMessages": [],
          "fullName": "<Blockquote /> should render author name",
          "location": null,
          "status": "passed",
          "title": "should render author name"
        },
        {
          "ancestorTitles": ["<Blockquote />"],
          "failureMessages": [],
          "fullName": "<Blockquote /> should render correctly",
          "location": null,
          "status": "passed",
          "title": "should render correctly"
        }
      ],
      "endTime": 1578316475172,
      "message": "",
      "name": "C:\\dev\\atomic-react-components\\lib\\components\\molecules\\Blockquote\\tests\\Blockquote.test.js",
      "startTime": 1578316474523,
      "status": "passed",
      "summary": ""
    },
    {
      "assertionResults": [
        {
          "ancestorTitles": ["<SearchList />"],
          "failureMessages": [],
          "fullName": "<SearchList /> should render correctly",
          "location": null,
          "status": "passed",
          "title": "should render correctly"
        }
      ],
      "endTime": 1578316475723,
      "message": "",
      "name": "C:\\dev\\atomic-react-components\\lib\\components\\molecules\\Search\\SearchList\\tests\\SearchList.test.js",
      "startTime": 1578316475200,
      "status": "passed",
      "summary": ""
    },
    {
      "assertionResults": [
        {
          "ancestorTitles": ["Anchor Component"],
          "failureMessages": [],
          "fullName": "Anchor Component should render correctly and match snapshot",
          "location": null,
          "status": "passed",
          "title": "should render Modal correctly"
        }
      ],
      "endTime": 1585546064962,
      "message": "",
      "name": "/Users/achjain/projects/atomic-react-components/lib/components/molecules/Modal/tests/Modal.test.js",
      "startTime": 1585546064210,
      "status": "passed",
      "summary": ""
    },
    {
      "assertionResults": [
        {
          "ancestorTitles": ["Anchor Component"],
          "failureMessages": [],
          "fullName": "Anchor Component Should handle on typeahead focuson Events",
          "location": null,
          "status": "passed",
          "title": "Should handle on typeahead focuson Events"
        },
        {
          "ancestorTitles": ["Anchor Component"],
          "failureMessages": [],
          "fullName": "Anchor Component should check the data attribute of anchor",
          "location": null,
          "status": "passed",
          "title": "should check the data attribute of anchor"
        }
      ],
      "endTime": 1578316475814,
      "message": "",
      "name": "C:\\dev\\atomic-react-components\\lib\\components\\atoms\\Anchor\\tests\\Anchor.test.js",
      "startTime": 1578316475250,
      "status": "passed",
      "summary": ""
    },
    {
      "assertionResults": [
        {
          "ancestorTitles": ["<ArticleThumbnail />"],
          "failureMessages": [],
          "fullName": "<ArticleThumbnail /> should render correctly with Readmore",
          "location": null,
          "status": "passed",
          "title": "should render correctly with Readmore"
        },
        {
          "ancestorTitles": ["<ArticleThumbnail />"],
          "failureMessages": [],
          "fullName": "<ArticleThumbnail /> should render correctly with full clickable thumb",
          "location": null,
          "status": "passed",
          "title": "should render correctly with full clickable thumb"
        }
      ],
      "endTime": 1578316475917,
      "message": "",
      "name": "C:\\dev\\atomic-react-components\\lib\\components\\molecules\\ArticleThumbnail\\tests\\ArticleThumbnail.test.js",
      "startTime": 1578316475282,
      "status": "passed",
      "summary": ""
    },
    {
      "assertionResults": [
        {
          "ancestorTitles": ["<Icon />"],
          "failureMessages": [],
          "fullName": "<Icon /> should render correctly",
          "location": null,
          "status": "passed",
          "title": "should render correctly"
        },
        {
          "ancestorTitles": ["<Icon />"],
          "failureMessages": [],
          "fullName": "<Icon /> should have id",
          "location": null,
          "status": "passed",
          "title": "should have id"
        }
      ],
      "endTime": 1578316476054,
      "message": "",
      "name": "C:\\dev\\atomic-react-components\\lib\\components\\atoms\\Icon\\tests\\Icon.test.js",
      "startTime": 1578316475488,
      "status": "passed",
      "summary": ""
    },
    {
      "assertionResults": [
        {
          "ancestorTitles": ["Input Component"],
          "failureMessages": [],
          "fullName": "Input Component should render correctly",
          "location": null,
          "status": "passed",
          "title": "should render correctly"
        },
        {
          "ancestorTitles": ["Input Component"],
          "failureMessages": [],
          "fullName": "Input Component should check the data attribute of input",
          "location": null,
          "status": "passed",
          "title": "should check the data attribute of input"
        },
        {
          "ancestorTitles": ["File Input Component -> Unit Testing"],
          "failureMessages": [],
          "fullName": "File Input Component -> Unit Testing should render file input component correctly",
          "location": null,
          "status": "passed",
          "title": "should render file input component correctly"
        },
        {
          "ancestorTitles": ["File Input Component -> Unit Testing"],
          "failureMessages": [],
          "fullName": "File Input Component -> Unit Testing should call function on click of the input field",
          "location": null,
          "status": "passed",
          "title": "should call function on click of the input field"
        },
        {
          "ancestorTitles": ["File Input Component -> Unit Testing"],
          "failureMessages": [],
          "fullName": "File Input Component -> Unit Testing should simulate click event of the input field",
          "location": null,
          "status": "passed",
          "title": "should simulate click event of the input field"
        },
        {
          "ancestorTitles": ["File Input Component -> Unit Testing"],
          "failureMessages": [],
          "fullName": "File Input Component -> Unit Testing should render with prop \"multiple\" to distinguish multiple or single file",
          "location": null,
          "status": "passed",
          "title": "should render with prop \"multiple\" to distinguish multiple or single file"
        },
        {
          "ancestorTitles": ["File Input Component -> Unit Testing"],
          "failureMessages": [],
          "fullName": "File Input Component -> Unit Testing should render input correctly",
          "location": null,
          "status": "passed",
          "title": "should render input correctly"
        }
      ],
      "endTime": 1578316476142,
      "message": "",
      "name": "C:\\dev\\atomic-react-components\\lib\\components\\atoms\\Input\\tests\\Input.test.js",
      "startTime": 1578316475448,
      "status": "passed",
      "summary": ""
    },
    {
      "assertionResults": [
        {
          "ancestorTitles": ["FieldError Component"],
          "failureMessages": [],
          "fullName": "FieldError Component should render correctly",
          "location": null,
          "status": "passed",
          "title": "should render correctly"
        },
        {
          "ancestorTitles": ["FieldError Component"],
          "failureMessages": [],
          "fullName": "FieldError Component should check the element locator of field error",
          "location": null,
          "status": "passed",
          "title": "should check the element locator of field error"
        },
        {
          "ancestorTitles": ["FieldError Component"],
          "failureMessages": [],
          "fullName": "FieldError Component should check the default slnid of field error",
          "location": null,
          "status": "passed",
          "title": "should check the default slnid of field error"
        }
      ],
      "endTime": 1578316476441,
      "message": "",
      "name": "C:\\dev\\atomic-react-components\\lib\\components\\atoms\\FieldError\\tests\\FieldError.test.js",
      "startTime": 1578316475769,
      "status": "passed",
      "summary": ""
    },
    {
      "assertionResults": [
        {
          "ancestorTitles": ["Label Component"],
          "failureMessages": [],
          "fullName": "Label Component should render correctly",
          "location": null,
          "status": "passed",
          "title": "should render correctly"
        },
        {
          "ancestorTitles": ["Label Component"],
          "failureMessages": [],
          "fullName": "Label Component should check the data attribute of label",
          "location": null,
          "status": "passed",
          "title": "should check the data attribute of label"
        }
      ],
      "endTime": 1578316476588,
      "message": "",
      "name": "C:\\dev\\atomic-react-components\\lib\\components\\atoms\\Label\\tests\\Label.test.js",
      "startTime": 1578316475956,
      "status": "passed",
      "summary": ""
    },
    {
      "assertionResults": [
        {
          "ancestorTitles": ["Button Component"],
          "failureMessages": [],
          "fullName": "Button Component should render correctly",
          "location": null,
          "status": "passed",
          "title": "should render correctly"
        },
        {
          "ancestorTitles": ["Button Component"],
          "failureMessages": [],
          "fullName": "Button Component should render disabled",
          "location": null,
          "status": "passed",
          "title": "should render disabled"
        },
        {
          "ancestorTitles": ["Button Component"],
          "failureMessages": [],
          "fullName": "Button Component should render title element",
          "location": null,
          "status": "passed",
          "title": "should render title element"
        },
        {
          "ancestorTitles": ["Button Component"],
          "failureMessages": [],
          "fullName": "Button Component should render aria attribute element",
          "location": null,
          "status": "passed",
          "title": "should render aria attribute element"
        },
        {
          "ancestorTitles": ["Button Component"],
          "failureMessages": [],
          "fullName": "Button Component should check the data attribute of button",
          "location": null,
          "status": "passed",
          "title": "should check the data attribute of button"
        }
      ],
      "endTime": 1578316477057,
      "message": "",
      "name": "C:\\dev\\atomic-react-components\\lib\\components\\atoms\\Button\\tests\\Button.test.js",
      "startTime": 1578316476515,
      "status": "passed",
      "summary": ""
    },
    {
      "assertionResults": [
        {
          "ancestorTitles": ["Heading Component"],
          "failureMessages": [],
          "fullName": "Heading Component should render correctly and match snapshot",
          "location": null,
          "status": "passed",
          "title": "should render correctly and match snapshot"
        },
        {
          "ancestorTitles": ["Heading Component"],
          "failureMessages": [],
          "fullName": "Heading Component should check the custom locator of heading",
          "location": null,
          "status": "passed",
          "title": "should check the custom locator of heading"
        },
        {
          "ancestorTitles": ["Heading Component"],
          "failureMessages": [],
          "fullName": "Heading Component should check the default locator of heading",
          "location": null,
          "status": "passed",
          "title": "should check the default locator of heading"
        }
      ],
      "endTime": 1578316477287,
      "message": "",
      "name": "C:\\dev\\atomic-react-components\\lib\\components\\atoms\\Heading\\tests\\Heading.test.js",
      "startTime": 1578316476736,
      "status": "passed",
      "summary": ""
    },
    {
      "assertionResults": [
        {
          "ancestorTitles": ["Modal Component"],
          "failureMessages": [],
          "fullName": "Modal Component should render Modal correctly",
          "location": null,
          "status": "passed",
          "title": "should render Modal correctly"
        }
      ],
      "endTime": 1578316477347,
      "message": "",
      "name": "C:\\dev\\atomic-react-components\\lib\\components\\molecules\\Modal\\tests\\Modal.test.js",
      "startTime": 1578316476706,
      "status": "passed",
      "summary": ""
    },
    {
      "assertionResults": [
        {
          "ancestorTitles": ["<Tab />"],
          "failureMessages": [],
          "fullName": "<Tab /> should render correctly",
          "location": null,
          "status": "passed",
          "title": "should render correctly"
        }
      ],
      "endTime": 1578316477392,
      "message": "",
      "name": "C:\\dev\\atomic-react-components\\lib\\components\\molecules\\Tabs\\Tab\\tests\\Tab.test.js",
      "startTime": 1578316476782,
      "status": "passed",
      "summary": ""
    },
    {
      "assertionResults": [
        {
          "ancestorTitles": ["Select Component"],
          "failureMessages": [],
          "fullName": "Select Component should render correctly",
          "location": null,
          "status": "passed",
          "title": "should render correctly"
        },
        {
          "ancestorTitles": ["Select Component"],
          "failureMessages": [],
          "fullName": "Select Component should check the data attribute of dropdown/select",
          "location": null,
          "status": "passed",
          "title": "should check the data attribute of dropdown/select"
        }
      ],
      "endTime": 1578316477514,
      "message": "",
      "name": "C:\\dev\\atomic-react-components\\lib\\components\\atoms\\Select\\tests\\Select.test.js",
      "startTime": 1578316476920,
      "status": "passed",
      "summary": ""
    },
    {
      "assertionResults": [
        {
          "ancestorTitles": ["Image Component"],
          "failureMessages": [],
          "fullName": "Image Component should render correctly and match snapshots",
          "location": null,
          "status": "passed",
          "title": "should render correctly and match snapshots"
        },
        {
          "ancestorTitles": ["Image Component"],
          "failureMessages": [],
          "fullName": "Image Component should change image src on error",
          "location": null,
          "status": "passed",
          "title": "should change image src on error"
        },
        {
          "ancestorTitles": ["Image Component"],
          "failureMessages": [],
          "fullName": "Image Component should check the data attribute of image",
          "location": null,
          "status": "passed",
          "title": "should check the data attribute of image"
        },
        {
          "ancestorTitles": ["Image Component"],
          "failureMessages": [],
          "fullName": "Image Component should check the default locator of image",
          "location": null,
          "status": "passed",
          "title": "should check the default locator of image"
        }
      ],
      "endTime": 1578316477686,
      "message": "",
      "name": "C:\\dev\\atomic-react-components\\lib\\components\\atoms\\Image\\tests\\Image.test.js",
      "startTime": 1578316477136,
      "status": "passed",
      "summary": ""
    },
    {
      "assertionResults": [
        {
          "ancestorTitles": ["<TabPanel />"],
          "failureMessages": [],
          "fullName": "<TabPanel /> should render correctly",
          "location": null,
          "status": "passed",
          "title": "should render correctly"
        }
      ],
      "endTime": 1578316477812,
      "message": "",
      "name": "C:\\dev\\atomic-react-components\\lib\\components\\molecules\\Tabs\\TabPanel\\tests\\TabPanel.test.js",
      "startTime": 1578316477320,
      "status": "passed",
      "summary": ""
    },
    {
      "assertionResults": [
        {
          "ancestorTitles": ["<Track />"],
          "failureMessages": [],
          "fullName": "<Track /> should render correctly",
          "location": null,
          "status": "passed",
          "title": "should render correctly"
        }
      ],
      "endTime": 1578316478096,
      "message": "",
      "name": "C:\\dev\\atomic-react-components\\lib\\components\\atoms\\Track\\tests\\Track.test.js",
      "startTime": 1578316477772,
      "status": "passed",
      "summary": ""
    },
    {
      "assertionResults": [
        {
          "ancestorTitles": ["<Textarea />"],
          "failureMessages": [],
          "fullName": "<Textarea /> should render correctly",
          "location": null,
          "status": "passed",
          "title": "should render correctly"
        },
        {
          "ancestorTitles": ["<Textarea />"],
          "failureMessages": [],
          "fullName": "<Textarea /> should check the data attribute of textarea",
          "location": null,
          "status": "passed",
          "title": "should check the data attribute of textarea"
        }
      ],
      "endTime": 1578316478218,
      "message": "",
      "name": "C:\\dev\\atomic-react-components\\lib\\components\\atoms\\Textarea\\tests\\Textarea.test.js",
      "startTime": 1578316477903,
      "status": "passed",
      "summary": ""
    },
    {
      "assertionResults": [
        {
          "ancestorTitles": ["Debug"],
          "failureMessages": [],
          "fullName": "Debug should render correctly",
          "location": null,
          "status": "passed",
          "title": "should render correctly"
        }
      ],
      "endTime": 1578316478234,
      "message": "",
      "name": "C:\\dev\\atomic-react-components\\lib\\components\\molecules\\Form\\Debug\\tests\\Debug.test.js",
      "startTime": 1578316477916,
      "status": "passed",
      "summary": ""
    }
  ],
  "wasInterrupted": false,
  "coverageMap": {
    "C:\\dev\\atomic-react-components\\lib\\components\\molecules\\Search\\index.js": {
      "path": "C:\\dev\\atomic-react-components\\lib\\components\\molecules\\Search\\index.js",
      "statementMap": {},
      "fnMap": {},
      "branchMap": {},
      "s": {},
      "f": {},
      "b": {},
      "_coverageSchema": "43e27e138ebf9cfc5966b082cf9a028302ed4184",
[...]
      "statementMap": {
        "0": { "start": { "line": 4, "column": 14 }, "end": { "line": 4, "column": 64 } }
      },
      "fnMap": {
        "0": {
          "name": "(anonymous_0)",
          "decl": { "start": { "line": 4, "column": 4 }, "end": { "line": 4, "column": 5 } },
          "loc": { "start": { "line": 4, "column": 14 }, "end": { "line": 4, "column": 64 } },
          "line": 4
        }
      },
      "branchMap": {
        "0": {
          "loc": { "start": { "line": 4, "column": 14 }, "end": { "line": 4, "column": 64 } },
          "type": "cond-expr",
          "locations": [
            { "start": { "line": 4, "column": 38 }, "end": { "line": 4, "column": 59 } },
            { "start": { "line": 4, "column": 62 }, "end": { "line": 4, "column": 64 } }
          ],
          "line": 4
        }
      },
      "s": { "0": 0 },
      "f": { "0": 0 },
      "b": { "0": [0, 0] },
      "_coverageSchema": "43e27e138ebf9cfc5966b082cf9a028302ed4184",
      "hash": "9d5ae7fbb21f617bb134e1d307ede792b0632954"
    },
    "C:\\dev\\atomic-react-components\\lib\\components\\molecules\\ArticleThumbnail\\index.js": {
      "path": "C:\\dev\\atomic-react-components\\lib\\components\\molecules\\ArticleThumbnail\\index.js",
      "statementMap": {},
      "fnMap": {},
      "branchMap": {},
      "s": {},
      "f": {},
      "b": {},
      "_coverageSchema": "43e27e138ebf9cfc5966b082cf9a028302ed4184",
      "hash": "f5933cdec596128657f1089230ee7bc9c2192816"
    },
    "C:\\dev\\atomic-react-components\\lib\\components\\molecules\\ArticleThumbnail\\ArticleThumbnail.js": {
      "path": "C:\\dev\\atomic-react-components\\lib\\components\\molecules\\ArticleThumbnail\\ArticleThumbnail.js",
      "statementMap": {
        "0": { "start": { "line": 15, "column": 25 }, "end": { "line": 15, "column": 96 } },
        "1": { "start": { "line": 15, "column": 52 }, "end": { "line": 15, "column": 96 } },
        "2": { "start": { "line": 17, "column": 25 }, "end": { "line": 38, "column": 1 } },
        "3": { "start": { "line": 24, "column": 19 }, "end": { "line": 24, "column": 39 } },
        "4": { "start": { "line": 25, "column": 2 }, "end": { "line": 27, "column": 3 } },
        "5": { "start": { "line": 26, "column": 4 }, "end": { "line": 26, "column": 59 } },
        "6": { "start": { "line": 28, "column": 2 }, "end": { "line": 31, "column": 3 } },
        "7": { "start": { "line": 29, "column": 25 }, "end": { "line": 29, "column": 71 } },
        "8": { "start": { "line": 30, "column": 4 }, "end": { "line": 30, "column": 94 } },
        "9": { "start": { "line": 33, "column": 2 }, "end": { "line": 37, "column": 4 } },
        "10": { "start": { "line": 40, "column": 0 }, "end": { "line": 42, "column": 2 } }
      },
      "fnMap": {
        "0": {
          "name": "(anonymous_0)",
          "decl": { "start": { "line": 15, "column": 25 }, "end": { "line": 15, "column": 26 } },
          "loc": { "start": { "line": 15, "column": 52 }, "end": { "line": 15, "column": 96 } },
          "line": 15
        },
        "1": {
          "name": "(anonymous_1)",
          "decl": { "start": { "line": 17, "column": 25 }, "end": { "line": 17, "column": 26 } },
          "loc": { "start": { "line": 23, "column": 19 }, "end": { "line": 38, "column": 1 } },
          "line": 23
        }
      },
      "branchMap": {
        "0": {
          "loc": { "start": { "line": 25, "column": 2 }, "end": { "line": 27, "column": 3 } },
          "type": "if",
          "locations": [
            { "start": { "line": 25, "column": 2 }, "end": { "line": 27, "column": 3 } },
            { "start": { "line": 25, "column": 2 }, "end": { "line": 27, "column": 3 } }
          ],
          "line": 25
        },
        "1": {
          "loc": { "start": { "line": 25, "column": 6 }, "end": { "line": 25, "column": 36 } },
          "type": "binary-expr",
          "locations": [
            { "start": { "line": 25, "column": 6 }, "end": { "line": 25, "column": 21 } },
            { "start": { "line": 25, "column": 25 }, "end": { "line": 25, "column": 36 } }
          ],
          "line": 25
        },
        "2": {
          "loc": { "start": { "line": 28, "column": 2 }, "end": { "line": 31, "column": 3 } },
          "type": "if",
          "locations": [
            { "start": { "line": 28, "column": 2 }, "end": { "line": 31, "column": 3 } },
            { "start": { "line": 28, "column": 2 }, "end": { "line": 31, "column": 3 } }
          ],
          "line": 28
        }
      },
      "s": {
        "0": 1,
        "1": 3,
        "2": 1,
        "3": 2,
        "4": 2,
        "5": 1,
        "6": 2,
        "7": 1,
        "8": 1,
        "9": 1,
        "10": 1
      },
      "f": { "0": 3, "1": 2 },
      "b": { "0": [1, 1], "1": [2, 1], "2": [1, 1] },
      "_coverageSchema": "43e27e138ebf9cfc5966b082cf9a028302ed4184",
      "hash": "1beb73ddd5007c05f4a970b2e7450159273b339f"
    },
    "C:\\dev\\atomic-react-components\\lib\\components\\molecules\\ArticleThumbnail\\ArticleThumbnail.style.js": {
      "path": "C:\\dev\\atomic-react-components\\lib\\components\\molecules\\ArticleThumbnail\\ArticleThumbnail.style.js",
      "statementMap": {
        "0": { "start": { "line": 3, "column": 15 }, "end": { "line": 8, "column": 1 } }
      },
      "fnMap": {},
      "branchMap": {},
      "s": { "0": 1 },
      "f": {},
      "b": {},
      "_coverageSchema": "43e27e138ebf9cfc5966b082cf9a028302ed4184",
      "hash": "3fdc51a5489f14861b1f5acec396eda5c9d0bbd6"
    },
    "C:\\dev\\atomic-react-components\\lib\\components\\atoms\\Heading\\index.js": {
      "path": "C:\\dev\\atomic-react-components\\lib\\components\\atoms\\Heading\\index.js",
      "statementMap": {},
      "fnMap": {},
      "branchMap": {},
      "s": {},
      "f": {},
      "b": {},
      "_coverageSchema": "43e27e138ebf9cfc5966b082cf9a028302ed4184",
      "hash": "0fccc5c5392063deb5f73550aab705d51e96a4d2"
    },
    "C:\\dev\\atomic-react-components\\lib\\components\\molecules\\Modal\\Modal.js": {
      "path": "C:\\dev\\atomic-react-components\\lib\\components\\molecules\\Modal\\Modal.js",
      "statementMap": {
        "0": { "start": { "line": 54, "column": 14 }, "end": { "line": 102, "column": 1 } },
        "1": { "start": { "line": 78, "column": 2 }, "end": { "line": 101, "column": 4 } },
        "2": { "start": { "line": 104, "column": 0 }, "end": { "line": 125, "column": 2 } },
        "3": { "start": { "line": 121, "column": 24 }, "end": { "line": 121, "column": 49 } }
      },
      "fnMap": {
        "0": {
          "name": "(anonymous_0)",
          "decl": { "start": { "line": 54, "column": 14 }, "end": { "line": 54, "column": 15 } },
          "loc": { "start": { "line": 78, "column": 2 }, "end": { "line": 101, "column": 4 } },
          "line": 78
        },
        "1": {
          "name": "(anonymous_1)",
          "decl": { "start": { "line": 121, "column": 18 }, "end": { "line": 121, "column": 19 } },
          "loc": { "start": { "line": 121, "column": 24 }, "end": { "line": 121, "column": 49 } },
          "line": 121
        }
      },
      "branchMap": {
        "0": {
          "loc": { "start": { "line": 121, "column": 24 }, "end": { "line": 121, "column": 49 } },
          "type": "binary-expr",
          "locations": [
            { "start": { "line": 121, "column": 24 }, "end": { "line": 121, "column": 32 } },
            { "start": { "line": 121, "column": 36 }, "end": { "line": 121, "column": 49 } }
          ],
          "line": 121
        }
      },
      "s": { "0": 1, "1": 1, "2": 1, "3": 0, "4": 1 },
      "f": { "0": 1, "1": 0 },
      "b": { "0": [0, 0] },
      "_coverageSchema": "43e27e138ebf9cfc5966b082cf9a028302ed4184",
      "hash": "2d6ad70ed24d4bb801c5090d1fa2959497344f96"
    },
    "C:\\dev\\atomic-react-components\\lib\\components\\molecules\\Modal\\Modal.style.js": {
      "path": "C:\\dev\\atomic-react-components\\lib\\components\\molecules\\Modal\\Modal.style.js",
      "statementMap": {
        "0": { "start": { "line": 3, "column": 15 }, "end": { "line": 5, "column": 1 } },
        "1": { "start": { "line": 4, "column": 14 }, "end": { "line": 4, "column": 64 } }
      },
      "fnMap": {
        "0": {
          "name": "(anonymous_0)",
          "decl": { "start": { "line": 4, "column": 4 }, "end": { "line": 4, "column": 5 } },
          "loc": { "start": { "line": 4, "column": 14 }, "end": { "line": 4, "column": 64 } },
          "line": 4
        }
      },
      "branchMap": {
        "0": {
          "loc": { "start": { "line": 4, "column": 14 }, "end": { "line": 4, "column": 64 } },
          "type": "cond-expr",
          "locations": [
            { "start": { "line": 4, "column": 38 }, "end": { "line": 4, "column": 59 } },
            { "start": { "line": 4, "column": 62 }, "end": { "line": 4, "column": 64 } }
          ],
          "line": 4
        }
      },
      "s": { "0": 1, "1": 0 },
      "f": { "0": 0 },
      "b": { "0": [0, 0] },
      "_coverageSchema": "43e27e138ebf9cfc5966b082cf9a028302ed4184",
      "hash": "a9b6d943eaf49f9f603f645ccbb6484675269862"
    },
    "C:\\dev\\atomic-react-components\\lib\\core\\utils\\getDisplayName.js": {
      "path": "C:\\dev\\atomic-react-components\\lib\\core\\utils\\getDisplayName.js",
      "statementMap": {
        "0": { "start": { "line": 1, "column": 30 }, "end": { "line": 3, "column": 1 } },
        "1": { "start": { "line": 2, "column": 2 }, "end": { "line": 2, "column": 78 } }
      },
      "fnMap": {
        "0": {
          "name": "(anonymous_0)",
          "decl": { "start": { "line": 1, "column": 30 }, "end": { "line": 1, "column": 31 } },
          "loc": { "start": { "line": 1, "column": 50 }, "end": { "line": 3, "column": 1 } },
          "line": 1
        }
      },
      "branchMap": {
        "0": {
          "loc": { "start": { "line": 2, "column": 9 }, "end": { "line": 2, "column": 77 } },
          "type": "binary-expr",
          "locations": [
            { "start": { "line": 2, "column": 9 }, "end": { "line": 2, "column": 37 } },
            { "start": { "line": 2, "column": 41 }, "end": { "line": 2, "column": 62 } },
            { "start": { "line": 2, "column": 66 }, "end": { "line": 2, "column": 77 } }
          ],
          "line": 2
        }
      },
      "s": { "0": 0, "1": 0 },
      "f": { "0": 0 },
      "b": { "0": [0, 0, 0] },
      "hash": "a49448fe2418a5961a17307bbdd0b1285be1b627"
    },
    "C:\\dev\\atomic-react-components\\lib\\components\\molecules\\ArticleThumbnail\\types\\index.js": {
      "path": "C:\\dev\\atomic-react-components\\lib\\components\\molecules\\ArticleThumbnail\\types\\index.js",
      "statementMap": {},
      "fnMap": {},
      "branchMap": {},
      "s": {},
      "f": {},
      "b": {},
      "hash": "cb6b85c5fc0bdc36f6ab0bcfb8f1fdb63fdc90a6"
    },
    "C:\\dev\\atomic-react-components\\lib\\components\\molecules\\Modal\\index.js": {
      "path": "C:\\dev\\atomic-react-components\\lib\\components\\molecules\\Modal\\index.js",
      "statementMap": {},
      "fnMap": {},
      "branchMap": {},
      "s": {},
      "f": {},
      "b": {},
      "hash": "6d2009022b452e3f109a7570793dbb8460027dd4"
    },
    "C:\\dev\\atomic-react-components\\lib\\components\\atoms\\Icon\\types\\index.js": {
      "path": "C:\\dev\\atomic-react-components\\lib\\components\\atoms\\Icon\\types\\index.js",
      "statementMap": {},
      "fnMap": {},
      "branchMap": {},
      "s": {},
      "f": {},
      "b": {},
      "hash": "d6504e4f1f399fc3b56a6f3602dc5a0c307bb3ed"
    },
    "C:\\dev\\atomic-react-components\\lib\\components\\atoms\\Video\\types\\index.js": {
      "path": "C:\\dev\\atomic-react-components\\lib\\components\\atoms\\Video\\types\\index.js",
      "statementMap": {},
      "fnMap": {},
      "branchMap": {},
      "s": {},
      "f": {},
      "b": {},
      "hash": "fa4fc7b38972ebcae062e2281900d85f33d308ab"
    },
    "C:\\dev\\atomic-react-components\\lib\\components\\molecules\\Blockquote\\types\\index.js": {
      "path": "C:\\dev\\atomic-react-components\\lib\\components\\molecules\\Blockquote\\types\\index.js",
      "statementMap": {},
      "fnMap": {},
      "branchMap": {},
      "s": {},
      "f": {},
      "b": {},
      "hash": "269f989d20e01e446197e85983d6ecc8b67e778c"
    },
    "C:\\dev\\atomic-react-components\\lib\\components\\molecules\\Breadcrumb\\types\\index.js": {
      "path": "C:\\dev\\atomic-react-components\\lib\\components\\molecules\\Breadcrumb\\types\\index.js",
      "statementMap": {},
      "fnMap": {},
      "branchMap": {},
      "s": {},
      "f": {},
      "b": {},
      "hash": "05350572dda04c739d692c98acb0a82cf48cb582"
    },
    "C:\\dev\\atomic-react-components\\lib\\components\\molecules\\CookieDisclaimer\\types\\index.js": {
      "path": "C:\\dev\\atomic-react-components\\lib\\components\\molecules\\CookieDisclaimer\\types\\index.js",
      "statementMap": {},
      "fnMap": {},
      "branchMap": {},
      "s": {},
      "f": {},
      "b": {},
      "hash": "2284ccea9933f89d60f00ae8a5108e5aecf0f4a3"
    },
    "C:\\dev\\atomic-react-components\\lib\\components\\molecules\\Popover\\types\\index.js": {
      "path": "C:\\dev\\atomic-react-components\\lib\\components\\molecules\\Popover\\types\\index.js",
      "statementMap": {},
      "fnMap": {},
      "branchMap": {},
      "s": {},
      "f": {},
      "b": {},
      "hash": "7fab5b01214f3c90190b43e9516df888ffd1cf82"
    },
    "C:\\dev\\atomic-react-components\\lib\\components\\molecules\\Pagination\\types\\index.js": {
      "path": "C:\\dev\\atomic-react-components\\lib\\components\\molecules\\Pagination\\types\\index.js",
      "statementMap": {},
      "fnMap": {},
      "branchMap": {},
      "s": {},
      "f": {},
      "b": {},
      "hash": "634e6aa43d39b724321472391eeed259e233d4bd"
    },
    "C:\\dev\\atomic-react-components\\lib\\components\\molecules\\QuoteMedia\\index.js": {
      "path": "C:\\dev\\atomic-react-components\\lib\\components\\molecules\\QuoteMedia\\index.js",
      "statementMap": {},
      "fnMap": {},
      "branchMap": {},
      "s": {},
      "f": {},
      "b": {},
      "hash": "1eaeaae310762fa9daeea39cd6b5e6202bdb07b3"
    },
    "C:\\dev\\atomic-react-components\\lib\\components\\molecules\\Search\\types\\index.js": {
      "path": "C:\\dev\\atomic-react-components\\lib\\components\\molecules\\Search\\types\\index.js",
      "statementMap": {},
      "fnMap": {},
      "branchMap": {},
      "s": {},
      "f": {},
      "b": {},
      "hash": "0223f06a0cc3702fa24dbf1a4c287b2e407bde13"
    },
    "C:\\dev\\atomic-react-components\\lib\\components\\molecules\\StickyBar\\types\\index.js": {
      "path": "C:\\dev\\atomic-react-components\\lib\\components\\molecules\\StickyBar\\types\\index.js",
      "statementMap": {},
      "fnMap": {},
      "branchMap": {},
      "s": {},
      "f": {},
      "b": {},
      "hash": "8b27362720c03eb7c0fdebc987d4c8aaba1fbc69"
    },
    "C:\\dev\\atomic-react-components\\lib\\components\\molecules\\QuoteMedia\\types\\index.js": {
      "path": "C:\\dev\\atomic-react-components\\lib\\components\\molecules\\QuoteMedia\\types\\index.js",
      "statementMap": {},
      "fnMap": {},
      "branchMap": {},
      "s": {},
      "f": {},
      "b": {},
      "hash": "e8fd6764a0e99e23092a2e5e7cc44d2755e224b4"
    },
    "C:\\dev\\atomic-react-components\\lib\\components\\molecules\\Table\\types\\index.js": {
      "path": "C:\\dev\\atomic-react-components\\lib\\components\\molecules\\Table\\types\\index.js",
      "statementMap": {},
      "fnMap": {},
      "branchMap": {},
      "s": {},
      "f": {},
      "b": {},
      "hash": "8ba2f3b0f76143c234e6606772d1a1e8747d4667"
    },
    "C:\\dev\\atomic-react-components\\lib\\components\\molecules\\Tabs\\types\\index.js": {
      "path": "C:\\dev\\atomic-react-components\\lib\\components\\molecules\\Tabs\\types\\index.js",
      "statementMap": {},
      "fnMap": {},
      "branchMap": {},
      "s": {},
      "f": {},
      "b": {},
      "hash": "86723c84e73f8ae1e9eb53ea8fa807561d138b28"
    },
    "C:\\dev\\atomic-react-components\\lib\\components\\molecules\\CookieDisclaimer\\index.js": {
      "path": "C:\\dev\\atomic-react-components\\lib\\components\\molecules\\CookieDisclaimer\\index.js",
      "statementMap": {},
      "fnMap": {},
      "branchMap": {},
      "s": {},
      "f": {},
      "b": {},
      "hash": "bfd151094a60ea2c2ff7eaa7fedf7cd21e4e3751"
    },
    "C:\\dev\\atomic-react-components\\lib\\components\\molecules\\HeroBanner\\types\\index.js": {
      "path": "C:\\dev\\atomic-react-components\\lib\\components\\molecules\\HeroBanner\\types\\index.js",
      "statementMap": {},
      "fnMap": {},
      "branchMap": {},
      "s": {},
      "f": {},
      "b": {},
      "hash": "39eaea1b136208dad0589601e1c03994fe0f18c6"
    },
    "C:\\dev\\atomic-react-components\\lib\\components\\molecules\\Toast\\types\\index.js": {
      "path": "C:\\dev\\atomic-react-components\\lib\\components\\molecules\\Toast\\types\\index.js",
      "statementMap": {},
      "fnMap": {},
      "branchMap": {},
      "s": {},
      "f": {},
      "b": {},
      "hash": "a42e4fb0ab1bcd130ea4569f045e924aaed70e3a"
    },
    "C:\\dev\\atomic-react-components\\lib\\components\\molecules\\Form\\DragDropInput\\types\\index.js": {
      "path": "C:\\dev\\atomic-react-components\\lib\\components\\molecules\\Form\\DragDropInput\\types\\index.js",
      "statementMap": {},
      "fnMap": {},
      "branchMap": {},
      "s": {},
      "f": {},
      "b": {},
      "hash": "631156d5025ac479046ed207786048d07e3c9960"
    },
    "C:\\dev\\atomic-react-components\\lib\\components\\molecules\\Typeahead\\types\\index.js": {
      "path": "C:\\dev\\atomic-react-components\\lib\\components\\molecules\\Typeahead\\types\\index.js",
      "statementMap": {},
      "fnMap": {},
      "branchMap": {},
      "s": {},
      "f": {},
      "b": {},
      "hash": "55213c9ed5ceef2d16ce482c9d3146b905646994"
    },
    "C:\\dev\\atomic-react-components\\lib\\components\\molecules\\Form\\FieldFileInput\\types\\index.js": {
      "path": "C:\\dev\\atomic-react-components\\lib\\components\\molecules\\Form\\FieldFileInput\\types\\index.js",
      "statementMap": {},
      "fnMap": {},
      "branchMap": {},
      "s": {},
      "f": {},
      "b": {},
      "hash": "54038609635830d41e245d0d8eb94f6c2a5d795f"
    },
    "C:\\dev\\atomic-react-components\\lib\\components\\molecules\\Form\\FieldToggle\\types\\index.js": {
      "path": "C:\\dev\\atomic-react-components\\lib\\components\\molecules\\Form\\FieldToggle\\types\\index.js",
      "statementMap": {},
      "fnMap": {},
      "branchMap": {},
      "s": {},
      "f": {},
      "b": {},
      "hash": "0268e70df528b0862c2450f074cee18f6f9e3d37"
    },
    "C:\\dev\\atomic-react-components\\lib\\components\\atoms\\Tag\\types\\index.js": {
      "path": "C:\\dev\\atomic-react-components\\lib\\components\\atoms\\Tag\\types\\index.js",
      "statementMap": {},
      "fnMap": {},
      "branchMap": {},
      "s": {},
      "f": {},
      "b": {},
      "hash": "e27eaae5d4b64c46547e474322139b9c21a70eb0"
    },
    "C:\\dev\\atomic-react-components\\lib\\components\\atoms\\Track\\types\\index.js": {
      "path": "C:\\dev\\atomic-react-components\\lib\\components\\atoms\\Track\\types\\index.js",
      "statementMap": {},
      "fnMap": {},
      "branchMap": {},
      "s": {},
      "f": {},
      "b": {},
      "hash": "e4701b6a447f0fbd46d5a83f1a41e8f3e373423e"
    },
    "C:\\dev\\atomic-react-components\\lib\\components\\molecules\\Search\\SearchList\\types\\index.js": {
      "path": "C:\\dev\\atomic-react-components\\lib\\components\\molecules\\Search\\SearchList\\types\\index.js",
      "statementMap": {},
      "fnMap": {},
      "branchMap": {},
      "s": {},
      "f": {},
      "b": {},
      "hash": "be7f2ae860baccddbf3c7d417e37a1dda8029e2d"
    }
  }
}
