{
  "numFailedTestSuites": 0,
  "numFailedTests": 0,
  "numPassedTestSuites": 1,
  "numPassedTests": 7,
  "numPendingTestSuites": 0,
  "numPendingTests": 0,
  "numRuntimeErrorTestSuites": 0,
  "numTodoTests": 0,
  "numTotalTestSuites": 1,
  "numTotalTests": 7,
  "openHandles": [],
  "snapshot": {
    "added": 0,
    "didUpdate": false,
    "failure": false,
    "filesAdded": 0,
    "filesRemoved": 0,
    "filesRemovedList": [],
    "filesUnmatched": 0,
    "filesUpdated": 0,
    "matched": 1,
    "total": 1,
    "unchecked": 0,
    "uncheckedKeysByFile": [],
    "unmatched": 0,
    "updated": 0
  },
  "startTime": 1585943017546,
  "success": false,
  "testResults": [
    {
      "assertionResults": [
        {
          "ancestorTitles": ["Test render <StickyHeader /> Component"],
          "failureMessages": [],
          "fullName": "Test render <StickyHeader /> Component should render Header element",
          "location": null,
          "status": "passed",
          "title": "should render Header element"
        },
        {
          "ancestorTitles": ["Test render <StickyHeader /> Component"],
          "failureMessages": [],
          "fullName": "Test render <StickyHeader /> Component should test children prop",
          "location": null,
          "status": "passed",
          "title": "should test children prop"
        },
        {
          "ancestorTitles": ["Test render <StickyHeader /> Component"],
          "failureMessages": [],
          "fullName": "Test render <StickyHeader /> Component Should test component render correctly",
          "location": null,
          "status": "passed",
          "title": "Should test component render correctly"
        },
        {
          "ancestorTitles": ["should test component on window add or remove event"],
          "failureMessages": [],
          "fullName": "should test component on window add or remove event should test component on window addEventListener",
          "location": null,
          "status": "passed",
          "title": "should test component on window addEventListener"
        },
        {
          "ancestorTitles": ["should test component on window add or remove event"],
          "failureMessages": [],
          "fullName": "should test component on window add or remove event should test component on window removeEventListener",
          "location": null,
          "status": "passed",
          "title": "should test component on window removeEventListener"
        },
        {
          "ancestorTitles": ["should test component on window add or remove event"],
          "failureMessages": [],
          "fullName": "should test component on window add or remove event should render tag from props",
          "location": null,
          "status": "passed",
          "title": "should render tag from props"
        },
        {
          "ancestorTitles": ["should test component on window add or remove event"],
          "failureMessages": [],
          "fullName": "should test component on window add or remove event should contain content class",
          "location": null,
          "status": "passed",
          "title": "should contain content class"
        }
      ],
      "endTime": 1585943023275,
      "message": "",
      "name": "C:\\Users\\aaspraka\\Desktop\\Project\\atomic-react-components\\lib\\components\\molecules\\StickyHeader\\tests\\StickyHeader.test.js",
      "startTime": 1585943018387,
      "status": "passed",
      "summary": ""
    }
  ],
  "wasInterrupted": false,
  "coverageMap": {
    "C:\\Users\\aaspraka\\Desktop\\Project\\atomic-react-components\\lib\\components\\molecules\\StickyHeader\\StickyHeader.style.js": {
      "path": "C:\\Users\\aaspraka\\Desktop\\Project\\atomic-react-components\\lib\\components\\molecules\\StickyHeader\\StickyHeader.style.js",
      "statementMap": {
        "0": { "start": { "line": 3, "column": 15 }, "end": { "line": 10, "column": 1 } },
        "1": { "start": { "line": 7, "column": 6 }, "end": { "line": 7, "column": 82 } },
        "2": { "start": { "line": 12, "column": 23 }, "end": { "line": 15, "column": 1 } },
        "3": { "start": { "line": 13, "column": 23 }, "end": { "line": 13, "column": 95 } },
        "4": { "start": { "line": 14, "column": 22 }, "end": { "line": 14, "column": 93 } }
      },
      "fnMap": {
        "0": {
          "name": "(anonymous_0)",
          "decl": { "start": { "line": 6, "column": 11 }, "end": { "line": 6, "column": 12 } },
          "loc": { "start": { "line": 7, "column": 6 }, "end": { "line": 7, "column": 82 } },
          "line": 7
        },
        "1": {
          "name": "(anonymous_1)",
          "decl": { "start": { "line": 13, "column": 12 }, "end": { "line": 13, "column": 13 } },
          "loc": { "start": { "line": 13, "column": 23 }, "end": { "line": 13, "column": 95 } },
          "line": 13
        },
        "2": {
          "name": "(anonymous_2)",
          "decl": { "start": { "line": 14, "column": 11 }, "end": { "line": 14, "column": 12 } },
          "loc": { "start": { "line": 14, "column": 22 }, "end": { "line": 14, "column": 93 } },
          "line": 14
        }
      },
      "branchMap": {
        "0": {
          "loc": { "start": { "line": 7, "column": 6 }, "end": { "line": 7, "column": 82 } },
          "type": "cond-expr",
          "locations": [
            { "start": { "line": 7, "column": 45 }, "end": { "line": 7, "column": 74 } },
            { "start": { "line": 7, "column": 77 }, "end": { "line": 7, "column": 82 } }
          ],
          "line": 7
        },
        "1": {
          "loc": { "start": { "line": 13, "column": 23 }, "end": { "line": 13, "column": 95 } },
          "type": "binary-expr",
          "locations": [
            { "start": { "line": 13, "column": 23 }, "end": { "line": 13, "column": 51 } },
            { "start": { "line": 13, "column": 55 }, "end": { "line": 13, "column": 95 } }
          ],
          "line": 13
        },
        "2": {
          "loc": { "start": { "line": 14, "column": 22 }, "end": { "line": 14, "column": 93 } },
          "type": "binary-expr",
          "locations": [
            { "start": { "line": 14, "column": 22 }, "end": { "line": 14, "column": 50 } },
            { "start": { "line": 14, "column": 54 }, "end": { "line": 14, "column": 93 } }
          ],
          "line": 14
        }
      },
      "s": { "0": 1, "1": 0, "2": 1, "3": 8, "4": 8 },
      "f": { "0": 0, "1": 8, "2": 8 },
      "b": { "0": [0, 0], "1": [8, 2], "2": [8, 2] },
      "_coverageSchema": "1a1c01bbd47fc00a2c39e90264f33305004495a9",
      "hash": "a60bc95f74dc3b3056f25918c35bb1a41a191a5a"
    },
    "C:\\Users\\aaspraka\\Desktop\\Project\\atomic-react-components\\lib\\components\\molecules\\StickyHeader\\StickyHeader.js": {
      "path": "C:\\Users\\aaspraka\\Desktop\\Project\\atomic-react-components\\lib\\components\\molecules\\StickyHeader\\StickyHeader.js",
      "statementMap": {
        "0": { "start": { "line": 10, "column": 21 }, "end": { "line": 35, "column": 1 } },
        "1": { "start": { "line": 11, "column": 14 }, "end": { "line": 11, "column": 17 } },
        "2": { "start": { "line": 12, "column": 32 }, "end": { "line": 12, "column": 47 } },
        "3": { "start": { "line": 13, "column": 21 }, "end": { "line": 13, "column": 33 } },
        "4": { "start": { "line": 15, "column": 2 }, "end": { "line": 20, "column": 5 } },
        "5": { "start": { "line": 16, "column": 4 }, "end": { "line": 16, "column": 96 } },
        "6": { "start": { "line": 16, "column": 44 }, "end": { "line": 16, "column": 94 } },
        "7": { "start": { "line": 17, "column": 4 }, "end": { "line": 19, "column": 6 } },
        "8": { "start": { "line": 18, "column": 6 }, "end": { "line": 18, "column": 54 } },
        "9": { "start": { "line": 22, "column": 2 }, "end": { "line": 34, "column": 4 } },
        "10": { "start": { "line": 37, "column": 49 }, "end": { "line": 39, "column": 1 } }
      },
      "fnMap": {
        "0": {
          "name": "(anonymous_0)",
          "decl": { "start": { "line": 10, "column": 21 }, "end": { "line": 10, "column": 22 } },
          "loc": { "start": { "line": 10, "column": 90 }, "end": { "line": 35, "column": 1 } },
          "line": 10
        },
        "1": {
          "name": "(anonymous_1)",
          "decl": { "start": { "line": 15, "column": 12 }, "end": { "line": 15, "column": 13 } },
          "loc": { "start": { "line": 15, "column": 18 }, "end": { "line": 20, "column": 3 } },
          "line": 15
        },
        "2": {
          "name": "(anonymous_2)",
          "decl": { "start": { "line": 16, "column": 38 }, "end": { "line": 16, "column": 39 } },
          "loc": { "start": { "line": 16, "column": 44 }, "end": { "line": 16, "column": 94 } },
          "line": 16
        },
        "3": {
          "name": "(anonymous_3)",
          "decl": { "start": { "line": 17, "column": 11 }, "end": { "line": 17, "column": 12 } },
          "loc": { "start": { "line": 17, "column": 17 }, "end": { "line": 19, "column": 5 } },
          "line": 17
        }
      },
      "branchMap": {
        "0": {
          "loc": { "start": { "line": 10, "column": 45 }, "end": { "line": 10, "column": 65 } },
          "type": "default-arg",
          "locations": [
            { "start": { "line": 10, "column": 64 }, "end": { "line": 10, "column": 65 } }
          ],
          "line": 10
        },
        "1": {
          "loc": { "start": { "line": 24, "column": 20 }, "end": { "line": 24, "column": 54 } },
          "type": "cond-expr",
          "locations": [
            { "start": { "line": 24, "column": 31 }, "end": { "line": 24, "column": 40 } },
            { "start": { "line": 24, "column": 43 }, "end": { "line": 24, "column": 54 } }
          ],
          "line": 24
        },
        "2": {
          "loc": { "start": { "line": 28, "column": 7 }, "end": { "line": 32, "column": 7 } },
          "type": "cond-expr",
          "locations": [
            { "start": { "line": 29, "column": 8 }, "end": { "line": 29, "column": 49 } },
            { "start": { "line": 31, "column": 8 }, "end": { "line": 31, "column": 55 } }
          ],
          "line": 28
        }
      },
      "s": {
        "0": 1,
        "1": 9,
        "2": 9,
        "3": 9,
        "4": 9,
        "5": 7,
        "6": 2,
        "7": 7,
        "8": 1,
        "9": 9,
        "10": 1
      },
      "f": { "0": 9, "1": 7, "2": 2, "3": 1 },
      "b": { "0": [9], "1": [2, 7], "2": [1, 8] },
      "_coverageSchema": "1a1c01bbd47fc00a2c39e90264f33305004495a9",
      "hash": "ec0fa3dd1419d024c522b822bf5b1e4c6232eee7"
    },
    "C:\\Users\\aaspraka\\Desktop\\Project\\atomic-react-components\\lib\\core\\hooks\\index.js": {
      "path": "C:\\Users\\aaspraka\\Desktop\\Project\\atomic-react-components\\lib\\core\\hooks\\index.js",
      "statementMap": {},
      "fnMap": {},
      "branchMap": {},
      "s": {},
      "f": {},
      "b": {}
    },
    "C:\\Users\\aaspraka\\Desktop\\Project\\atomic-react-components\\lib\\components\\atoms\\Anchor\\Anchor.style.js": {
      "path": "C:\\Users\\aaspraka\\Desktop\\Project\\atomic-react-components\\lib\\components\\atoms\\Anchor\\Anchor.style.js",
      "statementMap": {
        "0": { "start": { "line": 5, "column": 15 }, "end": { "line": 5, "column": 52 } },
        "1": { "start": { "line": 6, "column": 15 }, "end": { "line": 6, "column": 46 } },
        "2": { "start": { "line": 7, "column": 15 }, "end": { "line": 7, "column": 47 } },
        "3": { "start": { "line": 9, "column": 17 }, "end": { "line": 9, "column": 47 } },
        "4": { "start": { "line": 14, "column": 16 }, "end": { "line": 14, "column": 66 } }
      },
      "fnMap": {
        "0": {
          "name": "(anonymous_0)",
          "decl": { "start": { "line": 5, "column": 4 }, "end": { "line": 5, "column": 5 } },
          "loc": { "start": { "line": 5, "column": 15 }, "end": { "line": 5, "column": 52 } },
          "line": 5
        },
        "1": {
          "name": "(anonymous_1)",
          "decl": { "start": { "line": 6, "column": 4 }, "end": { "line": 6, "column": 5 } },
          "loc": { "start": { "line": 6, "column": 15 }, "end": { "line": 6, "column": 46 } },
          "line": 6
        },
        "2": {
          "name": "(anonymous_2)",
          "decl": { "start": { "line": 7, "column": 4 }, "end": { "line": 7, "column": 5 } },
          "loc": { "start": { "line": 7, "column": 15 }, "end": { "line": 7, "column": 47 } },
          "line": 7
        },
        "3": {
          "name": "(anonymous_3)",
          "decl": { "start": { "line": 9, "column": 6 }, "end": { "line": 9, "column": 7 } },
          "loc": { "start": { "line": 9, "column": 17 }, "end": { "line": 9, "column": 47 } },
          "line": 9
        },
        "4": {
          "name": "(anonymous_4)",
          "decl": { "start": { "line": 14, "column": 4 }, "end": { "line": 14, "column": 5 } },
          "loc": { "start": { "line": 14, "column": 16 }, "end": { "line": 14, "column": 66 } },
          "line": 14
        }
      },
      "branchMap": {
        "0": {
          "loc": { "start": { "line": 14, "column": 16 }, "end": { "line": 14, "column": 66 } },
          "type": "cond-expr",
          "locations": [
            { "start": { "line": 14, "column": 40 }, "end": { "line": 14, "column": 61 } },
            { "start": { "line": 14, "column": 64 }, "end": { "line": 14, "column": 66 } }
          ],
          "line": 14
        }
      },
      "s": { "0": 0, "1": 0, "2": 0, "3": 0, "4": 0 },
      "f": { "0": 0, "1": 0, "2": 0, "3": 0, "4": 0 },
      "b": { "0": [0, 0] }
    },
    "C:\\Users\\aaspraka\\Desktop\\Project\\atomic-react-components\\lib\\components\\atoms\\Anchor\\index.js": {
      "path": "C:\\Users\\aaspraka\\Desktop\\Project\\atomic-react-components\\lib\\components\\atoms\\Anchor\\index.js",
      "statementMap": {},
      "fnMap": {},
      "branchMap": {},
      "s": {},
      "f": {},
      "b": {}
    },
    "C:\\Users\\aaspraka\\Desktop\\Project\\atomic-react-components\\lib\\components\\atoms\\Button\\Button.js": {
      "path": "C:\\Users\\aaspraka\\Desktop\\Project\\atomic-react-components\\lib\\components\\atoms\\Button\\Button.js",
      "statementMap": {
        "0": { "start": { "line": 24, "column": 15 }, "end": { "line": 52, "column": 1 } },
        "1": { "start": { "line": 39, "column": 2 }, "end": { "line": 51, "column": 11 } },
        "2": { "start": { "line": 54, "column": 0 }, "end": { "line": 66, "column": 2 } },
        "3": { "start": { "line": 68, "column": 43 }, "end": { "line": 70, "column": 1 } }
      },
      "fnMap": {
        "0": {
          "name": "(anonymous_0)",
          "decl": { "start": { "line": 24, "column": 15 }, "end": { "line": 24, "column": 16 } },
          "loc": { "start": { "line": 39, "column": 2 }, "end": { "line": 51, "column": 11 } },
          "line": 39
        }
      },
      "branchMap": {
        "0": {
          "loc": { "start": { "line": 41, "column": 16 }, "end": { "line": 41, "column": 33 } },
          "type": "binary-expr",
          "locations": [
            { "start": { "line": 41, "column": 16 }, "end": { "line": 41, "column": 25 } },
            { "start": { "line": 41, "column": 29 }, "end": { "line": 41, "column": 33 } }
          ],
          "line": 41
        },
        "1": {
          "loc": { "start": { "line": 46, "column": 6 }, "end": { "line": 46, "column": 88 } },
          "type": "binary-expr",
          "locations": [
            { "start": { "line": 46, "column": 6 }, "end": { "line": 46, "column": 20 } },
            { "start": { "line": 46, "column": 25 }, "end": { "line": 46, "column": 87 } }
          ],
          "line": 46
        },
        "2": {
          "loc": { "start": { "line": 46, "column": 25 }, "end": { "line": 46, "column": 87 } },
          "type": "cond-expr",
          "locations": [
            { "start": { "line": 46, "column": 32 }, "end": { "line": 46, "column": 82 } },
            { "start": { "line": 46, "column": 85 }, "end": { "line": 46, "column": 87 } }
          ],
          "line": 46
        }
      },
      "s": { "0": 0, "1": 0, "2": 0, "3": 0 },
      "f": { "0": 0 },
      "b": { "0": [0, 0], "1": [0, 0], "2": [0, 0] }
    },
    "C:\\Users\\aaspraka\\Desktop\\Project\\atomic-react-components\\lib\\components\\atoms\\Button\\Button.style.js": {
      "path": "C:\\Users\\aaspraka\\Desktop\\Project\\atomic-react-components\\lib\\components\\atoms\\Button\\Button.style.js",
      "statementMap": {
        "0": { "start": { "line": 3, "column": 21 }, "end": { "line": 50, "column": 1 } },
        "1": { "start": { "line": 8, "column": 24 }, "end": { "line": 8, "column": 66 } },
        "2": { "start": { "line": 9, "column": 15 }, "end": { "line": 13, "column": 3 } },
        "3": { "start": { "line": 14, "column": 15 }, "end": { "line": 14, "column": 71 } },
        "4": { "start": { "line": 16, "column": 4 }, "end": { "line": 21, "column": 10 } },
        "5": { "start": { "line": 23, "column": 4 }, "end": { "line": 27, "column": 3 } },
        "6": { "start": { "line": 28, "column": 15 }, "end": { "line": 28, "column": 50 } },
        "7": { "start": { "line": 30, "column": 4 }, "end": { "line": 40, "column": 4 } },
        "8": { "start": { "line": 43, "column": 4 }, "end": { "line": 47, "column": 3 } },
        "9": { "start": { "line": 49, "column": 16 }, "end": { "line": 49, "column": 66 } }
      },
      "fnMap": {
        "0": {
          "name": "(anonymous_0)",
          "decl": { "start": { "line": 8, "column": 12 }, "end": { "line": 8, "column": 13 } },
          "loc": { "start": { "line": 8, "column": 24 }, "end": { "line": 8, "column": 66 } },
          "line": 8
        },
        "1": {
          "name": "(anonymous_1)",
          "decl": { "start": { "line": 9, "column": 4 }, "end": { "line": 9, "column": 5 } },
          "loc": { "start": { "line": 9, "column": 15 }, "end": { "line": 13, "column": 3 } },
          "line": 9
        },
        "2": {
          "name": "(anonymous_2)",
          "decl": { "start": { "line": 14, "column": 4 }, "end": { "line": 14, "column": 5 } },
          "loc": { "start": { "line": 14, "column": 15 }, "end": { "line": 14, "column": 71 } },
          "line": 14
        },
        "3": {
          "name": "(anonymous_3)",
          "decl": { "start": { "line": 15, "column": 4 }, "end": { "line": 15, "column": 5 } },
          "loc": { "start": { "line": 16, "column": 4 }, "end": { "line": 21, "column": 10 } },
          "line": 16
        },
        "4": {
          "name": "(anonymous_4)",
          "decl": { "start": { "line": 22, "column": 4 }, "end": { "line": 22, "column": 5 } },
          "loc": { "start": { "line": 23, "column": 4 }, "end": { "line": 27, "column": 3 } },
          "line": 23
        },
        "5": {
          "name": "(anonymous_5)",
          "decl": { "start": { "line": 28, "column": 4 }, "end": { "line": 28, "column": 5 } },
          "loc": { "start": { "line": 28, "column": 15 }, "end": { "line": 28, "column": 50 } },
          "line": 28
        },
        "6": {
          "name": "(anonymous_6)",
          "decl": { "start": { "line": 29, "column": 4 }, "end": { "line": 29, "column": 5 } },
          "loc": { "start": { "line": 30, "column": 4 }, "end": { "line": 40, "column": 4 } },
          "line": 30
        },
        "7": {
          "name": "(anonymous_7)",
          "decl": { "start": { "line": 42, "column": 4 }, "end": { "line": 42, "column": 5 } },
          "loc": { "start": { "line": 43, "column": 4 }, "end": { "line": 47, "column": 3 } },
          "line": 43
        },
        "8": {
          "name": "(anonymous_8)",
          "decl": { "start": { "line": 49, "column": 4 }, "end": { "line": 49, "column": 5 } },
          "loc": { "start": { "line": 49, "column": 16 }, "end": { "line": 49, "column": 66 } },
          "line": 49
        }
      },
      "branchMap": {
        "0": {
          "loc": { "start": { "line": 8, "column": 24 }, "end": { "line": 8, "column": 66 } },
          "type": "cond-expr",
          "locations": [
            { "start": { "line": 8, "column": 41 }, "end": { "line": 8, "column": 54 } },
            { "start": { "line": 8, "column": 57 }, "end": { "line": 8, "column": 66 } }
          ],
          "line": 8
        },
        "1": {
          "loc": { "start": { "line": 14, "column": 15 }, "end": { "line": 14, "column": 71 } },
          "type": "binary-expr",
          "locations": [
            { "start": { "line": 14, "column": 15 }, "end": { "line": 14, "column": 30 } },
            { "start": { "line": 14, "column": 34 }, "end": { "line": 14, "column": 71 } }
          ],
          "line": 14
        },
        "2": {
          "loc": { "start": { "line": 16, "column": 4 }, "end": { "line": 21, "column": 10 } },
          "type": "cond-expr",
          "locations": [
            { "start": { "line": 17, "column": 8 }, "end": { "line": 20, "column": 3 } },
            { "start": { "line": 21, "column": 8 }, "end": { "line": 21, "column": 10 } }
          ],
          "line": 16
        },
        "3": {
          "loc": { "start": { "line": 23, "column": 4 }, "end": { "line": 27, "column": 3 } },
          "type": "binary-expr",
          "locations": [
            { "start": { "line": 23, "column": 4 }, "end": { "line": 23, "column": 35 } },
            { "start": { "line": 24, "column": 4 }, "end": { "line": 27, "column": 3 } }
          ],
          "line": 23
        },
        "4": {
          "loc": { "start": { "line": 28, "column": 15 }, "end": { "line": 28, "column": 50 } },
          "type": "binary-expr",
          "locations": [
            { "start": { "line": 28, "column": 15 }, "end": { "line": 28, "column": 30 } },
            { "start": { "line": 28, "column": 34 }, "end": { "line": 28, "column": 50 } }
          ],
          "line": 28
        },
        "5": {
          "loc": { "start": { "line": 30, "column": 4 }, "end": { "line": 40, "column": 4 } },
          "type": "binary-expr",
          "locations": [
            { "start": { "line": 30, "column": 4 }, "end": { "line": 30, "column": 33 } },
            { "start": { "line": 31, "column": 4 }, "end": { "line": 40, "column": 4 } }
          ],
          "line": 30
        },
        "6": {
          "loc": { "start": { "line": 43, "column": 4 }, "end": { "line": 47, "column": 3 } },
          "type": "binary-expr",
          "locations": [
            { "start": { "line": 43, "column": 4 }, "end": { "line": 43, "column": 21 } },
            { "start": { "line": 44, "column": 4 }, "end": { "line": 47, "column": 3 } }
          ],
          "line": 43
        },
        "7": {
          "loc": { "start": { "line": 49, "column": 16 }, "end": { "line": 49, "column": 66 } },
          "type": "cond-expr",
          "locations": [
            { "start": { "line": 49, "column": 40 }, "end": { "line": 49, "column": 61 } },
            { "start": { "line": 49, "column": 64 }, "end": { "line": 49, "column": 66 } }
          ],
          "line": 49
        }
      },
      "s": { "0": 0, "1": 0, "2": 0, "3": 0, "4": 0, "5": 0, "6": 0, "7": 0, "8": 0, "9": 0 },
      "f": { "0": 0, "1": 0, "2": 0, "3": 0, "4": 0, "5": 0, "6": 0, "7": 0, "8": 0 },
      "b": {
        "0": [0, 0],
        "1": [0, 0],
        "2": [0, 0],
        "3": [0, 0],
        "4": [0, 0],
        "5": [0, 0],
        "6": [0, 0],
        "7": [0, 0]
      }
    },
    "C:\\Users\\aaspraka\\Desktop\\Project\\atomic-react-components\\lib\\components\\atoms\\Button\\index.js": {
      "path": "C:\\Users\\aaspraka\\Desktop\\Project\\atomic-react-components\\lib\\components\\atoms\\Button\\index.js",
      "statementMap": {},
      "fnMap": {},
      "branchMap": {},
      "s": {},
      "f": {},
      "b": {}
    },
    "C:\\Users\\aaspraka\\Desktop\\Project\\atomic-react-components\\lib\\core\\utils\\buildValidationSchema.js": {
      "path": "C:\\Users\\aaspraka\\Desktop\\Project\\atomic-react-components\\lib\\core\\utils\\buildValidationSchema.js",
      "statementMap": {
        "0": { "start": { "line": 38, "column": 27 }, "end": { "line": 51, "column": 1 } },
        "1": { "start": { "line": 39, "column": 15 }, "end": { "line": 39, "column": 26 } },
        "2": { "start": { "line": 40, "column": 25 }, "end": { "line": 40, "column": 42 } },
        "3": { "start": { "line": 43, "column": 2 }, "end": { "line": 48, "column": 5 } },
        "4": { "start": { "line": 45, "column": 6 }, "end": { "line": 45, "column": 84 } },
        "5": { "start": { "line": 47, "column": 4 }, "end": { "line": 47, "column": 49 } },
        "6": { "start": { "line": 50, "column": 2 }, "end": { "line": 50, "column": 16 } },
        "7": { "start": { "line": 57, "column": 27 }, "end": { "line": 72, "column": 1 } },
        "8": { "start": { "line": 58, "column": 17 }, "end": { "line": 58, "column": 19 } },
        "9": { "start": { "line": 59, "column": 2 }, "end": { "line": 71, "column": 3 } },
        "10": { "start": { "line": 61, "column": 25 }, "end": { "line": 61, "column": 47 } },
        "11": { "start": { "line": 63, "column": 4 }, "end": { "line": 66, "column": 7 } },
        "12": { "start": { "line": 64, "column": 20 }, "end": { "line": 64, "column": 40 } },
        "13": { "start": { "line": 65, "column": 6 }, "end": { "line": 65, "column": 52 } },
        "14": { "start": { "line": 68, "column": 4 }, "end": { "line": 68, "column": 38 } },
        "15": { "start": { "line": 70, "column": 4 }, "end": { "line": 70, "column": 18 } }
      },
      "fnMap": {
        "0": {
          "name": "(anonymous_0)",
          "decl": { "start": { "line": 38, "column": 27 }, "end": { "line": 38, "column": 28 } },
          "loc": { "start": { "line": 38, "column": 61 }, "end": { "line": 51, "column": 1 } },
          "line": 38
        },
        "1": {
          "name": "(anonymous_1)",
          "decl": { "start": { "line": 43, "column": 25 }, "end": { "line": 43, "column": 26 } },
          "loc": { "start": { "line": 43, "column": 40 }, "end": { "line": 48, "column": 3 } },
          "line": 43
        },
        "2": {
          "name": "(anonymous_2)",
          "decl": { "start": { "line": 57, "column": 27 }, "end": { "line": 57, "column": 28 } },
          "loc": { "start": { "line": 57, "column": 42 }, "end": { "line": 72, "column": 1 } },
          "line": 57
        },
        "3": {
          "name": "(anonymous_3)",
          "decl": { "start": { "line": 63, "column": 25 }, "end": { "line": 63, "column": 26 } },
          "loc": { "start": { "line": 63, "column": 40 }, "end": { "line": 66, "column": 5 } },
          "line": 63
        }
      },
      "branchMap": {
        "0": {
          "loc": { "start": { "line": 38, "column": 30 }, "end": { "line": 38, "column": 45 } },
          "type": "default-arg",
          "locations": [
            { "start": { "line": 38, "column": 37 }, "end": { "line": 38, "column": 45 } }
          ],
          "line": 38
        },
        "1": {
          "loc": { "start": { "line": 45, "column": 6 }, "end": { "line": 45, "column": 84 } },
          "type": "cond-expr",
          "locations": [
            { "start": { "line": 45, "column": 44 }, "end": { "line": 45, "column": 66 } },
            { "start": { "line": 45, "column": 69 }, "end": { "line": 45, "column": 84 } }
          ],
          "line": 45
        }
      },
      "s": {
        "0": 0,
        "1": 0,
        "2": 0,
        "3": 0,
        "4": 0,
        "5": 0,
        "6": 0,
        "7": 0,
        "8": 0,
        "9": 0,
        "10": 0,
        "11": 0,
        "12": 0,
        "13": 0,
        "14": 0,
        "15": 0
      },
      "f": { "0": 0, "1": 0, "2": 0, "3": 0 },
      "b": { "0": [0], "1": [0, 0] }
    },
    "C:\\Users\\aaspraka\\Desktop\\Project\\atomic-react-components\\lib\\components\\atoms\\FieldError\\FieldError.js": {
      "path": "C:\\Users\\aaspraka\\Desktop\\Project\\atomic-react-components\\lib\\components\\atoms\\FieldError\\FieldError.js",
      "statementMap": {
        "0": { "start": { "line": 17, "column": 19 }, "end": { "line": 37, "column": 1 } },
        "1": { "start": { "line": 25, "column": 2 }, "end": { "line": 36, "column": 4 } },
        "2": { "start": { "line": 39, "column": 0 }, "end": { "line": 44, "column": 2 } },
        "3": { "start": { "line": 46, "column": 47 }, "end": { "line": 48, "column": 1 } }
      },
      "fnMap": {
        "0": {
          "name": "(anonymous_0)",
          "decl": { "start": { "line": 17, "column": 19 }, "end": { "line": 17, "column": 20 } },
          "loc": { "start": { "line": 24, "column": 19 }, "end": { "line": 37, "column": 1 } },
          "line": 24
        }
      },
      "branchMap": {
        "0": {
          "loc": { "start": { "line": 31, "column": 20 }, "end": { "line": 31, "column": 59 } },
          "type": "cond-expr",
          "locations": [
            { "start": { "line": 31, "column": 33 }, "end": { "line": 31, "column": 54 } },
            { "start": { "line": 31, "column": 57 }, "end": { "line": 31, "column": 59 } }
          ],
          "line": 31
        },
        "1": {
          "loc": { "start": { "line": 32, "column": 20 }, "end": { "line": 32, "column": 85 } },
          "type": "binary-expr",
          "locations": [
            { "start": { "line": 32, "column": 20 }, "end": { "line": 32, "column": 34 } },
            { "start": { "line": 32, "column": 38 }, "end": { "line": 32, "column": 85 } }
          ],
          "line": 32
        }
      },
      "s": { "0": 0, "1": 0, "2": 0, "3": 0 },
      "f": { "0": 0 },
      "b": { "0": [0, 0], "1": [0, 0] }
    },
    "C:\\Users\\aaspraka\\Desktop\\Project\\atomic-react-components\\lib\\components\\atoms\\FieldError\\index.js": {
      "path": "C:\\Users\\aaspraka\\Desktop\\Project\\atomic-react-components\\lib\\components\\atoms\\FieldError\\index.js",
      "statementMap": {},
      "fnMap": {},
      "branchMap": {},
      "s": {},
      "f": {},
      "b": {}
    },
    "C:\\Users\\aaspraka\\Desktop\\Project\\atomic-react-components\\lib\\components\\atoms\\Heading\\Heading.js": {
      "path": "C:\\Users\\aaspraka\\Desktop\\Project\\atomic-react-components\\lib\\components\\atoms\\Heading\\Heading.js",
      "statementMap": {
        "0": { "start": { "line": 17, "column": 16 }, "end": { "line": 32, "column": 1 } },
        "1": { "start": { "line": 25, "column": 2 }, "end": { "line": 31, "column": 16 } },
        "2": { "start": { "line": 34, "column": 0 }, "end": { "line": 38, "column": 2 } },
        "3": { "start": { "line": 40, "column": 44 }, "end": { "line": 42, "column": 1 } }
      },
      "fnMap": {
        "0": {
          "name": "(anonymous_0)",
          "decl": { "start": { "line": 17, "column": 16 }, "end": { "line": 17, "column": 17 } },
          "loc": { "start": { "line": 25, "column": 2 }, "end": { "line": 31, "column": 16 } },
          "line": 25
        }
      },
      "branchMap": {
        "0": {
          "loc": { "start": { "line": 20, "column": 2 }, "end": { "line": 20, "column": 20 } },
          "type": "default-arg",
          "locations": [
            { "start": { "line": 20, "column": 16 }, "end": { "line": 20, "column": 20 } }
          ],
          "line": 20
        },
        "1": {
          "loc": { "start": { "line": 28, "column": 18 }, "end": { "line": 28, "column": 94 } },
          "type": "binary-expr",
          "locations": [
            { "start": { "line": 28, "column": 18 }, "end": { "line": 28, "column": 32 } },
            { "start": { "line": 28, "column": 36 }, "end": { "line": 28, "column": 94 } }
          ],
          "line": 28
        }
      },
      "s": { "0": 0, "1": 0, "2": 0, "3": 0 },
      "f": { "0": 0 },
      "b": { "0": [0], "1": [0, 0] }
    },
    "C:\\Users\\aaspraka\\Desktop\\Project\\atomic-react-components\\lib\\components\\atoms\\FieldError\\FieldError.style.js": {
      "path": "C:\\Users\\aaspraka\\Desktop\\Project\\atomic-react-components\\lib\\components\\atoms\\FieldError\\FieldError.style.js",
      "statementMap": {
        "0": { "start": { "line": 3, "column": 15 }, "end": { "line": 10, "column": 1 } },
        "1": { "start": { "line": 4, "column": 15 }, "end": { "line": 4, "column": 48 } },
        "2": { "start": { "line": 5, "column": 15 }, "end": { "line": 5, "column": 44 } },
        "3": { "start": { "line": 9, "column": 16 }, "end": { "line": 9, "column": 66 } }
      },
      "fnMap": {
        "0": {
          "name": "(anonymous_0)",
          "decl": { "start": { "line": 4, "column": 4 }, "end": { "line": 4, "column": 5 } },
          "loc": { "start": { "line": 4, "column": 15 }, "end": { "line": 4, "column": 48 } },
          "line": 4
        },
        "1": {
          "name": "(anonymous_1)",
          "decl": { "start": { "line": 5, "column": 4 }, "end": { "line": 5, "column": 5 } },
          "loc": { "start": { "line": 5, "column": 15 }, "end": { "line": 5, "column": 44 } },
          "line": 5
        },
        "2": {
          "name": "(anonymous_2)",
          "decl": { "start": { "line": 9, "column": 4 }, "end": { "line": 9, "column": 5 } },
          "loc": { "start": { "line": 9, "column": 16 }, "end": { "line": 9, "column": 66 } },
          "line": 9
        }
      },
      "branchMap": {
        "0": {
          "loc": { "start": { "line": 9, "column": 16 }, "end": { "line": 9, "column": 66 } },
          "type": "cond-expr",
          "locations": [
            { "start": { "line": 9, "column": 40 }, "end": { "line": 9, "column": 61 } },
            { "start": { "line": 9, "column": 64 }, "end": { "line": 9, "column": 66 } }
          ],
          "line": 9
        }
      },
      "s": { "0": 0, "1": 0, "2": 0, "3": 0 },
      "f": { "0": 0, "1": 0, "2": 0 },
      "b": { "0": [0, 0] }
    },
    "C:\\Users\\aaspraka\\Desktop\\Project\\atomic-react-components\\lib\\components\\atoms\\Heading\\Heading.style.js": {
      "path": "C:\\Users\\aaspraka\\Desktop\\Project\\atomic-react-components\\lib\\components\\atoms\\Heading\\Heading.style.js",
      "statementMap": {
        "0": { "start": { "line": 5, "column": 4 }, "end": { "line": 16, "column": 5 } },
        "1": { "start": { "line": 7, "column": 8 }, "end": { "line": 7, "column": 46 } },
        "2": { "start": { "line": 9, "column": 8 }, "end": { "line": 9, "column": 46 } },
        "3": { "start": { "line": 11, "column": 8 }, "end": { "line": 11, "column": 46 } },
        "4": { "start": { "line": 13, "column": 8 }, "end": { "line": 13, "column": 46 } },
        "5": { "start": { "line": 15, "column": 8 }, "end": { "line": 15, "column": 51 } },
        "6": { "start": { "line": 18, "column": 16 }, "end": { "line": 18, "column": 66 } }
      },
      "fnMap": {
        "0": {
          "name": "(anonymous_0)",
          "decl": { "start": { "line": 4, "column": 4 }, "end": { "line": 4, "column": 5 } },
          "loc": { "start": { "line": 4, "column": 15 }, "end": { "line": 17, "column": 3 } },
          "line": 4
        },
        "1": {
          "name": "(anonymous_1)",
          "decl": { "start": { "line": 18, "column": 4 }, "end": { "line": 18, "column": 5 } },
          "loc": { "start": { "line": 18, "column": 16 }, "end": { "line": 18, "column": 66 } },
          "line": 18
        }
      },
      "branchMap": {
        "0": {
          "loc": { "start": { "line": 5, "column": 4 }, "end": { "line": 16, "column": 5 } },
          "type": "switch",
          "locations": [
            { "start": { "line": 6, "column": 6 }, "end": { "line": 7, "column": 46 } },
            { "start": { "line": 8, "column": 6 }, "end": { "line": 9, "column": 46 } },
            { "start": { "line": 10, "column": 6 }, "end": { "line": 11, "column": 46 } },
            { "start": { "line": 12, "column": 6 }, "end": { "line": 13, "column": 46 } },
            { "start": { "line": 14, "column": 6 }, "end": { "line": 15, "column": 51 } }
          ],
          "line": 5
        },
        "1": {
          "loc": { "start": { "line": 18, "column": 16 }, "end": { "line": 18, "column": 66 } },
          "type": "cond-expr",
          "locations": [
            { "start": { "line": 18, "column": 40 }, "end": { "line": 18, "column": 61 } },
            { "start": { "line": 18, "column": 64 }, "end": { "line": 18, "column": 66 } }
          ],
          "line": 18
        }
      },
      "s": { "0": 0, "1": 0, "2": 0, "3": 0, "4": 0, "5": 0, "6": 0 },
      "f": { "0": 0, "1": 0 },
      "b": { "0": [0, 0, 0, 0, 0], "1": [0, 0] }
    },
    "C:\\Users\\aaspraka\\Desktop\\Project\\atomic-react-components\\lib\\components\\atoms\\Heading\\index.js": {
      "path": "C:\\Users\\aaspraka\\Desktop\\Project\\atomic-react-components\\lib\\components\\atoms\\Heading\\index.js",
      "statementMap": {},
      "fnMap": {},
      "branchMap": {},
      "s": {},
      "f": {},
      "b": {}
    },
    "C:\\Users\\aaspraka\\Desktop\\Project\\atomic-react-components\\lib\\components\\atoms\\Icon\\Icon.js": {
      "path": "C:\\Users\\aaspraka\\Desktop\\Project\\atomic-react-components\\lib\\components\\atoms\\Icon\\Icon.js",
      "statementMap": {
        "0": { "start": { "line": 15, "column": 13 }, "end": { "line": 21, "column": 1 } },
        "1": { "start": { "line": 16, "column": 2 }, "end": { "line": 20, "column": 4 } },
        "2": { "start": { "line": 23, "column": 41 }, "end": { "line": 25, "column": 1 } }
      },
      "fnMap": {
        "0": {
          "name": "(anonymous_0)",
          "decl": { "start": { "line": 15, "column": 13 }, "end": { "line": 15, "column": 14 } },
          "loc": { "start": { "line": 15, "column": 63 }, "end": { "line": 21, "column": 1 } },
          "line": 15
        }
      },
      "branchMap": {},
      "s": { "0": 0, "1": 0, "2": 0 },
      "f": { "0": 0 },
      "b": {}
    },
    "C:\\Users\\aaspraka\\Desktop\\Project\\atomic-react-components\\lib\\components\\atoms\\Icon\\index.js": {
      "path": "C:\\Users\\aaspraka\\Desktop\\Project\\atomic-react-components\\lib\\components\\atoms\\Icon\\index.js",
      "statementMap": {},
      "fnMap": {},
      "branchMap": {},
      "s": {},
      "f": {},
      "b": {}
    },
    "C:\\Users\\aaspraka\\Desktop\\Project\\atomic-react-components\\lib\\components\\atoms\\Input\\index.js": {
      "path": "C:\\Users\\aaspraka\\Desktop\\Project\\atomic-react-components\\lib\\components\\atoms\\Input\\index.js",
      "statementMap": {},
      "fnMap": {},
      "branchMap": {},
      "s": {},
      "f": {},
      "b": {}
    },
    "C:\\Users\\aaspraka\\Desktop\\Project\\atomic-react-components\\lib\\components\\atoms\\Icon\\Icon.style.js": {
      "path": "C:\\Users\\aaspraka\\Desktop\\Project\\atomic-react-components\\lib\\components\\atoms\\Icon\\Icon.style.js",
      "statementMap": {
        "0": { "start": { "line": 9, "column": 41 }, "end": { "line": 9, "column": 68 } },
        "1": { "start": { "line": 13, "column": 25 }, "end": { "line": 13, "column": 59 } },
        "2": { "start": { "line": 14, "column": 26 }, "end": { "line": 14, "column": 62 } },
        "3": { "start": { "line": 17, "column": 16 }, "end": { "line": 17, "column": 66 } }
      },
      "fnMap": {
        "0": {
          "name": "(anonymous_0)",
          "decl": { "start": { "line": 9, "column": 30 }, "end": { "line": 9, "column": 31 } },
          "loc": { "start": { "line": 9, "column": 41 }, "end": { "line": 9, "column": 68 } },
          "line": 9
        },
        "1": {
          "name": "(anonymous_1)",
          "decl": { "start": { "line": 13, "column": 13 }, "end": { "line": 13, "column": 14 } },
          "loc": { "start": { "line": 13, "column": 25 }, "end": { "line": 13, "column": 59 } },
          "line": 13
        },
        "2": {
          "name": "(anonymous_2)",
          "decl": { "start": { "line": 14, "column": 14 }, "end": { "line": 14, "column": 15 } },
          "loc": { "start": { "line": 14, "column": 26 }, "end": { "line": 14, "column": 62 } },
          "line": 14
        },
        "3": {
          "name": "(anonymous_3)",
          "decl": { "start": { "line": 17, "column": 4 }, "end": { "line": 17, "column": 5 } },
          "loc": { "start": { "line": 17, "column": 16 }, "end": { "line": 17, "column": 66 } },
          "line": 17
        }
      },
      "branchMap": {
        "0": {
          "loc": { "start": { "line": 13, "column": 25 }, "end": { "line": 13, "column": 59 } },
          "type": "cond-expr",
          "locations": [
            { "start": { "line": 13, "column": 39 }, "end": { "line": 13, "column": 50 } },
            { "start": { "line": 13, "column": 53 }, "end": { "line": 13, "column": 59 } }
          ],
          "line": 13
        },
        "1": {
          "loc": { "start": { "line": 14, "column": 26 }, "end": { "line": 14, "column": 62 } },
          "type": "cond-expr",
          "locations": [
            { "start": { "line": 14, "column": 41 }, "end": { "line": 14, "column": 53 } },
            { "start": { "line": 14, "column": 56 }, "end": { "line": 14, "column": 62 } }
          ],
          "line": 14
        },
        "2": {
          "loc": { "start": { "line": 17, "column": 16 }, "end": { "line": 17, "column": 66 } },
          "type": "cond-expr",
          "locations": [
            { "start": { "line": 17, "column": 40 }, "end": { "line": 17, "column": 61 } },
            { "start": { "line": 17, "column": 64 }, "end": { "line": 17, "column": 66 } }
          ],
          "line": 17
        }
      },
      "s": { "0": 0, "1": 0, "2": 0, "3": 0 },
      "f": { "0": 0, "1": 0, "2": 0, "3": 0 },
      "b": { "0": [0, 0], "1": [0, 0], "2": [0, 0] }
    },
    "C:\\Users\\aaspraka\\Desktop\\Project\\atomic-react-components\\lib\\components\\atoms\\Input\\Input.style.js": {
      "path": "C:\\Users\\aaspraka\\Desktop\\Project\\atomic-react-components\\lib\\components\\atoms\\Input\\Input.style.js",
      "statementMap": {
        "0": { "start": { "line": 3, "column": 15 }, "end": { "line": 20, "column": 1 } },
        "1": { "start": { "line": 4, "column": 15 }, "end": { "line": 9, "column": 3 } },
        "2": { "start": { "line": 12, "column": 4 }, "end": { "line": 17, "column": 10 } },
        "3": { "start": { "line": 19, "column": 16 }, "end": { "line": 19, "column": 66 } }
      },
      "fnMap": {
        "0": {
          "name": "(anonymous_0)",
          "decl": { "start": { "line": 4, "column": 4 }, "end": { "line": 4, "column": 5 } },
          "loc": { "start": { "line": 4, "column": 15 }, "end": { "line": 9, "column": 3 } },
          "line": 4
        },
        "1": {
          "name": "(anonymous_1)",
          "decl": { "start": { "line": 11, "column": 4 }, "end": { "line": 11, "column": 5 } },
          "loc": { "start": { "line": 12, "column": 4 }, "end": { "line": 17, "column": 10 } },
          "line": 12
        },
        "2": {
          "name": "(anonymous_2)",
          "decl": { "start": { "line": 19, "column": 4 }, "end": { "line": 19, "column": 5 } },
          "loc": { "start": { "line": 19, "column": 16 }, "end": { "line": 19, "column": 66 } },
          "line": 19
        }
      },
      "branchMap": {
        "0": {
          "loc": { "start": { "line": 12, "column": 4 }, "end": { "line": 17, "column": 10 } },
          "type": "cond-expr",
          "locations": [
            { "start": { "line": 13, "column": 8 }, "end": { "line": 16, "column": 5 } },
            { "start": { "line": 17, "column": 8 }, "end": { "line": 17, "column": 10 } }
          ],
          "line": 12
        },
        "1": {
          "loc": { "start": { "line": 19, "column": 16 }, "end": { "line": 19, "column": 66 } },
          "type": "cond-expr",
          "locations": [
            { "start": { "line": 19, "column": 40 }, "end": { "line": 19, "column": 61 } },
            { "start": { "line": 19, "column": 64 }, "end": { "line": 19, "column": 66 } }
          ],
          "line": 19
        }
      },
      "s": { "0": 0, "1": 0, "2": 0, "3": 0 },
      "f": { "0": 0, "1": 0, "2": 0 },
      "b": { "0": [0, 0], "1": [0, 0] }
    },
    "C:\\Users\\aaspraka\\Desktop\\Project\\atomic-react-components\\lib\\components\\atoms\\Input\\Input.js": {
      "path": "C:\\Users\\aaspraka\\Desktop\\Project\\atomic-react-components\\lib\\components\\atoms\\Input\\Input.js",
      "statementMap": {
        "0": { "start": { "line": 19, "column": 14 }, "end": { "line": 37, "column": 1 } },
        "1": { "start": { "line": 24, "column": 4 }, "end": { "line": 35, "column": 6 } },
        "2": { "start": { "line": 40, "column": 0 }, "end": { "line": 48, "column": 2 } },
        "3": { "start": { "line": 50, "column": 42 }, "end": { "line": 52, "column": 1 } }
      },
      "fnMap": {
        "0": {
          "name": "(anonymous_0)",
          "decl": { "start": { "line": 20, "column": 2 }, "end": { "line": 20, "column": 3 } },
          "loc": { "start": { "line": 24, "column": 4 }, "end": { "line": 35, "column": 6 } },
          "line": 24
        }
      },
      "branchMap": {
        "0": {
          "loc": { "start": { "line": 32, "column": 13 }, "end": { "line": 32, "column": 48 } },
          "type": "cond-expr",
          "locations": [
            { "start": { "line": 32, "column": 31 }, "end": { "line": 32, "column": 36 } },
            { "start": { "line": 32, "column": 39 }, "end": { "line": 32, "column": 48 } }
          ],
          "line": 32
        },
        "1": {
          "loc": { "start": { "line": 34, "column": 20 }, "end": { "line": 34, "column": 75 } },
          "type": "binary-expr",
          "locations": [
            { "start": { "line": 34, "column": 20 }, "end": { "line": 34, "column": 34 } },
            { "start": { "line": 34, "column": 39 }, "end": { "line": 34, "column": 74 } }
          ],
          "line": 34
        },
        "2": {
          "loc": { "start": { "line": 34, "column": 39 }, "end": { "line": 34, "column": 74 } },
          "type": "cond-expr",
          "locations": [
            { "start": { "line": 34, "column": 46 }, "end": { "line": 34, "column": 69 } },
            { "start": { "line": 34, "column": 72 }, "end": { "line": 34, "column": 74 } }
          ],
          "line": 34
        }
      },
      "s": { "0": 0, "1": 0, "2": 0, "3": 0 },
      "f": { "0": 0 },
      "b": { "0": [0, 0], "1": [0, 0], "2": [0, 0] }
    },
    "C:\\Users\\aaspraka\\Desktop\\Project\\atomic-react-components\\lib\\components\\atoms\\Image\\Image.js": {
      "path": "C:\\Users\\aaspraka\\Desktop\\Project\\atomic-react-components\\lib\\components\\atoms\\Image\\Image.js",
      "statementMap": {
        "0": { "start": { "line": 22, "column": 14 }, "end": { "line": 54, "column": 1 } },
        "1": { "start": { "line": 35, "column": 2 }, "end": { "line": 53, "column": 4 } },
        "2": { "start": { "line": 49, "column": 12 }, "end": { "line": 49, "column": 46 } },
        "3": { "start": { "line": 56, "column": 0 }, "end": { "line": 63, "column": 2 } },
        "4": { "start": { "line": 65, "column": 42 }, "end": { "line": 67, "column": 1 } }
      },
      "fnMap": {
        "0": {
          "name": "(anonymous_0)",
          "decl": { "start": { "line": 22, "column": 14 }, "end": { "line": 22, "column": 15 } },
          "loc": { "start": { "line": 35, "column": 2 }, "end": { "line": 53, "column": 4 } },
          "line": 35
        },
        "1": {
          "name": "(anonymous_1)",
          "decl": { "start": { "line": 47, "column": 10 }, "end": { "line": 47, "column": 11 } },
          "loc": { "start": { "line": 47, "column": 21 }, "end": { "line": 50, "column": 11 } },
          "line": 47
        }
      },
      "branchMap": {
        "0": {
          "loc": { "start": { "line": 39, "column": 12 }, "end": { "line": 39, "column": 26 } },
          "type": "binary-expr",
          "locations": [
            { "start": { "line": 39, "column": 12 }, "end": { "line": 39, "column": 18 } },
            { "start": { "line": 39, "column": 22 }, "end": { "line": 39, "column": 26 } }
          ],
          "line": 39
        },
        "1": {
          "loc": { "start": { "line": 40, "column": 11 }, "end": { "line": 40, "column": 24 } },
          "type": "binary-expr",
          "locations": [
            { "start": { "line": 40, "column": 11 }, "end": { "line": 40, "column": 16 } },
            { "start": { "line": 40, "column": 20 }, "end": { "line": 40, "column": 24 } }
          ],
          "line": 40
        },
        "2": {
          "loc": { "start": { "line": 44, "column": 18 }, "end": { "line": 44, "column": 72 } },
          "type": "binary-expr",
          "locations": [
            { "start": { "line": 44, "column": 18 }, "end": { "line": 44, "column": 32 } },
            { "start": { "line": 44, "column": 36 }, "end": { "line": 44, "column": 72 } }
          ],
          "line": 44
        },
        "3": {
          "loc": { "start": { "line": 46, "column": 6 }, "end": { "line": 51, "column": 14 } },
          "type": "cond-expr",
          "locations": [
            { "start": { "line": 47, "column": 10 }, "end": { "line": 50, "column": 11 } },
            { "start": { "line": 51, "column": 10 }, "end": { "line": 51, "column": 14 } }
          ],
          "line": 46
        }
      },
      "s": { "0": 0, "1": 0, "2": 0, "3": 0, "4": 0 },
      "f": { "0": 0, "1": 0 },
      "b": { "0": [0, 0], "1": [0, 0], "2": [0, 0], "3": [0, 0] }
    },
    "C:\\Users\\aaspraka\\Desktop\\Project\\atomic-react-components\\lib\\core\\utils\\getDisplayName.js": {
      "path": "C:\\Users\\aaspraka\\Desktop\\Project\\atomic-react-components\\lib\\core\\utils\\getDisplayName.js",
      "statementMap": {
        "0": { "start": { "line": 1, "column": 30 }, "end": { "line": 3, "column": 1 } },
        "1": { "start": { "line": 2, "column": 2 }, "end": { "line": 2, "column": 78 } }
      },
      "fnMap": {
        "0": {
          "name": "(anonymous_0)",
          "decl": { "start": { "line": 1, "column": 30 }, "end": { "line": 1, "column": 31 } },
          "loc": { "start": { "line": 1, "column": 52 }, "end": { "line": 3, "column": 1 } },
          "line": 1
        }
      },
      "branchMap": {
        "0": {
          "loc": { "start": { "line": 2, "column": 9 }, "end": { "line": 2, "column": 77 } },
          "type": "binary-expr",
          "locations": [
            { "start": { "line": 2, "column": 9 }, "end": { "line": 2, "column": 37 } },
            { "start": { "line": 2, "column": 41 }, "end": { "line": 2, "column": 62 } },
            { "start": { "line": 2, "column": 66 }, "end": { "line": 2, "column": 77 } }
          ],
          "line": 2
        }
      },
      "s": { "0": 0, "1": 0 },
      "f": { "0": 0 },
      "b": { "0": [0, 0, 0] }
    },
    "C:\\Users\\aaspraka\\Desktop\\Project\\atomic-react-components\\lib\\components\\atoms\\Label\\index.js": {
      "path": "C:\\Users\\aaspraka\\Desktop\\Project\\atomic-react-components\\lib\\components\\atoms\\Label\\index.js",
      "statementMap": {},
      "fnMap": {},
      "branchMap": {},
      "s": {},
      "f": {},
      "b": {}
    },
    "C:\\Users\\aaspraka\\Desktop\\Project\\atomic-react-components\\lib\\components\\atoms\\Image\\Image.style.js": {
      "path": "C:\\Users\\aaspraka\\Desktop\\Project\\atomic-react-components\\lib\\components\\atoms\\Image\\Image.style.js",
      "statementMap": {
        "0": { "start": { "line": 3, "column": 20 }, "end": { "line": 7, "column": 1 } },
        "1": { "start": { "line": 6, "column": 16 }, "end": { "line": 6, "column": 66 } }
      },
      "fnMap": {
        "0": {
          "name": "(anonymous_0)",
          "decl": { "start": { "line": 6, "column": 4 }, "end": { "line": 6, "column": 5 } },
          "loc": { "start": { "line": 6, "column": 16 }, "end": { "line": 6, "column": 66 } },
          "line": 6
        }
      },
      "branchMap": {
        "0": {
          "loc": { "start": { "line": 6, "column": 16 }, "end": { "line": 6, "column": 66 } },
          "type": "cond-expr",
          "locations": [
            { "start": { "line": 6, "column": 40 }, "end": { "line": 6, "column": 61 } },
            { "start": { "line": 6, "column": 64 }, "end": { "line": 6, "column": 66 } }
          ],
          "line": 6
        }
      },
      "s": { "0": 0, "1": 0 },
      "f": { "0": 0 },
      "b": { "0": [0, 0] }
    },
    "C:\\Users\\aaspraka\\Desktop\\Project\\atomic-react-components\\lib\\components\\atoms\\Label\\Label.js": {
      "path": "C:\\Users\\aaspraka\\Desktop\\Project\\atomic-react-components\\lib\\components\\atoms\\Label\\Label.js",
      "statementMap": {
        "0": { "start": { "line": 14, "column": 14 }, "end": { "line": 25, "column": 1 } },
        "1": { "start": { "line": 17, "column": 2 }, "end": { "line": 24, "column": 10 } },
        "2": { "start": { "line": 27, "column": 0 }, "end": { "line": 30, "column": 2 } }
      },
      "fnMap": {
        "0": {
          "name": "(anonymous_0)",
          "decl": { "start": { "line": 14, "column": 14 }, "end": { "line": 14, "column": 15 } },
          "loc": { "start": { "line": 17, "column": 2 }, "end": { "line": 24, "column": 10 } },
          "line": 17
        }
      },
      "branchMap": {
        "0": {
          "loc": { "start": { "line": 21, "column": 18 }, "end": { "line": 21, "column": 88 } },
          "type": "binary-expr",
          "locations": [
            { "start": { "line": 21, "column": 18 }, "end": { "line": 21, "column": 32 } },
            { "start": { "line": 21, "column": 36 }, "end": { "line": 21, "column": 88 } }
          ],
          "line": 21
        }
      },
      "s": { "0": 0, "1": 0, "2": 0 },
      "f": { "0": 0 },
      "b": { "0": [0, 0] }
    },
    "C:\\Users\\aaspraka\\Desktop\\Project\\atomic-react-components\\lib\\components\\atoms\\Image\\index.js": {
      "path": "C:\\Users\\aaspraka\\Desktop\\Project\\atomic-react-components\\lib\\components\\atoms\\Image\\index.js",
      "statementMap": {},
      "fnMap": {},
      "branchMap": {},
      "s": {},
      "f": {},
      "b": {}
    },
    "C:\\Users\\aaspraka\\Desktop\\Project\\atomic-react-components\\lib\\components\\atoms\\Para\\index.js": {
      "path": "C:\\Users\\aaspraka\\Desktop\\Project\\atomic-react-components\\lib\\components\\atoms\\Para\\index.js",
      "statementMap": {},
      "fnMap": {},
      "branchMap": {},
      "s": {},
      "f": {},
      "b": {}
    },
    "C:\\Users\\aaspraka\\Desktop\\Project\\atomic-react-components\\lib\\components\\atoms\\Para\\Para.js": {
      "path": "C:\\Users\\aaspraka\\Desktop\\Project\\atomic-react-components\\lib\\components\\atoms\\Para\\Para.js",
      "statementMap": {
        "0": { "start": { "line": 15, "column": 13 }, "end": { "line": 27, "column": 1 } },
        "1": { "start": { "line": 16, "column": 22 }, "end": { "line": 20, "column": 8 } },
        "2": { "start": { "line": 22, "column": 2 }, "end": { "line": 26, "column": 4 } },
        "3": { "start": { "line": 29, "column": 0 }, "end": { "line": 33, "column": 2 } },
        "4": { "start": { "line": 35, "column": 41 }, "end": { "line": 37, "column": 1 } }
      },
      "fnMap": {
        "0": {
          "name": "(anonymous_0)",
          "decl": { "start": { "line": 15, "column": 13 }, "end": { "line": 15, "column": 14 } },
          "loc": { "start": { "line": 15, "column": 99 }, "end": { "line": 27, "column": 1 } },
          "line": 15
        }
      },
      "branchMap": {
        "0": {
          "loc": { "start": { "line": 16, "column": 22 }, "end": { "line": 20, "column": 8 } },
          "type": "cond-expr",
          "locations": [
            { "start": { "line": 17, "column": 6 }, "end": { "line": 19, "column": 7 } },
            { "start": { "line": 20, "column": 6 }, "end": { "line": 20, "column": 8 } }
          ],
          "line": 16
        }
      },
      "s": { "0": 0, "1": 0, "2": 0, "3": 0, "4": 0 },
      "f": { "0": 0 },
      "b": { "0": [0, 0] }
    },
    "C:\\Users\\aaspraka\\Desktop\\Project\\atomic-react-components\\lib\\components\\atoms\\Para\\Para.style.js": {
      "path": "C:\\Users\\aaspraka\\Desktop\\Project\\atomic-react-components\\lib\\components\\atoms\\Para\\Para.style.js",
      "statementMap": {},
      "fnMap": {},
      "branchMap": {},
      "s": {},
      "f": {},
      "b": {}
    },
    "C:\\Users\\aaspraka\\Desktop\\Project\\atomic-react-components\\lib\\components\\atoms\\Select\\index.js": {
      "path": "C:\\Users\\aaspraka\\Desktop\\Project\\atomic-react-components\\lib\\components\\atoms\\Select\\index.js",
      "statementMap": {},
      "fnMap": {},
      "branchMap": {},
      "s": {},
      "f": {},
      "b": {}
    },
    "C:\\Users\\aaspraka\\Desktop\\Project\\atomic-react-components\\lib\\components\\atoms\\Textarea\\index.js": {
      "path": "C:\\Users\\aaspraka\\Desktop\\Project\\atomic-react-components\\lib\\components\\atoms\\Textarea\\index.js",
      "statementMap": {},
      "fnMap": {},
      "branchMap": {},
      "s": {},
      "f": {},
      "b": {}
    },
    "C:\\Users\\aaspraka\\Desktop\\Project\\atomic-react-components\\lib\\components\\atoms\\Select\\Select.js": {
      "path": "C:\\Users\\aaspraka\\Desktop\\Project\\atomic-react-components\\lib\\components\\atoms\\Select\\Select.js",
      "statementMap": {
        "0": { "start": { "line": 18, "column": 15 }, "end": { "line": 45, "column": 1 } },
        "1": { "start": { "line": 29, "column": 2 }, "end": { "line": 44, "column": 11 } },
        "2": { "start": { "line": 40, "column": 6 }, "end": { "line": 42, "column": 15 } },
        "3": { "start": { "line": 47, "column": 0 }, "end": { "line": 53, "column": 2 } },
        "4": { "start": { "line": 55, "column": 43 }, "end": { "line": 57, "column": 1 } }
      },
      "fnMap": {
        "0": {
          "name": "(anonymous_0)",
          "decl": { "start": { "line": 18, "column": 15 }, "end": { "line": 18, "column": 16 } },
          "loc": { "start": { "line": 29, "column": 2 }, "end": { "line": 44, "column": 11 } },
          "line": 29
        },
        "1": {
          "name": "(anonymous_1)",
          "decl": { "start": { "line": 39, "column": 17 }, "end": { "line": 39, "column": 18 } },
          "loc": { "start": { "line": 40, "column": 6 }, "end": { "line": 42, "column": 15 } },
          "line": 40
        }
      },
      "branchMap": {
        "0": {
          "loc": { "start": { "line": 36, "column": 18 }, "end": { "line": 36, "column": 64 } },
          "type": "binary-expr",
          "locations": [
            { "start": { "line": 36, "column": 18 }, "end": { "line": 36, "column": 32 } },
            { "start": { "line": 36, "column": 36 }, "end": { "line": 36, "column": 64 } }
          ],
          "line": 36
        },
        "1": {
          "loc": { "start": { "line": 38, "column": 5 }, "end": { "line": 38, "column": 59 } },
          "type": "binary-expr",
          "locations": [
            { "start": { "line": 38, "column": 5 }, "end": { "line": 38, "column": 16 } },
            { "start": { "line": 38, "column": 20 }, "end": { "line": 38, "column": 59 } }
          ],
          "line": 38
        }
      },
      "s": { "0": 0, "1": 0, "2": 0, "3": 0, "4": 0 },
      "f": { "0": 0, "1": 0 },
      "b": { "0": [0, 0], "1": [0, 0] }
    },
    "C:\\Users\\aaspraka\\Desktop\\Project\\atomic-react-components\\lib\\components\\atoms\\Textarea\\Textarea.js": {
      "path": "C:\\Users\\aaspraka\\Desktop\\Project\\atomic-react-components\\lib\\components\\atoms\\Textarea\\Textarea.js",
      "statementMap": {
        "0": { "start": { "line": 22, "column": 17 }, "end": { "line": 44, "column": 1 } },
        "1": { "start": { "line": 33, "column": 2 }, "end": { "line": 43, "column": 4 } },
        "2": { "start": { "line": 46, "column": 0 }, "end": { "line": 53, "column": 2 } },
        "3": { "start": { "line": 55, "column": 45 }, "end": { "line": 57, "column": 1 } }
      },
      "fnMap": {
        "0": {
          "name": "(anonymous_0)",
          "decl": { "start": { "line": 22, "column": 17 }, "end": { "line": 22, "column": 18 } },
          "loc": { "start": { "line": 33, "column": 2 }, "end": { "line": 43, "column": 4 } },
          "line": 33
        }
      },
      "branchMap": {
        "0": {
          "loc": { "start": { "line": 42, "column": 18 }, "end": { "line": 42, "column": 66 } },
          "type": "binary-expr",
          "locations": [
            { "start": { "line": 42, "column": 18 }, "end": { "line": 42, "column": 32 } },
            { "start": { "line": 42, "column": 36 }, "end": { "line": 42, "column": 66 } }
          ],
          "line": 42
        }
      },
      "s": { "0": 0, "1": 0, "2": 0, "3": 0 },
      "f": { "0": 0 },
      "b": { "0": [0, 0] }
    },
    "C:\\Users\\aaspraka\\Desktop\\Project\\atomic-react-components\\lib\\components\\atoms\\Track\\index.js": {
      "path": "C:\\Users\\aaspraka\\Desktop\\Project\\atomic-react-components\\lib\\components\\atoms\\Track\\index.js",
      "statementMap": {},
      "fnMap": {},
      "branchMap": {},
      "s": {},
      "f": {},
      "b": {}
    },
    "C:\\Users\\aaspraka\\Desktop\\Project\\atomic-react-components\\lib\\components\\atoms\\Textarea\\Textarea.style.js": {
      "path": "C:\\Users\\aaspraka\\Desktop\\Project\\atomic-react-components\\lib\\components\\atoms\\Textarea\\Textarea.style.js",
      "statementMap": {
        "0": { "start": { "line": 3, "column": 15 }, "end": { "line": 24, "column": 1 } },
        "1": { "start": { "line": 4, "column": 15 }, "end": { "line": 9, "column": 3 } },
        "2": { "start": { "line": 10, "column": 23 }, "end": { "line": 10, "column": 45 } },
        "3": { "start": { "line": 16, "column": 4 }, "end": { "line": 21, "column": 10 } },
        "4": { "start": { "line": 23, "column": 16 }, "end": { "line": 23, "column": 66 } }
      },
      "fnMap": {
        "0": {
          "name": "(anonymous_0)",
          "decl": { "start": { "line": 4, "column": 4 }, "end": { "line": 4, "column": 5 } },
          "loc": { "start": { "line": 4, "column": 15 }, "end": { "line": 9, "column": 3 } },
          "line": 4
        },
        "1": {
          "name": "(anonymous_1)",
          "decl": { "start": { "line": 10, "column": 12 }, "end": { "line": 10, "column": 13 } },
          "loc": { "start": { "line": 10, "column": 23 }, "end": { "line": 10, "column": 45 } },
          "line": 10
        },
        "2": {
          "name": "(anonymous_2)",
          "decl": { "start": { "line": 15, "column": 4 }, "end": { "line": 15, "column": 5 } },
          "loc": { "start": { "line": 16, "column": 4 }, "end": { "line": 21, "column": 10 } },
          "line": 16
        },
        "3": {
          "name": "(anonymous_3)",
          "decl": { "start": { "line": 23, "column": 4 }, "end": { "line": 23, "column": 5 } },
          "loc": { "start": { "line": 23, "column": 16 }, "end": { "line": 23, "column": 66 } },
          "line": 23
        }
      },
      "branchMap": {
        "0": {
          "loc": { "start": { "line": 10, "column": 23 }, "end": { "line": 10, "column": 45 } },
          "type": "binary-expr",
          "locations": [
            { "start": { "line": 10, "column": 23 }, "end": { "line": 10, "column": 35 } },
            { "start": { "line": 10, "column": 39 }, "end": { "line": 10, "column": 45 } }
          ],
          "line": 10
        },
        "1": {
          "loc": { "start": { "line": 16, "column": 4 }, "end": { "line": 21, "column": 10 } },
          "type": "cond-expr",
          "locations": [
            { "start": { "line": 17, "column": 8 }, "end": { "line": 20, "column": 5 } },
            { "start": { "line": 21, "column": 8 }, "end": { "line": 21, "column": 10 } }
          ],
          "line": 16
        },
        "2": {
          "loc": { "start": { "line": 23, "column": 16 }, "end": { "line": 23, "column": 66 } },
          "type": "cond-expr",
          "locations": [
            { "start": { "line": 23, "column": 40 }, "end": { "line": 23, "column": 61 } },
            { "start": { "line": 23, "column": 64 }, "end": { "line": 23, "column": 66 } }
          ],
          "line": 23
        }
      },
      "s": { "0": 0, "1": 0, "2": 0, "3": 0, "4": 0 },
      "f": { "0": 0, "1": 0, "2": 0, "3": 0 },
      "b": { "0": [0, 0], "1": [0, 0], "2": [0, 0] }
    },
    "C:\\Users\\aaspraka\\Desktop\\Project\\atomic-react-components\\lib\\components\\atoms\\Track\\Track.js": {
      "path": "C:\\Users\\aaspraka\\Desktop\\Project\\atomic-react-components\\lib\\components\\atoms\\Track\\Track.js",
      "statementMap": {
        "0": { "start": { "line": 11, "column": 14 }, "end": { "line": 13, "column": 1 } },
        "1": { "start": { "line": 12, "column": 2 }, "end": { "line": 12, "column": 94 } },
        "2": { "start": { "line": 15, "column": 0 }, "end": { "line": 17, "column": 2 } }
      },
      "fnMap": {
        "0": {
          "name": "(anonymous_0)",
          "decl": { "start": { "line": 11, "column": 14 }, "end": { "line": 11, "column": 15 } },
          "loc": { "start": { "line": 12, "column": 2 }, "end": { "line": 12, "column": 94 } },
          "line": 12
        }
      },
      "branchMap": {},
      "s": { "0": 0, "1": 0, "2": 0 },
      "f": { "0": 0 },
      "b": {}
    },
    "C:\\Users\\aaspraka\\Desktop\\Project\\atomic-react-components\\lib\\components\\atoms\\Tag\\index.js": {
      "path": "C:\\Users\\aaspraka\\Desktop\\Project\\atomic-react-components\\lib\\components\\atoms\\Tag\\index.js",
      "statementMap": {},
      "fnMap": {},
      "branchMap": {},
      "s": {},
      "f": {},
      "b": {}
    },
    "C:\\Users\\aaspraka\\Desktop\\Project\\atomic-react-components\\lib\\components\\atoms\\Select\\Select.style.js": {
      "path": "C:\\Users\\aaspraka\\Desktop\\Project\\atomic-react-components\\lib\\components\\atoms\\Select\\Select.style.js",
      "statementMap": {
        "0": { "start": { "line": 3, "column": 15 }, "end": { "line": 22, "column": 1 } },
        "1": { "start": { "line": 5, "column": 15 }, "end": { "line": 10, "column": 3 } },
        "2": { "start": { "line": 14, "column": 4 }, "end": { "line": 19, "column": 10 } },
        "3": { "start": { "line": 21, "column": 16 }, "end": { "line": 21, "column": 66 } }
      },
      "fnMap": {
        "0": {
          "name": "(anonymous_0)",
          "decl": { "start": { "line": 5, "column": 4 }, "end": { "line": 5, "column": 5 } },
          "loc": { "start": { "line": 5, "column": 15 }, "end": { "line": 10, "column": 3 } },
          "line": 5
        },
        "1": {
          "name": "(anonymous_1)",
          "decl": { "start": { "line": 13, "column": 4 }, "end": { "line": 13, "column": 5 } },
          "loc": { "start": { "line": 14, "column": 4 }, "end": { "line": 19, "column": 10 } },
          "line": 14
        },
        "2": {
          "name": "(anonymous_2)",
          "decl": { "start": { "line": 21, "column": 4 }, "end": { "line": 21, "column": 5 } },
          "loc": { "start": { "line": 21, "column": 16 }, "end": { "line": 21, "column": 66 } },
          "line": 21
        }
      },
      "branchMap": {
        "0": {
          "loc": { "start": { "line": 14, "column": 4 }, "end": { "line": 19, "column": 10 } },
          "type": "cond-expr",
          "locations": [
            { "start": { "line": 15, "column": 8 }, "end": { "line": 18, "column": 5 } },
            { "start": { "line": 19, "column": 8 }, "end": { "line": 19, "column": 10 } }
          ],
          "line": 14
        },
        "1": {
          "loc": { "start": { "line": 21, "column": 16 }, "end": { "line": 21, "column": 66 } },
          "type": "cond-expr",
          "locations": [
            { "start": { "line": 21, "column": 40 }, "end": { "line": 21, "column": 61 } },
            { "start": { "line": 21, "column": 64 }, "end": { "line": 21, "column": 66 } }
          ],
          "line": 21
        }
      },
      "s": { "0": 0, "1": 0, "2": 0, "3": 0 },
      "f": { "0": 0, "1": 0, "2": 0 },
      "b": { "0": [0, 0], "1": [0, 0] }
    },
    "C:\\Users\\aaspraka\\Desktop\\Project\\atomic-react-components\\lib\\components\\atoms\\Tag\\Tag.js": {
      "path": "C:\\Users\\aaspraka\\Desktop\\Project\\atomic-react-components\\lib\\components\\atoms\\Tag\\Tag.js",
      "statementMap": {
        "0": { "start": { "line": 16, "column": 12 }, "end": { "line": 52, "column": 1 } },
        "1": { "start": { "line": 24, "column": 36 }, "end": { "line": 24, "column": 56 } },
        "2": { "start": { "line": 26, "column": 20 }, "end": { "line": 31, "column": 3 } },
        "3": { "start": { "line": 27, "column": 4 }, "end": { "line": 27, "column": 24 } },
        "4": { "start": { "line": 28, "column": 4 }, "end": { "line": 30, "column": 5 } },
        "5": { "start": { "line": 29, "column": 6 }, "end": { "line": 29, "column": 27 } },
        "6": { "start": { "line": 33, "column": 2 }, "end": { "line": 51, "column": 4 } },
        "7": { "start": { "line": 54, "column": 0 }, "end": { "line": 58, "column": 2 } },
        "8": { "start": { "line": 60, "column": 43 }, "end": { "line": 62, "column": 1 } }
      },
      "fnMap": {
        "0": {
          "name": "(anonymous_0)",
          "decl": { "start": { "line": 16, "column": 12 }, "end": { "line": 16, "column": 13 } },
          "loc": { "start": { "line": 23, "column": 22 }, "end": { "line": 52, "column": 1 } },
          "line": 23
        },
        "1": {
          "name": "(anonymous_1)",
          "decl": { "start": { "line": 26, "column": 20 }, "end": { "line": 26, "column": 21 } },
          "loc": { "start": { "line": 26, "column": 27 }, "end": { "line": 31, "column": 3 } },
          "line": 26
        }
      },
      "branchMap": {
        "0": {
          "loc": { "start": { "line": 28, "column": 4 }, "end": { "line": 30, "column": 5 } },
          "type": "if",
          "locations": [
            { "start": { "line": 28, "column": 4 }, "end": { "line": 30, "column": 5 } },
            { "start": { "line": 28, "column": 4 }, "end": { "line": 30, "column": 5 } }
          ],
          "line": 28
        },
        "1": {
          "loc": { "start": { "line": 35, "column": 7 }, "end": { "line": 49, "column": 7 } },
          "type": "binary-expr",
          "locations": [
            { "start": { "line": 35, "column": 7 }, "end": { "line": 35, "column": 16 } },
            { "start": { "line": 36, "column": 8 }, "end": { "line": 48, "column": 15 } }
          ],
          "line": 35
        },
        "2": {
          "loc": { "start": { "line": 38, "column": 11 }, "end": { "line": 47, "column": 11 } },
          "type": "binary-expr",
          "locations": [
            { "start": { "line": 38, "column": 11 }, "end": { "line": 38, "column": 36 } },
            { "start": { "line": 39, "column": 12 }, "end": { "line": 46, "column": 21 } }
          ],
          "line": 38
        }
      },
      "s": { "0": 0, "1": 0, "2": 0, "3": 0, "4": 0, "5": 0, "6": 0, "7": 0, "8": 0 },
      "f": { "0": 0, "1": 0 },
      "b": { "0": [0, 0], "1": [0, 0], "2": [0, 0] }
    },
    "C:\\Users\\aaspraka\\Desktop\\Project\\atomic-react-components\\lib\\components\\atoms\\Video\\index.js": {
      "path": "C:\\Users\\aaspraka\\Desktop\\Project\\atomic-react-components\\lib\\components\\atoms\\Video\\index.js",
      "statementMap": {},
      "fnMap": {},
      "branchMap": {},
      "s": {},
      "f": {},
      "b": {}
    },
    "C:\\Users\\aaspraka\\Desktop\\Project\\atomic-react-components\\lib\\components\\atoms\\Tag\\Tag.style.js": {
      "path": "C:\\Users\\aaspraka\\Desktop\\Project\\atomic-react-components\\lib\\components\\atoms\\Tag\\Tag.style.js",
      "statementMap": {
        "0": { "start": { "line": 6, "column": 24 }, "end": { "line": 6, "column": 50 } },
        "1": { "start": { "line": 8, "column": 15 }, "end": { "line": 12, "column": 3 } },
        "2": { "start": { "line": 18, "column": 16 }, "end": { "line": 18, "column": 66 } }
      },
      "fnMap": {
        "0": {
          "name": "(anonymous_0)",
          "decl": { "start": { "line": 6, "column": 13 }, "end": { "line": 6, "column": 14 } },
          "loc": { "start": { "line": 6, "column": 24 }, "end": { "line": 6, "column": 50 } },
          "line": 6
        },
        "1": {
          "name": "(anonymous_1)",
          "decl": { "start": { "line": 8, "column": 4 }, "end": { "line": 8, "column": 5 } },
          "loc": { "start": { "line": 8, "column": 15 }, "end": { "line": 12, "column": 3 } },
          "line": 8
        },
        "2": {
          "name": "(anonymous_2)",
          "decl": { "start": { "line": 18, "column": 4 }, "end": { "line": 18, "column": 5 } },
          "loc": { "start": { "line": 18, "column": 16 }, "end": { "line": 18, "column": 66 } },
          "line": 18
        }
      },
      "branchMap": {
        "0": {
          "loc": { "start": { "line": 18, "column": 16 }, "end": { "line": 18, "column": 66 } },
          "type": "cond-expr",
          "locations": [
            { "start": { "line": 18, "column": 40 }, "end": { "line": 18, "column": 61 } },
            { "start": { "line": 18, "column": 64 }, "end": { "line": 18, "column": 66 } }
          ],
          "line": 18
        }
      },
      "s": { "0": 0, "1": 0, "2": 0 },
      "f": { "0": 0, "1": 0, "2": 0 },
      "b": { "0": [0, 0] }
    },
    "C:\\Users\\aaspraka\\Desktop\\Project\\atomic-react-components\\lib\\components\\hoc\\WithScripts\\index.js": {
      "path": "C:\\Users\\aaspraka\\Desktop\\Project\\atomic-react-components\\lib\\components\\hoc\\WithScripts\\index.js",
      "statementMap": {},
      "fnMap": {},
      "branchMap": {},
      "s": {},
      "f": {},
      "b": {}
    },
    "C:\\Users\\aaspraka\\Desktop\\Project\\atomic-react-components\\lib\\components\\atoms\\Video\\Video.style.js": {
      "path": "C:\\Users\\aaspraka\\Desktop\\Project\\atomic-react-components\\lib\\components\\atoms\\Video\\Video.style.js",
      "statementMap": {
        "0": { "start": { "line": 4, "column": 15 }, "end": { "line": 6, "column": 1 } }
      },
      "fnMap": {
        "0": {
          "name": "(anonymous_0)",
          "decl": { "start": { "line": 4, "column": 4 }, "end": { "line": 4, "column": 5 } },
          "loc": { "start": { "line": 4, "column": 15 }, "end": { "line": 6, "column": 1 } },
          "line": 4
        }
      },
      "branchMap": {
        "0": {
          "loc": { "start": { "line": 5, "column": 9 }, "end": { "line": 5, "column": 43 } },
          "type": "cond-expr",
          "locations": [
            { "start": { "line": 5, "column": 23 }, "end": { "line": 5, "column": 34 } },
            { "start": { "line": 5, "column": 37 }, "end": { "line": 5, "column": 43 } }
          ],
          "line": 5
        }
      },
      "s": { "0": 0 },
      "f": { "0": 0 },
      "b": { "0": [0, 0] }
    },
    "C:\\Users\\aaspraka\\Desktop\\Project\\atomic-react-components\\lib\\components\\atoms\\Video\\Video.js": {
      "path": "C:\\Users\\aaspraka\\Desktop\\Project\\atomic-react-components\\lib\\components\\atoms\\Video\\Video.js",
      "statementMap": {
        "0": { "start": { "line": 17, "column": 14 }, "end": { "line": 49, "column": 1 } },
        "1": { "start": { "line": 32, "column": 2 }, "end": { "line": 48, "column": 4 } },
        "2": { "start": { "line": 51, "column": 0 }, "end": { "line": 61, "column": 2 } },
        "3": { "start": { "line": 63, "column": 0 }, "end": { "line": 63, "column": 20 } },
        "4": { "start": { "line": 64, "column": 0 }, "end": { "line": 64, "column": 34 } },
        "5": { "start": { "line": 66, "column": 42 }, "end": { "line": 68, "column": 1 } }
      },
      "fnMap": {
        "0": {
          "name": "(anonymous_0)",
          "decl": { "start": { "line": 17, "column": 14 }, "end": { "line": 17, "column": 15 } },
          "loc": { "start": { "line": 31, "column": 19 }, "end": { "line": 49, "column": 1 } },
          "line": 31
        }
      },
      "branchMap": {
        "0": {
          "loc": { "start": { "line": 46, "column": 7 }, "end": { "line": 46, "column": 81 } },
          "type": "cond-expr",
          "locations": [
            { "start": { "line": 46, "column": 41 }, "end": { "line": 46, "column": 49 } },
            { "start": { "line": 46, "column": 52 }, "end": { "line": 46, "column": 81 } }
          ],
          "line": 46
        },
        "1": {
          "loc": { "start": { "line": 46, "column": 7 }, "end": { "line": 46, "column": 38 } },
          "type": "binary-expr",
          "locations": [
            { "start": { "line": 46, "column": 7 }, "end": { "line": 46, "column": 15 } },
            { "start": { "line": 46, "column": 19 }, "end": { "line": 46, "column": 38 } }
          ],
          "line": 46
        }
      },
      "s": { "0": 0, "1": 0, "2": 0, "3": 0, "4": 0, "5": 0 },
      "f": { "0": 0 },
      "b": { "0": [0, 0], "1": [0, 0] }
    },
    "C:\\Users\\aaspraka\\Desktop\\Project\\atomic-react-components\\lib\\components\\molecules\\Accordion\\Accordion.style.js": {
      "path": "C:\\Users\\aaspraka\\Desktop\\Project\\atomic-react-components\\lib\\components\\molecules\\Accordion\\Accordion.style.js",
      "statementMap": {
        "0": { "start": { "line": 4, "column": 16 }, "end": { "line": 4, "column": 66 } }
      },
      "fnMap": {
        "0": {
          "name": "(anonymous_0)",
          "decl": { "start": { "line": 4, "column": 4 }, "end": { "line": 4, "column": 5 } },
          "loc": { "start": { "line": 4, "column": 16 }, "end": { "line": 4, "column": 66 } },
          "line": 4
        }
      },
      "branchMap": {
        "0": {
          "loc": { "start": { "line": 4, "column": 16 }, "end": { "line": 4, "column": 66 } },
          "type": "cond-expr",
          "locations": [
            { "start": { "line": 4, "column": 40 }, "end": { "line": 4, "column": 61 } },
            { "start": { "line": 4, "column": 64 }, "end": { "line": 4, "column": 66 } }
          ],
          "line": 4
        }
      },
      "s": { "0": 0 },
      "f": { "0": 0 },
      "b": { "0": [0, 0] }
    },
    "C:\\Users\\aaspraka\\Desktop\\Project\\atomic-react-components\\lib\\components\\molecules\\Accordion\\index.js": {
      "path": "C:\\Users\\aaspraka\\Desktop\\Project\\atomic-react-components\\lib\\components\\molecules\\Accordion\\index.js",
      "statementMap": {},
      "fnMap": {},
      "branchMap": {},
      "s": {},
      "f": {},
      "b": {}
    },
    "C:\\Users\\aaspraka\\Desktop\\Project\\atomic-react-components\\lib\\components\\hoc\\WithScripts\\WithScripts.js": {
      "path": "C:\\Users\\aaspraka\\Desktop\\Project\\atomic-react-components\\lib\\components\\hoc\\WithScripts\\WithScripts.js",
      "statementMap": {
        "0": { "start": { "line": 12, "column": 20 }, "end": { "line": 60, "column": 1 } },
        "1": { "start": { "line": 14, "column": 22 }, "end": { "line": 55, "column": 3 } },
        "2": { "start": { "line": 15, "column": 48 }, "end": { "line": 15, "column": 60 } },
        "3": { "start": { "line": 17, "column": 25 }, "end": { "line": 19, "column": 5 } },
        "4": { "start": { "line": 18, "column": 6 }, "end": { "line": 18, "column": 65 } },
        "5": { "start": { "line": 21, "column": 25 }, "end": { "line": 35, "column": 5 } },
        "6": { "start": { "line": 22, "column": 25 }, "end": { "line": 22, "column": 57 } },
        "7": { "start": { "line": 23, "column": 6 }, "end": { "line": 23, "column": 42 } },
        "8": { "start": { "line": 24, "column": 6 }, "end": { "line": 24, "column": 41 } },
[...]
      "f": {},
      "b": {}
    },
    "C:\\Users\\aaspraka\\Desktop\\Project\\atomic-react-components\\lib\\components\\molecules\\Tabs\\TabPanel\\index.js": {
      "path": "C:\\Users\\aaspraka\\Desktop\\Project\\atomic-react-components\\lib\\components\\molecules\\Tabs\\TabPanel\\index.js",
      "statementMap": {},
      "fnMap": {},
      "branchMap": {},
      "s": {},
      "f": {},
      "b": {}
    },
    "C:\\Users\\aaspraka\\Desktop\\Project\\atomic-react-components\\lib\\components\\molecules\\Tabs\\TabPanel\\TabPanel.js": {
      "path": "C:\\Users\\aaspraka\\Desktop\\Project\\atomic-react-components\\lib\\components\\molecules\\Tabs\\TabPanel\\TabPanel.js",
      "statementMap": {
        "0": { "start": { "line": 22, "column": 17 }, "end": { "line": 35, "column": 1 } },
        "1": { "start": { "line": 23, "column": 2 }, "end": { "line": 34, "column": 8 } },
        "2": { "start": { "line": 37, "column": 0 }, "end": { "line": 40, "column": 2 } },
        "3": { "start": { "line": 42, "column": 45 }, "end": { "line": 44, "column": 1 } }
      },
      "fnMap": {
        "0": {
          "name": "(anonymous_0)",
          "decl": { "start": { "line": 22, "column": 17 }, "end": { "line": 22, "column": 18 } },
          "loc": { "start": { "line": 23, "column": 2 }, "end": { "line": 34, "column": 8 } },
          "line": 23
        }
      },
      "branchMap": {},
      "s": { "0": 0, "1": 0, "2": 0, "3": 0 },
      "f": { "0": 0 },
      "b": {}
    },
    "C:\\Users\\aaspraka\\Desktop\\Project\\atomic-react-components\\lib\\components\\molecules\\Tabs\\Tab\\index.js": {
      "path": "C:\\Users\\aaspraka\\Desktop\\Project\\atomic-react-components\\lib\\components\\molecules\\Tabs\\Tab\\index.js",
      "statementMap": {},
      "fnMap": {},
      "branchMap": {},
      "s": {},
      "f": {},
      "b": {}
    },
    "C:\\Users\\aaspraka\\Desktop\\Project\\atomic-react-components\\lib\\components\\molecules\\Tabs\\TabPanel\\TabPanel.style.js": {
      "path": "C:\\Users\\aaspraka\\Desktop\\Project\\atomic-react-components\\lib\\components\\molecules\\Tabs\\TabPanel\\TabPanel.style.js",
      "statementMap": {
        "0": { "start": { "line": 6, "column": 16 }, "end": { "line": 6, "column": 57 } },
        "1": { "start": { "line": 7, "column": 16 }, "end": { "line": 7, "column": 66 } }
      },
      "fnMap": {
        "0": {
          "name": "(anonymous_0)",
          "decl": { "start": { "line": 6, "column": 4 }, "end": { "line": 6, "column": 5 } },
          "loc": { "start": { "line": 6, "column": 16 }, "end": { "line": 6, "column": 57 } },
          "line": 6
        },
        "1": {
          "name": "(anonymous_1)",
          "decl": { "start": { "line": 7, "column": 4 }, "end": { "line": 7, "column": 5 } },
          "loc": { "start": { "line": 7, "column": 16 }, "end": { "line": 7, "column": 66 } },
          "line": 7
        }
      },
      "branchMap": {
        "0": {
          "loc": { "start": { "line": 6, "column": 16 }, "end": { "line": 6, "column": 57 } },
          "type": "cond-expr",
          "locations": [
            { "start": { "line": 6, "column": 35 }, "end": { "line": 6, "column": 52 } },
            { "start": { "line": 6, "column": 55 }, "end": { "line": 6, "column": 57 } }
          ],
          "line": 6
        },
        "1": {
          "loc": { "start": { "line": 7, "column": 16 }, "end": { "line": 7, "column": 66 } },
          "type": "cond-expr",
          "locations": [
            { "start": { "line": 7, "column": 40 }, "end": { "line": 7, "column": 61 } },
            { "start": { "line": 7, "column": 64 }, "end": { "line": 7, "column": 66 } }
          ],
          "line": 7
        }
      },
      "s": { "0": 0, "1": 0 },
      "f": { "0": 0, "1": 0 },
      "b": { "0": [0, 0], "1": [0, 0] }
    },
    "C:\\Users\\aaspraka\\Desktop\\Project\\atomic-react-components\\lib\\components\\molecules\\Tabs\\types\\index.js": {
      "path": "C:\\Users\\aaspraka\\Desktop\\Project\\atomic-react-components\\lib\\components\\molecules\\Tabs\\types\\index.js",
      "statementMap": {},
      "fnMap": {},
      "branchMap": {},
      "s": {},
      "f": {},
      "b": {}
    },
    "C:\\Users\\aaspraka\\Desktop\\Project\\atomic-react-components\\lib\\components\\molecules\\Tabs\\Tab\\Tab.style.js": {
      "path": "C:\\Users\\aaspraka\\Desktop\\Project\\atomic-react-components\\lib\\components\\molecules\\Tabs\\Tab\\Tab.style.js",
      "statementMap": {
        "0": { "start": { "line": 5, "column": 33 }, "end": { "line": 5, "column": 65 } },
        "1": { "start": { "line": 7, "column": 4 }, "end": { "line": 7, "column": 87 } },
        "2": { "start": { "line": 8, "column": 16 }, "end": { "line": 8, "column": 66 } }
      },
      "fnMap": {
        "0": {
          "name": "(anonymous_0)",
          "decl": { "start": { "line": 5, "column": 22 }, "end": { "line": 5, "column": 23 } },
          "loc": { "start": { "line": 5, "column": 33 }, "end": { "line": 5, "column": 65 } },
          "line": 5
        },
        "1": {
          "name": "(anonymous_1)",
          "decl": { "start": { "line": 6, "column": 4 }, "end": { "line": 6, "column": 5 } },
          "loc": { "start": { "line": 7, "column": 4 }, "end": { "line": 7, "column": 87 } },
          "line": 7
        },
        "2": {
          "name": "(anonymous_2)",
          "decl": { "start": { "line": 8, "column": 4 }, "end": { "line": 8, "column": 5 } },
          "loc": { "start": { "line": 8, "column": 16 }, "end": { "line": 8, "column": 66 } },
          "line": 8
        }
      },
      "branchMap": {
        "0": {
          "loc": { "start": { "line": 7, "column": 4 }, "end": { "line": 7, "column": 87 } },
          "type": "cond-expr",
          "locations": [
            { "start": { "line": 7, "column": 23 }, "end": { "line": 7, "column": 82 } },
            { "start": { "line": 7, "column": 85 }, "end": { "line": 7, "column": 87 } }
          ],
          "line": 7
        },
        "1": {
          "loc": { "start": { "line": 8, "column": 16 }, "end": { "line": 8, "column": 66 } },
          "type": "cond-expr",
          "locations": [
            { "start": { "line": 8, "column": 40 }, "end": { "line": 8, "column": 61 } },
            { "start": { "line": 8, "column": 64 }, "end": { "line": 8, "column": 66 } }
          ],
          "line": 8
        }
      },
      "s": { "0": 0, "1": 0, "2": 0 },
      "f": { "0": 0, "1": 0, "2": 0 },
      "b": { "0": [0, 0], "1": [0, 0] }
    },
    "C:\\Users\\aaspraka\\Desktop\\Project\\atomic-react-components\\lib\\components\\molecules\\Form\\FieldTextarea\\FieldTextarea.js": {
      "path": "C:\\Users\\aaspraka\\Desktop\\Project\\atomic-react-components\\lib\\components\\molecules\\Form\\FieldTextarea\\FieldTextarea.js",
      "statementMap": {
        "0": { "start": { "line": 21, "column": 22 }, "end": { "line": 51, "column": 1 } },
        "1": { "start": { "line": 30, "column": 2 }, "end": { "line": 50, "column": 8 } },
        "2": { "start": { "line": 36, "column": 33 }, "end": { "line": 36, "column": 37 } },
        "3": { "start": { "line": 37, "column": 8 }, "end": { "line": 46, "column": 10 } },
        "4": { "start": { "line": 42, "column": 14 }, "end": { "line": 42, "column": 30 } },
        "5": { "start": { "line": 43, "column": 14 }, "end": { "line": 43, "column": 68 } },
        "6": { "start": { "line": 43, "column": 50 }, "end": { "line": 43, "column": 68 } },
        "7": { "start": { "line": 53, "column": 0 }, "end": { "line": 58, "column": 2 } },
        "8": { "start": { "line": 60, "column": 50 }, "end": { "line": 62, "column": 1 } }
      },
      "fnMap": {
        "0": {
          "name": "(anonymous_0)",
          "decl": { "start": { "line": 21, "column": 22 }, "end": { "line": 21, "column": 23 } },
          "loc": { "start": { "line": 30, "column": 2 }, "end": { "line": 50, "column": 8 } },
          "line": 30
        },
        "1": {
          "name": "(anonymous_1)",
          "decl": { "start": { "line": 35, "column": 7 }, "end": { "line": 35, "column": 8 } },
          "loc": { "start": { "line": 35, "column": 28 }, "end": { "line": 47, "column": 7 } },
          "line": 35
        },
        "2": {
          "name": "(anonymous_2)",
          "decl": { "start": { "line": 41, "column": 22 }, "end": { "line": 41, "column": 23 } },
          "loc": { "start": { "line": 41, "column": 29 }, "end": { "line": 44, "column": 13 } },
          "line": 41
        }
      },
      "branchMap": {
        "0": {
          "loc": { "start": { "line": 43, "column": 14 }, "end": { "line": 43, "column": 68 } },
          "type": "if",
          "locations": [
            { "start": { "line": 43, "column": 14 }, "end": { "line": 43, "column": 68 } },
            { "start": { "line": 43, "column": 14 }, "end": { "line": 43, "column": 68 } }
          ],
          "line": 43
        }
      },
      "s": { "0": 0, "1": 0, "2": 0, "3": 0, "4": 0, "5": 0, "6": 0, "7": 0, "8": 0 },
      "f": { "0": 0, "1": 0, "2": 0 },
      "b": { "0": [0, 0] }
    },
    "C:\\Users\\aaspraka\\Desktop\\Project\\atomic-react-components\\lib\\components\\molecules\\Typeahead\\types\\index.js": {
      "path": "C:\\Users\\aaspraka\\Desktop\\Project\\atomic-react-components\\lib\\components\\molecules\\Typeahead\\types\\index.js",
      "statementMap": {},
      "fnMap": {},
      "branchMap": {},
      "s": {},
      "f": {},
      "b": {}
    },
    "C:\\Users\\aaspraka\\Desktop\\Project\\atomic-react-components\\lib\\core\\hooks\\speechRecognition\\types\\index.js": {
      "path": "C:\\Users\\aaspraka\\Desktop\\Project\\atomic-react-components\\lib\\core\\hooks\\speechRecognition\\types\\index.js",
      "statementMap": {},
      "fnMap": {},
      "branchMap": {},
      "s": {},
      "f": {},
      "b": {}
    },
    "C:\\Users\\aaspraka\\Desktop\\Project\\atomic-react-components\\lib\\components\\molecules\\Tabs\\Tab\\Tab.js": {
      "path": "C:\\Users\\aaspraka\\Desktop\\Project\\atomic-react-components\\lib\\components\\molecules\\Tabs\\Tab\\Tab.js",
      "statementMap": {
        "0": { "start": { "line": 25, "column": 12 }, "end": { "line": 51, "column": 1 } },
        "1": { "start": { "line": 36, "column": 2 }, "end": { "line": 50, "column": 7 } },
        "2": { "start": { "line": 43, "column": 20 }, "end": { "line": 43, "column": 37 } },
        "3": { "start": { "line": 44, "column": 22 }, "end": { "line": 44, "column": 34 } },
        "4": { "start": { "line": 53, "column": 0 }, "end": { "line": 56, "column": 2 } },
        "5": { "start": { "line": 58, "column": 40 }, "end": { "line": 60, "column": 1 } }
      },
      "fnMap": {
        "0": {
          "name": "(anonymous_0)",
          "decl": { "start": { "line": 25, "column": 12 }, "end": { "line": 25, "column": 13 } },
          "loc": { "start": { "line": 36, "column": 2 }, "end": { "line": 50, "column": 7 } },
          "line": 36
        },
        "1": {
          "name": "(anonymous_1)",
          "decl": { "start": { "line": 43, "column": 13 }, "end": { "line": 43, "column": 14 } },
          "loc": { "start": { "line": 43, "column": 20 }, "end": { "line": 43, "column": 37 } },
          "line": 43
        },
        "2": {
          "name": "(anonymous_2)",
          "decl": { "start": { "line": 44, "column": 15 }, "end": { "line": 44, "column": 16 } },
          "loc": { "start": { "line": 44, "column": 22 }, "end": { "line": 44, "column": 34 } },
          "line": 44
        }
      },
      "branchMap": {
        "0": {
          "loc": { "start": { "line": 45, "column": 14 }, "end": { "line": 45, "column": 33 } },
          "type": "cond-expr",
          "locations": [
            { "start": { "line": 45, "column": 27 }, "end": { "line": 45, "column": 28 } },
            { "start": { "line": 45, "column": 31 }, "end": { "line": 45, "column": 33 } }
          ],
          "line": 45
        }
      },
      "s": { "0": 0, "1": 0, "2": 0, "3": 0, "4": 0, "5": 0 },
      "f": { "0": 0, "1": 0, "2": 0 },
      "b": { "0": [0, 0] }
    },
    "C:\\Users\\aaspraka\\Desktop\\Project\\atomic-react-components\\lib\\components\\molecules\\Toast\\types\\index.js": {
      "path": "C:\\Users\\aaspraka\\Desktop\\Project\\atomic-react-components\\lib\\components\\molecules\\Toast\\types\\index.js",
      "statementMap": {},
      "fnMap": {},
      "branchMap": {},
      "s": {},
      "f": {},
      "b": {}
    },
    "C:\\Users\\aaspraka\\Desktop\\Project\\atomic-react-components\\lib\\components\\molecules\\Form\\FieldFileInput\\types\\index.js": {
      "path": "C:\\Users\\aaspraka\\Desktop\\Project\\atomic-react-components\\lib\\components\\molecules\\Form\\FieldFileInput\\types\\index.js",
      "statementMap": {},
      "fnMap": {},
      "branchMap": {},
      "s": {},
      "f": {},
      "b": {}
    },
    "C:\\Users\\aaspraka\\Desktop\\Project\\atomic-react-components\\lib\\components\\molecules\\Form\\FieldToggle\\types\\index.js": {
      "path": "C:\\Users\\aaspraka\\Desktop\\Project\\atomic-react-components\\lib\\components\\molecules\\Form\\FieldToggle\\types\\index.js",
      "statementMap": {},
      "fnMap": {},
      "branchMap": {},
      "s": {},
      "f": {},
      "b": {}
    },
    "C:\\Users\\aaspraka\\Desktop\\Project\\atomic-react-components\\lib\\components\\molecules\\Form\\DragDropInput\\types\\index.js": {
      "path": "C:\\Users\\aaspraka\\Desktop\\Project\\atomic-react-components\\lib\\components\\molecules\\Form\\DragDropInput\\types\\index.js",
      "statementMap": {},
      "fnMap": {},
      "branchMap": {},
      "s": {},
      "f": {},
      "b": {}
    },
    "C:\\Users\\aaspraka\\Desktop\\Project\\atomic-react-components\\lib\\core\\utils\\elementLocator.js": {
      "path": "C:\\Users\\aaspraka\\Desktop\\Project\\atomic-react-components\\lib\\core\\utils\\elementLocator.js",
      "statementMap": {
        "0": { "start": { "line": 4, "column": 36 }, "end": { "line": 20, "column": 1 } },
        "1": { "start": { "line": 5, "column": 14 }, "end": { "line": 5, "column": 16 } },
        "2": { "start": { "line": 7, "column": 2 }, "end": { "line": 18, "column": 5 } },
        "3": { "start": { "line": 8, "column": 24 }, "end": { "line": 8, "column": 29 } },
        "4": { "start": { "line": 10, "column": 4 }, "end": { "line": 16, "column": 5 } },
        "5": { "start": { "line": 11, "column": 6 }, "end": { "line": 15, "column": 9 } },
        "6": { "start": { "line": 12, "column": 8 }, "end": { "line": 12, "column": 78 } },
        "7": { "start": { "line": 13, "column": 8 }, "end": { "line": 13, "column": 51 } },
        "8": { "start": { "line": 13, "column": 30 }, "end": { "line": 13, "column": 51 } },
        "9": { "start": { "line": 14, "column": 8 }, "end": { "line": 14, "column": 29 } },
        "10": { "start": { "line": 17, "column": 4 }, "end": { "line": 17, "column": 45 } },
        "11": { "start": { "line": 19, "column": 2 }, "end": { "line": 19, "column": 29 } }
      },
      "fnMap": {
        "0": {
          "name": "(anonymous_0)",
          "decl": { "start": { "line": 4, "column": 36 }, "end": { "line": 4, "column": 37 } },
          "loc": { "start": { "line": 4, "column": 55 }, "end": { "line": 20, "column": 1 } },
          "line": 4
        },
        "1": {
          "name": "(anonymous_1)",
          "decl": { "start": { "line": 7, "column": 34 }, "end": { "line": 7, "column": 35 } },
          "loc": { "start": { "line": 7, "column": 57 }, "end": { "line": 18, "column": 3 } },
          "line": 7
        },
        "2": {
          "name": "(anonymous_2)",
          "decl": { "start": { "line": 11, "column": 28 }, "end": { "line": 11, "column": 29 } },
          "loc": { "start": { "line": 11, "column": 51 }, "end": { "line": 15, "column": 7 } },
          "line": 11
        }
      },
      "branchMap": {
        "0": {
          "loc": { "start": { "line": 10, "column": 4 }, "end": { "line": 16, "column": 5 } },
          "type": "if",
          "locations": [
            { "start": { "line": 10, "column": 4 }, "end": { "line": 16, "column": 5 } },
            { "start": { "line": 10, "column": 4 }, "end": { "line": 16, "column": 5 } }
          ],
          "line": 10
        },
        "1": {
          "loc": { "start": { "line": 12, "column": 20 }, "end": { "line": 12, "column": 67 } },
          "type": "cond-expr",
          "locations": [
            { "start": { "line": 12, "column": 59 }, "end": { "line": 12, "column": 61 } },
            { "start": { "line": 12, "column": 64 }, "end": { "line": 12, "column": 67 } }
          ],
          "line": 12
        },
        "2": {
          "loc": { "start": { "line": 12, "column": 20 }, "end": { "line": 12, "column": 56 } },
          "type": "binary-expr",
          "locations": [
            { "start": { "line": 12, "column": 20 }, "end": { "line": 12, "column": 36 } },
            { "start": { "line": 12, "column": 40 }, "end": { "line": 12, "column": 56 } }
          ],
          "line": 12
        },
        "3": {
          "loc": { "start": { "line": 13, "column": 8 }, "end": { "line": 13, "column": 51 } },
          "type": "if",
          "locations": [
            { "start": { "line": 13, "column": 8 }, "end": { "line": 13, "column": 51 } },
            { "start": { "line": 13, "column": 8 }, "end": { "line": 13, "column": 51 } }
          ],
          "line": 13
        },
        "4": {
          "loc": { "start": { "line": 17, "column": 11 }, "end": { "line": 17, "column": 44 } },
          "type": "binary-expr",
          "locations": [
            { "start": { "line": 17, "column": 11 }, "end": { "line": 17, "column": 24 } },
            { "start": { "line": 17, "column": 28 }, "end": { "line": 17, "column": 44 } }
          ],
          "line": 17
        }
      },
      "s": {
        "0": 0,
        "1": 0,
        "2": 0,
        "3": 0,
        "4": 0,
        "5": 0,
        "6": 0,
        "7": 0,
        "8": 0,
        "9": 0,
        "10": 0,
        "11": 0
      },
      "f": { "0": 0, "1": 0, "2": 0 },
      "b": { "0": [0, 0], "1": [0, 0], "2": [0, 0], "3": [0, 0], "4": [0, 0] }
    },
    "C:\\Users\\aaspraka\\Desktop\\Project\\atomic-react-components\\lib\\components\\atoms\\Anchor\\Anchor.js": {
      "path": "C:\\Users\\aaspraka\\Desktop\\Project\\atomic-react-components\\lib\\components\\atoms\\Anchor\\Anchor.js",
      "statementMap": {
        "0": { "start": { "line": 24, "column": 15 }, "end": { "line": 48, "column": 1 } },
        "1": { "start": { "line": 38, "column": 2 }, "end": { "line": 47, "column": 6 } },
        "2": { "start": { "line": 50, "column": 0 }, "end": { "line": 60, "column": 2 } },
        "3": { "start": { "line": 62, "column": 43 }, "end": { "line": 64, "column": 1 } }
      },
      "fnMap": {
        "0": {
          "name": "(anonymous_0)",
          "decl": { "start": { "line": 24, "column": 15 }, "end": { "line": 24, "column": 16 } },
          "loc": { "start": { "line": 38, "column": 2 }, "end": { "line": 47, "column": 6 } },
          "line": 38
        },
        "1": {
          "name": "(anonymous_1)",
          "decl": { "start": { "line": 59, "column": 19 }, "end": { "line": 59, "column": 20 } },
          "loc": { "start": { "line": 59, "column": 25 }, "end": { "line": 59, "column": 27 } },
          "line": 59
        }
      },
      "branchMap": {
        "0": {
          "loc": { "start": { "line": 44, "column": 18 }, "end": { "line": 44, "column": 76 } },
          "type": "binary-expr",
          "locations": [
            { "start": { "line": 44, "column": 18 }, "end": { "line": 44, "column": 32 } },
            { "start": { "line": 44, "column": 36 }, "end": { "line": 44, "column": 76 } }
          ],
          "line": 44
        }
      },
      "s": { "0": 0, "1": 0, "2": 0, "3": 0 },
      "f": { "0": 0, "1": 0 },
      "b": { "0": [0, 0] }
    }
  }
}
