{
  "numFailedTestSuites": 0,
  "numFailedTests": 0,
  "numPassedTestSuites": 2,
  "numPassedTests": 7,
  "numPendingTestSuites": 0,
  "numPendingTests": 2,
  "numRuntimeErrorTestSuites": 0,
  "numTodoTests": 0,
  "numTotalTestSuites": 2,
  "numTotalTests": 9,
  "openHandles": [],
  "snapshot": {
    "added": 0,
    "didUpdate": false,
    "failure": false,
    "filesAdded": 0,
    "filesRemoved": 0,
    "filesRemovedList": [],
    "filesUnmatched": 0,
    "filesUpdated": 0,
    "matched": 6,
    "total": 6,
    "unchecked": 0,
    "uncheckedKeysByFile": [],
    "unmatched": 0,
    "updated": 0
  },
  "startTime": 1576050595496,
  "success": true,
  "testResults": [
    {
      "assertionResults": [
        {
          "ancestorTitles": ["FieldInput Component"],
          "failureMessages": [],
          "fullName": "FieldInput Component should render correctly",
          "location": null,
          "status": "passed",
          "title": "should render correctly"
        },
        {
          "ancestorTitles": ["FieldInput Component"],
          "failureMessages": [],
          "fullName": "FieldInput Component should render label correctly",
          "location": null,
          "status": "pending",
          "title": "should render label correctly"
        },
        {
          "ancestorTitles": ["FieldInput Component"],
          "failureMessages": [],
          "fullName": "FieldInput Component should render Input component with proper type",
          "location": null,
          "status": "pending",
          "title": "should render Input component with proper type"
        }
      ],
      "endTime": 1576050597208,
      "message": "",
      "name": "/Users/vijmishr/Documents/Projects/atomic-react-components/lib/components/molecules/Form/FieldInput/tests/FieldInput.test.js",
      "startTime": 1576050596762,
      "status": "passed",
      "summary": ""
    },
    {
      "assertionResults": [
        {
          "ancestorTitles": ["Form Component"],
          "failureMessages": [],
          "fullName": "Form Component should render select tag correctly",
          "location": null,
          "status": "passed",
          "title": "should render select tag correctly"
        },
        {
          "ancestorTitles": ["Form Component"],
          "failureMessages": [],
          "fullName": "Form Component should render input text field",
          "location": null,
          "status": "passed",
          "title": "should render input text field"
        },
        {
          "ancestorTitles": ["Form Component"],
          "failureMessages": [],
          "fullName": "Form Component should render select field",
          "location": null,
          "status": "passed",
          "title": "should render select field"
        },
        {
          "ancestorTitles": ["Form Component"],
          "failureMessages": [],
          "fullName": "Form Component should render input field with yupValidationSchema",
          "location": null,
          "status": "passed",
          "title": "should render input field with yupValidationSchema"
        },
        {
          "ancestorTitles": ["Form Component"],
          "failureMessages": [],
          "fullName": "Form Component should render input field with no validation",
          "location": null,
          "status": "passed",
          "title": "should render input field with no validation"
        },
        {
          "ancestorTitles": ["Form Component"],
          "failureMessages": [],
          "fullName": "Form Component getSchema should return null if no params are passed",
          "location": null,
          "status": "passed",
          "title": "getSchema should return null if no params are passed"
        }
      ],
      "endTime": 1576050597337,
      "message": "",
      "name": "/Users/vijmishr/Documents/Projects/atomic-react-components/lib/components/molecules/Form/tests/Form.test.js",
      "startTime": 1576050596754,
      "status": "passed",
      "summary": ""
    }
  ],
  "wasInterrupted": false
}
