{"numFailedTestSuites":0,"numFailedTests":0,"numPassedTestSuites":1,"numPassedTests":7,"numPendingTestSuites":0,"numPendingTests":0,"numRuntimeErrorTestSuites":0,"numTodoTests":0,"numTotalTestSuites":1,"numTotalTests":7,"openHandles":[],"snapshot":{"added":0,"didUpdate":false,"failure":false,"filesAdded":0,"filesRemoved":0,"filesRemovedList":[],"filesUnmatched":0,"filesUpdated":0,"matched":1,"total":1,"unchecked":0,"uncheckedKeysByFile":[],"unmatched":0,"updated":0},"startTime":1575527991987,"success":false,"testResults":[{"assertionResults":[{"ancestorTitles":["Table"],"failureMessages":[],"fullName":"Table should render correctly","location":null,"status":"passed","title":"should render correctly"},{"ancestorTitles":["Table"],"failureMessages":[],"fullName":"Table should have table component","location":null,"status":"passed","title":"should have table component"},{"ancestorTitles":["Table"],"failureMessages":[],"fullName":"Table should have thead component","location":null,"status":"passed","title":"should have thead component"},{"ancestorTitles":["Table"],"failureMessages":[],"fullName":"Table should have tbody component","location":null,"status":"passed","title":"should have tbody component"},{"ancestorTitles":["Table"],"failureMessages":[],"fullName":"Table should have th is equal to number of columns","location":null,"status":"passed","title":"should have th is equal to number of columns"},{"ancestorTitles":["Table"],"failureMessages":[],"fullName":"Table should have tr is equal to number of data rows","location":null,"status":"passed","title":"should have tr is equal to number of data rows"},{"ancestorTitles":["Table"],"failureMessages":[],"fullName":"Table should loop through each row and check the content","location":null,"status":"passed","title":"should loop through each row and check the content"}],"endTime":1575528002352,"message":"","name":"C:\\Users\\anksaini1\\Documents\\project\\atomic-react-components\\lib\\components\\molecules\\Table\\tests\\Table.test.js","startTime":1575528000222,"status":"passed","summary":""}],"wasInterrupted":false,"coverageMap":{"C:\\Users\\anksaini1\\Documents\\project\\atomic-react-components\\lib\\components\\molecules\\Table\\index.js":{"path":"C:\\Users\\anksaini1\\Documents\\project\\atomic-react-components\\lib\\components\\molecules\\Table\\index.js","statementMap":{},"fnMap":{},"branchMap":{},"s":{},"f":{},"b":{},"_coverageSchema":"43e27e138ebf9cfc5966b082cf9a028302ed4184","hash":"90a888dc66482c413bf90b20834c7df0ac23301f"},"C:\\Users\\anksaini1\\Documents\\project\\atomic-react-components\\lib\\components\\molecules\\Table\\Table.js":{"path":"C:\\Users\\anksaini1\\Documents\\project\\atomic-react-components\\lib\\components\\molecules\\Table\\Table.js","statementMap":{"0":{"start":{"line":7,"column":14},"end":{"line":33,"column":1}},"1":{"start":{"line":8,"column":2},"end":{"line":32,"column":4}},"2":{"start":{"line":13,"column":12},"end":{"line":13,"column":89}},"3":{"start":{"line":19,"column":10},"end":{"line":28,"column":15}},"4":{"start":{"line":21,"column":14},"end":{"line":26,"column":19}},"5":{"start":{"line":35,"column":0},"end":{"line":37,"column":2}},"6":{"start":{"line":39,"column":0},"end":{"line":39,"column":83}},"7":{"start":{"line":39,"column":46},"end":{"line":39,"column":81}},"8":{"start":{"line":41,"column":0},"end":{"line":41,"column":24}}},"fnMap":{"0":{"name":"(anonymous_0)","decl":{"start":{"line":7,"column":14},"end":{"line":7,"column":15}},"loc":{"start":{"line":7,"column":71},"end":{"line":33,"column":1}},"line":7},"1":{"name":"(anonymous_1)","decl":{"start":{"line":12,"column":34},"end":{"line":12,"column":35}},"loc":{"start":{"line":13,"column":12},"end":{"line":13,"column":89}},"line":13},"2":{"name":"(anonymous_2)","decl":{"start":{"line":18,"column":18},"end":{"line":18,"column":19}},"loc":{"start":{"line":19,"column":10},"end":{"line":28,"column":15}},"line":19},"3":{"name":"(anonymous_3)","decl":{"start":{"line":20,"column":36},"end":{"line":20,"column":37}},"loc":{"start":{"line":21,"column":14},"end":{"line":26,"column":19}},"line":21},"4":{"name":"(anonymous_4)","decl":{"start":{"line":39,"column":15},"end":{"line":39,"column":16}},"loc":{"start":{"line":39,"column":46},"end":{"line":39,"column":81}},"line":39}},"branchMap":{"0":{"loc":{"start":{"line":39,"column":46},"end":{"line":39,"column":81}},"type":"cond-expr","locations":[{"start":{"line":39,"column":68},"end":{"line":39,"column":73}},{"start":{"line":39,"column":76},"end":{"line":39,"column":81}}],"line":39}},"s":{"0":1,"1":7,"2":35,"3":91,"4":455,"5":1,"6":1,"7":0,"8":1},"f":{"0":7,"1":35,"2":91,"3":455,"4":0},"b":{"0":[0,0]},"_coverageSchema":"43e27e138ebf9cfc5966b082cf9a028302ed4184","hash":"1f111f9634cf52764f2e0ff29093bcbf27d58e55"},"C:\\Users\\anksaini1\\Documents\\project\\atomic-react-components\\lib\\components\\molecules\\Table\\Table.style.js":{"path":"C:\\Users\\anksaini1\\Documents\\project\\atomic-react-components\\lib\\components\\molecules\\Table\\Table.style.js","statementMap":{"0":{"start":{"line":4,"column":29},"end":{"line":4,"column":54}},"1":{"start":{"line":5,"column":13},"end":{"line":5,"column":47}},"2":{"start":{"line":10,"column":15},"end":{"line":10,"column":49}},"3":{"start":{"line":12,"column":14},"end":{"line":12,"column":64}}},"fnMap":{"0":{"name":"(anonymous_0)","decl":{"start":{"line":4,"column":20},"end":{"line":4,"column":21}},"loc":{"start":{"line":4,"column":29},"end":{"line":4,"column":54}},"line":4},"1":{"name":"(anonymous_1)","decl":{"start":{"line":5,"column":4},"end":{"line":5,"column":5}},"loc":{"start":{"line":5,"column":13},"end":{"line":5,"column":47}},"line":5},"2":{"name":"(anonymous_2)","decl":{"start":{"line":10,"column":6},"end":{"line":10,"column":7}},"loc":{"start":{"line":10,"column":15},"end":{"line":10,"column":49}},"line":10},"3":{"name":"(anonymous_3)","decl":{"start":{"line":12,"column":4},"end":{"line":12,"column":5}},"loc":{"start":{"line":12,"column":14},"end":{"line":12,"column":64}},"line":12}},"branchMap":{"0":{"loc":{"start":{"line":12,"column":14},"end":{"line":12,"column":64}},"type":"cond-expr","locations":[{"start":{"line":12,"column":38},"end":{"line":12,"column":59}},{"start":{"line":12,"column":62},"end":{"line":12,"column":64}}],"line":12}},"s":{"0":0,"1":0,"2":0,"3":0},"f":{"0":0,"1":0,"2":0,"3":0},"b":{"0":[0,0]},"_coverageSchema":"43e27e138ebf9cfc5966b082cf9a028302ed4184","hash":"53402ad06cbdbb437075d30dde4453d549e34f0f"},"C:\\Users\\anksaini1\\Documents\\project\\atomic-react-components\\lib\\components\\molecules\\Table\\types\\index.js":{"path":"C:\\Users\\anksaini1\\Documents\\project\\atomic-react-components\\lib\\components\\molecules\\Table\\types\\index.js","statementMap":{},"fnMap":{},"branchMap":{},"s":{},"f":{},"b":{},"hash":"80d39042f4ff1adf92ba96121ee4fb093406578f"}}}