{
  "numFailedTestSuites": 0,
  "numFailedTests": 0,
  "numPassedTestSuites": 37,
  "numPassedTests": 100,
  "numPendingTestSuites": 0,
  "numPendingTests": 0,
  "numRuntimeErrorTestSuites": 0,
  "numTodoTests": 0,
  "numTotalTestSuites": 37,
  "numTotalTests": 100,
  "openHandles": [],
  "snapshot": {
    "added": 0,
    "didUpdate": false,
    "failure": false,
    "filesAdded": 0,
    "filesRemoved": 0,
    "filesRemovedList": [],
    "filesUnmatched": 0,
    "filesUpdated": 0,
    "matched": 43,
    "total": 43,
    "unchecked": 0,
    "uncheckedKeysByFile": [],
    "unmatched": 0,
    "updated": 0
  },
  "startTime": 1576581455582,
  "success": true,
  "testResults": [
    {
      "assertionResults": [
        {
          "ancestorTitles": [
            "Hook: useSpeechRecognition ",
            "When browser supported speech recognition"
          ],
          "failureMessages": [],
          "fullName": "Hook: useSpeechRecognition  When browser supported speech recognition Check browser supported: true ",
          "location": null,
          "status": "passed",
          "title": "Check browser supported: true "
        },
        {
          "ancestorTitles": [
            "Hook: useSpeechRecognition ",
            "When browser supported speech recognition"
          ],
          "failureMessages": [],
          "fullName": "Hook: useSpeechRecognition  When browser supported speech recognition Check isListening should be: false ",
          "location": null,
          "status": "passed",
          "title": "Check isListening should be: false "
        },
        {
          "ancestorTitles": [
            "Hook: useSpeechRecognition ",
            "When browser unsupported speech recognition"
          ],
          "failureMessages": [],
          "fullName": "Hook: useSpeechRecognition  When browser unsupported speech recognition Check browser supported: false ",
          "location": null,
          "status": "passed",
          "title": "Check browser supported: false "
        },
        {
          "ancestorTitles": ["Hook: useSpeechRecognition ", "When listening speech recognition"],
          "failureMessages": [],
          "fullName": "Hook: useSpeechRecognition  When listening speech recognition Should call start() instance once",
          "location": null,
          "status": "passed",
          "title": "Should call start() instance once"
        },
        {
          "ancestorTitles": ["Hook: useSpeechRecognition ", "When listening speech recognition"],
          "failureMessages": [],
          "fullName": "Hook: useSpeechRecognition  When listening speech recognition Should call stop() instance once",
          "location": null,
          "status": "passed",
          "title": "Should call stop() instance once"
        },
        {
          "ancestorTitles": [
            "Hook: useSpeechRecognition ",
            "When not listening speech recognition"
          ],
          "failureMessages": [],
          "fullName": "Hook: useSpeechRecognition  When not listening speech recognition Should not call start() instance again",
          "location": null,
          "status": "passed",
          "title": "Should not call start() instance again"
        },
        {
          "ancestorTitles": [
            "Hook: useSpeechRecognition ",
            "When not listening speech recognition"
          ],
          "failureMessages": [],
          "fullName": "Hook: useSpeechRecognition  When not listening speech recognition Should not call stop() instance again",
          "location": null,
          "status": "passed",
          "title": "Should not call stop() instance again"
        },
        {
          "ancestorTitles": ["Hook: useSpeechRecognition ", "Check Result"],
          "failureMessages": [],
          "fullName": "Hook: useSpeechRecognition  Check Result Check isListening: true",
          "location": null,
          "status": "passed",
          "title": "Check isListening: true"
        },
        {
          "ancestorTitles": ["Hook: useSpeechRecognition ", "Check Result"],
          "failureMessages": [],
          "fullName": "Hook: useSpeechRecognition  Check Result check results: Hello XT",
          "location": null,
          "status": "passed",
          "title": "check results: Hello XT"
        }
      ],
      "endTime": 1576581470715,
      "message": "",
      "name": "C:\\dev\\atomic-react-components\\lib\\core\\hooks\\speechRecognition\\tests\\useSpeechRecognition.test.js",
      "startTime": 1576581467414,
      "status": "passed",
      "summary": ""
    },
    {
      "assertionResults": [
        {
          "ancestorTitles": ["<Tabs />"],
          "failureMessages": [],
          "fullName": "<Tabs /> should render correctly",
          "location": null,
          "status": "passed",
          "title": "should render correctly"
        },
        {
          "ancestorTitles": ["<Tabs /> functional behavior"],
          "failureMessages": [],
          "fullName": "<Tabs /> functional behavior should have minimum dom structure for the tests below",
          "location": null,
          "status": "passed",
          "title": "should have minimum dom structure for the tests below"
        },
        {
          "ancestorTitles": ["<Tabs /> functional behavior"],
          "failureMessages": [],
          "fullName": "<Tabs /> functional behavior should change the tab panel and execute callback on closed tab click",
          "location": null,
          "status": "passed",
          "title": "should change the tab panel and execute callback on closed tab click"
        }
      ],
      "endTime": 1576581471741,
      "message": "",
      "name": "C:\\dev\\atomic-react-components\\lib\\components\\molecules\\Tabs\\tests\\Tabs.test.js",
      "startTime": 1576581467557,
      "status": "passed",
      "summary": ""
    },
    {
      "assertionResults": [
        {
          "ancestorTitles": ["FieldTextarea Component"],
          "failureMessages": [],
          "fullName": "FieldTextarea Component should render correctly",
          "location": null,
          "status": "passed",
          "title": "should render correctly"
        },
        {
          "ancestorTitles": ["FieldTextarea Component"],
          "failureMessages": [],
          "fullName": "FieldTextarea Component should render label correctly",
          "location": null,
          "status": "passed",
          "title": "should render label correctly"
        },
        {
          "ancestorTitles": ["FieldTextarea Component"],
          "failureMessages": [],
          "fullName": "FieldTextarea Component should render textarea tag",
          "location": null,
          "status": "passed",
          "title": "should render textarea tag"
        }
      ],
      "endTime": 1576581472209,
      "message": "",
      "name": "C:\\dev\\atomic-react-components\\lib\\components\\molecules\\Form\\FieldTextarea\\tests\\FieldTextarea.test.js",
      "startTime": 1576581467313,
      "status": "passed",
      "summary": ""
    },
    {
      "assertionResults": [
        {
          "ancestorTitles": ["FieldInput Component"],
          "failureMessages": [],
          "fullName": "FieldInput Component should render correctly",
          "location": null,
          "status": "passed",
          "title": "should render correctly"
        },
        {
          "ancestorTitles": ["FieldInput Component"],
          "failureMessages": [],
          "fullName": "FieldInput Component should render label correctly",
          "location": null,
          "status": "passed",
          "title": "should render label correctly"
        },
        {
          "ancestorTitles": ["FieldInput Component"],
          "failureMessages": [],
          "fullName": "FieldInput Component should render select tag",
          "location": null,
          "status": "passed",
          "title": "should render select tag"
        }
      ],
      "endTime": 1576581472261,
      "message": "",
      "name": "C:\\dev\\atomic-react-components\\lib\\components\\molecules\\Form\\FieldSelect\\tests\\FieldSelect.test.js",
      "startTime": 1576581467276,
      "status": "passed",
      "summary": ""
    },
    {
      "assertionResults": [
        {
          "ancestorTitles": ["Form Component"],
          "failureMessages": [],
          "fullName": "Form Component should render select tag correctly",
          "location": null,
          "status": "passed",
          "title": "should render select tag correctly"
        },
        {
          "ancestorTitles": ["Form Component"],
          "failureMessages": [],
          "fullName": "Form Component should render input text field",
          "location": null,
          "status": "passed",
          "title": "should render input text field"
        },
        {
          "ancestorTitles": ["Form Component"],
          "failureMessages": [],
          "fullName": "Form Component should render select field",
          "location": null,
          "status": "passed",
          "title": "should render select field"
        },
        {
          "ancestorTitles": ["Form Component"],
          "failureMessages": [],
          "fullName": "Form Component should render input field with yupValidationSchema",
          "location": null,
          "status": "passed",
          "title": "should render input field with yupValidationSchema"
        },
        {
          "ancestorTitles": ["Form Component"],
          "failureMessages": [],
          "fullName": "Form Component should render input field with no validation",
          "location": null,
          "status": "passed",
          "title": "should render input field with no validation"
        },
        {
          "ancestorTitles": ["Form Component"],
          "failureMessages": [],
          "fullName": "Form Component getSchema should return null if no params are passed",
          "location": null,
          "status": "passed",
          "title": "getSchema should return null if no params are passed"
        }
      ],
      "endTime": 1576581472452,
      "message": "",
      "name": "C:\\dev\\atomic-react-components\\lib\\components\\molecules\\Form\\tests\\Form.test.js",
      "startTime": 1576581467452,
      "status": "passed",
      "summary": ""
    },
    {
      "assertionResults": [
        {
          "ancestorTitles": ["FieldInput Component"],
          "failureMessages": [],
          "fullName": "FieldInput Component should render correctly",
          "location": null,
          "status": "passed",
          "title": "should render correctly"
        },
        {
          "ancestorTitles": ["FieldInput Component"],
          "failureMessages": [],
          "fullName": "FieldInput Component should render label correctly",
          "location": null,
          "status": "passed",
          "title": "should render label correctly"
        },
        {
          "ancestorTitles": ["FieldInput Component"],
          "failureMessages": [],
          "fullName": "FieldInput Component should render Input component with proper type",
          "location": null,
          "status": "passed",
          "title": "should render Input component with proper type"
        }
      ],
      "endTime": 1576581472529,
      "message": "",
      "name": "C:\\dev\\atomic-react-components\\lib\\components\\molecules\\Form\\FieldInput\\tests\\FieldInput.test.js",
      "startTime": 1576581467250,
      "status": "passed",
      "summary": ""
    },
    {
      "assertionResults": [
        {
          "ancestorTitles": ["<QuoteMedia />"],
          "failureMessages": [],
          "fullName": "<QuoteMedia /> Should have component heading being displayed",
          "location": null,
          "status": "passed",
          "title": "Should have component heading being displayed"
        },
        {
          "ancestorTitles": ["<QuoteMedia />"],
          "failureMessages": [],
          "fullName": "<QuoteMedia /> Should allow quote component passing",
          "location": null,
          "status": "passed",
          "title": "Should allow quote component passing"
        },
        {
          "ancestorTitles": ["<QuoteMedia />"],
          "failureMessages": [],
          "fullName": "<QuoteMedia /> Should render media Image in component body",
          "location": null,
          "status": "passed",
          "title": "Should render media Image in component body"
        },
        {
          "ancestorTitles": ["<QuoteMedia />"],
          "failureMessages": [],
          "fullName": "<QuoteMedia /> Should render correctly",
          "location": null,
          "status": "passed",
          "title": "Should render correctly"
        }
      ],
      "endTime": 1576581473140,
      "message": "",
      "name": "C:\\dev\\atomic-react-components\\lib\\components\\molecules\\QuoteMedia\\tests\\QuoteMedia.test.js",
      "startTime": 1576581471234,
      "status": "passed",
      "summary": ""
    },
    {
      "assertionResults": [
        {
          "ancestorTitles": ["<ArticleThumbnail />"],
          "failureMessages": [],
          "fullName": "<ArticleThumbnail /> should render correctly with Readmore",
          "location": null,
          "status": "passed",
          "title": "should render correctly with Readmore"
        },
        {
          "ancestorTitles": ["<ArticleThumbnail />"],
          "failureMessages": [],
          "fullName": "<ArticleThumbnail /> should render correctly with full clickable thumb",
          "location": null,
          "status": "passed",
          "title": "should render correctly with full clickable thumb"
        }
      ],
      "endTime": 1576581473863,
      "message": "",
      "name": "C:\\dev\\atomic-react-components\\lib\\components\\molecules\\ArticleThumbnail\\tests\\ArticleThumbnail.test.js",
      "startTime": 1576581473049,
      "status": "passed",
      "summary": ""
    },
    {
      "assertionResults": [
        {
          "ancestorTitles": ["Select Styled component"],
          "failureMessages": [],
          "fullName": "Select Styled component should render correctly",
          "location": null,
          "status": "passed",
          "title": "should render correctly"
        }
      ],
      "endTime": 1576581474309,
      "message": "",
      "name": "C:\\dev\\atomic-react-components\\lib\\components\\atoms\\Select\\tests\\Select.style.test.js",
      "startTime": 1576581473389,
      "status": "passed",
      "summary": ""
    },
    {
      "assertionResults": [
        {
          "ancestorTitles": ["Modal Component"],
          "failureMessages": [],
          "fullName": "Modal Component should render Modal correctly",
          "location": null,
          "status": "passed",
          "title": "should render Modal correctly"
        }
      ],
      "endTime": 1576581474312,
      "message": "",
      "name": "C:\\dev\\atomic-react-components\\lib\\components\\molecules\\Modal\\tests\\Modal.test.js",
      "startTime": 1576581473104,
      "status": "passed",
      "summary": ""
    },
    {
      "assertionResults": [
        {
          "ancestorTitles": ["Select Styled component"],
          "failureMessages": [],
          "fullName": "Select Styled component should render correctly",
          "location": null,
          "status": "passed",
          "title": "should render correctly"
        }
      ],
      "endTime": 1576581474354,
      "message": "",
      "name": "C:\\dev\\atomic-react-components\\lib\\components\\atoms\\Textarea\\tests\\Textarea.style.test.js",
      "startTime": 1576581473303,
      "status": "passed",
      "summary": ""
    },
    {
      "assertionResults": [
        {
          "ancestorTitles": ["<Video />"],
          "failureMessages": [],
          "fullName": "<Video /> should have video tag",
          "location": null,
          "status": "passed",
          "title": "should have video tag"
        },
        {
          "ancestorTitles": ["<Video />"],
          "failureMessages": [],
          "fullName": "<Video /> should have source tag in video",
          "location": null,
          "status": "passed",
          "title": "should have source tag in video"
        },
        {
          "ancestorTitles": ["<Video />"],
          "failureMessages": [],
          "fullName": "<Video /> should have src attribute in source tag",
          "location": null,
          "status": "passed",
          "title": "should have src attribute in source tag"
        },
        {
          "ancestorTitles": ["<Video />"],
          "failureMessages": [],
          "fullName": "<Video /> should not be autoplay",
          "location": null,
          "status": "passed",
          "title": "should not be autoplay"
        },
        {
          "ancestorTitles": ["<Video />"],
          "failureMessages": [],
          "fullName": "<Video /> should not have track element only should have Track component",
          "location": null,
          "status": "passed",
          "title": "should not have track element only should have Track component"
        },
        {
          "ancestorTitles": ["<Video />"],
          "failureMessages": [],
          "fullName": "<Video /> should have children",
          "location": null,
          "status": "passed",
          "title": "should have children"
        },
        {
          "ancestorTitles": ["<Video />"],
          "failureMessages": [],
          "fullName": "<Video /> track component without data",
          "location": null,
          "status": "passed",
          "title": "track component without data"
        },
        {
          "ancestorTitles": ["<Video />"],
          "failureMessages": [],
          "fullName": "<Video /> should render correctly",
          "location": null,
          "status": "passed",
          "title": "should render correctly"
        }
      ],
      "endTime": 1576581474638,
      "message": "",
      "name": "C:\\dev\\atomic-react-components\\lib\\components\\atoms\\Video\\tests\\Video.test.js",
      "startTime": 1576581472570,
      "status": "passed",
      "summary": ""
    },
    {
      "assertionResults": [
        {
          "ancestorTitles": ["<Search />"],
          "failureMessages": [],
          "fullName": "<Search /> should render correctly",
          "location": null,
          "status": "passed",
          "title": "should render correctly"
        }
      ],
      "endTime": 1576581475110,
      "message": "",
      "name": "C:\\dev\\atomic-react-components\\lib\\components\\molecules\\Search\\tests\\Search.test.js",
      "startTime": 1576581473757,
      "status": "passed",
      "summary": ""
    },
    {
      "assertionResults": [
        {
          "ancestorTitles": ["<Popover /> Rendering"],
          "failureMessages": [],
          "fullName": "<Popover /> Rendering should render correctly",
          "location": null,
          "status": "passed",
          "title": "should render correctly"
        },
        {
          "ancestorTitles": ["Popover functional behavior"],
          "failureMessages": [],
          "fullName": "Popover functional behavior Should have Close Button By Default and can be closed",
          "location": null,
          "status": "passed",
          "title": "Should have Close Button By Default and can be closed"
        },
        {
          "ancestorTitles": ["Popover functional behavior"],
          "failureMessages": [],
          "fullName": "Popover functional behavior Should open By Default when isVisible set to true",
          "location": null,
          "status": "passed",
          "title": "Should open By Default when isVisible set to true"
        },
        {
          "ancestorTitles": ["Popover functional behavior"],
          "failureMessages": [],
          "fullName": "Popover functional behavior Should open and close on Trigger and X button click",
          "location": null,
          "status": "passed",
          "title": "Should open and close on Trigger and X button click"
        }
      ],
      "endTime": 1576581475309,
      "message": "",
      "name": "C:\\dev\\atomic-react-components\\lib\\components\\molecules\\Popover\\tests\\Popover.test.js",
      "startTime": 1576581474413,
      "status": "passed",
      "summary": ""
    },
    {
      "assertionResults": [
        {
          "ancestorTitles": ["Heading Component"],
          "failureMessages": [],
          "fullName": "Heading Component should render correctly and match snapshot",
          "location": null,
          "status": "passed",
          "title": "should render correctly and match snapshot"
        },
        {
          "ancestorTitles": ["Heading Component"],
          "failureMessages": [],
          "fullName": "Heading Component should check the custom locator of heading",
          "location": null,
          "status": "passed",
          "title": "should check the custom locator of heading"
        },
        {
          "ancestorTitles": ["Heading Component"],
          "failureMessages": [],
          "fullName": "Heading Component should check the default locator of heading",
          "location": null,
          "status": "passed",
          "title": "should check the default locator of heading"
        }
      ],
      "endTime": 1576581475670,
      "message": "",
      "name": "C:\\dev\\atomic-react-components\\lib\\components\\atoms\\Heading\\tests\\Heading.test.js",
      "startTime": 1576581474979,
      "status": "passed",
      "summary": ""
    },
    {
      "assertionResults": [
        {
          "ancestorTitles": ["Image Component with styles"],
          "failureMessages": [],
          "fullName": "Image Component with styles should render correctly and match snapshots",
          "location": null,
          "status": "passed",
          "title": "should render correctly and match snapshots"
        },
        {
          "ancestorTitles": ["Image Component with styles"],
          "failureMessages": [],
          "fullName": "Image Component with styles should render correctly with lazy load",
          "location": null,
          "status": "passed",
          "title": "should render correctly with lazy load"
        }
      ],
      "endTime": 1576581475705,
      "message": "",
      "name": "C:\\dev\\atomic-react-components\\lib\\components\\atoms\\Image\\tests\\Image.style.test.js",
      "startTime": 1576581475020,
      "status": "passed",
      "summary": ""
    },
    {
      "assertionResults": [
        {
          "ancestorTitles": ["<Blockquote />"],
          "failureMessages": [],
          "fullName": "<Blockquote /> should render blockquote",
          "location": null,
          "status": "passed",
          "title": "should render blockquote"
        },
        {
          "ancestorTitles": ["<Blockquote />"],
          "failureMessages": [],
          "fullName": "<Blockquote /> should render content",
          "location": null,
          "status": "passed",
          "title": "should render content"
        },
        {
          "ancestorTitles": ["<Blockquote />"],
          "failureMessages": [],
          "fullName": "<Blockquote /> check quoteContent value passed in",
          "location": null,
          "status": "passed",
          "title": "check quoteContent value passed in"
        },
        {
          "ancestorTitles": ["<Blockquote />"],
          "failureMessages": [],
          "fullName": "<Blockquote /> check quoteAuthor value passed in",
          "location": null,
          "status": "passed",
          "title": "check quoteAuthor value passed in"
        },
        {
          "ancestorTitles": ["<Blockquote />"],
          "failureMessages": [],
          "fullName": "<Blockquote /> should render author name",
          "location": null,
          "status": "passed",
          "title": "should render author name"
        },
        {
          "ancestorTitles": ["<Blockquote />"],
          "failureMessages": [],
          "fullName": "<Blockquote /> should render correctly",
          "location": null,
          "status": "passed",
          "title": "should render correctly"
        }
      ],
      "endTime": 1576581475887,
      "message": "",
      "name": "C:\\dev\\atomic-react-components\\lib\\components\\molecules\\Blockquote\\tests\\Blockquote.test.js",
      "startTime": 1576581475046,
      "status": "passed",
      "summary": ""
    },
    {
      "assertionResults": [
        {
          "ancestorTitles": ["<Tab />"],
          "failureMessages": [],
          "fullName": "<Tab /> should render correctly",
          "location": null,
          "status": "passed",
          "title": "should render correctly"
        }
      ],
      "endTime": 1576581476073,
      "message": "",
      "name": "C:\\dev\\atomic-react-components\\lib\\components\\molecules\\Tabs\\Tab\\tests\\Tab.test.js",
      "startTime": 1576581475308,
      "status": "passed",
      "summary": ""
    },
    {
      "assertionResults": [
        {
          "ancestorTitles": ["Button Component"],
          "failureMessages": [],
          "fullName": "Button Component should render correctly",
          "location": null,
          "status": "passed",
          "title": "should render correctly"
        },
        {
          "ancestorTitles": ["Button Component"],
          "failureMessages": [],
          "fullName": "Button Component should render disabled",
          "location": null,
          "status": "passed",
          "title": "should render disabled"
        },
        {
          "ancestorTitles": ["Button Component"],
          "failureMessages": [],
          "fullName": "Button Component should render title element",
          "location": null,
          "status": "passed",
          "title": "should render title element"
        },
        {
          "ancestorTitles": ["Button Component"],
          "failureMessages": [],
          "fullName": "Button Component should render aria attribute element",
          "location": null,
          "status": "passed",
          "title": "should render aria attribute element"
        },
        {
          "ancestorTitles": ["Button Component"],
          "failureMessages": [],
          "fullName": "Button Component should check the data attribute of button",
          "location": null,
          "status": "passed",
          "title": "should check the data attribute of button"
        }
      ],
      "endTime": 1576581476539,
      "message": "",
      "name": "C:\\dev\\atomic-react-components\\lib\\components\\atoms\\Button\\tests\\Button.test.js",
      "startTime": 1576581475794,
      "status": "passed",
      "summary": ""
    },
    {
      "assertionResults": [
        {
          "ancestorTitles": ["InputChoiceVanilla Component"],
          "failureMessages": [],
          "fullName": "InputChoiceVanilla Component should render Radio button correctly",
          "location": null,
          "status": "passed",
          "title": "should render Radio button correctly"
        },
        {
          "ancestorTitles": ["InputChoiceVanilla Component"],
          "failureMessages": [],
          "fullName": "InputChoiceVanilla Component should render checkbox correctly",
          "location": null,
          "status": "passed",
          "title": "should render checkbox correctly"
        },
        {
          "ancestorTitles": ["InputChoiceVanilla Component"],
          "failureMessages": [],
          "fullName": "InputChoiceVanilla Component should render disabled",
          "location": null,
          "status": "passed",
          "title": "should render disabled"
        },
        {
          "ancestorTitles": ["InputChoiceVanilla Component"],
          "failureMessages": [],
          "fullName": "InputChoiceVanilla Component should render checked",
          "location": null,
          "status": "passed",
          "title": "should render checked"
        }
      ],
      "endTime": 1576581476819,
      "message": "",
      "name": "C:\\dev\\atomic-react-components\\lib\\components\\molecules\\InputChoice\\tests\\InputChoice.test.js",
      "startTime": 1576581476130,
      "status": "passed",
      "summary": ""
    },
    {
      "assertionResults": [
        {
          "ancestorTitles": ["Anchor Component"],
          "failureMessages": [],
          "fullName": "Anchor Component should render correctly and match snapshot",
          "location": null,
          "status": "passed",
          "title": "should render correctly and match snapshot"
        },
        {
          "ancestorTitles": ["Anchor Component"],
          "failureMessages": [],
          "fullName": "Anchor Component Should handle on typeahead focuson Events",
          "location": null,
          "status": "passed",
          "title": "Should handle on typeahead focuson Events"
        },
        {
          "ancestorTitles": ["Anchor Component"],
          "failureMessages": [],
          "fullName": "Anchor Component should check the data attribute of anchor",
          "location": null,
          "status": "passed",
          "title": "should check the data attribute of anchor"
        }
      ],
      "endTime": 1576581477056,
      "message": "",
      "name": "C:\\dev\\atomic-react-components\\lib\\components\\atoms\\Anchor\\tests\\Anchor.test.js",
      "startTime": 1576581476419,
      "status": "passed",
      "summary": ""
    },
    {
      "assertionResults": [
        {
          "ancestorTitles": ["Input Styled component"],
          "failureMessages": [],
          "fullName": "Input Styled component should render correctly",
          "location": null,
          "status": "passed",
          "title": "should render correctly"
        }
      ],
      "endTime": 1576581477076,
      "message": "",
      "name": "C:\\dev\\atomic-react-components\\lib\\components\\atoms\\Input\\tests\\Input.style.test.js",
      "startTime": 1576581476384,
      "status": "passed",
      "summary": ""
    },
    {
      "assertionResults": [
        {
          "ancestorTitles": ["Button"],
          "failureMessages": [],
          "fullName": "Button should render correctly",
          "location": null,
          "status": "passed",
          "title": "should render correctly"
        }
      ],
      "endTime": 1576581477149,
      "message": "",
      "name": "C:\\dev\\atomic-react-components\\lib\\components\\atoms\\Button\\tests\\Button.style.test.js",
      "startTime": 1576581476510,
      "status": "passed",
      "summary": ""
    },
    {
      "assertionResults": [
        {
          "ancestorTitles": ["Para Component"],
          "failureMessages": [],
          "fullName": "Para Component should render correctly and match snapshot",
          "location": null,
          "status": "passed",
          "title": "should render correctly and match snapshot"
        },
        {
          "ancestorTitles": ["Para Component"],
          "failureMessages": [],
          "fullName": "Para Component should check the data attribute of para",
          "location": null,
          "status": "passed",
          "title": "should check the data attribute of para"
        }
      ],
      "endTime": 1576581477370,
      "message": "",
      "name": "C:\\dev\\atomic-react-components\\lib\\components\\atoms\\Para\\tests\\Para.test.js",
      "startTime": 1576581476681,
      "status": "passed",
      "summary": ""
    },
    {
      "assertionResults": [
        {
          "ancestorTitles": ["FieldError Component"],
          "failureMessages": [],
          "fullName": "FieldError Component should render correctly",
          "location": null,
          "status": "passed",
          "title": "should render correctly"
        },
        {
          "ancestorTitles": ["FieldError Component"],
          "failureMessages": [],
          "fullName": "FieldError Component should check the element locator of field error",
          "location": null,
          "status": "passed",
          "title": "should check the element locator of field error"
        },
        {
          "ancestorTitles": ["FieldError Component"],
          "failureMessages": [],
          "fullName": "FieldError Component should check the default slnid of field error",
          "location": null,
          "status": "passed",
          "title": "should check the default slnid of field error"
        }
      ],
      "endTime": 1576581477837,
      "message": "",
      "name": "C:\\dev\\atomic-react-components\\lib\\components\\atoms\\FieldError\\tests\\FieldError.test.js",
      "startTime": 1576581477205,
      "status": "passed",
      "summary": ""
    },
    {
      "assertionResults": [
        {
          "ancestorTitles": ["<List />"],
          "failureMessages": [],
          "fullName": "<List /> should render default view correctly",
          "location": null,
          "status": "passed",
          "title": "should render default view correctly"
        }
      ],
      "endTime": 1576581478272,
      "message": "",
      "name": "C:\\dev\\atomic-react-components\\lib\\components\\molecules\\List\\tests\\List.test.js",
      "startTime": 1576581477705,
      "status": "passed",
      "summary": ""
    },
    {
      "assertionResults": [
        {
          "ancestorTitles": ["Label Component"],
          "failureMessages": [],
          "fullName": "Label Component should render correctly",
          "location": null,
          "status": "passed",
          "title": "should render correctly"
        },
        {
          "ancestorTitles": ["Label Component"],
          "failureMessages": [],
          "fullName": "Label Component should check the data attribute of label",
          "location": null,
          "status": "passed",
          "title": "should check the data attribute of label"
        }
      ],
      "endTime": 1576581478300,
      "message": "",
      "name": "C:\\dev\\atomic-react-components\\lib\\components\\atoms\\Label\\tests\\Label.test.js",
      "startTime": 1576581477745,
      "status": "passed",
      "summary": ""
    },
    {
      "assertionResults": [
        {
          "ancestorTitles": ["<Track />"],
          "failureMessages": [],
          "fullName": "<Track /> should render correctly",
          "location": null,
          "status": "passed",
          "title": "should render correctly"
        }
      ],
      "endTime": 1576581478323,
      "message": "",
      "name": "C:\\dev\\atomic-react-components\\lib\\components\\atoms\\Track\\tests\\Track.test.js",
      "startTime": 1576581477747,
      "status": "passed",
      "summary": ""
    },
    {
      "assertionResults": [
        {
          "ancestorTitles": ["<Breadcrumb />"],
          "failureMessages": [],
          "fullName": "<Breadcrumb /> should render correctly",
          "location": null,
          "status": "passed",
          "title": "should render correctly"
        }
      ],
      "endTime": 1576581478403,
      "message": "",
      "name": "C:\\dev\\atomic-react-components\\lib\\components\\molecules\\Breadcrumb\\tests\\Breadcrumb.test.js",
      "startTime": 1576581467077,
      "status": "passed",
      "summary": ""
    },
    {
      "assertionResults": [
        {
          "ancestorTitles": ["<Textarea />"],
          "failureMessages": [],
          "fullName": "<Textarea /> should render correctly",
          "location": null,
          "status": "passed",
          "title": "should render correctly"
        },
        {
          "ancestorTitles": ["<Textarea />"],
          "failureMessages": [],
          "fullName": "<Textarea /> should check the data attribute of textarea",
          "location": null,
          "status": "passed",
          "title": "should check the data attribute of textarea"
        }
      ],
      "endTime": 1576581478594,
      "message": "",
      "name": "C:\\dev\\atomic-react-components\\lib\\components\\atoms\\Textarea\\tests\\Textarea.test.js",
      "startTime": 1576581477976,
      "status": "passed",
      "summary": ""
    },
    {
      "assertionResults": [
        {
          "ancestorTitles": ["<Icon />"],
          "failureMessages": [],
          "fullName": "<Icon /> should render correctly",
          "location": null,
          "status": "passed",
          "title": "should render correctly"
        },
        {
          "ancestorTitles": ["<Icon />"],
          "failureMessages": [],
          "fullName": "<Icon /> should have id",
          "location": null,
          "status": "passed",
          "title": "should have id"
        }
      ],
      "endTime": 1576581478853,
      "message": "",
      "name": "C:\\dev\\atomic-react-components\\lib\\components\\atoms\\Icon\\tests\\Icon.test.js",
      "startTime": 1576581477469,
      "status": "passed",
      "summary": ""
    },
    {
      "assertionResults": [
        {
          "ancestorTitles": ["Image Component"],
          "failureMessages": [],
          "fullName": "Image Component should render correctly and match snapshots",
          "location": null,
          "status": "passed",
          "title": "should render correctly and match snapshots"
        },
        {
          "ancestorTitles": ["Image Component"],
          "failureMessages": [],
          "fullName": "Image Component should change image src on error",
          "location": null,
          "status": "passed",
          "title": "should change image src on error"
        },
        {
          "ancestorTitles": ["Image Component"],
          "failureMessages": [],
          "fullName": "Image Component should check the data attribute of image",
          "location": null,
          "status": "passed",
          "title": "should check the data attribute of image"
        },
        {
          "ancestorTitles": ["Image Component"],
          "failureMessages": [],
          "fullName": "Image Component should check the default locator of image",
          "location": null,
          "status": "passed",
          "title": "should check the default locator of image"
        }
      ],
      "endTime": 1576581479034,
      "message": "",
      "name": "C:\\dev\\atomic-react-components\\lib\\components\\atoms\\Image\\tests\\Image.test.js",
      "startTime": 1576581478409,
      "status": "passed",
      "summary": ""
    },
    {
      "assertionResults": [
        {
          "ancestorTitles": ["Debug"],
          "failureMessages": [],
          "fullName": "Debug should render correctly",
          "location": null,
          "status": "passed",
          "title": "should render correctly"
        }
      ],
      "endTime": 1576581479372,
      "message": "",
      "name": "C:\\dev\\atomic-react-components\\lib\\components\\molecules\\Form\\Debug\\tests\\Debug.test.js",
      "startTime": 1576581478933,
      "status": "passed",
      "summary": ""
    },
    {
      "assertionResults": [
        {
          "ancestorTitles": ["<SearchList />"],
          "failureMessages": [],
          "fullName": "<SearchList /> should render correctly",
          "location": null,
          "status": "passed",
          "title": "should render correctly"
        }
      ],
      "endTime": 1576581479391,
      "message": "",
      "name": "C:\\dev\\atomic-react-components\\lib\\components\\molecules\\Search\\SearchList\\tests\\SearchList.test.js",
      "startTime": 1576581478862,
      "status": "passed",
      "summary": ""
    },
    {
      "assertionResults": [
        {
          "ancestorTitles": ["Select Component"],
          "failureMessages": [],
          "fullName": "Select Component should render correctly",
          "location": null,
          "status": "passed",
          "title": "should render correctly"
        },
        {
          "ancestorTitles": ["Select Component"],
          "failureMessages": [],
          "fullName": "Select Component should check the data attribute of dropdown/select",
          "location": null,
          "status": "passed",
          "title": "should check the data attribute of dropdown/select"
        }
      ],
      "endTime": 1576581479432,
      "message": "",
      "name": "C:\\dev\\atomic-react-components\\lib\\components\\atoms\\Select\\tests\\Select.test.js",
      "startTime": 1576581478923,
      "status": "passed",
      "summary": ""
    },
    {
      "assertionResults": [
        {
          "ancestorTitles": ["<TabPanel />"],
          "failureMessages": [],
          "fullName": "<TabPanel /> should render correctly",
          "location": null,
          "status": "passed",
          "title": "should render correctly"
        }
      ],
      "endTime": 1576581479505,
      "message": "",
      "name": "C:\\dev\\atomic-react-components\\lib\\components\\molecules\\Tabs\\TabPanel\\tests\\TabPanel.test.js",
      "startTime": 1576581479009,
      "status": "passed",
      "summary": ""
    },
    {
      "assertionResults": [
        {
          "ancestorTitles": ["Input Component"],
          "failureMessages": [],
          "fullName": "Input Component should render correctly",
          "location": null,
          "status": "passed",
          "title": "should render correctly"
        },
        {
          "ancestorTitles": ["Input Component"],
          "failureMessages": [],
          "fullName": "Input Component should check the data attribute of input",
          "location": null,
          "status": "passed",
          "title": "should check the data attribute of input"
        }
      ],
      "endTime": 1576581479534,
      "message": "",
      "name": "C:\\dev\\atomic-react-components\\lib\\components\\atoms\\Input\\tests\\Input.test.js",
      "startTime": 1576581479124,
      "status": "passed",
      "summary": ""
    }
  ],
  "wasInterrupted": false,
  "coverageMap": {
    "C:\\dev\\atomic-react-components\\lib\\core\\hooks\\index.js": {
      "path": "C:\\dev\\atomic-react-components\\lib\\core\\hooks\\index.js",
      "statementMap": {},
      "fnMap": {},
      "branchMap": {},
      "s": {},
      "f": {},
      "b": {},
      "_coverageSchema": "43e27e138ebf9cfc5966b082cf9a028302ed4184",
      "hash": "4a54463133308cffb39df242b2efe48439cda392"
    },
    "C:\\dev\\atomic-react-components\\lib\\core\\hooks\\speechRecognition\\useSpeechRecognition.js": {
      "path": "C:\\dev\\atomic-react-components\\lib\\core\\hooks\\speechRecognition\\useSpeechRecognition.js",
      "statementMap": {
        "0": { "start": { "line": 6, "column": 29 }, "end": { "line": 49, "column": 1 } },
        "1": { "start": { "line": 7, "column": 40 }, "end": { "line": 7, "column": 55 } },
        "2": { "start": { "line": 9, "column": 2 }, "end": { "line": 15, "column": 33 } },
        "3": { "start": { "line": 17, "column": 27 }, "end": { "line": 17, "column": 53 } },
        "4": { "start": { "line": 20, "column": 4 }, "end": { "line": 20, "column": 62 } },
        "5": { "start": { "line": 22, "column": 24 }, "end": { "line": 25, "column": 3 } },
        "6": { "start": { "line": 23, "column": 19 }, "end": { "line": 23, "column": 84 } },
        "7": { "start": { "line": 24, "column": 4 }, "end": { "line": 24, "column": 50 } },
        "8": { "start": { "line": 27, "column": 17 }, "end": { "line": 33, "column": 3 } },
        "9": { "start": { "line": 28, "column": 4 }, "end": { "line": 28, "column": 42 } },
        "10": { "start": { "line": 29, "column": 4 }, "end": { "line": 29, "column": 39 } },
        "11": { "start": { "line": 30, "column": 4 }, "end": { "line": 30, "column": 29 } },
        "12": { "start": { "line": 31, "column": 4 }, "end": { "line": 31, "column": 22 } },
        "13": { "start": { "line": 32, "column": 4 }, "end": { "line": 32, "column": 26 } },
        "14": { "start": { "line": 35, "column": 32 }, "end": { "line": 41, "column": 3 } },
        "15": { "start": { "line": 36, "column": 4 }, "end": { "line": 36, "column": 28 } },
        "16": { "start": { "line": 36, "column": 21 }, "end": { "line": 36, "column": 28 } },
        "17": { "start": { "line": 37, "column": 4 }, "end": { "line": 37, "column": 25 } },
        "18": { "start": { "line": 38, "column": 4 }, "end": { "line": 38, "column": 30 } },
        "19": { "start": { "line": 39, "column": 4 }, "end": { "line": 39, "column": 47 } },
        "20": { "start": { "line": 40, "column": 4 }, "end": { "line": 40, "column": 45 } },
        "21": { "start": { "line": 40, "column": 36 }, "end": { "line": 40, "column": 44 } },
        "22": { "start": { "line": 43, "column": 2 }, "end": { "line": 46, "column": 9 } },
        "23": { "start": { "line": 44, "column": 4 }, "end": { "line": 44, "column": 35 } },
        "24": { "start": { "line": 44, "column": 28 }, "end": { "line": 44, "column": 35 } },
        "25": { "start": { "line": 45, "column": 4 }, "end": { "line": 45, "column": 83 } },
        "26": { "start": { "line": 48, "column": 2 }, "end": { "line": 48, "column": 74 } }
      },
      "fnMap": {
        "0": {
          "name": "(anonymous_0)",
          "decl": { "start": { "line": 6, "column": 29 }, "end": { "line": 6, "column": 30 } },
          "loc": { "start": { "line": 6, "column": 82 }, "end": { "line": 49, "column": 1 } },
          "line": 6
        },
        "1": {
          "name": "(anonymous_1)",
          "decl": { "start": { "line": 22, "column": 24 }, "end": { "line": 22, "column": 25 } },
          "loc": { "start": { "line": 22, "column": 33 }, "end": { "line": 25, "column": 3 } },
          "line": 22
        },
        "2": {
          "name": "(anonymous_2)",
          "decl": { "start": { "line": 27, "column": 17 }, "end": { "line": 27, "column": 18 } },
          "loc": { "start": { "line": 27, "column": 23 }, "end": { "line": 33, "column": 3 } },
          "line": 27
        },
        "3": {
          "name": "(anonymous_3)",
          "decl": { "start": { "line": 28, "column": 33 }, "end": { "line": 28, "column": 34 } },
          "loc": { "start": { "line": 28, "column": 39 }, "end": { "line": 28, "column": 41 } },
          "line": 28
        },
        "4": {
          "name": "(anonymous_4)",
          "decl": { "start": { "line": 29, "column": 30 }, "end": { "line": 29, "column": 31 } },
          "loc": { "start": { "line": 29, "column": 36 }, "end": { "line": 29, "column": 38 } },
          "line": 29
        },
        "5": {
          "name": "(anonymous_5)",
          "decl": { "start": { "line": 35, "column": 32 }, "end": { "line": 35, "column": 33 } },
          "loc": { "start": { "line": 35, "column": 38 }, "end": { "line": 41, "column": 3 } },
          "line": 35
        },
        "6": {
          "name": "(anonymous_6)",
          "decl": { "start": { "line": 40, "column": 30 }, "end": { "line": 40, "column": 31 } },
          "loc": { "start": { "line": 40, "column": 36 }, "end": { "line": 40, "column": 44 } },
          "line": 40
        },
        "7": {
          "name": "(anonymous_7)",
          "decl": { "start": { "line": 43, "column": 12 }, "end": { "line": 43, "column": 13 } },
          "loc": { "start": { "line": 43, "column": 18 }, "end": { "line": 46, "column": 3 } },
          "line": 43
        }
      },
      "branchMap": {
        "0": {
          "loc": { "start": { "line": 10, "column": 4 }, "end": { "line": 15, "column": 32 } },
          "type": "binary-expr",
          "locations": [
            { "start": { "line": 10, "column": 4 }, "end": { "line": 10, "column": 33 } },
            { "start": { "line": 11, "column": 5 }, "end": { "line": 11, "column": 29 } },
            { "start": { "line": 12, "column": 6 }, "end": { "line": 12, "column": 36 } },
            { "start": { "line": 13, "column": 6 }, "end": { "line": 13, "column": 33 } },
            { "start": { "line": 14, "column": 6 }, "end": { "line": 14, "column": 32 } },
            { "start": { "line": 15, "column": 6 }, "end": { "line": 15, "column": 31 } }
          ],
          "line": 10
        },
        "1": {
          "loc": { "start": { "line": 20, "column": 4 }, "end": { "line": 20, "column": 62 } },
          "type": "binary-expr",
          "locations": [
            { "start": { "line": 20, "column": 4 }, "end": { "line": 20, "column": 28 } },
            { "start": { "line": 20, "column": 32 }, "end": { "line": 20, "column": 62 } }
          ],
          "line": 20
        },
        "2": {
          "loc": { "start": { "line": 23, "column": 19 }, "end": { "line": 23, "column": 84 } },
          "type": "binary-expr",
          "locations": [
            { "start": { "line": 23, "column": 19 }, "end": { "line": 23, "column": 24 } },
            { "start": { "line": 23, "column": 28 }, "end": { "line": 23, "column": 41 } },
            { "start": { "line": 23, "column": 45 }, "end": { "line": 23, "column": 61 } },
            { "start": { "line": 23, "column": 65 }, "end": { "line": 23, "column": 84 } }
          ],
          "line": 23
        },
        "3": {
          "loc": { "start": { "line": 36, "column": 4 }, "end": { "line": 36, "column": 28 } },
          "type": "if",
          "locations": [
            { "start": { "line": 36, "column": 4 }, "end": { "line": 36, "column": 28 } },
            { "start": { "line": 36, "column": 4 }, "end": { "line": 36, "column": 28 } }
          ],
          "line": 36
        },
        "4": {
          "loc": { "start": { "line": 44, "column": 4 }, "end": { "line": 44, "column": 35 } },
          "type": "if",
          "locations": [
            { "start": { "line": 44, "column": 4 }, "end": { "line": 44, "column": 35 } },
            { "start": { "line": 44, "column": 4 }, "end": { "line": 44, "column": 35 } }
          ],
          "line": 44
        },
        "5": {
          "loc": { "start": { "line": 45, "column": 24 }, "end": { "line": 45, "column": 82 } },
          "type": "binary-expr",
          "locations": [
            { "start": { "line": 45, "column": 24 }, "end": { "line": 45, "column": 48 } },
            { "start": { "line": 45, "column": 52 }, "end": { "line": 45, "column": 82 } }
          ],
          "line": 45
        }
      },
      "s": {
        "0": 2,
        "1": 17,
        "2": 17,
        "3": 17,
        "4": 17,
        "5": 17,
        "6": 1,
        "7": 1,
        "8": 17,
        "9": 2,
        "10": 2,
        "11": 2,
        "12": 2,
        "13": 2,
        "14": 17,
        "15": 5,
        "16": 0,
        "17": 5,
        "18": 5,
        "19": 5,
        "20": 5,
        "21": 1,
        "22": 17,
        "23": 10,
        "24": 1,
        "25": 9,
        "26": 17
      },
      "f": { "0": 17, "1": 1, "2": 2, "3": 0, "4": 2, "5": 5, "6": 1, "7": 10 },
      "b": {
        "0": [17, 17, 1, 1, 1, 1],
        "1": [17, 16],
        "2": [1, 1, 1, 1],
        "3": [0, 5],
        "4": [1, 9],
        "5": [9, 9]
      },
      "_coverageSchema": "43e27e138ebf9cfc5966b082cf9a028302ed4184",
      "hash": "7d8ca50ff3ffcea6f784c09d29de41edd8a8c18f"
    },
    "C:\\dev\\atomic-react-components\\lib\\core\\hooks\\speechRecognition\\types\\index.js": {
      "path": "C:\\dev\\atomic-react-components\\lib\\core\\hooks\\speechRecognition\\types\\index.js",
      "statementMap": {},
      "fnMap": {},
      "branchMap": {},
      "s": {},
      "f": {},
      "b": {},
      "_coverageSchema": "43e27e138ebf9cfc5966b082cf9a028302ed4184",
      "hash": "aa340eccb7f764e08d185ce82abc036d712fe63b"
    },
    "C:\\dev\\atomic-react-components\\lib\\core\\hooks\\speechRecognition\\useSpeechRecognition.mock.js": {
      "path": "C:\\dev\\atomic-react-components\\lib\\core\\hooks\\speechRecognition\\useSpeechRecognition.mock.js",
      "statementMap": {
        "0": { "start": { "line": 6, "column": 4 }, "end": { "line": 6, "column": 29 } },
        "1": { "start": { "line": 7, "column": 4 }, "end": { "line": 7, "column": 26 } },
        "2": { "start": { "line": 8, "column": 4 }, "end": { "line": 14, "column": 6 } },
        "3": { "start": { "line": 9, "column": 6 }, "end": { "line": 9, "column": 36 } },
        "4": { "start": { "line": 10, "column": 6 }, "end": { "line": 13, "column": 14 } },
        "5": { "start": { "line": 11, "column": 8 }, "end": { "line": 11, "column": 56 } },
        "6": { "start": { "line": 12, "column": 8 }, "end": { "line": 12, "column": 21 } },
        "7": { "start": { "line": 16, "column": 4 }, "end": { "line": 19, "column": 6 } },
        "8": { "start": { "line": 17, "column": 6 }, "end": { "line": 17, "column": 35 } },
        "9": { "start": { "line": 18, "column": 6 }, "end": { "line": 18, "column": 19 } },
        "10": { "start": { "line": 23, "column": 0 }, "end": { "line": 23, "column": 79 } },
        "11": { "start": { "line": 24, "column": 0 }, "end": { "line": 24, "column": 40 } },
        "12": { "start": { "line": 25, "column": 0 }, "end": { "line": 25, "column": 39 } }
      },
      "fnMap": {
        "0": {
          "name": "(anonymous_0)",
          "decl": { "start": { "line": 5, "column": 2 }, "end": { "line": 5, "column": 3 } },
          "loc": { "start": { "line": 5, "column": 16 }, "end": { "line": 20, "column": 3 } },
          "line": 5
        },
        "1": {
          "name": "(anonymous_1)",
          "decl": { "start": { "line": 6, "column": 20 }, "end": { "line": 6, "column": 21 } },
          "loc": { "start": { "line": 6, "column": 26 }, "end": { "line": 6, "column": 28 } },
          "line": 6
        },
        "2": {
          "name": "(anonymous_2)",
          "decl": { "start": { "line": 7, "column": 17 }, "end": { "line": 7, "column": 18 } },
          "loc": { "start": { "line": 7, "column": 23 }, "end": { "line": 7, "column": 25 } },
          "line": 7
        },
        "3": {
          "name": "(anonymous_3)",
          "decl": { "start": { "line": 8, "column": 17 }, "end": { "line": 8, "column": 18 } },
          "loc": { "start": { "line": 8, "column": 23 }, "end": { "line": 14, "column": 5 } },
          "line": 8
        },
        "4": {
          "name": "(anonymous_4)",
          "decl": { "start": { "line": 10, "column": 17 }, "end": { "line": 10, "column": 18 } },
          "loc": { "start": { "line": 10, "column": 23 }, "end": { "line": 13, "column": 7 } },
          "line": 10
        },
        "5": {
          "name": "(anonymous_5)",
          "decl": { "start": { "line": 16, "column": 16 }, "end": { "line": 16, "column": 17 } },
          "loc": { "start": { "line": 16, "column": 22 }, "end": { "line": 19, "column": 5 } },
          "line": 16
        }
      },
      "branchMap": {},
      "s": {
        "0": 25,
        "1": 25,
        "2": 25,
        "3": 5,
        "4": 5,
        "5": 1,
        "6": 1,
        "7": 25,
        "8": 2,
        "9": 2,
        "10": 1,
        "11": 1,
        "12": 1
      },
      "f": { "0": 25, "1": 0, "2": 0, "3": 5, "4": 1, "5": 2 },
      "b": {},
      "_coverageSchema": "43e27e138ebf9cfc5966b082cf9a028302ed4184",
      "hash": "814c6d0a91db482a3414e28c16585d577fda15b2"
    },
    "C:\\dev\\atomic-react-components\\lib\\components\\molecules\\List\\index.js": {
      "path": "C:\\dev\\atomic-react-components\\lib\\components\\molecules\\List\\index.js",
      "statementMap": {},
      "fnMap": {},
      "branchMap": {},
      "s": {},
      "f": {},
      "b": {},
      "_coverageSchema": "43e27e138ebf9cfc5966b082cf9a028302ed4184",
      "hash": "09da4b5b0ce50b05158fa968b7450e426a5f8faf"
    },
    "C:\\dev\\atomic-react-components\\lib\\components\\molecules\\List\\List.js": {
      "path": "C:\\dev\\atomic-react-components\\lib\\components\\molecules\\List\\List.js",
      "statementMap": {
        "0": { "start": { "line": 26, "column": 13 }, "end": { "line": 30, "column": 1 } },
        "1": { "start": { "line": 27, "column": 2 }, "end": { "line": 29, "column": 13 } },
        "2": { "start": { "line": 32, "column": 0 }, "end": { "line": 41, "column": 2 } }
      },
      "fnMap": {
        "0": {
          "name": "(anonymous_0)",
          "decl": { "start": { "line": 26, "column": 13 }, "end": { "line": 26, "column": 14 } },
          "loc": { "start": { "line": 27, "column": 2 }, "end": { "line": 29, "column": 13 } },
          "line": 27
        }
      },
      "branchMap": {
        "0": {
          "loc": { "start": { "line": 26, "column": 27 }, "end": { "line": 26, "column": 42 } },
          "type": "default-arg",
          "locations": [
            { "start": { "line": 26, "column": 38 }, "end": { "line": 26, "column": 42 } }
          ],
          "line": 26
        }
      },
      "s": { "0": 5, "1": 8, "2": 5 },
      "f": { "0": 8 },
      "b": { "0": [0] },
      "_coverageSchema": "43e27e138ebf9cfc5966b082cf9a028302ed4184",
      "hash": "1fa33050adcf83daa293a4d185fbb29f31c1ff1b"
    },
    "C:\\dev\\atomic-react-components\\lib\\components\\molecules\\List\\List.style.js": {
      "path": "C:\\dev\\atomic-react-components\\lib\\components\\molecules\\List\\List.style.js",
      "statementMap": {
        "0": { "start": { "line": 4, "column": 25 }, "end": { "line": 4, "column": 51 } },
        "1": { "start": { "line": 6, "column": 30 }, "end": { "line": 6, "column": 56 } },
        "2": { "start": { "line": 9, "column": 4 }, "end": { "line": 15, "column": 10 } },
        "3": { "start": { "line": 18, "column": 4 }, "end": { "line": 24, "column": 10 } },
        "4": { "start": { "line": 27, "column": 4 }, "end": { "line": 32, "column": 10 } },
        "5": { "start": { "line": 35, "column": 4 }, "end": { "line": 42, "column": 10 } },
        "6": { "start": { "line": 45, "column": 4 }, "end": { "line": 61, "column": 10 } },
        "7": { "start": { "line": 63, "column": 14 }, "end": { "line": 63, "column": 64 } }
      },
      "fnMap": {
        "0": {
          "name": "(anonymous_0)",
          "decl": { "start": { "line": 4, "column": 16 }, "end": { "line": 4, "column": 17 } },
          "loc": { "start": { "line": 4, "column": 25 }, "end": { "line": 4, "column": 51 } },
          "line": 4
        },
        "1": {
          "name": "(anonymous_1)",
          "decl": { "start": { "line": 6, "column": 21 }, "end": { "line": 6, "column": 22 } },
          "loc": { "start": { "line": 6, "column": 30 }, "end": { "line": 6, "column": 56 } },
          "line": 6
        },
        "2": {
          "name": "(anonymous_2)",
          "decl": { "start": { "line": 8, "column": 4 }, "end": { "line": 8, "column": 5 } },
          "loc": { "start": { "line": 9, "column": 4 }, "end": { "line": 15, "column": 10 } },
          "line": 9
        },
        "3": {
          "name": "(anonymous_3)",
          "decl": { "start": { "line": 17, "column": 4 }, "end": { "line": 17, "column": 5 } },
          "loc": { "start": { "line": 18, "column": 4 }, "end": { "line": 24, "column": 10 } },
          "line": 18
        },
        "4": {
          "name": "(anonymous_4)",
          "decl": { "start": { "line": 26, "column": 4 }, "end": { "line": 26, "column": 5 } },
          "loc": { "start": { "line": 27, "column": 4 }, "end": { "line": 32, "column": 10 } },
          "line": 27
        },
        "5": {
          "name": "(anonymous_5)",
          "decl": { "start": { "line": 34, "column": 4 }, "end": { "line": 34, "column": 5 } },
          "loc": { "start": { "line": 35, "column": 4 }, "end": { "line": 42, "column": 10 } },
          "line": 35
        },
        "6": {
          "name": "(anonymous_6)",
          "decl": { "start": { "line": 44, "column": 4 }, "end": { "line": 44, "column": 5 } },
          "loc": { "start": { "line": 45, "column": 4 }, "end": { "line": 61, "column": 10 } },
          "line": 45
        },
        "7": {
          "name": "(anonymous_7)",
          "decl": { "start": { "line": 63, "column": 4 }, "end": { "line": 63, "column": 5 } },
          "loc": { "start": { "line": 63, "column": 14 }, "end": { "line": 63, "column": 64 } },
          "line": 63
        }
      },
      "branchMap": {
        "0": {
          "loc": { "start": { "line": 9, "column": 4 }, "end": { "line": 15, "column": 10 } },
          "type": "cond-expr",
          "locations": [
            { "start": { "line": 10, "column": 8 }, "end": { "line": 14, "column": 7 } },
            { "start": { "line": 15, "column": 8 }, "end": { "line": 15, "column": 10 } }
          ],
          "line": 9
        },
        "1": {
          "loc": { "start": { "line": 18, "column": 4 }, "end": { "line": 24, "column": 10 } },
          "type": "cond-expr",
          "locations": [
            { "start": { "line": 19, "column": 8 }, "end": { "line": 23, "column": 7 } },
            { "start": { "line": 24, "column": 8 }, "end": { "line": 24, "column": 10 } }
          ],
          "line": 18
        },
        "2": {
          "loc": { "start": { "line": 27, "column": 4 }, "end": { "line": 32, "column": 10 } },
          "type": "cond-expr",
          "locations": [
            { "start": { "line": 28, "column": 8 }, "end": { "line": 31, "column": 7 } },
            { "start": { "line": 32, "column": 8 }, "end": { "line": 32, "column": 10 } }
          ],
          "line": 27
        },
        "3": {
          "loc": { "start": { "line": 35, "column": 4 }, "end": { "line": 42, "column": 10 } },
          "type": "cond-expr",
          "locations": [
            { "start": { "line": 36, "column": 8 }, "end": { "line": 41, "column": 7 } },
            { "start": { "line": 42, "column": 8 }, "end": { "line": 42, "column": 10 } }
          ],
          "line": 35
        },
        "4": {
          "loc": { "start": { "line": 45, "column": 4 }, "end": { "line": 61, "column": 10 } },
          "type": "cond-expr",
          "locations": [
            { "start": { "line": 46, "column": 8 }, "end": { "line": 60, "column": 7 } },
            { "start": { "line": 61, "column": 8 }, "end": { "line": 61, "column": 10 } }
          ],
          "line": 45
        },
        "5": {
          "loc": { "start": { "line": 63, "column": 14 }, "end": { "line": 63, "column": 64 } },
          "type": "cond-expr",
          "locations": [
            { "start": { "line": 63, "column": 38 }, "end": { "line": 63, "column": 59 } },
            { "start": { "line": 63, "column": 62 }, "end": { "line": 63, "column": 64 } }
          ],
          "line": 63
        }
      },
      "s": { "0": 7, "1": 7, "2": 7, "3": 7, "4": 7, "5": 7, "6": 7, "7": 7 },
      "f": { "0": 7, "1": 7, "2": 7, "3": 7, "4": 7, "5": 7, "6": 7, "7": 7 },
      "b": { "0": [0, 7], "1": [3, 4], "2": [3, 4], "3": [3, 4], "4": [0, 7], "5": [0, 7] },
      "_coverageSchema": "43e27e138ebf9cfc5966b082cf9a028302ed4184",
      "hash": "593e04ab07a08402c5ed412259ee39eba9062e97"
    },
    "C:\\dev\\atomic-react-components\\lib\\components\\molecules\\Tabs\\index.js": {
      "path": "C:\\dev\\atomic-react-components\\lib\\components\\molecules\\Tabs\\index.js",
      "statementMap": {},
      "fnMap": {},
      "branchMap": {},
      "s": {},
      "f": {},
      "b": {},
      "_coverageSchema": "43e27e138ebf9cfc5966b082cf9a028302ed4184",
      "hash": "93def2b61885c3a9ce3ea8642d6a2b231b414d27"
    },
    "C:\\dev\\atomic-react-components\\lib\\components\\molecules\\Tabs\\Tabs.js": {
      "path": "C:\\dev\\atomic-react-components\\lib\\components\\molecules\\Tabs\\Tabs.js",
      "statementMap": {
        "0": { "start": { "line": 19, "column": 4 }, "end": { "line": 19, "column": 17 } },
        "1": { "start": { "line": 20, "column": 4 }, "end": { "line": 20, "column": 63 } },
        "2": { "start": { "line": 24, "column": 37 }, "end": { "line": 24, "column": 47 } },
        "3": { "start": { "line": 25, "column": 4 }, "end": { "line": 25, "column": 37 } },
        "4": { "start": { "line": 28, "column": 20 }, "end": { "line": 36, "column": 3 } },
        "5": { "start": { "line": 29, "column": 28 }, "end": { "line": 29, "column": 38 } },
        "6": { "start": { "line": 30, "column": 4 }, "end": { "line": 32, "column": 7 } },
        "7": { "start": { "line": 33, "column": 4 }, "end": { "line": 35, "column": 5 } },
        "8": { "start": { "line": 34, "column": 6 }, "end": { "line": 34, "column": 25 } },
        "9": { "start": { "line": 38, "column": 13 }, "end": { "line": 47, "column": 3 } },
        "10": { "start": { "line": 39, "column": 4 }, "end": { "line": 39, "column": 23 } },
        "11": { "start": { "line": 40, "column": 30 }, "end": { "line": 40, "column": 40 } },
        "12": { "start": { "line": 42, "column": 4 }, "end": { "line": 44, "column": 5 } },
        "13": { "start": { "line": 43, "column": 6 }, "end": { "line": 43, "column": 13 } },
        "14": { "start": { "line": 46, "column": 4 }, "end": { "line": 46, "column": 32 } },
        "15": { "start": { "line": 49, "column": 15 }, "end": { "line": 70, "column": 3 } },
        "16": { "start": { "line": 50, "column": 4 }, "end": { "line": 54, "column": 5 } },
        "17": { "start": { "line": 51, "column": 6 }, "end": { "line": 51, "column": 25 } },
        "18": { "start": { "line": 53, "column": 6 }, "end": { "line": 53, "column": 13 } },
        "19": { "start": { "line": 56, "column": 30 }, "end": { "line": 56, "column": 40 } },
        "20": { "start": { "line": 57, "column": 28 }, "end": { "line": 57, "column": 38 } },
        "21": { "start": { "line": 61, "column": 4 }, "end": { "line": 67, "column": 5 } },
        "22": { "start": { "line": 62, "column": 6 }, "end": { "line": 62, "column": 38 } },
        "23": { "start": { "line": 63, "column": 11 }, "end": { "line": 67, "column": 5 } },
        "24": { "start": { "line": 64, "column": 6 }, "end": { "line": 64, "column": 38 } },
        "25": { "start": { "line": 66, "column": 6 }, "end": { "line": 66, "column": 13 } },
        "26": { "start": { "line": 69, "column": 4 }, "end": { "line": 69, "column": 38 } },
        "27": { "start": { "line": 82, "column": 8 }, "end": { "line": 82, "column": 18 } },
        "28": { "start": { "line": 83, "column": 30 }, "end": { "line": 83, "column": 40 } },
        "29": { "start": { "line": 84, "column": 24 }, "end": { "line": 88, "column": 5 } },
        "30": { "start": { "line": 89, "column": 4 }, "end": { "line": 124, "column": 6 } },
        "31": { "start": { "line": 95, "column": 16 }, "end": { "line": 105, "column": 22 } },
        "32": { "start": { "line": 112, "column": 14 }, "end": { "line": 120, "column": 25 } },
        "33": { "start": { "line": 128, "column": 0 }, "end": { "line": 136, "column": 2 } }
      },
      "fnMap": {
        "0": {
          "name": "(anonymous_0)",
          "decl": { "start": { "line": 18, "column": 2 }, "end": { "line": 18, "column": 3 } },
          "loc": { "start": { "line": 18, "column": 21 }, "end": { "line": 21, "column": 3 } },
          "line": 18
        },
        "1": {
          "name": "(anonymous_1)",
          "decl": { "start": { "line": 23, "column": 2 }, "end": { "line": 23, "column": 3 } },
          "loc": { "start": { "line": 23, "column": 24 }, "end": { "line": 26, "column": 3 } },
          "line": 23
        },
        "2": {
          "name": "(anonymous_2)",
          "decl": { "start": { "line": 28, "column": 20 }, "end": { "line": 28, "column": 21 } },
          "loc": { "start": { "line": 28, "column": 39 }, "end": { "line": 36, "column": 3 } },
          "line": 28
        },
        "3": {
          "name": "(anonymous_3)",
          "decl": { "start": { "line": 38, "column": 13 }, "end": { "line": 38, "column": 14 } },
          "loc": { "start": { "line": 38, "column": 53 }, "end": { "line": 47, "column": 3 } },
          "line": 38
        },
        "4": {
          "name": "(anonymous_4)",
          "decl": { "start": { "line": 49, "column": 15 }, "end": { "line": 49, "column": 16 } },
          "loc": { "start": { "line": 49, "column": 48 }, "end": { "line": 70, "column": 3 } },
          "line": 49
        },
        "5": {
          "name": "(anonymous_5)",
          "decl": { "start": { "line": 72, "column": 2 }, "end": { "line": 72, "column": 3 } },
          "loc": { "start": { "line": 72, "column": 11 }, "end": { "line": 125, "column": 3 } },
          "line": 72
        },
        "6": {
          "name": "(anonymous_6)",
          "decl": { "start": { "line": 94, "column": 30 }, "end": { "line": 94, "column": 31 } },
          "loc": { "start": { "line": 95, "column": 16 }, "end": { "line": 105, "column": 22 } },
          "line": 95
        },
        "7": {
          "name": "(anonymous_7)",
          "decl": { "start": { "line": 111, "column": 28 }, "end": { "line": 111, "column": 29 } },
          "loc": { "start": { "line": 112, "column": 14 }, "end": { "line": 120, "column": 25 } },
          "line": 112
        }
      },
      "branchMap": {
        "0": {
          "loc": { "start": { "line": 25, "column": 11 }, "end": { "line": 25, "column": 36 } },
          "type": "binary-expr",
          "locations": [
            { "start": { "line": 25, "column": 11 }, "end": { "line": 25, "column": 31 } },
            { "start": { "line": 25, "column": 35 }, "end": { "line": 25, "column": 36 } }
          ],
          "line": 25
        },
        "1": {
          "loc": { "start": { "line": 33, "column": 4 }, "end": { "line": 35, "column": 5 } },
          "type": "if",
          "locations": [
            { "start": { "line": 33, "column": 4 }, "end": { "line": 35, "column": 5 } },
            { "start": { "line": 33, "column": 4 }, "end": { "line": 35, "column": 5 } }
          ],
          "line": 33
        },
        "2": {
          "loc": { "start": { "line": 42, "column": 4 }, "end": { "line": 44, "column": 5 } },
          "type": "if",
          "locations": [
            { "start": { "line": 42, "column": 4 }, "end": { "line": 44, "column": 5 } },
            { "start": { "line": 42, "column": 4 }, "end": { "line": 44, "column": 5 } }
          ],
          "line": 42
        },
        "3": {
          "loc": { "start": { "line": 50, "column": 4 }, "end": { "line": 54, "column": 5 } },
          "type": "if",
          "locations": [
            { "start": { "line": 50, "column": 4 }, "end": { "line": 54, "column": 5 } },
            { "start": { "line": 50, "column": 4 }, "end": { "line": 54, "column": 5 } }
          ],
          "line": 50
        },
        "4": {
          "loc": { "start": { "line": 50, "column": 8 }, "end": { "line": 50, "column": 53 } },
          "type": "binary-expr",
          "locations": [
            { "start": { "line": 50, "column": 8 }, "end": { "line": 50, "column": 28 } },
            { "start": { "line": 50, "column": 32 }, "end": { "line": 50, "column": 53 } }
          ],
          "line": 50
        },
        "5": {
          "loc": { "start": { "line": 61, "column": 4 }, "end": { "line": 67, "column": 5 } },
          "type": "if",
          "locations": [
            { "start": { "line": 61, "column": 4 }, "end": { "line": 67, "column": 5 } },
            { "start": { "line": 61, "column": 4 }, "end": { "line": 67, "column": 5 } }
          ],
          "line": 61
        },
        "6": {
          "loc": { "start": { "line": 61, "column": 8 }, "end": { "line": 61, "column": 49 } },
          "type": "binary-expr",
          "locations": [
            { "start": { "line": 61, "column": 8 }, "end": { "line": 61, "column": 28 } },
            { "start": { "line": 61, "column": 32 }, "end": { "line": 61, "column": 49 } }
          ],
          "line": 61
        },
        "7": {
          "loc": { "start": { "line": 63, "column": 11 }, "end": { "line": 67, "column": 5 } },
          "type": "if",
          "locations": [
            { "start": { "line": 63, "column": 11 }, "end": { "line": 67, "column": 5 } },
            { "start": { "line": 63, "column": 11 }, "end": { "line": 67, "column": 5 } }
          ],
          "line": 63
        },
        "8": {
          "loc": { "start": { "line": 63, "column": 15 }, "end": { "line": 63, "column": 78 } },
          "type": "binary-expr",
          "locations": [
            { "start": { "line": 63, "column": 15 }, "end": { "line": 63, "column": 36 } },
            { "start": { "line": 63, "column": 40 }, "end": { "line": 63, "column": 78 } }
          ],
          "line": 63
        },
        "9": {
          "loc": { "start": { "line": 93, "column": 13 }, "end": { "line": 106, "column": 16 } },
          "type": "binary-expr",
          "locations": [
            { "start": { "line": 93, "column": 13 }, "end": { "line": 93, "column": 24 } },
            { "start": { "line": 94, "column": 14 }, "end": { "line": 106, "column": 16 } }
          ],
          "line": 93
        },
        "10": {
          "loc": { "start": { "line": 96, "column": 29 }, "end": { "line": 96, "column": 52 } },
          "type": "binary-expr",
          "locations": [
            { "start": { "line": 96, "column": 29 }, "end": { "line": 96, "column": 46 } },
            { "start": { "line": 96, "column": 50 }, "end": { "line": 96, "column": 52 } }
          ],
          "line": 96
        },
        "11": {
          "loc": { "start": { "line": 110, "column": 11 }, "end": { "line": 121, "column": 14 } },
          "type": "binary-expr",
          "locations": [
            { "start": { "line": 110, "column": 11 }, "end": { "line": 110, "column": 22 } },
            { "start": { "line": 111, "column": 12 }, "end": { "line": 121, "column": 14 } }
          ],
          "line": 110
        },
        "12": {
          "loc": { "start": { "line": 113, "column": 27 }, "end": { "line": 113, "column": 52 } },
          "type": "binary-expr",
          "locations": [
            { "start": { "line": 113, "column": 27 }, "end": { "line": 113, "column": 46 } },
            { "start": { "line": 113, "column": 50 }, "end": { "line": 113, "column": 52 } }
          ],
          "line": 113
        }
      },
      "s": {
        "0": 3,
        "1": 3,
        "2": 3,
        "3": 3,
        "4": 3,
        "5": 1,
        "6": 1,
        "7": 1,
        "8": 1,
        "9": 3,
        "10": 1,
        "11": 1,
        "12": 1,
        "13": 0,
        "14": 1,
        "15": 3,
        "16": 0,
        "17": 0,
        "18": 0,
        "19": 0,
        "20": 0,
        "21": 0,
        "22": 0,
        "23": 0,
        "24": 0,
        "25": 0,
        "26": 0,
        "27": 4,
        "28": 4,
        "29": 4,
        "30": 4,
        "31": 8,
        "32": 8,
        "33": 1
      },
      "f": { "0": 3, "1": 3, "2": 1, "3": 1, "4": 0, "5": 4, "6": 8, "7": 8 },
      "b": {
        "0": [3, 3],
        "1": [1, 0],
        "2": [0, 1],
        "3": [0, 0],
        "4": [0, 0],
        "5": [0, 0],
        "6": [0, 0],
        "7": [0, 0],
        "8": [0, 0],
        "9": [4, 4],
        "10": [8, 8],
        "11": [4, 4],
        "12": [8, 8]
      },
      "_coverageSchema": "43e27e138ebf9cfc5966b082cf9a028302ed4184",
      "hash": "93929f09288ec38faa60f0a1b0baf9aef58abb9d"
    },
    "C:\\dev\\atomic-react-components\\lib\\components\\molecules\\Tabs\\Tabs.style.js": {
      "path": "C:\\dev\\atomic-react-components\\lib\\components\\molecules\\Tabs\\Tabs.style.js",
      "statementMap": {
        "0": { "start": { "line": 4, "column": 14 }, "end": { "line": 4, "column": 95 } },
        "1": { "start": { "line": 6, "column": 4 }, "end": { "line": 6, "column": 94 } },
        "2": { "start": { "line": 7, "column": 14 }, "end": { "line": 7, "column": 64 } }
      },
      "fnMap": {
        "0": {
          "name": "(anonymous_0)",
          "decl": { "start": { "line": 4, "column": 4 }, "end": { "line": 4, "column": 5 } },
          "loc": { "start": { "line": 4, "column": 14 }, "end": { "line": 4, "column": 95 } },
          "line": 4
        },
        "1": {
          "name": "(anonymous_1)",
          "decl": { "start": { "line": 5, "column": 4 }, "end": { "line": 5, "column": 5 } },
          "loc": { "start": { "line": 6, "column": 4 }, "end": { "line": 6, "column": 94 } },
          "line": 6
        },
        "2": {
          "name": "(anonymous_2)",
          "decl": { "start": { "line": 7, "column": 4 }, "end": { "line": 7, "column": 5 } },
          "loc": { "start": { "line": 7, "column": 14 }, "end": { "line": 7, "column": 64 } },
          "line": 7
        }
      },
      "branchMap": {
        "0": {
          "loc": { "start": { "line": 4, "column": 14 }, "end": { "line": 4, "column": 95 } },
          "type": "cond-expr",
          "locations": [
            { "start": { "line": 4, "column": 38 }, "end": { "line": 4, "column": 90 } },
            { "start": { "line": 4, "column": 93 }, "end": { "line": 4, "column": 95 } }
          ],
          "line": 4
        },
        "1": {
          "loc": { "start": { "line": 6, "column": 4 }, "end": { "line": 6, "column": 94 } },
          "type": "cond-expr",
          "locations": [
            { "start": { "line": 6, "column": 27 }, "end": { "line": 6, "column": 89 } },
            { "start": { "line": 6, "column": 92 }, "end": { "line": 6, "column": 94 } }
          ],
          "line": 6
        },
        "2": {
          "loc": { "start": { "line": 7, "column": 14 }, "end": { "line": 7, "column": 64 } },
          "type": "cond-expr",
          "locations": [
            { "start": { "line": 7, "column": 38 }, "end": { "line": 7, "column": 59 } },
            { "start": { "line": 7, "column": 62 }, "end": { "line": 7, "column": 64 } }
          ],
          "line": 7
        }
      },
      "s": { "0": 0, "1": 0, "2": 0 },
      "f": { "0": 0, "1": 0, "2": 0 },
      "b": { "0": [0, 0], "1": [0, 0], "2": [0, 0] },
      "_coverageSchema": "43e27e138ebf9cfc5966b082cf9a028302ed4184",
      "hash": "6e7f1105f0724fc153b3a15fdea365044e3debb6"
    },
    "C:\\dev\\atomic-react-components\\lib\\components\\molecules\\Tabs\\Tab\\index.js": {
      "path": "C:\\dev\\atomic-react-components\\lib\\components\\molecules\\Tabs\\Tab\\index.js",
      "statementMap": {},
      "fnMap": {},
      "branchMap": {},
      "s": {},
      "f": {},
      "b": {},
      "_coverageSchema": "43e27e138ebf9cfc5966b082cf9a028302ed4184",
      "hash": "3103393e59b741f3926421de445490b20e61a2a7"
    },
    "C:\\dev\\atomic-react-components\\lib\\components\\molecules\\Tabs\\Tab\\Tab.js": {
      "path": "C:\\dev\\atomic-react-components\\lib\\components\\molecules\\Tabs\\Tab\\Tab.js",
      "statementMap": {
        "0": { "start": { "line": 25, "column": 12 }, "end": { "line": 50, "column": 1 } },
        "1": { "start": { "line": 35, "column": 2 }, "end": { "line": 49, "column": 7 } },
        "2": { "start": { "line": 41, "column": 18 }, "end": { "line": 41, "column": 35 } },
        "3": { "start": { "line": 42, "column": 20 }, "end": { "line": 42, "column": 32 } },
        "4": { "start": { "line": 52, "column": 0 }, "end": { "line": 55, "column": 2 } }
      },
      "fnMap": {
        "0": {
          "name": "(anonymous_0)",
          "decl": { "start": { "line": 25, "column": 12 }, "end": { "line": 25, "column": 13 } },
          "loc": { "start": { "line": 35, "column": 2 }, "end": { "line": 49, "column": 7 } },
          "line": 35
        },
        "1": {
          "name": "(anonymous_1)",
          "decl": { "start": { "line": 41, "column": 13 }, "end": { "line": 41, "column": 14 } },
          "loc": { "start": { "line": 41, "column": 18 }, "end": { "line": 41, "column": 35 } },
          "line": 41
        },
        "2": {
          "name": "(anonymous_2)",
          "decl": { "start": { "line": 42, "column": 15 }, "end": { "line": 42, "column": 16 } },
          "loc": { "start": { "line": 42, "column": 20 }, "end": { "line": 42, "column": 32 } },
          "line": 42
        }
      },
      "branchMap": {
        "0": {
[...]
          "loc": { "start": { "line": 40, "column": 4 }, "end": { "line": 44, "column": 5 } },
          "type": "if",
          "locations": [
            { "start": { "line": 40, "column": 4 }, "end": { "line": 44, "column": 5 } },
            { "start": { "line": 40, "column": 4 }, "end": { "line": 44, "column": 5 } }
          ],
          "line": 40
        },
        "1": {
          "loc": { "start": { "line": 63, "column": 4 }, "end": { "line": 72, "column": 5 } },
          "type": "if",
          "locations": [
            { "start": { "line": 63, "column": 4 }, "end": { "line": 72, "column": 5 } },
            { "start": { "line": 63, "column": 4 }, "end": { "line": 72, "column": 5 } }
          ],
          "line": 63
        },
        "2": {
          "loc": { "start": { "line": 64, "column": 6 }, "end": { "line": 67, "column": 43 } },
          "type": "binary-expr",
          "locations": [
            { "start": { "line": 64, "column": 6 }, "end": { "line": 64, "column": 21 } },
            { "start": { "line": 65, "column": 6 }, "end": { "line": 65, "column": 29 } },
            { "start": { "line": 66, "column": 6 }, "end": { "line": 66, "column": 24 } },
            { "start": { "line": 67, "column": 6 }, "end": { "line": 67, "column": 43 } }
          ],
          "line": 64
        },
        "3": {
          "loc": { "start": { "line": 106, "column": 20 }, "end": { "line": 106, "column": 89 } },
          "type": "binary-expr",
          "locations": [
            { "start": { "line": 106, "column": 20 }, "end": { "line": 106, "column": 27 } },
            { "start": { "line": 106, "column": 31 }, "end": { "line": 106, "column": 89 } }
          ],
          "line": 106
        },
        "4": {
          "loc": { "start": { "line": 115, "column": 9 }, "end": { "line": 125, "column": 9 } },
          "type": "binary-expr",
          "locations": [
            { "start": { "line": 115, "column": 9 }, "end": { "line": 115, "column": 20 } },
            { "start": { "line": 116, "column": 10 }, "end": { "line": 124, "column": 16 } }
          ],
          "line": 115
        },
        "5": {
          "loc": { "start": { "line": 117, "column": 13 }, "end": { "line": 121, "column": 13 } },
          "type": "binary-expr",
          "locations": [
            { "start": { "line": 117, "column": 13 }, "end": { "line": 117, "column": 33 } },
            { "start": { "line": 118, "column": 14 }, "end": { "line": 120, "column": 23 } }
          ],
          "line": 117
        },
        "6": {
          "loc": { "start": { "line": 122, "column": 13 }, "end": { "line": 122, "column": 82 } },
          "type": "binary-expr",
          "locations": [
            { "start": { "line": 122, "column": 13 }, "end": { "line": 122, "column": 26 } },
            { "start": { "line": 122, "column": 30 }, "end": { "line": 122, "column": 82 } }
          ],
          "line": 122
        }
      },
      "s": {
        "0": 5,
        "1": 5,
        "2": 5,
        "3": 5,
        "4": 5,
        "5": 5,
        "6": 2,
        "7": 0,
        "8": 5,
        "9": 0,
        "10": 0,
        "11": 0,
        "12": 5,
        "13": 1,
        "14": 5,
        "15": 1,
        "16": 9,
        "17": 9,
        "18": 9,
        "19": 9,
        "20": 1
      },
      "f": { "0": 5, "1": 5, "2": 0, "3": 0, "4": 1, "5": 1, "6": 9 },
      "b": {
        "0": [2, 3],
        "1": [0, 0],
        "2": [0, 0, 0, 0],
        "3": [9, 8],
        "4": [9, 3],
        "5": [3, 3],
        "6": [3, 3]
      },
      "_coverageSchema": "43e27e138ebf9cfc5966b082cf9a028302ed4184",
      "hash": "9d3e14d56f7efec3d3b6d6306ff2fa0917d134a4"
    },
    "C:\\dev\\atomic-react-components\\lib\\components\\molecules\\Popover\\Popover.style.js": {
      "path": "C:\\dev\\atomic-react-components\\lib\\components\\molecules\\Popover\\Popover.style.js",
      "statementMap": {
        "0": { "start": { "line": 14, "column": 14 }, "end": { "line": 14, "column": 64 } }
      },
      "fnMap": {
        "0": {
          "name": "(anonymous_0)",
          "decl": { "start": { "line": 14, "column": 4 }, "end": { "line": 14, "column": 5 } },
          "loc": { "start": { "line": 14, "column": 14 }, "end": { "line": 14, "column": 64 } },
          "line": 14
        }
      },
      "branchMap": {
        "0": {
          "loc": { "start": { "line": 14, "column": 14 }, "end": { "line": 14, "column": 64 } },
          "type": "cond-expr",
          "locations": [
            { "start": { "line": 14, "column": 38 }, "end": { "line": 14, "column": 59 } },
            { "start": { "line": 14, "column": 62 }, "end": { "line": 14, "column": 64 } }
          ],
          "line": 14
        }
      },
      "s": { "0": 0 },
      "f": { "0": 0 },
      "b": { "0": [0, 0] },
      "_coverageSchema": "43e27e138ebf9cfc5966b082cf9a028302ed4184",
      "hash": "ac7d5fa6b965f02234eb15630721074b2e6dde49"
    },
    "C:\\dev\\atomic-react-components\\lib\\components\\atoms\\Heading\\index.js": {
      "path": "C:\\dev\\atomic-react-components\\lib\\components\\atoms\\Heading\\index.js",
      "statementMap": {},
      "fnMap": {},
      "branchMap": {},
      "s": {},
      "f": {},
      "b": {},
      "_coverageSchema": "43e27e138ebf9cfc5966b082cf9a028302ed4184",
      "hash": "0fccc5c5392063deb5f73550aab705d51e96a4d2"
    },
    "C:\\dev\\atomic-react-components\\lib\\components\\molecules\\Breadcrumb\\index.js": {
      "path": "C:\\dev\\atomic-react-components\\lib\\components\\molecules\\Breadcrumb\\index.js",
      "statementMap": {},
      "fnMap": {},
      "branchMap": {},
      "s": {},
      "f": {},
      "b": {},
      "_coverageSchema": "43e27e138ebf9cfc5966b082cf9a028302ed4184",
      "hash": "4ec8dea17128f98a0e7679ff74152cdd92bd822b"
    },
    "C:\\dev\\atomic-react-components\\lib\\components\\molecules\\Breadcrumb\\Breadcrumb.js": {
      "path": "C:\\dev\\atomic-react-components\\lib\\components\\molecules\\Breadcrumb\\Breadcrumb.js",
      "statementMap": {
        "0": { "start": { "line": 15, "column": 19 }, "end": { "line": 30, "column": 1 } },
        "1": { "start": { "line": 16, "column": 2 }, "end": { "line": 29, "column": 8 } },
        "2": { "start": { "line": 20, "column": 10 }, "end": { "line": 26, "column": 15 } }
      },
      "fnMap": {
        "0": {
          "name": "(anonymous_0)",
          "decl": { "start": { "line": 15, "column": 19 }, "end": { "line": 15, "column": 20 } },
          "loc": { "start": { "line": 16, "column": 2 }, "end": { "line": 29, "column": 8 } },
          "line": 16
        },
        "1": {
          "name": "(anonymous_1)",
          "decl": { "start": { "line": 19, "column": 21 }, "end": { "line": 19, "column": 22 } },
          "loc": { "start": { "line": 20, "column": 10 }, "end": { "line": 26, "column": 15 } },
          "line": 20
        }
      },
      "branchMap": {
        "0": {
          "loc": { "start": { "line": 18, "column": 7 }, "end": { "line": 27, "column": 10 } },
          "type": "binary-expr",
          "locations": [
            { "start": { "line": 18, "column": 7 }, "end": { "line": 18, "column": 15 } },
            { "start": { "line": 19, "column": 8 }, "end": { "line": 27, "column": 10 } }
          ],
          "line": 18
        },
        "1": {
          "loc": { "start": { "line": 21, "column": 13 }, "end": { "line": 25, "column": 13 } },
          "type": "cond-expr",
          "locations": [
            { "start": { "line": 22, "column": 14 }, "end": { "line": 22, "column": 54 } },
            { "start": { "line": 24, "column": 14 }, "end": { "line": 24, "column": 34 } }
          ],
          "line": 21
        }
      },
      "s": { "0": 1, "1": 1, "2": 3 },
      "f": { "0": 1, "1": 3 },
      "b": { "0": [1, 1], "1": [1, 2] },
      "_coverageSchema": "43e27e138ebf9cfc5966b082cf9a028302ed4184",
      "hash": "a1e9665819250f11fdce36a3e44eb7e7c72cc561"
    },
    "C:\\dev\\atomic-react-components\\lib\\components\\molecules\\Breadcrumb\\Breadcrumb.style.js": {
      "path": "C:\\dev\\atomic-react-components\\lib\\components\\molecules\\Breadcrumb\\Breadcrumb.style.js",
      "statementMap": {
        "0": { "start": { "line": 4, "column": 14 }, "end": { "line": 4, "column": 64 } }
      },
      "fnMap": {
        "0": {
          "name": "(anonymous_0)",
          "decl": { "start": { "line": 4, "column": 4 }, "end": { "line": 4, "column": 5 } },
          "loc": { "start": { "line": 4, "column": 14 }, "end": { "line": 4, "column": 64 } },
          "line": 4
        }
      },
      "branchMap": {
        "0": {
          "loc": { "start": { "line": 4, "column": 14 }, "end": { "line": 4, "column": 64 } },
          "type": "cond-expr",
          "locations": [
            { "start": { "line": 4, "column": 38 }, "end": { "line": 4, "column": 59 } },
            { "start": { "line": 4, "column": 62 }, "end": { "line": 4, "column": 64 } }
          ],
          "line": 4
        }
      },
      "s": { "0": 0 },
      "f": { "0": 0 },
      "b": { "0": [0, 0] },
      "_coverageSchema": "43e27e138ebf9cfc5966b082cf9a028302ed4184",
      "hash": "dfcb0e70f9fd2eb87cb9c0910ee67732b3560c32"
    },
    "C:\\dev\\atomic-react-components\\lib\\components\\atoms\\Icon\\index.js": {
      "path": "C:\\dev\\atomic-react-components\\lib\\components\\atoms\\Icon\\index.js",
      "statementMap": {},
      "fnMap": {},
      "branchMap": {},
      "s": {},
      "f": {},
      "b": {},
      "_coverageSchema": "43e27e138ebf9cfc5966b082cf9a028302ed4184",
      "hash": "29e8be5adf4179c9d40e4e195546027ef5a55ee5"
    },
    "C:\\dev\\atomic-react-components\\lib\\components\\atoms\\Icon\\Icon.js": {
      "path": "C:\\dev\\atomic-react-components\\lib\\components\\atoms\\Icon\\Icon.js",
      "statementMap": {
        "0": { "start": { "line": 14, "column": 13 }, "end": { "line": 20, "column": 1 } },
        "1": { "start": { "line": 15, "column": 2 }, "end": { "line": 19, "column": 4 } }
      },
      "fnMap": {
        "0": {
          "name": "(anonymous_0)",
          "decl": { "start": { "line": 14, "column": 13 }, "end": { "line": 14, "column": 14 } },
          "loc": { "start": { "line": 14, "column": 63 }, "end": { "line": 20, "column": 1 } },
          "line": 14
        }
      },
      "branchMap": {},
      "s": { "0": 1, "1": 2 },
      "f": { "0": 2 },
      "b": {},
      "_coverageSchema": "43e27e138ebf9cfc5966b082cf9a028302ed4184",
      "hash": "a3082809ecc7d53690bf3cb4cbfd018f6745cbff"
    },
    "C:\\dev\\atomic-react-components\\lib\\components\\atoms\\Icon\\Icon.style.js": {
      "path": "C:\\dev\\atomic-react-components\\lib\\components\\atoms\\Icon\\Icon.style.js",
      "statementMap": {
        "0": { "start": { "line": 9, "column": 39 }, "end": { "line": 9, "column": 66 } },
        "1": { "start": { "line": 13, "column": 23 }, "end": { "line": 13, "column": 57 } },
        "2": { "start": { "line": 14, "column": 24 }, "end": { "line": 14, "column": 60 } },
        "3": { "start": { "line": 17, "column": 14 }, "end": { "line": 17, "column": 64 } }
      },
      "fnMap": {
        "0": {
          "name": "(anonymous_0)",
          "decl": { "start": { "line": 9, "column": 30 }, "end": { "line": 9, "column": 31 } },
          "loc": { "start": { "line": 9, "column": 39 }, "end": { "line": 9, "column": 66 } },
          "line": 9
        },
        "1": {
          "name": "(anonymous_1)",
          "decl": { "start": { "line": 13, "column": 13 }, "end": { "line": 13, "column": 14 } },
          "loc": { "start": { "line": 13, "column": 23 }, "end": { "line": 13, "column": 57 } },
          "line": 13
        },
        "2": {
          "name": "(anonymous_2)",
          "decl": { "start": { "line": 14, "column": 14 }, "end": { "line": 14, "column": 15 } },
          "loc": { "start": { "line": 14, "column": 24 }, "end": { "line": 14, "column": 60 } },
          "line": 14
        },
        "3": {
          "name": "(anonymous_3)",
          "decl": { "start": { "line": 17, "column": 4 }, "end": { "line": 17, "column": 5 } },
          "loc": { "start": { "line": 17, "column": 14 }, "end": { "line": 17, "column": 64 } },
          "line": 17
        }
      },
      "branchMap": {
        "0": {
          "loc": { "start": { "line": 13, "column": 23 }, "end": { "line": 13, "column": 57 } },
          "type": "cond-expr",
          "locations": [
            { "start": { "line": 13, "column": 37 }, "end": { "line": 13, "column": 48 } },
            { "start": { "line": 13, "column": 51 }, "end": { "line": 13, "column": 57 } }
          ],
          "line": 13
        },
        "1": {
          "loc": { "start": { "line": 14, "column": 24 }, "end": { "line": 14, "column": 60 } },
          "type": "cond-expr",
          "locations": [
            { "start": { "line": 14, "column": 39 }, "end": { "line": 14, "column": 51 } },
            { "start": { "line": 14, "column": 54 }, "end": { "line": 14, "column": 60 } }
          ],
          "line": 14
        },
        "2": {
          "loc": { "start": { "line": 17, "column": 14 }, "end": { "line": 17, "column": 64 } },
          "type": "cond-expr",
          "locations": [
            { "start": { "line": 17, "column": 38 }, "end": { "line": 17, "column": 59 } },
            { "start": { "line": 17, "column": 62 }, "end": { "line": 17, "column": 64 } }
          ],
          "line": 17
        }
      },
      "s": { "0": 0, "1": 0, "2": 0, "3": 0 },
      "f": { "0": 0, "1": 0, "2": 0, "3": 0 },
      "b": { "0": [0, 0], "1": [0, 0], "2": [0, 0] },
      "_coverageSchema": "43e27e138ebf9cfc5966b082cf9a028302ed4184",
      "hash": "f78d340200dadc4042fe659aac43dd84d48ca8c2"
    },
    "C:\\dev\\atomic-react-components\\lib\\core\\utils\\getDisplayName.js": {
      "path": "C:\\dev\\atomic-react-components\\lib\\core\\utils\\getDisplayName.js",
      "statementMap": {
        "0": { "start": { "line": 1, "column": 30 }, "end": { "line": 3, "column": 1 } },
        "1": { "start": { "line": 2, "column": 2 }, "end": { "line": 2, "column": 78 } }
      },
      "fnMap": {
        "0": {
          "name": "(anonymous_0)",
          "decl": { "start": { "line": 1, "column": 30 }, "end": { "line": 1, "column": 31 } },
          "loc": { "start": { "line": 1, "column": 50 }, "end": { "line": 3, "column": 1 } },
          "line": 1
        }
      },
      "branchMap": {
        "0": {
          "loc": { "start": { "line": 2, "column": 9 }, "end": { "line": 2, "column": 77 } },
          "type": "binary-expr",
          "locations": [
            { "start": { "line": 2, "column": 9 }, "end": { "line": 2, "column": 37 } },
            { "start": { "line": 2, "column": 41 }, "end": { "line": 2, "column": 62 } },
            { "start": { "line": 2, "column": 66 }, "end": { "line": 2, "column": 77 } }
          ],
          "line": 2
        }
      },
      "s": { "0": 0, "1": 0 },
      "f": { "0": 0 },
      "b": { "0": [0, 0, 0] },
      "hash": "a49448fe2418a5961a17307bbdd0b1285be1b627"
    },
    "C:\\dev\\atomic-react-components\\lib\\components\\molecules\\ArticleThumbnail\\types\\index.js": {
      "path": "C:\\dev\\atomic-react-components\\lib\\components\\molecules\\ArticleThumbnail\\types\\index.js",
      "statementMap": {},
      "fnMap": {},
      "branchMap": {},
      "s": {},
      "f": {},
      "b": {},
      "hash": "cb6b85c5fc0bdc36f6ab0bcfb8f1fdb63fdc90a6"
    },
    "C:\\dev\\atomic-react-components\\lib\\components\\molecules\\Breadcrumb\\types\\index.js": {
      "path": "C:\\dev\\atomic-react-components\\lib\\components\\molecules\\Breadcrumb\\types\\index.js",
      "statementMap": {},
      "fnMap": {},
      "branchMap": {},
      "s": {},
      "f": {},
      "b": {},
      "hash": "05350572dda04c739d692c98acb0a82cf48cb582"
    },
    "C:\\dev\\atomic-react-components\\lib\\components\\molecules\\Popover\\types\\index.js": {
      "path": "C:\\dev\\atomic-react-components\\lib\\components\\molecules\\Popover\\types\\index.js",
      "statementMap": {},
      "fnMap": {},
      "branchMap": {},
      "s": {},
      "f": {},
      "b": {},
      "hash": "7fab5b01214f3c90190b43e9516df888ffd1cf82"
    },
    "C:\\dev\\atomic-react-components\\lib\\components\\molecules\\Search\\types\\index.js": {
      "path": "C:\\dev\\atomic-react-components\\lib\\components\\molecules\\Search\\types\\index.js",
      "statementMap": {},
      "fnMap": {},
      "branchMap": {},
      "s": {},
      "f": {},
      "b": {},
      "hash": "0223f06a0cc3702fa24dbf1a4c287b2e407bde13"
    },
    "C:\\dev\\atomic-react-components\\lib\\components\\molecules\\Modal\\index.js": {
      "path": "C:\\dev\\atomic-react-components\\lib\\components\\molecules\\Modal\\index.js",
      "statementMap": {},
      "fnMap": {},
      "branchMap": {},
      "s": {},
      "f": {},
      "b": {},
      "hash": "6d2009022b452e3f109a7570793dbb8460027dd4"
    },
    "C:\\dev\\atomic-react-components\\lib\\components\\molecules\\Tabs\\types\\index.js": {
      "path": "C:\\dev\\atomic-react-components\\lib\\components\\molecules\\Tabs\\types\\index.js",
      "statementMap": {},
      "fnMap": {},
      "branchMap": {},
      "s": {},
      "f": {},
      "b": {},
      "hash": "86723c84e73f8ae1e9eb53ea8fa807561d138b28"
    },
    "C:\\dev\\atomic-react-components\\lib\\components\\molecules\\Search\\SearchList\\types\\index.js": {
      "path": "C:\\dev\\atomic-react-components\\lib\\components\\molecules\\Search\\SearchList\\types\\index.js",
      "statementMap": {},
      "fnMap": {},
      "branchMap": {},
      "s": {},
      "f": {},
      "b": {},
      "hash": "be7f2ae860baccddbf3c7d417e37a1dda8029e2d"
    },
    "C:\\dev\\atomic-react-components\\lib\\components\\molecules\\QuoteMedia\\types\\index.js": {
      "path": "C:\\dev\\atomic-react-components\\lib\\components\\molecules\\QuoteMedia\\types\\index.js",
      "statementMap": {},
      "fnMap": {},
      "branchMap": {},
      "s": {},
      "f": {},
      "b": {},
      "hash": "e8fd6764a0e99e23092a2e5e7cc44d2755e224b4"
    },
    "C:\\dev\\atomic-react-components\\lib\\components\\atoms\\Track\\types\\index.js": {
      "path": "C:\\dev\\atomic-react-components\\lib\\components\\atoms\\Track\\types\\index.js",
      "statementMap": {},
      "fnMap": {},
      "branchMap": {},
      "s": {},
      "f": {},
      "b": {},
      "hash": "e4701b6a447f0fbd46d5a83f1a41e8f3e373423e"
    },
    "C:\\dev\\atomic-react-components\\lib\\components\\molecules\\QuoteMedia\\index.js": {
      "path": "C:\\dev\\atomic-react-components\\lib\\components\\molecules\\QuoteMedia\\index.js",
      "statementMap": {},
      "fnMap": {},
      "branchMap": {},
      "s": {},
      "f": {},
      "b": {},
      "hash": "1eaeaae310762fa9daeea39cd6b5e6202bdb07b3"
    },
    "C:\\dev\\atomic-react-components\\lib\\components\\atoms\\Icon\\types\\index.js": {
      "path": "C:\\dev\\atomic-react-components\\lib\\components\\atoms\\Icon\\types\\index.js",
      "statementMap": {},
      "fnMap": {},
      "branchMap": {},
      "s": {},
      "f": {},
      "b": {},
      "hash": "d6504e4f1f399fc3b56a6f3602dc5a0c307bb3ed"
    },
    "C:\\dev\\atomic-react-components\\lib\\components\\atoms\\Video\\types\\index.js": {
      "path": "C:\\dev\\atomic-react-components\\lib\\components\\atoms\\Video\\types\\index.js",
      "statementMap": {},
      "fnMap": {},
      "branchMap": {},
      "s": {},
      "f": {},
      "b": {},
      "hash": "fa4fc7b38972ebcae062e2281900d85f33d308ab"
    },
    "C:\\dev\\atomic-react-components\\lib\\components\\molecules\\Blockquote\\types\\index.js": {
      "path": "C:\\dev\\atomic-react-components\\lib\\components\\molecules\\Blockquote\\types\\index.js",
      "statementMap": {},
      "fnMap": {},
      "branchMap": {},
      "s": {},
      "f": {},
      "b": {},
      "hash": "269f989d20e01e446197e85983d6ecc8b67e778c"
    }
  }
}
