{
  "numFailedTestSuites": 0,
  "numFailedTests": 0,
  "numPassedTestSuites": 33,
  "numPassedTests": 73,
  "numPendingTestSuites": 0,
  "numPendingTests": 0,
  "numRuntimeErrorTestSuites": 0,
  "numTodoTests": 0,
  "numTotalTestSuites": 33,
  "numTotalTests": 73,
  "openHandles": [],
  "snapshot": {
    "added": 0,
    "didUpdate": false,
    "failure": false,
    "filesAdded": 0,
    "filesRemoved": 0,
    "filesRemovedList": [],
    "filesUnmatched": 0,
    "filesUpdated": 0,
    "matched": 41,
    "total": 41,
    "unchecked": 0,
    "uncheckedKeysByFile": [],
    "unmatched": 0,
    "updated": 0
  },
  "startTime": 1571375436373,
  "success": true,
  "testResults": [
    {
      "assertionResults": [
        {
          "ancestorTitles": ["InputChoiceVanilla Component"],
          "failureMessages": [],
          "fullName": "InputChoiceVanilla Component should render Radio button correctly",
          "location": null,
          "status": "passed",
          "title": "should render Radio button correctly"
        },
        {
          "ancestorTitles": ["InputChoiceVanilla Component"],
          "failureMessages": [],
          "fullName": "InputChoiceVanilla Component should render checkbox correctly",
          "location": null,
          "status": "passed",
          "title": "should render checkbox correctly"
        },
        {
          "ancestorTitles": ["InputChoiceVanilla Component"],
          "failureMessages": [],
          "fullName": "InputChoiceVanilla Component should render disabled",
          "location": null,
          "status": "passed",
          "title": "should render disabled"
        },
        {
          "ancestorTitles": ["InputChoiceVanilla Component"],
          "failureMessages": [],
          "fullName": "InputChoiceVanilla Component should render checked",
          "location": null,
          "status": "passed",
          "title": "should render checked"
        }
      ],
      "endTime": 1571375440008,
      "message": "",
      "name": "/Users/manshekh/Desktop/UR/atomic-react-components/lib/components/molecules/InputChoice/tests/InputChoice.test.js",
      "startTime": 1571375439132,
      "status": "passed",
      "summary": ""
    },
    {
      "assertionResults": [
        {
          "ancestorTitles": ["FieldInput"],
          "failureMessages": [],
          "fullName": "FieldInput should render correctly",
          "location": null,
          "status": "passed",
          "title": "should render correctly"
        }
      ],
      "endTime": 1571375440066,
      "message": "",
      "name": "/Users/manshekh/Desktop/UR/atomic-react-components/lib/components/molecules/Form/FieldInput/tests/FieldInput.style.test.js",
      "startTime": 1571375439157,
      "status": "passed",
      "summary": ""
    },
    {
      "assertionResults": [
        {
          "ancestorTitles": ["InputChoice"],
          "failureMessages": [],
          "fullName": "InputChoice should render radio correctly",
          "location": null,
          "status": "passed",
          "title": "should render radio correctly"
        },
        {
          "ancestorTitles": ["InputChoice"],
          "failureMessages": [],
          "fullName": "InputChoice should render checkbox correctly",
          "location": null,
          "status": "passed",
          "title": "should render checkbox correctly"
        }
      ],
      "endTime": 1571375440054,
      "message": "",
      "name": "/Users/manshekh/Desktop/UR/atomic-react-components/lib/components/molecules/InputChoice/tests/InputChoice.style.test.js",
      "startTime": 1571375439132,
      "status": "passed",
      "summary": ""
    },
    {
      "assertionResults": [
        {
          "ancestorTitles": ["FieldInput Component"],
          "failureMessages": [],
          "fullName": "FieldInput Component should render correctly",
          "location": null,
          "status": "passed",
          "title": "should render correctly"
        },
        {
          "ancestorTitles": ["FieldInput Component"],
          "failureMessages": [],
          "fullName": "FieldInput Component should render label correctly",
          "location": null,
          "status": "passed",
          "title": "should render label correctly"
        },
        {
          "ancestorTitles": ["FieldInput Component"],
          "failureMessages": [],
          "fullName": "FieldInput Component should render Input component with proper type",
          "location": null,
          "status": "passed",
          "title": "should render Input component with proper type"
        }
      ],
      "endTime": 1571375440124,
      "message": "",
      "name": "/Users/manshekh/Desktop/UR/atomic-react-components/lib/components/molecules/Form/FieldInput/tests/FieldInput.test.js",
      "startTime": 1571375439133,
      "status": "passed",
      "summary": ""
    },
    {
      "assertionResults": [
        {
          "ancestorTitles": ["<Tabs />"],
          "failureMessages": [],
          "fullName": "<Tabs /> should render correctly",
          "location": null,
          "status": "passed",
          "title": "should render correctly"
        },
        {
          "ancestorTitles": ["<Tabs /> functional behavior"],
          "failureMessages": [],
          "fullName": "<Tabs /> functional behavior should have minimum dom structure for the tests below",
          "location": null,
          "status": "passed",
          "title": "should have minimum dom structure for the tests below"
        },
        {
          "ancestorTitles": ["<Tabs /> functional behavior"],
          "failureMessages": [],
          "fullName": "<Tabs /> functional behavior should change the tab panel and execute callback on closed tab click",
          "location": null,
          "status": "passed",
          "title": "should change the tab panel and execute callback on closed tab click"
        }
      ],
      "endTime": 1571375440208,
      "message": "",
      "name": "/Users/manshekh/Desktop/UR/atomic-react-components/lib/components/molecules/Tabs/tests/Tabs.test.js",
      "startTime": 1571375439150,
      "status": "passed",
      "summary": ""
    },
    {
      "assertionResults": [
        {
          "ancestorTitles": ["Form Component"],
          "failureMessages": [],
          "fullName": "Form Component should render select tag correctly",
          "location": null,
          "status": "passed",
          "title": "should render select tag correctly"
        },
        {
          "ancestorTitles": ["Form Component"],
          "failureMessages": [],
          "fullName": "Form Component should render input text field",
          "location": null,
          "status": "passed",
          "title": "should render input text field"
        },
        {
          "ancestorTitles": ["Form Component"],
          "failureMessages": [],
          "fullName": "Form Component should render select field",
          "location": null,
          "status": "passed",
          "title": "should render select field"
        },
        {
          "ancestorTitles": ["Form Component"],
          "failureMessages": [],
          "fullName": "Form Component should render input field with yupValidationSchema",
          "location": null,
          "status": "passed",
          "title": "should render input field with yupValidationSchema"
        },
        {
          "ancestorTitles": ["Form Component"],
          "failureMessages": [],
          "fullName": "Form Component should render input field with no validation",
          "location": null,
          "status": "passed",
          "title": "should render input field with no validation"
        },
        {
          "ancestorTitles": ["Form Component"],
          "failureMessages": [],
          "fullName": "Form Component getSchema should return null if no params are passed",
          "location": null,
          "status": "passed",
          "title": "getSchema should return null if no params are passed"
        }
      ],
      "endTime": 1571375440502,
      "message": "",
      "name": "/Users/manshekh/Desktop/UR/atomic-react-components/lib/components/molecules/Form/tests/Form.test.js",
      "startTime": 1571375439145,
      "status": "passed",
      "summary": ""
    },
    {
      "assertionResults": [
        {
          "ancestorTitles": ["<ArticleThumbnail />"],
          "failureMessages": [],
          "fullName": "<ArticleThumbnail /> should render correctly with Readmore",
          "location": null,
          "status": "passed",
          "title": "should render correctly with Readmore"
        },
        {
          "ancestorTitles": ["<ArticleThumbnail />"],
          "failureMessages": [],
          "fullName": "<ArticleThumbnail /> should render correctly with full clickable thumb",
          "location": null,
          "status": "passed",
          "title": "should render correctly with full clickable thumb"
        }
      ],
      "endTime": 1571375440661,
      "message": "",
      "name": "/Users/manshekh/Desktop/UR/atomic-react-components/lib/components/molecules/ArticleThumbnail/tests/ArticleThumbnail.test.js",
      "startTime": 1571375440413,
      "status": "passed",
      "summary": ""
    },
    {
      "assertionResults": [
        {
          "ancestorTitles": ["FieldTextarea Component"],
          "failureMessages": [],
          "fullName": "FieldTextarea Component should render correctly",
          "location": null,
          "status": "passed",
          "title": "should render correctly"
        },
        {
          "ancestorTitles": ["FieldTextarea Component"],
          "failureMessages": [],
          "fullName": "FieldTextarea Component should render label correctly",
          "location": null,
          "status": "passed",
          "title": "should render label correctly"
        },
        {
          "ancestorTitles": ["FieldTextarea Component"],
          "failureMessages": [],
          "fullName": "FieldTextarea Component should render textarea tag",
          "location": null,
          "status": "passed",
          "title": "should render textarea tag"
        }
      ],
      "endTime": 1571375440657,
      "message": "",
      "name": "/Users/manshekh/Desktop/UR/atomic-react-components/lib/components/molecules/Form/FieldTextarea/tests/FieldTextarea.test.js",
      "startTime": 1571375440316,
      "status": "passed",
      "summary": ""
    },
    {
      "assertionResults": [
        {
          "ancestorTitles": ["Button Component"],
          "failureMessages": [],
          "fullName": "Button Component should render correctly",
          "location": null,
          "status": "passed",
          "title": "should render correctly"
        },
        {
          "ancestorTitles": ["Button Component"],
          "failureMessages": [],
          "fullName": "Button Component should render disabled",
          "location": null,
          "status": "passed",
          "title": "should render disabled"
        },
        {
          "ancestorTitles": ["Button Component"],
          "failureMessages": [],
          "fullName": "Button Component should render title element",
          "location": null,
          "status": "passed",
          "title": "should render title element"
        },
        {
          "ancestorTitles": ["Button Component"],
          "failureMessages": [],
          "fullName": "Button Component should render aria attribute element",
          "location": null,
          "status": "passed",
          "title": "should render aria attribute element"
        },
        {
          "ancestorTitles": ["Button Component"],
          "failureMessages": [],
          "fullName": "Button Component should check the data attribute of button",
          "location": null,
          "status": "passed",
          "title": "should check the data attribute of button"
        }
      ],
      "endTime": 1571375440715,
      "message": "",
      "name": "/Users/manshekh/Desktop/UR/atomic-react-components/lib/components/atoms/Button/tests/Button.test.js",
      "startTime": 1571375440428,
      "status": "passed",
      "summary": ""
    },
    {
      "assertionResults": [
        {
          "ancestorTitles": ["<Popover /> Rendering"],
          "failureMessages": [],
          "fullName": "<Popover /> Rendering should render correctly",
          "location": null,
          "status": "passed",
          "title": "should render correctly"
        },
        {
          "ancestorTitles": ["Popover functional behavior"],
          "failureMessages": [],
          "fullName": "Popover functional behavior Should have Close Button By Default and can be closed",
          "location": null,
          "status": "passed",
          "title": "Should have Close Button By Default and can be closed"
        },
        {
          "ancestorTitles": ["Popover functional behavior"],
          "failureMessages": [],
          "fullName": "Popover functional behavior Should open By Default when isVisible set to true",
          "location": null,
          "status": "passed",
          "title": "Should open By Default when isVisible set to true"
        },
        {
          "ancestorTitles": ["Popover functional behavior"],
          "failureMessages": [],
          "fullName": "Popover functional behavior Should open and close on Trigger and X button click",
          "location": null,
          "status": "passed",
          "title": "Should open and close on Trigger and X button click"
        }
      ],
      "endTime": 1571375440745,
      "message": "",
      "name": "/Users/manshekh/Desktop/UR/atomic-react-components/lib/components/molecules/Popover/tests/Popover.test.js",
      "startTime": 1571375440369,
      "status": "passed",
      "summary": ""
    },
    {
      "assertionResults": [
        {
          "ancestorTitles": ["FieldInput Component"],
          "failureMessages": [],
          "fullName": "FieldInput Component should render correctly",
          "location": null,
          "status": "passed",
          "title": "should render correctly"
        },
        {
          "ancestorTitles": ["FieldInput Component"],
          "failureMessages": [],
          "fullName": "FieldInput Component should render label correctly",
          "location": null,
          "status": "passed",
          "title": "should render label correctly"
        },
        {
          "ancestorTitles": ["FieldInput Component"],
          "failureMessages": [],
          "fullName": "FieldInput Component should render select tag",
          "location": null,
          "status": "passed",
          "title": "should render select tag"
        }
      ],
      "endTime": 1571375440945,
      "message": "",
      "name": "/Users/manshekh/Desktop/UR/atomic-react-components/lib/components/molecules/Form/FieldSelect/tests/FieldSelect.test.js",
      "startTime": 1571375440549,
      "status": "passed",
      "summary": ""
    },
    {
      "assertionResults": [
        {
          "ancestorTitles": ["Heading Component"],
          "failureMessages": [],
          "fullName": "Heading Component should render correctly and match snapshot",
          "location": null,
          "status": "passed",
          "title": "should render correctly and match snapshot"
        },
        {
          "ancestorTitles": ["Heading Component"],
          "failureMessages": [],
          "fullName": "Heading Component should check the custom locator of heading",
          "location": null,
          "status": "passed",
          "title": "should check the custom locator of heading"
        },
        {
          "ancestorTitles": ["Heading Component"],
          "failureMessages": [],
          "fullName": "Heading Component should check the default locator of heading",
          "location": null,
          "status": "passed",
          "title": "should check the default locator of heading"
        }
      ],
      "endTime": 1571375441143,
      "message": "",
      "name": "/Users/manshekh/Desktop/UR/atomic-react-components/lib/components/atoms/Heading/tests/Heading.test.js",
      "startTime": 1571375440883,
      "status": "passed",
      "summary": ""
    },
    {
      "assertionResults": [
        {
          "ancestorTitles": ["FieldTextarea"],
          "failureMessages": [],
          "fullName": "FieldTextarea should render correctly",
          "location": null,
          "status": "passed",
          "title": "should render correctly"
        }
      ],
      "endTime": 1571375441174,
      "message": "",
      "name": "/Users/manshekh/Desktop/UR/atomic-react-components/lib/components/molecules/Form/FieldTextarea/tests/FieldTextarea.style.test.js",
      "startTime": 1571375440913,
      "status": "passed",
      "summary": ""
    },
    {
      "assertionResults": [
        {
          "ancestorTitles": ["Select Styled component"],
          "failureMessages": [],
          "fullName": "Select Styled component should render correctly",
          "location": null,
          "status": "passed",
          "title": "should render correctly"
        }
      ],
      "endTime": 1571375441211,
      "message": "",
      "name": "/Users/manshekh/Desktop/UR/atomic-react-components/lib/components/atoms/Select/tests/Select.style.test.js",
      "startTime": 1571375440995,
      "status": "passed",
      "summary": ""
    },
    {
      "assertionResults": [
        {
          "ancestorTitles": ["Image Component with styles"],
          "failureMessages": [],
          "fullName": "Image Component with styles should render correctly and match snapshots",
          "location": null,
          "status": "passed",
          "title": "should render correctly and match snapshots"
        },
        {
          "ancestorTitles": ["Image Component with styles"],
          "failureMessages": [],
          "fullName": "Image Component with styles should render correctly with lazy load",
          "location": null,
          "status": "passed",
          "title": "should render correctly with lazy load"
        }
      ],
      "endTime": 1571375441266,
      "message": "",
      "name": "/Users/manshekh/Desktop/UR/atomic-react-components/lib/components/atoms/Image/tests/Image.style.test.js",
      "startTime": 1571375441036,
      "status": "passed",
      "summary": ""
    },
    {
      "assertionResults": [
        {
          "ancestorTitles": ["Anchor Component"],
          "failureMessages": [],
          "fullName": "Anchor Component should render correctly and match snapshot",
          "location": null,
          "status": "passed",
          "title": "should render correctly and match snapshot"
        },
        {
          "ancestorTitles": ["Anchor Component"],
          "failureMessages": [],
          "fullName": "Anchor Component Should handle on typeahead focuson Events",
          "location": null,
          "status": "passed",
          "title": "Should handle on typeahead focuson Events"
        },
        {
          "ancestorTitles": ["Anchor Component"],
          "failureMessages": [],
          "fullName": "Anchor Component should check the data attribute of anchor",
          "location": null,
          "status": "passed",
          "title": "should check the data attribute of anchor"
        }
      ],
      "endTime": 1571375441340,
      "message": "",
      "name": "/Users/manshekh/Desktop/UR/atomic-react-components/lib/components/atoms/Anchor/tests/Anchor.test.js",
      "startTime": 1571375441039,
      "status": "passed",
      "summary": ""
    },
    {
      "assertionResults": [
        {
          "ancestorTitles": ["<Breadcrumb />"],
          "failureMessages": [],
          "fullName": "<Breadcrumb /> should render correctly",
          "location": null,
          "status": "passed",
          "title": "should render correctly"
        }
      ],
      "endTime": 1571375441367,
      "message": "",
      "name": "/Users/manshekh/Desktop/UR/atomic-react-components/lib/components/molecules/Breadcrumb/tests/Breadcrumb.test.js",
      "startTime": 1571375439146,
      "status": "passed",
      "summary": ""
    },
    {
      "assertionResults": [
        {
          "ancestorTitles": ["Para Component"],
          "failureMessages": [],
          "fullName": "Para Component should render correctly and match snapshot",
          "location": null,
          "status": "passed",
          "title": "should render correctly and match snapshot"
        },
        {
          "ancestorTitles": ["Para Component"],
          "failureMessages": [],
          "fullName": "Para Component should check the data attribute of para",
          "location": null,
          "status": "passed",
          "title": "should check the data attribute of para"
        }
      ],
      "endTime": 1571375441456,
      "message": "",
      "name": "/Users/manshekh/Desktop/UR/atomic-react-components/lib/components/atoms/Para/tests/Para.test.js",
      "startTime": 1571375441199,
      "status": "passed",
      "summary": ""
    },
    {
      "assertionResults": [
        {
          "ancestorTitles": ["<Textarea />"],
          "failureMessages": [],
          "fullName": "<Textarea /> should render correctly",
          "location": null,
          "status": "passed",
          "title": "should render correctly"
        },
        {
          "ancestorTitles": ["<Textarea />"],
          "failureMessages": [],
          "fullName": "<Textarea /> should check the data attribute of textarea",
          "location": null,
          "status": "passed",
          "title": "should check the data attribute of textarea"
        }
      ],
      "endTime": 1571375441630,
      "message": "",
      "name": "/Users/manshekh/Desktop/UR/atomic-react-components/lib/components/atoms/Textarea/tests/Textarea.test.js",
      "startTime": 1571375441388,
      "status": "passed",
      "summary": ""
    },
    {
      "assertionResults": [
        {
          "ancestorTitles": ["Debug"],
          "failureMessages": [],
          "fullName": "Debug should render correctly",
          "location": null,
          "status": "passed",
          "title": "should render correctly"
        }
      ],
      "endTime": 1571375441666,
      "message": "",
      "name": "/Users/manshekh/Desktop/UR/atomic-react-components/lib/components/molecules/Form/Debug/tests/Debug.test.js",
      "startTime": 1571375441473,
      "status": "passed",
      "summary": ""
    },
    {
      "assertionResults": [
        {
          "ancestorTitles": ["Modal Component"],
          "failureMessages": [],
          "fullName": "Modal Component should render Modal correctly",
          "location": null,
          "status": "passed",
          "title": "should render Modal correctly"
        }
      ],
      "endTime": 1571375441679,
      "message": "",
      "name": "/Users/manshekh/Desktop/UR/atomic-react-components/lib/components/molecules/Modal/tests/Modal.test.js",
      "startTime": 1571375441422,
      "status": "passed",
      "summary": ""
    },
    {
      "assertionResults": [
        {
          "ancestorTitles": ["Input Styled component"],
          "failureMessages": [],
          "fullName": "Input Styled component should render correctly",
          "location": null,
          "status": "passed",
          "title": "should render correctly"
        }
      ],
      "endTime": 1571375441735,
      "message": "",
      "name": "/Users/manshekh/Desktop/UR/atomic-react-components/lib/components/atoms/Input/tests/Input.style.test.js",
      "startTime": 1571375441520,
      "status": "passed",
      "summary": ""
    },
    {
      "assertionResults": [
        {
          "ancestorTitles": ["Select Styled component"],
          "failureMessages": [],
          "fullName": "Select Styled component should render correctly",
          "location": null,
          "status": "passed",
          "title": "should render correctly"
        }
      ],
      "endTime": 1571375441904,
      "message": "",
      "name": "/Users/manshekh/Desktop/UR/atomic-react-components/lib/components/atoms/Textarea/tests/Textarea.style.test.js",
      "startTime": 1571375441676,
      "status": "passed",
      "summary": ""
    },
    {
      "assertionResults": [
        {
          "ancestorTitles": ["Image Component"],
          "failureMessages": [],
          "fullName": "Image Component should render correctly and match snapshots",
          "location": null,
          "status": "passed",
          "title": "should render correctly and match snapshots"
        },
        {
          "ancestorTitles": ["Image Component"],
          "failureMessages": [],
          "fullName": "Image Component should change image src on error",
          "location": null,
          "status": "passed",
          "title": "should change image src on error"
        },
        {
          "ancestorTitles": ["Image Component"],
          "failureMessages": [],
          "fullName": "Image Component should check the data attribute of image",
          "location": null,
          "status": "passed",
          "title": "should check the data attribute of image"
        },
        {
          "ancestorTitles": ["Image Component"],
          "failureMessages": [],
          "fullName": "Image Component should check the default locator of image",
          "location": null,
          "status": "passed",
          "title": "should check the default locator of image"
        }
      ],
      "endTime": 1571375441918,
      "message": "",
      "name": "/Users/manshekh/Desktop/UR/atomic-react-components/lib/components/atoms/Image/tests/Image.test.js",
      "startTime": 1571375441645,
      "status": "passed",
      "summary": ""
    },
    {
      "assertionResults": [
        {
          "ancestorTitles": ["FieldSelect"],
          "failureMessages": [],
          "fullName": "FieldSelect should render correctly",
          "location": null,
          "status": "passed",
          "title": "should render correctly"
        }
      ],
      "endTime": 1571375441945,
      "message": "",
      "name": "/Users/manshekh/Desktop/UR/atomic-react-components/lib/components/molecules/Form/FieldSelect/tests/FieldSelect.style.test.js",
      "startTime": 1571375441726,
      "status": "passed",
      "summary": ""
    },
    {
      "assertionResults": [
        {
          "ancestorTitles": ["<List />"],
          "failureMessages": [],
          "fullName": "<List /> should render default view correctly",
          "location": null,
          "status": "passed",
          "title": "should render default view correctly"
        }
      ],
      "endTime": 1571375442024,
      "message": "",
      "name": "/Users/manshekh/Desktop/UR/atomic-react-components/lib/components/molecules/List/tests/List.test.js",
      "startTime": 1571375441857,
      "status": "passed",
      "summary": ""
    },
    {
      "assertionResults": [
        {
          "ancestorTitles": ["Button"],
          "failureMessages": [],
          "fullName": "Button should render correctly",
          "location": null,
          "status": "passed",
          "title": "should render correctly"
        }
      ],
      "endTime": 1571375442146,
      "message": "",
      "name": "/Users/manshekh/Desktop/UR/atomic-react-components/lib/components/atoms/Button/tests/Button.style.test.js",
      "startTime": 1571375441938,
      "status": "passed",
      "summary": ""
    },
    {
      "assertionResults": [
        {
          "ancestorTitles": ["Label Component"],
          "failureMessages": [],
          "fullName": "Label Component should render correctly",
          "location": null,
          "status": "passed",
          "title": "should render correctly"
        },
        {
          "ancestorTitles": ["Label Component"],
          "failureMessages": [],
          "fullName": "Label Component should check the data attribute of label",
          "location": null,
          "status": "passed",
          "title": "should check the data attribute of label"
        }
      ],
      "endTime": 1571375442171,
      "message": "",
      "name": "/Users/manshekh/Desktop/UR/atomic-react-components/lib/components/atoms/Label/tests/Label.test.js",
      "startTime": 1571375441968,
      "status": "passed",
      "summary": ""
    },
    {
      "assertionResults": [
        {
          "ancestorTitles": ["FieldError Component"],
          "failureMessages": [],
          "fullName": "FieldError Component should render correctly",
          "location": null,
          "status": "passed",
          "title": "should render correctly"
        },
        {
          "ancestorTitles": ["FieldError Component"],
          "failureMessages": [],
          "fullName": "FieldError Component should check the element locator of field error",
          "location": null,
          "status": "passed",
          "title": "should check the element locator of field error"
        },
        {
          "ancestorTitles": ["FieldError Component"],
          "failureMessages": [],
          "fullName": "FieldError Component should check the default slnid of field error",
          "location": null,
          "status": "passed",
          "title": "should check the default slnid of field error"
        }
      ],
      "endTime": 1571375442178,
      "message": "",
      "name": "/Users/manshekh/Desktop/UR/atomic-react-components/lib/components/atoms/FieldError/tests/FieldError.test.js",
      "startTime": 1571375441889,
      "status": "passed",
      "summary": ""
    },
    {
      "assertionResults": [
        {
          "ancestorTitles": ["Input Component"],
          "failureMessages": [],
          "fullName": "Input Component should render correctly",
          "location": null,
          "status": "passed",
          "title": "should render correctly"
        },
        {
          "ancestorTitles": ["Input Component"],
          "failureMessages": [],
          "fullName": "Input Component should check the data attribute of input",
          "location": null,
          "status": "passed",
          "title": "should check the data attribute of input"
        }
      ],
      "endTime": 1571375442302,
      "message": "",
      "name": "/Users/manshekh/Desktop/UR/atomic-react-components/lib/components/atoms/Input/tests/Input.test.js",
      "startTime": 1571375442186,
      "status": "passed",
      "summary": ""
    },
    {
      "assertionResults": [
        {
          "ancestorTitles": ["<Tab />"],
          "failureMessages": [],
          "fullName": "<Tab /> should render correctly",
          "location": null,
          "status": "passed",
          "title": "should render correctly"
        }
      ],
      "endTime": 1571375442306,
      "message": "",
      "name": "/Users/manshekh/Desktop/UR/atomic-react-components/lib/components/molecules/Tabs/Tab/tests/Tab.test.js",
      "startTime": 1571375442176,
      "status": "passed",
      "summary": ""
    },
    {
      "assertionResults": [
        {
          "ancestorTitles": ["<TabPanel />"],
          "failureMessages": [],
          "fullName": "<TabPanel /> should render correctly",
          "location": null,
          "status": "passed",
          "title": "should render correctly"
        }
      ],
      "endTime": 1571375442318,
      "message": "",
      "name": "/Users/manshekh/Desktop/UR/atomic-react-components/lib/components/molecules/Tabs/TabPanel/tests/TabPanel.test.js",
      "startTime": 1571375442187,
      "status": "passed",
      "summary": ""
    },
    {
      "assertionResults": [
        {
          "ancestorTitles": ["Select Component"],
          "failureMessages": [],
          "fullName": "Select Component should render correctly",
          "location": null,
          "status": "passed",
          "title": "should render correctly"
        },
        {
          "ancestorTitles": ["Select Component"],
          "failureMessages": [],
          "fullName": "Select Component should check the data attribute of dropdown/select",
          "location": null,
          "status": "passed",
          "title": "should check the data attribute of dropdown/select"
        }
      ],
      "endTime": 1571375442337,
      "message": "",
      "name": "/Users/manshekh/Desktop/UR/atomic-react-components/lib/components/atoms/Select/tests/Select.test.js",
      "startTime": 1571375442220,
      "status": "passed",
      "summary": ""
    }
  ],
  "wasInterrupted": false,
  "coverageMap": {
    "/Users/manshekh/Desktop/UR/atomic-react-components/lib/components/molecules/InputChoice/InputChoice.js": {
      "path": "/Users/manshekh/Desktop/UR/atomic-react-components/lib/components/molecules/InputChoice/InputChoice.js",
      "statementMap": {
        "0": { "start": { "line": 22, "column": 20 }, "end": { "line": 52, "column": 1 } },
        "1": { "start": { "line": 35, "column": 2 }, "end": { "line": 51, "column": 10 } },
        "2": { "start": { "line": 54, "column": 0 }, "end": { "line": 62, "column": 2 } }
      },
      "fnMap": {
        "0": {
          "name": "(anonymous_0)",
          "decl": { "start": { "line": 22, "column": 20 }, "end": { "line": 22, "column": 21 } },
          "loc": { "start": { "line": 35, "column": 2 }, "end": { "line": 51, "column": 10 } },
          "line": 35
        }
      },
      "branchMap": {
        "0": {
          "loc": { "start": { "line": 50, "column": 10 }, "end": { "line": 50, "column": 27 } },
          "type": "binary-expr",
          "locations": [
            { "start": { "line": 50, "column": 10 }, "end": { "line": 50, "column": 18 } },
            { "start": { "line": 50, "column": 22 }, "end": { "line": 50, "column": 27 } }
          ],
          "line": 50
        }
      },
      "s": { "0": 3, "1": 7, "2": 3 },
      "f": { "0": 7 },
      "b": { "0": [7, 7] },
      "_coverageSchema": "43e27e138ebf9cfc5966b082cf9a028302ed4184",
      "hash": "70f782dea983bb9594fe82a162e0f875c2df9159"
    },
    "/Users/manshekh/Desktop/UR/atomic-react-components/lib/components/atoms/Input/index.js": {
      "path": "/Users/manshekh/Desktop/UR/atomic-react-components/lib/components/atoms/Input/index.js",
      "statementMap": {},
      "fnMap": {},
      "branchMap": {},
      "s": {},
      "f": {},
      "b": {},
      "_coverageSchema": "43e27e138ebf9cfc5966b082cf9a028302ed4184",
      "hash": "b7df8c9bb198ad9069b248531bee1783dc712f4c"
    },
    "/Users/manshekh/Desktop/UR/atomic-react-components/lib/components/atoms/Input/Input.js": {
      "path": "/Users/manshekh/Desktop/UR/atomic-react-components/lib/components/atoms/Input/Input.js",
      "statementMap": {
        "0": { "start": { "line": 18, "column": 14 }, "end": { "line": 40, "column": 1 } },
        "1": { "start": { "line": 29, "column": 2 }, "end": { "line": 39, "column": 4 } },
        "2": { "start": { "line": 42, "column": 0 }, "end": { "line": 49, "column": 2 } }
      },
      "fnMap": {
        "0": {
          "name": "(anonymous_0)",
          "decl": { "start": { "line": 18, "column": 14 }, "end": { "line": 18, "column": 15 } },
          "loc": { "start": { "line": 29, "column": 2 }, "end": { "line": 39, "column": 4 } },
          "line": 29
        }
      },
      "branchMap": {
        "0": {
          "loc": { "start": { "line": 37, "column": 18 }, "end": { "line": 37, "column": 59 } },
          "type": "binary-expr",
          "locations": [
            { "start": { "line": 37, "column": 18 }, "end": { "line": 37, "column": 32 } },
            { "start": { "line": 37, "column": 36 }, "end": { "line": 37, "column": 59 } }
          ],
          "line": 37
        }
      },
      "s": { "0": 7, "1": 5, "2": 7 },
      "f": { "0": 5 },
      "b": { "0": [5, 3] },
      "_coverageSchema": "43e27e138ebf9cfc5966b082cf9a028302ed4184",
      "hash": "46f74d5ef1e8910fd598cda8c8d40c41dd7bcde0"
    },
    "/Users/manshekh/Desktop/UR/atomic-react-components/lib/components/atoms/Input/Input.style.js": {
      "path": "/Users/manshekh/Desktop/UR/atomic-react-components/lib/components/atoms/Input/Input.style.js",
      "statementMap": {
        "0": { "start": { "line": 3, "column": 15 }, "end": { "line": 24, "column": 1 } },
        "1": { "start": { "line": 10, "column": 31 }, "end": { "line": 10, "column": 63 } },
        "2": { "start": { "line": 11, "column": 31 }, "end": { "line": 11, "column": 59 } },
        "3": { "start": { "line": 12, "column": 20 }, "end": { "line": 12, "column": 46 } },
        "4": { "start": { "line": 16, "column": 4 }, "end": { "line": 21, "column": 10 } },
        "5": { "start": { "line": 23, "column": 14 }, "end": { "line": 23, "column": 64 } }
      },
      "fnMap": {
        "0": {
          "name": "(anonymous_0)",
          "decl": { "start": { "line": 10, "column": 22 }, "end": { "line": 10, "column": 23 } },
          "loc": { "start": { "line": 10, "column": 31 }, "end": { "line": 10, "column": 63 } },
          "line": 10
        },
        "1": {
          "name": "(anonymous_1)",
          "decl": { "start": { "line": 11, "column": 22 }, "end": { "line": 11, "column": 23 } },
          "loc": { "start": { "line": 11, "column": 31 }, "end": { "line": 11, "column": 59 } },
          "line": 11
        },
        "2": {
          "name": "(anonymous_2)",
          "decl": { "start": { "line": 12, "column": 11 }, "end": { "line": 12, "column": 12 } },
          "loc": { "start": { "line": 12, "column": 20 }, "end": { "line": 12, "column": 46 } },
          "line": 12
        },
        "3": {
          "name": "(anonymous_3)",
          "decl": { "start": { "line": 15, "column": 4 }, "end": { "line": 15, "column": 5 } },
          "loc": { "start": { "line": 16, "column": 4 }, "end": { "line": 21, "column": 10 } },
          "line": 16
        },
        "4": {
          "name": "(anonymous_4)",
          "decl": { "start": { "line": 23, "column": 4 }, "end": { "line": 23, "column": 5 } },
          "loc": { "start": { "line": 23, "column": 14 }, "end": { "line": 23, "column": 64 } },
          "line": 23
        }
      },
      "branchMap": {
        "0": {
          "loc": { "start": { "line": 16, "column": 4 }, "end": { "line": 21, "column": 10 } },
          "type": "cond-expr",
          "locations": [
            { "start": { "line": 17, "column": 8 }, "end": { "line": 20, "column": 5 } },
            { "start": { "line": 21, "column": 8 }, "end": { "line": 21, "column": 10 } }
          ],
          "line": 16
        },
        "1": {
          "loc": { "start": { "line": 23, "column": 14 }, "end": { "line": 23, "column": 64 } },
          "type": "cond-expr",
          "locations": [
            { "start": { "line": 23, "column": 38 }, "end": { "line": 23, "column": 59 } },
            { "start": { "line": 23, "column": 62 }, "end": { "line": 23, "column": 64 } }
          ],
          "line": 23
        }
      },
      "s": { "0": 7, "1": 4, "2": 4, "3": 4, "4": 4, "5": 4 },
      "f": { "0": 4, "1": 4, "2": 4, "3": 4, "4": 4 },
      "b": { "0": [0, 4], "1": [0, 4] },
      "_coverageSchema": "43e27e138ebf9cfc5966b082cf9a028302ed4184",
      "hash": "c1add6ca002a097b3906bbe22c71adfcf8232896"
    },
    "/Users/manshekh/Desktop/UR/atomic-react-components/lib/components/atoms/Label/index.js": {
      "path": "/Users/manshekh/Desktop/UR/atomic-react-components/lib/components/atoms/Label/index.js",
      "statementMap": {},
      "fnMap": {},
      "branchMap": {},
      "s": {},
      "f": {},
      "b": {},
      "_coverageSchema": "43e27e138ebf9cfc5966b082cf9a028302ed4184",
      "hash": "ab4e923b0d7b53bbf3e4534531ecb194488722bf"
    },
    "/Users/manshekh/Desktop/UR/atomic-react-components/lib/components/atoms/Label/Label.js": {
      "path": "/Users/manshekh/Desktop/UR/atomic-react-components/lib/components/atoms/Label/Label.js",
      "statementMap": {
        "0": { "start": { "line": 14, "column": 14 }, "end": { "line": 25, "column": 1 } },
        "1": { "start": { "line": 17, "column": 2 }, "end": { "line": 24, "column": 10 } },
        "2": { "start": { "line": 27, "column": 0 }, "end": { "line": 30, "column": 2 } }
      },
      "fnMap": {
        "0": {
          "name": "(anonymous_0)",
          "decl": { "start": { "line": 14, "column": 14 }, "end": { "line": 14, "column": 15 } },
          "loc": { "start": { "line": 17, "column": 2 }, "end": { "line": 24, "column": 10 } },
          "line": 17
        }
      },
      "branchMap": {
        "0": {
          "loc": { "start": { "line": 20, "column": 18 }, "end": { "line": 20, "column": 88 } },
          "type": "binary-expr",
          "locations": [
            { "start": { "line": 20, "column": 18 }, "end": { "line": 20, "column": 32 } },
            { "start": { "line": 20, "column": 36 }, "end": { "line": 20, "column": 88 } }
          ],
          "line": 20
        }
      },
      "s": { "0": 10, "1": 9, "2": 10 },
      "f": { "0": 9 },
      "b": { "0": [9, 8] },
      "_coverageSchema": "43e27e138ebf9cfc5966b082cf9a028302ed4184",
      "hash": "cec0d334f8c74a95d0db0d24acd8a8ff6f8fc086"
    },
    "/Users/manshekh/Desktop/UR/atomic-react-components/lib/core/utils/elementLocator.js": {
      "path": "/Users/manshekh/Desktop/UR/atomic-react-components/lib/core/utils/elementLocator.js",
      "statementMap": {
        "0": { "start": { "line": 4, "column": 36 }, "end": { "line": 20, "column": 1 } },
        "1": { "start": { "line": 5, "column": 14 }, "end": { "line": 5, "column": 16 } },
        "2": { "start": { "line": 7, "column": 2 }, "end": { "line": 18, "column": 5 } },
        "3": { "start": { "line": 8, "column": 24 }, "end": { "line": 8, "column": 29 } },
        "4": { "start": { "line": 10, "column": 4 }, "end": { "line": 16, "column": 5 } },
        "5": { "start": { "line": 11, "column": 6 }, "end": { "line": 15, "column": 9 } },
        "6": { "start": { "line": 12, "column": 8 }, "end": { "line": 12, "column": 78 } },
        "7": { "start": { "line": 13, "column": 8 }, "end": { "line": 13, "column": 51 } },
        "8": { "start": { "line": 13, "column": 30 }, "end": { "line": 13, "column": 51 } },
        "9": { "start": { "line": 14, "column": 8 }, "end": { "line": 14, "column": 29 } },
        "10": { "start": { "line": 17, "column": 4 }, "end": { "line": 17, "column": 45 } },
        "11": { "start": { "line": 19, "column": 2 }, "end": { "line": 19, "column": 29 } }
      },
      "fnMap": {
        "0": {
          "name": "(anonymous_0)",
          "decl": { "start": { "line": 4, "column": 36 }, "end": { "line": 4, "column": 37 } },
          "loc": { "start": { "line": 4, "column": 48 }, "end": { "line": 20, "column": 1 } },
          "line": 4
        },
        "1": {
          "name": "(anonymous_1)",
          "decl": { "start": { "line": 7, "column": 34 }, "end": { "line": 7, "column": 35 } },
          "loc": { "start": { "line": 7, "column": 57 }, "end": { "line": 18, "column": 3 } },
          "line": 7
        },
        "2": {
          "name": "(anonymous_2)",
          "decl": { "start": { "line": 11, "column": 28 }, "end": { "line": 11, "column": 29 } },
          "loc": { "start": { "line": 11, "column": 51 }, "end": { "line": 15, "column": 7 } },
          "line": 11
        }
      },
      "branchMap": {
        "0": {
          "loc": { "start": { "line": 10, "column": 4 }, "end": { "line": 16, "column": 5 } },
          "type": "if",
          "locations": [
            { "start": { "line": 10, "column": 4 }, "end": { "line": 16, "column": 5 } },
            { "start": { "line": 10, "column": 4 }, "end": { "line": 16, "column": 5 } }
          ],
          "line": 10
        },
        "1": {
          "loc": { "start": { "line": 12, "column": 20 }, "end": { "line": 12, "column": 67 } },
          "type": "cond-expr",
          "locations": [
            { "start": { "line": 12, "column": 59 }, "end": { "line": 12, "column": 61 } },
            { "start": { "line": 12, "column": 64 }, "end": { "line": 12, "column": 67 } }
          ],
          "line": 12
        },
        "2": {
          "loc": { "start": { "line": 12, "column": 20 }, "end": { "line": 12, "column": 56 } },
          "type": "binary-expr",
          "locations": [
            { "start": { "line": 12, "column": 20 }, "end": { "line": 12, "column": 36 } },
            { "start": { "line": 12, "column": 40 }, "end": { "line": 12, "column": 56 } }
          ],
          "line": 12
        },
        "3": {
          "loc": { "start": { "line": 13, "column": 8 }, "end": { "line": 13, "column": 51 } },
          "type": "if",
          "locations": [
            { "start": { "line": 13, "column": 8 }, "end": { "line": 13, "column": 51 } },
            { "start": { "line": 13, "column": 8 }, "end": { "line": 13, "column": 51 } }
          ],
          "line": 13
        },
        "4": {
          "loc": { "start": { "line": 17, "column": 11 }, "end": { "line": 17, "column": 44 } },
          "type": "binary-expr",
          "locations": [
            { "start": { "line": 17, "column": 11 }, "end": { "line": 17, "column": 24 } },
            { "start": { "line": 17, "column": 28 }, "end": { "line": 17, "column": 44 } }
          ],
          "line": 17
        }
      },
      "s": {
        "0": 21,
        "1": 30,
        "2": 30,
        "3": 26,
        "4": 26,
        "5": 26,
        "6": 41,
        "7": 41,
        "8": 15,
        "9": 41,
        "10": 26,
        "11": 30
      },
      "f": { "0": 30, "1": 26, "2": 41 },
      "b": { "0": [26, 0], "1": [26, 15], "2": [41, 41], "3": [15, 26], "4": [26, 11] },
      "_coverageSchema": "43e27e138ebf9cfc5966b082cf9a028302ed4184",
      "hash": "30ab88675551c425e4584c6bab3235f45853566c"
    },
    "/Users/manshekh/Desktop/UR/atomic-react-components/lib/components/molecules/InputChoice/InputChoice.style.js": {
      "path": "/Users/manshekh/Desktop/UR/atomic-react-components/lib/components/molecules/InputChoice/InputChoice.style.js",
      "statementMap": {
        "0": { "start": { "line": 3, "column": 15 }, "end": { "line": 89, "column": 1 } },
        "1": { "start": { "line": 4, "column": 22 }, "end": { "line": 4, "column": 60 } },
        "2": { "start": { "line": 12, "column": 8 }, "end": { "line": 12, "column": 93 } },
        "3": { "start": { "line": 20, "column": 6 }, "end": { "line": 23, "column": 5 } },
        "4": { "start": { "line": 33, "column": 8 }, "end": { "line": 39, "column": 7 } },
        "5": { "start": { "line": 40, "column": 8 }, "end": { "line": 43, "column": 7 } },
        "6": { "start": { "line": 48, "column": 6 }, "end": { "line": 52, "column": 12 } },
        "7": { "start": { "line": 53, "column": 6 }, "end": { "line": 62, "column": 5 } },
        "8": { "start": { "line": 66, "column": 8 }, "end": { "line": 71, "column": 7 } },
        "9": { "start": { "line": 76, "column": 4 }, "end": { "line": 88, "column": 3 } }
      },
      "fnMap": {
        "0": {
          "name": "(anonymous_0)",
          "decl": { "start": { "line": 4, "column": 12 }, "end": { "line": 4, "column": 13 } },
          "loc": { "start": { "line": 4, "column": 22 }, "end": { "line": 4, "column": 60 } },
          "line": 4
        },
        "1": {
          "name": "(anonymous_1)",
          "decl": { "start": { "line": 11, "column": 8 }, "end": { "line": 11, "column": 9 } },
          "loc": { "start": { "line": 12, "column": 8 }, "end": { "line": 12, "column": 93 } },
          "line": 12
        },
        "2": {
          "name": "(anonymous_2)",
          "decl": { "start": { "line": 19, "column": 6 }, "end": { "line": 19, "column": 7 } },
          "loc": { "start": { "line": 20, "column": 6 }, "end": { "line": 23, "column": 5 } },
          "line": 20
        },
        "3": {
          "name": "(anonymous_3)",
          "decl": { "start": { "line": 32, "column": 8 }, "end": { "line": 32, "column": 9 } },
          "loc": { "start": { "line": 33, "column": 8 }, "end": { "line": 39, "column": 7 } },
          "line": 33
        },
        "4": {
          "name": "(anonymous_4)",
          "decl": { "start": { "line": 39, "column": 11 }, "end": { "line": 39, "column": 12 } },
          "loc": { "start": { "line": 40, "column": 8 }, "end": { "line": 43, "column": 7 } },
          "line": 40
        },
        "5": {
          "name": "(anonymous_5)",
          "decl": { "start": { "line": 47, "column": 6 }, "end": { "line": 47, "column": 7 } },
          "loc": { "start": { "line": 48, "column": 6 }, "end": { "line": 52, "column": 12 } },
          "line": 48
        },
        "6": {
          "name": "(anonymous_6)",
          "decl": { "start": { "line": 52, "column": 16 }, "end": { "line": 52, "column": 17 } },
          "loc": { "start": { "line": 53, "column": 6 }, "end": { "line": 62, "column": 5 } },
          "line": 53
        },
        "7": {
          "name": "(anonymous_7)",
          "decl": { "start": { "line": 65, "column": 8 }, "end": { "line": 65, "column": 9 } },
          "loc": { "start": { "line": 66, "column": 8 }, "end": { "line": 71, "column": 7 } },
          "line": 66
        },
        "8": {
          "name": "(anonymous_8)",
          "decl": { "start": { "line": 75, "column": 4 }, "end": { "line": 75, "column": 5 } },
          "loc": { "start": { "line": 76, "column": 4 }, "end": { "line": 88, "column": 3 } },
          "line": 76
        }
      },
      "branchMap": {
        "0": {
          "loc": { "start": { "line": 4, "column": 22 }, "end": { "line": 4, "column": 60 } },
          "type": "cond-expr",
          "locations": [
            { "start": { "line": 4, "column": 39 }, "end": { "line": 4, "column": 48 } },
            { "start": { "line": 4, "column": 51 }, "end": { "line": 4, "column": 60 } }
          ],
          "line": 4
        },
        "1": {
          "loc": { "start": { "line": 12, "column": 8 }, "end": { "line": 12, "column": 93 } },
          "type": "cond-expr",
          "locations": [
            { "start": { "line": 12, "column": 25 }, "end": { "line": 12, "column": 61 } },
            { "start": { "line": 12, "column": 64 }, "end": { "line": 12, "column": 93 } }
          ],
          "line": 12
        },
        "2": {
          "loc": { "start": { "line": 20, "column": 6 }, "end": { "line": 23, "column": 5 } },
          "type": "binary-expr",
          "locations": [
            { "start": { "line": 20, "column": 6 }, "end": { "line": 20, "column": 28 } },
            { "start": { "line": 21, "column": 6 }, "end": { "line": 23, "column": 5 } }
          ],
          "line": 20
        },
        "3": {
          "loc": { "start": { "line": 33, "column": 8 }, "end": { "line": 39, "column": 7 } },
          "type": "binary-expr",
          "locations": [
            { "start": { "line": 33, "column": 8 }, "end": { "line": 33, "column": 33 } },
            { "start": { "line": 34, "column": 8 }, "end": { "line": 39, "column": 7 } }
          ],
          "line": 33
        },
        "4": {
          "loc": { "start": { "line": 40, "column": 8 }, "end": { "line": 43, "column": 7 } },
          "type": "binary-expr",
          "locations": [
            { "start": { "line": 40, "column": 8 }, "end": { "line": 40, "column": 30 } },
            { "start": { "line": 41, "column": 8 }, "end": { "line": 43, "column": 7 } }
          ],
          "line": 40
        },
        "5": {
          "loc": { "start": { "line": 48, "column": 6 }, "end": { "line": 52, "column": 12 } },
          "type": "cond-expr",
          "locations": [
            { "start": { "line": 49, "column": 10 }, "end": { "line": 51, "column": 13 } },
            { "start": { "line": 52, "column": 10 }, "end": { "line": 52, "column": 12 } }
          ],
          "line": 48
        },
        "6": {
          "loc": { "start": { "line": 50, "column": 12 }, "end": { "line": 50, "column": 97 } },
          "type": "cond-expr",
          "locations": [
            { "start": { "line": 50, "column": 29 }, "end": { "line": 50, "column": 65 } },
            { "start": { "line": 50, "column": 68 }, "end": { "line": 50, "column": 97 } }
          ],
          "line": 50
        },
        "7": {
          "loc": { "start": { "line": 53, "column": 6 }, "end": { "line": 62, "column": 5 } },
          "type": "binary-expr",
          "locations": [
            { "start": { "line": 53, "column": 6 }, "end": { "line": 53, "column": 31 } },
            { "start": { "line": 54, "column": 6 }, "end": { "line": 62, "column": 5 } }
          ],
          "line": 53
        },
        "8": {
          "loc": { "start": { "line": 56, "column": 8 }, "end": { "line": 56, "column": 93 } },
          "type": "cond-expr",
          "locations": [
            { "start": { "line": 56, "column": 25 }, "end": { "line": 56, "column": 61 } },
            { "start": { "line": 56, "column": 64 }, "end": { "line": 56, "column": 93 } }
          ],
          "line": 56
        },
        "9": {
          "loc": { "start": { "line": 59, "column": 8 }, "end": { "line": 59, "column": 93 } },
          "type": "cond-expr",
          "locations": [
            { "start": { "line": 59, "column": 25 }, "end": { "line": 59, "column": 61 } },
            { "start": { "line": 59, "column": 64 }, "end": { "line": 59, "column": 93 } }
          ],
          "line": 59
        },
        "10": {
          "loc": { "start": { "line": 66, "column": 8 }, "end": { "line": 71, "column": 7 } },
          "type": "binary-expr",
          "locations": [
            { "start": { "line": 66, "column": 8 }, "end": { "line": 66, "column": 30 } },
            { "start": { "line": 67, "column": 8 }, "end": { "line": 71, "column": 7 } }
          ],
          "line": 66
        },
        "11": {
          "loc": { "start": { "line": 69, "column": 10 }, "end": { "line": 69, "column": 95 } },
          "type": "cond-expr",
          "locations": [
            { "start": { "line": 69, "column": 27 }, "end": { "line": 69, "column": 63 } },
            { "start": { "line": 69, "column": 66 }, "end": { "line": 69, "column": 95 } }
          ],
          "line": 69
        },
        "12": {
          "loc": { "start": { "line": 76, "column": 4 }, "end": { "line": 88, "column": 3 } },
          "type": "cond-expr",
          "locations": [
            { "start": { "line": 77, "column": 8 }, "end": { "line": 83, "column": 3 } },
            { "start": { "line": 84, "column": 8 }, "end": { "line": 88, "column": 3 } }
          ],
          "line": 76
        }
      },
      "s": { "0": 3, "1": 2, "2": 2, "3": 2, "4": 2, "5": 2, "6": 2, "7": 2, "8": 2, "9": 2 },
      "f": { "0": 2, "1": 2, "2": 2, "3": 2, "4": 2, "5": 2, "6": 2, "7": 2, "8": 2 },
      "b": {
        "0": [0, 2],
        "1": [0, 2],
        "2": [2, 1],
        "3": [2, 1],
        "4": [2, 1],
        "5": [1, 1],
        "6": [0, 1],
        "7": [2, 1],
        "8": [0, 1],
        "9": [0, 1],
        "10": [2, 1],
        "11": [0, 1],
        "12": [0, 2]
      },
      "_coverageSchema": "43e27e138ebf9cfc5966b082cf9a028302ed4184",
      "hash": "3ceb489901fa890738dde1b905cd7d26d55596a7"
    },
    "/Users/manshekh/Desktop/UR/atomic-react-components/lib/components/atoms/FieldError/index.js": {
      "path": "/Users/manshekh/Desktop/UR/atomic-react-components/lib/components/atoms/FieldError/index.js",
      "statementMap": {},
      "fnMap": {},
      "branchMap": {},
      "s": {},
      "f": {},
      "b": {},
      "_coverageSchema": "43e27e138ebf9cfc5966b082cf9a028302ed4184",
      "hash": "66d401bfa5941db2cf25c771ab895e2845c7087b"
    },
    "/Users/manshekh/Desktop/UR/atomic-react-components/lib/components/atoms/FieldError/FieldError.js": {
      "path": "/Users/manshekh/Desktop/UR/atomic-react-components/lib/components/atoms/FieldError/FieldError.js",
      "statementMap": {
        "0": { "start": { "line": 17, "column": 19 }, "end": { "line": 35, "column": 1 } },
        "1": { "start": { "line": 25, "column": 2 }, "end": { "line": 34, "column": 9 } },
        "2": { "start": { "line": 37, "column": 0 }, "end": { "line": 42, "column": 2 } }
      },
      "fnMap": {
        "0": {
          "name": "(anonymous_0)",
          "decl": { "start": { "line": 17, "column": 19 }, "end": { "line": 17, "column": 20 } },
          "loc": { "start": { "line": 25, "column": 2 }, "end": { "line": 34, "column": 9 } },
          "line": 25
        }
      },
      "branchMap": {
        "0": {
          "loc": { "start": { "line": 29, "column": 18 }, "end": { "line": 29, "column": 57 } },
          "type": "cond-expr",
          "locations": [
            { "start": { "line": 29, "column": 31 }, "end": { "line": 29, "column": 52 } },
            { "start": { "line": 29, "column": 55 }, "end": { "line": 29, "column": 57 } }
          ],
          "line": 29
        },
        "1": {
          "loc": { "start": { "line": 30, "column": 18 }, "end": { "line": 30, "column": 83 } },
          "type": "binary-expr",
          "locations": [
            { "start": { "line": 30, "column": 18 }, "end": { "line": 30, "column": 32 } },
            { "start": { "line": 30, "column": 36 }, "end": { "line": 30, "column": 83 } }
          ],
          "line": 30
        }
      },
      "s": { "0": 8, "1": 5, "2": 8 },
      "f": { "0": 5 },
      "b": { "0": [1, 4], "1": [5, 4] },
      "_coverageSchema": "43e27e138ebf9cfc5966b082cf9a028302ed4184",
      "hash": "a93968ac5f46252042fb6a553c6d795c5c3cc20d"
    },
    "/Users/manshekh/Desktop/UR/atomic-react-components/lib/components/atoms/Para/index.js": {
      "path": "/Users/manshekh/Desktop/UR/atomic-react-components/lib/components/atoms/Para/index.js",
      "statementMap": {},
      "fnMap": {},
      "branchMap": {},
      "s": {},
      "f": {},
      "b": {},
      "_coverageSchema": "43e27e138ebf9cfc5966b082cf9a028302ed4184",
      "hash": "9e10ee14dac1c9f4ecffb02667311fe093fd3bc4"
    },
    "/Users/manshekh/Desktop/UR/atomic-react-components/lib/components/atoms/Para/Para.js": {
      "path": "/Users/manshekh/Desktop/UR/atomic-react-components/lib/components/atoms/Para/Para.js",
      "statementMap": {
        "0": { "start": { "line": 15, "column": 13 }, "end": { "line": 27, "column": 1 } },
        "1": { "start": { "line": 16, "column": 22 }, "end": { "line": 20, "column": 8 } },
        "2": { "start": { "line": 22, "column": 2 }, "end": { "line": 26, "column": 4 } },
        "3": { "start": { "line": 29, "column": 0 }, "end": { "line": 33, "column": 2 } }
      },
      "fnMap": {
        "0": {
          "name": "(anonymous_0)",
          "decl": { "start": { "line": 15, "column": 13 }, "end": { "line": 15, "column": 14 } },
          "loc": { "start": { "line": 15, "column": 99 }, "end": { "line": 27, "column": 1 } },
          "line": 15
        }
      },
      "branchMap": {
        "0": {
          "loc": { "start": { "line": 16, "column": 22 }, "end": { "line": 20, "column": 8 } },
          "type": "cond-expr",
          "locations": [
            { "start": { "line": 17, "column": 6 }, "end": { "line": 19, "column": 7 } },
            { "start": { "line": 20, "column": 6 }, "end": { "line": 20, "column": 8 } }
          ],
          "line": 16
        }
      },
      "s": { "0": 9, "1": 3, "2": 3, "3": 9 },
      "f": { "0": 3 },
      "b": { "0": [1, 2] },
      "_coverageSchema": "43e27e138ebf9cfc5966b082cf9a028302ed4184",
      "hash": "622515cc3b874f3276b5f4ea9577a5fab6070528"
    },
    "/Users/manshekh/Desktop/UR/atomic-react-components/lib/components/atoms/Para/Para.style.js": {
      "path": "/Users/manshekh/Desktop/UR/atomic-react-components/lib/components/atoms/Para/Para.style.js",
      "statementMap": {
        "0": { "start": { "line": 6, "column": 26 }, "end": { "line": 6, "column": 55 } }
      },
      "fnMap": {
        "0": {
          "name": "(anonymous_0)",
          "decl": { "start": { "line": 6, "column": 17 }, "end": { "line": 6, "column": 18 } },
          "loc": { "start": { "line": 6, "column": 26 }, "end": { "line": 6, "column": 55 } },
          "line": 6
        }
      },
      "branchMap": {},
      "s": { "0": 4 },
      "f": { "0": 4 },
      "b": {},
      "_coverageSchema": "43e27e138ebf9cfc5966b082cf9a028302ed4184",
      "hash": "b3345ee6cb3bf469503ed1a906205e80a8611edc"
    },
    "/Users/manshekh/Desktop/UR/atomic-react-components/lib/components/atoms/FieldError/FieldError.style.js": {
      "path": "/Users/manshekh/Desktop/UR/atomic-react-components/lib/components/atoms/FieldError/FieldError.style.js",
      "statementMap": {
        "0": { "start": { "line": 3, "column": 15 }, "end": { "line": 10, "column": 1 } },
        "1": { "start": { "line": 4, "column": 26 }, "end": { "line": 4, "column": 57 } },
        "2": { "start": { "line": 7, "column": 20 }, "end": { "line": 7, "column": 46 } },
        "3": { "start": { "line": 9, "column": 14 }, "end": { "line": 9, "column": 64 } }
      },
      "fnMap": {
        "0": {
          "name": "(anonymous_0)",
          "decl": { "start": { "line": 4, "column": 17 }, "end": { "line": 4, "column": 18 } },
          "loc": { "start": { "line": 4, "column": 26 }, "end": { "line": 4, "column": 57 } },
          "line": 4
        },
        "1": {
          "name": "(anonymous_1)",
          "decl": { "start": { "line": 7, "column": 11 }, "end": { "line": 7, "column": 12 } },
          "loc": { "start": { "line": 7, "column": 20 }, "end": { "line": 7, "column": 46 } },
          "line": 7
        },
        "2": {
          "name": "(anonymous_2)",
          "decl": { "start": { "line": 9, "column": 4 }, "end": { "line": 9, "column": 5 } },
          "loc": { "start": { "line": 9, "column": 14 }, "end": { "line": 9, "column": 64 } },
          "line": 9
        }
      },
      "branchMap": {
        "0": {
          "loc": { "start": { "line": 9, "column": 14 }, "end": { "line": 9, "column": 64 } },
          "type": "cond-expr",
          "locations": [
            { "start": { "line": 9, "column": 38 }, "end": { "line": 9, "column": 59 } },
            { "start": { "line": 9, "column": 62 }, "end": { "line": 9, "column": 64 } }
          ],
          "line": 9
        }
      },
      "s": { "0": 8, "1": 0, "2": 0, "3": 0 },
      "f": { "0": 0, "1": 0, "2": 0 },
      "b": { "0": [0, 0] },
      "_coverageSchema": "43e27e138ebf9cfc5966b082cf9a028302ed4184",
      "hash": "694252ea916ba1061935f3fb0614299891750a40"
    },
    "/Users/manshekh/Desktop/UR/atomic-react-components/lib/components/molecules/Form/FieldInput/FieldInput.style.js": {
      "path": "/Users/manshekh/Desktop/UR/atomic-react-components/lib/components/molecules/Form/FieldInput/FieldInput.style.js",
      "statementMap": {
        "0": { "start": { "line": 4, "column": 15 }, "end": { "line": 15, "column": 1 } }
      },
      "fnMap": {},
      "branchMap": {},
      "s": { "0": 3 },
      "f": {},
      "b": {},
      "_coverageSchema": "43e27e138ebf9cfc5966b082cf9a028302ed4184",
      "hash": "94258c8d827ad78c56cce39f262155e56fab0a74"
    },
    "/Users/manshekh/Desktop/UR/atomic-react-components/lib/components/molecules/List/index.js": {
      "path": "/Users/manshekh/Desktop/UR/atomic-react-components/lib/components/molecules/List/index.js",
      "statementMap": {},
      "fnMap": {},
      "branchMap": {},
      "s": {},
      "f": {},
      "b": {},
      "_coverageSchema": "43e27e138ebf9cfc5966b082cf9a028302ed4184",
      "hash": "9520d36ce12c876411a422b73b14fe2044c2f093"
    },
    "/Users/manshekh/Desktop/UR/atomic-react-components/lib/components/molecules/List/List.js": {
      "path": "/Users/manshekh/Desktop/UR/atomic-react-components/lib/components/molecules/List/List.js",
      "statementMap": {
        "0": { "start": { "line": 26, "column": 13 }, "end": { "line": 30, "column": 1 } },
        "1": { "start": { "line": 27, "column": 2 }, "end": { "line": 29, "column": 13 } },
        "2": { "start": { "line": 32, "column": 0 }, "end": { "line": 41, "column": 2 } }
      },
      "fnMap": {
        "0": {
          "name": "(anonymous_0)",
          "decl": { "start": { "line": 26, "column": 13 }, "end": { "line": 26, "column": 14 } },
          "loc": { "start": { "line": 27, "column": 2 }, "end": { "line": 29, "column": 13 } },
          "line": 27
        }
      },
      "branchMap": {
        "0": {
          "loc": { "start": { "line": 26, "column": 27 }, "end": { "line": 26, "column": 42 } },
          "type": "default-arg",
          "locations": [
            { "start": { "line": 26, "column": 38 }, "end": { "line": 26, "column": 42 } }
          ],
          "line": 26
        }
      },
      "s": { "0": 3, "1": 7, "2": 3 },
      "f": { "0": 7 },
      "b": { "0": [0] },
      "_coverageSchema": "43e27e138ebf9cfc5966b082cf9a028302ed4184",
      "hash": "1f1e27586c5c61e4f782264e6937a945c77a0efb"
    },
    "/Users/manshekh/Desktop/UR/atomic-react-components/lib/components/molecules/List/List.style.js": {
      "path": "/Users/manshekh/Desktop/UR/atomic-react-components/lib/components/molecules/List/List.style.js",
      "statementMap": {
        "0": { "start": { "line": 9, "column": 4 }, "end": { "line": 15, "column": 10 } },
        "1": { "start": { "line": 18, "column": 4 }, "end": { "line": 24, "column": 10 } },
        "2": { "start": { "line": 27, "column": 4 }, "end": { "line": 32, "column": 10 } },
        "3": { "start": { "line": 35, "column": 4 }, "end": { "line": 42, "column": 10 } },
        "4": { "start": { "line": 45, "column": 4 }, "end": { "line": 61, "column": 10 } },
        "5": { "start": { "line": 63, "column": 14 }, "end": { "line": 63, "column": 64 } }
      },
      "fnMap": {
        "0": {
          "name": "(anonymous_0)",
          "decl": { "start": { "line": 8, "column": 4 }, "end": { "line": 8, "column": 5 } },
          "loc": { "start": { "line": 9, "column": 4 }, "end": { "line": 15, "column": 10 } },
          "line": 9
        },
        "1": {
          "name": "(anonymous_1)",
          "decl": { "start": { "line": 17, "column": 4 }, "end": { "line": 17, "column": 5 } },
          "loc": { "start": { "line": 18, "column": 4 }, "end": { "line": 24, "column": 10 } },
          "line": 18
        },
        "2": {
          "name": "(anonymous_2)",
          "decl": { "start": { "line": 26, "column": 4 }, "end": { "line": 26, "column": 5 } },
          "loc": { "start": { "line": 27, "column": 4 }, "end": { "line": 32, "column": 10 } },
          "line": 27
        },
        "3": {
          "name": "(anonymous_3)",
          "decl": { "start": { "line": 34, "column": 4 }, "end": { "line": 34, "column": 5 } },
          "loc": { "start": { "line": 35, "column": 4 }, "end": { "line": 42, "column": 10 } },
          "line": 35
        },
        "4": {
          "name": "(anonymous_4)",
          "decl": { "start": { "line": 44, "column": 4 }, "end": { "line": 44, "column": 5 } },
          "loc": { "start": { "line": 45, "column": 4 }, "end": { "line": 61, "column": 10 } },
          "line": 45
        },
        "5": {
          "name": "(anonymous_5)",
          "decl": { "start": { "line": 63, "column": 4 }, "end": { "line": 63, "column": 5 } },
          "loc": { "start": { "line": 63, "column": 14 }, "end": { "line": 63, "column": 64 } },
          "line": 63
        }
      },
      "branchMap": {
        "0": {
          "loc": { "start": { "line": 9, "column": 4 }, "end": { "line": 15, "column": 10 } },
          "type": "cond-expr",
          "locations": [
            { "start": { "line": 10, "column": 8 }, "end": { "line": 14, "column": 7 } },
            { "start": { "line": 15, "column": 8 }, "end": { "line": 15, "column": 10 } }
          ],
          "line": 9
        },
        "1": {
          "loc": { "start": { "line": 18, "column": 4 }, "end": { "line": 24, "column": 10 } },
          "type": "cond-expr",
          "locations": [
            { "start": { "line": 19, "column": 8 }, "end": { "line": 23, "column": 7 } },
            { "start": { "line": 24, "column": 8 }, "end": { "line": 24, "column": 10 } }
          ],
          "line": 18
        },
        "2": {
          "loc": { "start": { "line": 27, "column": 4 }, "end": { "line": 32, "column": 10 } },
          "type": "cond-expr",
          "locations": [
            { "start": { "line": 28, "column": 8 }, "end": { "line": 31, "column": 7 } },
            { "start": { "line": 32, "column": 8 }, "end": { "line": 32, "column": 10 } }
          ],
          "line": 27
        },
        "3": {
          "loc": { "start": { "line": 35, "column": 4 }, "end": { "line": 42, "column": 10 } },
          "type": "cond-expr",
          "locations": [
            { "start": { "line": 36, "column": 8 }, "end": { "line": 41, "column": 7 } },
            { "start": { "line": 42, "column": 8 }, "end": { "line": 42, "column": 10 } }
          ],
          "line": 35
        },
        "4": {
          "loc": { "start": { "line": 45, "column": 4 }, "end": { "line": 61, "column": 10 } },
          "type": "cond-expr",
          "locations": [
            { "start": { "line": 46, "column": 8 }, "end": { "line": 60, "column": 7 } },
            { "start": { "line": 61, "column": 8 }, "end": { "line": 61, "column": 10 } }
          ],
          "line": 45
        },
        "5": {
          "loc": { "start": { "line": 63, "column": 14 }, "end": { "line": 63, "column": 64 } },
          "type": "cond-expr",
          "locations": [
            { "start": { "line": 63, "column": 38 }, "end": { "line": 63, "column": 59 } },
            { "start": { "line": 63, "column": 62 }, "end": { "line": 63, "column": 64 } }
          ],
          "line": 63
        }
      },
      "s": { "0": 8, "1": 8, "2": 8, "3": 8, "4": 8, "5": 8 },
      "f": { "0": 8, "1": 8, "2": 8, "3": 8, "4": 8, "5": 8 },
      "b": { "0": [0, 8], "1": [3, 5], "2": [3, 5], "3": [3, 5], "4": [0, 8], "5": [0, 8] },
      "_coverageSchema": "43e27e138ebf9cfc5966b082cf9a028302ed4184",
      "hash": "5a0433560282571804d3bf495eeb85ba895907a2"
    },
    "/Users/manshekh/Desktop/UR/atomic-react-components/lib/components/molecules/Tabs/index.js": {
      "path": "/Users/manshekh/Desktop/UR/atomic-react-components/lib/components/molecules/Tabs/index.js",
      "statementMap": {},
      "fnMap": {},
      "branchMap": {},
      "s": {},
      "f": {},
      "b": {},
      "_coverageSchema": "43e27e138ebf9cfc5966b082cf9a028302ed4184",
      "hash": "5d54b19739eca94122e4637b2325bde4f0789fdb"
    },
    "/Users/manshekh/Desktop/UR/atomic-react-components/lib/components/molecules/Tabs/Tabs.js": {
      "path": "/Users/manshekh/Desktop/UR/atomic-react-components/lib/components/molecules/Tabs/Tabs.js",
      "statementMap": {
        "0": { "start": { "line": 18, "column": 24 }, "end": { "line": 26, "column": 3 } },
        "1": { "start": { "line": 28, "column": 17 }, "end": { "line": 30, "column": 3 } },
        "2": { "start": { "line": 33, "column": 37 }, "end": { "line": 33, "column": 47 } },
        "3": { "start": { "line": 34, "column": 4 }, "end": { "line": 34, "column": 37 } },
        "4": { "start": { "line": 37, "column": 20 }, "end": { "line": 45, "column": 3 } },
        "5": { "start": { "line": 38, "column": 28 }, "end": { "line": 38, "column": 38 } },
        "6": { "start": { "line": 39, "column": 4 }, "end": { "line": 41, "column": 7 } },
        "7": { "start": { "line": 42, "column": 4 }, "end": { "line": 44, "column": 5 } },
        "8": { "start": { "line": 43, "column": 6 }, "end": { "line": 43, "column": 25 } },
        "9": { "start": { "line": 47, "column": 13 }, "end": { "line": 56, "column": 3 } },
        "10": { "start": { "line": 48, "column": 4 }, "end": { "line": 48, "column": 23 } },
        "11": { "start": { "line": 49, "column": 30 }, "end": { "line": 49, "column": 40 } },
        "12": { "start": { "line": 51, "column": 4 }, "end": { "line": 53, "column": 5 } },
        "13": { "start": { "line": 52, "column": 6 }, "end": { "line": 52, "column": 13 } },
        "14": { "start": { "line": 55, "column": 4 }, "end": { "line": 55, "column": 32 } },
        "15": { "start": { "line": 58, "column": 15 }, "end": { "line": 79, "column": 3 } },
        "16": { "start": { "line": 59, "column": 4 }, "end": { "line": 63, "column": 5 } },
        "17": { "start": { "line": 60, "column": 6 }, "end": { "line": 60, "column": 25 } },
        "18": { "start": { "line": 62, "column": 6 }, "end": { "line": 62, "column": 13 } },
        "19": { "start": { "line": 65, "column": 30 }, "end": { "line": 65, "column": 40 } },
        "20": { "start": { "line": 66, "column": 28 }, "end": { "line": 66, "column": 38 } },
        "21": { "start": { "line": 70, "column": 4 }, "end": { "line": 76, "column": 5 } },
        "22": { "start": { "line": 71, "column": 6 }, "end": { "line": 71, "column": 38 } },
        "23": { "start": { "line": 72, "column": 11 }, "end": { "line": 76, "column": 5 } },
        "24": { "start": { "line": 73, "column": 6 }, "end": { "line": 73, "column": 38 } },
        "25": { "start": { "line": 75, "column": 6 }, "end": { "line": 75, "column": 13 } },
        "26": { "start": { "line": 78, "column": 4 }, "end": { "line": 78, "column": 38 } },
        "27": { "start": { "line": 91, "column": 8 }, "end": { "line": 91, "column": 18 } },
        "28": { "start": { "line": 92, "column": 30 }, "end": { "line": 92, "column": 40 } },
        "29": { "start": { "line": 93, "column": 24 }, "end": { "line": 97, "column": 5 } },
        "30": { "start": { "line": 98, "column": 4 }, "end": { "line": 133, "column": 6 } },
        "31": { "start": { "line": 104, "column": 16 }, "end": { "line": 114, "column": 22 } },
        "32": { "start": { "line": 121, "column": 14 }, "end": { "line": 129, "column": 25 } }
      },
      "fnMap": {
        "0": {
          "name": "(anonymous_0)",
          "decl": { "start": { "line": 32, "column": 2 }, "end": { "line": 32, "column": 3 } },
          "loc": { "start": { "line": 32, "column": 24 }, "end": { "line": 35, "column": 3 } },
          "line": 32
        },
        "1": {
          "name": "(anonymous_1)",
          "decl": { "start": { "line": 37, "column": 20 }, "end": { "line": 37, "column": 21 } },
          "loc": { "start": { "line": 37, "column": 39 }, "end": { "line": 45, "column": 3 } },
          "line": 37
        },
        "2": {
          "name": "(anonymous_2)",
          "decl": { "start": { "line": 47, "column": 13 }, "end": { "line": 47, "column": 14 } },
          "loc": { "start": { "line": 47, "column": 53 }, "end": { "line": 56, "column": 3 } },
          "line": 47
        },
        "3": {
          "name": "(anonymous_3)",
          "decl": { "start": { "line": 58, "column": 15 }, "end": { "line": 58, "column": 16 } },
          "loc": { "start": { "line": 58, "column": 48 }, "end": { "line": 79, "column": 3 } },
          "line": 58
        },
        "4": {
          "name": "(anonymous_4)",
          "decl": { "start": { "line": 81, "column": 2 }, "end": { "line": 81, "column": 3 } },
          "loc": { "start": { "line": 81, "column": 11 }, "end": { "line": 134, "column": 3 } },
          "line": 81
        },
        "5": {
          "name": "(anonymous_5)",
          "decl": { "start": { "line": 103, "column": 30 }, "end": { "line": 103, "column": 31 } },
          "loc": { "start": { "line": 104, "column": 16 }, "end": { "line": 114, "column": 22 } },
          "line": 104
        },
        "6": {
          "name": "(anonymous_6)",
          "decl": { "start": { "line": 120, "column": 28 }, "end": { "line": 120, "column": 29 } },
          "loc": { "start": { "line": 121, "column": 14 }, "end": { "line": 129, "column": 25 } },
          "line": 121
        }
      },
      "branchMap": {
        "0": {
          "loc": { "start": { "line": 34, "column": 11 }, "end": { "line": 34, "column": 36 } },
          "type": "binary-expr",
          "locations": [
            { "start": { "line": 34, "column": 11 }, "end": { "line": 34, "column": 31 } },
            { "start": { "line": 34, "column": 35 }, "end": { "line": 34, "column": 36 } }
          ],
          "line": 34
        },
        "1": {
          "loc": { "start": { "line": 42, "column": 4 }, "end": { "line": 44, "column": 5 } },
          "type": "if",
          "locations": [
            { "start": { "line": 42, "column": 4 }, "end": { "line": 44, "column": 5 } },
            { "start": { "line": 42, "column": 4 }, "end": { "line": 44, "column": 5 } }
          ],
          "line": 42
        },
        "2": {
          "loc": { "start": { "line": 51, "column": 4 }, "end": { "line": 53, "column": 5 } },
          "type": "if",
          "locations": [
            { "start": { "line": 51, "column": 4 }, "end": { "line": 53, "column": 5 } },
            { "start": { "line": 51, "column": 4 }, "end": { "line": 53, "column": 5 } }
          ],
          "line": 51
        },
        "3": {
          "loc": { "start": { "line": 59, "column": 4 }, "end": { "line": 63, "column": 5 } },
          "type": "if",
          "locations": [
            { "start": { "line": 59, "column": 4 }, "end": { "line": 63, "column": 5 } },
            { "start": { "line": 59, "column": 4 }, "end": { "line": 63, "column": 5 } }
          ],
          "line": 59
        },
        "4": {
          "loc": { "start": { "line": 59, "column": 8 }, "end": { "line": 59, "column": 53 } },
          "type": "binary-expr",
          "locations": [
            { "start": { "line": 59, "column": 8 }, "end": { "line": 59, "column": 28 } },
            { "start": { "line": 59, "column": 32 }, "end": { "line": 59, "column": 53 } }
          ],
          "line": 59
        },
        "5": {
          "loc": { "start": { "line": 70, "column": 4 }, "end": { "line": 76, "column": 5 } },
          "type": "if",
          "locations": [
            { "start": { "line": 70, "column": 4 }, "end": { "line": 76, "column": 5 } },
            { "start": { "line": 70, "column": 4 }, "end": { "line": 76, "column": 5 } }
          ],
          "line": 70
        },
        "6": {
          "loc": { "start": { "line": 70, "column": 8 }, "end": { "line": 70, "column": 49 } },
          "type": "binary-expr",
          "locations": [
            { "start": { "line": 70, "column": 8 }, "end": { "line": 70, "column": 28 } },
            { "start": { "line": 70, "column": 32 }, "end": { "line": 70, "column": 49 } }
          ],
          "line": 70
        },
        "7": {
          "loc": { "start": { "line": 72, "column": 11 }, "end": { "line": 76, "column": 5 } },
          "type": "if",
          "locations": [
            { "start": { "line": 72, "column": 11 }, "end": { "line": 76, "column": 5 } },
            { "start": { "line": 72, "column": 11 }, "end": { "line": 76, "column": 5 } }
          ],
          "line": 72
        },
        "8": {
          "loc": { "start": { "line": 72, "column": 15 }, "end": { "line": 72, "column": 78 } },
          "type": "binary-expr",
          "locations": [
            { "start": { "line": 72, "column": 15 }, "end": { "line": 72, "column": 36 } },
            { "start": { "line": 72, "column": 40 }, "end": { "line": 72, "column": 78 } }
          ],
          "line": 72
        },
        "9": {
          "loc": { "start": { "line": 102, "column": 13 }, "end": { "line": 115, "column": 16 } },
          "type": "binary-expr",
          "locations": [
            { "start": { "line": 102, "column": 13 }, "end": { "line": 102, "column": 24 } },
            { "start": { "line": 103, "column": 14 }, "end": { "line": 115, "column": 16 } }
          ],
          "line": 102
        },
        "10": {
[...]
          "line": 84
        },
        "4": {
          "name": "(anonymous_4)",
          "decl": { "start": { "line": 95, "column": 10 }, "end": { "line": 95, "column": 11 } },
          "loc": { "start": { "line": 95, "column": 16 }, "end": { "line": 99, "column": 3 } },
          "line": 95
        },
        "5": {
          "name": "(anonymous_5)",
          "decl": { "start": { "line": 101, "column": 2 }, "end": { "line": 101, "column": 3 } },
          "loc": { "start": { "line": 101, "column": 11 }, "end": { "line": 132, "column": 3 } },
          "line": 101
        }
      },
      "branchMap": {
        "0": {
          "loc": { "start": { "line": 44, "column": 4 }, "end": { "line": 48, "column": 5 } },
          "type": "if",
          "locations": [
            { "start": { "line": 44, "column": 4 }, "end": { "line": 48, "column": 5 } },
            { "start": { "line": 44, "column": 4 }, "end": { "line": 48, "column": 5 } }
          ],
          "line": 44
        },
        "1": {
          "loc": { "start": { "line": 67, "column": 4 }, "end": { "line": 76, "column": 5 } },
          "type": "if",
          "locations": [
            { "start": { "line": 67, "column": 4 }, "end": { "line": 76, "column": 5 } },
            { "start": { "line": 67, "column": 4 }, "end": { "line": 76, "column": 5 } }
          ],
          "line": 67
        },
        "2": {
          "loc": { "start": { "line": 68, "column": 6 }, "end": { "line": 71, "column": 43 } },
          "type": "binary-expr",
          "locations": [
            { "start": { "line": 68, "column": 6 }, "end": { "line": 68, "column": 21 } },
            { "start": { "line": 69, "column": 6 }, "end": { "line": 69, "column": 29 } },
            { "start": { "line": 70, "column": 6 }, "end": { "line": 70, "column": 24 } },
            { "start": { "line": 71, "column": 6 }, "end": { "line": 71, "column": 43 } }
          ],
          "line": 68
        },
        "3": {
          "loc": { "start": { "line": 110, "column": 20 }, "end": { "line": 110, "column": 89 } },
          "type": "binary-expr",
          "locations": [
            { "start": { "line": 110, "column": 20 }, "end": { "line": 110, "column": 27 } },
            { "start": { "line": 110, "column": 31 }, "end": { "line": 110, "column": 89 } }
          ],
          "line": 110
        },
        "4": {
          "loc": { "start": { "line": 119, "column": 9 }, "end": { "line": 129, "column": 9 } },
          "type": "binary-expr",
          "locations": [
            { "start": { "line": 119, "column": 9 }, "end": { "line": 119, "column": 20 } },
            { "start": { "line": 120, "column": 10 }, "end": { "line": 128, "column": 16 } }
          ],
          "line": 119
        },
        "5": {
          "loc": { "start": { "line": 121, "column": 13 }, "end": { "line": 125, "column": 13 } },
          "type": "binary-expr",
          "locations": [
            { "start": { "line": 121, "column": 13 }, "end": { "line": 121, "column": 33 } },
            { "start": { "line": 122, "column": 14 }, "end": { "line": 124, "column": 23 } }
          ],
          "line": 121
        },
        "6": {
          "loc": { "start": { "line": 126, "column": 13 }, "end": { "line": 126, "column": 82 } },
          "type": "binary-expr",
          "locations": [
            { "start": { "line": 126, "column": 13 }, "end": { "line": 126, "column": 26 } },
            { "start": { "line": 126, "column": 30 }, "end": { "line": 126, "column": 82 } }
          ],
          "line": 126
        }
      },
      "s": {
        "0": 1,
        "1": 5,
        "2": 5,
        "3": 5,
        "4": 5,
        "5": 5,
        "6": 2,
        "7": 0,
        "8": 5,
        "9": 0,
        "10": 0,
        "11": 0,
        "12": 5,
        "13": 1,
        "14": 5,
        "15": 1,
        "16": 9,
        "17": 9,
        "18": 9,
        "19": 9
      },
      "f": { "0": 5, "1": 0, "2": 0, "3": 1, "4": 1, "5": 9 },
      "b": {
        "0": [2, 3],
        "1": [0, 0],
        "2": [0, 0, 0, 0],
        "3": [9, 8],
        "4": [9, 3],
        "5": [3, 3],
        "6": [3, 3]
      },
      "_coverageSchema": "43e27e138ebf9cfc5966b082cf9a028302ed4184",
      "hash": "c472f561e2843b3b71fd37a99a37f7e327184a85"
    },
    "/Users/manshekh/Desktop/UR/atomic-react-components/lib/components/molecules/Popover/Popover.style.js": {
      "path": "/Users/manshekh/Desktop/UR/atomic-react-components/lib/components/molecules/Popover/Popover.style.js",
      "statementMap": {
        "0": { "start": { "line": 14, "column": 14 }, "end": { "line": 14, "column": 64 } }
      },
      "fnMap": {
        "0": {
          "name": "(anonymous_0)",
          "decl": { "start": { "line": 14, "column": 4 }, "end": { "line": 14, "column": 5 } },
          "loc": { "start": { "line": 14, "column": 14 }, "end": { "line": 14, "column": 64 } },
          "line": 14
        }
      },
      "branchMap": {
        "0": {
          "loc": { "start": { "line": 14, "column": 14 }, "end": { "line": 14, "column": 64 } },
          "type": "cond-expr",
          "locations": [
            { "start": { "line": 14, "column": 38 }, "end": { "line": 14, "column": 59 } },
            { "start": { "line": 14, "column": 62 }, "end": { "line": 14, "column": 64 } }
          ],
          "line": 14
        }
      },
      "s": { "0": 0 },
      "f": { "0": 0 },
      "b": { "0": [0, 0] },
      "_coverageSchema": "43e27e138ebf9cfc5966b082cf9a028302ed4184",
      "hash": "026b5eb74ed00313b9b2ccf2266259b91a8ad5b0"
    },
    "/Users/manshekh/Desktop/UR/atomic-react-components/lib/components/atoms/Heading/index.js": {
      "path": "/Users/manshekh/Desktop/UR/atomic-react-components/lib/components/atoms/Heading/index.js",
      "statementMap": {},
      "fnMap": {},
      "branchMap": {},
      "s": {},
      "f": {},
      "b": {},
      "_coverageSchema": "43e27e138ebf9cfc5966b082cf9a028302ed4184",
      "hash": "db70af062d11c9833ea99f5b7a9c569d32fa882f"
    },
    "/Users/manshekh/Desktop/UR/atomic-react-components/lib/components/atoms/Heading/Heading.js": {
      "path": "/Users/manshekh/Desktop/UR/atomic-react-components/lib/components/atoms/Heading/Heading.js",
      "statementMap": {
        "0": { "start": { "line": 17, "column": 16 }, "end": { "line": 32, "column": 1 } },
        "1": { "start": { "line": 25, "column": 2 }, "end": { "line": 31, "column": 16 } },
        "2": { "start": { "line": 34, "column": 0 }, "end": { "line": 38, "column": 2 } }
      },
      "fnMap": {
        "0": {
          "name": "(anonymous_0)",
          "decl": { "start": { "line": 17, "column": 16 }, "end": { "line": 17, "column": 17 } },
          "loc": { "start": { "line": 25, "column": 2 }, "end": { "line": 31, "column": 16 } },
          "line": 25
        }
      },
      "branchMap": {
        "0": {
          "loc": { "start": { "line": 20, "column": 2 }, "end": { "line": 20, "column": 20 } },
          "type": "default-arg",
          "locations": [
            { "start": { "line": 20, "column": 16 }, "end": { "line": 20, "column": 20 } }
          ],
          "line": 20
        },
        "1": {
          "loc": { "start": { "line": 27, "column": 18 }, "end": { "line": 27, "column": 94 } },
          "type": "binary-expr",
          "locations": [
            { "start": { "line": 27, "column": 18 }, "end": { "line": 27, "column": 32 } },
            { "start": { "line": 27, "column": 36 }, "end": { "line": 27, "column": 94 } }
          ],
          "line": 27
        }
      },
      "s": { "0": 1, "1": 2, "2": 1 },
      "f": { "0": 2 },
      "b": { "0": [0], "1": [2, 1] },
      "_coverageSchema": "43e27e138ebf9cfc5966b082cf9a028302ed4184",
      "hash": "16b19424b6637c511e2d80f9f3c55992203417da"
    },
    "/Users/manshekh/Desktop/UR/atomic-react-components/lib/components/atoms/Heading/Heading.style.js": {
      "path": "/Users/manshekh/Desktop/UR/atomic-react-components/lib/components/atoms/Heading/Heading.style.js",
      "statementMap": {
        "0": { "start": { "line": 6, "column": 26 }, "end": { "line": 6, "column": 55 } },
        "1": { "start": { "line": 8, "column": 14 }, "end": { "line": 8, "column": 66 } },
        "2": { "start": { "line": 9, "column": 14 }, "end": { "line": 9, "column": 66 } },
        "3": { "start": { "line": 10, "column": 14 }, "end": { "line": 10, "column": 66 } },
        "4": { "start": { "line": 11, "column": 14 }, "end": { "line": 11, "column": 66 } },
        "5": { "start": { "line": 12, "column": 14 }, "end": { "line": 12, "column": 66 } }
      },
      "fnMap": {
        "0": {
          "name": "(anonymous_0)",
          "decl": { "start": { "line": 6, "column": 17 }, "end": { "line": 6, "column": 18 } },
          "loc": { "start": { "line": 6, "column": 26 }, "end": { "line": 6, "column": 55 } },
          "line": 6
        },
        "1": {
          "name": "(anonymous_1)",
          "decl": { "start": { "line": 8, "column": 4 }, "end": { "line": 8, "column": 5 } },
          "loc": { "start": { "line": 8, "column": 14 }, "end": { "line": 8, "column": 66 } },
          "line": 8
        },
        "2": {
          "name": "(anonymous_2)",
          "decl": { "start": { "line": 9, "column": 4 }, "end": { "line": 9, "column": 5 } },
          "loc": { "start": { "line": 9, "column": 14 }, "end": { "line": 9, "column": 66 } },
          "line": 9
        },
        "3": {
          "name": "(anonymous_3)",
          "decl": { "start": { "line": 10, "column": 4 }, "end": { "line": 10, "column": 5 } },
          "loc": { "start": { "line": 10, "column": 14 }, "end": { "line": 10, "column": 66 } },
          "line": 10
        },
        "4": {
          "name": "(anonymous_4)",
          "decl": { "start": { "line": 11, "column": 4 }, "end": { "line": 11, "column": 5 } },
          "loc": { "start": { "line": 11, "column": 14 }, "end": { "line": 11, "column": 66 } },
          "line": 11
        },
        "5": {
          "name": "(anonymous_5)",
          "decl": { "start": { "line": 12, "column": 4 }, "end": { "line": 12, "column": 5 } },
          "loc": { "start": { "line": 12, "column": 14 }, "end": { "line": 12, "column": 66 } },
          "line": 12
        }
      },
      "branchMap": {
        "0": {
          "loc": { "start": { "line": 8, "column": 14 }, "end": { "line": 8, "column": 66 } },
          "type": "cond-expr",
          "locations": [
            { "start": { "line": 8, "column": 43 }, "end": { "line": 8, "column": 61 } },
            { "start": { "line": 8, "column": 64 }, "end": { "line": 8, "column": 66 } }
          ],
          "line": 8
        },
        "1": {
          "loc": { "start": { "line": 9, "column": 14 }, "end": { "line": 9, "column": 66 } },
          "type": "cond-expr",
          "locations": [
            { "start": { "line": 9, "column": 43 }, "end": { "line": 9, "column": 61 } },
            { "start": { "line": 9, "column": 64 }, "end": { "line": 9, "column": 66 } }
          ],
          "line": 9
        },
        "2": {
          "loc": { "start": { "line": 10, "column": 14 }, "end": { "line": 10, "column": 66 } },
          "type": "cond-expr",
          "locations": [
            { "start": { "line": 10, "column": 43 }, "end": { "line": 10, "column": 61 } },
            { "start": { "line": 10, "column": 64 }, "end": { "line": 10, "column": 66 } }
          ],
          "line": 10
        },
        "3": {
          "loc": { "start": { "line": 11, "column": 14 }, "end": { "line": 11, "column": 66 } },
          "type": "cond-expr",
          "locations": [
            { "start": { "line": 11, "column": 43 }, "end": { "line": 11, "column": 61 } },
            { "start": { "line": 11, "column": 64 }, "end": { "line": 11, "column": 66 } }
          ],
          "line": 11
        },
        "4": {
          "loc": { "start": { "line": 12, "column": 14 }, "end": { "line": 12, "column": 66 } },
          "type": "cond-expr",
          "locations": [
            { "start": { "line": 12, "column": 43 }, "end": { "line": 12, "column": 61 } },
            { "start": { "line": 12, "column": 64 }, "end": { "line": 12, "column": 66 } }
          ],
          "line": 12
        }
      },
      "s": { "0": 3, "1": 3, "2": 3, "3": 3, "4": 3, "5": 3 },
      "f": { "0": 3, "1": 3, "2": 3, "3": 3, "4": 3, "5": 3 },
      "b": { "0": [0, 3], "1": [0, 3], "2": [0, 3], "3": [0, 3], "4": [0, 3] },
      "_coverageSchema": "43e27e138ebf9cfc5966b082cf9a028302ed4184",
      "hash": "cb7d533234194095cc5d712c276f7ed41717b418"
    },
    "/Users/manshekh/Desktop/UR/atomic-react-components/lib/components/molecules/Breadcrumb/index.js": {
      "path": "/Users/manshekh/Desktop/UR/atomic-react-components/lib/components/molecules/Breadcrumb/index.js",
      "statementMap": {},
      "fnMap": {},
      "branchMap": {},
      "s": {},
      "f": {},
      "b": {},
      "_coverageSchema": "43e27e138ebf9cfc5966b082cf9a028302ed4184",
      "hash": "6f4f2602d9ff3ed77f62b7ae57cd5b7e21a75d3b"
    },
    "/Users/manshekh/Desktop/UR/atomic-react-components/lib/components/molecules/Breadcrumb/Breadcrumb.style.js": {
      "path": "/Users/manshekh/Desktop/UR/atomic-react-components/lib/components/molecules/Breadcrumb/Breadcrumb.style.js",
      "statementMap": {
        "0": { "start": { "line": 4, "column": 14 }, "end": { "line": 4, "column": 64 } }
      },
      "fnMap": {
        "0": {
          "name": "(anonymous_0)",
          "decl": { "start": { "line": 4, "column": 4 }, "end": { "line": 4, "column": 5 } },
          "loc": { "start": { "line": 4, "column": 14 }, "end": { "line": 4, "column": 64 } },
          "line": 4
        }
      },
      "branchMap": {
        "0": {
          "loc": { "start": { "line": 4, "column": 14 }, "end": { "line": 4, "column": 64 } },
          "type": "cond-expr",
          "locations": [
            { "start": { "line": 4, "column": 38 }, "end": { "line": 4, "column": 59 } },
            { "start": { "line": 4, "column": 62 }, "end": { "line": 4, "column": 64 } }
          ],
          "line": 4
        }
      },
      "s": { "0": 1 },
      "f": { "0": 1 },
      "b": { "0": [0, 1] },
      "_coverageSchema": "43e27e138ebf9cfc5966b082cf9a028302ed4184",
      "hash": "977789764c92261af3e823bd72cabb7280e6a128"
    },
    "/Users/manshekh/Desktop/UR/atomic-react-components/lib/components/molecules/Modal/Modal.js": {
      "path": "/Users/manshekh/Desktop/UR/atomic-react-components/lib/components/molecules/Modal/Modal.js",
      "statementMap": {
        "0": { "start": { "line": 54, "column": 14 }, "end": { "line": 102, "column": 1 } },
        "1": { "start": { "line": 78, "column": 2 }, "end": { "line": 101, "column": 4 } },
        "2": { "start": { "line": 104, "column": 0 }, "end": { "line": 125, "column": 2 } },
        "3": { "start": { "line": 121, "column": 24 }, "end": { "line": 121, "column": 49 } }
      },
      "fnMap": {
        "0": {
          "name": "(anonymous_0)",
          "decl": { "start": { "line": 54, "column": 14 }, "end": { "line": 54, "column": 15 } },
          "loc": { "start": { "line": 78, "column": 2 }, "end": { "line": 101, "column": 4 } },
          "line": 78
        },
        "1": {
          "name": "(anonymous_1)",
          "decl": { "start": { "line": 121, "column": 18 }, "end": { "line": 121, "column": 19 } },
          "loc": { "start": { "line": 121, "column": 24 }, "end": { "line": 121, "column": 49 } },
          "line": 121
        }
      },
      "branchMap": {
        "0": {
          "loc": { "start": { "line": 121, "column": 24 }, "end": { "line": 121, "column": 49 } },
          "type": "binary-expr",
          "locations": [
            { "start": { "line": 121, "column": 24 }, "end": { "line": 121, "column": 32 } },
            { "start": { "line": 121, "column": 36 }, "end": { "line": 121, "column": 49 } }
          ],
          "line": 121
        }
      },
      "s": { "0": 1, "1": 1, "2": 1, "3": 0 },
      "f": { "0": 1, "1": 0 },
      "b": { "0": [0, 0] },
      "_coverageSchema": "43e27e138ebf9cfc5966b082cf9a028302ed4184",
      "hash": "74abaa308f4f386b8e9e35b9247b3db81caefbb8"
    },
    "/Users/manshekh/Desktop/UR/atomic-react-components/lib/components/molecules/Modal/Modal.style.js": {
      "path": "/Users/manshekh/Desktop/UR/atomic-react-components/lib/components/molecules/Modal/Modal.style.js",
      "statementMap": {
        "0": { "start": { "line": 3, "column": 15 }, "end": { "line": 5, "column": 1 } },
        "1": { "start": { "line": 4, "column": 14 }, "end": { "line": 4, "column": 64 } }
      },
      "fnMap": {
        "0": {
          "name": "(anonymous_0)",
          "decl": { "start": { "line": 4, "column": 4 }, "end": { "line": 4, "column": 5 } },
          "loc": { "start": { "line": 4, "column": 14 }, "end": { "line": 4, "column": 64 } },
          "line": 4
        }
      },
      "branchMap": {
        "0": {
          "loc": { "start": { "line": 4, "column": 14 }, "end": { "line": 4, "column": 64 } },
          "type": "cond-expr",
          "locations": [
            { "start": { "line": 4, "column": 38 }, "end": { "line": 4, "column": 59 } },
            { "start": { "line": 4, "column": 62 }, "end": { "line": 4, "column": 64 } }
          ],
          "line": 4
        }
      },
      "s": { "0": 1, "1": 0 },
      "f": { "0": 0 },
      "b": { "0": [0, 0] },
      "_coverageSchema": "43e27e138ebf9cfc5966b082cf9a028302ed4184",
      "hash": "bc99fd0b3a274114e36b3e52000b865a0473b981"
    },
    "/Users/manshekh/Desktop/UR/atomic-react-components/lib/components/molecules/Breadcrumb/types/index.js": {
      "path": "/Users/manshekh/Desktop/UR/atomic-react-components/lib/components/molecules/Breadcrumb/types/index.js",
      "statementMap": {},
      "fnMap": {},
      "branchMap": {},
      "s": {},
      "f": {},
      "b": {},
      "hash": "dae3925359a5e7a2b9fe43d38829c739b2632d7a"
    },
    "/Users/manshekh/Desktop/UR/atomic-react-components/lib/components/molecules/Popover/types/index.js": {
      "path": "/Users/manshekh/Desktop/UR/atomic-react-components/lib/components/molecules/Popover/types/index.js",
      "statementMap": {},
      "fnMap": {},
      "branchMap": {},
      "s": {},
      "f": {},
      "b": {},
      "hash": "6c5bd1692ab21e8ed2549b9ec54690b432725284"
    },
    "/Users/manshekh/Desktop/UR/atomic-react-components/lib/components/molecules/Tabs/types/index.js": {
      "path": "/Users/manshekh/Desktop/UR/atomic-react-components/lib/components/molecules/Tabs/types/index.js",
      "statementMap": {},
      "fnMap": {},
      "branchMap": {},
      "s": {},
      "f": {},
      "b": {},
      "hash": "7bbc9847f9bf81d7c94e1571701306328b88c1b8"
    },
    "/Users/manshekh/Desktop/UR/atomic-react-components/lib/components/molecules/ArticleThumbnail/types/index.js": {
      "path": "/Users/manshekh/Desktop/UR/atomic-react-components/lib/components/molecules/ArticleThumbnail/types/index.js",
      "statementMap": {},
      "fnMap": {},
      "branchMap": {},
      "s": {},
      "f": {},
      "b": {},
      "hash": "bae7b09e333d6faae6e9cd49af3ba5cf37842061"
    },
    "/Users/manshekh/Desktop/UR/atomic-react-components/lib/components/molecules/Modal/index.js": {
      "path": "/Users/manshekh/Desktop/UR/atomic-react-components/lib/components/molecules/Modal/index.js",
      "statementMap": {},
      "fnMap": {},
      "branchMap": {},
      "s": {},
      "f": {},
      "b": {},
      "hash": "8eda0cb3c344501365e0b47883cd1ac939289bb7"
    },
    "/Users/manshekh/Desktop/UR/atomic-react-components/lib/components/atoms/Image/index.js": {
      "path": "/Users/manshekh/Desktop/UR/atomic-react-components/lib/components/atoms/Image/index.js",
      "statementMap": {},
      "fnMap": {},
      "branchMap": {},
      "s": {},
      "f": {},
      "b": {},
      "hash": "860e4f10055dd486c835fbead1e5750def24220a"
    }
  }
}
