{
  "numFailedTestSuites": 0,
  "numFailedTests": 0,
  "numPassedTestSuites": 36,
  "numPassedTests": 104,
  "numPendingTestSuites": 0,
  "numPendingTests": 0,
  "numRuntimeErrorTestSuites": 0,
  "numTodoTests": 0,
  "numTotalTestSuites": 36,
  "numTotalTests": 104,
  "openHandles": [],
  "snapshot": {
    "added": 0,
    "didUpdate": true,
    "failure": false,
    "filesAdded": 0,
    "filesRemoved": 0,
    "filesRemovedList": [],
    "filesUnmatched": 0,
    "filesUpdated": 1,
    "matched": 42,
    "total": 43,
    "unchecked": 0,
    "uncheckedKeysByFile": [],
    "unmatched": 0,
    "updated": 1
  },
  "startTime": 1578165592715,
  "success": true,
  "testResults": [
    {
      "assertionResults": [
        {
          "ancestorTitles": ["Select Styled component"],
          "failureMessages": [],
          "fullName": "Select Styled component should render correctly",
          "location": null,
          "status": "passed",
          "title": "should render correctly"
        }
      ],
      "endTime": 1578165596925,
      "message": "",
      "name": "/Users/vinkumar2/Documents/Projects/PageSource/PatternLibs/ReactPatternLib/lib/components/atoms/Textarea/tests/Textarea.style.test.js",
      "startTime": 1578165595973,
      "status": "passed",
      "summary": ""
    },
    {
      "assertionResults": [
        {
          "ancestorTitles": ["Select Styled component"],
          "failureMessages": [],
          "fullName": "Select Styled component should render correctly",
          "location": null,
          "status": "passed",
          "title": "should render correctly"
        }
      ],
      "endTime": 1578165596940,
      "message": "",
      "name": "/Users/vinkumar2/Documents/Projects/PageSource/PatternLibs/ReactPatternLib/lib/components/atoms/Select/tests/Select.style.test.js",
      "startTime": 1578165595952,
      "status": "passed",
      "summary": ""
    },
    {
      "assertionResults": [
        {
          "ancestorTitles": ["Button"],
          "failureMessages": [],
          "fullName": "Button should render correctly",
          "location": null,
          "status": "passed",
          "title": "should render correctly"
        }
      ],
      "endTime": 1578165597080,
      "message": "",
      "name": "/Users/vinkumar2/Documents/Projects/PageSource/PatternLibs/ReactPatternLib/lib/components/atoms/Button/tests/Button.style.test.js",
      "startTime": 1578165596008,
      "status": "passed",
      "summary": ""
    },
    {
      "assertionResults": [
        {
          "ancestorTitles": ["Input Styled component"],
          "failureMessages": [],
          "fullName": "Input Styled component should render correctly",
          "location": null,
          "status": "passed",
          "title": "should render correctly"
        }
      ],
      "endTime": 1578165597101,
      "message": "",
      "name": "/Users/vinkumar2/Documents/Projects/PageSource/PatternLibs/ReactPatternLib/lib/components/atoms/Input/tests/Input.style.test.js",
      "startTime": 1578165596003,
      "status": "passed",
      "summary": ""
    },
    {
      "assertionResults": [
        {
          "ancestorTitles": ["<HeroBanner />"],
          "failureMessages": [],
          "fullName": "<HeroBanner /> should render correctly",
          "location": null,
          "status": "passed",
          "title": "should render correctly"
        },
        {
          "ancestorTitles": ["<HeroBanner />"],
          "failureMessages": [],
          "fullName": "<HeroBanner /> should render a div",
          "location": null,
          "status": "passed",
          "title": "should render a div"
        },
        {
          "ancestorTitles": ["<HeroBanner />"],
          "failureMessages": [],
          "fullName": "<HeroBanner /> should render a header",
          "location": null,
          "status": "passed",
          "title": "should render a header"
        },
        {
          "ancestorTitles": ["<HeroBanner />"],
          "failureMessages": [],
          "fullName": "<HeroBanner /> should render a header with role as banner",
          "location": null,
          "status": "passed",
          "title": "should render a header with role as banner"
        },
        {
          "ancestorTitles": ["<HeroBanner />"],
          "failureMessages": [],
          "fullName": "<HeroBanner /> should render Hero Image",
          "location": null,
          "status": "passed",
          "title": "should render Hero Image"
        },
        {
          "ancestorTitles": ["<HeroBanner />"],
          "failureMessages": [],
          "fullName": "<HeroBanner /> should render children",
          "location": null,
          "status": "passed",
          "title": "should render children"
        }
      ],
      "endTime": 1578165597825,
      "message": "",
      "name": "/Users/vinkumar2/Documents/Projects/PageSource/PatternLibs/ReactPatternLib/lib/components/molecules/HeroBanner/tests/HeroBanner.test.js",
      "startTime": 1578165596004,
      "status": "passed",
      "summary": ""
    },
    {
      "assertionResults": [
        {
          "ancestorTitles": ["<Breadcrumb />"],
          "failureMessages": [],
          "fullName": "<Breadcrumb /> should render correctly",
          "location": null,
          "status": "passed",
          "title": "should render correctly"
        }
      ],
      "endTime": 1578165598171,
      "message": "",
      "name": "/Users/vinkumar2/Documents/Projects/PageSource/PatternLibs/ReactPatternLib/lib/components/molecules/Breadcrumb/tests/Breadcrumb.test.js",
      "startTime": 1578165595981,
      "status": "passed",
      "summary": ""
    },
    {
      "assertionResults": [
        {
          "ancestorTitles": ["FieldInput Component"],
          "failureMessages": [],
          "fullName": "FieldInput Component should render correctly",
          "location": null,
          "status": "passed",
          "title": "should render correctly"
        },
        {
          "ancestorTitles": ["FieldInput Component"],
          "failureMessages": [],
          "fullName": "FieldInput Component should render label correctly",
          "location": null,
          "status": "passed",
          "title": "should render label correctly"
        },
        {
          "ancestorTitles": ["FieldInput Component"],
          "failureMessages": [],
          "fullName": "FieldInput Component should render select tag",
          "location": null,
          "status": "passed",
          "title": "should render select tag"
        }
      ],
      "endTime": 1578165598183,
      "message": "",
      "name": "/Users/vinkumar2/Documents/Projects/PageSource/PatternLibs/ReactPatternLib/lib/components/molecules/Form/FieldSelect/tests/FieldSelect.test.js",
      "startTime": 1578165597430,
      "status": "passed",
      "summary": ""
    },
    {
      "assertionResults": [
        {
          "ancestorTitles": ["Form Component"],
          "failureMessages": [],
          "fullName": "Form Component should render select tag correctly",
          "location": null,
          "status": "passed",
          "title": "should render select tag correctly"
        },
        {
          "ancestorTitles": ["Form Component"],
          "failureMessages": [],
          "fullName": "Form Component should render input text field",
          "location": null,
          "status": "passed",
          "title": "should render input text field"
        },
        {
          "ancestorTitles": ["Form Component"],
          "failureMessages": [],
          "fullName": "Form Component should render select field",
          "location": null,
          "status": "passed",
          "title": "should render select field"
        },
        {
          "ancestorTitles": ["Form Component"],
          "failureMessages": [],
          "fullName": "Form Component should render input field with yupValidationSchema",
          "location": null,
          "status": "passed",
          "title": "should render input field with yupValidationSchema"
        },
        {
          "ancestorTitles": ["Form Component"],
          "failureMessages": [],
          "fullName": "Form Component should render input field with no validation",
          "location": null,
          "status": "passed",
          "title": "should render input field with no validation"
        },
        {
          "ancestorTitles": ["Form Component"],
          "failureMessages": [],
          "fullName": "Form Component getSchema should return null if no params are passed",
          "location": null,
          "status": "passed",
          "title": "getSchema should return null if no params are passed"
        }
      ],
      "endTime": 1578165598212,
      "message": "",
      "name": "/Users/vinkumar2/Documents/Projects/PageSource/PatternLibs/ReactPatternLib/lib/components/molecules/Form/tests/Form.test.js",
      "startTime": 1578165597436,
      "status": "passed",
      "summary": ""
    },
    {
      "assertionResults": [
        {
          "ancestorTitles": ["FieldTextarea Component"],
          "failureMessages": [],
          "fullName": "FieldTextarea Component should render correctly",
          "location": null,
          "status": "passed",
          "title": "should render correctly"
        },
        {
          "ancestorTitles": ["FieldTextarea Component"],
          "failureMessages": [],
          "fullName": "FieldTextarea Component should render label correctly",
          "location": null,
          "status": "passed",
          "title": "should render label correctly"
        },
        {
          "ancestorTitles": ["FieldTextarea Component"],
          "failureMessages": [],
          "fullName": "FieldTextarea Component should render textarea tag",
          "location": null,
          "status": "passed",
          "title": "should render textarea tag"
        }
      ],
      "endTime": 1578165598307,
      "message": "",
      "name": "/Users/vinkumar2/Documents/Projects/PageSource/PatternLibs/ReactPatternLib/lib/components/molecules/Form/FieldTextarea/tests/FieldTextarea.test.js",
      "startTime": 1578165597574,
      "status": "passed",
      "summary": ""
    },
    {
      "assertionResults": [
        {
          "ancestorTitles": ["FieldInput Component"],
          "failureMessages": [],
          "fullName": "FieldInput Component should render correctly",
          "location": null,
          "status": "passed",
          "title": "should render correctly"
        },
        {
          "ancestorTitles": ["FieldInput Component"],
          "failureMessages": [],
          "fullName": "FieldInput Component should render label correctly",
          "location": null,
          "status": "passed",
          "title": "should render label correctly"
        },
        {
          "ancestorTitles": ["FieldInput Component"],
          "failureMessages": [],
          "fullName": "FieldInput Component should render Input component with proper type",
          "location": null,
          "status": "passed",
          "title": "should render Input component with proper type"
        }
      ],
      "endTime": 1578165598353,
      "message": "",
      "name": "/Users/vinkumar2/Documents/Projects/PageSource/PatternLibs/ReactPatternLib/lib/components/molecules/Form/FieldInput/tests/FieldInput.test.js",
      "startTime": 1578165597605,
      "status": "passed",
      "summary": ""
    },
    {
      "assertionResults": [
        {
          "ancestorTitles": ["<Tab />"],
          "failureMessages": [],
          "fullName": "<Tab /> should render correctly",
          "location": null,
          "status": "passed",
          "title": "should render correctly"
        }
      ],
      "endTime": 1578165598827,
      "message": "",
      "name": "/Users/vinkumar2/Documents/Projects/PageSource/PatternLibs/ReactPatternLib/lib/components/molecules/Tabs/Tab/tests/Tab.test.js",
      "startTime": 1578165598561,
      "status": "passed",
      "summary": ""
    },
    {
      "assertionResults": [
        {
          "ancestorTitles": ["<Tabs />"],
          "failureMessages": [],
          "fullName": "<Tabs /> should render correctly",
          "location": null,
          "status": "passed",
          "title": "should render correctly"
        },
        {
          "ancestorTitles": ["<Tabs /> functional behavior"],
          "failureMessages": [],
          "fullName": "<Tabs /> functional behavior should have minimum dom structure for the tests below",
          "location": null,
          "status": "passed",
          "title": "should have minimum dom structure for the tests below"
        },
        {
          "ancestorTitles": ["<Tabs /> functional behavior"],
          "failureMessages": [],
          "fullName": "<Tabs /> functional behavior should change the tab panel and execute callback on closed tab click",
          "location": null,
          "status": "passed",
          "title": "should change the tab panel and execute callback on closed tab click"
        }
      ],
      "endTime": 1578165599052,
      "message": "",
      "name": "/Users/vinkumar2/Documents/Projects/PageSource/PatternLibs/ReactPatternLib/lib/components/molecules/Tabs/tests/Tabs.test.js",
      "startTime": 1578165598368,
      "status": "passed",
      "summary": ""
    },
    {
      "assertionResults": [
        {
          "ancestorTitles": ["Select Component"],
          "failureMessages": [],
          "fullName": "Select Component should render correctly",
          "location": null,
          "status": "passed",
          "title": "should render correctly"
        },
        {
          "ancestorTitles": ["Select Component"],
          "failureMessages": [],
          "fullName": "Select Component should check the data attribute of dropdown/select",
          "location": null,
          "status": "passed",
          "title": "should check the data attribute of dropdown/select"
        }
      ],
      "endTime": 1578165599144,
      "message": "",
      "name": "/Users/vinkumar2/Documents/Projects/PageSource/PatternLibs/ReactPatternLib/lib/components/atoms/Select/tests/Select.test.js",
      "startTime": 1578165598767,
      "status": "passed",
      "summary": ""
    },
    {
      "assertionResults": [
        {
          "ancestorTitles": ["<Video />"],
          "failureMessages": [],
          "fullName": "<Video /> should have video tag",
          "location": null,
          "status": "passed",
          "title": "should have video tag"
        },
        {
          "ancestorTitles": ["<Video />"],
          "failureMessages": [],
          "fullName": "<Video /> should have source tag in video",
          "location": null,
          "status": "passed",
          "title": "should have source tag in video"
        },
        {
          "ancestorTitles": ["<Video />"],
          "failureMessages": [],
          "fullName": "<Video /> should have src attribute in source tag",
          "location": null,
          "status": "passed",
          "title": "should have src attribute in source tag"
        },
        {
          "ancestorTitles": ["<Video />"],
          "failureMessages": [],
          "fullName": "<Video /> should not be autoplay",
          "location": null,
          "status": "passed",
          "title": "should not be autoplay"
        },
        {
          "ancestorTitles": ["<Video />"],
          "failureMessages": [],
          "fullName": "<Video /> should not have track element only should have Track component",
          "location": null,
          "status": "passed",
          "title": "should not have track element only should have Track component"
        },
        {
          "ancestorTitles": ["<Video />"],
          "failureMessages": [],
          "fullName": "<Video /> should have children",
          "location": null,
          "status": "passed",
          "title": "should have children"
        },
        {
          "ancestorTitles": ["<Video />"],
          "failureMessages": [],
          "fullName": "<Video /> track component without data",
          "location": null,
          "status": "passed",
          "title": "track component without data"
        },
        {
          "ancestorTitles": ["<Video />"],
          "failureMessages": [],
          "fullName": "<Video /> should render correctly",
          "location": null,
          "status": "passed",
          "title": "should render correctly"
        }
      ],
      "endTime": 1578165599142,
      "message": "",
      "name": "/Users/vinkumar2/Documents/Projects/PageSource/PatternLibs/ReactPatternLib/lib/components/atoms/Video/tests/Video.test.js",
      "startTime": 1578165598545,
      "status": "passed",
      "summary": ""
    },
    {
      "assertionResults": [
        {
          "ancestorTitles": ["<Blockquote />"],
          "failureMessages": [],
          "fullName": "<Blockquote /> should render blockquote",
          "location": null,
          "status": "passed",
          "title": "should render blockquote"
        },
        {
          "ancestorTitles": ["<Blockquote />"],
          "failureMessages": [],
          "fullName": "<Blockquote /> should render content",
          "location": null,
          "status": "passed",
          "title": "should render content"
        },
        {
          "ancestorTitles": ["<Blockquote />"],
          "failureMessages": [],
          "fullName": "<Blockquote /> check quoteContent value passed in",
          "location": null,
          "status": "passed",
          "title": "check quoteContent value passed in"
        },
        {
          "ancestorTitles": ["<Blockquote />"],
          "failureMessages": [],
          "fullName": "<Blockquote /> check quoteAuthor value passed in",
          "location": null,
          "status": "passed",
          "title": "check quoteAuthor value passed in"
        },
        {
          "ancestorTitles": ["<Blockquote />"],
          "failureMessages": [],
          "fullName": "<Blockquote /> should render author name",
          "location": null,
          "status": "passed",
          "title": "should render author name"
        },
        {
          "ancestorTitles": ["<Blockquote />"],
          "failureMessages": [],
          "fullName": "<Blockquote /> should render correctly",
          "location": null,
          "status": "passed",
          "title": "should render correctly"
        }
      ],
      "endTime": 1578165599219,
      "message": "",
      "name": "/Users/vinkumar2/Documents/Projects/PageSource/PatternLibs/ReactPatternLib/lib/components/molecules/Blockquote/tests/Blockquote.test.js",
      "startTime": 1578165598801,
      "status": "passed",
      "summary": ""
    },
    {
      "assertionResults": [
        {
          "ancestorTitles": ["<QuoteMedia />"],
          "failureMessages": [],
          "fullName": "<QuoteMedia /> Should have component heading being displayed",
          "location": null,
          "status": "passed",
          "title": "Should have component heading being displayed"
        },
        {
          "ancestorTitles": ["<QuoteMedia />"],
          "failureMessages": [],
          "fullName": "<QuoteMedia /> Should allow quote component passing",
          "location": null,
          "status": "passed",
          "title": "Should allow quote component passing"
        },
        {
          "ancestorTitles": ["<QuoteMedia />"],
          "failureMessages": [],
          "fullName": "<QuoteMedia /> Should render media Image in component body",
          "location": null,
          "status": "passed",
          "title": "Should render media Image in component body"
        },
        {
          "ancestorTitles": ["<QuoteMedia />"],
          "failureMessages": [],
          "fullName": "<QuoteMedia /> Should render correctly",
          "location": null,
          "status": "passed",
          "title": "Should render correctly"
        }
      ],
      "endTime": 1578165599216,
      "message": "",
      "name": "/Users/vinkumar2/Documents/Projects/PageSource/PatternLibs/ReactPatternLib/lib/components/molecules/QuoteMedia/tests/QuoteMedia.test.js",
      "startTime": 1578165598741,
      "status": "passed",
      "summary": ""
    },
    {
      "assertionResults": [
        {
          "ancestorTitles": ["<Popover /> Rendering"],
          "failureMessages": [],
          "fullName": "<Popover /> Rendering should render correctly",
          "location": null,
          "status": "passed",
          "title": "should render correctly"
        },
        {
          "ancestorTitles": ["Popover functional behavior"],
          "failureMessages": [],
          "fullName": "Popover functional behavior Should have Close Button By Default and can be closed",
          "location": null,
          "status": "passed",
          "title": "Should have Close Button By Default and can be closed"
        },
        {
          "ancestorTitles": ["Popover functional behavior"],
          "failureMessages": [],
          "fullName": "Popover functional behavior Should open By Default when isVisible set to true",
          "location": null,
          "status": "passed",
          "title": "Should open By Default when isVisible set to true"
        },
        {
          "ancestorTitles": ["Popover functional behavior"],
          "failureMessages": [],
          "fullName": "Popover functional behavior Should open and close on Trigger and X button click",
          "location": null,
          "status": "passed",
          "title": "Should open and close on Trigger and X button click"
        }
      ],
      "endTime": 1578165599639,
      "message": "",
      "name": "/Users/vinkumar2/Documents/Projects/PageSource/PatternLibs/ReactPatternLib/lib/components/molecules/Popover/tests/Popover.test.js",
      "startTime": 1578165599266,
      "status": "passed",
      "summary": ""
    },
    {
      "assertionResults": [
        {
          "ancestorTitles": ["Button Component"],
          "failureMessages": [],
          "fullName": "Button Component should render correctly",
          "location": null,
          "status": "passed",
          "title": "should render correctly"
        },
        {
          "ancestorTitles": ["Button Component"],
          "failureMessages": [],
          "fullName": "Button Component should render disabled",
          "location": null,
          "status": "passed",
          "title": "should render disabled"
        },
        {
          "ancestorTitles": ["Button Component"],
          "failureMessages": [],
          "fullName": "Button Component should render title element",
          "location": null,
          "status": "passed",
          "title": "should render title element"
        },
        {
          "ancestorTitles": ["Button Component"],
          "failureMessages": [],
          "fullName": "Button Component should render aria attribute element",
          "location": null,
          "status": "passed",
          "title": "should render aria attribute element"
        },
        {
          "ancestorTitles": ["Button Component"],
          "failureMessages": [],
          "fullName": "Button Component should check the data attribute of button",
          "location": null,
          "status": "passed",
          "title": "should check the data attribute of button"
        }
      ],
      "endTime": 1578165599751,
      "message": "",
      "name": "/Users/vinkumar2/Documents/Projects/PageSource/PatternLibs/ReactPatternLib/lib/components/atoms/Button/tests/Button.test.js",
      "startTime": 1578165599425,
      "status": "passed",
      "summary": ""
    },
    {
      "assertionResults": [
        {
          "ancestorTitles": ["<Textarea />"],
          "failureMessages": [],
          "fullName": "<Textarea /> should render correctly",
          "location": null,
          "status": "passed",
          "title": "should render correctly"
        },
        {
          "ancestorTitles": ["<Textarea />"],
          "failureMessages": [],
          "fullName": "<Textarea /> should check the data attribute of textarea",
          "location": null,
          "status": "passed",
          "title": "should check the data attribute of textarea"
        }
      ],
      "endTime": 1578165599756,
      "message": "",
      "name": "/Users/vinkumar2/Documents/Projects/PageSource/PatternLibs/ReactPatternLib/lib/components/atoms/Textarea/tests/Textarea.test.js",
      "startTime": 1578165599501,
      "status": "passed",
      "summary": ""
    },
    {
      "assertionResults": [
        {
          "ancestorTitles": ["Input Component"],
          "failureMessages": [],
          "fullName": "Input Component should render correctly",
          "location": null,
          "status": "passed",
          "title": "should render correctly"
        },
        {
          "ancestorTitles": ["Input Component"],
          "failureMessages": [],
          "fullName": "Input Component should check the data attribute of input",
          "location": null,
          "status": "passed",
          "title": "should check the data attribute of input"
        }
      ],
      "endTime": 1578165599789,
      "message": "",
      "name": "/Users/vinkumar2/Documents/Projects/PageSource/PatternLibs/ReactPatternLib/lib/components/atoms/Input/tests/Input.test.js",
      "startTime": 1578165599510,
      "status": "passed",
      "summary": ""
    },
    {
      "assertionResults": [
        {
          "ancestorTitles": ["FieldError Component"],
          "failureMessages": [],
          "fullName": "FieldError Component should render correctly",
          "location": null,
          "status": "passed",
          "title": "should render correctly"
        },
        {
          "ancestorTitles": ["FieldError Component"],
          "failureMessages": [],
          "fullName": "FieldError Component should check the element locator of field error",
          "location": null,
          "status": "passed",
          "title": "should check the element locator of field error"
        },
        {
          "ancestorTitles": ["FieldError Component"],
          "failureMessages": [],
          "fullName": "FieldError Component should check the default slnid of field error",
          "location": null,
          "status": "passed",
          "title": "should check the default slnid of field error"
        }
      ],
      "endTime": 1578165599909,
      "message": "",
      "name": "/Users/vinkumar2/Documents/Projects/PageSource/PatternLibs/ReactPatternLib/lib/components/atoms/FieldError/tests/FieldError.test.js",
      "startTime": 1578165599616,
      "status": "passed",
      "summary": ""
    },
    {
      "assertionResults": [
        {
          "ancestorTitles": ["Image Component"],
          "failureMessages": [],
          "fullName": "Image Component should render correctly and match snapshots",
          "location": null,
          "status": "passed",
          "title": "should render correctly and match snapshots"
        },
        {
          "ancestorTitles": ["Image Component"],
          "failureMessages": [],
          "fullName": "Image Component should change image src on error",
          "location": null,
          "status": "passed",
          "title": "should change image src on error"
        },
        {
          "ancestorTitles": ["Image Component"],
          "failureMessages": [],
          "fullName": "Image Component should check the data attribute of image",
          "location": null,
          "status": "passed",
          "title": "should check the data attribute of image"
        },
        {
          "ancestorTitles": ["Image Component"],
          "failureMessages": [],
          "fullName": "Image Component should check the default locator of image",
          "location": null,
          "status": "passed",
          "title": "should check the default locator of image"
        }
      ],
      "endTime": 1578165599922,
      "message": "",
      "name": "/Users/vinkumar2/Documents/Projects/PageSource/PatternLibs/ReactPatternLib/lib/components/atoms/Image/tests/Image.test.js",
      "startTime": 1578165599602,
      "status": "passed",
      "summary": ""
    },
    {
      "assertionResults": [
        {
          "ancestorTitles": ["<Toast />"],
          "failureMessages": [],
          "fullName": "<Toast /> <Toast />should render correctly",
          "location": null,
          "status": "passed",
          "title": "<Toast />should render correctly"
        },
        {
          "ancestorTitles": ["<Toast /> Component"],
          "failureMessages": [],
          "fullName": "<Toast /> Component is rendering root div,if isVisible prop is true ",
          "location": null,
          "status": "passed",
          "title": "is rendering root div,if isVisible prop is true "
        },
        {
          "ancestorTitles": ["<Toast /> Component"],
          "failureMessages": [],
          "fullName": "<Toast /> Component not rendering root div,if isVisible prop is false",
          "location": null,
          "status": "passed",
          "title": "not rendering root div,if isVisible prop is false"
        },
        {
          "ancestorTitles": ["<Toast /> Component"],
          "failureMessages": [],
          "fullName": "<Toast /> Component is rendering all necessary elements rendered if isVisible prop is true",
          "location": null,
          "status": "passed",
          "title": "is rendering all necessary elements rendered if isVisible prop is true"
        },
        {
          "ancestorTitles": ["<Toast /> Component"],
          "failureMessages": [],
          "fullName": "<Toast /> Component is rendering ProgressBar if autoDismissTimeout is set as 0",
          "location": null,
          "status": "passed",
          "title": "is rendering ProgressBar if autoDismissTimeout is set as 0"
        },
        {
          "ancestorTitles": ["<Toast /> Component"],
          "failureMessages": [],
          "fullName": "<Toast /> Component is rendering ProgressBar if autoDismissTimeout is set as 3000",
          "location": null,
          "status": "passed",
          "title": "is rendering ProgressBar if autoDismissTimeout is set as 3000"
        },
        {
          "ancestorTitles": ["<Toast /> Component"],
          "failureMessages": [],
          "fullName": "<Toast /> Component is rendering children ",
          "location": null,
          "status": "passed",
          "title": "is rendering children "
        },
        {
          "ancestorTitles": ["<Toast /> Component is checking effects on"],
          "failureMessages": [],
          "fullName": "<Toast /> Component is checking effects on onClick event, should dismiss the toast when clicking  on click of X button click",
          "location": null,
          "status": "passed",
          "title": "onClick event, should dismiss the toast when clicking  on click of X button click"
        },
        {
          "ancestorTitles": ["<Toast /> component useeffect hook for autodismiss"],
          "failureMessages": [],
          "fullName": "<Toast /> component useeffect hook for autodismiss autodismiss after timeout",
          "location": null,
          "status": "passed",
          "title": "autodismiss after timeout"
        }
      ],
      "endTime": 1578165600027,
      "message": "",
      "name": "/Users/vinkumar2/Documents/Projects/PageSource/PatternLibs/ReactPatternLib/lib/components/molecules/Toast/tests/Toast.test.js",
      "startTime": 1578165595922,
      "status": "passed",
      "summary": ""
    },
    {
      "assertionResults": [
        {
          "ancestorTitles": ["Anchor Component"],
          "failureMessages": [],
          "fullName": "Anchor Component should render correctly and match snapshot",
          "location": null,
          "status": "passed",
          "title": "should render correctly and match snapshot"
        },
        {
          "ancestorTitles": ["Anchor Component"],
          "failureMessages": [],
          "fullName": "Anchor Component Should handle on typeahead focuson Events",
          "location": null,
          "status": "passed",
          "title": "Should handle on typeahead focuson Events"
        },
        {
          "ancestorTitles": ["Anchor Component"],
          "failureMessages": [],
          "fullName": "Anchor Component should check the data attribute of anchor",
          "location": null,
          "status": "passed",
          "title": "should check the data attribute of anchor"
        }
      ],
      "endTime": 1578165600374,
      "message": "",
      "name": "/Users/vinkumar2/Documents/Projects/PageSource/PatternLibs/ReactPatternLib/lib/components/atoms/Anchor/tests/Anchor.test.js",
      "startTime": 1578165600086,
      "status": "passed",
      "summary": ""
    },
    {
      "assertionResults": [
        {
          "ancestorTitles": ["InputChoiceVanilla Component"],
          "failureMessages": [],
          "fullName": "InputChoiceVanilla Component should render Radio button correctly",
          "location": null,
          "status": "passed",
          "title": "should render Radio button correctly"
        },
        {
          "ancestorTitles": ["InputChoiceVanilla Component"],
          "failureMessages": [],
          "fullName": "InputChoiceVanilla Component should render checkbox correctly",
          "location": null,
          "status": "passed",
          "title": "should render checkbox correctly"
        },
        {
          "ancestorTitles": ["InputChoiceVanilla Component"],
          "failureMessages": [],
          "fullName": "InputChoiceVanilla Component should render disabled",
          "location": null,
          "status": "passed",
          "title": "should render disabled"
        },
        {
          "ancestorTitles": ["InputChoiceVanilla Component"],
          "failureMessages": [],
          "fullName": "InputChoiceVanilla Component should render checked",
          "location": null,
          "status": "passed",
          "title": "should render checked"
        }
      ],
      "endTime": 1578165600373,
      "message": "",
      "name": "/Users/vinkumar2/Documents/Projects/PageSource/PatternLibs/ReactPatternLib/lib/components/molecules/InputChoice/tests/InputChoice.test.js",
      "startTime": 1578165599962,
      "status": "passed",
      "summary": ""
    },
    {
      "assertionResults": [
        {
          "ancestorTitles": ["<Icon />"],
          "failureMessages": [],
          "fullName": "<Icon /> should render correctly",
          "location": null,
          "status": "passed",
          "title": "should render correctly"
        },
        {
          "ancestorTitles": ["<Icon />"],
          "failureMessages": [],
          "fullName": "<Icon /> should have id",
          "location": null,
          "status": "passed",
          "title": "should have id"
        }
      ],
      "endTime": 1578165600461,
      "message": "",
      "name": "/Users/vinkumar2/Documents/Projects/PageSource/PatternLibs/ReactPatternLib/lib/components/atoms/Icon/tests/Icon.test.js",
      "startTime": 1578165600136,
      "status": "passed",
      "summary": ""
    },
    {
      "assertionResults": [
        {
          "ancestorTitles": ["Image Component with styles"],
          "failureMessages": [],
          "fullName": "Image Component with styles should render correctly and match snapshots",
          "location": null,
          "status": "passed",
          "title": "should render correctly and match snapshots"
        },
        {
          "ancestorTitles": ["Image Component with styles"],
          "failureMessages": [],
          "fullName": "Image Component with styles should render correctly with lazy load",
          "location": null,
          "status": "passed",
          "title": "should render correctly with lazy load"
        }
      ],
      "endTime": 1578165600536,
      "message": "",
      "name": "/Users/vinkumar2/Documents/Projects/PageSource/PatternLibs/ReactPatternLib/lib/components/atoms/Image/tests/Image.style.test.js",
      "startTime": 1578165600129,
      "status": "passed",
      "summary": ""
    },
    {
      "assertionResults": [
        {
          "ancestorTitles": ["Heading Component"],
          "failureMessages": [],
          "fullName": "Heading Component should render correctly and match snapshot",
          "location": null,
          "status": "passed",
          "title": "should render correctly and match snapshot"
        },
        {
          "ancestorTitles": ["Heading Component"],
          "failureMessages": [],
          "fullName": "Heading Component should check the custom locator of heading",
          "location": null,
          "status": "passed",
          "title": "should check the custom locator of heading"
        },
        {
          "ancestorTitles": ["Heading Component"],
          "failureMessages": [],
          "fullName": "Heading Component should check the default locator of heading",
          "location": null,
          "status": "passed",
          "title": "should check the default locator of heading"
        }
      ],
      "endTime": 1578165600664,
      "message": "",
      "name": "/Users/vinkumar2/Documents/Projects/PageSource/PatternLibs/ReactPatternLib/lib/components/atoms/Heading/tests/Heading.test.js",
      "startTime": 1578165600315,
      "status": "passed",
      "summary": ""
    },
    {
      "assertionResults": [
        {
          "ancestorTitles": ["<Track />"],
          "failureMessages": [],
          "fullName": "<Track /> should render correctly",
          "location": null,
          "status": "passed",
          "title": "should render correctly"
        }
      ],
      "endTime": 1578165600745,
      "message": "",
      "name": "/Users/vinkumar2/Documents/Projects/PageSource/PatternLibs/ReactPatternLib/lib/components/atoms/Track/tests/Track.test.js",
      "startTime": 1578165600428,
      "status": "passed",
      "summary": ""
    },
    {
      "assertionResults": [
        {
          "ancestorTitles": ["<TabPanel />"],
          "failureMessages": [],
          "fullName": "<TabPanel /> should render correctly",
          "location": null,
          "status": "passed",
          "title": "should render correctly"
        }
      ],
      "endTime": 1578165600966,
      "message": "",
      "name": "/Users/vinkumar2/Documents/Projects/PageSource/PatternLibs/ReactPatternLib/lib/components/molecules/Tabs/TabPanel/tests/TabPanel.test.js",
      "startTime": 1578165600636,
      "status": "passed",
      "summary": ""
    },
    {
      "assertionResults": [
        {
          "ancestorTitles": ["Para Component"],
          "failureMessages": [],
          "fullName": "Para Component should render correctly and match snapshot",
          "location": null,
          "status": "passed",
          "title": "should render correctly and match snapshot"
        },
        {
          "ancestorTitles": ["Para Component"],
          "failureMessages": [],
          "fullName": "Para Component should check the data attribute of para",
          "location": null,
          "status": "passed",
          "title": "should check the data attribute of para"
        }
      ],
      "endTime": 1578165601163,
      "message": "",
      "name": "/Users/vinkumar2/Documents/Projects/PageSource/PatternLibs/ReactPatternLib/lib/components/atoms/Para/tests/Para.test.js",
      "startTime": 1578165600914,
      "status": "passed",
      "summary": ""
    },
    {
      "assertionResults": [
        {
          "ancestorTitles": ["<ArticleThumbnail />"],
          "failureMessages": [],
          "fullName": "<ArticleThumbnail /> should render correctly with Readmore",
          "location": null,
          "status": "passed",
          "title": "should render correctly with Readmore"
        },
        {
          "ancestorTitles": ["<ArticleThumbnail />"],
          "failureMessages": [],
          "fullName": "<ArticleThumbnail /> should render correctly with full clickable thumb",
          "location": null,
          "status": "passed",
          "title": "should render correctly with full clickable thumb"
        }
      ],
      "endTime": 1578165601209,
      "message": "",
      "name": "/Users/vinkumar2/Documents/Projects/PageSource/PatternLibs/ReactPatternLib/lib/components/molecules/ArticleThumbnail/tests/ArticleThumbnail.test.js",
      "startTime": 1578165600926,
      "status": "passed",
      "summary": ""
    },
    {
      "assertionResults": [
        {
          "ancestorTitles": ["Modal Component"],
          "failureMessages": [],
          "fullName": "Modal Component should render Modal correctly",
          "location": null,
          "status": "passed",
          "title": "should render Modal correctly"
        }
      ],
      "endTime": 1578165601244,
      "message": "",
      "name": "/Users/vinkumar2/Documents/Projects/PageSource/PatternLibs/ReactPatternLib/lib/components/molecules/Modal/tests/Modal.test.js",
      "startTime": 1578165600959,
      "status": "passed",
      "summary": ""
    },
    {
      "assertionResults": [
        {
          "ancestorTitles": ["Label Component"],
          "failureMessages": [],
          "fullName": "Label Component should render correctly",
          "location": null,
          "status": "passed",
          "title": "should render correctly"
        },
        {
          "ancestorTitles": ["Label Component"],
          "failureMessages": [],
          "fullName": "Label Component should check the data attribute of label",
          "location": null,
          "status": "passed",
          "title": "should check the data attribute of label"
        }
      ],
      "endTime": 1578165601280,
      "message": "",
      "name": "/Users/vinkumar2/Documents/Projects/PageSource/PatternLibs/ReactPatternLib/lib/components/atoms/Label/tests/Label.test.js",
      "startTime": 1578165601080,
      "status": "passed",
      "summary": ""
    },
    {
      "assertionResults": [
        {
          "ancestorTitles": ["Debug"],
          "failureMessages": [],
          "fullName": "Debug should render correctly",
          "location": null,
          "status": "passed",
          "title": "should render correctly"
        }
      ],
      "endTime": 1578165601285,
      "message": "",
      "name": "/Users/vinkumar2/Documents/Projects/PageSource/PatternLibs/ReactPatternLib/lib/components/molecules/Form/Debug/tests/Debug.test.js",
      "startTime": 1578165601023,
      "status": "passed",
      "summary": ""
    },
    {
      "assertionResults": [
        {
          "ancestorTitles": ["<List />"],
          "failureMessages": [],
          "fullName": "<List /> should render default view correctly",
          "location": null,
          "status": "passed",
          "title": "should render default view correctly"
        }
      ],
      "endTime": 1578165601327,
      "message": "",
      "name": "/Users/vinkumar2/Documents/Projects/PageSource/PatternLibs/ReactPatternLib/lib/components/molecules/List/tests/List.test.js",
      "startTime": 1578165601143,
      "status": "passed",
      "summary": ""
    }
  ],
  "wasInterrupted": false,
  "coverageMap": {
    "/Users/vinkumar2/Documents/Projects/PageSource/PatternLibs/ReactPatternLib/lib/components/atoms/Textarea/Textarea.js": {
      "path": "/Users/vinkumar2/Documents/Projects/PageSource/PatternLibs/ReactPatternLib/lib/components/atoms/Textarea/Textarea.js",
      "statementMap": {
        "0": { "start": { "line": 22, "column": 17 }, "end": { "line": 44, "column": 1 } },
        "1": { "start": { "line": 33, "column": 2 }, "end": { "line": 43, "column": 4 } },
        "2": { "start": { "line": 46, "column": 0 }, "end": { "line": 53, "column": 2 } }
      },
      "fnMap": {
        "0": {
          "name": "(anonymous_0)",
          "decl": { "start": { "line": 22, "column": 17 }, "end": { "line": 22, "column": 18 } },
          "loc": { "start": { "line": 33, "column": 2 }, "end": { "line": 43, "column": 4 } },
          "line": 33
        }
      },
      "branchMap": {
        "0": {
          "loc": { "start": { "line": 41, "column": 18 }, "end": { "line": 41, "column": 66 } },
          "type": "binary-expr",
          "locations": [
            { "start": { "line": 41, "column": 18 }, "end": { "line": 41, "column": 32 } },
            { "start": { "line": 41, "column": 36 }, "end": { "line": 41, "column": 66 } }
          ],
          "line": 41
        }
      },
      "s": { "0": 6, "1": 5, "2": 6 },
      "f": { "0": 5 },
      "b": { "0": [5, 2] },
      "_coverageSchema": "43e27e138ebf9cfc5966b082cf9a028302ed4184",
      "hash": "29e58dc42c298ea88f47fbd9e455bdefbd01050b"
    },
    "/Users/vinkumar2/Documents/Projects/PageSource/PatternLibs/ReactPatternLib/lib/components/atoms/Textarea/Textarea.style.js": {
      "path": "/Users/vinkumar2/Documents/Projects/PageSource/PatternLibs/ReactPatternLib/lib/components/atoms/Textarea/Textarea.style.js",
      "statementMap": {
        "0": { "start": { "line": 3, "column": 15 }, "end": { "line": 24, "column": 1 } },
        "1": { "start": { "line": 4, "column": 13 }, "end": { "line": 9, "column": 3 } },
        "2": { "start": { "line": 10, "column": 21 }, "end": { "line": 10, "column": 43 } },
        "3": { "start": { "line": 16, "column": 4 }, "end": { "line": 21, "column": 10 } },
        "4": { "start": { "line": 23, "column": 14 }, "end": { "line": 23, "column": 64 } }
      },
      "fnMap": {
        "0": {
          "name": "(anonymous_0)",
          "decl": { "start": { "line": 4, "column": 4 }, "end": { "line": 4, "column": 5 } },
          "loc": { "start": { "line": 4, "column": 13 }, "end": { "line": 9, "column": 3 } },
          "line": 4
        },
        "1": {
          "name": "(anonymous_1)",
          "decl": { "start": { "line": 10, "column": 12 }, "end": { "line": 10, "column": 13 } },
          "loc": { "start": { "line": 10, "column": 21 }, "end": { "line": 10, "column": 43 } },
          "line": 10
        },
        "2": {
          "name": "(anonymous_2)",
          "decl": { "start": { "line": 15, "column": 4 }, "end": { "line": 15, "column": 5 } },
          "loc": { "start": { "line": 16, "column": 4 }, "end": { "line": 21, "column": 10 } },
          "line": 16
        },
        "3": {
          "name": "(anonymous_3)",
          "decl": { "start": { "line": 23, "column": 4 }, "end": { "line": 23, "column": 5 } },
          "loc": { "start": { "line": 23, "column": 14 }, "end": { "line": 23, "column": 64 } },
          "line": 23
        }
      },
      "branchMap": {
        "0": {
          "loc": { "start": { "line": 10, "column": 21 }, "end": { "line": 10, "column": 43 } },
          "type": "binary-expr",
          "locations": [
            { "start": { "line": 10, "column": 21 }, "end": { "line": 10, "column": 33 } },
            { "start": { "line": 10, "column": 37 }, "end": { "line": 10, "column": 43 } }
          ],
          "line": 10
        },
        "1": {
          "loc": { "start": { "line": 16, "column": 4 }, "end": { "line": 21, "column": 10 } },
          "type": "cond-expr",
          "locations": [
            { "start": { "line": 17, "column": 8 }, "end": { "line": 20, "column": 5 } },
            { "start": { "line": 21, "column": 8 }, "end": { "line": 21, "column": 10 } }
          ],
          "line": 16
        },
        "2": {
          "loc": { "start": { "line": 23, "column": 14 }, "end": { "line": 23, "column": 64 } },
          "type": "cond-expr",
          "locations": [
            { "start": { "line": 23, "column": 38 }, "end": { "line": 23, "column": 59 } },
            { "start": { "line": 23, "column": 62 }, "end": { "line": 23, "column": 64 } }
          ],
          "line": 23
        }
      },
      "s": { "0": 6, "1": 2, "2": 2, "3": 2, "4": 2 },
      "f": { "0": 2, "1": 2, "2": 2, "3": 2 },
      "b": { "0": [2, 2], "1": [0, 2], "2": [0, 2] },
      "_coverageSchema": "43e27e138ebf9cfc5966b082cf9a028302ed4184",
      "hash": "f29256f58f6d048f6498f6b971646573a8000eac"
    },
    "/Users/vinkumar2/Documents/Projects/PageSource/PatternLibs/ReactPatternLib/lib/components/atoms/Select/Select.js": {
      "path": "/Users/vinkumar2/Documents/Projects/PageSource/PatternLibs/ReactPatternLib/lib/components/atoms/Select/Select.js",
      "statementMap": {
        "0": { "start": { "line": 18, "column": 15 }, "end": { "line": 45, "column": 1 } },
        "1": { "start": { "line": 29, "column": 2 }, "end": { "line": 44, "column": 11 } },
        "2": { "start": { "line": 40, "column": 6 }, "end": { "line": 42, "column": 15 } },
        "3": { "start": { "line": 47, "column": 0 }, "end": { "line": 53, "column": 2 } }
      },
      "fnMap": {
        "0": {
          "name": "(anonymous_0)",
          "decl": { "start": { "line": 18, "column": 15 }, "end": { "line": 18, "column": 16 } },
          "loc": { "start": { "line": 29, "column": 2 }, "end": { "line": 44, "column": 11 } },
          "line": 29
        },
        "1": {
          "name": "(anonymous_1)",
          "decl": { "start": { "line": 39, "column": 17 }, "end": { "line": 39, "column": 18 } },
          "loc": { "start": { "line": 40, "column": 6 }, "end": { "line": 42, "column": 15 } },
          "line": 40
        }
      },
      "branchMap": {
        "0": {
          "loc": { "start": { "line": 35, "column": 18 }, "end": { "line": 35, "column": 64 } },
          "type": "binary-expr",
          "locations": [
            { "start": { "line": 35, "column": 18 }, "end": { "line": 35, "column": 32 } },
            { "start": { "line": 35, "column": 36 }, "end": { "line": 35, "column": 64 } }
          ],
          "line": 35
        },
        "1": {
          "loc": { "start": { "line": 38, "column": 5 }, "end": { "line": 38, "column": 59 } },
          "type": "binary-expr",
          "locations": [
            { "start": { "line": 38, "column": 5 }, "end": { "line": 38, "column": 16 } },
            { "start": { "line": 38, "column": 20 }, "end": { "line": 38, "column": 59 } }
          ],
          "line": 38
        }
      },
      "s": { "0": 6, "1": 5, "2": 12, "3": 6 },
      "f": { "0": 5, "1": 12 },
      "b": { "0": [5, 3], "1": [5, 0] },
      "_coverageSchema": "43e27e138ebf9cfc5966b082cf9a028302ed4184",
      "hash": "fe1e261de49eb29efa5e8ded1bf596697724cfcd"
    },
    "/Users/vinkumar2/Documents/Projects/PageSource/PatternLibs/ReactPatternLib/lib/components/atoms/Select/Select.style.js": {
      "path": "/Users/vinkumar2/Documents/Projects/PageSource/PatternLibs/ReactPatternLib/lib/components/atoms/Select/Select.style.js",
      "statementMap": {
        "0": { "start": { "line": 3, "column": 15 }, "end": { "line": 22, "column": 1 } },
        "1": { "start": { "line": 5, "column": 13 }, "end": { "line": 10, "column": 3 } },
        "2": { "start": { "line": 14, "column": 4 }, "end": { "line": 19, "column": 10 } },
        "3": { "start": { "line": 21, "column": 14 }, "end": { "line": 21, "column": 64 } }
      },
      "fnMap": {
        "0": {
          "name": "(anonymous_0)",
          "decl": { "start": { "line": 5, "column": 4 }, "end": { "line": 5, "column": 5 } },
          "loc": { "start": { "line": 5, "column": 13 }, "end": { "line": 10, "column": 3 } },
          "line": 5
        },
        "1": {
          "name": "(anonymous_1)",
          "decl": { "start": { "line": 13, "column": 4 }, "end": { "line": 13, "column": 5 } },
          "loc": { "start": { "line": 14, "column": 4 }, "end": { "line": 19, "column": 10 } },
          "line": 14
        },
        "2": {
          "name": "(anonymous_2)",
          "decl": { "start": { "line": 21, "column": 4 }, "end": { "line": 21, "column": 5 } },
          "loc": { "start": { "line": 21, "column": 14 }, "end": { "line": 21, "column": 64 } },
          "line": 21
        }
      },
      "branchMap": {
        "0": {
          "loc": { "start": { "line": 14, "column": 4 }, "end": { "line": 19, "column": 10 } },
          "type": "cond-expr",
          "locations": [
            { "start": { "line": 15, "column": 8 }, "end": { "line": 18, "column": 5 } },
            { "start": { "line": 19, "column": 8 }, "end": { "line": 19, "column": 10 } }
          ],
          "line": 14
        },
        "1": {
          "loc": { "start": { "line": 21, "column": 14 }, "end": { "line": 21, "column": 64 } },
          "type": "cond-expr",
          "locations": [
            { "start": { "line": 21, "column": 38 }, "end": { "line": 21, "column": 59 } },
            { "start": { "line": 21, "column": 62 }, "end": { "line": 21, "column": 64 } }
          ],
          "line": 21
        }
      },
      "s": { "0": 6, "1": 2, "2": 2, "3": 2 },
      "f": { "0": 2, "1": 2, "2": 2 },
      "b": { "0": [0, 2], "1": [0, 2] },
      "_coverageSchema": "43e27e138ebf9cfc5966b082cf9a028302ed4184",
      "hash": "47f9f3d7c157211a7dca33c4e8385b064a1ca366"
    },
    "/Users/vinkumar2/Documents/Projects/PageSource/PatternLibs/ReactPatternLib/lib/components/atoms/Button/Button.js": {
      "path": "/Users/vinkumar2/Documents/Projects/PageSource/PatternLibs/ReactPatternLib/lib/components/atoms/Button/Button.js",
      "statementMap": {
        "0": { "start": { "line": 22, "column": 15 }, "end": { "line": 45, "column": 1 } },
        "1": { "start": { "line": 35, "column": 2 }, "end": { "line": 44, "column": 11 } },
        "2": { "start": { "line": 47, "column": 0 }, "end": { "line": 57, "column": 2 } }
      },
      "fnMap": {
        "0": {
          "name": "(anonymous_0)",
          "decl": { "start": { "line": 22, "column": 15 }, "end": { "line": 22, "column": 16 } },
          "loc": { "start": { "line": 35, "column": 2 }, "end": { "line": 44, "column": 11 } },
          "line": 35
        }
      },
      "branchMap": {
        "0": {
          "loc": { "start": { "line": 36, "column": 16 }, "end": { "line": 36, "column": 33 } },
          "type": "binary-expr",
          "locations": [
            { "start": { "line": 36, "column": 16 }, "end": { "line": 36, "column": 25 } },
            { "start": { "line": 36, "column": 29 }, "end": { "line": 36, "column": 33 } }
          ],
          "line": 36
        },
        "1": {
          "loc": { "start": { "line": 40, "column": 18 }, "end": { "line": 40, "column": 86 } },
          "type": "binary-expr",
          "locations": [
            { "start": { "line": 40, "column": 18 }, "end": { "line": 40, "column": 32 } },
            { "start": { "line": 40, "column": 36 }, "end": { "line": 40, "column": 86 } }
          ],
          "line": 40
        }
      },
      "s": { "0": 4, "1": 10, "2": 4 },
      "f": { "0": 10 },
      "b": { "0": [10, 9], "1": [10, 9] },
      "_coverageSchema": "43e27e138ebf9cfc5966b082cf9a028302ed4184",
      "hash": "55f322db757871ef2f530f335a110634d8b7cfd8"
    },
    "/Users/vinkumar2/Documents/Projects/PageSource/PatternLibs/ReactPatternLib/lib/core/utils/elementLocator.js": {
      "path": "/Users/vinkumar2/Documents/Projects/PageSource/PatternLibs/ReactPatternLib/lib/core/utils/elementLocator.js",
      "statementMap": {
        "0": { "start": { "line": 4, "column": 36 }, "end": { "line": 20, "column": 1 } },
        "1": { "start": { "line": 5, "column": 14 }, "end": { "line": 5, "column": 16 } },
        "2": { "start": { "line": 7, "column": 2 }, "end": { "line": 18, "column": 5 } },
        "3": { "start": { "line": 8, "column": 24 }, "end": { "line": 8, "column": 29 } },
        "4": { "start": { "line": 10, "column": 4 }, "end": { "line": 16, "column": 5 } },
        "5": { "start": { "line": 11, "column": 6 }, "end": { "line": 15, "column": 9 } },
        "6": { "start": { "line": 12, "column": 8 }, "end": { "line": 12, "column": 78 } },
        "7": { "start": { "line": 13, "column": 8 }, "end": { "line": 13, "column": 51 } },
        "8": { "start": { "line": 13, "column": 30 }, "end": { "line": 13, "column": 51 } },
        "9": { "start": { "line": 14, "column": 8 }, "end": { "line": 14, "column": 29 } },
        "10": { "start": { "line": 17, "column": 4 }, "end": { "line": 17, "column": 45 } },
        "11": { "start": { "line": 19, "column": 2 }, "end": { "line": 19, "column": 29 } }
      },
      "fnMap": {
        "0": {
          "name": "(anonymous_0)",
          "decl": { "start": { "line": 4, "column": 36 }, "end": { "line": 4, "column": 37 } },
          "loc": { "start": { "line": 4, "column": 48 }, "end": { "line": 20, "column": 1 } },
          "line": 4
        },
        "1": {
          "name": "(anonymous_1)",
          "decl": { "start": { "line": 7, "column": 34 }, "end": { "line": 7, "column": 35 } },
          "loc": { "start": { "line": 7, "column": 57 }, "end": { "line": 18, "column": 3 } },
          "line": 7
        },
        "2": {
          "name": "(anonymous_2)",
          "decl": { "start": { "line": 11, "column": 28 }, "end": { "line": 11, "column": 29 } },
          "loc": { "start": { "line": 11, "column": 51 }, "end": { "line": 15, "column": 7 } },
          "line": 11
        }
      },
      "branchMap": {
        "0": {
          "loc": { "start": { "line": 10, "column": 4 }, "end": { "line": 16, "column": 5 } },
          "type": "if",
          "locations": [
            { "start": { "line": 10, "column": 4 }, "end": { "line": 16, "column": 5 } },
            { "start": { "line": 10, "column": 4 }, "end": { "line": 16, "column": 5 } }
          ],
          "line": 10
        },
        "1": {
          "loc": { "start": { "line": 12, "column": 20 }, "end": { "line": 12, "column": 67 } },
          "type": "cond-expr",
          "locations": [
            { "start": { "line": 12, "column": 59 }, "end": { "line": 12, "column": 61 } },
            { "start": { "line": 12, "column": 64 }, "end": { "line": 12, "column": 67 } }
          ],
          "line": 12
        },
        "2": {
          "loc": { "start": { "line": 12, "column": 20 }, "end": { "line": 12, "column": 56 } },
          "type": "binary-expr",
          "locations": [
            { "start": { "line": 12, "column": 20 }, "end": { "line": 12, "column": 36 } },
            { "start": { "line": 12, "column": 40 }, "end": { "line": 12, "column": 56 } }
          ],
          "line": 12
        },
        "3": {
          "loc": { "start": { "line": 13, "column": 8 }, "end": { "line": 13, "column": 51 } },
          "type": "if",
          "locations": [
            { "start": { "line": 13, "column": 8 }, "end": { "line": 13, "column": 51 } },
            { "start": { "line": 13, "column": 8 }, "end": { "line": 13, "column": 51 } }
          ],
          "line": 13
        },
        "4": {
          "loc": { "start": { "line": 17, "column": 11 }, "end": { "line": 17, "column": 44 } },
          "type": "binary-expr",
          "locations": [
            { "start": { "line": 17, "column": 11 }, "end": { "line": 17, "column": 24 } },
            { "start": { "line": 17, "column": 28 }, "end": { "line": 17, "column": 44 } }
          ],
          "line": 17
        }
      },
      "s": {
        "0": 20,
        "1": 32,
        "2": 32,
        "3": 30,
        "4": 30,
        "5": 30,
        "6": 46,
        "7": 46,
        "8": 16,
        "9": 46,
        "10": 30,
        "11": 32
      },
      "f": { "0": 32, "1": 30, "2": 46 },
      "b": { "0": [30, 0], "1": [30, 16], "2": [46, 46], "3": [16, 30], "4": [30, 14] },
      "_coverageSchema": "43e27e138ebf9cfc5966b082cf9a028302ed4184",
      "hash": "ce63bae5539cdc1414302bdb40bac2aff6079995"
    },
    "/Users/vinkumar2/Documents/Projects/PageSource/PatternLibs/ReactPatternLib/lib/components/atoms/Button/Button.style.js": {
      "path": "/Users/vinkumar2/Documents/Projects/PageSource/PatternLibs/ReactPatternLib/lib/components/atoms/Button/Button.style.js",
      "statementMap": {
        "0": { "start": { "line": 3, "column": 21 }, "end": { "line": 29, "column": 1 } },
        "1": { "start": { "line": 8, "column": 22 }, "end": { "line": 8, "column": 64 } },
        "2": { "start": { "line": 9, "column": 13 }, "end": { "line": 13, "column": 3 } },
        "3": { "start": { "line": 14, "column": 13 }, "end": { "line": 14, "column": 69 } },
        "4": { "start": { "line": 16, "column": 4 }, "end": { "line": 21, "column": 10 } },
        "5": { "start": { "line": 22, "column": 13 }, "end": { "line": 22, "column": 48 } },
        "6": { "start": { "line": 28, "column": 14 }, "end": { "line": 28, "column": 64 } }
      },
      "fnMap": {
        "0": {
          "name": "(anonymous_0)",
          "decl": { "start": { "line": 8, "column": 12 }, "end": { "line": 8, "column": 13 } },
          "loc": { "start": { "line": 8, "column": 22 }, "end": { "line": 8, "column": 64 } },
          "line": 8
        },
        "1": {
          "name": "(anonymous_1)",
          "decl": { "start": { "line": 9, "column": 4 }, "end": { "line": 9, "column": 5 } },
          "loc": { "start": { "line": 9, "column": 13 }, "end": { "line": 13, "column": 3 } },
          "line": 9
        },
        "2": {
          "name": "(anonymous_2)",
          "decl": { "start": { "line": 14, "column": 4 }, "end": { "line": 14, "column": 5 } },
          "loc": { "start": { "line": 14, "column": 13 }, "end": { "line": 14, "column": 69 } },
          "line": 14
        },
        "3": {
          "name": "(anonymous_3)",
          "decl": { "start": { "line": 15, "column": 4 }, "end": { "line": 15, "column": 5 } },
          "loc": { "start": { "line": 16, "column": 4 }, "end": { "line": 21, "column": 10 } },
          "line": 16
        },
        "4": {
          "name": "(anonymous_4)",
          "decl": { "start": { "line": 22, "column": 4 }, "end": { "line": 22, "column": 5 } },
          "loc": { "start": { "line": 22, "column": 13 }, "end": { "line": 22, "column": 48 } },
          "line": 22
        },
        "5": {
          "name": "(anonymous_5)",
          "decl": { "start": { "line": 28, "column": 4 }, "end": { "line": 28, "column": 5 } },
          "loc": { "start": { "line": 28, "column": 14 }, "end": { "line": 28, "column": 64 } },
          "line": 28
        }
      },
      "branchMap": {
        "0": {
          "loc": { "start": { "line": 8, "column": 22 }, "end": { "line": 8, "column": 64 } },
          "type": "cond-expr",
          "locations": [
            { "start": { "line": 8, "column": 39 }, "end": { "line": 8, "column": 52 } },
            { "start": { "line": 8, "column": 55 }, "end": { "line": 8, "column": 64 } }
          ],
          "line": 8
        },
        "1": {
          "loc": { "start": { "line": 14, "column": 13 }, "end": { "line": 14, "column": 69 } },
          "type": "binary-expr",
          "locations": [
            { "start": { "line": 14, "column": 13 }, "end": { "line": 14, "column": 28 } },
            { "start": { "line": 14, "column": 32 }, "end": { "line": 14, "column": 69 } }
          ],
          "line": 14
        },
        "2": {
          "loc": { "start": { "line": 16, "column": 4 }, "end": { "line": 21, "column": 10 } },
          "type": "cond-expr",
          "locations": [
            { "start": { "line": 17, "column": 8 }, "end": { "line": 20, "column": 3 } },
            { "start": { "line": 21, "column": 8 }, "end": { "line": 21, "column": 10 } }
          ],
          "line": 16
        },
        "3": {
          "loc": { "start": { "line": 22, "column": 13 }, "end": { "line": 22, "column": 48 } },
          "type": "binary-expr",
          "locations": [
            { "start": { "line": 22, "column": 13 }, "end": { "line": 22, "column": 28 } },
            { "start": { "line": 22, "column": 32 }, "end": { "line": 22, "column": 48 } }
          ],
          "line": 22
        },
        "4": {
          "loc": { "start": { "line": 28, "column": 14 }, "end": { "line": 28, "column": 64 } },
          "type": "cond-expr",
          "locations": [
            { "start": { "line": 28, "column": 38 }, "end": { "line": 28, "column": 59 } },
            { "start": { "line": 28, "column": 62 }, "end": { "line": 28, "column": 64 } }
          ],
          "line": 28
        }
      },
      "s": { "0": 4, "1": 0, "2": 0, "3": 0, "4": 0, "5": 0, "6": 0 },
      "f": { "0": 0, "1": 0, "2": 0, "3": 0, "4": 0, "5": 0 },
      "b": { "0": [0, 0], "1": [0, 0], "2": [0, 0], "3": [0, 0], "4": [0, 0] },
      "_coverageSchema": "43e27e138ebf9cfc5966b082cf9a028302ed4184",
      "hash": "ca4f830d3c796c01fd8e5aab8f6df4adec7bb06b"
    },
    "/Users/vinkumar2/Documents/Projects/PageSource/PatternLibs/ReactPatternLib/lib/components/atoms/Input/Input.js": {
      "path": "/Users/vinkumar2/Documents/Projects/PageSource/PatternLibs/ReactPatternLib/lib/components/atoms/Input/Input.js",
      "statementMap": {
        "0": { "start": { "line": 18, "column": 14 }, "end": { "line": 40, "column": 1 } },
        "1": { "start": { "line": 29, "column": 2 }, "end": { "line": 39, "column": 4 } },
        "2": { "start": { "line": 42, "column": 0 }, "end": { "line": 49, "column": 2 } }
      },
      "fnMap": {
        "0": {
          "name": "(anonymous_0)",
          "decl": { "start": { "line": 18, "column": 14 }, "end": { "line": 18, "column": 15 } },
          "loc": { "start": { "line": 29, "column": 2 }, "end": { "line": 39, "column": 4 } },
          "line": 29
        }
      },
      "branchMap": {
        "0": {
          "loc": { "start": { "line": 37, "column": 18 }, "end": { "line": 37, "column": 59 } },
          "type": "binary-expr",
          "locations": [
            { "start": { "line": 37, "column": 18 }, "end": { "line": 37, "column": 32 } },
            { "start": { "line": 37, "column": 36 }, "end": { "line": 37, "column": 59 } }
          ],
          "line": 37
        }
      },
      "s": { "0": 7, "1": 5, "2": 7 },
      "f": { "0": 5 },
      "b": { "0": [5, 3] },
      "_coverageSchema": "43e27e138ebf9cfc5966b082cf9a028302ed4184",
      "hash": "b4dbca88b2e29ef9b7eb8029ec35564e5430b4d7"
    },
    "/Users/vinkumar2/Documents/Projects/PageSource/PatternLibs/ReactPatternLib/lib/components/atoms/Input/Input.style.js": {
      "path": "/Users/vinkumar2/Documents/Projects/PageSource/PatternLibs/ReactPatternLib/lib/components/atoms/Input/Input.style.js",
      "statementMap": {
        "0": { "start": { "line": 3, "column": 15 }, "end": { "line": 20, "column": 1 } },
        "1": { "start": { "line": 4, "column": 13 }, "end": { "line": 9, "column": 3 } },
        "2": { "start": { "line": 12, "column": 4 }, "end": { "line": 17, "column": 10 } },
        "3": { "start": { "line": 19, "column": 14 }, "end": { "line": 19, "column": 64 } }
      },
      "fnMap": {
        "0": {
          "name": "(anonymous_0)",
          "decl": { "start": { "line": 4, "column": 4 }, "end": { "line": 4, "column": 5 } },
          "loc": { "start": { "line": 4, "column": 13 }, "end": { "line": 9, "column": 3 } },
          "line": 4
        },
        "1": {
          "name": "(anonymous_1)",
          "decl": { "start": { "line": 11, "column": 4 }, "end": { "line": 11, "column": 5 } },
          "loc": { "start": { "line": 12, "column": 4 }, "end": { "line": 17, "column": 10 } },
          "line": 12
        },
        "2": {
          "name": "(anonymous_2)",
          "decl": { "start": { "line": 19, "column": 4 }, "end": { "line": 19, "column": 5 } },
          "loc": { "start": { "line": 19, "column": 14 }, "end": { "line": 19, "column": 64 } },
          "line": 19
        }
      },
      "branchMap": {
        "0": {
          "loc": { "start": { "line": 12, "column": 4 }, "end": { "line": 17, "column": 10 } },
          "type": "cond-expr",
          "locations": [
            { "start": { "line": 13, "column": 8 }, "end": { "line": 16, "column": 5 } },
            { "start": { "line": 17, "column": 8 }, "end": { "line": 17, "column": 10 } }
          ],
          "line": 12
        },
        "1": {
          "loc": { "start": { "line": 19, "column": 14 }, "end": { "line": 19, "column": 64 } },
          "type": "cond-expr",
          "locations": [
            { "start": { "line": 19, "column": 38 }, "end": { "line": 19, "column": 59 } },
            { "start": { "line": 19, "column": 62 }, "end": { "line": 19, "column": 64 } }
          ],
          "line": 19
        }
      },
      "s": { "0": 7, "1": 3, "2": 3, "3": 3 },
      "f": { "0": 3, "1": 3, "2": 3 },
      "b": { "0": [0, 3], "1": [0, 3] },
      "_coverageSchema": "43e27e138ebf9cfc5966b082cf9a028302ed4184",
      "hash": "add374dc76672d12b8bd4af11cf45752570b1888"
    },
    "/Users/vinkumar2/Documents/Projects/PageSource/PatternLibs/ReactPatternLib/lib/components/molecules/HeroBanner/index.js": {
      "path": "/Users/vinkumar2/Documents/Projects/PageSource/PatternLibs/ReactPatternLib/lib/components/molecules/HeroBanner/index.js",
      "statementMap": {},
      "fnMap": {},
      "branchMap": {},
      "s": {},
      "f": {},
      "b": {},
      "_coverageSchema": "43e27e138ebf9cfc5966b082cf9a028302ed4184",
      "hash": "d8688cb7be2581426b9b26c78e201c4166623ae0"
    },
    "/Users/vinkumar2/Documents/Projects/PageSource/PatternLibs/ReactPatternLib/lib/components/molecules/HeroBanner/HeroBanner.js": {
      "path": "/Users/vinkumar2/Documents/Projects/PageSource/PatternLibs/ReactPatternLib/lib/components/molecules/HeroBanner/HeroBanner.js",
      "statementMap": {
        "0": { "start": { "line": 13, "column": 19 }, "end": { "line": 20, "column": 1 } },
        "1": { "start": { "line": 14, "column": 2 }, "end": { "line": 19, "column": 12 } },
        "2": { "start": { "line": 22, "column": 0 }, "end": { "line": 25, "column": 2 } }
      },
      "fnMap": {
        "0": {
          "name": "(anonymous_0)",
          "decl": { "start": { "line": 13, "column": 19 }, "end": { "line": 13, "column": 20 } },
          "loc": { "start": { "line": 14, "column": 2 }, "end": { "line": 19, "column": 12 } },
          "line": 14
        }
      },
      "branchMap": {
        "0": {
          "loc": { "start": { "line": 16, "column": 7 }, "end": { "line": 16, "column": 85 } },
          "type": "binary-expr",
          "locations": [
            { "start": { "line": 16, "column": 7 }, "end": { "line": 16, "column": 25 } },
            { "start": { "line": 16, "column": 29 }, "end": { "line": 16, "column": 85 } }
          ],
          "line": 16
        },
        "1": {
          "loc": { "start": { "line": 17, "column": 7 }, "end": { "line": 17, "column": 65 } },
          "type": "binary-expr",
          "locations": [
            { "start": { "line": 17, "column": 7 }, "end": { "line": 17, "column": 15 } },
            { "start": { "line": 17, "column": 19 }, "end": { "line": 17, "column": 65 } }
          ],
          "line": 17
        }
      },
      "s": { "0": 1, "1": 7, "2": 1 },
      "f": { "0": 7 },
      "b": { "0": [7, 7], "1": [7, 1] },
      "_coverageSchema": "43e27e138ebf9cfc5966b082cf9a028302ed4184",
      "hash": "1521759ccebcb24bfaf63e656a1781ada0139b56"
    },
    "/Users/vinkumar2/Documents/Projects/PageSource/PatternLibs/ReactPatternLib/lib/components/molecules/HeroBanner/HeroBanner.style.js": {
      "path": "/Users/vinkumar2/Documents/Projects/PageSource/PatternLibs/ReactPatternLib/lib/components/molecules/HeroBanner/HeroBanner.style.js",
      "statementMap": {
        "0": { "start": { "line": 3, "column": 15 }, "end": { "line": 17, "column": 1 } },
        "1": { "start": { "line": 5, "column": 16 }, "end": { "line": 5, "column": 90 } },
        "2": { "start": { "line": 6, "column": 16 }, "end": { "line": 6, "column": 76 } },
        "3": { "start": { "line": 10, "column": 15 }, "end": { "line": 10, "column": 46 } },
        "4": { "start": { "line": 12, "column": 16 }, "end": { "line": 12, "column": 97 } },
        "5": { "start": { "line": 16, "column": 14 }, "end": { "line": 16, "column": 64 } }
      },
      "fnMap": {
        "0": {
          "name": "(anonymous_0)",
          "decl": { "start": { "line": 5, "column": 6 }, "end": { "line": 5, "column": 7 } },
          "loc": { "start": { "line": 5, "column": 16 }, "end": { "line": 5, "column": 90 } },
          "line": 5
        },
        "1": {
          "name": "(anonymous_1)",
          "decl": { "start": { "line": 6, "column": 6 }, "end": { "line": 6, "column": 7 } },
          "loc": { "start": { "line": 6, "column": 16 }, "end": { "line": 6, "column": 76 } },
          "line": 6
        },
        "2": {
          "name": "(anonymous_2)",
          "decl": { "start": { "line": 10, "column": 6 }, "end": { "line": 10, "column": 7 } },
          "loc": { "start": { "line": 10, "column": 15 }, "end": { "line": 10, "column": 46 } },
          "line": 10
        },
        "3": {
          "name": "(anonymous_3)",
          "decl": { "start": { "line": 12, "column": 6 }, "end": { "line": 12, "column": 7 } },
          "loc": { "start": { "line": 12, "column": 16 }, "end": { "line": 12, "column": 97 } },
          "line": 12
        },
        "4": {
          "name": "(anonymous_4)",
          "decl": { "start": { "line": 16, "column": 4 }, "end": { "line": 16, "column": 5 } },
          "loc": { "start": { "line": 16, "column": 14 }, "end": { "line": 16, "column": 64 } },
          "line": 16
        }
      },
      "branchMap": {
        "0": {
          "loc": { "start": { "line": 5, "column": 16 }, "end": { "line": 5, "column": 90 } },
          "type": "cond-expr",
          "locations": [
            { "start": { "line": 5, "column": 53 }, "end": { "line": 5, "column": 85 } },
            { "start": { "line": 5, "column": 88 }, "end": { "line": 5, "column": 90 } }
          ],
          "line": 5
        },
        "1": {
          "loc": { "start": { "line": 6, "column": 16 }, "end": { "line": 6, "column": 76 } },
          "type": "cond-expr",
          "locations": [
            { "start": { "line": 6, "column": 51 }, "end": { "line": 6, "column": 71 } },
            { "start": { "line": 6, "column": 74 }, "end": { "line": 6, "column": 76 } }
          ],
          "line": 6
        },
        "2": {
          "loc": { "start": { "line": 12, "column": 16 }, "end": { "line": 12, "column": 97 } },
          "type": "cond-expr",
          "locations": [
            { "start": { "line": 12, "column": 51 }, "end": { "line": 12, "column": 92 } },
            { "start": { "line": 12, "column": 95 }, "end": { "line": 12, "column": 97 } }
          ],
          "line": 12
        },
        "3": {
          "loc": { "start": { "line": 16, "column": 14 }, "end": { "line": 16, "column": 64 } },
          "type": "cond-expr",
          "locations": [
            { "start": { "line": 16, "column": 38 }, "end": { "line": 16, "column": 59 } },
            { "start": { "line": 16, "column": 62 }, "end": { "line": 16, "column": 64 } }
          ],
          "line": 16
        }
      },
      "s": { "0": 1, "1": 0, "2": 0, "3": 0, "4": 0, "5": 0 },
      "f": { "0": 0, "1": 0, "2": 0, "3": 0, "4": 0 },
      "b": { "0": [0, 0], "1": [0, 0], "2": [0, 0], "3": [0, 0] },
      "_coverageSchema": "43e27e138ebf9cfc5966b082cf9a028302ed4184",
      "hash": "6d74c3d7694cf2f9be7bd232f08e714edb97f813"
    },
    "/Users/vinkumar2/Documents/Projects/PageSource/PatternLibs/ReactPatternLib/lib/components/atoms/Image/Image.js": {
      "path": "/Users/vinkumar2/Documents/Projects/PageSource/PatternLibs/ReactPatternLib/lib/components/atoms/Image/Image.js",
      "statementMap": {
        "0": { "start": { "line": 22, "column": 14 }, "end": { "line": 54, "column": 1 } },
        "1": { "start": { "line": 35, "column": 2 }, "end": { "line": 53, "column": 4 } },
        "2": { "start": { "line": 49, "column": 12 }, "end": { "line": 49, "column": 46 } },
        "3": { "start": { "line": 56, "column": 0 }, "end": { "line": 63, "column": 2 } }
      },
      "fnMap": {
        "0": {
          "name": "(anonymous_0)",
          "decl": { "start": { "line": 22, "column": 14 }, "end": { "line": 22, "column": 15 } },
          "loc": { "start": { "line": 35, "column": 2 }, "end": { "line": 53, "column": 4 } },
          "line": 35
        },
        "1": {
          "name": "(anonymous_1)",
          "decl": { "start": { "line": 47, "column": 10 }, "end": { "line": 47, "column": 11 } },
          "loc": { "start": { "line": 47, "column": 19 }, "end": { "line": 50, "column": 11 } },
          "line": 47
        }
      },
      "branchMap": {
        "0": {
          "loc": { "start": { "line": 38, "column": 12 }, "end": { "line": 38, "column": 26 } },
          "type": "binary-expr",
          "locations": [
            { "start": { "line": 38, "column": 12 }, "end": { "line": 38, "column": 18 } },
            { "start": { "line": 38, "column": 22 }, "end": { "line": 38, "column": 26 } }
          ],
          "line": 38
        },
        "1": {
          "loc": { "start": { "line": 39, "column": 11 }, "end": { "line": 39, "column": 24 } },
          "type": "binary-expr",
          "locations": [
            { "start": { "line": 39, "column": 11 }, "end": { "line": 39, "column": 16 } },
            { "start": { "line": 39, "column": 20 }, "end": { "line": 39, "column": 24 } }
          ],
          "line": 39
        },
        "2": {
          "loc": { "start": { "line": 43, "column": 18 }, "end": { "line": 43, "column": 72 } },
          "type": "binary-expr",
          "locations": [
            { "start": { "line": 43, "column": 18 }, "end": { "line": 43, "column": 32 } },
            { "start": { "line": 43, "column": 36 }, "end": { "line": 43, "column": 72 } }
          ],
          "line": 43
        },
        "3": {
          "loc": { "start": { "line": 46, "column": 6 }, "end": { "line": 51, "column": 14 } },
          "type": "cond-expr",
          "locations": [
            { "start": { "line": 47, "column": 10 }, "end": { "line": 50, "column": 11 } },
            { "start": { "line": 51, "column": 10 }, "end": { "line": 51, "column": 14 } }
          ],
          "line": 46
        }
      },
      "s": { "0": 5, "1": 4, "2": 1, "3": 5 },
      "f": { "0": 4, "1": 1 },
      "b": { "0": [4, 4], "1": [4, 4], "2": [4, 1], "3": [3, 1] },
      "_coverageSchema": "43e27e138ebf9cfc5966b082cf9a028302ed4184",
      "hash": "b3502ec2fff07d2370f762fdfecb793c8f8ee0f4"
    },
    "/Users/vinkumar2/Documents/Projects/PageSource/PatternLibs/ReactPatternLib/lib/components/atoms/Image/Image.style.js": {
      "path": "/Users/vinkumar2/Documents/Projects/PageSource/PatternLibs/ReactPatternLib/lib/components/atoms/Image/Image.style.js",
      "statementMap": {
        "0": { "start": { "line": 3, "column": 20 }, "end": { "line": 7, "column": 1 } },
        "1": { "start": { "line": 6, "column": 14 }, "end": { "line": 6, "column": 64 } }
      },
      "fnMap": {
        "0": {
          "name": "(anonymous_0)",
          "decl": { "start": { "line": 6, "column": 4 }, "end": { "line": 6, "column": 5 } },
          "loc": { "start": { "line": 6, "column": 14 }, "end": { "line": 6, "column": 64 } },
          "line": 6
        }
      },
      "branchMap": {
        "0": {
          "loc": { "start": { "line": 6, "column": 14 }, "end": { "line": 6, "column": 64 } },
          "type": "cond-expr",
          "locations": [
            { "start": { "line": 6, "column": 38 }, "end": { "line": 6, "column": 59 } },
            { "start": { "line": 6, "column": 62 }, "end": { "line": 6, "column": 64 } }
          ],
          "line": 6
        }
      },
      "s": { "0": 5, "1": 0 },
      "f": { "0": 0 },
      "b": { "0": [0, 0] },
[...]
      "path": "/Users/vinkumar2/Documents/Projects/PageSource/PatternLibs/ReactPatternLib/lib/components/atoms/Icon/Icon.js",
      "statementMap": {
        "0": { "start": { "line": 14, "column": 13 }, "end": { "line": 20, "column": 1 } },
        "1": { "start": { "line": 15, "column": 2 }, "end": { "line": 19, "column": 4 } }
      },
      "fnMap": {
        "0": {
          "name": "(anonymous_0)",
          "decl": { "start": { "line": 14, "column": 13 }, "end": { "line": 14, "column": 14 } },
          "loc": { "start": { "line": 14, "column": 63 }, "end": { "line": 20, "column": 1 } },
          "line": 14
        }
      },
      "branchMap": {},
      "s": { "0": 1, "1": 2 },
      "f": { "0": 2 },
      "b": {},
      "_coverageSchema": "43e27e138ebf9cfc5966b082cf9a028302ed4184",
      "hash": "1bc9796a75e33a2ace50410ac3007f3c77e2aaba"
    },
    "/Users/vinkumar2/Documents/Projects/PageSource/PatternLibs/ReactPatternLib/lib/components/atoms/Icon/Icon.style.js": {
      "path": "/Users/vinkumar2/Documents/Projects/PageSource/PatternLibs/ReactPatternLib/lib/components/atoms/Icon/Icon.style.js",
      "statementMap": {
        "0": { "start": { "line": 9, "column": 39 }, "end": { "line": 9, "column": 66 } },
        "1": { "start": { "line": 13, "column": 23 }, "end": { "line": 13, "column": 57 } },
        "2": { "start": { "line": 14, "column": 24 }, "end": { "line": 14, "column": 60 } },
        "3": { "start": { "line": 17, "column": 14 }, "end": { "line": 17, "column": 64 } }
      },
      "fnMap": {
        "0": {
          "name": "(anonymous_0)",
          "decl": { "start": { "line": 9, "column": 30 }, "end": { "line": 9, "column": 31 } },
          "loc": { "start": { "line": 9, "column": 39 }, "end": { "line": 9, "column": 66 } },
          "line": 9
        },
        "1": {
          "name": "(anonymous_1)",
          "decl": { "start": { "line": 13, "column": 13 }, "end": { "line": 13, "column": 14 } },
          "loc": { "start": { "line": 13, "column": 23 }, "end": { "line": 13, "column": 57 } },
          "line": 13
        },
        "2": {
          "name": "(anonymous_2)",
          "decl": { "start": { "line": 14, "column": 14 }, "end": { "line": 14, "column": 15 } },
          "loc": { "start": { "line": 14, "column": 24 }, "end": { "line": 14, "column": 60 } },
          "line": 14
        },
        "3": {
          "name": "(anonymous_3)",
          "decl": { "start": { "line": 17, "column": 4 }, "end": { "line": 17, "column": 5 } },
          "loc": { "start": { "line": 17, "column": 14 }, "end": { "line": 17, "column": 64 } },
          "line": 17
        }
      },
      "branchMap": {
        "0": {
          "loc": { "start": { "line": 13, "column": 23 }, "end": { "line": 13, "column": 57 } },
          "type": "cond-expr",
          "locations": [
            { "start": { "line": 13, "column": 37 }, "end": { "line": 13, "column": 48 } },
            { "start": { "line": 13, "column": 51 }, "end": { "line": 13, "column": 57 } }
          ],
          "line": 13
        },
        "1": {
          "loc": { "start": { "line": 14, "column": 24 }, "end": { "line": 14, "column": 60 } },
          "type": "cond-expr",
          "locations": [
            { "start": { "line": 14, "column": 39 }, "end": { "line": 14, "column": 51 } },
            { "start": { "line": 14, "column": 54 }, "end": { "line": 14, "column": 60 } }
          ],
          "line": 14
        },
        "2": {
          "loc": { "start": { "line": 17, "column": 14 }, "end": { "line": 17, "column": 64 } },
          "type": "cond-expr",
          "locations": [
            { "start": { "line": 17, "column": 38 }, "end": { "line": 17, "column": 59 } },
            { "start": { "line": 17, "column": 62 }, "end": { "line": 17, "column": 64 } }
          ],
          "line": 17
        }
      },
      "s": { "0": 0, "1": 0, "2": 0, "3": 0 },
      "f": { "0": 0, "1": 0, "2": 0, "3": 0 },
      "b": { "0": [0, 0], "1": [0, 0], "2": [0, 0] },
      "_coverageSchema": "43e27e138ebf9cfc5966b082cf9a028302ed4184",
      "hash": "f2424a335993c6d40f839611b109b6a4cf14bf6e"
    },
    "/Users/vinkumar2/Documents/Projects/PageSource/PatternLibs/ReactPatternLib/lib/components/atoms/Heading/index.js": {
      "path": "/Users/vinkumar2/Documents/Projects/PageSource/PatternLibs/ReactPatternLib/lib/components/atoms/Heading/index.js",
      "statementMap": {},
      "fnMap": {},
      "branchMap": {},
      "s": {},
      "f": {},
      "b": {},
      "_coverageSchema": "43e27e138ebf9cfc5966b082cf9a028302ed4184",
      "hash": "6a3bce07982ee1e48d5844e2c301103f0d6c7bff"
    },
    "/Users/vinkumar2/Documents/Projects/PageSource/PatternLibs/ReactPatternLib/lib/components/molecules/ArticleThumbnail/index.js": {
      "path": "/Users/vinkumar2/Documents/Projects/PageSource/PatternLibs/ReactPatternLib/lib/components/molecules/ArticleThumbnail/index.js",
      "statementMap": {},
      "fnMap": {},
      "branchMap": {},
      "s": {},
      "f": {},
      "b": {},
      "_coverageSchema": "43e27e138ebf9cfc5966b082cf9a028302ed4184",
      "hash": "4cfa232abd74ebbf78824b2e7a2419ce8faa4a37"
    },
    "/Users/vinkumar2/Documents/Projects/PageSource/PatternLibs/ReactPatternLib/lib/components/molecules/ArticleThumbnail/ArticleThumbnail.js": {
      "path": "/Users/vinkumar2/Documents/Projects/PageSource/PatternLibs/ReactPatternLib/lib/components/molecules/ArticleThumbnail/ArticleThumbnail.js",
      "statementMap": {
        "0": { "start": { "line": 15, "column": 25 }, "end": { "line": 15, "column": 96 } },
        "1": { "start": { "line": 15, "column": 52 }, "end": { "line": 15, "column": 96 } },
        "2": { "start": { "line": 17, "column": 25 }, "end": { "line": 38, "column": 1 } },
        "3": { "start": { "line": 24, "column": 19 }, "end": { "line": 24, "column": 39 } },
        "4": { "start": { "line": 25, "column": 2 }, "end": { "line": 27, "column": 3 } },
        "5": { "start": { "line": 26, "column": 4 }, "end": { "line": 26, "column": 59 } },
        "6": { "start": { "line": 28, "column": 2 }, "end": { "line": 31, "column": 3 } },
        "7": { "start": { "line": 29, "column": 25 }, "end": { "line": 29, "column": 71 } },
        "8": { "start": { "line": 30, "column": 4 }, "end": { "line": 30, "column": 94 } },
        "9": { "start": { "line": 33, "column": 2 }, "end": { "line": 37, "column": 4 } },
        "10": { "start": { "line": 40, "column": 0 }, "end": { "line": 42, "column": 2 } }
      },
      "fnMap": {
        "0": {
          "name": "(anonymous_0)",
          "decl": { "start": { "line": 15, "column": 25 }, "end": { "line": 15, "column": 26 } },
          "loc": { "start": { "line": 15, "column": 52 }, "end": { "line": 15, "column": 96 } },
          "line": 15
        },
        "1": {
          "name": "(anonymous_1)",
          "decl": { "start": { "line": 17, "column": 25 }, "end": { "line": 17, "column": 26 } },
          "loc": { "start": { "line": 23, "column": 19 }, "end": { "line": 38, "column": 1 } },
          "line": 23
        }
      },
      "branchMap": {
        "0": {
          "loc": { "start": { "line": 25, "column": 2 }, "end": { "line": 27, "column": 3 } },
          "type": "if",
          "locations": [
            { "start": { "line": 25, "column": 2 }, "end": { "line": 27, "column": 3 } },
            { "start": { "line": 25, "column": 2 }, "end": { "line": 27, "column": 3 } }
          ],
          "line": 25
        },
        "1": {
          "loc": { "start": { "line": 25, "column": 6 }, "end": { "line": 25, "column": 36 } },
          "type": "binary-expr",
          "locations": [
            { "start": { "line": 25, "column": 6 }, "end": { "line": 25, "column": 21 } },
            { "start": { "line": 25, "column": 25 }, "end": { "line": 25, "column": 36 } }
          ],
          "line": 25
        },
        "2": {
          "loc": { "start": { "line": 28, "column": 2 }, "end": { "line": 31, "column": 3 } },
          "type": "if",
          "locations": [
            { "start": { "line": 28, "column": 2 }, "end": { "line": 31, "column": 3 } },
            { "start": { "line": 28, "column": 2 }, "end": { "line": 31, "column": 3 } }
          ],
          "line": 28
        }
      },
      "s": {
        "0": 1,
        "1": 3,
        "2": 1,
        "3": 2,
        "4": 2,
        "5": 1,
        "6": 2,
        "7": 1,
        "8": 1,
        "9": 1,
        "10": 1
      },
      "f": { "0": 3, "1": 2 },
      "b": { "0": [1, 1], "1": [2, 1], "2": [1, 1] },
      "_coverageSchema": "43e27e138ebf9cfc5966b082cf9a028302ed4184",
      "hash": "af328be94aaec31eee7e9c5a0696bf7cb6f4644e"
    },
    "/Users/vinkumar2/Documents/Projects/PageSource/PatternLibs/ReactPatternLib/lib/components/molecules/ArticleThumbnail/ArticleThumbnail.style.js": {
      "path": "/Users/vinkumar2/Documents/Projects/PageSource/PatternLibs/ReactPatternLib/lib/components/molecules/ArticleThumbnail/ArticleThumbnail.style.js",
      "statementMap": {
        "0": { "start": { "line": 3, "column": 15 }, "end": { "line": 8, "column": 1 } }
      },
      "fnMap": {},
      "branchMap": {},
      "s": { "0": 1 },
      "f": {},
      "b": {},
      "_coverageSchema": "43e27e138ebf9cfc5966b082cf9a028302ed4184",
      "hash": "b4694e4891339b2571de066881f3b0501466a519"
    },
    "/Users/vinkumar2/Documents/Projects/PageSource/PatternLibs/ReactPatternLib/lib/components/molecules/Modal/Modal.js": {
      "path": "/Users/vinkumar2/Documents/Projects/PageSource/PatternLibs/ReactPatternLib/lib/components/molecules/Modal/Modal.js",
      "statementMap": {
        "0": { "start": { "line": 54, "column": 14 }, "end": { "line": 102, "column": 1 } },
        "1": { "start": { "line": 78, "column": 2 }, "end": { "line": 101, "column": 4 } },
        "2": { "start": { "line": 104, "column": 0 }, "end": { "line": 125, "column": 2 } },
        "3": { "start": { "line": 121, "column": 24 }, "end": { "line": 121, "column": 49 } }
      },
      "fnMap": {
        "0": {
          "name": "(anonymous_0)",
          "decl": { "start": { "line": 54, "column": 14 }, "end": { "line": 54, "column": 15 } },
          "loc": { "start": { "line": 78, "column": 2 }, "end": { "line": 101, "column": 4 } },
          "line": 78
        },
        "1": {
          "name": "(anonymous_1)",
          "decl": { "start": { "line": 121, "column": 18 }, "end": { "line": 121, "column": 19 } },
          "loc": { "start": { "line": 121, "column": 24 }, "end": { "line": 121, "column": 49 } },
          "line": 121
        }
      },
      "branchMap": {
        "0": {
          "loc": { "start": { "line": 121, "column": 24 }, "end": { "line": 121, "column": 49 } },
          "type": "binary-expr",
          "locations": [
            { "start": { "line": 121, "column": 24 }, "end": { "line": 121, "column": 32 } },
            { "start": { "line": 121, "column": 36 }, "end": { "line": 121, "column": 49 } }
          ],
          "line": 121
        }
      },
      "s": { "0": 1, "1": 1, "2": 1, "3": 0 },
      "f": { "0": 1, "1": 0 },
      "b": { "0": [0, 0] },
      "_coverageSchema": "43e27e138ebf9cfc5966b082cf9a028302ed4184",
      "hash": "b76ffb6ed128bd367be1e9a750498569eccf0629"
    },
    "/Users/vinkumar2/Documents/Projects/PageSource/PatternLibs/ReactPatternLib/lib/components/molecules/Modal/Modal.style.js": {
      "path": "/Users/vinkumar2/Documents/Projects/PageSource/PatternLibs/ReactPatternLib/lib/components/molecules/Modal/Modal.style.js",
      "statementMap": {
        "0": { "start": { "line": 3, "column": 15 }, "end": { "line": 5, "column": 1 } },
        "1": { "start": { "line": 4, "column": 14 }, "end": { "line": 4, "column": 64 } }
      },
      "fnMap": {
        "0": {
          "name": "(anonymous_0)",
          "decl": { "start": { "line": 4, "column": 4 }, "end": { "line": 4, "column": 5 } },
          "loc": { "start": { "line": 4, "column": 14 }, "end": { "line": 4, "column": 64 } },
          "line": 4
        }
      },
      "branchMap": {
        "0": {
          "loc": { "start": { "line": 4, "column": 14 }, "end": { "line": 4, "column": 64 } },
          "type": "cond-expr",
          "locations": [
            { "start": { "line": 4, "column": 38 }, "end": { "line": 4, "column": 59 } },
            { "start": { "line": 4, "column": 62 }, "end": { "line": 4, "column": 64 } }
          ],
          "line": 4
        }
      },
      "s": { "0": 1, "1": 0 },
      "f": { "0": 0 },
      "b": { "0": [0, 0] },
      "_coverageSchema": "43e27e138ebf9cfc5966b082cf9a028302ed4184",
      "hash": "58fd2e1286b8d2d33be07c3a6925c97483558d49"
    },
    "/Users/vinkumar2/Documents/Projects/PageSource/PatternLibs/ReactPatternLib/lib/components/molecules/ArticleThumbnail/types/index.js": {
      "path": "/Users/vinkumar2/Documents/Projects/PageSource/PatternLibs/ReactPatternLib/lib/components/molecules/ArticleThumbnail/types/index.js",
      "statementMap": {},
      "fnMap": {},
      "branchMap": {},
      "s": {},
      "f": {},
      "b": {},
      "hash": "a711c3d47dcd5cced2c3a9069ecea4de1be76a11"
    },
    "/Users/vinkumar2/Documents/Projects/PageSource/PatternLibs/ReactPatternLib/lib/components/molecules/Tabs/types/index.js": {
      "path": "/Users/vinkumar2/Documents/Projects/PageSource/PatternLibs/ReactPatternLib/lib/components/molecules/Tabs/types/index.js",
      "statementMap": {},
      "fnMap": {},
      "branchMap": {},
      "s": {},
      "f": {},
      "b": {},
      "hash": "817c3eb0cd865af36cd73f9877633c120bab08a4"
    },
    "/Users/vinkumar2/Documents/Projects/PageSource/PatternLibs/ReactPatternLib/lib/components/molecules/Popover/types/index.js": {
      "path": "/Users/vinkumar2/Documents/Projects/PageSource/PatternLibs/ReactPatternLib/lib/components/molecules/Popover/types/index.js",
      "statementMap": {},
      "fnMap": {},
      "branchMap": {},
      "s": {},
      "f": {},
      "b": {},
      "hash": "a1e03430cc5e8482c381a1168a87a6301a1a7124"
    },
    "/Users/vinkumar2/Documents/Projects/PageSource/PatternLibs/ReactPatternLib/lib/components/molecules/Blockquote/types/index.js": {
      "path": "/Users/vinkumar2/Documents/Projects/PageSource/PatternLibs/ReactPatternLib/lib/components/molecules/Blockquote/types/index.js",
      "statementMap": {},
      "fnMap": {},
      "branchMap": {},
      "s": {},
      "f": {},
      "b": {},
      "hash": "8872ce6ee9ba83fa78ecbcd25ad3e4b6cdda4695"
    },
    "/Users/vinkumar2/Documents/Projects/PageSource/PatternLibs/ReactPatternLib/lib/components/molecules/Toast/types/index.js": {
      "path": "/Users/vinkumar2/Documents/Projects/PageSource/PatternLibs/ReactPatternLib/lib/components/molecules/Toast/types/index.js",
      "statementMap": {},
      "fnMap": {},
      "branchMap": {},
      "s": {},
      "f": {},
      "b": {},
      "hash": "fff45a5147286c8ce957b4778b9fa54086390b36"
    },
    "/Users/vinkumar2/Documents/Projects/PageSource/PatternLibs/ReactPatternLib/lib/core/utils/getDisplayName.js": {
      "path": "/Users/vinkumar2/Documents/Projects/PageSource/PatternLibs/ReactPatternLib/lib/core/utils/getDisplayName.js",
      "statementMap": {
        "0": { "start": { "line": 1, "column": 30 }, "end": { "line": 3, "column": 1 } },
        "1": { "start": { "line": 2, "column": 2 }, "end": { "line": 2, "column": 78 } }
      },
      "fnMap": {
        "0": {
          "name": "(anonymous_0)",
          "decl": { "start": { "line": 1, "column": 30 }, "end": { "line": 1, "column": 31 } },
          "loc": { "start": { "line": 1, "column": 50 }, "end": { "line": 3, "column": 1 } },
          "line": 1
        }
      },
      "branchMap": {
        "0": {
          "loc": { "start": { "line": 2, "column": 9 }, "end": { "line": 2, "column": 77 } },
          "type": "binary-expr",
          "locations": [
            { "start": { "line": 2, "column": 9 }, "end": { "line": 2, "column": 37 } },
            { "start": { "line": 2, "column": 41 }, "end": { "line": 2, "column": 62 } },
            { "start": { "line": 2, "column": 66 }, "end": { "line": 2, "column": 77 } }
          ],
          "line": 2
        }
      },
      "s": { "0": 0, "1": 0 },
      "f": { "0": 0 },
      "b": { "0": [0, 0, 0] },
      "hash": "69a9a9cb5f6841b0d613a9eadc40644c7ff88118"
    },
    "/Users/vinkumar2/Documents/Projects/PageSource/PatternLibs/ReactPatternLib/lib/components/molecules/HeroBanner/types/index.js": {
      "path": "/Users/vinkumar2/Documents/Projects/PageSource/PatternLibs/ReactPatternLib/lib/components/molecules/HeroBanner/types/index.js",
      "statementMap": {},
      "fnMap": {},
      "branchMap": {},
      "s": {},
      "f": {},
      "b": {},
      "hash": "b23a3a6c1508c9cb2d22b4bcb6b81ca500b70ca5"
    },
    "/Users/vinkumar2/Documents/Projects/PageSource/PatternLibs/ReactPatternLib/lib/components/molecules/Breadcrumb/types/index.js": {
      "path": "/Users/vinkumar2/Documents/Projects/PageSource/PatternLibs/ReactPatternLib/lib/components/molecules/Breadcrumb/types/index.js",
      "statementMap": {},
      "fnMap": {},
      "branchMap": {},
      "s": {},
      "f": {},
      "b": {},
      "hash": "8325ae8e42d11bc5a9dce5d58b23fdb582dc7098"
    },
    "/Users/vinkumar2/Documents/Projects/PageSource/PatternLibs/ReactPatternLib/lib/components/molecules/QuoteMedia/index.js": {
      "path": "/Users/vinkumar2/Documents/Projects/PageSource/PatternLibs/ReactPatternLib/lib/components/molecules/QuoteMedia/index.js",
      "statementMap": {},
      "fnMap": {},
      "branchMap": {},
      "s": {},
      "f": {},
      "b": {},
      "hash": "ef63d281f03b7a43920ef7d672ff87c7e796090f"
    },
    "/Users/vinkumar2/Documents/Projects/PageSource/PatternLibs/ReactPatternLib/lib/components/molecules/Modal/index.js": {
      "path": "/Users/vinkumar2/Documents/Projects/PageSource/PatternLibs/ReactPatternLib/lib/components/molecules/Modal/index.js",
      "statementMap": {},
      "fnMap": {},
      "branchMap": {},
      "s": {},
      "f": {},
      "b": {},
      "hash": "a4b79e3cf034cc94bc5e9092cb6e7db731a8b000"
    },
    "/Users/vinkumar2/Documents/Projects/PageSource/PatternLibs/ReactPatternLib/lib/components/atoms/Track/types/index.js": {
      "path": "/Users/vinkumar2/Documents/Projects/PageSource/PatternLibs/ReactPatternLib/lib/components/atoms/Track/types/index.js",
      "statementMap": {},
      "fnMap": {},
      "branchMap": {},
      "s": {},
      "f": {},
      "b": {},
      "hash": "4534a57517e3e59eb3789ea511883021ebd82327"
    },
    "/Users/vinkumar2/Documents/Projects/PageSource/PatternLibs/ReactPatternLib/lib/components/atoms/Icon/types/index.js": {
      "path": "/Users/vinkumar2/Documents/Projects/PageSource/PatternLibs/ReactPatternLib/lib/components/atoms/Icon/types/index.js",
      "statementMap": {},
      "fnMap": {},
      "branchMap": {},
      "s": {},
      "f": {},
      "b": {},
      "hash": "f2c9f2359cf33a87c2a1291cd8d587ca7b34f482"
    },
    "/Users/vinkumar2/Documents/Projects/PageSource/PatternLibs/ReactPatternLib/lib/components/atoms/Video/types/index.js": {
      "path": "/Users/vinkumar2/Documents/Projects/PageSource/PatternLibs/ReactPatternLib/lib/components/atoms/Video/types/index.js",
      "statementMap": {},
      "fnMap": {},
      "branchMap": {},
      "s": {},
      "f": {},
      "b": {},
      "hash": "c73cd03a243ba96ddcfa2a8f3a8a1d9e6bd64c05"
    },
    "/Users/vinkumar2/Documents/Projects/PageSource/PatternLibs/ReactPatternLib/lib/components/molecules/QuoteMedia/types/index.js": {
      "path": "/Users/vinkumar2/Documents/Projects/PageSource/PatternLibs/ReactPatternLib/lib/components/molecules/QuoteMedia/types/index.js",
      "statementMap": {},
      "fnMap": {},
      "branchMap": {},
      "s": {},
      "f": {},
      "b": {},
      "hash": "afe7bf094197452515efb867bf9373d5b3bc38bd"
    }
  }
}
