{
  "numFailedTestSuites": 0,
  "numFailedTests": 0,
  "numPassedTestSuites": 31,
  "numPassedTests": 68,
  "numPendingTestSuites": 0,
  "numPendingTests": 6,
  "numRuntimeErrorTestSuites": 0,
  "numTodoTests": 0,
  "numTotalTestSuites": 31,
  "numTotalTests": 74,
  "openHandles": [],
  "snapshot": {
    "added": 0,
    "didUpdate": false,
    "failure": false,
    "filesAdded": 0,
    "filesRemoved": 0,
    "filesRemovedList": [],
    "filesUnmatched": 0,
    "filesUpdated": 0,
    "matched": 38,
    "total": 38,
    "unchecked": 0,
    "uncheckedKeysByFile": [],
    "unmatched": 0,
    "updated": 0
  },
  "startTime": 1576004370465,
  "success": true,
  "testResults": [
    {
      "assertionResults": [
        {
          "ancestorTitles": ["<Tabs />"],
          "failureMessages": [],
          "fullName": "<Tabs /> should render correctly",
          "location": null,
          "status": "passed",
          "title": "should render correctly"
        },
        {
          "ancestorTitles": ["<Tabs /> functional behavior"],
          "failureMessages": [],
          "fullName": "<Tabs /> functional behavior should have minimum dom structure for the tests below",
          "location": null,
          "status": "passed",
          "title": "should have minimum dom structure for the tests below"
        },
        {
          "ancestorTitles": ["<Tabs /> functional behavior"],
          "failureMessages": [],
          "fullName": "<Tabs /> functional behavior should change the tab panel and execute callback on closed tab click",
          "location": null,
          "status": "passed",
          "title": "should change the tab panel and execute callback on closed tab click"
        }
      ],
      "endTime": 1576004380893,
      "message": "",
      "name": "C:\\Users\\ritgupta5\\Desktop\\task\\atomic-react-components\\lib\\components\\molecules\\Tabs\\tests\\Tabs.test.js",
      "startTime": 1576004378560,
      "status": "passed",
      "summary": ""
    },
    {
      "assertionResults": [
        {
          "ancestorTitles": ["<Popover /> Rendering"],
          "failureMessages": [],
          "fullName": "<Popover /> Rendering should render correctly",
          "location": null,
          "status": "passed",
          "title": "should render correctly"
        },
        {
          "ancestorTitles": ["Popover functional behavior"],
          "failureMessages": [],
          "fullName": "Popover functional behavior Should have Close Button By Default and can be closed",
          "location": null,
          "status": "passed",
          "title": "Should have Close Button By Default and can be closed"
        },
        {
          "ancestorTitles": ["Popover functional behavior"],
          "failureMessages": [],
          "fullName": "Popover functional behavior Should open By Default when isVisible set to true",
          "location": null,
          "status": "passed",
          "title": "Should open By Default when isVisible set to true"
        },
        {
          "ancestorTitles": ["Popover functional behavior"],
          "failureMessages": [],
          "fullName": "Popover functional behavior Should open and close on Trigger and X button click",
          "location": null,
          "status": "passed",
          "title": "Should open and close on Trigger and X button click"
        }
      ],
      "endTime": 1576004381084,
      "message": "",
      "name": "C:\\Users\\ritgupta5\\Desktop\\task\\atomic-react-components\\lib\\components\\molecules\\Popover\\tests\\Popover.test.js",
      "startTime": 1576004378949,
      "status": "passed",
      "summary": ""
    },
    {
      "assertionResults": [
        {
          "ancestorTitles": ["Button Component"],
          "failureMessages": [],
          "fullName": "Button Component should render correctly",
          "location": null,
          "status": "passed",
          "title": "should render correctly"
        },
        {
          "ancestorTitles": ["Button Component"],
          "failureMessages": [],
          "fullName": "Button Component should render disabled",
          "location": null,
          "status": "passed",
          "title": "should render disabled"
        },
        {
          "ancestorTitles": ["Button Component"],
          "failureMessages": [],
          "fullName": "Button Component should render title element",
          "location": null,
          "status": "passed",
          "title": "should render title element"
        },
        {
          "ancestorTitles": ["Button Component"],
          "failureMessages": [],
          "fullName": "Button Component should render aria attribute element",
          "location": null,
          "status": "passed",
          "title": "should render aria attribute element"
        },
        {
          "ancestorTitles": ["Button Component"],
          "failureMessages": [],
          "fullName": "Button Component should check the data attribute of button",
          "location": null,
          "status": "passed",
          "title": "should check the data attribute of button"
        }
      ],
      "endTime": 1576004381266,
      "message": "",
      "name": "C:\\Users\\ritgupta5\\Desktop\\task\\atomic-react-components\\lib\\components\\atoms\\Button\\tests\\Button.test.js",
      "startTime": 1576004379152,
      "status": "passed",
      "summary": ""
    },
    {
      "assertionResults": [
        {
          "ancestorTitles": ["Form Component"],
          "failureMessages": [],
          "fullName": "Form Component should render select tag correctly",
          "location": null,
          "status": "passed",
          "title": "should render select tag correctly"
        },
        {
          "ancestorTitles": ["Form Component"],
          "failureMessages": [],
          "fullName": "Form Component should render input text field",
          "location": null,
          "status": "passed",
          "title": "should render input text field"
        },
        {
          "ancestorTitles": ["Form Component"],
          "failureMessages": [],
          "fullName": "Form Component should render select field",
          "location": null,
          "status": "passed",
          "title": "should render select field"
        },
        {
          "ancestorTitles": ["Form Component"],
          "failureMessages": [],
          "fullName": "Form Component should render input field with yupValidationSchema",
          "location": null,
          "status": "passed",
          "title": "should render input field with yupValidationSchema"
        },
        {
          "ancestorTitles": ["Form Component"],
          "failureMessages": [],
          "fullName": "Form Component should render input field with no validation",
          "location": null,
          "status": "passed",
          "title": "should render input field with no validation"
        },
        {
          "ancestorTitles": ["Form Component"],
          "failureMessages": [],
          "fullName": "Form Component getSchema should return null if no params are passed",
          "location": null,
          "status": "passed",
          "title": "getSchema should return null if no params are passed"
        }
      ],
      "endTime": 1576004381347,
      "message": "",
      "name": "C:\\Users\\ritgupta5\\Desktop\\task\\atomic-react-components\\lib\\components\\molecules\\Form\\tests\\Form.test.js",
      "startTime": 1576004378462,
      "status": "passed",
      "summary": ""
    },
    {
      "assertionResults": [
        {
          "ancestorTitles": ["Image Component"],
          "failureMessages": [],
          "fullName": "Image Component should render correctly and match snapshots",
          "location": null,
          "status": "passed",
          "title": "should render correctly and match snapshots"
        },
        {
          "ancestorTitles": ["Image Component"],
          "failureMessages": [],
          "fullName": "Image Component should change image src on error",
          "location": null,
          "status": "passed",
          "title": "should change image src on error"
        },
        {
          "ancestorTitles": ["Image Component"],
          "failureMessages": [],
          "fullName": "Image Component should check the data attribute of image",
          "location": null,
          "status": "passed",
          "title": "should check the data attribute of image"
        },
        {
          "ancestorTitles": ["Image Component"],
          "failureMessages": [],
          "fullName": "Image Component should check the default locator of image",
          "location": null,
          "status": "passed",
          "title": "should check the default locator of image"
        }
      ],
      "endTime": 1576004381543,
      "message": "",
      "name": "C:\\Users\\ritgupta5\\Desktop\\task\\atomic-react-components\\lib\\components\\atoms\\Image\\tests\\Image.test.js",
      "startTime": 1576004379442,
      "status": "passed",
      "summary": ""
    },
    {
      "assertionResults": [
        {
          "ancestorTitles": ["<Video />"],
          "failureMessages": [],
          "fullName": "<Video /> should have video tag",
          "location": null,
          "status": "passed",
          "title": "should have video tag"
        },
        {
          "ancestorTitles": ["<Video />"],
          "failureMessages": [],
          "fullName": "<Video /> should have source tag in video",
          "location": null,
          "status": "passed",
          "title": "should have source tag in video"
        },
        {
          "ancestorTitles": ["<Video />"],
          "failureMessages": [],
          "fullName": "<Video /> should have src attribute in source tag",
          "location": null,
          "status": "passed",
          "title": "should have src attribute in source tag"
        },
        {
          "ancestorTitles": ["<Video />"],
          "failureMessages": [],
          "fullName": "<Video /> should not be autoplay and should be mute",
          "location": null,
          "status": "passed",
          "title": "should not be autoplay and should be mute"
        },
        {
          "ancestorTitles": ["<Video />"],
          "failureMessages": [],
          "fullName": "<Video /> should render correctly",
          "location": null,
          "status": "passed",
          "title": "should render correctly"
        }
      ],
      "endTime": 1576004381651,
      "message": "",
      "name": "C:\\Users\\ritgupta5\\Desktop\\task\\atomic-react-components\\lib\\components\\atoms\\Video\\tests\\Video.test.js",
      "startTime": 1576004379495,
      "status": "passed",
      "summary": ""
    },
    {
      "assertionResults": [
        {
          "ancestorTitles": ["FieldInput Component"],
          "failureMessages": [],
          "fullName": "FieldInput Component should render correctly",
          "location": null,
          "status": "passed",
          "title": "should render correctly"
        },
        {
          "ancestorTitles": ["FieldInput Component"],
          "failureMessages": [],
          "fullName": "FieldInput Component should render label correctly",
          "location": null,
          "status": "pending",
          "title": "should render label correctly"
        },
        {
          "ancestorTitles": ["FieldInput Component"],
          "failureMessages": [],
          "fullName": "FieldInput Component should render Input component with proper type",
          "location": null,
          "status": "pending",
          "title": "should render Input component with proper type"
        }
      ],
      "endTime": 1576004381863,
      "message": "",
      "name": "C:\\Users\\ritgupta5\\Desktop\\task\\atomic-react-components\\lib\\components\\molecules\\Form\\FieldInput\\tests\\FieldInput.test.js",
      "startTime": 1576004381321,
      "status": "passed",
      "summary": ""
    },
    {
      "assertionResults": [
        {
          "ancestorTitles": ["FieldTextarea Component"],
          "failureMessages": [],
          "fullName": "FieldTextarea Component should render correctly",
          "location": null,
          "status": "passed",
          "title": "should render correctly"
        },
        {
          "ancestorTitles": ["FieldTextarea Component"],
          "failureMessages": [],
          "fullName": "FieldTextarea Component should render label correctly",
          "location": null,
          "status": "pending",
          "title": "should render label correctly"
        },
        {
          "ancestorTitles": ["FieldTextarea Component"],
          "failureMessages": [],
          "fullName": "FieldTextarea Component should render textarea tag",
          "location": null,
          "status": "pending",
          "title": "should render textarea tag"
        }
      ],
      "endTime": 1576004382172,
      "message": "",
      "name": "C:\\Users\\ritgupta5\\Desktop\\task\\atomic-react-components\\lib\\components\\molecules\\Form\\FieldTextarea\\tests\\FieldTextarea.test.js",
      "startTime": 1576004381555,
      "status": "passed",
      "summary": ""
    },
    {
      "assertionResults": [
        {
          "ancestorTitles": ["Button"],
          "failureMessages": [],
          "fullName": "Button should render correctly",
          "location": null,
          "status": "passed",
          "title": "should render correctly"
        }
      ],
      "endTime": 1576004382206,
      "message": "",
      "name": "C:\\Users\\ritgupta5\\Desktop\\task\\atomic-react-components\\lib\\components\\atoms\\Button\\tests\\Button.style.test.js",
      "startTime": 1576004381821,
      "status": "passed",
      "summary": ""
    },
    {
      "assertionResults": [
        {
          "ancestorTitles": ["FieldInput Component"],
          "failureMessages": [],
          "fullName": "FieldInput Component should render correctly",
          "location": null,
          "status": "passed",
          "title": "should render correctly"
        },
        {
          "ancestorTitles": ["FieldInput Component"],
          "failureMessages": [],
          "fullName": "FieldInput Component should render label correctly",
          "location": null,
          "status": "pending",
          "title": "should render label correctly"
        },
        {
          "ancestorTitles": ["FieldInput Component"],
          "failureMessages": [],
          "fullName": "FieldInput Component should render select tag",
          "location": null,
          "status": "pending",
          "title": "should render select tag"
        }
      ],
      "endTime": 1576004382343,
      "message": "",
      "name": "C:\\Users\\ritgupta5\\Desktop\\task\\atomic-react-components\\lib\\components\\molecules\\Form\\FieldSelect\\tests\\FieldSelect.test.js",
      "startTime": 1576004381718,
      "status": "passed",
      "summary": ""
    },
    {
      "assertionResults": [
        {
          "ancestorTitles": ["<ArticleThumbnail />"],
          "failureMessages": [],
          "fullName": "<ArticleThumbnail /> should render correctly with Readmore",
          "location": null,
          "status": "passed",
          "title": "should render correctly with Readmore"
        },
        {
          "ancestorTitles": ["<ArticleThumbnail />"],
          "failureMessages": [],
          "fullName": "<ArticleThumbnail /> should render correctly with full clickable thumb",
          "location": null,
          "status": "passed",
          "title": "should render correctly with full clickable thumb"
        }
      ],
      "endTime": 1576004382478,
      "message": "",
      "name": "C:\\Users\\ritgupta5\\Desktop\\task\\atomic-react-components\\lib\\components\\molecules\\ArticleThumbnail\\tests\\ArticleThumbnail.test.js",
      "startTime": 1576004382038,
      "status": "passed",
      "summary": ""
    },
    {
      "assertionResults": [
        {
          "ancestorTitles": ["InputChoiceVanilla Component"],
          "failureMessages": [],
          "fullName": "InputChoiceVanilla Component should render Radio button correctly",
          "location": null,
          "status": "passed",
          "title": "should render Radio button correctly"
        },
        {
          "ancestorTitles": ["InputChoiceVanilla Component"],
          "failureMessages": [],
          "fullName": "InputChoiceVanilla Component should render checkbox correctly",
          "location": null,
          "status": "passed",
          "title": "should render checkbox correctly"
        },
        {
          "ancestorTitles": ["InputChoiceVanilla Component"],
          "failureMessages": [],
          "fullName": "InputChoiceVanilla Component should render disabled",
          "location": null,
          "status": "passed",
          "title": "should render disabled"
        },
        {
          "ancestorTitles": ["InputChoiceVanilla Component"],
          "failureMessages": [],
          "fullName": "InputChoiceVanilla Component should render checked",
          "location": null,
          "status": "passed",
          "title": "should render checked"
        }
      ],
      "endTime": 1576004382617,
      "message": "",
      "name": "C:\\Users\\ritgupta5\\Desktop\\task\\atomic-react-components\\lib\\components\\molecules\\InputChoice\\tests\\InputChoice.test.js",
      "startTime": 1576004382097,
      "status": "passed",
      "summary": ""
    },
    {
      "assertionResults": [
        {
          "ancestorTitles": ["<Breadcrumb />"],
          "failureMessages": [],
          "fullName": "<Breadcrumb /> should render correctly",
          "location": null,
          "status": "passed",
          "title": "should render correctly"
        }
      ],
      "endTime": 1576004382626,
      "message": "",
      "name": "C:\\Users\\ritgupta5\\Desktop\\task\\atomic-react-components\\lib\\components\\molecules\\Breadcrumb\\tests\\Breadcrumb.test.js",
      "startTime": 1576004378046,
      "status": "passed",
      "summary": ""
    },
    {
      "assertionResults": [
        {
          "ancestorTitles": ["Input Styled component"],
          "failureMessages": [],
          "fullName": "Input Styled component should render correctly",
          "location": null,
          "status": "passed",
          "title": "should render correctly"
        }
      ],
      "endTime": 1576004382679,
      "message": "",
      "name": "C:\\Users\\ritgupta5\\Desktop\\task\\atomic-react-components\\lib\\components\\atoms\\Input\\tests\\Input.style.test.js",
      "startTime": 1576004382260,
      "status": "passed",
      "summary": ""
    },
    {
      "assertionResults": [
        {
          "ancestorTitles": ["Heading Component"],
          "failureMessages": [],
          "fullName": "Heading Component should render correctly and match snapshot",
          "location": null,
          "status": "passed",
          "title": "should render correctly and match snapshot"
        },
        {
          "ancestorTitles": ["Heading Component"],
          "failureMessages": [],
          "fullName": "Heading Component should check the custom locator of heading",
          "location": null,
          "status": "passed",
          "title": "should check the custom locator of heading"
        },
        {
          "ancestorTitles": ["Heading Component"],
          "failureMessages": [],
          "fullName": "Heading Component should check the default locator of heading",
          "location": null,
          "status": "passed",
          "title": "should check the default locator of heading"
        }
      ],
      "endTime": 1576004383052,
      "message": "",
      "name": "C:\\Users\\ritgupta5\\Desktop\\task\\atomic-react-components\\lib\\components\\atoms\\Heading\\tests\\Heading.test.js",
      "startTime": 1576004382632,
      "status": "passed",
      "summary": ""
    },
    {
      "assertionResults": [
        {
          "ancestorTitles": ["Modal Component"],
          "failureMessages": [],
          "fullName": "Modal Component should render Modal correctly",
          "location": null,
          "status": "passed",
          "title": "should render Modal correctly"
        }
      ],
      "endTime": 1576004383076,
      "message": "",
      "name": "C:\\Users\\ritgupta5\\Desktop\\task\\atomic-react-components\\lib\\components\\molecules\\Modal\\tests\\Modal.test.js",
      "startTime": 1576004382659,
      "status": "passed",
      "summary": ""
    },
    {
      "assertionResults": [
        {
          "ancestorTitles": ["Anchor Component"],
          "failureMessages": [],
          "fullName": "Anchor Component should render correctly and match snapshot",
          "location": null,
          "status": "passed",
          "title": "should render correctly and match snapshot"
        },
        {
          "ancestorTitles": ["Anchor Component"],
          "failureMessages": [],
          "fullName": "Anchor Component Should handle on typeahead focuson Events",
          "location": null,
          "status": "passed",
          "title": "Should handle on typeahead focuson Events"
        },
        {
          "ancestorTitles": ["Anchor Component"],
          "failureMessages": [],
          "fullName": "Anchor Component should check the data attribute of anchor",
          "location": null,
          "status": "passed",
          "title": "should check the data attribute of anchor"
        }
      ],
      "endTime": 1576004383113,
      "message": "",
      "name": "C:\\Users\\ritgupta5\\Desktop\\task\\atomic-react-components\\lib\\components\\atoms\\Anchor\\tests\\Anchor.test.js",
      "startTime": 1576004382758,
      "status": "passed",
      "summary": ""
    },
    {
      "assertionResults": [
        {
          "ancestorTitles": ["FieldError Component"],
          "failureMessages": [],
          "fullName": "FieldError Component should render correctly",
          "location": null,
          "status": "passed",
          "title": "should render correctly"
        },
        {
          "ancestorTitles": ["FieldError Component"],
          "failureMessages": [],
          "fullName": "FieldError Component should check the element locator of field error",
          "location": null,
          "status": "passed",
          "title": "should check the element locator of field error"
        },
        {
          "ancestorTitles": ["FieldError Component"],
          "failureMessages": [],
          "fullName": "FieldError Component should check the default slnid of field error",
          "location": null,
          "status": "passed",
          "title": "should check the default slnid of field error"
        }
      ],
      "endTime": 1576004383314,
      "message": "",
      "name": "C:\\Users\\ritgupta5\\Desktop\\task\\atomic-react-components\\lib\\components\\atoms\\FieldError\\tests\\FieldError.test.js",
      "startTime": 1576004382951,
      "status": "passed",
      "summary": ""
    },
    {
      "assertionResults": [
        {
          "ancestorTitles": ["<Textarea />"],
          "failureMessages": [],
          "fullName": "<Textarea /> should render correctly",
          "location": null,
          "status": "passed",
          "title": "should render correctly"
        },
        {
          "ancestorTitles": ["<Textarea />"],
          "failureMessages": [],
          "fullName": "<Textarea /> should check the data attribute of textarea",
          "location": null,
          "status": "passed",
          "title": "should check the data attribute of textarea"
        }
      ],
      "endTime": 1576004383501,
      "message": "",
      "name": "C:\\Users\\ritgupta5\\Desktop\\task\\atomic-react-components\\lib\\components\\atoms\\Textarea\\tests\\Textarea.test.js",
      "startTime": 1576004383120,
      "status": "passed",
      "summary": ""
    },
    {
      "assertionResults": [
        {
          "ancestorTitles": ["Select Styled component"],
          "failureMessages": [],
          "fullName": "Select Styled component should render correctly",
          "location": null,
          "status": "passed",
          "title": "should render correctly"
        }
      ],
      "endTime": 1576004383521,
      "message": "",
      "name": "C:\\Users\\ritgupta5\\Desktop\\task\\atomic-react-components\\lib\\components\\atoms\\Select\\tests\\Select.style.test.js",
      "startTime": 1576004383081,
      "status": "passed",
      "summary": ""
    },
    {
      "assertionResults": [
        {
          "ancestorTitles": ["Select Styled component"],
          "failureMessages": [],
          "fullName": "Select Styled component should render correctly",
          "location": null,
          "status": "passed",
          "title": "should render correctly"
        }
      ],
      "endTime": 1576004383538,
      "message": "",
      "name": "C:\\Users\\ritgupta5\\Desktop\\task\\atomic-react-components\\lib\\components\\atoms\\Textarea\\tests\\Textarea.style.test.js",
      "startTime": 1576004383196,
      "status": "passed",
      "summary": ""
    },
    {
      "assertionResults": [
        {
          "ancestorTitles": ["Para Component"],
          "failureMessages": [],
          "fullName": "Para Component should render correctly and match snapshot",
          "location": null,
          "status": "passed",
          "title": "should render correctly and match snapshot"
        },
        {
          "ancestorTitles": ["Para Component"],
          "failureMessages": [],
          "fullName": "Para Component should check the data attribute of para",
          "location": null,
          "status": "passed",
          "title": "should check the data attribute of para"
        }
      ],
      "endTime": 1576004383741,
      "message": "",
      "name": "C:\\Users\\ritgupta5\\Desktop\\task\\atomic-react-components\\lib\\components\\atoms\\Para\\tests\\Para.test.js",
      "startTime": 1576004383448,
      "status": "passed",
      "summary": ""
    },
    {
      "assertionResults": [
        {
          "ancestorTitles": ["<Tab />"],
          "failureMessages": [],
          "fullName": "<Tab /> should render correctly",
          "location": null,
          "status": "passed",
          "title": "should render correctly"
        }
      ],
      "endTime": 1576004383844,
      "message": "",
      "name": "C:\\Users\\ritgupta5\\Desktop\\task\\atomic-react-components\\lib\\components\\molecules\\Tabs\\Tab\\tests\\Tab.test.js",
      "startTime": 1576004383482,
      "status": "passed",
      "summary": ""
    },
    {
      "assertionResults": [
        {
          "ancestorTitles": ["<List />"],
          "failureMessages": [],
          "fullName": "<List /> should render default view correctly",
          "location": null,
          "status": "passed",
          "title": "should render default view correctly"
        }
      ],
      "endTime": 1576004383934,
      "message": "",
      "name": "C:\\Users\\ritgupta5\\Desktop\\task\\atomic-react-components\\lib\\components\\molecules\\List\\tests\\List.test.js",
      "startTime": 1576004383561,
      "status": "passed",
      "summary": ""
    },
    {
      "assertionResults": [
        {
          "ancestorTitles": ["Image Component with styles"],
          "failureMessages": [],
          "fullName": "Image Component with styles should render correctly and match snapshots",
          "location": null,
          "status": "passed",
          "title": "should render correctly and match snapshots"
        },
        {
          "ancestorTitles": ["Image Component with styles"],
          "failureMessages": [],
          "fullName": "Image Component with styles should render correctly with lazy load",
          "location": null,
          "status": "passed",
          "title": "should render correctly with lazy load"
        }
      ],
      "endTime": 1576004384061,
      "message": "",
      "name": "C:\\Users\\ritgupta5\\Desktop\\task\\atomic-react-components\\lib\\components\\atoms\\Image\\tests\\Image.style.test.js",
      "startTime": 1576004383716,
      "status": "passed",
      "summary": ""
    },
    {
      "assertionResults": [
        {
          "ancestorTitles": ["Input Component"],
          "failureMessages": [],
          "fullName": "Input Component should render correctly",
          "location": null,
          "status": "passed",
          "title": "should render correctly"
        },
        {
          "ancestorTitles": ["Input Component"],
          "failureMessages": [],
          "fullName": "Input Component should check the data attribute of input",
          "location": null,
          "status": "passed",
          "title": "should check the data attribute of input"
        }
      ],
      "endTime": 1576004384215,
      "message": "",
      "name": "C:\\Users\\ritgupta5\\Desktop\\task\\atomic-react-components\\lib\\components\\atoms\\Input\\tests\\Input.test.js",
      "startTime": 1576004383954,
      "status": "passed",
      "summary": ""
    },
    {
      "assertionResults": [
        {
          "ancestorTitles": ["Debug"],
          "failureMessages": [],
          "fullName": "Debug should render correctly",
          "location": null,
          "status": "passed",
          "title": "should render correctly"
        }
      ],
      "endTime": 1576004384246,
      "message": "",
      "name": "C:\\Users\\ritgupta5\\Desktop\\task\\atomic-react-components\\lib\\components\\molecules\\Form\\Debug\\tests\\Debug.test.js",
      "startTime": 1576004383895,
      "status": "passed",
      "summary": ""
    },
    {
      "assertionResults": [
        {
          "ancestorTitles": ["Select Component"],
          "failureMessages": [],
          "fullName": "Select Component should render correctly",
          "location": null,
          "status": "passed",
          "title": "should render correctly"
        },
        {
          "ancestorTitles": ["Select Component"],
          "failureMessages": [],
          "fullName": "Select Component should check the data attribute of dropdown/select",
          "location": null,
          "status": "passed",
          "title": "should check the data attribute of dropdown/select"
        }
      ],
      "endTime": 1576004384263,
      "message": "",
      "name": "C:\\Users\\ritgupta5\\Desktop\\task\\atomic-react-components\\lib\\components\\atoms\\Select\\tests\\Select.test.js",
      "startTime": 1576004383990,
      "status": "passed",
      "summary": ""
    },
    {
      "assertionResults": [
        {
          "ancestorTitles": ["<TabPanel />"],
          "failureMessages": [],
          "fullName": "<TabPanel /> should render correctly",
          "location": null,
          "status": "passed",
          "title": "should render correctly"
        }
      ],
      "endTime": 1576004384344,
      "message": "",
      "name": "C:\\Users\\ritgupta5\\Desktop\\task\\atomic-react-components\\lib\\components\\molecules\\Tabs\\TabPanel\\tests\\TabPanel.test.js",
      "startTime": 1576004384097,
      "status": "passed",
      "summary": ""
    },
    {
      "assertionResults": [
        {
          "ancestorTitles": ["<Track />"],
          "failureMessages": [],
          "fullName": "<Track /> should render correctly",
          "location": null,
          "status": "passed",
          "title": "should render correctly"
        }
      ],
      "endTime": 1576004384388,
      "message": "",
      "name": "C:\\Users\\ritgupta5\\Desktop\\task\\atomic-react-components\\lib\\components\\atoms\\Track\\tests\\Track.test.js",
      "startTime": 1576004384204,
      "status": "passed",
      "summary": ""
    },
    {
      "assertionResults": [
        {
          "ancestorTitles": ["Label Component"],
          "failureMessages": [],
          "fullName": "Label Component should render correctly",
          "location": null,
          "status": "passed",
          "title": "should render correctly"
        },
        {
          "ancestorTitles": ["Label Component"],
          "failureMessages": [],
          "fullName": "Label Component should check the data attribute of label",
          "location": null,
          "status": "passed",
          "title": "should check the data attribute of label"
        }
      ],
      "endTime": 1576004384439,
      "message": "",
      "name": "C:\\Users\\ritgupta5\\Desktop\\task\\atomic-react-components\\lib\\components\\atoms\\Label\\tests\\Label.test.js",
      "startTime": 1576004384279,
      "status": "passed",
      "summary": ""
    }
  ],
  "wasInterrupted": false,
  "coverageMap": {
    "C:\\Users\\ritgupta5\\Desktop\\task\\atomic-react-components\\lib\\components\\molecules\\List\\index.js": {
      "path": "C:\\Users\\ritgupta5\\Desktop\\task\\atomic-react-components\\lib\\components\\molecules\\List\\index.js",
      "statementMap": {},
      "fnMap": {},
      "branchMap": {},
      "s": {},
      "f": {},
      "b": {},
      "_coverageSchema": "43e27e138ebf9cfc5966b082cf9a028302ed4184",
      "hash": "6dbece0db5f8f89d2a9d7d4f6063f05773671299"
    },
    "C:\\Users\\ritgupta5\\Desktop\\task\\atomic-react-components\\lib\\components\\molecules\\List\\List.js": {
      "path": "C:\\Users\\ritgupta5\\Desktop\\task\\atomic-react-components\\lib\\components\\molecules\\List\\List.js",
      "statementMap": {
        "0": { "start": { "line": 28, "column": 13 }, "end": { "line": 44, "column": 1 } },
        "1": { "start": { "line": 41, "column": 2 }, "end": { "line": 43, "column": 13 } },
        "2": { "start": { "line": 46, "column": 0 }, "end": { "line": 56, "column": 2 } }
      },
      "fnMap": {
        "0": {
          "name": "(anonymous_0)",
          "decl": { "start": { "line": 28, "column": 13 }, "end": { "line": 28, "column": 14 } },
          "loc": { "start": { "line": 41, "column": 2 }, "end": { "line": 43, "column": 13 } },
          "line": 41
        }
      },
      "branchMap": {
        "0": {
          "loc": { "start": { "line": 30, "column": 2 }, "end": { "line": 30, "column": 17 } },
          "type": "default-arg",
          "locations": [
            { "start": { "line": 30, "column": 13 }, "end": { "line": 30, "column": 17 } }
          ],
          "line": 30
        }
      },
      "s": { "0": 3, "1": 8, "2": 3 },
      "f": { "0": 8 },
      "b": { "0": [0] },
      "_coverageSchema": "43e27e138ebf9cfc5966b082cf9a028302ed4184",
      "hash": "c518487bea02576f8de0c71d52004b7862788581"
    },
    "C:\\Users\\ritgupta5\\Desktop\\task\\atomic-react-components\\lib\\components\\molecules\\List\\List.style.js": {
      "path": "C:\\Users\\ritgupta5\\Desktop\\task\\atomic-react-components\\lib\\components\\molecules\\List\\List.style.js",
      "statementMap": {
        "0": { "start": { "line": 4, "column": 25 }, "end": { "line": 4, "column": 51 } },
        "1": { "start": { "line": 6, "column": 30 }, "end": { "line": 6, "column": 56 } },
        "2": { "start": { "line": 9, "column": 4 }, "end": { "line": 15, "column": 10 } },
        "3": { "start": { "line": 18, "column": 4 }, "end": { "line": 24, "column": 10 } },
        "4": { "start": { "line": 27, "column": 4 }, "end": { "line": 32, "column": 10 } },
        "5": { "start": { "line": 35, "column": 4 }, "end": { "line": 42, "column": 10 } },
        "6": { "start": { "line": 45, "column": 4 }, "end": { "line": 61, "column": 10 } },
        "7": { "start": { "line": 63, "column": 14 }, "end": { "line": 63, "column": 64 } }
      },
      "fnMap": {
        "0": {
          "name": "(anonymous_0)",
          "decl": { "start": { "line": 4, "column": 16 }, "end": { "line": 4, "column": 17 } },
          "loc": { "start": { "line": 4, "column": 25 }, "end": { "line": 4, "column": 51 } },
          "line": 4
        },
        "1": {
          "name": "(anonymous_1)",
          "decl": { "start": { "line": 6, "column": 21 }, "end": { "line": 6, "column": 22 } },
          "loc": { "start": { "line": 6, "column": 30 }, "end": { "line": 6, "column": 56 } },
          "line": 6
        },
        "2": {
          "name": "(anonymous_2)",
          "decl": { "start": { "line": 8, "column": 4 }, "end": { "line": 8, "column": 5 } },
          "loc": { "start": { "line": 9, "column": 4 }, "end": { "line": 15, "column": 10 } },
          "line": 9
        },
        "3": {
          "name": "(anonymous_3)",
          "decl": { "start": { "line": 17, "column": 4 }, "end": { "line": 17, "column": 5 } },
          "loc": { "start": { "line": 18, "column": 4 }, "end": { "line": 24, "column": 10 } },
          "line": 18
        },
        "4": {
          "name": "(anonymous_4)",
          "decl": { "start": { "line": 26, "column": 4 }, "end": { "line": 26, "column": 5 } },
          "loc": { "start": { "line": 27, "column": 4 }, "end": { "line": 32, "column": 10 } },
          "line": 27
        },
        "5": {
          "name": "(anonymous_5)",
          "decl": { "start": { "line": 34, "column": 4 }, "end": { "line": 34, "column": 5 } },
          "loc": { "start": { "line": 35, "column": 4 }, "end": { "line": 42, "column": 10 } },
          "line": 35
        },
        "6": {
          "name": "(anonymous_6)",
          "decl": { "start": { "line": 44, "column": 4 }, "end": { "line": 44, "column": 5 } },
          "loc": { "start": { "line": 45, "column": 4 }, "end": { "line": 61, "column": 10 } },
          "line": 45
        },
        "7": {
          "name": "(anonymous_7)",
          "decl": { "start": { "line": 63, "column": 4 }, "end": { "line": 63, "column": 5 } },
          "loc": { "start": { "line": 63, "column": 14 }, "end": { "line": 63, "column": 64 } },
          "line": 63
        }
      },
      "branchMap": {
        "0": {
          "loc": { "start": { "line": 9, "column": 4 }, "end": { "line": 15, "column": 10 } },
          "type": "cond-expr",
          "locations": [
            { "start": { "line": 10, "column": 8 }, "end": { "line": 14, "column": 7 } },
            { "start": { "line": 15, "column": 8 }, "end": { "line": 15, "column": 10 } }
          ],
          "line": 9
        },
        "1": {
          "loc": { "start": { "line": 18, "column": 4 }, "end": { "line": 24, "column": 10 } },
          "type": "cond-expr",
          "locations": [
            { "start": { "line": 19, "column": 8 }, "end": { "line": 23, "column": 7 } },
            { "start": { "line": 24, "column": 8 }, "end": { "line": 24, "column": 10 } }
          ],
          "line": 18
        },
        "2": {
          "loc": { "start": { "line": 27, "column": 4 }, "end": { "line": 32, "column": 10 } },
          "type": "cond-expr",
          "locations": [
            { "start": { "line": 28, "column": 8 }, "end": { "line": 31, "column": 7 } },
            { "start": { "line": 32, "column": 8 }, "end": { "line": 32, "column": 10 } }
          ],
          "line": 27
        },
        "3": {
          "loc": { "start": { "line": 35, "column": 4 }, "end": { "line": 42, "column": 10 } },
          "type": "cond-expr",
          "locations": [
            { "start": { "line": 36, "column": 8 }, "end": { "line": 41, "column": 7 } },
            { "start": { "line": 42, "column": 8 }, "end": { "line": 42, "column": 10 } }
          ],
          "line": 35
        },
        "4": {
          "loc": { "start": { "line": 45, "column": 4 }, "end": { "line": 61, "column": 10 } },
          "type": "cond-expr",
          "locations": [
            { "start": { "line": 46, "column": 8 }, "end": { "line": 60, "column": 7 } },
            { "start": { "line": 61, "column": 8 }, "end": { "line": 61, "column": 10 } }
          ],
          "line": 45
        },
        "5": {
          "loc": { "start": { "line": 63, "column": 14 }, "end": { "line": 63, "column": 64 } },
          "type": "cond-expr",
          "locations": [
            { "start": { "line": 63, "column": 38 }, "end": { "line": 63, "column": 59 } },
            { "start": { "line": 63, "column": 62 }, "end": { "line": 63, "column": 64 } }
          ],
          "line": 63
        }
      },
      "s": { "0": 7, "1": 7, "2": 7, "3": 7, "4": 7, "5": 7, "6": 7, "7": 7 },
      "f": { "0": 7, "1": 7, "2": 7, "3": 7, "4": 7, "5": 7, "6": 7, "7": 7 },
      "b": { "0": [0, 7], "1": [3, 4], "2": [3, 4], "3": [3, 4], "4": [0, 7], "5": [0, 7] },
      "_coverageSchema": "43e27e138ebf9cfc5966b082cf9a028302ed4184",
      "hash": "19d0a25334fc1c58d59c1a8ef3626535878f9bb4"
    },
    "C:\\Users\\ritgupta5\\Desktop\\task\\atomic-react-components\\lib\\components\\molecules\\Tabs\\index.js": {
      "path": "C:\\Users\\ritgupta5\\Desktop\\task\\atomic-react-components\\lib\\components\\molecules\\Tabs\\index.js",
      "statementMap": {},
      "fnMap": {},
      "branchMap": {},
      "s": {},
      "f": {},
      "b": {},
      "_coverageSchema": "43e27e138ebf9cfc5966b082cf9a028302ed4184",
      "hash": "15be8076e18797b06c2f390f47905de25e65b1dc"
    },
    "C:\\Users\\ritgupta5\\Desktop\\task\\atomic-react-components\\lib\\components\\molecules\\Tabs\\Tabs.js": {
      "path": "C:\\Users\\ritgupta5\\Desktop\\task\\atomic-react-components\\lib\\components\\molecules\\Tabs\\Tabs.js",
      "statementMap": {
        "0": { "start": { "line": 19, "column": 4 }, "end": { "line": 19, "column": 17 } },
        "1": { "start": { "line": 20, "column": 4 }, "end": { "line": 20, "column": 63 } },
        "2": { "start": { "line": 24, "column": 37 }, "end": { "line": 24, "column": 47 } },
        "3": { "start": { "line": 25, "column": 4 }, "end": { "line": 25, "column": 37 } },
        "4": { "start": { "line": 28, "column": 20 }, "end": { "line": 36, "column": 3 } },
        "5": { "start": { "line": 29, "column": 28 }, "end": { "line": 29, "column": 38 } },
        "6": { "start": { "line": 30, "column": 4 }, "end": { "line": 32, "column": 7 } },
        "7": { "start": { "line": 33, "column": 4 }, "end": { "line": 35, "column": 5 } },
        "8": { "start": { "line": 34, "column": 6 }, "end": { "line": 34, "column": 25 } },
        "9": { "start": { "line": 38, "column": 13 }, "end": { "line": 47, "column": 3 } },
        "10": { "start": { "line": 39, "column": 4 }, "end": { "line": 39, "column": 23 } },
        "11": { "start": { "line": 40, "column": 30 }, "end": { "line": 40, "column": 40 } },
        "12": { "start": { "line": 42, "column": 4 }, "end": { "line": 44, "column": 5 } },
        "13": { "start": { "line": 43, "column": 6 }, "end": { "line": 43, "column": 13 } },
        "14": { "start": { "line": 46, "column": 4 }, "end": { "line": 46, "column": 32 } },
        "15": { "start": { "line": 49, "column": 15 }, "end": { "line": 70, "column": 3 } },
        "16": { "start": { "line": 50, "column": 4 }, "end": { "line": 54, "column": 5 } },
        "17": { "start": { "line": 51, "column": 6 }, "end": { "line": 51, "column": 25 } },
        "18": { "start": { "line": 53, "column": 6 }, "end": { "line": 53, "column": 13 } },
        "19": { "start": { "line": 56, "column": 30 }, "end": { "line": 56, "column": 40 } },
        "20": { "start": { "line": 57, "column": 28 }, "end": { "line": 57, "column": 38 } },
        "21": { "start": { "line": 61, "column": 4 }, "end": { "line": 67, "column": 5 } },
        "22": { "start": { "line": 62, "column": 6 }, "end": { "line": 62, "column": 38 } },
        "23": { "start": { "line": 63, "column": 11 }, "end": { "line": 67, "column": 5 } },
        "24": { "start": { "line": 64, "column": 6 }, "end": { "line": 64, "column": 38 } },
        "25": { "start": { "line": 66, "column": 6 }, "end": { "line": 66, "column": 13 } },
        "26": { "start": { "line": 69, "column": 4 }, "end": { "line": 69, "column": 38 } },
        "27": { "start": { "line": 84, "column": 8 }, "end": { "line": 84, "column": 18 } },
        "28": { "start": { "line": 85, "column": 30 }, "end": { "line": 85, "column": 40 } },
        "29": { "start": { "line": 86, "column": 24 }, "end": { "line": 90, "column": 5 } },
        "30": { "start": { "line": 91, "column": 4 }, "end": { "line": 135, "column": 6 } },
        "31": { "start": { "line": 106, "column": 16 }, "end": { "line": 116, "column": 22 } },
        "32": { "start": { "line": 123, "column": 14 }, "end": { "line": 131, "column": 25 } },
        "33": { "start": { "line": 139, "column": 0 }, "end": { "line": 147, "column": 2 } }
      },
      "fnMap": {
        "0": {
          "name": "(anonymous_0)",
          "decl": { "start": { "line": 18, "column": 2 }, "end": { "line": 18, "column": 3 } },
          "loc": { "start": { "line": 18, "column": 21 }, "end": { "line": 21, "column": 3 } },
          "line": 18
        },
        "1": {
          "name": "(anonymous_1)",
          "decl": { "start": { "line": 23, "column": 2 }, "end": { "line": 23, "column": 3 } },
          "loc": { "start": { "line": 23, "column": 24 }, "end": { "line": 26, "column": 3 } },
          "line": 23
        },
        "2": {
          "name": "(anonymous_2)",
          "decl": { "start": { "line": 28, "column": 20 }, "end": { "line": 28, "column": 21 } },
          "loc": { "start": { "line": 28, "column": 39 }, "end": { "line": 36, "column": 3 } },
          "line": 28
        },
        "3": {
          "name": "(anonymous_3)",
          "decl": { "start": { "line": 38, "column": 13 }, "end": { "line": 38, "column": 14 } },
          "loc": { "start": { "line": 38, "column": 53 }, "end": { "line": 47, "column": 3 } },
          "line": 38
        },
        "4": {
          "name": "(anonymous_4)",
          "decl": { "start": { "line": 49, "column": 15 }, "end": { "line": 49, "column": 16 } },
          "loc": { "start": { "line": 49, "column": 48 }, "end": { "line": 70, "column": 3 } },
          "line": 49
        },
        "5": {
          "name": "(anonymous_5)",
          "decl": { "start": { "line": 72, "column": 2 }, "end": { "line": 72, "column": 3 } },
          "loc": { "start": { "line": 72, "column": 11 }, "end": { "line": 136, "column": 3 } },
          "line": 72
        },
        "6": {
          "name": "(anonymous_6)",
          "decl": { "start": { "line": 105, "column": 30 }, "end": { "line": 105, "column": 31 } },
          "loc": { "start": { "line": 106, "column": 16 }, "end": { "line": 116, "column": 22 } },
          "line": 106
        },
        "7": {
          "name": "(anonymous_7)",
          "decl": { "start": { "line": 122, "column": 28 }, "end": { "line": 122, "column": 29 } },
          "loc": { "start": { "line": 123, "column": 14 }, "end": { "line": 131, "column": 25 } },
          "line": 123
        }
      },
      "branchMap": {
        "0": {
          "loc": { "start": { "line": 25, "column": 11 }, "end": { "line": 25, "column": 36 } },
          "type": "binary-expr",
          "locations": [
            { "start": { "line": 25, "column": 11 }, "end": { "line": 25, "column": 31 } },
            { "start": { "line": 25, "column": 35 }, "end": { "line": 25, "column": 36 } }
          ],
          "line": 25
        },
        "1": {
          "loc": { "start": { "line": 33, "column": 4 }, "end": { "line": 35, "column": 5 } },
          "type": "if",
          "locations": [
            { "start": { "line": 33, "column": 4 }, "end": { "line": 35, "column": 5 } },
            { "start": { "line": 33, "column": 4 }, "end": { "line": 35, "column": 5 } }
          ],
          "line": 33
        },
        "2": {
          "loc": { "start": { "line": 42, "column": 4 }, "end": { "line": 44, "column": 5 } },
          "type": "if",
          "locations": [
            { "start": { "line": 42, "column": 4 }, "end": { "line": 44, "column": 5 } },
            { "start": { "line": 42, "column": 4 }, "end": { "line": 44, "column": 5 } }
          ],
          "line": 42
        },
        "3": {
          "loc": { "start": { "line": 50, "column": 4 }, "end": { "line": 54, "column": 5 } },
          "type": "if",
          "locations": [
            { "start": { "line": 50, "column": 4 }, "end": { "line": 54, "column": 5 } },
            { "start": { "line": 50, "column": 4 }, "end": { "line": 54, "column": 5 } }
          ],
          "line": 50
        },
        "4": {
          "loc": { "start": { "line": 50, "column": 8 }, "end": { "line": 50, "column": 53 } },
          "type": "binary-expr",
          "locations": [
            { "start": { "line": 50, "column": 8 }, "end": { "line": 50, "column": 28 } },
            { "start": { "line": 50, "column": 32 }, "end": { "line": 50, "column": 53 } }
          ],
          "line": 50
        },
        "5": {
          "loc": { "start": { "line": 61, "column": 4 }, "end": { "line": 67, "column": 5 } },
          "type": "if",
          "locations": [
            { "start": { "line": 61, "column": 4 }, "end": { "line": 67, "column": 5 } },
            { "start": { "line": 61, "column": 4 }, "end": { "line": 67, "column": 5 } }
          ],
          "line": 61
        },
        "6": {
          "loc": { "start": { "line": 61, "column": 8 }, "end": { "line": 61, "column": 49 } },
          "type": "binary-expr",
          "locations": [
            { "start": { "line": 61, "column": 8 }, "end": { "line": 61, "column": 28 } },
            { "start": { "line": 61, "column": 32 }, "end": { "line": 61, "column": 49 } }
          ],
          "line": 61
        },
        "7": {
          "loc": { "start": { "line": 63, "column": 11 }, "end": { "line": 67, "column": 5 } },
          "type": "if",
          "locations": [
            { "start": { "line": 63, "column": 11 }, "end": { "line": 67, "column": 5 } },
            { "start": { "line": 63, "column": 11 }, "end": { "line": 67, "column": 5 } }
          ],
          "line": 63
        },
        "8": {
          "loc": { "start": { "line": 63, "column": 15 }, "end": { "line": 63, "column": 78 } },
          "type": "binary-expr",
          "locations": [
            { "start": { "line": 63, "column": 15 }, "end": { "line": 63, "column": 36 } },
            { "start": { "line": 63, "column": 40 }, "end": { "line": 63, "column": 78 } }
          ],
          "line": 63
        },
        "9": {
          "loc": { "start": { "line": 104, "column": 13 }, "end": { "line": 117, "column": 16 } },
          "type": "binary-expr",
          "locations": [
            { "start": { "line": 104, "column": 13 }, "end": { "line": 104, "column": 24 } },
            { "start": { "line": 105, "column": 14 }, "end": { "line": 117, "column": 16 } }
          ],
          "line": 104
        },
        "10": {
          "loc": { "start": { "line": 107, "column": 29 }, "end": { "line": 107, "column": 52 } },
          "type": "binary-expr",
          "locations": [
            { "start": { "line": 107, "column": 29 }, "end": { "line": 107, "column": 46 } },
            { "start": { "line": 107, "column": 50 }, "end": { "line": 107, "column": 52 } }
          ],
          "line": 107
        },
        "11": {
          "loc": { "start": { "line": 121, "column": 11 }, "end": { "line": 132, "column": 14 } },
          "type": "binary-expr",
          "locations": [
            { "start": { "line": 121, "column": 11 }, "end": { "line": 121, "column": 22 } },
            { "start": { "line": 122, "column": 12 }, "end": { "line": 132, "column": 14 } }
          ],
          "line": 121
        },
        "12": {
          "loc": { "start": { "line": 124, "column": 27 }, "end": { "line": 124, "column": 52 } },
          "type": "binary-expr",
          "locations": [
            { "start": { "line": 124, "column": 27 }, "end": { "line": 124, "column": 46 } },
            { "start": { "line": 124, "column": 50 }, "end": { "line": 124, "column": 52 } }
          ],
          "line": 124
        }
      },
      "s": {
        "0": 3,
        "1": 3,
        "2": 3,
        "3": 3,
        "4": 3,
        "5": 1,
        "6": 1,
        "7": 1,
        "8": 1,
        "9": 3,
        "10": 1,
        "11": 1,
        "12": 1,
        "13": 0,
        "14": 1,
        "15": 3,
        "16": 0,
        "17": 0,
        "18": 0,
        "19": 0,
        "20": 0,
        "21": 0,
        "22": 0,
        "23": 0,
        "24": 0,
        "25": 0,
        "26": 0,
        "27": 4,
        "28": 4,
        "29": 4,
        "30": 4,
        "31": 8,
        "32": 8,
        "33": 1
      },
      "f": { "0": 3, "1": 3, "2": 1, "3": 1, "4": 0, "5": 4, "6": 8, "7": 8 },
      "b": {
        "0": [3, 3],
        "1": [1, 0],
        "2": [0, 1],
        "3": [0, 0],
        "4": [0, 0],
        "5": [0, 0],
        "6": [0, 0],
        "7": [0, 0],
        "8": [0, 0],
        "9": [4, 4],
        "10": [8, 8],
        "11": [4, 4],
        "12": [8, 8]
      },
      "_coverageSchema": "43e27e138ebf9cfc5966b082cf9a028302ed4184",
      "hash": "272a595c28dad2ab646e5e1fbd65b157e5b5d5f6"
    },
    "C:\\Users\\ritgupta5\\Desktop\\task\\atomic-react-components\\lib\\components\\molecules\\Tabs\\Tabs.style.js": {
      "path": "C:\\Users\\ritgupta5\\Desktop\\task\\atomic-react-components\\lib\\components\\molecules\\Tabs\\Tabs.style.js",
      "statementMap": {
        "0": { "start": { "line": 4, "column": 14 }, "end": { "line": 4, "column": 95 } },
        "1": { "start": { "line": 6, "column": 4 }, "end": { "line": 6, "column": 94 } },
        "2": { "start": { "line": 7, "column": 14 }, "end": { "line": 7, "column": 64 } }
      },
      "fnMap": {
        "0": {
          "name": "(anonymous_0)",
          "decl": { "start": { "line": 4, "column": 4 }, "end": { "line": 4, "column": 5 } },
          "loc": { "start": { "line": 4, "column": 14 }, "end": { "line": 4, "column": 95 } },
          "line": 4
        },
        "1": {
          "name": "(anonymous_1)",
          "decl": { "start": { "line": 5, "column": 4 }, "end": { "line": 5, "column": 5 } },
          "loc": { "start": { "line": 6, "column": 4 }, "end": { "line": 6, "column": 94 } },
          "line": 6
        },
        "2": {
          "name": "(anonymous_2)",
          "decl": { "start": { "line": 7, "column": 4 }, "end": { "line": 7, "column": 5 } },
          "loc": { "start": { "line": 7, "column": 14 }, "end": { "line": 7, "column": 64 } },
          "line": 7
        }
      },
      "branchMap": {
        "0": {
          "loc": { "start": { "line": 4, "column": 14 }, "end": { "line": 4, "column": 95 } },
          "type": "cond-expr",
          "locations": [
            { "start": { "line": 4, "column": 38 }, "end": { "line": 4, "column": 90 } },
            { "start": { "line": 4, "column": 93 }, "end": { "line": 4, "column": 95 } }
          ],
          "line": 4
        },
        "1": {
          "loc": { "start": { "line": 6, "column": 4 }, "end": { "line": 6, "column": 94 } },
          "type": "cond-expr",
          "locations": [
            { "start": { "line": 6, "column": 27 }, "end": { "line": 6, "column": 89 } },
            { "start": { "line": 6, "column": 92 }, "end": { "line": 6, "column": 94 } }
          ],
          "line": 6
        },
        "2": {
          "loc": { "start": { "line": 7, "column": 14 }, "end": { "line": 7, "column": 64 } },
          "type": "cond-expr",
          "locations": [
            { "start": { "line": 7, "column": 38 }, "end": { "line": 7, "column": 59 } },
            { "start": { "line": 7, "column": 62 }, "end": { "line": 7, "column": 64 } }
          ],
          "line": 7
        }
      },
      "s": { "0": 0, "1": 0, "2": 0 },
      "f": { "0": 0, "1": 0, "2": 0 },
      "b": { "0": [0, 0], "1": [0, 0], "2": [0, 0] },
      "_coverageSchema": "43e27e138ebf9cfc5966b082cf9a028302ed4184",
      "hash": "df8606abd402d4d6b358676507e79f1ca63af96e"
    },
    "C:\\Users\\ritgupta5\\Desktop\\task\\atomic-react-components\\lib\\components\\molecules\\Tabs\\Tab\\index.js": {
      "path": "C:\\Users\\ritgupta5\\Desktop\\task\\atomic-react-components\\lib\\components\\molecules\\Tabs\\Tab\\index.js",
      "statementMap": {},
      "fnMap": {},
      "branchMap": {},
      "s": {},
      "f": {},
      "b": {},
      "_coverageSchema": "43e27e138ebf9cfc5966b082cf9a028302ed4184",
      "hash": "f7639d42f7b887b48a187c0f53f1dfb437f80eda"
    },
    "C:\\Users\\ritgupta5\\Desktop\\task\\atomic-react-components\\lib\\components\\molecules\\Tabs\\Tab\\Tab.js": {
      "path": "C:\\Users\\ritgupta5\\Desktop\\task\\atomic-react-components\\lib\\components\\molecules\\Tabs\\Tab\\Tab.js",
      "statementMap": {
        "0": { "start": { "line": 27, "column": 12 }, "end": { "line": 55, "column": 1 } },
        "1": { "start": { "line": 40, "column": 2 }, "end": { "line": 54, "column": 7 } },
        "2": { "start": { "line": 46, "column": 18 }, "end": { "line": 46, "column": 35 } },
        "3": { "start": { "line": 47, "column": 20 }, "end": { "line": 47, "column": 32 } },
        "4": { "start": { "line": 57, "column": 0 }, "end": { "line": 61, "column": 2 } }
      },
      "fnMap": {
        "0": {
          "name": "(anonymous_0)",
          "decl": { "start": { "line": 27, "column": 12 }, "end": { "line": 27, "column": 13 } },
          "loc": { "start": { "line": 40, "column": 2 }, "end": { "line": 54, "column": 7 } },
          "line": 40
        },
        "1": {
          "name": "(anonymous_1)",
          "decl": { "start": { "line": 46, "column": 13 }, "end": { "line": 46, "column": 14 } },
          "loc": { "start": { "line": 46, "column": 18 }, "end": { "line": 46, "column": 35 } },
          "line": 46
        },
        "2": {
          "name": "(anonymous_2)",
          "decl": { "start": { "line": 47, "column": 15 }, "end": { "line": 47, "column": 16 } },
          "loc": { "start": { "line": 47, "column": 20 }, "end": { "line": 47, "column": 32 } },
          "line": 47
        }
      },
      "branchMap": {
        "0": {
          "loc": { "start": { "line": 48, "column": 14 }, "end": { "line": 48, "column": 33 } },
          "type": "cond-expr",
          "locations": [
            { "start": { "line": 48, "column": 27 }, "end": { "line": 48, "column": 28 } },
            { "start": { "line": 48, "column": 31 }, "end": { "line": 48, "column": 33 } }
          ],
          "line": 48
        }
      },
      "s": { "0": 2, "1": 7, "2": 1, "3": 0, "4": 2 },
      "f": { "0": 7, "1": 1, "2": 0 },
      "b": { "0": [3, 4] },
      "_coverageSchema": "43e27e138ebf9cfc5966b082cf9a028302ed4184",
      "hash": "0d19a4013fbf1da837c2628da1e40d85cfccc65f"
    },
    "C:\\Users\\ritgupta5\\Desktop\\task\\atomic-react-components\\lib\\components\\molecules\\Tabs\\Tab\\Tab.style.js": {
      "path": "C:\\Users\\ritgupta5\\Desktop\\task\\atomic-react-components\\lib\\components\\molecules\\Tabs\\Tab\\Tab.style.js",
      "statementMap": {
        "0": { "start": { "line": 5, "column": 31 }, "end": { "line": 5, "column": 63 } },
        "1": { "start": { "line": 6, "column": 14 }, "end": { "line": 6, "column": 97 } },
        "2": { "start": { "line": 7, "column": 14 }, "end": { "line": 7, "column": 64 } }
      },
      "fnMap": {
        "0": {
          "name": "(anonymous_0)",
          "decl": { "start": { "line": 5, "column": 22 }, "end": { "line": 5, "column": 23 } },
          "loc": { "start": { "line": 5, "column": 31 }, "end": { "line": 5, "column": 63 } },
          "line": 5
        },
        "1": {
          "name": "(anonymous_1)",
          "decl": { "start": { "line": 6, "column": 4 }, "end": { "line": 6, "column": 5 } },
          "loc": { "start": { "line": 6, "column": 14 }, "end": { "line": 6, "column": 97 } },
          "line": 6
        },
        "2": {
          "name": "(anonymous_2)",
          "decl": { "start": { "line": 7, "column": 4 }, "end": { "line": 7, "column": 5 } },
          "loc": { "start": { "line": 7, "column": 14 }, "end": { "line": 7, "column": 64 } },
          "line": 7
        }
      },
      "branchMap": {
        "0": {
          "loc": { "start": { "line": 6, "column": 14 }, "end": { "line": 6, "column": 97 } },
          "type": "cond-expr",
          "locations": [
            { "start": { "line": 6, "column": 33 }, "end": { "line": 6, "column": 92 } },
            { "start": { "line": 6, "column": 95 }, "end": { "line": 6, "column": 97 } }
          ],
          "line": 6
        },
        "1": {
          "loc": { "start": { "line": 7, "column": 14 }, "end": { "line": 7, "column": 64 } },
          "type": "cond-expr",
          "locations": [
            { "start": { "line": 7, "column": 38 }, "end": { "line": 7, "column": 59 } },
            { "start": { "line": 7, "column": 62 }, "end": { "line": 7, "column": 64 } }
          ],
          "line": 7
        }
      },
      "s": { "0": 6, "1": 6, "2": 6 },
      "f": { "0": 6, "1": 6, "2": 6 },
      "b": { "0": [3, 3], "1": [0, 6] },
      "_coverageSchema": "43e27e138ebf9cfc5966b082cf9a028302ed4184",
      "hash": "040f4f5569a7b7d1a1c345014699ddcd98bccfe5"
    },
    "C:\\Users\\ritgupta5\\Desktop\\task\\atomic-react-components\\lib\\components\\atoms\\Anchor\\index.js": {
      "path": "C:\\Users\\ritgupta5\\Desktop\\task\\atomic-react-components\\lib\\components\\atoms\\Anchor\\index.js",
      "statementMap": {},
      "fnMap": {},
      "branchMap": {},
      "s": {},
      "f": {},
      "b": {},
      "_coverageSchema": "43e27e138ebf9cfc5966b082cf9a028302ed4184",
      "hash": "66d3897d94dbd3c2f3ebac7197b210da3ae8fe81"
    },
    "C:\\Users\\ritgupta5\\Desktop\\task\\atomic-react-components\\lib\\components\\atoms\\Anchor\\Anchor.js": {
      "path": "C:\\Users\\ritgupta5\\Desktop\\task\\atomic-react-components\\lib\\components\\atoms\\Anchor\\Anchor.js",
      "statementMap": {
        "0": { "start": { "line": 25, "column": 15 }, "end": { "line": 50, "column": 1 } },
        "1": { "start": { "line": 40, "column": 2 }, "end": { "line": 49, "column": 6 } },
        "2": { "start": { "line": 52, "column": 0 }, "end": { "line": 63, "column": 2 } }
      },
      "fnMap": {
        "0": {
          "name": "(anonymous_0)",
          "decl": { "start": { "line": 25, "column": 15 }, "end": { "line": 25, "column": 16 } },
          "loc": { "start": { "line": 40, "column": 2 }, "end": { "line": 49, "column": 6 } },
          "line": 40
        },
        "1": {
          "name": "(anonymous_1)",
          "decl": { "start": { "line": 61, "column": 19 }, "end": { "line": 61, "column": 20 } },
          "loc": { "start": { "line": 61, "column": 25 }, "end": { "line": 61, "column": 27 } },
          "line": 61
        }
      },
      "branchMap": {
        "0": {
          "loc": { "start": { "line": 45, "column": 18 }, "end": { "line": 45, "column": 76 } },
          "type": "binary-expr",
          "locations": [
            { "start": { "line": 45, "column": 18 }, "end": { "line": 45, "column": 32 } },
            { "start": { "line": 45, "column": 36 }, "end": { "line": 45, "column": 76 } }
          ],
          "line": 45
        }
      },
      "s": { "0": 5, "1": 9, "2": 5 },
      "f": { "0": 9, "1": 0 },
      "b": { "0": [9, 8] },
      "_coverageSchema": "43e27e138ebf9cfc5966b082cf9a028302ed4184",
      "hash": "d7d387c5bd75bbb1595242744b8294b5c610ebb3"
    },
    "C:\\Users\\ritgupta5\\Desktop\\task\\atomic-react-components\\lib\\core\\utils\\url.js": {
      "path": "C:\\Users\\ritgupta5\\Desktop\\task\\atomic-react-components\\lib\\core\\utils\\url.js",
      "statementMap": {
        "0": { "start": { "line": 1, "column": 37 }, "end": { "line": 8, "column": 1 } },
        "1": { "start": { "line": 2, "column": 22 }, "end": { "line": 2, "column": 24 } },
        "2": { "start": { "line": 3, "column": 15 }, "end": { "line": 3, "column": 33 } },
        "3": { "start": { "line": 4, "column": 2 }, "end": { "line": 6, "column": 3 } },
        "4": { "start": { "line": 4, "column": 15 }, "end": { "line": 4, "column": 16 } },
        "5": { "start": { "line": 4, "column": 22 }, "end": { "line": 4, "column": 33 } },
        "6": { "start": { "line": 5, "column": 4 }, "end": { "line": 5, "column": 53 } },
        "7": { "start": { "line": 7, "column": 2 }, "end": { "line": 7, "column": 31 } },
        "8": { "start": { "line": 10, "column": 24 }, "end": { "line": 20, "column": 1 } },
        "9": { "start": { "line": 11, "column": 2 }, "end": { "line": 18, "column": 3 } },
        "10": { "start": { "line": 12, "column": 32 }, "end": { "line": 12, "column": 39 } },
        "11": { "start": { "line": 13, "column": 14 }, "end": { "line": 13, "column": 22 } },
        "12": { "start": { "line": 14, "column": 4 }, "end": { "line": 16, "column": 5 } },
        "13": { "start": { "line": 15, "column": 6 }, "end": { "line": 15, "column": 48 } },
        "14": { "start": { "line": 17, "column": 4 }, "end": { "line": 17, "column": 15 } },
        "15": { "start": { "line": 19, "column": 2 }, "end": { "line": 19, "column": 17 } }
      },
      "fnMap": {
        "0": {
          "name": "(anonymous_0)",
          "decl": { "start": { "line": 1, "column": 37 }, "end": { "line": 1, "column": 38 } },
          "loc": { "start": { "line": 1, "column": 53 }, "end": { "line": 8, "column": 1 } },
          "line": 1
        },
        "1": {
          "name": "(anonymous_1)",
          "decl": { "start": { "line": 10, "column": 24 }, "end": { "line": 10, "column": 25 } },
          "loc": { "start": { "line": 10, "column": 35 }, "end": { "line": 20, "column": 1 } },
          "line": 10
        }
      },
      "branchMap": {
        "0": {
          "loc": { "start": { "line": 1, "column": 38 }, "end": { "line": 1, "column": 48 } },
          "type": "default-arg",
          "locations": [
            { "start": { "line": 1, "column": 46 }, "end": { "line": 1, "column": 48 } }
          ],
          "line": 1
        },
        "1": {
          "loc": { "start": { "line": 11, "column": 2 }, "end": { "line": 18, "column": 3 } },
          "type": "if",
          "locations": [
            { "start": { "line": 11, "column": 2 }, "end": { "line": 18, "column": 3 } },
            { "start": { "line": 11, "column": 2 }, "end": { "line": 18, "column": 3 } }
          ],
          "line": 11
        },
        "2": {
          "loc": { "start": { "line": 14, "column": 4 }, "end": { "line": 16, "column": 5 } },
          "type": "if",
          "locations": [
            { "start": { "line": 14, "column": 4 }, "end": { "line": 16, "column": 5 } },
            { "start": { "line": 14, "column": 4 }, "end": { "line": 16, "column": 5 } }
          ],
          "line": 14
        }
      },
      "s": {
        "0": 5,
        "1": 0,
        "2": 0,
        "3": 0,
        "4": 0,
        "5": 0,
        "6": 0,
        "7": 0,
        "8": 5,
        "9": 9,
        "10": 0,
        "11": 0,
        "12": 0,
        "13": 0,
        "14": 0,
        "15": 9
      },
      "f": { "0": 0, "1": 9 },
      "b": { "0": [0], "1": [0, 9], "2": [0, 0] },
      "_coverageSchema": "43e27e138ebf9cfc5966b082cf9a028302ed4184",
      "hash": "efa014c9b6cefbfaad17771d5a49dd8850a91866"
    },
    "C:\\Users\\ritgupta5\\Desktop\\task\\atomic-react-components\\lib\\core\\utils\\elementLocator.js": {
      "path": "C:\\Users\\ritgupta5\\Desktop\\task\\atomic-react-components\\lib\\core\\utils\\elementLocator.js",
      "statementMap": {
        "0": { "start": { "line": 4, "column": 36 }, "end": { "line": 20, "column": 1 } },
        "1": { "start": { "line": 5, "column": 14 }, "end": { "line": 5, "column": 16 } },
        "2": { "start": { "line": 7, "column": 2 }, "end": { "line": 18, "column": 5 } },
        "3": { "start": { "line": 8, "column": 24 }, "end": { "line": 8, "column": 29 } },
        "4": { "start": { "line": 10, "column": 4 }, "end": { "line": 16, "column": 5 } },
        "5": { "start": { "line": 11, "column": 6 }, "end": { "line": 15, "column": 9 } },
        "6": { "start": { "line": 12, "column": 8 }, "end": { "line": 12, "column": 78 } },
        "7": { "start": { "line": 13, "column": 8 }, "end": { "line": 13, "column": 51 } },
        "8": { "start": { "line": 13, "column": 30 }, "end": { "line": 13, "column": 51 } },
        "9": { "start": { "line": 14, "column": 8 }, "end": { "line": 14, "column": 29 } },
        "10": { "start": { "line": 17, "column": 4 }, "end": { "line": 17, "column": 45 } },
        "11": { "start": { "line": 19, "column": 2 }, "end": { "line": 19, "column": 29 } }
      },
      "fnMap": {
        "0": {
          "name": "(anonymous_0)",
          "decl": { "start": { "line": 4, "column": 36 }, "end": { "line": 4, "column": 37 } },
          "loc": { "start": { "line": 4, "column": 48 }, "end": { "line": 20, "column": 1 } },
          "line": 4
        },
        "1": {
          "name": "(anonymous_1)",
          "decl": { "start": { "line": 7, "column": 34 }, "end": { "line": 7, "column": 35 } },
          "loc": { "start": { "line": 7, "column": 57 }, "end": { "line": 18, "column": 3 } },
          "line": 7
        },
        "2": {
          "name": "(anonymous_2)",
          "decl": { "start": { "line": 11, "column": 28 }, "end": { "line": 11, "column": 29 } },
          "loc": { "start": { "line": 11, "column": 51 }, "end": { "line": 15, "column": 7 } },
          "line": 11
        }
      },
      "branchMap": {
        "0": {
          "loc": { "start": { "line": 10, "column": 4 }, "end": { "line": 16, "column": 5 } },
          "type": "if",
          "locations": [
            { "start": { "line": 10, "column": 4 }, "end": { "line": 16, "column": 5 } },
            { "start": { "line": 10, "column": 4 }, "end": { "line": 16, "column": 5 } }
          ],
          "line": 10
        },
        "1": {
          "loc": { "start": { "line": 12, "column": 20 }, "end": { "line": 12, "column": 67 } },
          "type": "cond-expr",
          "locations": [
            { "start": { "line": 12, "column": 59 }, "end": { "line": 12, "column": 61 } },
            { "start": { "line": 12, "column": 64 }, "end": { "line": 12, "column": 67 } }
          ],
          "line": 12
        },
        "2": {
          "loc": { "start": { "line": 12, "column": 20 }, "end": { "line": 12, "column": 56 } },
          "type": "binary-expr",
          "locations": [
            { "start": { "line": 12, "column": 20 }, "end": { "line": 12, "column": 36 } },
            { "start": { "line": 12, "column": 40 }, "end": { "line": 12, "column": 56 } }
          ],
          "line": 12
        },
        "3": {
          "loc": { "start": { "line": 13, "column": 8 }, "end": { "line": 13, "column": 51 } },
          "type": "if",
          "locations": [
            { "start": { "line": 13, "column": 8 }, "end": { "line": 13, "column": 51 } },
            { "start": { "line": 13, "column": 8 }, "end": { "line": 13, "column": 51 } }
          ],
          "line": 13
        },
        "4": {
          "loc": { "start": { "line": 17, "column": 11 }, "end": { "line": 17, "column": 44 } },
          "type": "binary-expr",
          "locations": [
            { "start": { "line": 17, "column": 11 }, "end": { "line": 17, "column": 24 } },
            { "start": { "line": 17, "column": 28 }, "end": { "line": 17, "column": 44 } }
          ],
          "line": 17
        }
      },
      "s": {
        "0": 17,
        "1": 26,
        "2": 26,
        "3": 25,
        "4": 25,
        "5": 25,
        "6": 38,
        "7": 38,
        "8": 13,
        "9": 38,
        "10": 25,
        "11": 26
      },
      "f": { "0": 26, "1": 25, "2": 38 },
      "b": { "0": [25, 0], "1": [25, 13], "2": [38, 38], "3": [13, 25], "4": [25, 12] },
      "_coverageSchema": "43e27e138ebf9cfc5966b082cf9a028302ed4184",
      "hash": "0db2c000de365a4c236aeb520941eecc0e0d6d5e"
    },
    "C:\\Users\\ritgupta5\\Desktop\\task\\atomic-react-components\\lib\\components\\atoms\\Anchor\\Anchor.style.js": {
      "path": "C:\\Users\\ritgupta5\\Desktop\\task\\atomic-react-components\\lib\\components\\atoms\\Anchor\\Anchor.style.js",
      "statementMap": {
        "0": { "start": { "line": 5, "column": 13 }, "end": { "line": 5, "column": 50 } },
        "1": { "start": { "line": 6, "column": 13 }, "end": { "line": 6, "column": 44 } },
        "2": { "start": { "line": 7, "column": 13 }, "end": { "line": 7, "column": 45 } },
        "3": { "start": { "line": 9, "column": 15 }, "end": { "line": 9, "column": 45 } },
        "4": { "start": { "line": 14, "column": 14 }, "end": { "line": 14, "column": 64 } }
      },
      "fnMap": {
        "0": {
          "name": "(anonymous_0)",
          "decl": { "start": { "line": 5, "column": 4 }, "end": { "line": 5, "column": 5 } },
          "loc": { "start": { "line": 5, "column": 13 }, "end": { "line": 5, "column": 50 } },
          "line": 5
        },
        "1": {
          "name": "(anonymous_1)",
          "decl": { "start": { "line": 6, "column": 4 }, "end": { "line": 6, "column": 5 } },
          "loc": { "start": { "line": 6, "column": 13 }, "end": { "line": 6, "column": 44 } },
          "line": 6
        },
        "2": {
          "name": "(anonymous_2)",
          "decl": { "start": { "line": 7, "column": 4 }, "end": { "line": 7, "column": 5 } },
          "loc": { "start": { "line": 7, "column": 13 }, "end": { "line": 7, "column": 45 } },
          "line": 7
        },
        "3": {
          "name": "(anonymous_3)",
          "decl": { "start": { "line": 9, "column": 6 }, "end": { "line": 9, "column": 7 } },
          "loc": { "start": { "line": 9, "column": 15 }, "end": { "line": 9, "column": 45 } },
          "line": 9
        },
        "4": {
          "name": "(anonymous_4)",
          "decl": { "start": { "line": 14, "column": 4 }, "end": { "line": 14, "column": 5 } },
          "loc": { "start": { "line": 14, "column": 14 }, "end": { "line": 14, "column": 64 } },
          "line": 14
        }
      },
      "branchMap": {
        "0": {
          "loc": { "start": { "line": 14, "column": 14 }, "end": { "line": 14, "column": 64 } },
          "type": "cond-expr",
          "locations": [
            { "start": { "line": 14, "column": 38 }, "end": { "line": 14, "column": 59 } },
            { "start": { "line": 14, "column": 62 }, "end": { "line": 14, "column": 64 } }
          ],
          "line": 14
        }
      },
      "s": { "0": 6, "1": 6, "2": 6, "3": 6, "4": 6 },
      "f": { "0": 6, "1": 6, "2": 6, "3": 6, "4": 6 },
      "b": { "0": [0, 6] },
      "_coverageSchema": "43e27e138ebf9cfc5966b082cf9a028302ed4184",
      "hash": "0614e98826d5459482193e0a70397a1f00bf5773"
    },
    "C:\\Users\\ritgupta5\\Desktop\\task\\atomic-react-components\\lib\\components\\molecules\\Tabs\\TabPanel\\index.js": {
      "path": "C:\\Users\\ritgupta5\\Desktop\\task\\atomic-react-components\\lib\\components\\molecules\\Tabs\\TabPanel\\index.js",
      "statementMap": {},
      "fnMap": {},
      "branchMap": {},
      "s": {},
      "f": {},
      "b": {},
      "_coverageSchema": "43e27e138ebf9cfc5966b082cf9a028302ed4184",
      "hash": "e99a8cf2d44526170b60ce9f5ff704a940d67b25"
    },
    "C:\\Users\\ritgupta5\\Desktop\\task\\atomic-react-components\\lib\\components\\molecules\\Tabs\\TabPanel\\TabPanel.js": {
      "path": "C:\\Users\\ritgupta5\\Desktop\\task\\atomic-react-components\\lib\\components\\molecules\\Tabs\\TabPanel\\TabPanel.js",
      "statementMap": {
        "0": { "start": { "line": 22, "column": 17 }, "end": { "line": 43, "column": 1 } },
        "1": { "start": { "line": 31, "column": 2 }, "end": { "line": 42, "column": 8 } },
        "2": { "start": { "line": 45, "column": 0 }, "end": { "line": 48, "column": 2 } }
      },
      "fnMap": {
        "0": {
          "name": "(anonymous_0)",
          "decl": { "start": { "line": 22, "column": 17 }, "end": { "line": 22, "column": 18 } },
          "loc": { "start": { "line": 31, "column": 2 }, "end": { "line": 42, "column": 8 } },
          "line": 31
        }
      },
      "branchMap": {},
      "s": { "0": 2, "1": 7, "2": 2 },
      "f": { "0": 7 },
      "b": {},
      "_coverageSchema": "43e27e138ebf9cfc5966b082cf9a028302ed4184",
      "hash": "90553095fb24953df258c20f937a352c8e208009"
    },
    "C:\\Users\\ritgupta5\\Desktop\\task\\atomic-react-components\\lib\\components\\molecules\\Tabs\\TabPanel\\TabPanel.style.js": {
      "path": "C:\\Users\\ritgupta5\\Desktop\\task\\atomic-react-components\\lib\\components\\molecules\\Tabs\\TabPanel\\TabPanel.style.js",
      "statementMap": {
        "0": { "start": { "line": 6, "column": 14 }, "end": { "line": 6, "column": 55 } },
        "1": { "start": { "line": 7, "column": 14 }, "end": { "line": 7, "column": 64 } }
      },
      "fnMap": {
        "0": {
          "name": "(anonymous_0)",
          "decl": { "start": { "line": 6, "column": 4 }, "end": { "line": 6, "column": 5 } },
          "loc": { "start": { "line": 6, "column": 14 }, "end": { "line": 6, "column": 55 } },
          "line": 6
        },
        "1": {
          "name": "(anonymous_1)",
          "decl": { "start": { "line": 7, "column": 4 }, "end": { "line": 7, "column": 5 } },
          "loc": { "start": { "line": 7, "column": 14 }, "end": { "line": 7, "column": 64 } },
          "line": 7
        }
      },
      "branchMap": {
        "0": {
          "loc": { "start": { "line": 6, "column": 14 }, "end": { "line": 6, "column": 55 } },
          "type": "cond-expr",
          "locations": [
            { "start": { "line": 6, "column": 33 }, "end": { "line": 6, "column": 50 } },
            { "start": { "line": 6, "column": 53 }, "end": { "line": 6, "column": 55 } }
          ],
          "line": 6
        },
        "1": {
          "loc": { "start": { "line": 7, "column": 14 }, "end": { "line": 7, "column": 64 } },
          "type": "cond-expr",
          "locations": [
            { "start": { "line": 7, "column": 38 }, "end": { "line": 7, "column": 59 } },
            { "start": { "line": 7, "column": 62 }, "end": { "line": 7, "column": 64 } }
          ],
          "line": 7
        }
      },
      "s": { "0": 6, "1": 6 },
      "f": { "0": 6, "1": 6 },
      "b": { "0": [3, 3], "1": [0, 6] },
      "_coverageSchema": "43e27e138ebf9cfc5966b082cf9a028302ed4184",
      "hash": "d8bd231f3679e96bdba291b199feb7152bb3d774"
    },
    "C:\\Users\\ritgupta5\\Desktop\\task\\atomic-react-components\\lib\\components\\molecules\\Tabs\\constants.js": {
      "path": "C:\\Users\\ritgupta5\\Desktop\\task\\atomic-react-components\\lib\\components\\molecules\\Tabs\\constants.js",
      "statementMap": {
        "0": { "start": { "line": 1, "column": 26 }, "end": { "line": 1, "column": 37 } },
        "1": { "start": { "line": 2, "column": 27 }, "end": { "line": 2, "column": 39 } }
      },
      "fnMap": {},
      "branchMap": {},
      "s": { "0": 1, "1": 1 },
      "f": {},
      "b": {},
      "_coverageSchema": "43e27e138ebf9cfc5966b082cf9a028302ed4184",
      "hash": "0b86d08ebe87f6191a38cd8314f0df02f26169a1"
    },
    "C:\\Users\\ritgupta5\\Desktop\\task\\atomic-react-components\\lib\\components\\molecules\\Popover\\index.js": {
      "path": "C:\\Users\\ritgupta5\\Desktop\\task\\atomic-react-components\\lib\\components\\molecules\\Popover\\index.js",
      "statementMap": {},
      "fnMap": {},
      "branchMap": {},
      "s": {},
      "f": {},
      "b": {},
      "_coverageSchema": "43e27e138ebf9cfc5966b082cf9a028302ed4184",
      "hash": "dedd6606e4a8010e406ce87fe22e7511a067c61f"
    },
    "C:\\Users\\ritgupta5\\Desktop\\task\\atomic-react-components\\lib\\components\\molecules\\Popover\\Popover.js": {
      "path": "C:\\Users\\ritgupta5\\Desktop\\task\\atomic-react-components\\lib\\components\\molecules\\Popover\\Popover.js",
      "statementMap": {
        "0": { "start": { "line": 20, "column": 51 }, "end": { "line": 20, "column": 62 } },
        "1": { "start": { "line": 23, "column": 4 }, "end": { "line": 23, "column": 17 } },
[...]
          ],
          "line": 30
        },
        "2": {
          "loc": { "start": { "line": 33, "column": 2 }, "end": { "line": 36, "column": 3 } },
          "type": "if",
          "locations": [
            { "start": { "line": 33, "column": 2 }, "end": { "line": 36, "column": 3 } },
            { "start": { "line": 33, "column": 2 }, "end": { "line": 36, "column": 3 } }
          ],
          "line": 33
        }
      },
      "s": {
        "0": 1,
        "1": 1,
        "2": 3,
        "3": 1,
        "4": 2,
        "5": 2,
        "6": 1,
        "7": 2,
        "8": 1,
        "9": 1,
        "10": 1,
        "11": 1
      },
      "f": { "0": 3, "1": 2 },
      "b": { "0": [1, 1], "1": [2, 1], "2": [1, 1] },
      "_coverageSchema": "43e27e138ebf9cfc5966b082cf9a028302ed4184",
      "hash": "48eb217bf514179fcccdeb30aa894c45e57ff6f9"
    },
    "C:\\Users\\ritgupta5\\Desktop\\task\\atomic-react-components\\lib\\components\\molecules\\ArticleThumbnail\\ArticleThumbnail.style.js": {
      "path": "C:\\Users\\ritgupta5\\Desktop\\task\\atomic-react-components\\lib\\components\\molecules\\ArticleThumbnail\\ArticleThumbnail.style.js",
      "statementMap": {
        "0": { "start": { "line": 3, "column": 15 }, "end": { "line": 8, "column": 1 } }
      },
      "fnMap": {},
      "branchMap": {},
      "s": { "0": 1 },
      "f": {},
      "b": {},
      "_coverageSchema": "43e27e138ebf9cfc5966b082cf9a028302ed4184",
      "hash": "d107f9055b86d1aa84982f6f69645003fe88e537"
    },
    "C:\\Users\\ritgupta5\\Desktop\\task\\atomic-react-components\\lib\\components\\molecules\\Breadcrumb\\index.js": {
      "path": "C:\\Users\\ritgupta5\\Desktop\\task\\atomic-react-components\\lib\\components\\molecules\\Breadcrumb\\index.js",
      "statementMap": {},
      "fnMap": {},
      "branchMap": {},
      "s": {},
      "f": {},
      "b": {},
      "_coverageSchema": "43e27e138ebf9cfc5966b082cf9a028302ed4184",
      "hash": "00a220a88125a80f9a8052c4912cdcfbacdd0884"
    },
    "C:\\Users\\ritgupta5\\Desktop\\task\\atomic-react-components\\lib\\components\\molecules\\Breadcrumb\\Breadcrumb.js": {
      "path": "C:\\Users\\ritgupta5\\Desktop\\task\\atomic-react-components\\lib\\components\\molecules\\Breadcrumb\\Breadcrumb.js",
      "statementMap": {
        "0": { "start": { "line": 15, "column": 19 }, "end": { "line": 30, "column": 1 } },
        "1": { "start": { "line": 16, "column": 2 }, "end": { "line": 29, "column": 8 } },
        "2": { "start": { "line": 20, "column": 10 }, "end": { "line": 26, "column": 15 } }
      },
      "fnMap": {
        "0": {
          "name": "(anonymous_0)",
          "decl": { "start": { "line": 15, "column": 19 }, "end": { "line": 15, "column": 20 } },
          "loc": { "start": { "line": 16, "column": 2 }, "end": { "line": 29, "column": 8 } },
          "line": 16
        },
        "1": {
          "name": "(anonymous_1)",
          "decl": { "start": { "line": 19, "column": 21 }, "end": { "line": 19, "column": 22 } },
          "loc": { "start": { "line": 20, "column": 10 }, "end": { "line": 26, "column": 15 } },
          "line": 20
        }
      },
      "branchMap": {
        "0": {
          "loc": { "start": { "line": 18, "column": 7 }, "end": { "line": 27, "column": 10 } },
          "type": "binary-expr",
          "locations": [
            { "start": { "line": 18, "column": 7 }, "end": { "line": 18, "column": 15 } },
            { "start": { "line": 19, "column": 8 }, "end": { "line": 27, "column": 10 } }
          ],
          "line": 18
        },
        "1": {
          "loc": { "start": { "line": 21, "column": 13 }, "end": { "line": 25, "column": 13 } },
          "type": "cond-expr",
          "locations": [
            { "start": { "line": 22, "column": 14 }, "end": { "line": 22, "column": 54 } },
            { "start": { "line": 24, "column": 14 }, "end": { "line": 24, "column": 34 } }
          ],
          "line": 21
        }
      },
      "s": { "0": 1, "1": 1, "2": 3 },
      "f": { "0": 1, "1": 3 },
      "b": { "0": [1, 1], "1": [1, 2] },
      "_coverageSchema": "43e27e138ebf9cfc5966b082cf9a028302ed4184",
      "hash": "08575a4744079fc01ea97cb2a9ad696dfcd17835"
    },
    "C:\\Users\\ritgupta5\\Desktop\\task\\atomic-react-components\\lib\\components\\molecules\\Breadcrumb\\Breadcrumb.style.js": {
      "path": "C:\\Users\\ritgupta5\\Desktop\\task\\atomic-react-components\\lib\\components\\molecules\\Breadcrumb\\Breadcrumb.style.js",
      "statementMap": {
        "0": { "start": { "line": 4, "column": 14 }, "end": { "line": 4, "column": 64 } }
      },
      "fnMap": {
        "0": {
          "name": "(anonymous_0)",
          "decl": { "start": { "line": 4, "column": 4 }, "end": { "line": 4, "column": 5 } },
          "loc": { "start": { "line": 4, "column": 14 }, "end": { "line": 4, "column": 64 } },
          "line": 4
        }
      },
      "branchMap": {
        "0": {
          "loc": { "start": { "line": 4, "column": 14 }, "end": { "line": 4, "column": 64 } },
          "type": "cond-expr",
          "locations": [
            { "start": { "line": 4, "column": 38 }, "end": { "line": 4, "column": 59 } },
            { "start": { "line": 4, "column": 62 }, "end": { "line": 4, "column": 64 } }
          ],
          "line": 4
        }
      },
      "s": { "0": 0 },
      "f": { "0": 0 },
      "b": { "0": [0, 0] },
      "_coverageSchema": "43e27e138ebf9cfc5966b082cf9a028302ed4184",
      "hash": "1c972843629dbef80d8d9a83604a324f39cbbb73"
    },
    "C:\\Users\\ritgupta5\\Desktop\\task\\atomic-react-components\\lib\\components\\atoms\\Heading\\index.js": {
      "path": "C:\\Users\\ritgupta5\\Desktop\\task\\atomic-react-components\\lib\\components\\atoms\\Heading\\index.js",
      "statementMap": {},
      "fnMap": {},
      "branchMap": {},
      "s": {},
      "f": {},
      "b": {},
      "_coverageSchema": "43e27e138ebf9cfc5966b082cf9a028302ed4184",
      "hash": "95c4ba00a53e63873e464cda209e4a8e4c8019be"
    },
    "C:\\Users\\ritgupta5\\Desktop\\task\\atomic-react-components\\lib\\components\\atoms\\Heading\\Heading.js": {
      "path": "C:\\Users\\ritgupta5\\Desktop\\task\\atomic-react-components\\lib\\components\\atoms\\Heading\\Heading.js",
      "statementMap": {
        "0": { "start": { "line": 17, "column": 16 }, "end": { "line": 32, "column": 1 } },
        "1": { "start": { "line": 25, "column": 2 }, "end": { "line": 31, "column": 16 } },
        "2": { "start": { "line": 34, "column": 0 }, "end": { "line": 38, "column": 2 } }
      },
      "fnMap": {
        "0": {
          "name": "(anonymous_0)",
          "decl": { "start": { "line": 17, "column": 16 }, "end": { "line": 17, "column": 17 } },
          "loc": { "start": { "line": 25, "column": 2 }, "end": { "line": 31, "column": 16 } },
          "line": 25
        }
      },
      "branchMap": {
        "0": {
          "loc": { "start": { "line": 20, "column": 2 }, "end": { "line": 20, "column": 20 } },
          "type": "default-arg",
          "locations": [
            { "start": { "line": 20, "column": 16 }, "end": { "line": 20, "column": 20 } }
          ],
          "line": 20
        },
        "1": {
          "loc": { "start": { "line": 27, "column": 18 }, "end": { "line": 27, "column": 94 } },
          "type": "binary-expr",
          "locations": [
            { "start": { "line": 27, "column": 18 }, "end": { "line": 27, "column": 32 } },
            { "start": { "line": 27, "column": 36 }, "end": { "line": 27, "column": 94 } }
          ],
          "line": 27
        }
      },
      "s": { "0": 1, "1": 3, "2": 1 },
      "f": { "0": 3 },
      "b": { "0": [0], "1": [3, 2] },
      "_coverageSchema": "43e27e138ebf9cfc5966b082cf9a028302ed4184",
      "hash": "765e7eb91b6091858a6e62b573a4076957743a39"
    },
    "C:\\Users\\ritgupta5\\Desktop\\task\\atomic-react-components\\lib\\components\\atoms\\Heading\\Heading.style.js": {
      "path": "C:\\Users\\ritgupta5\\Desktop\\task\\atomic-react-components\\lib\\components\\atoms\\Heading\\Heading.style.js",
      "statementMap": {
        "0": { "start": { "line": 5, "column": 4 }, "end": { "line": 16, "column": 5 } },
        "1": { "start": { "line": 7, "column": 8 }, "end": { "line": 7, "column": 46 } },
        "2": { "start": { "line": 9, "column": 8 }, "end": { "line": 9, "column": 46 } },
        "3": { "start": { "line": 11, "column": 8 }, "end": { "line": 11, "column": 46 } },
        "4": { "start": { "line": 13, "column": 8 }, "end": { "line": 13, "column": 46 } },
        "5": { "start": { "line": 15, "column": 8 }, "end": { "line": 15, "column": 51 } },
        "6": { "start": { "line": 18, "column": 14 }, "end": { "line": 18, "column": 64 } }
      },
      "fnMap": {
        "0": {
          "name": "(anonymous_0)",
          "decl": { "start": { "line": 4, "column": 4 }, "end": { "line": 4, "column": 5 } },
          "loc": { "start": { "line": 4, "column": 13 }, "end": { "line": 17, "column": 3 } },
          "line": 4
        },
        "1": {
          "name": "(anonymous_1)",
          "decl": { "start": { "line": 18, "column": 4 }, "end": { "line": 18, "column": 5 } },
          "loc": { "start": { "line": 18, "column": 14 }, "end": { "line": 18, "column": 64 } },
          "line": 18
        }
      },
      "branchMap": {
        "0": {
          "loc": { "start": { "line": 5, "column": 4 }, "end": { "line": 16, "column": 5 } },
          "type": "switch",
          "locations": [
            { "start": { "line": 6, "column": 6 }, "end": { "line": 7, "column": 46 } },
            { "start": { "line": 8, "column": 6 }, "end": { "line": 9, "column": 46 } },
            { "start": { "line": 10, "column": 6 }, "end": { "line": 11, "column": 46 } },
            { "start": { "line": 12, "column": 6 }, "end": { "line": 13, "column": 46 } },
            { "start": { "line": 14, "column": 6 }, "end": { "line": 15, "column": 51 } }
          ],
          "line": 5
        },
        "1": {
          "loc": { "start": { "line": 18, "column": 14 }, "end": { "line": 18, "column": 64 } },
          "type": "cond-expr",
          "locations": [
            { "start": { "line": 18, "column": 38 }, "end": { "line": 18, "column": 59 } },
            { "start": { "line": 18, "column": 62 }, "end": { "line": 18, "column": 64 } }
          ],
          "line": 18
        }
      },
      "s": { "0": 0, "1": 0, "2": 0, "3": 0, "4": 0, "5": 0, "6": 0 },
      "f": { "0": 0, "1": 0 },
      "b": { "0": [0, 0, 0, 0, 0], "1": [0, 0] },
      "_coverageSchema": "43e27e138ebf9cfc5966b082cf9a028302ed4184",
      "hash": "4c09a513cc94280f16c620a2f4aa8d78a601dd9b"
    },
    "C:\\Users\\ritgupta5\\Desktop\\task\\atomic-react-components\\lib\\components\\molecules\\Modal\\Modal.js": {
      "path": "C:\\Users\\ritgupta5\\Desktop\\task\\atomic-react-components\\lib\\components\\molecules\\Modal\\Modal.js",
      "statementMap": {
        "0": { "start": { "line": 54, "column": 14 }, "end": { "line": 102, "column": 1 } },
        "1": { "start": { "line": 78, "column": 2 }, "end": { "line": 101, "column": 4 } },
        "2": { "start": { "line": 104, "column": 0 }, "end": { "line": 125, "column": 2 } },
        "3": { "start": { "line": 121, "column": 24 }, "end": { "line": 121, "column": 49 } }
      },
      "fnMap": {
        "0": {
          "name": "(anonymous_0)",
          "decl": { "start": { "line": 54, "column": 14 }, "end": { "line": 54, "column": 15 } },
          "loc": { "start": { "line": 78, "column": 2 }, "end": { "line": 101, "column": 4 } },
          "line": 78
        },
        "1": {
          "name": "(anonymous_1)",
          "decl": { "start": { "line": 121, "column": 18 }, "end": { "line": 121, "column": 19 } },
          "loc": { "start": { "line": 121, "column": 24 }, "end": { "line": 121, "column": 49 } },
          "line": 121
        }
      },
      "branchMap": {
        "0": {
          "loc": { "start": { "line": 121, "column": 24 }, "end": { "line": 121, "column": 49 } },
          "type": "binary-expr",
          "locations": [
            { "start": { "line": 121, "column": 24 }, "end": { "line": 121, "column": 32 } },
            { "start": { "line": 121, "column": 36 }, "end": { "line": 121, "column": 49 } }
          ],
          "line": 121
        }
      },
      "s": { "0": 1, "1": 1, "2": 1, "3": 0 },
      "f": { "0": 1, "1": 0 },
      "b": { "0": [0, 0] },
      "_coverageSchema": "43e27e138ebf9cfc5966b082cf9a028302ed4184",
      "hash": "aeb81e086fe323addd73899ffb724a275feaea80"
    },
    "C:\\Users\\ritgupta5\\Desktop\\task\\atomic-react-components\\lib\\components\\molecules\\Modal\\Modal.style.js": {
      "path": "C:\\Users\\ritgupta5\\Desktop\\task\\atomic-react-components\\lib\\components\\molecules\\Modal\\Modal.style.js",
      "statementMap": {
        "0": { "start": { "line": 3, "column": 15 }, "end": { "line": 5, "column": 1 } },
        "1": { "start": { "line": 4, "column": 14 }, "end": { "line": 4, "column": 64 } }
      },
      "fnMap": {
        "0": {
          "name": "(anonymous_0)",
          "decl": { "start": { "line": 4, "column": 4 }, "end": { "line": 4, "column": 5 } },
          "loc": { "start": { "line": 4, "column": 14 }, "end": { "line": 4, "column": 64 } },
          "line": 4
        }
      },
      "branchMap": {
        "0": {
          "loc": { "start": { "line": 4, "column": 14 }, "end": { "line": 4, "column": 64 } },
          "type": "cond-expr",
          "locations": [
            { "start": { "line": 4, "column": 38 }, "end": { "line": 4, "column": 59 } },
            { "start": { "line": 4, "column": 62 }, "end": { "line": 4, "column": 64 } }
          ],
          "line": 4
        }
      },
      "s": { "0": 1, "1": 0 },
      "f": { "0": 0 },
      "b": { "0": [0, 0] },
      "_coverageSchema": "43e27e138ebf9cfc5966b082cf9a028302ed4184",
      "hash": "abcbdc96ec556990721d7496814aa59ae5fdac81"
    },
    "C:\\Users\\ritgupta5\\Desktop\\task\\atomic-react-components\\lib\\core\\utils\\getDisplayName.js": {
      "path": "C:\\Users\\ritgupta5\\Desktop\\task\\atomic-react-components\\lib\\core\\utils\\getDisplayName.js",
      "statementMap": {
        "0": { "start": { "line": 1, "column": 30 }, "end": { "line": 3, "column": 1 } },
        "1": { "start": { "line": 2, "column": 2 }, "end": { "line": 2, "column": 78 } }
      },
      "fnMap": {
        "0": {
          "name": "(anonymous_0)",
          "decl": { "start": { "line": 1, "column": 30 }, "end": { "line": 1, "column": 31 } },
          "loc": { "start": { "line": 1, "column": 50 }, "end": { "line": 3, "column": 1 } },
          "line": 1
        }
      },
      "branchMap": {
        "0": {
          "loc": { "start": { "line": 2, "column": 9 }, "end": { "line": 2, "column": 77 } },
          "type": "binary-expr",
          "locations": [
            { "start": { "line": 2, "column": 9 }, "end": { "line": 2, "column": 37 } },
            { "start": { "line": 2, "column": 41 }, "end": { "line": 2, "column": 62 } },
            { "start": { "line": 2, "column": 66 }, "end": { "line": 2, "column": 77 } }
          ],
          "line": 2
        }
      },
      "s": { "0": 0, "1": 0 },
      "f": { "0": 0 },
      "b": { "0": [0, 0, 0] },
      "hash": "0dbf815477584f9c32fb3a436342d34ed9deb4f2"
    },
    "C:\\Users\\ritgupta5\\Desktop\\task\\atomic-react-components\\lib\\components\\molecules\\Tabs\\types\\index.js": {
      "path": "C:\\Users\\ritgupta5\\Desktop\\task\\atomic-react-components\\lib\\components\\molecules\\Tabs\\types\\index.js",
      "statementMap": {},
      "fnMap": {},
      "branchMap": {},
      "s": {},
      "f": {},
      "b": {},
      "hash": "6fcb62c862f798b07b0fd911e282659a6bfa4e7c"
    },
    "C:\\Users\\ritgupta5\\Desktop\\task\\atomic-react-components\\lib\\components\\atoms\\Track\\types\\index.js": {
      "path": "C:\\Users\\ritgupta5\\Desktop\\task\\atomic-react-components\\lib\\components\\atoms\\Track\\types\\index.js",
      "statementMap": {},
      "fnMap": {},
      "branchMap": {},
      "s": {},
      "f": {},
      "b": {},
      "hash": "4607c91147f73c1f8e8374c1f1db17f82582533e"
    },
    "C:\\Users\\ritgupta5\\Desktop\\task\\atomic-react-components\\lib\\components\\atoms\\Video\\types\\index.js": {
      "path": "C:\\Users\\ritgupta5\\Desktop\\task\\atomic-react-components\\lib\\components\\atoms\\Video\\types\\index.js",
      "statementMap": {},
      "fnMap": {},
      "branchMap": {},
      "s": {},
      "f": {},
      "b": {},
      "hash": "f6023a0972f5538364b808ca6e932ba97c917fe8"
    },
    "C:\\Users\\ritgupta5\\Desktop\\task\\atomic-react-components\\lib\\components\\molecules\\Modal\\index.js": {
      "path": "C:\\Users\\ritgupta5\\Desktop\\task\\atomic-react-components\\lib\\components\\molecules\\Modal\\index.js",
      "statementMap": {},
      "fnMap": {},
      "branchMap": {},
      "s": {},
      "f": {},
      "b": {},
      "hash": "db8bf1cc4676e49dea51978a4febda27da0479e2"
    },
    "C:\\Users\\ritgupta5\\Desktop\\task\\atomic-react-components\\lib\\components\\atoms\\Image\\index.js": {
      "path": "C:\\Users\\ritgupta5\\Desktop\\task\\atomic-react-components\\lib\\components\\atoms\\Image\\index.js",
      "statementMap": {},
      "fnMap": {},
      "branchMap": {},
      "s": {},
      "f": {},
      "b": {},
      "hash": "525a64f68caa0c4e7720a549c89bda25d629fc5f"
    },
    "C:\\Users\\ritgupta5\\Desktop\\task\\atomic-react-components\\lib\\components\\atoms\\Track\\Track.style.js": {
      "path": "C:\\Users\\ritgupta5\\Desktop\\task\\atomic-react-components\\lib\\components\\atoms\\Track\\Track.style.js",
      "statementMap": {
        "0": { "start": { "line": 4, "column": 14 }, "end": { "line": 4, "column": 64 } }
      },
      "fnMap": {
        "0": {
          "name": "(anonymous_0)",
          "decl": { "start": { "line": 4, "column": 4 }, "end": { "line": 4, "column": 5 } },
          "loc": { "start": { "line": 4, "column": 14 }, "end": { "line": 4, "column": 64 } },
          "line": 4
        }
      },
      "branchMap": {
        "0": {
          "loc": { "start": { "line": 4, "column": 14 }, "end": { "line": 4, "column": 64 } },
          "type": "cond-expr",
          "locations": [
            { "start": { "line": 4, "column": 38 }, "end": { "line": 4, "column": 59 } },
            { "start": { "line": 4, "column": 62 }, "end": { "line": 4, "column": 64 } }
          ],
          "line": 4
        }
      },
      "s": { "0": 0 },
      "f": { "0": 0 },
      "b": { "0": [0, 0] },
      "hash": "404ad47e751b6d1055dcd9b1974227756f9b90e8"
    },
    "C:\\Users\\ritgupta5\\Desktop\\task\\atomic-react-components\\lib\\components\\molecules\\Breadcrumb\\types\\index.js": {
      "path": "C:\\Users\\ritgupta5\\Desktop\\task\\atomic-react-components\\lib\\components\\molecules\\Breadcrumb\\types\\index.js",
      "statementMap": {},
      "fnMap": {},
      "branchMap": {},
      "s": {},
      "f": {},
      "b": {},
      "hash": "7b41fc6ef45f162b7b4bd91957b714d621d4decf"
    },
    "C:\\Users\\ritgupta5\\Desktop\\task\\atomic-react-components\\lib\\components\\molecules\\ArticleThumbnail\\types\\index.js": {
      "path": "C:\\Users\\ritgupta5\\Desktop\\task\\atomic-react-components\\lib\\components\\molecules\\ArticleThumbnail\\types\\index.js",
      "statementMap": {},
      "fnMap": {},
      "branchMap": {},
      "s": {},
      "f": {},
      "b": {},
      "hash": "e00c2078395f9e83bdbf1dc3f48f4b9c33c3e37b"
    },
    "C:\\Users\\ritgupta5\\Desktop\\task\\atomic-react-components\\lib\\components\\molecules\\Popover\\types\\index.js": {
      "path": "C:\\Users\\ritgupta5\\Desktop\\task\\atomic-react-components\\lib\\components\\molecules\\Popover\\types\\index.js",
      "statementMap": {},
      "fnMap": {},
      "branchMap": {},
      "s": {},
      "f": {},
      "b": {},
      "hash": "825da75d0bd2a25dc78584291f365dbf593a8f78"
    }
  }
}
