{
  "numFailedTestSuites": 0,
  "numFailedTests": 0,
  "numPassedTestSuites": 36,
  "numPassedTests": 105,
  "numPendingTestSuites": 0,
  "numPendingTests": 0,
  "numRuntimeErrorTestSuites": 0,
  "numTodoTests": 0,
  "numTotalTestSuites": 36,
  "numTotalTests": 105,
  "openHandles": [],
  "snapshot": {
    "added": 0,
    "didUpdate": true,
    "failure": false,
    "filesAdded": 0,
    "filesRemoved": 0,
    "filesRemovedList": [],
    "filesUnmatched": 0,
    "filesUpdated": 4,
    "matched": 39,
    "total": 43,
    "unchecked": 0,
    "uncheckedKeysByFile": [],
    "unmatched": 0,
    "updated": 4
  },
  "startTime": 1576670795519,
  "success": true,
  "testResults": [
    {
      "assertionResults": [
        {
          "ancestorTitles": ["Button"],
          "failureMessages": [],
          "fullName": "Button should render correctly",
          "location": null,
          "status": "passed",
          "title": "should render correctly"
        }
      ],
      "endTime": 1576670800047,
      "message": "",
      "name": "/Users/vijmishr/Documents/Projects/atomic-react-components/lib/components/atoms/Button/tests/Button.style.test.js",
      "startTime": 1576670798853,
      "status": "passed",
      "summary": ""
    },
    {
      "assertionResults": [
        {
          "ancestorTitles": ["<QuoteMedia />"],
          "failureMessages": [],
          "fullName": "<QuoteMedia /> Should have component heading being displayed",
          "location": null,
          "status": "passed",
          "title": "Should have component heading being displayed"
        },
        {
          "ancestorTitles": ["<QuoteMedia />"],
          "failureMessages": [],
          "fullName": "<QuoteMedia /> Should allow quote component passing",
          "location": null,
          "status": "passed",
          "title": "Should allow quote component passing"
        },
        {
          "ancestorTitles": ["<QuoteMedia />"],
          "failureMessages": [],
          "fullName": "<QuoteMedia /> Should render media Image in component body",
          "location": null,
          "status": "passed",
          "title": "Should render media Image in component body"
        },
        {
          "ancestorTitles": ["<QuoteMedia />"],
          "failureMessages": [],
          "fullName": "<QuoteMedia /> Should render correctly",
          "location": null,
          "status": "passed",
          "title": "Should render correctly"
        }
      ],
      "endTime": 1576670800957,
      "message": "",
      "name": "/Users/vijmishr/Documents/Projects/atomic-react-components/lib/components/molecules/QuoteMedia/tests/QuoteMedia.test.js",
      "startTime": 1576670800567,
      "status": "passed",
      "summary": ""
    },
    {
      "assertionResults": [
        {
          "ancestorTitles": ["FieldInput Component"],
          "failureMessages": [],
          "fullName": "FieldInput Component should render correctly",
          "location": null,
          "status": "passed",
          "title": "should render correctly"
        },
        {
          "ancestorTitles": ["FieldInput Component"],
          "failureMessages": [],
          "fullName": "FieldInput Component should render label correctly",
          "location": null,
          "status": "passed",
          "title": "should render label correctly"
        },
        {
          "ancestorTitles": ["FieldInput Component"],
          "failureMessages": [],
          "fullName": "FieldInput Component should render Input component with proper type",
          "location": null,
          "status": "passed",
          "title": "should render Input component with proper type"
        }
      ],
      "endTime": 1576670801197,
      "message": "",
      "name": "/Users/vijmishr/Documents/Projects/atomic-react-components/lib/components/molecules/Form/FieldInput/tests/FieldInput.test.js",
      "startTime": 1576670798472,
      "status": "passed",
      "summary": ""
    },
    {
      "assertionResults": [
        {
          "ancestorTitles": ["<Breadcrumb />"],
          "failureMessages": [],
          "fullName": "<Breadcrumb /> should render correctly",
          "location": null,
          "status": "passed",
          "title": "should render correctly"
        }
      ],
      "endTime": 1576670801244,
      "message": "",
      "name": "/Users/vijmishr/Documents/Projects/atomic-react-components/lib/components/molecules/Breadcrumb/tests/Breadcrumb.test.js",
      "startTime": 1576670798616,
      "status": "passed",
      "summary": ""
    },
    {
      "assertionResults": [
        {
          "ancestorTitles": ["FieldInput Component"],
          "failureMessages": [],
          "fullName": "FieldInput Component should render correctly",
          "location": null,
          "status": "passed",
          "title": "should render correctly"
        },
        {
          "ancestorTitles": ["FieldInput Component"],
          "failureMessages": [],
          "fullName": "FieldInput Component should render label correctly",
          "location": null,
          "status": "passed",
          "title": "should render label correctly"
        },
        {
          "ancestorTitles": ["FieldInput Component"],
          "failureMessages": [],
          "fullName": "FieldInput Component should render select tag",
          "location": null,
          "status": "passed",
          "title": "should render select tag"
        }
      ],
      "endTime": 1576670801342,
      "message": "",
      "name": "/Users/vijmishr/Documents/Projects/atomic-react-components/lib/components/molecules/Form/FieldSelect/tests/FieldSelect.test.js",
      "startTime": 1576670798727,
      "status": "passed",
      "summary": ""
    },
    {
      "assertionResults": [
        {
          "ancestorTitles": ["FieldTextarea Component"],
          "failureMessages": [],
          "fullName": "FieldTextarea Component should render correctly",
          "location": null,
          "status": "passed",
          "title": "should render correctly"
        },
        {
          "ancestorTitles": ["FieldTextarea Component"],
          "failureMessages": [],
          "fullName": "FieldTextarea Component should render label correctly",
          "location": null,
          "status": "passed",
          "title": "should render label correctly"
        },
        {
          "ancestorTitles": ["FieldTextarea Component"],
          "failureMessages": [],
          "fullName": "FieldTextarea Component should render textarea tag",
          "location": null,
          "status": "passed",
          "title": "should render textarea tag"
        }
      ],
      "endTime": 1576670801384,
      "message": "",
      "name": "/Users/vijmishr/Documents/Projects/atomic-react-components/lib/components/molecules/Form/FieldTextarea/tests/FieldTextarea.test.js",
      "startTime": 1576670798828,
      "status": "passed",
      "summary": ""
    },
    {
      "assertionResults": [
        {
          "ancestorTitles": ["Form Component"],
          "failureMessages": [],
          "fullName": "Form Component should render select tag correctly",
          "location": null,
          "status": "passed",
          "title": "should render select tag correctly"
        },
        {
          "ancestorTitles": ["Form Component"],
          "failureMessages": [],
          "fullName": "Form Component should render input text field",
          "location": null,
          "status": "passed",
          "title": "should render input text field"
        },
        {
          "ancestorTitles": ["Form Component"],
          "failureMessages": [],
          "fullName": "Form Component should render select field",
          "location": null,
          "status": "passed",
          "title": "should render select field"
        },
        {
          "ancestorTitles": ["Form Component"],
          "failureMessages": [],
          "fullName": "Form Component should render input field with yupValidationSchema",
          "location": null,
          "status": "passed",
          "title": "should render input field with yupValidationSchema"
        },
        {
          "ancestorTitles": ["Form Component"],
          "failureMessages": [],
          "fullName": "Form Component should render input field with no validation",
          "location": null,
          "status": "passed",
          "title": "should render input field with no validation"
        },
        {
          "ancestorTitles": ["Form Component"],
          "failureMessages": [],
          "fullName": "Form Component getSchema should return null if no params are passed",
          "location": null,
          "status": "passed",
          "title": "getSchema should return null if no params are passed"
        }
      ],
      "endTime": 1576670801396,
      "message": "",
      "name": "/Users/vijmishr/Documents/Projects/atomic-react-components/lib/components/molecules/Form/tests/Form.test.js",
      "startTime": 1576670798805,
      "status": "passed",
      "summary": ""
    },
    {
      "assertionResults": [
        {
          "ancestorTitles": ["<Blockquote />"],
          "failureMessages": [],
          "fullName": "<Blockquote /> should render blockquote",
          "location": null,
          "status": "passed",
          "title": "should render blockquote"
        },
        {
          "ancestorTitles": ["<Blockquote />"],
          "failureMessages": [],
          "fullName": "<Blockquote /> should render content",
          "location": null,
          "status": "passed",
          "title": "should render content"
        },
        {
          "ancestorTitles": ["<Blockquote />"],
          "failureMessages": [],
          "fullName": "<Blockquote /> check quoteContent value passed in",
          "location": null,
          "status": "passed",
          "title": "check quoteContent value passed in"
        },
        {
          "ancestorTitles": ["<Blockquote />"],
          "failureMessages": [],
          "fullName": "<Blockquote /> check quoteAuthor value passed in",
          "location": null,
          "status": "passed",
          "title": "check quoteAuthor value passed in"
        },
        {
          "ancestorTitles": ["<Blockquote />"],
          "failureMessages": [],
          "fullName": "<Blockquote /> should render author name",
          "location": null,
          "status": "passed",
          "title": "should render author name"
        },
        {
          "ancestorTitles": ["<Blockquote />"],
          "failureMessages": [],
          "fullName": "<Blockquote /> should render correctly",
          "location": null,
          "status": "passed",
          "title": "should render correctly"
        }
      ],
      "endTime": 1576670801808,
      "message": "",
      "name": "/Users/vijmishr/Documents/Projects/atomic-react-components/lib/components/molecules/Blockquote/tests/Blockquote.test.js",
      "startTime": 1576670801525,
      "status": "passed",
      "summary": ""
    },
    {
      "assertionResults": [
        {
          "ancestorTitles": ["Image Component with styles"],
          "failureMessages": [],
          "fullName": "Image Component with styles should render correctly and match snapshots",
          "location": null,
          "status": "passed",
          "title": "should render correctly and match snapshots"
        },
        {
          "ancestorTitles": ["Image Component with styles"],
          "failureMessages": [],
          "fullName": "Image Component with styles should render correctly with lazy load",
          "location": null,
          "status": "passed",
          "title": "should render correctly with lazy load"
        }
      ],
      "endTime": 1576670801853,
      "message": "",
      "name": "/Users/vijmishr/Documents/Projects/atomic-react-components/lib/components/atoms/Image/tests/Image.style.test.js",
      "startTime": 1576670801642,
      "status": "passed",
      "summary": ""
    },
    {
      "assertionResults": [
        {
          "ancestorTitles": ["<Video />"],
          "failureMessages": [],
          "fullName": "<Video /> should have video tag",
          "location": null,
          "status": "passed",
          "title": "should have video tag"
        },
        {
          "ancestorTitles": ["<Video />"],
          "failureMessages": [],
          "fullName": "<Video /> should have source tag in video",
          "location": null,
          "status": "passed",
          "title": "should have source tag in video"
        },
        {
          "ancestorTitles": ["<Video />"],
          "failureMessages": [],
          "fullName": "<Video /> should have src attribute in source tag",
          "location": null,
          "status": "passed",
          "title": "should have src attribute in source tag"
        },
        {
          "ancestorTitles": ["<Video />"],
          "failureMessages": [],
          "fullName": "<Video /> should not be autoplay",
          "location": null,
          "status": "passed",
          "title": "should not be autoplay"
        },
        {
          "ancestorTitles": ["<Video />"],
          "failureMessages": [],
          "fullName": "<Video /> should not have track element only should have Track component",
          "location": null,
          "status": "passed",
          "title": "should not have track element only should have Track component"
        },
        {
          "ancestorTitles": ["<Video />"],
          "failureMessages": [],
          "fullName": "<Video /> should have children",
          "location": null,
          "status": "passed",
          "title": "should have children"
        },
        {
          "ancestorTitles": ["<Video />"],
          "failureMessages": [],
          "fullName": "<Video /> track component without data",
          "location": null,
          "status": "passed",
          "title": "track component without data"
        },
        {
          "ancestorTitles": ["<Video />"],
          "failureMessages": [],
          "fullName": "<Video /> should render correctly",
          "location": null,
          "status": "passed",
          "title": "should render correctly"
        }
      ],
      "endTime": 1576670801962,
      "message": "",
      "name": "/Users/vijmishr/Documents/Projects/atomic-react-components/lib/components/atoms/Video/tests/Video.test.js",
      "startTime": 1576670801611,
      "status": "passed",
      "summary": ""
    },
    {
      "assertionResults": [
        {
          "ancestorTitles": ["Button Component"],
          "failureMessages": [],
          "fullName": "Button Component should render correctly",
          "location": null,
          "status": "passed",
          "title": "should render correctly"
        },
        {
          "ancestorTitles": ["Button Component"],
          "failureMessages": [],
          "fullName": "Button Component should render disabled",
          "location": null,
          "status": "passed",
          "title": "should render disabled"
        },
        {
          "ancestorTitles": ["Button Component"],
          "failureMessages": [],
          "fullName": "Button Component should render title element",
          "location": null,
          "status": "passed",
          "title": "should render title element"
        },
        {
          "ancestorTitles": ["Button Component"],
          "failureMessages": [],
          "fullName": "Button Component should render aria attribute element",
          "location": null,
          "status": "passed",
          "title": "should render aria attribute element"
        },
        {
          "ancestorTitles": ["Button Component"],
          "failureMessages": [],
          "fullName": "Button Component should check the data attribute of button",
          "location": null,
          "status": "passed",
          "title": "should check the data attribute of button"
        }
      ],
      "endTime": 1576670802024,
      "message": "",
      "name": "/Users/vijmishr/Documents/Projects/atomic-react-components/lib/components/atoms/Button/tests/Button.test.js",
      "startTime": 1576670801722,
      "status": "passed",
      "summary": ""
    },
    {
      "assertionResults": [
        {
          "ancestorTitles": ["Heading Component"],
          "failureMessages": [],
          "fullName": "Heading Component should render correctly and match snapshot",
          "location": null,
          "status": "passed",
          "title": "should render correctly and match snapshot"
        },
        {
          "ancestorTitles": ["Heading Component"],
          "failureMessages": [],
          "fullName": "Heading Component should check the custom locator of heading",
          "location": null,
          "status": "passed",
          "title": "should check the custom locator of heading"
        },
        {
          "ancestorTitles": ["Heading Component"],
          "failureMessages": [],
          "fullName": "Heading Component should check the default locator of heading",
          "location": null,
          "status": "passed",
          "title": "should check the default locator of heading"
        }
      ],
      "endTime": 1576670802116,
      "message": "",
      "name": "/Users/vijmishr/Documents/Projects/atomic-react-components/lib/components/atoms/Heading/tests/Heading.test.js",
      "startTime": 1576670801866,
      "status": "passed",
      "summary": ""
    },
    {
      "assertionResults": [
        {
          "ancestorTitles": ["<Tabs />"],
          "failureMessages": [],
          "fullName": "<Tabs /> should render correctly",
          "location": null,
          "status": "passed",
          "title": "should render correctly"
        },
        {
          "ancestorTitles": ["<Tabs /> functional behavior"],
          "failureMessages": [],
          "fullName": "<Tabs /> functional behavior should have minimum dom structure for the tests below",
          "location": null,
          "status": "passed",
          "title": "should have minimum dom structure for the tests below"
        },
        {
          "ancestorTitles": ["<Tabs /> functional behavior"],
          "failureMessages": [],
          "fullName": "<Tabs /> functional behavior should change the tab panel and execute callback on closed tab click",
          "location": null,
          "status": "passed",
          "title": "should change the tab panel and execute callback on closed tab click"
        }
      ],
      "endTime": 1576670802287,
      "message": "",
      "name": "/Users/vijmishr/Documents/Projects/atomic-react-components/lib/components/molecules/Tabs/tests/Tabs.test.js",
      "startTime": 1576670801722,
      "status": "passed",
      "summary": ""
    },
    {
      "assertionResults": [
        {
          "ancestorTitles": ["<Popover /> Rendering"],
          "failureMessages": [],
          "fullName": "<Popover /> Rendering should render correctly",
          "location": null,
          "status": "passed",
          "title": "should render correctly"
        },
        {
          "ancestorTitles": ["Popover functional behavior"],
          "failureMessages": [],
          "fullName": "Popover functional behavior Should have Close Button By Default and can be closed",
          "location": null,
          "status": "passed",
          "title": "Should have Close Button By Default and can be closed"
        },
        {
          "ancestorTitles": ["Popover functional behavior"],
          "failureMessages": [],
          "fullName": "Popover functional behavior Should open By Default when isVisible set to true",
          "location": null,
          "status": "passed",
          "title": "Should open By Default when isVisible set to true"
        },
        {
          "ancestorTitles": ["Popover functional behavior"],
          "failureMessages": [],
          "fullName": "Popover functional behavior Should open and close on Trigger and X button click",
          "location": null,
          "status": "passed",
          "title": "Should open and close on Trigger and X button click"
        }
      ],
      "endTime": 1576670802447,
      "message": "",
      "name": "/Users/vijmishr/Documents/Projects/atomic-react-components/lib/components/molecules/Popover/tests/Popover.test.js",
      "startTime": 1576670802120,
      "status": "passed",
      "summary": ""
    },
    {
      "assertionResults": [
        {
          "ancestorTitles": ["InputChoiceVanilla Component"],
          "failureMessages": [],
          "fullName": "InputChoiceVanilla Component should render Radio button correctly",
          "location": null,
          "status": "passed",
          "title": "should render Radio button correctly"
        },
        {
          "ancestorTitles": ["InputChoiceVanilla Component"],
          "failureMessages": [],
          "fullName": "InputChoiceVanilla Component should render checkbox correctly",
          "location": null,
          "status": "passed",
          "title": "should render checkbox correctly"
        },
        {
          "ancestorTitles": ["InputChoiceVanilla Component"],
          "failureMessages": [],
          "fullName": "InputChoiceVanilla Component should render disabled",
          "location": null,
          "status": "passed",
          "title": "should render disabled"
        },
        {
          "ancestorTitles": ["InputChoiceVanilla Component"],
          "failureMessages": [],
          "fullName": "InputChoiceVanilla Component should render checked",
          "location": null,
          "status": "passed",
          "title": "should render checked"
        }
      ],
      "endTime": 1576670802495,
      "message": "",
      "name": "/Users/vijmishr/Documents/Projects/atomic-react-components/lib/components/molecules/InputChoice/tests/InputChoice.test.js",
      "startTime": 1576670802204,
      "status": "passed",
      "summary": ""
    },
    {
      "assertionResults": [
        {
          "ancestorTitles": ["Select Styled component"],
          "failureMessages": [],
          "fullName": "Select Styled component should render correctly",
          "location": null,
          "status": "passed",
          "title": "should render correctly"
        }
      ],
      "endTime": 1576670802538,
      "message": "",
      "name": "/Users/vijmishr/Documents/Projects/atomic-react-components/lib/components/atoms/Select/tests/Select.style.test.js",
      "startTime": 1576670802246,
      "status": "passed",
      "summary": ""
    },
    {
      "assertionResults": [
        {
          "ancestorTitles": ["Input Styled component"],
          "failureMessages": [],
          "fullName": "Input Styled component should render correctly",
          "location": null,
          "status": "passed",
          "title": "should render correctly"
        }
      ],
      "endTime": 1576670802570,
      "message": "",
      "name": "/Users/vijmishr/Documents/Projects/atomic-react-components/lib/components/atoms/Input/tests/Input.style.test.js",
      "startTime": 1576670802319,
      "status": "passed",
      "summary": ""
    },
    {
      "assertionResults": [
        {
          "ancestorTitles": ["FieldError Component"],
          "failureMessages": [],
          "fullName": "FieldError Component should render correctly",
          "location": null,
          "status": "passed",
          "title": "should render correctly"
        },
        {
          "ancestorTitles": ["FieldError Component"],
          "failureMessages": [],
          "fullName": "FieldError Component should check the element locator of field error",
          "location": null,
          "status": "passed",
          "title": "should check the element locator of field error"
        },
        {
          "ancestorTitles": ["FieldError Component"],
          "failureMessages": [],
          "fullName": "FieldError Component should check the default slnid of field error",
          "location": null,
          "status": "passed",
          "title": "should check the default slnid of field error"
        }
      ],
      "endTime": 1576670802734,
      "message": "",
      "name": "/Users/vijmishr/Documents/Projects/atomic-react-components/lib/components/atoms/FieldError/tests/FieldError.test.js",
      "startTime": 1576670802418,
      "status": "passed",
      "summary": ""
    },
    {
      "assertionResults": [
        {
          "ancestorTitles": ["Select Component"],
          "failureMessages": [],
          "fullName": "Select Component should render correctly",
          "location": null,
          "status": "passed",
          "title": "should render correctly"
        },
        {
          "ancestorTitles": ["Select Component"],
          "failureMessages": [],
          "fullName": "Select Component should check the data attribute of dropdown/select",
          "location": null,
          "status": "passed",
          "title": "should check the data attribute of dropdown/select"
        }
      ],
      "endTime": 1576670802938,
      "message": "",
      "name": "/Users/vijmishr/Documents/Projects/atomic-react-components/lib/components/atoms/Select/tests/Select.test.js",
      "startTime": 1576670802659,
      "status": "passed",
      "summary": ""
    },
    {
      "assertionResults": [
        {
          "ancestorTitles": ["Modal Component"],
          "failureMessages": [],
          "fullName": "Modal Component should render Modal correctly",
          "location": null,
          "status": "passed",
          "title": "should render Modal correctly"
        }
      ],
      "endTime": 1576670803131,
      "message": "",
      "name": "/Users/vijmishr/Documents/Projects/atomic-react-components/lib/components/molecules/Modal/tests/Modal.test.js",
      "startTime": 1576670802829,
      "status": "passed",
      "summary": ""
    },
    {
      "assertionResults": [
        {
          "ancestorTitles": ["<Textarea />"],
          "failureMessages": [],
          "fullName": "<Textarea /> should render correctly",
          "location": null,
          "status": "passed",
          "title": "should render correctly"
        },
        {
          "ancestorTitles": ["<Textarea />"],
          "failureMessages": [],
          "fullName": "<Textarea /> should check the data attribute of textarea",
          "location": null,
          "status": "passed",
          "title": "should check the data attribute of textarea"
        }
      ],
      "endTime": 1576670803227,
      "message": "",
      "name": "/Users/vijmishr/Documents/Projects/atomic-react-components/lib/components/atoms/Textarea/tests/Textarea.test.js",
      "startTime": 1576670802930,
      "status": "passed",
      "summary": ""
    },
    {
      "assertionResults": [
        {
          "ancestorTitles": ["Select Styled component"],
          "failureMessages": [],
          "fullName": "Select Styled component should render correctly",
          "location": null,
          "status": "passed",
          "title": "should render correctly"
        }
      ],
      "endTime": 1576670803245,
      "message": "",
      "name": "/Users/vijmishr/Documents/Projects/atomic-react-components/lib/components/atoms/Textarea/tests/Textarea.style.test.js",
      "startTime": 1576670802915,
      "status": "passed",
      "summary": ""
    },
    {
      "assertionResults": [
        {
          "ancestorTitles": ["<Tab />"],
          "failureMessages": [],
          "fullName": "<Tab /> should render correctly",
          "location": null,
          "status": "passed",
          "title": "should render correctly"
        }
      ],
      "endTime": 1576670803291,
      "message": "",
      "name": "/Users/vijmishr/Documents/Projects/atomic-react-components/lib/components/molecules/Tabs/Tab/tests/Tab.test.js",
      "startTime": 1576670802959,
      "status": "passed",
      "summary": ""
    },
    {
      "assertionResults": [
        {
          "ancestorTitles": ["Para Component"],
          "failureMessages": [],
          "fullName": "Para Component should render correctly and match snapshot",
          "location": null,
          "status": "passed",
          "title": "should render correctly and match snapshot"
        },
        {
          "ancestorTitles": ["Para Component"],
          "failureMessages": [],
          "fullName": "Para Component should check the data attribute of para",
          "location": null,
          "status": "passed",
          "title": "should check the data attribute of para"
        }
      ],
      "endTime": 1576670803394,
      "message": "",
      "name": "/Users/vijmishr/Documents/Projects/atomic-react-components/lib/components/atoms/Para/tests/Para.test.js",
      "startTime": 1576670803104,
      "status": "passed",
      "summary": ""
    },
    {
      "assertionResults": [
        {
          "ancestorTitles": ["<Toast />"],
          "failureMessages": [],
          "fullName": "<Toast /> <Toast />should render correctly",
          "location": null,
          "status": "passed",
          "title": "<Toast />should render correctly"
        },
        {
          "ancestorTitles": ["<Toast /> Component"],
          "failureMessages": [],
          "fullName": "<Toast /> Component is rendering root div,if isVisible prop is true ",
          "location": null,
          "status": "passed",
          "title": "is rendering root div,if isVisible prop is true "
        },
        {
          "ancestorTitles": ["<Toast /> Component"],
          "failureMessages": [],
          "fullName": "<Toast /> Component not rendering root div,if isVisible prop is false",
          "location": null,
          "status": "passed",
          "title": "not rendering root div,if isVisible prop is false"
        },
        {
          "ancestorTitles": ["<Toast /> Component"],
          "failureMessages": [],
          "fullName": "<Toast /> Component is rendering all necessary elements rendered if isVisible prop is true",
          "location": null,
          "status": "passed",
          "title": "is rendering all necessary elements rendered if isVisible prop is true"
        },
        {
          "ancestorTitles": ["<Toast /> Component"],
          "failureMessages": [],
          "fullName": "<Toast /> Component is rendering ProgressBar if autoDismissTimeout is set as 0",
          "location": null,
          "status": "passed",
          "title": "is rendering ProgressBar if autoDismissTimeout is set as 0"
        },
        {
          "ancestorTitles": ["<Toast /> Component"],
          "failureMessages": [],
          "fullName": "<Toast /> Component is rendering ProgressBar if autoDismissTimeout is set as 3000",
          "location": null,
          "status": "passed",
          "title": "is rendering ProgressBar if autoDismissTimeout is set as 3000"
        },
        {
          "ancestorTitles": ["<Toast /> Component"],
          "failureMessages": [],
          "fullName": "<Toast /> Component is rendering children ",
          "location": null,
          "status": "passed",
          "title": "is rendering children "
        },
        {
          "ancestorTitles": ["<Toast /> Component is checking effects on"],
          "failureMessages": [],
          "fullName": "<Toast /> Component is checking effects on onClick event, should dismiss the toast when clicking  on click of X button click",
          "location": null,
          "status": "passed",
          "title": "onClick event, should dismiss the toast when clicking  on click of X button click"
        },
        {
          "ancestorTitles": ["<Toast /> component useeffect hook for autodismiss"],
          "failureMessages": [],
          "fullName": "<Toast /> component useeffect hook for autodismiss autodismiss after timeout",
          "location": null,
          "status": "passed",
          "title": "autodismiss after timeout"
        }
      ],
      "endTime": 1576670803668,
      "message": "",
      "name": "/Users/vijmishr/Documents/Projects/atomic-react-components/lib/components/molecules/Toast/tests/Toast.test.js",
      "startTime": 1576670798667,
      "status": "passed",
      "summary": ""
    },
    {
      "assertionResults": [
        {
          "ancestorTitles": ["Anchor Component"],
          "failureMessages": [],
          "fullName": "Anchor Component should render correctly and match snapshot",
          "location": null,
          "status": "passed",
          "title": "should render correctly and match snapshot"
        },
        {
          "ancestorTitles": ["Anchor Component"],
          "failureMessages": [],
          "fullName": "Anchor Component Should handle on typeahead focuson Events",
          "location": null,
          "status": "passed",
          "title": "Should handle on typeahead focuson Events"
        },
        {
          "ancestorTitles": ["Anchor Component"],
          "failureMessages": [],
          "fullName": "Anchor Component should check the data attribute of anchor",
          "location": null,
          "status": "passed",
          "title": "should check the data attribute of anchor"
        }
      ],
      "endTime": 1576670803832,
      "message": "",
      "name": "/Users/vijmishr/Documents/Projects/atomic-react-components/lib/components/atoms/Anchor/tests/Anchor.test.js",
      "startTime": 1576670803523,
      "status": "passed",
      "summary": ""
    },
    {
      "assertionResults": [
        {
          "ancestorTitles": ["Input Component"],
          "failureMessages": [],
          "fullName": "Input Component should render correctly",
          "location": null,
          "status": "passed",
          "title": "should render correctly"
        },
        {
          "ancestorTitles": ["Input Component"],
          "failureMessages": [],
          "fullName": "Input Component should check the data attribute of input",
          "location": null,
          "status": "passed",
          "title": "should check the data attribute of input"
        }
      ],
      "endTime": 1576670803868,
      "message": "",
      "name": "/Users/vijmishr/Documents/Projects/atomic-react-components/lib/components/atoms/Input/tests/Input.test.js",
      "startTime": 1576670803571,
      "status": "passed",
      "summary": ""
    },
    {
      "assertionResults": [
        {
          "ancestorTitles": ["Label Component"],
          "failureMessages": [],
          "fullName": "Label Component should render correctly",
          "location": null,
          "status": "passed",
          "title": "should render correctly"
        },
        {
          "ancestorTitles": ["Label Component"],
          "failureMessages": [],
          "fullName": "Label Component should check the data attribute of label",
          "location": null,
          "status": "passed",
          "title": "should check the data attribute of label"
        }
      ],
      "endTime": 1576670804023,
      "message": "",
      "name": "/Users/vijmishr/Documents/Projects/atomic-react-components/lib/components/atoms/Label/tests/Label.test.js",
      "startTime": 1576670803736,
      "status": "passed",
      "summary": ""
    },
    {
      "assertionResults": [
        {
          "ancestorTitles": ["Image Component"],
          "failureMessages": [],
          "fullName": "Image Component should render correctly and match snapshots",
          "location": null,
          "status": "passed",
          "title": "should render correctly and match snapshots"
        },
        {
          "ancestorTitles": ["Image Component"],
          "failureMessages": [],
          "fullName": "Image Component should change image src on error",
          "location": null,
          "status": "passed",
          "title": "should change image src on error"
        },
        {
          "ancestorTitles": ["Image Component"],
          "failureMessages": [],
          "fullName": "Image Component should check the data attribute of image",
          "location": null,
          "status": "passed",
          "title": "should check the data attribute of image"
        },
        {
          "ancestorTitles": ["Image Component"],
          "failureMessages": [],
          "fullName": "Image Component should check the default locator of image",
          "location": null,
          "status": "passed",
          "title": "should check the default locator of image"
        }
      ],
      "endTime": 1576670804059,
      "message": "",
      "name": "/Users/vijmishr/Documents/Projects/atomic-react-components/lib/components/atoms/Image/tests/Image.test.js",
      "startTime": 1576670803707,
      "status": "passed",
      "summary": ""
    },
    {
      "assertionResults": [
        {
          "ancestorTitles": ["<Icon />"],
          "failureMessages": [],
          "fullName": "<Icon /> should render correctly",
          "location": null,
          "status": "passed",
          "title": "should render correctly"
        },
        {
          "ancestorTitles": ["<Icon />"],
          "failureMessages": [],
          "fullName": "<Icon /> should have id",
          "location": null,
          "status": "passed",
          "title": "should have id"
        }
      ],
      "endTime": 1576670804074,
      "message": "",
      "name": "/Users/vijmishr/Documents/Projects/atomic-react-components/lib/components/atoms/Icon/tests/Icon.test.js",
      "startTime": 1576670803353,
      "status": "passed",
      "summary": ""
    },
    {
      "assertionResults": [
        {
          "ancestorTitles": ["<Track />"],
          "failureMessages": [],
          "fullName": "<Track /> should render correctly",
          "location": null,
          "status": "passed",
          "title": "should render correctly"
        }
      ],
      "endTime": 1576670804151,
      "message": "",
      "name": "/Users/vijmishr/Documents/Projects/atomic-react-components/lib/components/atoms/Track/tests/Track.test.js",
      "startTime": 1576670803886,
      "status": "passed",
      "summary": ""
    },
    {
      "assertionResults": [
        {
          "ancestorTitles": ["<ArticleThumbnail />"],
          "failureMessages": [],
          "fullName": "<ArticleThumbnail /> should render correctly with Readmore",
          "location": null,
          "status": "passed",
          "title": "should render correctly with Readmore"
        },
        {
          "ancestorTitles": ["<ArticleThumbnail />"],
          "failureMessages": [],
          "fullName": "<ArticleThumbnail /> should render correctly with full clickable thumb",
          "location": null,
          "status": "passed",
          "title": "should render correctly with full clickable thumb"
        }
      ],
      "endTime": 1576670804273,
      "message": "",
      "name": "/Users/vijmishr/Documents/Projects/atomic-react-components/lib/components/molecules/ArticleThumbnail/tests/ArticleThumbnail.test.js",
      "startTime": 1576670803961,
      "status": "passed",
      "summary": ""
    },
    {
      "assertionResults": [
        {
          "ancestorTitles": ["Debug"],
          "failureMessages": [],
          "fullName": "Debug should render correctly",
          "location": null,
          "status": "passed",
          "title": "should render correctly"
        }
      ],
      "endTime": 1576670804303,
      "message": "",
      "name": "/Users/vijmishr/Documents/Projects/atomic-react-components/lib/components/molecules/Form/Debug/tests/Debug.test.js",
      "startTime": 1576670804138,
      "status": "passed",
      "summary": ""
    },
    {
      "assertionResults": [
        {
          "ancestorTitles": ["<List />"],
          "failureMessages": [],
          "fullName": "<List /> should render default view correctly",
          "location": null,
          "status": "passed",
          "title": "should render default view correctly"
        }
      ],
      "endTime": 1576670804341,
      "message": "",
      "name": "/Users/vijmishr/Documents/Projects/atomic-react-components/lib/components/molecules/List/tests/List.test.js",
      "startTime": 1576670804194,
      "status": "passed",
      "summary": ""
    },
    {
      "assertionResults": [
        {
          "ancestorTitles": ["<TabPanel />"],
          "failureMessages": [],
          "fullName": "<TabPanel /> should render correctly",
          "location": null,
          "status": "passed",
          "title": "should render correctly"
        }
      ],
      "endTime": 1576670804397,
      "message": "",
      "name": "/Users/vijmishr/Documents/Projects/atomic-react-components/lib/components/molecules/Tabs/TabPanel/tests/TabPanel.test.js",
      "startTime": 1576670804278,
      "status": "passed",
      "summary": ""
    },
    {
      "assertionResults": [
        {
          "ancestorTitles": ["<FieldToggle />"],
          "failureMessages": [],
          "fullName": "<FieldToggle /> should render correctly",
          "location": null,
          "status": "passed",
          "title": "should render correctly"
        },
        {
          "ancestorTitles": ["<FieldToggle />"],
          "failureMessages": [],
          "fullName": "<FieldToggle /> should render label correctly",
          "location": null,
          "status": "passed",
          "title": "should render label correctly"
        },
        {
          "ancestorTitles": ["<FieldToggle />"],
          "failureMessages": [],
          "fullName": "<FieldToggle /> should render label with Value correctly",
          "location": null,
          "status": "passed",
          "title": "should render label with Value correctly"
        },
        {
          "ancestorTitles": ["<FieldToggle />"],
          "failureMessages": [],
          "fullName": "<FieldToggle /> should render input correctly",
          "location": null,
          "status": "passed",
          "title": "should render input correctly"
        },
        {
          "ancestorTitles": ["<FieldToggle />"],
          "failureMessages": [],
          "fullName": "<FieldToggle /> should render disabled input",
          "location": null,
          "status": "passed",
          "title": "should render disabled input"
        },
        {
          "ancestorTitles": ["<FieldToggle />"],
          "failureMessages": [],
          "fullName": "<FieldToggle /> should render click event with toggle Value",
          "location": null,
          "status": "passed",
          "title": "should render click event with toggle Value"
        },
        {
          "ancestorTitles": ["<FieldToggle />"],
          "failureMessages": [],
          "fullName": "<FieldToggle /> should render Indicator On",
          "location": null,
          "status": "passed",
          "title": "should render Indicator On"
        }
      ],
      "endTime": 1576670805034,
      "message": "",
      "name": "/Users/vijmishr/Documents/Projects/atomic-react-components/lib/components/molecules/Form/FieldToggle/tests/FieldToggle.test.js",
      "startTime": 1576670804308,
      "status": "passed",
      "summary": ""
    }
  ],
  "wasInterrupted": false,
  "coverageMap": {
    "/Users/vijmishr/Documents/Projects/atomic-react-components/lib/components/atoms/Button/Button.js": {
      "path": "/Users/vijmishr/Documents/Projects/atomic-react-components/lib/components/atoms/Button/Button.js",
      "statementMap": {
        "0": { "start": { "line": 22, "column": 15 }, "end": { "line": 45, "column": 1 } },
        "1": { "start": { "line": 35, "column": 2 }, "end": { "line": 44, "column": 11 } },
        "2": { "start": { "line": 47, "column": 0 }, "end": { "line": 57, "column": 2 } }
      },
      "fnMap": {
        "0": {
          "name": "(anonymous_0)",
          "decl": { "start": { "line": 22, "column": 15 }, "end": { "line": 22, "column": 16 } },
          "loc": { "start": { "line": 35, "column": 2 }, "end": { "line": 44, "column": 11 } },
          "line": 35
        }
      },
      "branchMap": {
        "0": {
          "loc": { "start": { "line": 36, "column": 16 }, "end": { "line": 36, "column": 33 } },
          "type": "binary-expr",
          "locations": [
            { "start": { "line": 36, "column": 16 }, "end": { "line": 36, "column": 25 } },
            { "start": { "line": 36, "column": 29 }, "end": { "line": 36, "column": 33 } }
          ],
          "line": 36
        },
        "1": {
          "loc": { "start": { "line": 40, "column": 18 }, "end": { "line": 40, "column": 86 } },
          "type": "binary-expr",
          "locations": [
            { "start": { "line": 40, "column": 18 }, "end": { "line": 40, "column": 32 } },
            { "start": { "line": 40, "column": 36 }, "end": { "line": 40, "column": 86 } }
          ],
          "line": 40
        }
      },
      "s": { "0": 4, "1": 10, "2": 4 },
      "f": { "0": 10 },
      "b": { "0": [10, 9], "1": [10, 9] },
      "_coverageSchema": "43e27e138ebf9cfc5966b082cf9a028302ed4184",
      "hash": "4ff3a93acabafffd605355f844e9f503970443fe"
    },
    "/Users/vijmishr/Documents/Projects/atomic-react-components/lib/core/utils/elementLocator.js": {
      "path": "/Users/vijmishr/Documents/Projects/atomic-react-components/lib/core/utils/elementLocator.js",
      "statementMap": {
        "0": { "start": { "line": 4, "column": 36 }, "end": { "line": 20, "column": 1 } },
        "1": { "start": { "line": 5, "column": 14 }, "end": { "line": 5, "column": 16 } },
        "2": { "start": { "line": 7, "column": 2 }, "end": { "line": 18, "column": 5 } },
        "3": { "start": { "line": 8, "column": 24 }, "end": { "line": 8, "column": 29 } },
        "4": { "start": { "line": 10, "column": 4 }, "end": { "line": 16, "column": 5 } },
        "5": { "start": { "line": 11, "column": 6 }, "end": { "line": 15, "column": 9 } },
        "6": { "start": { "line": 12, "column": 8 }, "end": { "line": 12, "column": 78 } },
        "7": { "start": { "line": 13, "column": 8 }, "end": { "line": 13, "column": 51 } },
        "8": { "start": { "line": 13, "column": 30 }, "end": { "line": 13, "column": 51 } },
        "9": { "start": { "line": 14, "column": 8 }, "end": { "line": 14, "column": 29 } },
        "10": { "start": { "line": 17, "column": 4 }, "end": { "line": 17, "column": 45 } },
        "11": { "start": { "line": 19, "column": 2 }, "end": { "line": 19, "column": 29 } }
      },
      "fnMap": {
        "0": {
          "name": "(anonymous_0)",
          "decl": { "start": { "line": 4, "column": 36 }, "end": { "line": 4, "column": 37 } },
          "loc": { "start": { "line": 4, "column": 48 }, "end": { "line": 20, "column": 1 } },
          "line": 4
        },
        "1": {
          "name": "(anonymous_1)",
          "decl": { "start": { "line": 7, "column": 34 }, "end": { "line": 7, "column": 35 } },
          "loc": { "start": { "line": 7, "column": 57 }, "end": { "line": 18, "column": 3 } },
          "line": 7
        },
        "2": {
          "name": "(anonymous_2)",
          "decl": { "start": { "line": 11, "column": 28 }, "end": { "line": 11, "column": 29 } },
          "loc": { "start": { "line": 11, "column": 51 }, "end": { "line": 15, "column": 7 } },
          "line": 11
        }
      },
      "branchMap": {
        "0": {
          "loc": { "start": { "line": 10, "column": 4 }, "end": { "line": 16, "column": 5 } },
          "type": "if",
          "locations": [
            { "start": { "line": 10, "column": 4 }, "end": { "line": 16, "column": 5 } },
            { "start": { "line": 10, "column": 4 }, "end": { "line": 16, "column": 5 } }
          ],
          "line": 10
        },
        "1": {
          "loc": { "start": { "line": 12, "column": 20 }, "end": { "line": 12, "column": 67 } },
          "type": "cond-expr",
          "locations": [
            { "start": { "line": 12, "column": 59 }, "end": { "line": 12, "column": 61 } },
            { "start": { "line": 12, "column": 64 }, "end": { "line": 12, "column": 67 } }
          ],
          "line": 12
        },
        "2": {
          "loc": { "start": { "line": 12, "column": 20 }, "end": { "line": 12, "column": 56 } },
          "type": "binary-expr",
          "locations": [
            { "start": { "line": 12, "column": 20 }, "end": { "line": 12, "column": 36 } },
            { "start": { "line": 12, "column": 40 }, "end": { "line": 12, "column": 56 } }
          ],
          "line": 12
        },
        "3": {
          "loc": { "start": { "line": 13, "column": 8 }, "end": { "line": 13, "column": 51 } },
          "type": "if",
          "locations": [
            { "start": { "line": 13, "column": 8 }, "end": { "line": 13, "column": 51 } },
            { "start": { "line": 13, "column": 8 }, "end": { "line": 13, "column": 51 } }
          ],
          "line": 13
        },
        "4": {
          "loc": { "start": { "line": 17, "column": 11 }, "end": { "line": 17, "column": 44 } },
          "type": "binary-expr",
          "locations": [
            { "start": { "line": 17, "column": 11 }, "end": { "line": 17, "column": 24 } },
            { "start": { "line": 17, "column": 28 }, "end": { "line": 17, "column": 44 } }
          ],
          "line": 17
        }
      },
      "s": {
        "0": 20,
        "1": 43,
        "2": 43,
        "3": 46,
        "4": 46,
        "5": 36,
        "6": 52,
        "7": 52,
        "8": 16,
        "9": 52,
        "10": 46,
        "11": 43
      },
      "f": { "0": 43, "1": 46, "2": 52 },
      "b": { "0": [36, 10], "1": [36, 16], "2": [52, 52], "3": [16, 36], "4": [46, 30] },
      "_coverageSchema": "43e27e138ebf9cfc5966b082cf9a028302ed4184",
      "hash": "7d9abedf68476338cf34b4f060e7b8f32f584014"
    },
    "/Users/vijmishr/Documents/Projects/atomic-react-components/lib/components/atoms/Button/Button.style.js": {
      "path": "/Users/vijmishr/Documents/Projects/atomic-react-components/lib/components/atoms/Button/Button.style.js",
      "statementMap": {
        "0": { "start": { "line": 3, "column": 21 }, "end": { "line": 29, "column": 1 } },
        "1": { "start": { "line": 8, "column": 22 }, "end": { "line": 8, "column": 64 } },
        "2": { "start": { "line": 9, "column": 13 }, "end": { "line": 13, "column": 3 } },
        "3": { "start": { "line": 14, "column": 13 }, "end": { "line": 14, "column": 69 } },
        "4": { "start": { "line": 16, "column": 4 }, "end": { "line": 21, "column": 10 } },
        "5": { "start": { "line": 22, "column": 13 }, "end": { "line": 22, "column": 48 } },
        "6": { "start": { "line": 28, "column": 14 }, "end": { "line": 28, "column": 64 } }
      },
      "fnMap": {
        "0": {
          "name": "(anonymous_0)",
          "decl": { "start": { "line": 8, "column": 12 }, "end": { "line": 8, "column": 13 } },
          "loc": { "start": { "line": 8, "column": 22 }, "end": { "line": 8, "column": 64 } },
          "line": 8
        },
        "1": {
          "name": "(anonymous_1)",
          "decl": { "start": { "line": 9, "column": 4 }, "end": { "line": 9, "column": 5 } },
          "loc": { "start": { "line": 9, "column": 13 }, "end": { "line": 13, "column": 3 } },
          "line": 9
        },
        "2": {
          "name": "(anonymous_2)",
          "decl": { "start": { "line": 14, "column": 4 }, "end": { "line": 14, "column": 5 } },
          "loc": { "start": { "line": 14, "column": 13 }, "end": { "line": 14, "column": 69 } },
          "line": 14
        },
        "3": {
          "name": "(anonymous_3)",
          "decl": { "start": { "line": 15, "column": 4 }, "end": { "line": 15, "column": 5 } },
          "loc": { "start": { "line": 16, "column": 4 }, "end": { "line": 21, "column": 10 } },
          "line": 16
        },
        "4": {
          "name": "(anonymous_4)",
          "decl": { "start": { "line": 22, "column": 4 }, "end": { "line": 22, "column": 5 } },
          "loc": { "start": { "line": 22, "column": 13 }, "end": { "line": 22, "column": 48 } },
          "line": 22
        },
        "5": {
          "name": "(anonymous_5)",
          "decl": { "start": { "line": 28, "column": 4 }, "end": { "line": 28, "column": 5 } },
          "loc": { "start": { "line": 28, "column": 14 }, "end": { "line": 28, "column": 64 } },
          "line": 28
        }
      },
      "branchMap": {
        "0": {
          "loc": { "start": { "line": 8, "column": 22 }, "end": { "line": 8, "column": 64 } },
          "type": "cond-expr",
          "locations": [
            { "start": { "line": 8, "column": 39 }, "end": { "line": 8, "column": 52 } },
            { "start": { "line": 8, "column": 55 }, "end": { "line": 8, "column": 64 } }
          ],
          "line": 8
        },
        "1": {
          "loc": { "start": { "line": 14, "column": 13 }, "end": { "line": 14, "column": 69 } },
          "type": "binary-expr",
          "locations": [
            { "start": { "line": 14, "column": 13 }, "end": { "line": 14, "column": 28 } },
            { "start": { "line": 14, "column": 32 }, "end": { "line": 14, "column": 69 } }
          ],
          "line": 14
        },
        "2": {
          "loc": { "start": { "line": 16, "column": 4 }, "end": { "line": 21, "column": 10 } },
          "type": "cond-expr",
          "locations": [
            { "start": { "line": 17, "column": 8 }, "end": { "line": 20, "column": 3 } },
            { "start": { "line": 21, "column": 8 }, "end": { "line": 21, "column": 10 } }
          ],
          "line": 16
        },
        "3": {
          "loc": { "start": { "line": 22, "column": 13 }, "end": { "line": 22, "column": 48 } },
          "type": "binary-expr",
          "locations": [
            { "start": { "line": 22, "column": 13 }, "end": { "line": 22, "column": 28 } },
            { "start": { "line": 22, "column": 32 }, "end": { "line": 22, "column": 48 } }
          ],
          "line": 22
        },
        "4": {
          "loc": { "start": { "line": 28, "column": 14 }, "end": { "line": 28, "column": 64 } },
          "type": "cond-expr",
          "locations": [
            { "start": { "line": 28, "column": 38 }, "end": { "line": 28, "column": 59 } },
            { "start": { "line": 28, "column": 62 }, "end": { "line": 28, "column": 64 } }
          ],
          "line": 28
        }
      },
      "s": { "0": 4, "1": 0, "2": 0, "3": 0, "4": 0, "5": 0, "6": 0 },
      "f": { "0": 0, "1": 0, "2": 0, "3": 0, "4": 0, "5": 0 },
      "b": { "0": [0, 0], "1": [0, 0], "2": [0, 0], "3": [0, 0], "4": [0, 0] },
      "_coverageSchema": "43e27e138ebf9cfc5966b082cf9a028302ed4184",
      "hash": "aba0ed5d5bd94074f093dd38ed651e326ca9ea1e"
    },
    "/Users/vijmishr/Documents/Projects/atomic-react-components/lib/components/molecules/QuoteMedia/QuoteMedia.js": {
      "path": "/Users/vijmishr/Documents/Projects/atomic-react-components/lib/components/molecules/QuoteMedia/QuoteMedia.js",
      "statementMap": {
        "0": { "start": { "line": 17, "column": 19 }, "end": { "line": 29, "column": 1 } },
        "1": { "start": { "line": 18, "column": 2 }, "end": { "line": 28, "column": 8 } },
        "2": { "start": { "line": 31, "column": 0 }, "end": { "line": 36, "column": 2 } }
      },
      "fnMap": {
        "0": {
          "name": "(anonymous_0)",
          "decl": { "start": { "line": 17, "column": 19 }, "end": { "line": 17, "column": 20 } },
          "loc": { "start": { "line": 18, "column": 2 }, "end": { "line": 28, "column": 8 } },
          "line": 18
        }
      },
      "branchMap": {
        "0": {
          "loc": { "start": { "line": 19, "column": 5 }, "end": { "line": 23, "column": 5 } },
          "type": "binary-expr",
          "locations": [
            { "start": { "line": 19, "column": 5 }, "end": { "line": 19, "column": 10 } },
            { "start": { "line": 20, "column": 6 }, "end": { "line": 22, "column": 16 } }
          ],
          "line": 19
        },
        "1": {
          "loc": { "start": { "line": 25, "column": 7 }, "end": { "line": 25, "column": 37 } },
          "type": "binary-expr",
          "locations": [
            { "start": { "line": 25, "column": 7 }, "end": { "line": 25, "column": 19 } },
            { "start": { "line": 25, "column": 23 }, "end": { "line": 25, "column": 37 } }
          ],
          "line": 25
        }
      },
      "s": { "0": 1, "1": 4, "2": 1 },
      "f": { "0": 4 },
      "b": { "0": [4, 4], "1": [4, 4] },
      "_coverageSchema": "43e27e138ebf9cfc5966b082cf9a028302ed4184",
      "hash": "2060d2340369ef58fbe028431cdaa1b22856f305"
    },
    "/Users/vijmishr/Documents/Projects/atomic-react-components/lib/components/molecules/QuoteMedia/QuoteMedia.style.js": {
      "path": "/Users/vijmishr/Documents/Projects/atomic-react-components/lib/components/molecules/QuoteMedia/QuoteMedia.style.js",
      "statementMap": {
        "0": { "start": { "line": 3, "column": 15 }, "end": { "line": 15, "column": 1 } },
        "1": { "start": { "line": 6, "column": 15 }, "end": { "line": 8, "column": 5 } },
        "2": { "start": { "line": 12, "column": 32 }, "end": { "line": 12, "column": 80 } },
        "3": { "start": { "line": 14, "column": 14 }, "end": { "line": 14, "column": 64 } }
      },
      "fnMap": {
        "0": {
          "name": "(anonymous_0)",
          "decl": { "start": { "line": 6, "column": 6 }, "end": { "line": 6, "column": 7 } },
          "loc": { "start": { "line": 6, "column": 15 }, "end": { "line": 8, "column": 5 } },
          "line": 6
        },
        "1": {
          "name": "(anonymous_1)",
          "decl": { "start": { "line": 12, "column": 22 }, "end": { "line": 12, "column": 23 } },
          "loc": { "start": { "line": 12, "column": 32 }, "end": { "line": 12, "column": 80 } },
          "line": 12
        },
        "2": {
          "name": "(anonymous_2)",
          "decl": { "start": { "line": 14, "column": 4 }, "end": { "line": 14, "column": 5 } },
          "loc": { "start": { "line": 14, "column": 14 }, "end": { "line": 14, "column": 64 } },
          "line": 14
        }
      },
      "branchMap": {
        "0": {
          "loc": { "start": { "line": 12, "column": 32 }, "end": { "line": 12, "column": 80 } },
          "type": "cond-expr",
          "locations": [
            { "start": { "line": 12, "column": 64 }, "end": { "line": 12, "column": 72 } },
            { "start": { "line": 12, "column": 75 }, "end": { "line": 12, "column": 80 } }
          ],
          "line": 12
        },
        "1": {
          "loc": { "start": { "line": 14, "column": 14 }, "end": { "line": 14, "column": 64 } },
          "type": "cond-expr",
          "locations": [
            { "start": { "line": 14, "column": 38 }, "end": { "line": 14, "column": 59 } },
            { "start": { "line": 14, "column": 62 }, "end": { "line": 14, "column": 64 } }
          ],
          "line": 14
        }
      },
      "s": { "0": 1, "1": 0, "2": 0, "3": 0 },
      "f": { "0": 0, "1": 0, "2": 0 },
      "b": { "0": [0, 0], "1": [0, 0] },
      "_coverageSchema": "43e27e138ebf9cfc5966b082cf9a028302ed4184",
      "hash": "440a83ee0e2cbfe7b7a849a6760b2253d991d068"
    },
    "/Users/vijmishr/Documents/Projects/atomic-react-components/lib/components/atoms/Heading/Heading.js": {
      "path": "/Users/vijmishr/Documents/Projects/atomic-react-components/lib/components/atoms/Heading/Heading.js",
      "statementMap": {
        "0": { "start": { "line": 17, "column": 16 }, "end": { "line": 32, "column": 1 } },
        "1": { "start": { "line": 25, "column": 2 }, "end": { "line": 31, "column": 16 } },
        "2": { "start": { "line": 34, "column": 0 }, "end": { "line": 38, "column": 2 } }
      },
      "fnMap": {
        "0": {
          "name": "(anonymous_0)",
          "decl": { "start": { "line": 17, "column": 16 }, "end": { "line": 17, "column": 17 } },
          "loc": { "start": { "line": 25, "column": 2 }, "end": { "line": 31, "column": 16 } },
          "line": 25
        }
      },
      "branchMap": {
        "0": {
          "loc": { "start": { "line": 20, "column": 2 }, "end": { "line": 20, "column": 20 } },
          "type": "default-arg",
          "locations": [
            { "start": { "line": 20, "column": 16 }, "end": { "line": 20, "column": 20 } }
          ],
          "line": 20
        },
        "1": {
          "loc": { "start": { "line": 27, "column": 18 }, "end": { "line": 27, "column": 94 } },
          "type": "binary-expr",
          "locations": [
            { "start": { "line": 27, "column": 18 }, "end": { "line": 27, "column": 32 } },
            { "start": { "line": 27, "column": 36 }, "end": { "line": 27, "column": 94 } }
          ],
          "line": 27
        }
      },
      "s": { "0": 2, "1": 3, "2": 2 },
      "f": { "0": 3 },
      "b": { "0": [0], "1": [3, 2] },
      "_coverageSchema": "43e27e138ebf9cfc5966b082cf9a028302ed4184",
      "hash": "41050086ad7dc981307630c3f1a331e745e207b2"
    },
    "/Users/vijmishr/Documents/Projects/atomic-react-components/lib/components/atoms/Heading/Heading.style.js": {
      "path": "/Users/vijmishr/Documents/Projects/atomic-react-components/lib/components/atoms/Heading/Heading.style.js",
      "statementMap": {
        "0": { "start": { "line": 5, "column": 4 }, "end": { "line": 16, "column": 5 } },
        "1": { "start": { "line": 7, "column": 8 }, "end": { "line": 7, "column": 46 } },
        "2": { "start": { "line": 9, "column": 8 }, "end": { "line": 9, "column": 46 } },
        "3": { "start": { "line": 11, "column": 8 }, "end": { "line": 11, "column": 46 } },
        "4": { "start": { "line": 13, "column": 8 }, "end": { "line": 13, "column": 46 } },
        "5": { "start": { "line": 15, "column": 8 }, "end": { "line": 15, "column": 51 } },
        "6": { "start": { "line": 18, "column": 14 }, "end": { "line": 18, "column": 64 } }
      },
      "fnMap": {
        "0": {
          "name": "(anonymous_0)",
          "decl": { "start": { "line": 4, "column": 4 }, "end": { "line": 4, "column": 5 } },
          "loc": { "start": { "line": 4, "column": 13 }, "end": { "line": 17, "column": 3 } },
          "line": 4
        },
        "1": {
          "name": "(anonymous_1)",
          "decl": { "start": { "line": 18, "column": 4 }, "end": { "line": 18, "column": 5 } },
          "loc": { "start": { "line": 18, "column": 14 }, "end": { "line": 18, "column": 64 } },
          "line": 18
        }
      },
      "branchMap": {
        "0": {
          "loc": { "start": { "line": 5, "column": 4 }, "end": { "line": 16, "column": 5 } },
          "type": "switch",
          "locations": [
            { "start": { "line": 6, "column": 6 }, "end": { "line": 7, "column": 46 } },
            { "start": { "line": 8, "column": 6 }, "end": { "line": 9, "column": 46 } },
            { "start": { "line": 10, "column": 6 }, "end": { "line": 11, "column": 46 } },
            { "start": { "line": 12, "column": 6 }, "end": { "line": 13, "column": 46 } },
            { "start": { "line": 14, "column": 6 }, "end": { "line": 15, "column": 51 } }
          ],
          "line": 5
        },
        "1": {
          "loc": { "start": { "line": 18, "column": 14 }, "end": { "line": 18, "column": 64 } },
          "type": "cond-expr",
          "locations": [
            { "start": { "line": 18, "column": 38 }, "end": { "line": 18, "column": 59 } },
            { "start": { "line": 18, "column": 62 }, "end": { "line": 18, "column": 64 } }
          ],
          "line": 18
        }
      },
      "s": { "0": 0, "1": 0, "2": 0, "3": 0, "4": 0, "5": 0, "6": 0 },
      "f": { "0": 0, "1": 0 },
      "b": { "0": [0, 0, 0, 0, 0], "1": [0, 0] },
      "_coverageSchema": "43e27e138ebf9cfc5966b082cf9a028302ed4184",
      "hash": "5ce56ea4abb55916be4937e07f920b4086ce307a"
    },
    "/Users/vijmishr/Documents/Projects/atomic-react-components/lib/components/atoms/Image/index.js": {
      "path": "/Users/vijmishr/Documents/Projects/atomic-react-components/lib/components/atoms/Image/index.js",
      "statementMap": {},
      "fnMap": {},
      "branchMap": {},
      "s": {},
      "f": {},
      "b": {},
      "_coverageSchema": "43e27e138ebf9cfc5966b082cf9a028302ed4184",
      "hash": "9928e8af7cf6f3b5e4e072c5b9979a460ae95f5d"
    },
    "/Users/vijmishr/Documents/Projects/atomic-react-components/lib/components/atoms/Image/Image.js": {
      "path": "/Users/vijmishr/Documents/Projects/atomic-react-components/lib/components/atoms/Image/Image.js",
      "statementMap": {
        "0": { "start": { "line": 22, "column": 14 }, "end": { "line": 54, "column": 1 } },
        "1": { "start": { "line": 35, "column": 2 }, "end": { "line": 53, "column": 4 } },
        "2": { "start": { "line": 49, "column": 12 }, "end": { "line": 49, "column": 46 } },
        "3": { "start": { "line": 56, "column": 0 }, "end": { "line": 63, "column": 2 } }
      },
      "fnMap": {
        "0": {
          "name": "(anonymous_0)",
          "decl": { "start": { "line": 22, "column": 14 }, "end": { "line": 22, "column": 15 } },
          "loc": { "start": { "line": 35, "column": 2 }, "end": { "line": 53, "column": 4 } },
          "line": 35
        },
        "1": {
          "name": "(anonymous_1)",
          "decl": { "start": { "line": 47, "column": 10 }, "end": { "line": 47, "column": 11 } },
          "loc": { "start": { "line": 47, "column": 19 }, "end": { "line": 50, "column": 11 } },
          "line": 47
        }
      },
      "branchMap": {
        "0": {
          "loc": { "start": { "line": 38, "column": 12 }, "end": { "line": 38, "column": 26 } },
          "type": "binary-expr",
          "locations": [
            { "start": { "line": 38, "column": 12 }, "end": { "line": 38, "column": 18 } },
            { "start": { "line": 38, "column": 22 }, "end": { "line": 38, "column": 26 } }
          ],
          "line": 38
        },
        "1": {
          "loc": { "start": { "line": 39, "column": 11 }, "end": { "line": 39, "column": 24 } },
          "type": "binary-expr",
          "locations": [
            { "start": { "line": 39, "column": 11 }, "end": { "line": 39, "column": 16 } },
            { "start": { "line": 39, "column": 20 }, "end": { "line": 39, "column": 24 } }
          ],
          "line": 39
        },
        "2": {
          "loc": { "start": { "line": 43, "column": 18 }, "end": { "line": 43, "column": 72 } },
          "type": "binary-expr",
          "locations": [
            { "start": { "line": 43, "column": 18 }, "end": { "line": 43, "column": 32 } },
            { "start": { "line": 43, "column": 36 }, "end": { "line": 43, "column": 72 } }
          ],
          "line": 43
        },
        "3": {
          "loc": { "start": { "line": 46, "column": 6 }, "end": { "line": 51, "column": 14 } },
          "type": "cond-expr",
          "locations": [
            { "start": { "line": 47, "column": 10 }, "end": { "line": 50, "column": 11 } },
            { "start": { "line": 51, "column": 10 }, "end": { "line": 51, "column": 14 } }
          ],
          "line": 46
        }
      },
      "s": { "0": 4, "1": 4, "2": 1, "3": 4 },
      "f": { "0": 4, "1": 1 },
      "b": { "0": [4, 4], "1": [4, 4], "2": [4, 1], "3": [3, 1] },
      "_coverageSchema": "43e27e138ebf9cfc5966b082cf9a028302ed4184",
      "hash": "cb69812da447b53902782ac1f3948681c28cd190"
    },
    "/Users/vijmishr/Documents/Projects/atomic-react-components/lib/components/atoms/Image/Image.style.js": {
      "path": "/Users/vijmishr/Documents/Projects/atomic-react-components/lib/components/atoms/Image/Image.style.js",
      "statementMap": {
        "0": { "start": { "line": 3, "column": 20 }, "end": { "line": 7, "column": 1 } },
        "1": { "start": { "line": 6, "column": 14 }, "end": { "line": 6, "column": 64 } }
      },
      "fnMap": {
        "0": {
          "name": "(anonymous_0)",
          "decl": { "start": { "line": 6, "column": 4 }, "end": { "line": 6, "column": 5 } },
          "loc": { "start": { "line": 6, "column": 14 }, "end": { "line": 6, "column": 64 } },
          "line": 6
        }
      },
      "branchMap": {
        "0": {
          "loc": { "start": { "line": 6, "column": 14 }, "end": { "line": 6, "column": 64 } },
          "type": "cond-expr",
          "locations": [
            { "start": { "line": 6, "column": 38 }, "end": { "line": 6, "column": 59 } },
            { "start": { "line": 6, "column": 62 }, "end": { "line": 6, "column": 64 } }
          ],
          "line": 6
        }
      },
      "s": { "0": 4, "1": 0 },
      "f": { "0": 0 },
      "b": { "0": [0, 0] },
      "_coverageSchema": "43e27e138ebf9cfc5966b082cf9a028302ed4184",
      "hash": "7ff4541822a6dc9e8fac50a37a3a6b5f68b62893"
    },
    "/Users/vijmishr/Documents/Projects/atomic-react-components/lib/components/molecules/Blockquote/index.js": {
      "path": "/Users/vijmishr/Documents/Projects/atomic-react-components/lib/components/molecules/Blockquote/index.js",
      "statementMap": {},
      "fnMap": {},
      "branchMap": {},
      "s": {},
      "f": {},
      "b": {},
      "_coverageSchema": "43e27e138ebf9cfc5966b082cf9a028302ed4184",
      "hash": "5a492253776a6113ec1711ebe4ba7600e4474886"
    },
    "/Users/vijmishr/Documents/Projects/atomic-react-components/lib/components/molecules/Blockquote/Blockquote.js": {
      "path": "/Users/vijmishr/Documents/Projects/atomic-react-components/lib/components/molecules/Blockquote/Blockquote.js",
      "statementMap": {
        "0": { "start": { "line": 16, "column": 19 }, "end": { "line": 21, "column": 1 } },
        "1": { "start": { "line": 17, "column": 2 }, "end": { "line": 20, "column": 15 } },
        "2": { "start": { "line": 23, "column": 0 }, "end": { "line": 26, "column": 2 } }
      },
      "fnMap": {
        "0": {
          "name": "(anonymous_0)",
          "decl": { "start": { "line": 16, "column": 19 }, "end": { "line": 16, "column": 20 } },
          "loc": { "start": { "line": 17, "column": 2 }, "end": { "line": 20, "column": 15 } },
          "line": 17
        }
      },
      "branchMap": {},
      "s": { "0": 2, "1": 6, "2": 2 },
      "f": { "0": 6 },
      "b": {},
      "_coverageSchema": "43e27e138ebf9cfc5966b082cf9a028302ed4184",
      "hash": "62eb485f3d2719615bea580c7d4b2b11cc126e94"
    },
    "/Users/vijmishr/Documents/Projects/atomic-react-components/lib/components/molecules/Blockquote/Blockquote.style.js": {
      "path": "/Users/vijmishr/Documents/Projects/atomic-react-components/lib/components/molecules/Blockquote/Blockquote.style.js",
      "statementMap": {
        "0": { "start": { "line": 3, "column": 15 }, "end": { "line": 33, "column": 1 } },
        "1": { "start": { "line": 5, "column": 13 }, "end": { "line": 7, "column": 5 } },
        "2": { "start": { "line": 9, "column": 15 }, "end": { "line": 11, "column": 7 } },
        "3": { "start": { "line": 15, "column": 15 }, "end": { "line": 18, "column": 5 } },
        "4": { "start": { "line": 25, "column": 20 }, "end": { "line": 25, "column": 52 } },
        "5": { "start": { "line": 26, "column": 15 }, "end": { "line": 30, "column": 5 } },
        "6": { "start": { "line": 32, "column": 14 }, "end": { "line": 32, "column": 64 } }
      },
      "fnMap": {
        "0": {
          "name": "(anonymous_0)",
          "decl": { "start": { "line": 5, "column": 4 }, "end": { "line": 5, "column": 5 } },
          "loc": { "start": { "line": 5, "column": 13 }, "end": { "line": 7, "column": 5 } },
          "line": 5
        },
        "1": {
          "name": "(anonymous_1)",
          "decl": { "start": { "line": 9, "column": 6 }, "end": { "line": 9, "column": 7 } },
          "loc": { "start": { "line": 9, "column": 15 }, "end": { "line": 11, "column": 7 } },
          "line": 9
        },
        "2": {
          "name": "(anonymous_2)",
          "decl": { "start": { "line": 15, "column": 6 }, "end": { "line": 15, "column": 7 } },
          "loc": { "start": { "line": 15, "column": 15 }, "end": { "line": 18, "column": 5 } },
          "line": 15
        },
        "3": {
          "name": "(anonymous_3)",
          "decl": { "start": { "line": 25, "column": 11 }, "end": { "line": 25, "column": 12 } },
          "loc": { "start": { "line": 25, "column": 20 }, "end": { "line": 25, "column": 52 } },
          "line": 25
        },
        "4": {
          "name": "(anonymous_4)",
          "decl": { "start": { "line": 26, "column": 6 }, "end": { "line": 26, "column": 7 } },
          "loc": { "start": { "line": 26, "column": 15 }, "end": { "line": 30, "column": 5 } },
          "line": 26
        },
        "5": {
          "name": "(anonymous_5)",
          "decl": { "start": { "line": 32, "column": 4 }, "end": { "line": 32, "column": 5 } },
          "loc": { "start": { "line": 32, "column": 14 }, "end": { "line": 32, "column": 64 } },
          "line": 32
        }
      },
      "branchMap": {
        "0": {
          "loc": { "start": { "line": 32, "column": 14 }, "end": { "line": 32, "column": 64 } },
          "type": "cond-expr",
          "locations": [
            { "start": { "line": 32, "column": 38 }, "end": { "line": 32, "column": 59 } },
            { "start": { "line": 32, "column": 62 }, "end": { "line": 32, "column": 64 } }
          ],
          "line": 32
        }
      },
      "s": { "0": 2, "1": 0, "2": 0, "3": 0, "4": 0, "5": 0, "6": 0 },
      "f": { "0": 0, "1": 0, "2": 0, "3": 0, "4": 0, "5": 0 },
      "b": { "0": [0, 0] },
      "_coverageSchema": "43e27e138ebf9cfc5966b082cf9a028302ed4184",
      "hash": "602ce405bc99432d47792862fd83ea0a23258d8f"
    },
    "/Users/vijmishr/Documents/Projects/atomic-react-components/lib/components/atoms/Para/index.js": {
      "path": "/Users/vijmishr/Documents/Projects/atomic-react-components/lib/components/atoms/Para/index.js",
      "statementMap": {},
      "fnMap": {},
      "branchMap": {},
      "s": {},
      "f": {},
      "b": {},
      "_coverageSchema": "43e27e138ebf9cfc5966b082cf9a028302ed4184",
      "hash": "c1067f16809d10e0bfc74458ab4573abe3de6efd"
    },
    "/Users/vijmishr/Documents/Projects/atomic-react-components/lib/components/atoms/Para/Para.js": {
      "path": "/Users/vijmishr/Documents/Projects/atomic-react-components/lib/components/atoms/Para/Para.js",
      "statementMap": {
        "0": { "start": { "line": 15, "column": 13 }, "end": { "line": 27, "column": 1 } },
        "1": { "start": { "line": 16, "column": 22 }, "end": { "line": 20, "column": 8 } },
        "2": { "start": { "line": 22, "column": 2 }, "end": { "line": 26, "column": 4 } },
        "3": { "start": { "line": 29, "column": 0 }, "end": { "line": 33, "column": 2 } }
      },
      "fnMap": {
        "0": {
          "name": "(anonymous_0)",
          "decl": { "start": { "line": 15, "column": 13 }, "end": { "line": 15, "column": 14 } },
          "loc": { "start": { "line": 15, "column": 99 }, "end": { "line": 27, "column": 1 } },
          "line": 15
        }
      },
      "branchMap": {
        "0": {
          "loc": { "start": { "line": 16, "column": 22 }, "end": { "line": 20, "column": 8 } },
          "type": "cond-expr",
          "locations": [
            { "start": { "line": 17, "column": 6 }, "end": { "line": 19, "column": 7 } },
            { "start": { "line": 20, "column": 6 }, "end": { "line": 20, "column": 8 } }
          ],
          "line": 16
        }
      },
      "s": { "0": 9, "1": 5, "2": 5, "3": 9 },
      "f": { "0": 5 },
      "b": { "0": [2, 3] },
      "_coverageSchema": "43e27e138ebf9cfc5966b082cf9a028302ed4184",
      "hash": "92ad2a849be7d3c9f910449edb5f9265fa21ae81"
    },
    "/Users/vijmishr/Documents/Projects/atomic-react-components/lib/components/atoms/Para/Para.style.js": {
      "path": "/Users/vijmishr/Documents/Projects/atomic-react-components/lib/components/atoms/Para/Para.style.js",
      "statementMap": {},
      "fnMap": {},
      "branchMap": {},
      "s": {},
      "f": {},
      "b": {},
      "_coverageSchema": "43e27e138ebf9cfc5966b082cf9a028302ed4184",
      "hash": "0c4679c5fac7e74c300b97e4c6ab456fdaa560ec"
    },
    "/Users/vijmishr/Documents/Projects/atomic-react-components/lib/components/molecules/Form/Form.js": {
      "path": "/Users/vijmishr/Documents/Projects/atomic-react-components/lib/components/molecules/Form/Form.js",
      "statementMap": {
        "0": { "start": { "line": 32, "column": 14 }, "end": { "line": 38, "column": 3 } },
        "1": { "start": { "line": 36, "column": 4 }, "end": { "line": 36, "column": 56 } },
        "2": { "start": { "line": 36, "column": 29 }, "end": { "line": 36, "column": 56 } },
        "3": { "start": { "line": 37, "column": 4 }, "end": { "line": 37, "column": 67 } },
        "4": { "start": { "line": 40, "column": 20 }, "end": { "line": 40, "column": 33 } },
        "5": { "start": { "line": 42, "column": 17 }, "end": { "line": 42, "column": 22 } },
        "6": { "start": { "line": 44, "column": 17 }, "end": { "line": 44, "column": 27 } },
        "7": { "start": { "line": 46, "column": 22 }, "end": { "line": 46, "column": 37 } },
        "8": { "start": { "line": 48, "column": 18 }, "end": { "line": 48, "column": 29 } },
        "9": { "start": { "line": 50, "column": 20 }, "end": { "line": 50, "column": 33 } },
        "10": { "start": { "line": 52, "column": 18 }, "end": { "line": 52, "column": 29 } },
        "11": { "start": { "line": 69, "column": 8 }, "end": { "line": 69, "column": 18 } },
        "12": { "start": { "line": 71, "column": 4 }, "end": { "line": 88, "column": 6 } },
        "13": { "start": { "line": 82, "column": 10 }, "end": { "line": 85, "column": 24 } },
        "14": { "start": { "line": 92, "column": 0 }, "end": { "line": 102, "column": 2 } }
      },
      "fnMap": {
        "0": {
          "name": "(anonymous_0)",
          "decl": { "start": { "line": 32, "column": 14 }, "end": { "line": 32, "column": 15 } },
          "loc": { "start": { "line": 35, "column": 7 }, "end": { "line": 38, "column": 3 } },
          "line": 35
        },
        "1": {
          "name": "(anonymous_1)",
          "decl": { "start": { "line": 54, "column": 2 }, "end": { "line": 54, "column": 3 } },
          "loc": { "start": { "line": 54, "column": 11 }, "end": { "line": 89, "column": 3 } },
          "line": 54
        },
        "2": {
          "name": "(anonymous_2)",
          "decl": { "start": { "line": 81, "column": 9 }, "end": { "line": 81, "column": 10 } },
          "loc": { "start": { "line": 82, "column": 10 }, "end": { "line": 85, "column": 24 } },
          "line": 82
        }
      },
      "branchMap": {
        "0": {
          "loc": { "start": { "line": 33, "column": 4 }, "end": { "line": 33, "column": 47 } },
          "type": "default-arg",
          "locations": [
            { "start": { "line": 33, "column": 43 }, "end": { "line": 33, "column": 47 } }
          ],
          "line": 33
        },
        "1": {
          "loc": { "start": { "line": 34, "column": 4 }, "end": { "line": 34, "column": 42 } },
          "type": "default-arg",
          "locations": [
            { "start": { "line": 34, "column": 38 }, "end": { "line": 34, "column": 42 } }
          ],
          "line": 34
        },
        "2": {
          "loc": { "start": { "line": 36, "column": 4 }, "end": { "line": 36, "column": 56 } },
          "type": "if",
          "locations": [
            { "start": { "line": 36, "column": 4 }, "end": { "line": 36, "column": 56 } },
            { "start": { "line": 36, "column": 4 }, "end": { "line": 36, "column": 56 } }
          ],
          "line": 36
        },
        "3": {
          "loc": { "start": { "line": 37, "column": 11 }, "end": { "line": 37, "column": 66 } },
          "type": "cond-expr",
          "locations": [
            { "start": { "line": 37, "column": 30 }, "end": { "line": 37, "column": 59 } },
[...]
        },
        "4": {
          "name": "(anonymous_4)",
          "decl": { "start": { "line": 26, "column": 4 }, "end": { "line": 26, "column": 5 } },
          "loc": { "start": { "line": 26, "column": 14 }, "end": { "line": 26, "column": 87 } },
          "line": 26
        },
        "5": {
          "name": "(anonymous_5)",
          "decl": { "start": { "line": 27, "column": 4 }, "end": { "line": 27, "column": 5 } },
          "loc": { "start": { "line": 27, "column": 14 }, "end": { "line": 27, "column": 83 } },
          "line": 27
        },
        "6": {
          "name": "(anonymous_6)",
          "decl": { "start": { "line": 28, "column": 4 }, "end": { "line": 28, "column": 5 } },
          "loc": { "start": { "line": 28, "column": 14 }, "end": { "line": 28, "column": 64 } },
          "line": 28
        },
        "7": {
          "name": "(anonymous_7)",
          "decl": { "start": { "line": 33, "column": 6 }, "end": { "line": 33, "column": 7 } },
          "loc": { "start": { "line": 33, "column": 15 }, "end": { "line": 33, "column": 53 } },
          "line": 33
        }
      },
      "branchMap": {
        "0": {
          "loc": { "start": { "line": 21, "column": 4 }, "end": { "line": 23, "column": 10 } },
          "type": "cond-expr",
          "locations": [
            { "start": { "line": 22, "column": 8 }, "end": { "line": 22, "column": 71 } },
            { "start": { "line": 23, "column": 8 }, "end": { "line": 23, "column": 10 } }
          ],
          "line": 21
        },
        "1": {
          "loc": { "start": { "line": 24, "column": 14 }, "end": { "line": 24, "column": 81 } },
          "type": "cond-expr",
          "locations": [
            { "start": { "line": 24, "column": 43 }, "end": { "line": 24, "column": 76 } },
            { "start": { "line": 24, "column": 79 }, "end": { "line": 24, "column": 81 } }
          ],
          "line": 24
        },
        "2": {
          "loc": { "start": { "line": 25, "column": 14 }, "end": { "line": 25, "column": 87 } },
          "type": "cond-expr",
          "locations": [
            { "start": { "line": 25, "column": 46 }, "end": { "line": 25, "column": 82 } },
            { "start": { "line": 25, "column": 85 }, "end": { "line": 25, "column": 87 } }
          ],
          "line": 25
        },
        "3": {
          "loc": { "start": { "line": 26, "column": 14 }, "end": { "line": 26, "column": 87 } },
          "type": "cond-expr",
          "locations": [
            { "start": { "line": 26, "column": 46 }, "end": { "line": 26, "column": 82 } },
            { "start": { "line": 26, "column": 85 }, "end": { "line": 26, "column": 87 } }
          ],
          "line": 26
        },
        "4": {
          "loc": { "start": { "line": 27, "column": 14 }, "end": { "line": 27, "column": 83 } },
          "type": "cond-expr",
          "locations": [
            { "start": { "line": 27, "column": 44 }, "end": { "line": 27, "column": 78 } },
            { "start": { "line": 27, "column": 81 }, "end": { "line": 27, "column": 83 } }
          ],
          "line": 27
        },
        "5": {
          "loc": { "start": { "line": 28, "column": 14 }, "end": { "line": 28, "column": 64 } },
          "type": "cond-expr",
          "locations": [
            { "start": { "line": 28, "column": 38 }, "end": { "line": 28, "column": 59 } },
            { "start": { "line": 28, "column": 62 }, "end": { "line": 28, "column": 64 } }
          ],
          "line": 28
        }
      },
      "s": { "0": 1, "1": 0, "2": 0, "3": 0, "4": 0, "5": 0, "6": 0, "7": 0, "8": 0 },
      "f": { "0": 0, "1": 0, "2": 0, "3": 0, "4": 0, "5": 0, "6": 0, "7": 0 },
      "b": { "0": [0, 0], "1": [0, 0], "2": [0, 0], "3": [0, 0], "4": [0, 0], "5": [0, 0] },
      "_coverageSchema": "43e27e138ebf9cfc5966b082cf9a028302ed4184",
      "hash": "e52b0587d9f3a8430919184e2de9434bdc0ac999"
    },
    "/Users/vijmishr/Documents/Projects/atomic-react-components/lib/components/atoms/Icon/index.js": {
      "path": "/Users/vijmishr/Documents/Projects/atomic-react-components/lib/components/atoms/Icon/index.js",
      "statementMap": {},
      "fnMap": {},
      "branchMap": {},
      "s": {},
      "f": {},
      "b": {},
      "_coverageSchema": "43e27e138ebf9cfc5966b082cf9a028302ed4184",
      "hash": "bfa322333d0a968f97f23250d1efe9b333d2ee7e"
    },
    "/Users/vijmishr/Documents/Projects/atomic-react-components/lib/components/atoms/Icon/Icon.js": {
      "path": "/Users/vijmishr/Documents/Projects/atomic-react-components/lib/components/atoms/Icon/Icon.js",
      "statementMap": {
        "0": { "start": { "line": 14, "column": 13 }, "end": { "line": 20, "column": 1 } },
        "1": { "start": { "line": 15, "column": 2 }, "end": { "line": 19, "column": 4 } }
      },
      "fnMap": {
        "0": {
          "name": "(anonymous_0)",
          "decl": { "start": { "line": 14, "column": 13 }, "end": { "line": 14, "column": 14 } },
          "loc": { "start": { "line": 14, "column": 63 }, "end": { "line": 20, "column": 1 } },
          "line": 14
        }
      },
      "branchMap": {},
      "s": { "0": 1, "1": 2 },
      "f": { "0": 2 },
      "b": {},
      "_coverageSchema": "43e27e138ebf9cfc5966b082cf9a028302ed4184",
      "hash": "9d815a820b3f76ec9712b0e95462f76974c1ce31"
    },
    "/Users/vijmishr/Documents/Projects/atomic-react-components/lib/components/atoms/Icon/Icon.style.js": {
      "path": "/Users/vijmishr/Documents/Projects/atomic-react-components/lib/components/atoms/Icon/Icon.style.js",
      "statementMap": {
        "0": { "start": { "line": 9, "column": 39 }, "end": { "line": 9, "column": 66 } },
        "1": { "start": { "line": 13, "column": 23 }, "end": { "line": 13, "column": 57 } },
        "2": { "start": { "line": 14, "column": 24 }, "end": { "line": 14, "column": 60 } },
        "3": { "start": { "line": 17, "column": 14 }, "end": { "line": 17, "column": 64 } }
      },
      "fnMap": {
        "0": {
          "name": "(anonymous_0)",
          "decl": { "start": { "line": 9, "column": 30 }, "end": { "line": 9, "column": 31 } },
          "loc": { "start": { "line": 9, "column": 39 }, "end": { "line": 9, "column": 66 } },
          "line": 9
        },
        "1": {
          "name": "(anonymous_1)",
          "decl": { "start": { "line": 13, "column": 13 }, "end": { "line": 13, "column": 14 } },
          "loc": { "start": { "line": 13, "column": 23 }, "end": { "line": 13, "column": 57 } },
          "line": 13
        },
        "2": {
          "name": "(anonymous_2)",
          "decl": { "start": { "line": 14, "column": 14 }, "end": { "line": 14, "column": 15 } },
          "loc": { "start": { "line": 14, "column": 24 }, "end": { "line": 14, "column": 60 } },
          "line": 14
        },
        "3": {
          "name": "(anonymous_3)",
          "decl": { "start": { "line": 17, "column": 4 }, "end": { "line": 17, "column": 5 } },
          "loc": { "start": { "line": 17, "column": 14 }, "end": { "line": 17, "column": 64 } },
          "line": 17
        }
      },
      "branchMap": {
        "0": {
          "loc": { "start": { "line": 13, "column": 23 }, "end": { "line": 13, "column": 57 } },
          "type": "cond-expr",
          "locations": [
            { "start": { "line": 13, "column": 37 }, "end": { "line": 13, "column": 48 } },
            { "start": { "line": 13, "column": 51 }, "end": { "line": 13, "column": 57 } }
          ],
          "line": 13
        },
        "1": {
          "loc": { "start": { "line": 14, "column": 24 }, "end": { "line": 14, "column": 60 } },
          "type": "cond-expr",
          "locations": [
            { "start": { "line": 14, "column": 39 }, "end": { "line": 14, "column": 51 } },
            { "start": { "line": 14, "column": 54 }, "end": { "line": 14, "column": 60 } }
          ],
          "line": 14
        },
        "2": {
          "loc": { "start": { "line": 17, "column": 14 }, "end": { "line": 17, "column": 64 } },
          "type": "cond-expr",
          "locations": [
            { "start": { "line": 17, "column": 38 }, "end": { "line": 17, "column": 59 } },
            { "start": { "line": 17, "column": 62 }, "end": { "line": 17, "column": 64 } }
          ],
          "line": 17
        }
      },
      "s": { "0": 0, "1": 0, "2": 0, "3": 0 },
      "f": { "0": 0, "1": 0, "2": 0, "3": 0 },
      "b": { "0": [0, 0], "1": [0, 0], "2": [0, 0] },
      "_coverageSchema": "43e27e138ebf9cfc5966b082cf9a028302ed4184",
      "hash": "7dc14e97710f778a058b1edfe72ffe8137cf4b3e"
    },
    "/Users/vijmishr/Documents/Projects/atomic-react-components/lib/components/molecules/ArticleThumbnail/index.js": {
      "path": "/Users/vijmishr/Documents/Projects/atomic-react-components/lib/components/molecules/ArticleThumbnail/index.js",
      "statementMap": {},
      "fnMap": {},
      "branchMap": {},
      "s": {},
      "f": {},
      "b": {},
      "_coverageSchema": "43e27e138ebf9cfc5966b082cf9a028302ed4184",
      "hash": "ff3c83df98e5d8495848a6137e6257013947a586"
    },
    "/Users/vijmishr/Documents/Projects/atomic-react-components/lib/components/molecules/ArticleThumbnail/ArticleThumbnail.js": {
      "path": "/Users/vijmishr/Documents/Projects/atomic-react-components/lib/components/molecules/ArticleThumbnail/ArticleThumbnail.js",
      "statementMap": {
        "0": { "start": { "line": 15, "column": 25 }, "end": { "line": 15, "column": 96 } },
        "1": { "start": { "line": 15, "column": 52 }, "end": { "line": 15, "column": 96 } },
        "2": { "start": { "line": 17, "column": 25 }, "end": { "line": 38, "column": 1 } },
        "3": { "start": { "line": 24, "column": 19 }, "end": { "line": 24, "column": 39 } },
        "4": { "start": { "line": 25, "column": 2 }, "end": { "line": 27, "column": 3 } },
        "5": { "start": { "line": 26, "column": 4 }, "end": { "line": 26, "column": 59 } },
        "6": { "start": { "line": 28, "column": 2 }, "end": { "line": 31, "column": 3 } },
        "7": { "start": { "line": 29, "column": 25 }, "end": { "line": 29, "column": 71 } },
        "8": { "start": { "line": 30, "column": 4 }, "end": { "line": 30, "column": 94 } },
        "9": { "start": { "line": 33, "column": 2 }, "end": { "line": 37, "column": 4 } },
        "10": { "start": { "line": 40, "column": 0 }, "end": { "line": 42, "column": 2 } }
      },
      "fnMap": {
        "0": {
          "name": "(anonymous_0)",
          "decl": { "start": { "line": 15, "column": 25 }, "end": { "line": 15, "column": 26 } },
          "loc": { "start": { "line": 15, "column": 52 }, "end": { "line": 15, "column": 96 } },
          "line": 15
        },
        "1": {
          "name": "(anonymous_1)",
          "decl": { "start": { "line": 17, "column": 25 }, "end": { "line": 17, "column": 26 } },
          "loc": { "start": { "line": 23, "column": 19 }, "end": { "line": 38, "column": 1 } },
          "line": 23
        }
      },
      "branchMap": {
        "0": {
          "loc": { "start": { "line": 25, "column": 2 }, "end": { "line": 27, "column": 3 } },
          "type": "if",
          "locations": [
            { "start": { "line": 25, "column": 2 }, "end": { "line": 27, "column": 3 } },
            { "start": { "line": 25, "column": 2 }, "end": { "line": 27, "column": 3 } }
          ],
          "line": 25
        },
        "1": {
          "loc": { "start": { "line": 25, "column": 6 }, "end": { "line": 25, "column": 36 } },
          "type": "binary-expr",
          "locations": [
            { "start": { "line": 25, "column": 6 }, "end": { "line": 25, "column": 21 } },
            { "start": { "line": 25, "column": 25 }, "end": { "line": 25, "column": 36 } }
          ],
          "line": 25
        },
        "2": {
          "loc": { "start": { "line": 28, "column": 2 }, "end": { "line": 31, "column": 3 } },
          "type": "if",
          "locations": [
            { "start": { "line": 28, "column": 2 }, "end": { "line": 31, "column": 3 } },
            { "start": { "line": 28, "column": 2 }, "end": { "line": 31, "column": 3 } }
          ],
          "line": 28
        }
      },
      "s": {
        "0": 1,
        "1": 3,
        "2": 1,
        "3": 2,
        "4": 2,
        "5": 1,
        "6": 2,
        "7": 1,
        "8": 1,
        "9": 1,
        "10": 1
      },
      "f": { "0": 3, "1": 2 },
      "b": { "0": [1, 1], "1": [2, 1], "2": [1, 1] },
      "_coverageSchema": "43e27e138ebf9cfc5966b082cf9a028302ed4184",
      "hash": "1e26b7404e5b8ed95456b55da512bc074c2a19a7"
    },
    "/Users/vijmishr/Documents/Projects/atomic-react-components/lib/components/molecules/ArticleThumbnail/ArticleThumbnail.style.js": {
      "path": "/Users/vijmishr/Documents/Projects/atomic-react-components/lib/components/molecules/ArticleThumbnail/ArticleThumbnail.style.js",
      "statementMap": {
        "0": { "start": { "line": 3, "column": 15 }, "end": { "line": 8, "column": 1 } }
      },
      "fnMap": {},
      "branchMap": {},
      "s": { "0": 1 },
      "f": {},
      "b": {},
      "_coverageSchema": "43e27e138ebf9cfc5966b082cf9a028302ed4184",
      "hash": "4b2da32a16e992003e01afb184de8233745c67ef"
    },
    "/Users/vijmishr/Documents/Projects/atomic-react-components/lib/components/molecules/Blockquote/types/index.js": {
      "path": "/Users/vijmishr/Documents/Projects/atomic-react-components/lib/components/molecules/Blockquote/types/index.js",
      "statementMap": {},
      "fnMap": {},
      "branchMap": {},
      "s": {},
      "f": {},
      "b": {},
      "hash": "46cea87e7bf069410ee6641f6df033cb0ed8d160"
    },
    "/Users/vijmishr/Documents/Projects/atomic-react-components/lib/components/molecules/QuoteMedia/types/index.js": {
      "path": "/Users/vijmishr/Documents/Projects/atomic-react-components/lib/components/molecules/QuoteMedia/types/index.js",
      "statementMap": {},
      "fnMap": {},
      "branchMap": {},
      "s": {},
      "f": {},
      "b": {},
      "hash": "3d5885dd07383d0b34f5afca80fc85479d6d0fb8"
    },
    "/Users/vijmishr/Documents/Projects/atomic-react-components/lib/components/molecules/ArticleThumbnail/types/index.js": {
      "path": "/Users/vijmishr/Documents/Projects/atomic-react-components/lib/components/molecules/ArticleThumbnail/types/index.js",
      "statementMap": {},
      "fnMap": {},
      "branchMap": {},
      "s": {},
      "f": {},
      "b": {},
      "hash": "8c834df18cf378839456eae533e0a1095037a771"
    },
    "/Users/vijmishr/Documents/Projects/atomic-react-components/lib/components/molecules/Tabs/types/index.js": {
      "path": "/Users/vijmishr/Documents/Projects/atomic-react-components/lib/components/molecules/Tabs/types/index.js",
      "statementMap": {},
      "fnMap": {},
      "branchMap": {},
      "s": {},
      "f": {},
      "b": {},
      "hash": "6284aaad3158d85a68002c57d18914034c1ec106"
    },
    "/Users/vijmishr/Documents/Projects/atomic-react-components/lib/components/atoms/Video/types/index.js": {
      "path": "/Users/vijmishr/Documents/Projects/atomic-react-components/lib/components/atoms/Video/types/index.js",
      "statementMap": {},
      "fnMap": {},
      "branchMap": {},
      "s": {},
      "f": {},
      "b": {},
      "hash": "8cf872006ae15cfdd98959841279363c13bc4a94"
    },
    "/Users/vijmishr/Documents/Projects/atomic-react-components/lib/components/molecules/Modal/index.js": {
      "path": "/Users/vijmishr/Documents/Projects/atomic-react-components/lib/components/molecules/Modal/index.js",
      "statementMap": {},
      "fnMap": {},
      "branchMap": {},
      "s": {},
      "f": {},
      "b": {},
      "hash": "c6601f167015e0f96d2b5b603aa6fa9e42e118be"
    },
    "/Users/vijmishr/Documents/Projects/atomic-react-components/lib/core/utils/getDisplayName.js": {
      "path": "/Users/vijmishr/Documents/Projects/atomic-react-components/lib/core/utils/getDisplayName.js",
      "statementMap": {
        "0": { "start": { "line": 1, "column": 30 }, "end": { "line": 3, "column": 1 } },
        "1": { "start": { "line": 2, "column": 2 }, "end": { "line": 2, "column": 78 } }
      },
      "fnMap": {
        "0": {
          "name": "(anonymous_0)",
          "decl": { "start": { "line": 1, "column": 30 }, "end": { "line": 1, "column": 31 } },
          "loc": { "start": { "line": 1, "column": 50 }, "end": { "line": 3, "column": 1 } },
          "line": 1
        }
      },
      "branchMap": {
        "0": {
          "loc": { "start": { "line": 2, "column": 9 }, "end": { "line": 2, "column": 77 } },
          "type": "binary-expr",
          "locations": [
            { "start": { "line": 2, "column": 9 }, "end": { "line": 2, "column": 37 } },
            { "start": { "line": 2, "column": 41 }, "end": { "line": 2, "column": 62 } },
            { "start": { "line": 2, "column": 66 }, "end": { "line": 2, "column": 77 } }
          ],
          "line": 2
        }
      },
      "s": { "0": 0, "1": 0 },
      "f": { "0": 0 },
      "b": { "0": [0, 0, 0] },
      "hash": "1bb2f3ef3a55b5e3b5e1909c7b53083615f6146e"
    },
    "/Users/vijmishr/Documents/Projects/atomic-react-components/lib/components/molecules/Popover/types/index.js": {
      "path": "/Users/vijmishr/Documents/Projects/atomic-react-components/lib/components/molecules/Popover/types/index.js",
      "statementMap": {},
      "fnMap": {},
      "branchMap": {},
      "s": {},
      "f": {},
      "b": {},
      "hash": "5604eae8f89b92abad7cc27643884d18b41f29c8"
    },
    "/Users/vijmishr/Documents/Projects/atomic-react-components/lib/components/atoms/Track/types/index.js": {
      "path": "/Users/vijmishr/Documents/Projects/atomic-react-components/lib/components/atoms/Track/types/index.js",
      "statementMap": {},
      "fnMap": {},
      "branchMap": {},
      "s": {},
      "f": {},
      "b": {},
      "hash": "1156b5e625ed782582ea71292729b49b486e8be9"
    },
    "/Users/vijmishr/Documents/Projects/atomic-react-components/lib/components/molecules/QuoteMedia/index.js": {
      "path": "/Users/vijmishr/Documents/Projects/atomic-react-components/lib/components/molecules/QuoteMedia/index.js",
      "statementMap": {},
      "fnMap": {},
      "branchMap": {},
      "s": {},
      "f": {},
      "b": {},
      "hash": "73f83d881e0fa76a9f4b25788b3a210e86edface"
    },
    "/Users/vijmishr/Documents/Projects/atomic-react-components/lib/components/molecules/Breadcrumb/types/index.js": {
      "path": "/Users/vijmishr/Documents/Projects/atomic-react-components/lib/components/molecules/Breadcrumb/types/index.js",
      "statementMap": {},
      "fnMap": {},
      "branchMap": {},
      "s": {},
      "f": {},
      "b": {},
      "hash": "de4c63ae35f220fd3033983e71e61d613a8a4353"
    },
    "/Users/vijmishr/Documents/Projects/atomic-react-components/lib/components/molecules/Toast/types/index.js": {
      "path": "/Users/vijmishr/Documents/Projects/atomic-react-components/lib/components/molecules/Toast/types/index.js",
      "statementMap": {},
      "fnMap": {},
      "branchMap": {},
      "s": {},
      "f": {},
      "b": {},
      "hash": "cf80f54eb3effa277bf365b84f28c8a3570f360d"
    },
    "/Users/vijmishr/Documents/Projects/atomic-react-components/lib/components/molecules/Form/FieldToggle/types/index.js": {
      "path": "/Users/vijmishr/Documents/Projects/atomic-react-components/lib/components/molecules/Form/FieldToggle/types/index.js",
      "statementMap": {},
      "fnMap": {},
      "branchMap": {},
      "s": {},
      "f": {},
      "b": {},
      "hash": "9525555c224658c70343f4ec2e3cd96d2b8cc933"
    },
    "/Users/vijmishr/Documents/Projects/atomic-react-components/lib/components/atoms/Icon/types/index.js": {
      "path": "/Users/vijmishr/Documents/Projects/atomic-react-components/lib/components/atoms/Icon/types/index.js",
      "statementMap": {},
      "fnMap": {},
      "branchMap": {},
      "s": {},
      "f": {},
      "b": {},
      "hash": "c16b0e16decaacf370bd641f35a2e6a48479dbed"
    }
  }
}
