{
  "numFailedTestSuites": 0,
  "numFailedTests": 0,
  "numPassedTestSuites": 39,
  "numPassedTests": 135,
  "numPendingTestSuites": 0,
  "numPendingTests": 0,
  "numRuntimeErrorTestSuites": 0,
  "numTodoTests": 0,
  "numTotalTestSuites": 39,
  "numTotalTests": 135,
  "openHandles": [],
  "snapshot": {
    "added": 0,
    "didUpdate": true,
    "failure": false,
    "filesAdded": 0,
    "filesRemoved": 0,
    "filesRemovedList": [],
    "filesUnmatched": 0,
    "filesUpdated": 0,
    "matched": 45,
    "total": 45,
    "unchecked": 0,
    "uncheckedKeysByFile": [],
    "unmatched": 0,
    "updated": 0
  },
  "startTime": 1577158256558,
  "success": true,
  "testResults": [
    {
      "assertionResults": [
        {
          "ancestorTitles": ["Table"],
          "failureMessages": [],
          "fullName": "Table should render correctly",
          "location": null,
          "status": "passed",
          "title": "should render correctly"
        },
        {
          "ancestorTitles": ["Table"],
          "failureMessages": [],
          "fullName": "Table should have table component",
          "location": null,
          "status": "passed",
          "title": "should have table component"
        },
        {
          "ancestorTitles": ["Table"],
          "failureMessages": [],
          "fullName": "Table should have thead component",
          "location": null,
          "status": "passed",
          "title": "should have thead component"
        },
        {
          "ancestorTitles": ["Table"],
          "failureMessages": [],
          "fullName": "Table should have tbody component",
          "location": null,
          "status": "passed",
          "title": "should have tbody component"
        },
        {
          "ancestorTitles": ["Table"],
          "failureMessages": [],
          "fullName": "Table should have th is equal to number of columns",
          "location": null,
          "status": "passed",
          "title": "should have th is equal to number of columns"
        },
        {
          "ancestorTitles": ["Table"],
          "failureMessages": [],
          "fullName": "Table should have tr is equal to number of data rows",
          "location": null,
          "status": "passed",
          "title": "should have tr is equal to number of data rows"
        },
        {
          "ancestorTitles": ["Table"],
          "failureMessages": [],
          "fullName": "Table should loop through each row and check the content",
          "location": null,
          "status": "passed",
          "title": "should loop through each row and check the content"
        }
      ],
      "endTime": 1577158274204,
      "message": "",
      "name": "C:\\Users\\salkapoo\\Desktop\\Learning\\Atomic-Component\\atomic-react-components\\lib\\components\\molecules\\Table\\tests\\Table.test.js",
      "startTime": 1577158268692,
      "status": "passed",
      "summary": ""
    },
    {
      "assertionResults": [
        {
          "ancestorTitles": ["<Video />"],
          "failureMessages": [],
          "fullName": "<Video /> should have video tag",
          "location": null,
          "status": "passed",
          "title": "should have video tag"
        },
        {
          "ancestorTitles": ["<Video />"],
          "failureMessages": [],
          "fullName": "<Video /> should have source tag in video",
          "location": null,
          "status": "passed",
          "title": "should have source tag in video"
        },
        {
          "ancestorTitles": ["<Video />"],
          "failureMessages": [],
          "fullName": "<Video /> should have src attribute in source tag",
          "location": null,
          "status": "passed",
          "title": "should have src attribute in source tag"
        },
        {
          "ancestorTitles": ["<Video />"],
          "failureMessages": [],
          "fullName": "<Video /> should not be autoplay",
          "location": null,
          "status": "passed",
          "title": "should not be autoplay"
        },
        {
          "ancestorTitles": ["<Video />"],
          "failureMessages": [],
          "fullName": "<Video /> should not have track element only should have Track component",
          "location": null,
          "status": "passed",
          "title": "should not have track element only should have Track component"
        },
        {
          "ancestorTitles": ["<Video />"],
          "failureMessages": [],
          "fullName": "<Video /> should have children",
          "location": null,
          "status": "passed",
          "title": "should have children"
        },
        {
          "ancestorTitles": ["<Video />"],
          "failureMessages": [],
          "fullName": "<Video /> track component without data",
          "location": null,
          "status": "passed",
          "title": "track component without data"
        },
        {
          "ancestorTitles": ["<Video />"],
          "failureMessages": [],
          "fullName": "<Video /> should render correctly",
          "location": null,
          "status": "passed",
          "title": "should render correctly"
        }
      ],
      "endTime": 1577158275062,
      "message": "",
      "name": "C:\\Users\\salkapoo\\Desktop\\Learning\\Atomic-Component\\atomic-react-components\\lib\\components\\atoms\\Video\\tests\\Video.test.js",
      "startTime": 1577158268644,
      "status": "passed",
      "summary": ""
    },
    {
      "assertionResults": [
        {
          "ancestorTitles": ["<Popover /> Rendering"],
          "failureMessages": [],
          "fullName": "<Popover /> Rendering should render correctly",
          "location": null,
          "status": "passed",
          "title": "should render correctly"
        },
        {
          "ancestorTitles": ["Popover functional behavior"],
          "failureMessages": [],
          "fullName": "Popover functional behavior Should have Close Button By Default and can be closed",
          "location": null,
          "status": "passed",
          "title": "Should have Close Button By Default and can be closed"
        },
        {
          "ancestorTitles": ["Popover functional behavior"],
          "failureMessages": [],
          "fullName": "Popover functional behavior Should open By Default when isVisible set to true",
          "location": null,
          "status": "passed",
          "title": "Should open By Default when isVisible set to true"
        },
        {
          "ancestorTitles": ["Popover functional behavior"],
          "failureMessages": [],
          "fullName": "Popover functional behavior Should open and close on Trigger and X button click",
          "location": null,
          "status": "passed",
          "title": "Should open and close on Trigger and X button click"
        }
      ],
      "endTime": 1577158276233,
      "message": "",
      "name": "C:\\Users\\salkapoo\\Desktop\\Learning\\Atomic-Component\\atomic-react-components\\lib\\components\\molecules\\Popover\\tests\\Popover.test.js",
      "startTime": 1577158274935,
      "status": "passed",
      "summary": ""
    },
    {
      "assertionResults": [
        {
          "ancestorTitles": ["<Typeahead />"],
          "failureMessages": [],
          "fullName": "<Typeahead /> should render correctly",
          "location": null,
          "status": "passed",
          "title": "should render correctly"
        },
        {
          "ancestorTitles": ["<Typeahead />"],
          "failureMessages": [],
          "fullName": "<Typeahead /> should render .typeahead-component correctly",
          "location": null,
          "status": "passed",
          "title": "should render .typeahead-component correctly"
        },
        {
          "ancestorTitles": ["<Typeahead />"],
          "failureMessages": [],
          "fullName": "<Typeahead /> should render label correctly",
          "location": null,
          "status": "passed",
          "title": "should render label correctly"
        },
        {
          "ancestorTitles": ["<Typeahead />"],
          "failureMessages": [],
          "fullName": "<Typeahead /> should render input correctly",
          "location": null,
          "status": "passed",
          "title": "should render input correctly"
        },
        {
          "ancestorTitles": ["<Typeahead />"],
          "failureMessages": [],
          "fullName": "<Typeahead /> should render search type input correctly",
          "location": null,
          "status": "passed",
          "title": "should render search type input correctly"
        },
        {
          "ancestorTitles": ["<Typeahead />"],
          "failureMessages": [],
          "fullName": "<Typeahead /> should not render List by default",
          "location": null,
          "status": "passed",
          "title": "should not render List by default"
        },
        {
          "ancestorTitles": ["<Typeahead />"],
          "failureMessages": [],
          "fullName": "<Typeahead /> should render onchange event",
          "location": null,
          "status": "passed",
          "title": "should render onchange event"
        },
        {
          "ancestorTitles": ["<Typeahead />"],
          "failureMessages": [],
          "fullName": "<Typeahead /> should render input only 1s",
          "location": null,
          "status": "passed",
          "title": "should render input only 1s"
        },
        {
          "ancestorTitles": ["<Typeahead />"],
          "failureMessages": [],
          "fullName": "<Typeahead /> should render label only 1s",
          "location": null,
          "status": "passed",
          "title": "should render label only 1s"
        },
        {
          "ancestorTitles": ["<Typeahead />"],
          "failureMessages": [],
          "fullName": "<Typeahead /> should not render list item",
          "location": null,
          "status": "passed",
          "title": "should not render list item"
        },
        {
          "ancestorTitles": ["<Typeahead />"],
          "failureMessages": [],
          "fullName": "<Typeahead /> should show list",
          "location": null,
          "status": "passed",
          "title": "should show list"
        },
        {
          "ancestorTitles": ["<Typeahead />"],
          "failureMessages": [],
          "fullName": "<Typeahead /> should return single list item",
          "location": null,
          "status": "passed",
          "title": "should return single list item"
        },
        {
          "ancestorTitles": ["<Typeahead />"],
          "failureMessages": [],
          "fullName": "<Typeahead /> should select particular list item by click",
          "location": null,
          "status": "passed",
          "title": "should select particular list item by click"
        },
        {
          "ancestorTitles": ["<Typeahead />"],
          "failureMessages": [],
          "fullName": "<Typeahead /> should render span with id `initInstr`",
          "location": null,
          "status": "passed",
          "title": "should render span with id `initInstr`"
        },
        {
          "ancestorTitles": ["<Typeahead />"],
          "failureMessages": [],
          "fullName": "<Typeahead /> should render the input with `aria-autocomplete`",
          "location": null,
          "status": "passed",
          "title": "should render the input with `aria-autocomplete`"
        },
        {
          "ancestorTitles": ["<Typeahead />"],
          "failureMessages": [],
          "fullName": "<Typeahead /> should render the input with `aria-activedescendant`",
          "location": null,
          "status": "passed",
          "title": "should render the input with `aria-activedescendant`"
        },
        {
          "ancestorTitles": ["<Typeahead />"],
          "failureMessages": [],
          "fullName": "<Typeahead /> should render the input with `aria-describedby`",
          "location": null,
          "status": "passed",
          "title": "should render the input with `aria-describedby`"
        },
        {
          "ancestorTitles": ["<Typeahead />"],
          "failureMessages": [],
          "fullName": "<Typeahead /> should render the list items with `role=\"option\"`",
          "location": null,
          "status": "passed",
          "title": "should render the list items with `role=\"option\"`"
        },
        {
          "ancestorTitles": ["<Typeahead />"],
          "failureMessages": [],
          "fullName": "<Typeahead /> should render the list items with `aria-selected`",
          "location": null,
          "status": "passed",
          "title": "should render the list items with `aria-selected`"
        },
        {
          "ancestorTitles": ["<Typeahead />"],
          "failureMessages": [],
          "fullName": "<Typeahead /> should render the list items with `id=\"selectedOption\"`",
          "location": null,
          "status": "passed",
          "title": "should render the list items with `id=\"selectedOption\"`"
        },
        {
          "ancestorTitles": ["<Typeahead />"],
          "failureMessages": [],
          "fullName": "<Typeahead /> should render the list items with `id=\"selectedOption\"`",
          "location": null,
          "status": "passed",
          "title": "should render the list items with `id=\"selectedOption\"`"
        }
      ],
      "endTime": 1577158277797,
      "message": "",
      "name": "C:\\Users\\salkapoo\\Desktop\\Learning\\Atomic-Component\\atomic-react-components\\lib\\components\\molecules\\Typeahead\\tests\\Typeahead.test.js",
      "startTime": 1577158268358,
      "status": "passed",
      "summary": ""
    },
    {
      "assertionResults": [
        {
          "ancestorTitles": ["<Breadcrumb />"],
          "failureMessages": [],
          "fullName": "<Breadcrumb /> should render correctly",
          "location": null,
          "status": "passed",
          "title": "should render correctly"
        }
      ],
      "endTime": 1577158277972,
      "message": "",
      "name": "C:\\Users\\salkapoo\\Desktop\\Learning\\Atomic-Component\\atomic-react-components\\lib\\components\\molecules\\Breadcrumb\\tests\\Breadcrumb.test.js",
      "startTime": 1577158268495,
      "status": "passed",
      "summary": ""
    },
    {
      "assertionResults": [
        {
          "ancestorTitles": ["<Toast />"],
          "failureMessages": [],
          "fullName": "<Toast /> <Toast />should render correctly",
          "location": null,
          "status": "passed",
          "title": "<Toast />should render correctly"
        },
        {
          "ancestorTitles": ["<Toast /> Component"],
          "failureMessages": [],
          "fullName": "<Toast /> Component is rendering root div,if isVisible prop is true ",
          "location": null,
          "status": "passed",
          "title": "is rendering root div,if isVisible prop is true "
        },
        {
          "ancestorTitles": ["<Toast /> Component"],
          "failureMessages": [],
          "fullName": "<Toast /> Component not rendering root div,if isVisible prop is false",
          "location": null,
          "status": "passed",
          "title": "not rendering root div,if isVisible prop is false"
        },
        {
          "ancestorTitles": ["<Toast /> Component"],
          "failureMessages": [],
          "fullName": "<Toast /> Component is rendering all necessary elements rendered if isVisible prop is true",
          "location": null,
          "status": "passed",
          "title": "is rendering all necessary elements rendered if isVisible prop is true"
        },
        {
          "ancestorTitles": ["<Toast /> Component"],
          "failureMessages": [],
          "fullName": "<Toast /> Component is rendering ProgressBar if autoDismissTimeout is set as 0",
          "location": null,
          "status": "passed",
          "title": "is rendering ProgressBar if autoDismissTimeout is set as 0"
        },
        {
          "ancestorTitles": ["<Toast /> Component"],
          "failureMessages": [],
          "fullName": "<Toast /> Component is rendering ProgressBar if autoDismissTimeout is set as 3000",
          "location": null,
          "status": "passed",
          "title": "is rendering ProgressBar if autoDismissTimeout is set as 3000"
        },
        {
          "ancestorTitles": ["<Toast /> Component"],
          "failureMessages": [],
          "fullName": "<Toast /> Component is rendering children ",
          "location": null,
          "status": "passed",
          "title": "is rendering children "
        },
        {
          "ancestorTitles": ["<Toast /> Component is checking effects on"],
          "failureMessages": [],
          "fullName": "<Toast /> Component is checking effects on onClick event, should dismiss the toast when clicking  on click of X button click",
          "location": null,
          "status": "passed",
          "title": "onClick event, should dismiss the toast when clicking  on click of X button click"
        },
        {
          "ancestorTitles": ["<Toast /> component useeffect hook for autodismiss"],
          "failureMessages": [],
          "fullName": "<Toast /> component useeffect hook for autodismiss autodismiss after timeout",
          "location": null,
          "status": "passed",
          "title": "autodismiss after timeout"
        }
      ],
      "endTime": 1577158278175,
      "message": "",
      "name": "C:\\Users\\salkapoo\\Desktop\\Learning\\Atomic-Component\\atomic-react-components\\lib\\components\\molecules\\Toast\\tests\\Toast.test.js",
      "startTime": 1577158268301,
      "status": "passed",
      "summary": ""
    },
    {
      "assertionResults": [
        {
          "ancestorTitles": ["Button"],
          "failureMessages": [],
          "fullName": "Button should render correctly",
          "location": null,
          "status": "passed",
          "title": "should render correctly"
        }
      ],
      "endTime": 1577158279129,
      "message": "",
      "name": "C:\\Users\\salkapoo\\Desktop\\Learning\\Atomic-Component\\atomic-react-components\\lib\\components\\atoms\\Button\\tests\\Button.style.test.js",
      "startTime": 1577158278621,
      "status": "passed",
      "summary": ""
    },
    {
      "assertionResults": [
        {
          "ancestorTitles": ["<Tabs />"],
          "failureMessages": [],
          "fullName": "<Tabs /> should render correctly",
          "location": null,
          "status": "passed",
          "title": "should render correctly"
        },
        {
          "ancestorTitles": ["<Tabs /> functional behavior"],
          "failureMessages": [],
          "fullName": "<Tabs /> functional behavior should have minimum dom structure for the tests below",
          "location": null,
          "status": "passed",
          "title": "should have minimum dom structure for the tests below"
        },
        {
          "ancestorTitles": ["<Tabs /> functional behavior"],
          "failureMessages": [],
          "fullName": "<Tabs /> functional behavior should change the tab panel and execute callback on closed tab click",
          "location": null,
          "status": "passed",
          "title": "should change the tab panel and execute callback on closed tab click"
        }
      ],
      "endTime": 1577158279410,
      "message": "",
      "name": "C:\\Users\\salkapoo\\Desktop\\Learning\\Atomic-Component\\atomic-react-components\\lib\\components\\molecules\\Tabs\\tests\\Tabs.test.js",
      "startTime": 1577158276609,
      "status": "passed",
      "summary": ""
    },
    {
      "assertionResults": [
        {
          "ancestorTitles": ["<Tab />"],
          "failureMessages": [],
          "fullName": "<Tab /> should render correctly",
          "location": null,
          "status": "passed",
          "title": "should render correctly"
        }
      ],
      "endTime": 1577158280127,
      "message": "",
      "name": "C:\\Users\\salkapoo\\Desktop\\Learning\\Atomic-Component\\atomic-react-components\\lib\\components\\molecules\\Tabs\\Tab\\tests\\Tab.test.js",
      "startTime": 1577158279755,
      "status": "passed",
      "summary": ""
    },
    {
      "assertionResults": [
        {
          "ancestorTitles": ["FieldTextarea Component"],
          "failureMessages": [],
          "fullName": "FieldTextarea Component should render correctly",
          "location": null,
          "status": "passed",
          "title": "should render correctly"
        },
        {
          "ancestorTitles": ["FieldTextarea Component"],
          "failureMessages": [],
          "fullName": "FieldTextarea Component should render label correctly",
          "location": null,
          "status": "passed",
          "title": "should render label correctly"
        },
        {
          "ancestorTitles": ["FieldTextarea Component"],
          "failureMessages": [],
          "fullName": "FieldTextarea Component should render textarea tag",
          "location": null,
          "status": "passed",
          "title": "should render textarea tag"
        }
      ],
      "endTime": 1577158280478,
      "message": "",
      "name": "C:\\Users\\salkapoo\\Desktop\\Learning\\Atomic-Component\\atomic-react-components\\lib\\components\\molecules\\Form\\FieldTextarea\\tests\\FieldTextarea.test.js",
      "startTime": 1577158275428,
      "status": "passed",
      "summary": ""
    },
    {
      "assertionResults": [
        {
          "ancestorTitles": ["FieldInput Component"],
          "failureMessages": [],
          "fullName": "FieldInput Component should render correctly",
          "location": null,
          "status": "passed",
          "title": "should render correctly"
        },
        {
          "ancestorTitles": ["FieldInput Component"],
          "failureMessages": [],
          "fullName": "FieldInput Component should render label correctly",
          "location": null,
          "status": "passed",
          "title": "should render label correctly"
        },
        {
          "ancestorTitles": ["FieldInput Component"],
          "failureMessages": [],
          "fullName": "FieldInput Component should render select tag",
          "location": null,
          "status": "passed",
          "title": "should render select tag"
        }
      ],
      "endTime": 1577158280579,
      "message": "",
      "name": "C:\\Users\\salkapoo\\Desktop\\Learning\\Atomic-Component\\atomic-react-components\\lib\\components\\molecules\\Form\\FieldSelect\\tests\\FieldSelect.test.js",
      "startTime": 1577158268635,
      "status": "passed",
      "summary": ""
    },
    {
      "assertionResults": [
        {
          "ancestorTitles": ["Form Component"],
          "failureMessages": [],
          "fullName": "Form Component should render select tag correctly",
          "location": null,
          "status": "passed",
          "title": "should render select tag correctly"
        },
        {
          "ancestorTitles": ["Form Component"],
          "failureMessages": [],
          "fullName": "Form Component should render input text field",
          "location": null,
          "status": "passed",
          "title": "should render input text field"
        },
        {
          "ancestorTitles": ["Form Component"],
          "failureMessages": [],
          "fullName": "Form Component should render select field",
          "location": null,
          "status": "passed",
          "title": "should render select field"
        },
        {
          "ancestorTitles": ["Form Component"],
          "failureMessages": [],
          "fullName": "Form Component should render input field with yupValidationSchema",
          "location": null,
          "status": "passed",
          "title": "should render input field with yupValidationSchema"
        },
        {
          "ancestorTitles": ["Form Component"],
          "failureMessages": [],
          "fullName": "Form Component should render input field with no validation",
          "location": null,
          "status": "passed",
          "title": "should render input field with no validation"
        },
        {
          "ancestorTitles": ["Form Component"],
          "failureMessages": [],
          "fullName": "Form Component getSchema should return null if no params are passed",
          "location": null,
          "status": "passed",
          "title": "getSchema should return null if no params are passed"
        }
      ],
      "endTime": 1577158280621,
      "message": "",
      "name": "C:\\Users\\salkapoo\\Desktop\\Learning\\Atomic-Component\\atomic-react-components\\lib\\components\\molecules\\Form\\tests\\Form.test.js",
      "startTime": 1577158268662,
      "status": "passed",
      "summary": ""
    },
    {
      "assertionResults": [
        {
          "ancestorTitles": ["FieldInput Component"],
          "failureMessages": [],
          "fullName": "FieldInput Component should render correctly",
          "location": null,
          "status": "passed",
          "title": "should render correctly"
        },
        {
          "ancestorTitles": ["FieldInput Component"],
          "failureMessages": [],
          "fullName": "FieldInput Component should render label correctly",
          "location": null,
          "status": "passed",
          "title": "should render label correctly"
        },
        {
          "ancestorTitles": ["FieldInput Component"],
          "failureMessages": [],
          "fullName": "FieldInput Component should render Input component with proper type",
          "location": null,
          "status": "passed",
          "title": "should render Input component with proper type"
        }
      ],
      "endTime": 1577158280680,
      "message": "",
      "name": "C:\\Users\\salkapoo\\Desktop\\Learning\\Atomic-Component\\atomic-react-components\\lib\\components\\molecules\\Form\\FieldInput\\tests\\FieldInput.test.js",
      "startTime": 1577158278310,
      "status": "passed",
      "summary": ""
    },
    {
      "assertionResults": [
        {
          "ancestorTitles": ["<ArticleThumbnail />"],
          "failureMessages": [],
          "fullName": "<ArticleThumbnail /> should render correctly with Readmore",
          "location": null,
          "status": "passed",
          "title": "should render correctly with Readmore"
        },
        {
          "ancestorTitles": ["<ArticleThumbnail />"],
          "failureMessages": [],
          "fullName": "<ArticleThumbnail /> should render correctly with full clickable thumb",
          "location": null,
          "status": "passed",
          "title": "should render correctly with full clickable thumb"
        }
      ],
      "endTime": 1577158280845,
      "message": "",
      "name": "C:\\Users\\salkapoo\\Desktop\\Learning\\Atomic-Component\\atomic-react-components\\lib\\components\\molecules\\ArticleThumbnail\\tests\\ArticleThumbnail.test.js",
      "startTime": 1577158279502,
      "status": "passed",
      "summary": ""
    },
    {
      "assertionResults": [
        {
          "ancestorTitles": ["Image Component with styles"],
          "failureMessages": [],
          "fullName": "Image Component with styles should render correctly and match snapshots",
          "location": null,
          "status": "passed",
          "title": "should render correctly and match snapshots"
        },
        {
          "ancestorTitles": ["Image Component with styles"],
          "failureMessages": [],
          "fullName": "Image Component with styles should render correctly with lazy load",
          "location": null,
          "status": "passed",
          "title": "should render correctly with lazy load"
        }
      ],
      "endTime": 1577158280928,
      "message": "",
      "name": "C:\\Users\\salkapoo\\Desktop\\Learning\\Atomic-Component\\atomic-react-components\\lib\\components\\atoms\\Image\\tests\\Image.style.test.js",
      "startTime": 1577158280407,
      "status": "passed",
      "summary": ""
    },
    {
      "assertionResults": [
        {
          "ancestorTitles": ["<QuoteMedia />"],
          "failureMessages": [],
          "fullName": "<QuoteMedia /> Should have component heading being displayed",
          "location": null,
          "status": "passed",
          "title": "Should have component heading being displayed"
        },
        {
          "ancestorTitles": ["<QuoteMedia />"],
          "failureMessages": [],
          "fullName": "<QuoteMedia /> Should allow quote component passing",
          "location": null,
          "status": "passed",
          "title": "Should allow quote component passing"
        },
        {
          "ancestorTitles": ["<QuoteMedia />"],
          "failureMessages": [],
          "fullName": "<QuoteMedia /> Should render media Image in component body",
          "location": null,
          "status": "passed",
          "title": "Should render media Image in component body"
        },
        {
          "ancestorTitles": ["<QuoteMedia />"],
          "failureMessages": [],
          "fullName": "<QuoteMedia /> Should render correctly",
          "location": null,
          "status": "passed",
          "title": "Should render correctly"
        }
      ],
      "endTime": 1577158281075,
      "message": "",
      "name": "C:\\Users\\salkapoo\\Desktop\\Learning\\Atomic-Component\\atomic-react-components\\lib\\components\\molecules\\QuoteMedia\\tests\\QuoteMedia.test.js",
      "startTime": 1577158278389,
      "status": "passed",
      "summary": ""
    },
    {
      "assertionResults": [
        {
          "ancestorTitles": ["InputChoiceVanilla Component"],
          "failureMessages": [],
          "fullName": "InputChoiceVanilla Component should render Radio button correctly",
          "location": null,
          "status": "passed",
          "title": "should render Radio button correctly"
        },
        {
          "ancestorTitles": ["InputChoiceVanilla Component"],
          "failureMessages": [],
          "fullName": "InputChoiceVanilla Component should render checkbox correctly",
          "location": null,
          "status": "passed",
          "title": "should render checkbox correctly"
        },
        {
          "ancestorTitles": ["InputChoiceVanilla Component"],
          "failureMessages": [],
          "fullName": "InputChoiceVanilla Component should render disabled",
          "location": null,
          "status": "passed",
          "title": "should render disabled"
        },
        {
          "ancestorTitles": ["InputChoiceVanilla Component"],
          "failureMessages": [],
          "fullName": "InputChoiceVanilla Component should render checked",
          "location": null,
          "status": "passed",
          "title": "should render checked"
        }
      ],
      "endTime": 1577158281548,
      "message": "",
      "name": "C:\\Users\\salkapoo\\Desktop\\Learning\\Atomic-Component\\atomic-react-components\\lib\\components\\molecules\\InputChoice\\tests\\InputChoice.test.js",
      "startTime": 1577158281059,
      "status": "passed",
      "summary": ""
    },
    {
      "assertionResults": [
        {
          "ancestorTitles": ["Anchor Component"],
          "failureMessages": [],
          "fullName": "Anchor Component should render correctly and match snapshot",
          "location": null,
          "status": "passed",
          "title": "should render correctly and match snapshot"
        },
        {
          "ancestorTitles": ["Anchor Component"],
          "failureMessages": [],
          "fullName": "Anchor Component Should handle on typeahead focuson Events",
          "location": null,
          "status": "passed",
          "title": "Should handle on typeahead focuson Events"
        },
        {
          "ancestorTitles": ["Anchor Component"],
          "failureMessages": [],
          "fullName": "Anchor Component should check the data attribute of anchor",
          "location": null,
          "status": "passed",
          "title": "should check the data attribute of anchor"
        }
      ],
      "endTime": 1577158281695,
      "message": "",
      "name": "C:\\Users\\salkapoo\\Desktop\\Learning\\Atomic-Component\\atomic-react-components\\lib\\components\\atoms\\Anchor\\tests\\Anchor.test.js",
      "startTime": 1577158281184,
      "status": "passed",
      "summary": ""
    },
    {
      "assertionResults": [
        {
          "ancestorTitles": ["Select Styled component"],
          "failureMessages": [],
          "fullName": "Select Styled component should render correctly",
          "location": null,
          "status": "passed",
          "title": "should render correctly"
        }
      ],
      "endTime": 1577158281703,
      "message": "",
      "name": "C:\\Users\\salkapoo\\Desktop\\Learning\\Atomic-Component\\atomic-react-components\\lib\\components\\atoms\\Select\\tests\\Select.style.test.js",
      "startTime": 1577158281187,
      "status": "passed",
      "summary": ""
    },
    {
      "assertionResults": [
        {
          "ancestorTitles": ["Select Styled component"],
          "failureMessages": [],
          "fullName": "Select Styled component should render correctly",
          "location": null,
          "status": "passed",
          "title": "should render correctly"
        }
      ],
      "endTime": 1577158281835,
      "message": "",
      "name": "C:\\Users\\salkapoo\\Desktop\\Learning\\Atomic-Component\\atomic-react-components\\lib\\components\\atoms\\Textarea\\tests\\Textarea.style.test.js",
      "startTime": 1577158281354,
      "status": "passed",
      "summary": ""
    },
    {
      "assertionResults": [
        {
          "ancestorTitles": ["Modal Component"],
          "failureMessages": [],
          "fullName": "Modal Component should render Modal correctly",
          "location": null,
          "status": "passed",
          "title": "should render Modal correctly"
        }
      ],
      "endTime": 1577158281997,
      "message": "",
      "name": "C:\\Users\\salkapoo\\Desktop\\Learning\\Atomic-Component\\atomic-react-components\\lib\\components\\molecules\\Modal\\tests\\Modal.test.js",
      "startTime": 1577158281291,
      "status": "passed",
      "summary": ""
    },
    {
      "assertionResults": [
        {
          "ancestorTitles": ["Image Component"],
          "failureMessages": [],
          "fullName": "Image Component should render correctly and match snapshots",
          "location": null,
          "status": "passed",
          "title": "should render correctly and match snapshots"
        },
        {
          "ancestorTitles": ["Image Component"],
          "failureMessages": [],
          "fullName": "Image Component should change image src on error",
          "location": null,
          "status": "passed",
          "title": "should change image src on error"
        },
        {
          "ancestorTitles": ["Image Component"],
          "failureMessages": [],
          "fullName": "Image Component should check the data attribute of image",
          "location": null,
          "status": "passed",
          "title": "should check the data attribute of image"
        },
        {
          "ancestorTitles": ["Image Component"],
          "failureMessages": [],
          "fullName": "Image Component should check the default locator of image",
          "location": null,
          "status": "passed",
          "title": "should check the default locator of image"
        }
      ],
      "endTime": 1577158282057,
      "message": "",
      "name": "C:\\Users\\salkapoo\\Desktop\\Learning\\Atomic-Component\\atomic-react-components\\lib\\components\\atoms\\Image\\tests\\Image.test.js",
      "startTime": 1577158281544,
      "status": "passed",
      "summary": ""
    },
    {
      "assertionResults": [
        {
          "ancestorTitles": ["<StickyBar />"],
          "failureMessages": [],
          "fullName": "<StickyBar /> should render the List Component",
          "location": null,
          "status": "passed",
          "title": "should render the List Component"
        },
        {
          "ancestorTitles": ["<StickyBar />"],
          "failureMessages": [],
          "fullName": "<StickyBar /> should render correctly",
          "location": null,
          "status": "passed",
          "title": "should render correctly"
        }
      ],
      "endTime": 1577158282201,
      "message": "",
      "name": "C:\\Users\\salkapoo\\Desktop\\Learning\\Atomic-Component\\atomic-react-components\\lib\\components\\molecules\\StickyBar\\tests\\StickyBar.test.js",
      "startTime": 1577158281132,
      "status": "passed",
      "summary": ""
    },
    {
      "assertionResults": [
        {
          "ancestorTitles": ["Input Component"],
          "failureMessages": [],
          "fullName": "Input Component should render correctly",
          "location": null,
          "status": "passed",
          "title": "should render correctly"
        },
        {
          "ancestorTitles": ["Input Component"],
          "failureMessages": [],
          "fullName": "Input Component should check the data attribute of input",
          "location": null,
          "status": "passed",
          "title": "should check the data attribute of input"
        }
      ],
      "endTime": 1577158282354,
      "message": "",
      "name": "C:\\Users\\salkapoo\\Desktop\\Learning\\Atomic-Component\\atomic-react-components\\lib\\components\\atoms\\Input\\tests\\Input.test.js",
      "startTime": 1577158281922,
      "status": "passed",
      "summary": ""
    },
    {
      "assertionResults": [
        {
          "ancestorTitles": ["Heading Component"],
          "failureMessages": [],
          "fullName": "Heading Component should render correctly and match snapshot",
          "location": null,
          "status": "passed",
          "title": "should render correctly and match snapshot"
        },
        {
          "ancestorTitles": ["Heading Component"],
          "failureMessages": [],
          "fullName": "Heading Component should check the custom locator of heading",
          "location": null,
          "status": "passed",
          "title": "should check the custom locator of heading"
        },
        {
          "ancestorTitles": ["Heading Component"],
          "failureMessages": [],
          "fullName": "Heading Component should check the default locator of heading",
          "location": null,
          "status": "passed",
          "title": "should check the default locator of heading"
        }
      ],
      "endTime": 1577158282741,
      "message": "",
      "name": "C:\\Users\\salkapoo\\Desktop\\Learning\\Atomic-Component\\atomic-react-components\\lib\\components\\atoms\\Heading\\tests\\Heading.test.js",
      "startTime": 1577158282119,
      "status": "passed",
      "summary": ""
    },
    {
      "assertionResults": [
        {
          "ancestorTitles": ["Button Component"],
          "failureMessages": [],
          "fullName": "Button Component should render correctly",
          "location": null,
          "status": "passed",
          "title": "should render correctly"
        },
        {
          "ancestorTitles": ["Button Component"],
          "failureMessages": [],
          "fullName": "Button Component should render disabled",
          "location": null,
          "status": "passed",
          "title": "should render disabled"
        },
        {
          "ancestorTitles": ["Button Component"],
          "failureMessages": [],
          "fullName": "Button Component should render title element",
          "location": null,
          "status": "passed",
          "title": "should render title element"
        },
        {
          "ancestorTitles": ["Button Component"],
          "failureMessages": [],
          "fullName": "Button Component should render aria attribute element",
          "location": null,
          "status": "passed",
          "title": "should render aria attribute element"
        },
        {
          "ancestorTitles": ["Button Component"],
          "failureMessages": [],
          "fullName": "Button Component should check the data attribute of button",
          "location": null,
          "status": "passed",
          "title": "should check the data attribute of button"
        }
      ],
      "endTime": 1577158282773,
      "message": "",
      "name": "C:\\Users\\salkapoo\\Desktop\\Learning\\Atomic-Component\\atomic-react-components\\lib\\components\\atoms\\Button\\tests\\Button.test.js",
      "startTime": 1577158282218,
      "status": "passed",
      "summary": ""
    },
    {
      "assertionResults": [
        {
          "ancestorTitles": ["Input Styled component"],
          "failureMessages": [],
          "fullName": "Input Styled component should render correctly",
          "location": null,
          "status": "passed",
          "title": "should render correctly"
        }
      ],
      "endTime": 1577158282886,
      "message": "",
      "name": "C:\\Users\\salkapoo\\Desktop\\Learning\\Atomic-Component\\atomic-react-components\\lib\\components\\atoms\\Input\\tests\\Input.style.test.js",
      "startTime": 1577158282445,
      "status": "passed",
      "summary": ""
    },
    {
      "assertionResults": [
        {
          "ancestorTitles": ["Select Component"],
          "failureMessages": [],
          "fullName": "Select Component should render correctly",
          "location": null,
          "status": "passed",
          "title": "should render correctly"
        },
        {
          "ancestorTitles": ["Select Component"],
          "failureMessages": [],
          "fullName": "Select Component should check the data attribute of dropdown/select",
          "location": null,
          "status": "passed",
          "title": "should check the data attribute of dropdown/select"
        }
      ],
      "endTime": 1577158282890,
      "message": "",
      "name": "C:\\Users\\salkapoo\\Desktop\\Learning\\Atomic-Component\\atomic-react-components\\lib\\components\\atoms\\Select\\tests\\Select.test.js",
      "startTime": 1577158282496,
      "status": "passed",
      "summary": ""
    },
    {
      "assertionResults": [
        {
          "ancestorTitles": ["<Icon />"],
          "failureMessages": [],
          "fullName": "<Icon /> should render correctly",
          "location": null,
          "status": "passed",
          "title": "should render correctly"
        },
        {
          "ancestorTitles": ["<Icon />"],
          "failureMessages": [],
          "fullName": "<Icon /> should have id",
          "location": null,
          "status": "passed",
          "title": "should have id"
        }
      ],
      "endTime": 1577158282975,
      "message": "",
      "name": "C:\\Users\\salkapoo\\Desktop\\Learning\\Atomic-Component\\atomic-react-components\\lib\\components\\atoms\\Icon\\tests\\Icon.test.js",
      "startTime": 1577158282098,
      "status": "passed",
      "summary": ""
    },
    {
      "assertionResults": [
        {
          "ancestorTitles": ["FieldError Component"],
          "failureMessages": [],
          "fullName": "FieldError Component should render correctly",
          "location": null,
          "status": "passed",
          "title": "should render correctly"
        },
        {
          "ancestorTitles": ["FieldError Component"],
          "failureMessages": [],
          "fullName": "FieldError Component should check the element locator of field error",
          "location": null,
          "status": "passed",
          "title": "should check the element locator of field error"
        },
        {
          "ancestorTitles": ["FieldError Component"],
          "failureMessages": [],
          "fullName": "FieldError Component should check the default slnid of field error",
          "location": null,
          "status": "passed",
          "title": "should check the default slnid of field error"
        }
      ],
      "endTime": 1577158283066,
      "message": "",
      "name": "C:\\Users\\salkapoo\\Desktop\\Learning\\Atomic-Component\\atomic-react-components\\lib\\components\\atoms\\FieldError\\tests\\FieldError.test.js",
      "startTime": 1577158282629,
      "status": "passed",
      "summary": ""
    },
    {
      "assertionResults": [
        {
          "ancestorTitles": ["<List />"],
          "failureMessages": [],
          "fullName": "<List /> should render default view correctly",
          "location": null,
          "status": "passed",
          "title": "should render default view correctly"
        }
      ],
      "endTime": 1577158283232,
      "message": "",
      "name": "C:\\Users\\salkapoo\\Desktop\\Learning\\Atomic-Component\\atomic-react-components\\lib\\components\\molecules\\List\\tests\\List.test.js",
      "startTime": 1577158282732,
      "status": "passed",
      "summary": ""
    },
    {
      "assertionResults": [
        {
          "ancestorTitles": ["Para Component"],
          "failureMessages": [],
          "fullName": "Para Component should render correctly and match snapshot",
          "location": null,
          "status": "passed",
          "title": "should render correctly and match snapshot"
        },
        {
          "ancestorTitles": ["Para Component"],
          "failureMessages": [],
          "fullName": "Para Component should check the data attribute of para",
          "location": null,
          "status": "passed",
          "title": "should check the data attribute of para"
        }
      ],
      "endTime": 1577158283607,
      "message": "",
      "name": "C:\\Users\\salkapoo\\Desktop\\Learning\\Atomic-Component\\atomic-react-components\\lib\\components\\atoms\\Para\\tests\\Para.test.js",
      "startTime": 1577158283186,
      "status": "passed",
      "summary": ""
    },
    {
      "assertionResults": [
        {
          "ancestorTitles": ["<Track />"],
          "failureMessages": [],
          "fullName": "<Track /> should render correctly",
          "location": null,
          "status": "passed",
          "title": "should render correctly"
        }
      ],
      "endTime": 1577158283616,
      "message": "",
      "name": "C:\\Users\\salkapoo\\Desktop\\Learning\\Atomic-Component\\atomic-react-components\\lib\\components\\atoms\\Track\\tests\\Track.test.js",
      "startTime": 1577158283272,
      "status": "passed",
      "summary": ""
    },
    {
      "assertionResults": [
        {
          "ancestorTitles": ["Label Component"],
          "failureMessages": [],
          "fullName": "Label Component should render correctly",
          "location": null,
          "status": "passed",
          "title": "should render correctly"
        },
        {
          "ancestorTitles": ["Label Component"],
          "failureMessages": [],
          "fullName": "Label Component should check the data attribute of label",
          "location": null,
          "status": "passed",
          "title": "should check the data attribute of label"
        }
      ],
      "endTime": 1577158283702,
      "message": "",
      "name": "C:\\Users\\salkapoo\\Desktop\\Learning\\Atomic-Component\\atomic-react-components\\lib\\components\\atoms\\Label\\tests\\Label.test.js",
      "startTime": 1577158283296,
      "status": "passed",
      "summary": ""
    },
    {
      "assertionResults": [
        {
          "ancestorTitles": ["Debug"],
          "failureMessages": [],
          "fullName": "Debug should render correctly",
          "location": null,
          "status": "passed",
          "title": "should render correctly"
        }
      ],
      "endTime": 1577158283723,
      "message": "",
      "name": "C:\\Users\\salkapoo\\Desktop\\Learning\\Atomic-Component\\atomic-react-components\\lib\\components\\molecules\\Form\\Debug\\tests\\Debug.test.js",
      "startTime": 1577158283309,
      "status": "passed",
      "summary": ""
    },
    {
      "assertionResults": [
        {
          "ancestorTitles": ["<TabPanel />"],
          "failureMessages": [],
          "fullName": "<TabPanel /> should render correctly",
          "location": null,
          "status": "passed",
          "title": "should render correctly"
        }
      ],
      "endTime": 1577158283790,
      "message": "",
      "name": "C:\\Users\\salkapoo\\Desktop\\Learning\\Atomic-Component\\atomic-react-components\\lib\\components\\molecules\\Tabs\\TabPanel\\tests\\TabPanel.test.js",
      "startTime": 1577158283425,
      "status": "passed",
      "summary": ""
    },
    {
      "assertionResults": [
        {
          "ancestorTitles": ["<Blockquote />"],
          "failureMessages": [],
          "fullName": "<Blockquote /> should render blockquote",
          "location": null,
          "status": "passed",
          "title": "should render blockquote"
        },
        {
          "ancestorTitles": ["<Blockquote />"],
          "failureMessages": [],
          "fullName": "<Blockquote /> should render content",
          "location": null,
          "status": "passed",
          "title": "should render content"
        },
        {
          "ancestorTitles": ["<Blockquote />"],
          "failureMessages": [],
          "fullName": "<Blockquote /> check quoteContent value passed in",
          "location": null,
          "status": "passed",
          "title": "check quoteContent value passed in"
        },
        {
          "ancestorTitles": ["<Blockquote />"],
          "failureMessages": [],
          "fullName": "<Blockquote /> check quoteAuthor value passed in",
          "location": null,
          "status": "passed",
          "title": "check quoteAuthor value passed in"
        },
        {
          "ancestorTitles": ["<Blockquote />"],
          "failureMessages": [],
          "fullName": "<Blockquote /> should render author name",
          "location": null,
          "status": "passed",
          "title": "should render author name"
        },
        {
          "ancestorTitles": ["<Blockquote />"],
          "failureMessages": [],
          "fullName": "<Blockquote /> should render correctly",
          "location": null,
          "status": "passed",
          "title": "should render correctly"
        }
      ],
      "endTime": 1577158283909,
      "message": "",
      "name": "C:\\Users\\salkapoo\\Desktop\\Learning\\Atomic-Component\\atomic-react-components\\lib\\components\\molecules\\Blockquote\\tests\\Blockquote.test.js",
      "startTime": 1577158283506,
      "status": "passed",
      "summary": ""
    },
    {
      "assertionResults": [
        {
          "ancestorTitles": ["<Textarea />"],
          "failureMessages": [],
          "fullName": "<Textarea /> should render correctly",
          "location": null,
          "status": "passed",
          "title": "should render correctly"
        },
        {
          "ancestorTitles": ["<Textarea />"],
          "failureMessages": [],
          "fullName": "<Textarea /> should check the data attribute of textarea",
          "location": null,
          "status": "passed",
          "title": "should check the data attribute of textarea"
        }
      ],
      "endTime": 1577158283961,
      "message": "",
      "name": "C:\\Users\\salkapoo\\Desktop\\Learning\\Atomic-Component\\atomic-react-components\\lib\\components\\atoms\\Textarea\\tests\\Textarea.test.js",
      "startTime": 1577158283651,
      "status": "passed",
      "summary": ""
    },
    {
      "assertionResults": [
        {
          "ancestorTitles": [
            "Test Suite 1: Check for component and it's child rendered correctly."
          ],
          "failureMessages": [],
          "fullName": "Test Suite 1: Check for component and it's child rendered correctly. Cookie Disclaimer component rendered correctly.",
          "location": null,
          "status": "passed",
          "title": "Cookie Disclaimer component rendered correctly."
        },
        {
          "ancestorTitles": [
            "Test Suite 1: Check for component and it's child rendered correctly."
          ],
          "failureMessages": [],
          "fullName": "Test Suite 1: Check for component and it's child rendered correctly. should render two buttons for accepting and rejecting the consent",
          "location": null,
          "status": "passed",
          "title": "should render two buttons for accepting and rejecting the consent"
        },
        {
          "ancestorTitles": [
            "Test Suite 2: Check for component and it's child for default props correctly."
          ],
          "failureMessages": [],
          "fullName": "Test Suite 2: Check for component and it's child for default props correctly. Button props for button types to be rendered.",
          "location": null,
          "status": "passed",
          "title": "Button props for button types to be rendered."
        },
        {
          "ancestorTitles": [
            "Test Suite 2: Check for component and it's child for default props correctly."
          ],
          "failureMessages": [],
          "fullName": "Test Suite 2: Check for component and it's child for default props correctly. Button props for button types to be rendered.",
          "location": null,
          "status": "passed",
          "title": "Button props for button types to be rendered."
        },
        {
          "ancestorTitles": ["Test Suite 3: testing styled component - HOC"],
          "failureMessages": [],
          "fullName": "Test Suite 3: testing styled component - HOC should rendered the component properly when styles are being applied.",
          "location": null,
          "status": "passed",
          "title": "should rendered the component properly when styles are being applied."
        },
        {
          "ancestorTitles": [
            "Test Suite 4: testing functional behaviour of the cookie disclaimer."
          ],
          "failureMessages": [],
          "fullName": "Test Suite 4: testing functional behaviour of the cookie disclaimer. setting the isVisible variable to false",
          "location": null,
          "status": "passed",
          "title": "setting the isVisible variable to false"
        },
        {
          "ancestorTitles": [
            "Test Suite 4: testing functional behaviour of the cookie disclaimer."
          ],
          "failureMessages": [],
          "fullName": "Test Suite 4: testing functional behaviour of the cookie disclaimer. accepting the consent and dropping the cookie.",
          "location": null,
          "status": "passed",
          "title": "accepting the consent and dropping the cookie."
        }
      ],
      "endTime": 1577158284562,
      "message": "",
      "name": "C:\\Users\\salkapoo\\Desktop\\Learning\\Atomic-Component\\atomic-react-components\\lib\\components\\molecules\\CookieDisclaimer\\tests\\CookieDisclaimer.test.js",
      "startTime": 1577158283932,
      "status": "passed",
      "summary": ""
    }
  ],
  "wasInterrupted": false,
  "coverageMap": {
    "C:\\Users\\salkapoo\\Desktop\\Learning\\Atomic-Component\\atomic-react-components\\lib\\components\\molecules\\Table\\index.js": {
      "path": "C:\\Users\\salkapoo\\Desktop\\Learning\\Atomic-Component\\atomic-react-components\\lib\\components\\molecules\\Table\\index.js",
      "statementMap": {},
      "fnMap": {},
      "branchMap": {},
      "s": {},
      "f": {},
      "b": {},
      "_coverageSchema": "43e27e138ebf9cfc5966b082cf9a028302ed4184",
      "hash": "0d807d6f0c87eb92215b9b6373441ee05190235f"
    },
    "C:\\Users\\salkapoo\\Desktop\\Learning\\Atomic-Component\\atomic-react-components\\lib\\components\\molecules\\Table\\Table.js": {
      "path": "C:\\Users\\salkapoo\\Desktop\\Learning\\Atomic-Component\\atomic-react-components\\lib\\components\\molecules\\Table\\Table.js",
      "statementMap": {
        "0": { "start": { "line": 9, "column": 13 }, "end": { "line": 9, "column": 61 } },
        "1": { "start": { "line": 9, "column": 42 }, "end": { "line": 9, "column": 61 } },
        "2": { "start": { "line": 11, "column": 13 }, "end": { "line": 18, "column": 1 } },
        "3": { "start": { "line": 12, "column": 53 }, "end": { "line": 12, "column": 67 } },
        "4": { "start": { "line": 13, "column": 2 }, "end": { "line": 17, "column": 4 } },
        "5": { "start": { "line": 20, "column": 14 }, "end": { "line": 57, "column": 1 } },
        "6": { "start": { "line": 21, "column": 16 }, "end": { "line": 21, "column": 48 } },
        "7": { "start": { "line": 22, "column": 2 }, "end": { "line": 56, "column": 4 } },
        "8": { "start": { "line": 27, "column": 12 }, "end": { "line": 34, "column": 17 } },
        "9": { "start": { "line": 30, "column": 16 }, "end": { "line": 32, "column": 23 } },
        "10": { "start": { "line": 44, "column": 14 }, "end": { "line": 50, "column": 19 } },
        "11": { "start": { "line": 46, "column": 18 }, "end": { "line": 48, "column": 25 } },
        "12": { "start": { "line": 59, "column": 0 }, "end": { "line": 59, "column": 18 } },
        "13": { "start": { "line": 61, "column": 0 }, "end": { "line": 64, "column": 2 } }
      },
      "fnMap": {
        "0": {
          "name": "(anonymous_0)",
          "decl": { "start": { "line": 9, "column": 13 }, "end": { "line": 9, "column": 14 } },
          "loc": { "start": { "line": 9, "column": 42 }, "end": { "line": 9, "column": 61 } },
          "line": 9
        },
        "1": {
          "name": "(anonymous_1)",
          "decl": { "start": { "line": 11, "column": 13 }, "end": { "line": 11, "column": 14 } },
          "loc": { "start": { "line": 11, "column": 48 }, "end": { "line": 18, "column": 1 } },
          "line": 11
        },
        "2": {
          "name": "(anonymous_2)",
          "decl": { "start": { "line": 20, "column": 14 }, "end": { "line": 20, "column": 15 } },
          "loc": { "start": { "line": 20, "column": 81 }, "end": { "line": 57, "column": 1 } },
          "line": 20
        },
        "3": {
          "name": "(anonymous_3)",
          "decl": { "start": { "line": 26, "column": 21 }, "end": { "line": 26, "column": 22 } },
          "loc": { "start": { "line": 27, "column": 12 }, "end": { "line": 34, "column": 17 } },
          "line": 27
        },
        "4": {
          "name": "(anonymous_4)",
          "decl": { "start": { "line": 29, "column": 24 }, "end": { "line": 29, "column": 25 } },
          "loc": { "start": { "line": 30, "column": 16 }, "end": { "line": 32, "column": 23 } },
          "line": 30
        },
        "5": {
          "name": "(anonymous_5)",
          "decl": { "start": { "line": 43, "column": 22 }, "end": { "line": 43, "column": 23 } },
          "loc": { "start": { "line": 44, "column": 14 }, "end": { "line": 50, "column": 19 } },
          "line": 44
        },
        "6": {
          "name": "(anonymous_6)",
          "decl": { "start": { "line": 45, "column": 27 }, "end": { "line": 45, "column": 28 } },
          "loc": { "start": { "line": 46, "column": 18 }, "end": { "line": 48, "column": 25 } },
          "line": 46
        }
      },
      "branchMap": {
        "0": {
          "loc": { "start": { "line": 15, "column": 7 }, "end": { "line": 15, "column": 91 } },
          "type": "cond-expr",
          "locations": [
            { "start": { "line": 15, "column": 44 }, "end": { "line": 15, "column": 64 } },
            { "start": { "line": 15, "column": 67 }, "end": { "line": 15, "column": 91 } }
          ],
          "line": 15
        },
        "1": {
          "loc": { "start": { "line": 24, "column": 7 }, "end": { "line": 54, "column": 7 } },
          "type": "cond-expr",
          "locations": [
            { "start": { "line": 25, "column": 8 }, "end": { "line": 36, "column": 16 } },
            { "start": { "line": 38, "column": 8 }, "end": { "line": 53, "column": 11 } }
          ],
          "line": 24
        }
      },
      "s": {
        "0": 1,
        "1": 35,
        "2": 1,
        "3": 455,
        "4": 455,
        "5": 1,
        "6": 7,
        "7": 7,
        "8": 0,
        "9": 0,
        "10": 91,
        "11": 455,
        "12": 1,
        "13": 1
      },
      "f": { "0": 35, "1": 455, "2": 7, "3": 0, "4": 0, "5": 91, "6": 455 },
      "b": { "0": [455, 0], "1": [0, 7] },
      "_coverageSchema": "43e27e138ebf9cfc5966b082cf9a028302ed4184",
      "hash": "85ef255d2aec2112af8bfe3a2308eb031f3ceb5d"
    },
    "C:\\Users\\salkapoo\\Desktop\\Learning\\Atomic-Component\\atomic-react-components\\lib\\components\\molecules\\Table\\Table.style.js": {
      "path": "C:\\Users\\salkapoo\\Desktop\\Learning\\Atomic-Component\\atomic-react-components\\lib\\components\\molecules\\Table\\Table.style.js",
      "statementMap": {
        "0": { "start": { "line": 4, "column": 29 }, "end": { "line": 4, "column": 54 } },
        "1": { "start": { "line": 5, "column": 13 }, "end": { "line": 5, "column": 47 } },
        "2": { "start": { "line": 10, "column": 15 }, "end": { "line": 10, "column": 49 } },
        "3": { "start": { "line": 12, "column": 14 }, "end": { "line": 12, "column": 64 } }
      },
      "fnMap": {
        "0": {
          "name": "(anonymous_0)",
          "decl": { "start": { "line": 4, "column": 20 }, "end": { "line": 4, "column": 21 } },
          "loc": { "start": { "line": 4, "column": 29 }, "end": { "line": 4, "column": 54 } },
          "line": 4
        },
        "1": {
          "name": "(anonymous_1)",
          "decl": { "start": { "line": 5, "column": 4 }, "end": { "line": 5, "column": 5 } },
          "loc": { "start": { "line": 5, "column": 13 }, "end": { "line": 5, "column": 47 } },
          "line": 5
        },
        "2": {
          "name": "(anonymous_2)",
          "decl": { "start": { "line": 10, "column": 6 }, "end": { "line": 10, "column": 7 } },
          "loc": { "start": { "line": 10, "column": 15 }, "end": { "line": 10, "column": 49 } },
          "line": 10
        },
        "3": {
          "name": "(anonymous_3)",
          "decl": { "start": { "line": 12, "column": 4 }, "end": { "line": 12, "column": 5 } },
          "loc": { "start": { "line": 12, "column": 14 }, "end": { "line": 12, "column": 64 } },
          "line": 12
        }
      },
      "branchMap": {
        "0": {
          "loc": { "start": { "line": 12, "column": 14 }, "end": { "line": 12, "column": 64 } },
          "type": "cond-expr",
          "locations": [
            { "start": { "line": 12, "column": 38 }, "end": { "line": 12, "column": 59 } },
            { "start": { "line": 12, "column": 62 }, "end": { "line": 12, "column": 64 } }
          ],
          "line": 12
        }
      },
      "s": { "0": 0, "1": 0, "2": 0, "3": 0 },
      "f": { "0": 0, "1": 0, "2": 0, "3": 0 },
      "b": { "0": [0, 0] },
      "_coverageSchema": "43e27e138ebf9cfc5966b082cf9a028302ed4184",
      "hash": "a6396ac19debabd86edbb4c6c54c22ef5ae08a2e"
    },
    "C:\\Users\\salkapoo\\Desktop\\Learning\\Atomic-Component\\atomic-react-components\\lib\\components\\atoms\\Video\\index.js": {
      "path": "C:\\Users\\salkapoo\\Desktop\\Learning\\Atomic-Component\\atomic-react-components\\lib\\components\\atoms\\Video\\index.js",
      "statementMap": {},
      "fnMap": {},
      "branchMap": {},
      "s": {},
      "f": {},
      "b": {},
      "_coverageSchema": "43e27e138ebf9cfc5966b082cf9a028302ed4184",
      "hash": "1140e5c39c7adbeb72439e76b760c188d676178b"
    },
    "C:\\Users\\salkapoo\\Desktop\\Learning\\Atomic-Component\\atomic-react-components\\lib\\components\\atoms\\Video\\Video.js": {
      "path": "C:\\Users\\salkapoo\\Desktop\\Learning\\Atomic-Component\\atomic-react-components\\lib\\components\\atoms\\Video\\Video.js",
      "statementMap": {
        "0": { "start": { "line": 17, "column": 14 }, "end": { "line": 49, "column": 1 } },
        "1": { "start": { "line": 32, "column": 2 }, "end": { "line": 48, "column": 4 } },
        "2": { "start": { "line": 51, "column": 0 }, "end": { "line": 61, "column": 2 } },
        "3": { "start": { "line": 63, "column": 0 }, "end": { "line": 63, "column": 20 } },
        "4": { "start": { "line": 64, "column": 0 }, "end": { "line": 64, "column": 34 } }
      },
      "fnMap": {
        "0": {
          "name": "(anonymous_0)",
          "decl": { "start": { "line": 17, "column": 14 }, "end": { "line": 17, "column": 15 } },
          "loc": { "start": { "line": 31, "column": 19 }, "end": { "line": 49, "column": 1 } },
          "line": 31
        }
      },
      "branchMap": {
        "0": {
          "loc": { "start": { "line": 46, "column": 7 }, "end": { "line": 46, "column": 69 } },
          "type": "cond-expr",
          "locations": [
            { "start": { "line": 46, "column": 29 }, "end": { "line": 46, "column": 37 } },
            { "start": { "line": 46, "column": 40 }, "end": { "line": 46, "column": 69 } }
          ],
          "line": 46
        }
      },
      "s": { "0": 1, "1": 10, "2": 1, "3": 1, "4": 1 },
      "f": { "0": 10 },
      "b": { "0": [1, 9] },
      "_coverageSchema": "43e27e138ebf9cfc5966b082cf9a028302ed4184",
      "hash": "d3e7c30efd457c40d54b3a18c7dbb526d38e850b"
    },
    "C:\\Users\\salkapoo\\Desktop\\Learning\\Atomic-Component\\atomic-react-components\\lib\\components\\atoms\\Video\\Video.style.js": {
      "path": "C:\\Users\\salkapoo\\Desktop\\Learning\\Atomic-Component\\atomic-react-components\\lib\\components\\atoms\\Video\\Video.style.js",
      "statementMap": {
        "0": { "start": { "line": 4, "column": 13 }, "end": { "line": 6, "column": 1 } }
      },
      "fnMap": {
        "0": {
          "name": "(anonymous_0)",
          "decl": { "start": { "line": 4, "column": 4 }, "end": { "line": 4, "column": 5 } },
          "loc": { "start": { "line": 4, "column": 13 }, "end": { "line": 6, "column": 1 } },
          "line": 4
        }
      },
      "branchMap": {
        "0": {
          "loc": { "start": { "line": 5, "column": 9 }, "end": { "line": 5, "column": 43 } },
          "type": "cond-expr",
          "locations": [
            { "start": { "line": 5, "column": 23 }, "end": { "line": 5, "column": 34 } },
            { "start": { "line": 5, "column": 37 }, "end": { "line": 5, "column": 43 } }
          ],
          "line": 5
        }
      },
      "s": { "0": 0 },
      "f": { "0": 0 },
      "b": { "0": [0, 0] },
      "_coverageSchema": "43e27e138ebf9cfc5966b082cf9a028302ed4184",
      "hash": "5b814f83e591d80d62614c6c5b4461bde2b6fddb"
    },
    "C:\\Users\\salkapoo\\Desktop\\Learning\\Atomic-Component\\atomic-react-components\\lib\\components\\atoms\\Track\\index.js": {
      "path": "C:\\Users\\salkapoo\\Desktop\\Learning\\Atomic-Component\\atomic-react-components\\lib\\components\\atoms\\Track\\index.js",
      "statementMap": {},
      "fnMap": {},
      "branchMap": {},
      "s": {},
      "f": {},
      "b": {},
      "_coverageSchema": "43e27e138ebf9cfc5966b082cf9a028302ed4184",
      "hash": "54875526b1c9a985b1038ef80e60799838509aa4"
    },
    "C:\\Users\\salkapoo\\Desktop\\Learning\\Atomic-Component\\atomic-react-components\\lib\\components\\atoms\\Track\\Track.js": {
      "path": "C:\\Users\\salkapoo\\Desktop\\Learning\\Atomic-Component\\atomic-react-components\\lib\\components\\atoms\\Track\\Track.js",
      "statementMap": {
        "0": { "start": { "line": 10, "column": 14 }, "end": { "line": 12, "column": 1 } },
        "1": { "start": { "line": 11, "column": 2 }, "end": { "line": 11, "column": 94 } },
        "2": { "start": { "line": 14, "column": 0 }, "end": { "line": 16, "column": 2 } }
      },
      "fnMap": {
        "0": {
          "name": "(anonymous_0)",
          "decl": { "start": { "line": 10, "column": 14 }, "end": { "line": 10, "column": 15 } },
          "loc": { "start": { "line": 11, "column": 2 }, "end": { "line": 11, "column": 94 } },
          "line": 11
        }
      },
      "branchMap": {},
      "s": { "0": 2, "1": 5, "2": 2 },
      "f": { "0": 5 },
      "b": {},
      "_coverageSchema": "43e27e138ebf9cfc5966b082cf9a028302ed4184",
      "hash": "b77b4b3888c236ae8a0688ba848b96af5356c285"
    },
    "C:\\Users\\salkapoo\\Desktop\\Learning\\Atomic-Component\\atomic-react-components\\lib\\components\\molecules\\Popover\\index.js": {
      "path": "C:\\Users\\salkapoo\\Desktop\\Learning\\Atomic-Component\\atomic-react-components\\lib\\components\\molecules\\Popover\\index.js",
      "statementMap": {},
      "fnMap": {},
      "branchMap": {},
      "s": {},
      "f": {},
      "b": {},
      "_coverageSchema": "43e27e138ebf9cfc5966b082cf9a028302ed4184",
      "hash": "220d9a4b52f7368ea18fd2138a40f178d5d4cb26"
    },
    "C:\\Users\\salkapoo\\Desktop\\Learning\\Atomic-Component\\atomic-react-components\\lib\\components\\molecules\\Popover\\Popover.js": {
      "path": "C:\\Users\\salkapoo\\Desktop\\Learning\\Atomic-Component\\atomic-react-components\\lib\\components\\molecules\\Popover\\Popover.js",
      "statementMap": {
        "0": { "start": { "line": 20, "column": 51 }, "end": { "line": 20, "column": 62 } },
        "1": { "start": { "line": 23, "column": 4 }, "end": { "line": 23, "column": 17 } },
        "2": { "start": { "line": 28, "column": 4 }, "end": { "line": 28, "column": 40 } },
        "3": { "start": { "line": 37, "column": 4 }, "end": { "line": 37, "column": 75 } },
        "4": { "start": { "line": 39, "column": 26 }, "end": { "line": 39, "column": 36 } },
        "5": { "start": { "line": 40, "column": 4 }, "end": { "line": 44, "column": 5 } },
        "6": { "start": { "line": 41, "column": 6 }, "end": { "line": 43, "column": 9 } },
        "7": { "start": { "line": 52, "column": 4 }, "end": { "line": 52, "column": 78 } },
        "8": { "start": { "line": 61, "column": 23 }, "end": { "line": 73, "column": 3 } },
        "9": { "start": { "line": 62, "column": 15 }, "end": { "line": 62, "column": 23 } },
        "10": { "start": { "line": 63, "column": 4 }, "end": { "line": 72, "column": 5 } },
        "11": { "start": { "line": 69, "column": 6 }, "end": { "line": 71, "column": 9 } },
        "12": { "start": { "line": 80, "column": 16 }, "end": { "line": 84, "column": 3 } },
        "13": { "start": { "line": 81, "column": 4 }, "end": { "line": 83, "column": 7 } },
        "14": { "start": { "line": 91, "column": 10 }, "end": { "line": 95, "column": 3 } },
        "15": { "start": { "line": 92, "column": 4 }, "end": { "line": 94, "column": 7 } },
        "16": { "start": { "line": 98, "column": 81 }, "end": { "line": 98, "column": 91 } },
        "17": { "start": { "line": 99, "column": 28 }, "end": { "line": 99, "column": 38 } },
        "18": { "start": { "line": 106, "column": 20 }, "end": { "line": 106, "column": 89 } },
        "19": { "start": { "line": 108, "column": 4 }, "end": { "line": 127, "column": 6 } },
        "20": { "start": { "line": 131, "column": 0 }, "end": { "line": 134, "column": 2 } }
      },
      "fnMap": {
        "0": {
          "name": "(anonymous_0)",
          "decl": { "start": { "line": 22, "column": 2 }, "end": { "line": 22, "column": 3 } },
          "loc": { "start": { "line": 22, "column": 21 }, "end": { "line": 29, "column": 3 } },
          "line": 22
        },
        "1": {
          "name": "(anonymous_1)",
          "decl": { "start": { "line": 36, "column": 2 }, "end": { "line": 36, "column": 3 } },
          "loc": { "start": { "line": 36, "column": 22 }, "end": { "line": 45, "column": 3 } },
          "line": 36
        },
        "2": {
          "name": "(anonymous_2)",
          "decl": { "start": { "line": 51, "column": 2 }, "end": { "line": 51, "column": 3 } },
          "loc": { "start": { "line": 51, "column": 25 }, "end": { "line": 53, "column": 3 } },
          "line": 51
        },
        "3": {
          "name": "(anonymous_3)",
          "decl": { "start": { "line": 61, "column": 23 }, "end": { "line": 61, "column": 24 } },
          "loc": { "start": { "line": 61, "column": 42 }, "end": { "line": 73, "column": 3 } },
          "line": 61
        },
        "4": {
          "name": "(anonymous_4)",
          "decl": { "start": { "line": 80, "column": 16 }, "end": { "line": 80, "column": 17 } },
          "loc": { "start": { "line": 80, "column": 22 }, "end": { "line": 84, "column": 3 } },
          "line": 80
        },
        "5": {
          "name": "(anonymous_5)",
          "decl": { "start": { "line": 91, "column": 10 }, "end": { "line": 91, "column": 11 } },
          "loc": { "start": { "line": 91, "column": 16 }, "end": { "line": 95, "column": 3 } },
          "line": 91
        },
        "6": {
          "name": "(anonymous_6)",
          "decl": { "start": { "line": 97, "column": 2 }, "end": { "line": 97, "column": 3 } },
          "loc": { "start": { "line": 97, "column": 11 }, "end": { "line": 128, "column": 3 } },
          "line": 97
        }
      },
      "branchMap": {
        "0": {
          "loc": { "start": { "line": 40, "column": 4 }, "end": { "line": 44, "column": 5 } },
          "type": "if",
          "locations": [
            { "start": { "line": 40, "column": 4 }, "end": { "line": 44, "column": 5 } },
            { "start": { "line": 40, "column": 4 }, "end": { "line": 44, "column": 5 } }
          ],
          "line": 40
        },
        "1": {
          "loc": { "start": { "line": 63, "column": 4 }, "end": { "line": 72, "column": 5 } },
          "type": "if",
          "locations": [
            { "start": { "line": 63, "column": 4 }, "end": { "line": 72, "column": 5 } },
            { "start": { "line": 63, "column": 4 }, "end": { "line": 72, "column": 5 } }
          ],
          "line": 63
        },
        "2": {
          "loc": { "start": { "line": 64, "column": 6 }, "end": { "line": 67, "column": 43 } },
          "type": "binary-expr",
          "locations": [
            { "start": { "line": 64, "column": 6 }, "end": { "line": 64, "column": 21 } },
            { "start": { "line": 65, "column": 6 }, "end": { "line": 65, "column": 29 } },
            { "start": { "line": 66, "column": 6 }, "end": { "line": 66, "column": 24 } },
            { "start": { "line": 67, "column": 6 }, "end": { "line": 67, "column": 43 } }
          ],
          "line": 64
        },
        "3": {
          "loc": { "start": { "line": 106, "column": 20 }, "end": { "line": 106, "column": 89 } },
          "type": "binary-expr",
          "locations": [
            { "start": { "line": 106, "column": 20 }, "end": { "line": 106, "column": 27 } },
            { "start": { "line": 106, "column": 31 }, "end": { "line": 106, "column": 89 } }
          ],
          "line": 106
        },
        "4": {
          "loc": { "start": { "line": 115, "column": 9 }, "end": { "line": 125, "column": 9 } },
          "type": "binary-expr",
          "locations": [
            { "start": { "line": 115, "column": 9 }, "end": { "line": 115, "column": 20 } },
            { "start": { "line": 116, "column": 10 }, "end": { "line": 124, "column": 16 } }
          ],
          "line": 115
        },
        "5": {
          "loc": { "start": { "line": 117, "column": 13 }, "end": { "line": 121, "column": 13 } },
          "type": "binary-expr",
          "locations": [
            { "start": { "line": 117, "column": 13 }, "end": { "line": 117, "column": 33 } },
            { "start": { "line": 118, "column": 14 }, "end": { "line": 120, "column": 23 } }
          ],
          "line": 117
        },
        "6": {
          "loc": { "start": { "line": 122, "column": 13 }, "end": { "line": 122, "column": 82 } },
          "type": "binary-expr",
          "locations": [
            { "start": { "line": 122, "column": 13 }, "end": { "line": 122, "column": 26 } },
            { "start": { "line": 122, "column": 30 }, "end": { "line": 122, "column": 82 } }
          ],
          "line": 122
        }
      },
      "s": {
        "0": 5,
        "1": 5,
        "2": 5,
        "3": 5,
        "4": 5,
        "5": 5,
        "6": 2,
        "7": 0,
        "8": 5,
        "9": 0,
        "10": 0,
        "11": 0,
        "12": 5,
        "13": 1,
        "14": 5,
        "15": 1,
        "16": 9,
        "17": 9,
        "18": 9,
        "19": 9,
        "20": 1
      },
      "f": { "0": 5, "1": 5, "2": 0, "3": 0, "4": 1, "5": 1, "6": 9 },
      "b": {
        "0": [2, 3],
        "1": [0, 0],
        "2": [0, 0, 0, 0],
        "3": [9, 8],
        "4": [9, 3],
        "5": [3, 3],
        "6": [3, 3]
      },
      "_coverageSchema": "43e27e138ebf9cfc5966b082cf9a028302ed4184",
      "hash": "e0ad12ff180f16f4cebde8a35cc46f42cfa9e1c4"
    },
    "C:\\Users\\salkapoo\\Desktop\\Learning\\Atomic-Component\\atomic-react-components\\lib\\components\\molecules\\Popover\\Popover.style.js": {
      "path": "C:\\Users\\salkapoo\\Desktop\\Learning\\Atomic-Component\\atomic-react-components\\lib\\components\\molecules\\Popover\\Popover.style.js",
      "statementMap": {
        "0": { "start": { "line": 14, "column": 14 }, "end": { "line": 14, "column": 64 } }
      },
      "fnMap": {
        "0": {
          "name": "(anonymous_0)",
          "decl": { "start": { "line": 14, "column": 4 }, "end": { "line": 14, "column": 5 } },
          "loc": { "start": { "line": 14, "column": 14 }, "end": { "line": 14, "column": 64 } },
          "line": 14
        }
      },
      "branchMap": {
        "0": {
          "loc": { "start": { "line": 14, "column": 14 }, "end": { "line": 14, "column": 64 } },
          "type": "cond-expr",
          "locations": [
            { "start": { "line": 14, "column": 38 }, "end": { "line": 14, "column": 59 } },
            { "start": { "line": 14, "column": 62 }, "end": { "line": 14, "column": 64 } }
          ],
          "line": 14
        }
      },
      "s": { "0": 0 },
      "f": { "0": 0 },
      "b": { "0": [0, 0] },
      "_coverageSchema": "43e27e138ebf9cfc5966b082cf9a028302ed4184",
      "hash": "3c04b282a3ad1d92837df94dd0e0a571eb6b8b26"
    },
    "C:\\Users\\salkapoo\\Desktop\\Learning\\Atomic-Component\\atomic-react-components\\lib\\components\\molecules\\Typeahead\\index.js": {
      "path": "C:\\Users\\salkapoo\\Desktop\\Learning\\Atomic-Component\\atomic-react-components\\lib\\components\\molecules\\Typeahead\\index.js",
      "statementMap": {},
      "fnMap": {},
      "branchMap": {},
      "s": {},
      "f": {},
      "b": {},
      "_coverageSchema": "43e27e138ebf9cfc5966b082cf9a028302ed4184",
      "hash": "18534e13da026dda861a837cf113b200a11a81d9"
    },
    "C:\\Users\\salkapoo\\Desktop\\Learning\\Atomic-Component\\atomic-react-components\\lib\\components\\molecules\\Typeahead\\Typeahead.js": {
      "path": "C:\\Users\\salkapoo\\Desktop\\Learning\\Atomic-Component\\atomic-react-components\\lib\\components\\molecules\\Typeahead\\Typeahead.js",
      "statementMap": {
        "0": { "start": { "line": 19, "column": 18 }, "end": { "line": 208, "column": 1 } },
        "1": { "start": { "line": 36, "column": 47 }, "end": { "line": 36, "column": 59 } },
        "2": { "start": { "line": 37, "column": 42 }, "end": { "line": 37, "column": 54 } },
        "3": { "start": { "line": 39, "column": 2 }, "end": { "line": 44, "column": 5 } },
        "4": { "start": { "line": 40, "column": 20 }, "end": { "line": 40, "column": 64 } },
        "5": { "start": { "line": 41, "column": 4 }, "end": { "line": 43, "column": 5 } },
        "6": { "start": { "line": 42, "column": 6 }, "end": { "line": 42, "column": 69 } },
        "7": { "start": { "line": 46, "column": 28 }, "end": { "line": 48, "column": 3 } },
        "8": { "start": { "line": 47, "column": 4 }, "end": { "line": 47, "column": 54 } },
        "9": { "start": { "line": 55, "column": 29 }, "end": { "line": 60, "column": 3 } },
[...]
      },
      "_coverageSchema": "43e27e138ebf9cfc5966b082cf9a028302ed4184",
      "hash": "310c39cfaa6d41062705cef2114b6f2930442d8f"
    },
    "C:\\Users\\salkapoo\\Desktop\\Learning\\Atomic-Component\\atomic-react-components\\lib\\components\\atoms\\Heading\\index.js": {
      "path": "C:\\Users\\salkapoo\\Desktop\\Learning\\Atomic-Component\\atomic-react-components\\lib\\components\\atoms\\Heading\\index.js",
      "statementMap": {},
      "fnMap": {},
      "branchMap": {},
      "s": {},
      "f": {},
      "b": {},
      "_coverageSchema": "43e27e138ebf9cfc5966b082cf9a028302ed4184",
      "hash": "810862a4774c36313654f693ee2d27331c5a5197"
    },
    "C:\\Users\\salkapoo\\Desktop\\Learning\\Atomic-Component\\atomic-react-components\\lib\\components\\atoms\\Icon\\index.js": {
      "path": "C:\\Users\\salkapoo\\Desktop\\Learning\\Atomic-Component\\atomic-react-components\\lib\\components\\atoms\\Icon\\index.js",
      "statementMap": {},
      "fnMap": {},
      "branchMap": {},
      "s": {},
      "f": {},
      "b": {},
      "_coverageSchema": "43e27e138ebf9cfc5966b082cf9a028302ed4184",
      "hash": "939854e300339dddfeef5d8a431d11f08025ff71"
    },
    "C:\\Users\\salkapoo\\Desktop\\Learning\\Atomic-Component\\atomic-react-components\\lib\\components\\atoms\\Icon\\Icon.js": {
      "path": "C:\\Users\\salkapoo\\Desktop\\Learning\\Atomic-Component\\atomic-react-components\\lib\\components\\atoms\\Icon\\Icon.js",
      "statementMap": {
        "0": { "start": { "line": 14, "column": 13 }, "end": { "line": 20, "column": 1 } },
        "1": { "start": { "line": 15, "column": 2 }, "end": { "line": 19, "column": 4 } }
      },
      "fnMap": {
        "0": {
          "name": "(anonymous_0)",
          "decl": { "start": { "line": 14, "column": 13 }, "end": { "line": 14, "column": 14 } },
          "loc": { "start": { "line": 14, "column": 63 }, "end": { "line": 20, "column": 1 } },
          "line": 14
        }
      },
      "branchMap": {},
      "s": { "0": 2, "1": 5 },
      "f": { "0": 5 },
      "b": {},
      "_coverageSchema": "43e27e138ebf9cfc5966b082cf9a028302ed4184",
      "hash": "f2aa6ee272ca20196dae7d6758fe3114bc5d569a"
    },
    "C:\\Users\\salkapoo\\Desktop\\Learning\\Atomic-Component\\atomic-react-components\\lib\\components\\atoms\\Icon\\Icon.style.js": {
      "path": "C:\\Users\\salkapoo\\Desktop\\Learning\\Atomic-Component\\atomic-react-components\\lib\\components\\atoms\\Icon\\Icon.style.js",
      "statementMap": {
        "0": { "start": { "line": 9, "column": 39 }, "end": { "line": 9, "column": 66 } },
        "1": { "start": { "line": 13, "column": 23 }, "end": { "line": 13, "column": 57 } },
        "2": { "start": { "line": 14, "column": 24 }, "end": { "line": 14, "column": 60 } },
        "3": { "start": { "line": 17, "column": 14 }, "end": { "line": 17, "column": 64 } }
      },
      "fnMap": {
        "0": {
          "name": "(anonymous_0)",
          "decl": { "start": { "line": 9, "column": 30 }, "end": { "line": 9, "column": 31 } },
          "loc": { "start": { "line": 9, "column": 39 }, "end": { "line": 9, "column": 66 } },
          "line": 9
        },
        "1": {
          "name": "(anonymous_1)",
          "decl": { "start": { "line": 13, "column": 13 }, "end": { "line": 13, "column": 14 } },
          "loc": { "start": { "line": 13, "column": 23 }, "end": { "line": 13, "column": 57 } },
          "line": 13
        },
        "2": {
          "name": "(anonymous_2)",
          "decl": { "start": { "line": 14, "column": 14 }, "end": { "line": 14, "column": 15 } },
          "loc": { "start": { "line": 14, "column": 24 }, "end": { "line": 14, "column": 60 } },
          "line": 14
        },
        "3": {
          "name": "(anonymous_3)",
          "decl": { "start": { "line": 17, "column": 4 }, "end": { "line": 17, "column": 5 } },
          "loc": { "start": { "line": 17, "column": 14 }, "end": { "line": 17, "column": 64 } },
          "line": 17
        }
      },
      "branchMap": {
        "0": {
          "loc": { "start": { "line": 13, "column": 23 }, "end": { "line": 13, "column": 57 } },
          "type": "cond-expr",
          "locations": [
            { "start": { "line": 13, "column": 37 }, "end": { "line": 13, "column": 48 } },
            { "start": { "line": 13, "column": 51 }, "end": { "line": 13, "column": 57 } }
          ],
          "line": 13
        },
        "1": {
          "loc": { "start": { "line": 14, "column": 24 }, "end": { "line": 14, "column": 60 } },
          "type": "cond-expr",
          "locations": [
            { "start": { "line": 14, "column": 39 }, "end": { "line": 14, "column": 51 } },
            { "start": { "line": 14, "column": 54 }, "end": { "line": 14, "column": 60 } }
          ],
          "line": 14
        },
        "2": {
          "loc": { "start": { "line": 17, "column": 14 }, "end": { "line": 17, "column": 64 } },
          "type": "cond-expr",
          "locations": [
            { "start": { "line": 17, "column": 38 }, "end": { "line": 17, "column": 59 } },
            { "start": { "line": 17, "column": 62 }, "end": { "line": 17, "column": 64 } }
          ],
          "line": 17
        }
      },
      "s": { "0": 3, "1": 3, "2": 3, "3": 3 },
      "f": { "0": 3, "1": 3, "2": 3, "3": 3 },
      "b": { "0": [0, 3], "1": [0, 3], "2": [0, 3] },
      "_coverageSchema": "43e27e138ebf9cfc5966b082cf9a028302ed4184",
      "hash": "656c49f485da8bba4325e48e3a6703b600156c79"
    },
    "C:\\Users\\salkapoo\\Desktop\\Learning\\Atomic-Component\\atomic-react-components\\lib\\components\\molecules\\CookieDisclaimer\\CookieDisclaimer.js": {
      "path": "C:\\Users\\salkapoo\\Desktop\\Learning\\Atomic-Component\\atomic-react-components\\lib\\components\\molecules\\CookieDisclaimer\\CookieDisclaimer.js",
      "statementMap": {
        "0": { "start": { "line": 10, "column": 32 }, "end": { "line": 10, "column": 44 } },
        "1": { "start": { "line": 12, "column": 36 }, "end": { "line": 14, "column": 1 } },
        "2": { "start": { "line": 13, "column": 2 }, "end": { "line": 13, "column": 27 } },
        "3": { "start": { "line": 16, "column": 31 }, "end": { "line": 19, "column": 1 } },
        "4": { "start": { "line": 18, "column": 2 }, "end": { "line": 18, "column": 25 } },
        "5": { "start": { "line": 21, "column": 25 }, "end": { "line": 52, "column": 1 } },
        "6": { "start": { "line": 30, "column": 25 }, "end": { "line": 30, "column": 34 } },
        "7": { "start": { "line": 31, "column": 29 }, "end": { "line": 31, "column": 38 } },
        "8": { "start": { "line": 32, "column": 2 }, "end": { "line": 32, "column": 55 } },
        "9": { "start": { "line": 34, "column": 28 }, "end": { "line": 49, "column": 10 } },
        "10": { "start": { "line": 51, "column": 2 }, "end": { "line": 51, "column": 27 } },
        "11": { "start": { "line": 54, "column": 0 }, "end": { "line": 63, "column": 2 } }
      },
      "fnMap": {
        "0": {
          "name": "(anonymous_0)",
          "decl": { "start": { "line": 12, "column": 36 }, "end": { "line": 12, "column": 37 } },
          "loc": { "start": { "line": 12, "column": 42 }, "end": { "line": 14, "column": 1 } },
          "line": 12
        },
        "1": {
          "name": "(anonymous_1)",
          "decl": { "start": { "line": 16, "column": 31 }, "end": { "line": 16, "column": 32 } },
          "loc": { "start": { "line": 16, "column": 37 }, "end": { "line": 19, "column": 1 } },
          "line": 16
        },
        "2": {
          "name": "(anonymous_2)",
          "decl": { "start": { "line": 21, "column": 25 }, "end": { "line": 21, "column": 26 } },
          "loc": { "start": { "line": 29, "column": 29 }, "end": { "line": 52, "column": 1 } },
          "line": 29
        }
      },
      "branchMap": {
        "0": {
          "loc": { "start": { "line": 34, "column": 28 }, "end": { "line": 49, "column": 10 } },
          "type": "cond-expr",
          "locations": [
            { "start": { "line": 35, "column": 4 }, "end": { "line": 48, "column": 10 } },
            { "start": { "line": 49, "column": 6 }, "end": { "line": 49, "column": 10 } }
          ],
          "line": 34
        }
      },
      "s": {
        "0": 1,
        "1": 1,
        "2": 2,
        "3": 1,
        "4": 1,
        "5": 1,
        "6": 9,
        "7": 9,
        "8": 9,
        "9": 9,
        "10": 9,
        "11": 1
      },
      "f": { "0": 2, "1": 1, "2": 9 },
      "b": { "0": [7, 2] },
      "_coverageSchema": "43e27e138ebf9cfc5966b082cf9a028302ed4184",
      "hash": "5fb3c8e4d9c97223a1882100bf2d2455cfef52fd"
    },
    "C:\\Users\\salkapoo\\Desktop\\Learning\\Atomic-Component\\atomic-react-components\\lib\\components\\molecules\\CookieDisclaimer\\CookieDisclaimer.style.js": {
      "path": "C:\\Users\\salkapoo\\Desktop\\Learning\\Atomic-Component\\atomic-react-components\\lib\\components\\molecules\\CookieDisclaimer\\CookieDisclaimer.style.js",
      "statementMap": {
        "0": { "start": { "line": 3, "column": 25 }, "end": { "line": 35, "column": 1 } },
        "1": { "start": { "line": 7, "column": 22 }, "end": { "line": 7, "column": 48 } },
        "2": { "start": { "line": 27, "column": 24 }, "end": { "line": 27, "column": 50 } },
        "3": { "start": { "line": 33, "column": 24 }, "end": { "line": 33, "column": 50 } }
      },
      "fnMap": {
        "0": {
          "name": "(anonymous_0)",
          "decl": { "start": { "line": 7, "column": 13 }, "end": { "line": 7, "column": 14 } },
          "loc": { "start": { "line": 7, "column": 22 }, "end": { "line": 7, "column": 48 } },
          "line": 7
        },
        "1": {
          "name": "(anonymous_1)",
          "decl": { "start": { "line": 27, "column": 15 }, "end": { "line": 27, "column": 16 } },
          "loc": { "start": { "line": 27, "column": 24 }, "end": { "line": 27, "column": 50 } },
          "line": 27
        },
        "2": {
          "name": "(anonymous_2)",
          "decl": { "start": { "line": 33, "column": 15 }, "end": { "line": 33, "column": 16 } },
          "loc": { "start": { "line": 33, "column": 24 }, "end": { "line": 33, "column": 50 } },
          "line": 33
        }
      },
      "branchMap": {},
      "s": { "0": 1, "1": 3, "2": 3, "3": 3 },
      "f": { "0": 3, "1": 3, "2": 3 },
      "b": {},
      "_coverageSchema": "43e27e138ebf9cfc5966b082cf9a028302ed4184",
      "hash": "7d5f758a48562e2a7a90565ea190b5b4e8c69319"
    },
    "C:\\Users\\salkapoo\\Desktop\\Learning\\Atomic-Component\\atomic-react-components\\lib\\core\\utils\\getDisplayName.js": {
      "path": "C:\\Users\\salkapoo\\Desktop\\Learning\\Atomic-Component\\atomic-react-components\\lib\\core\\utils\\getDisplayName.js",
      "statementMap": {
        "0": { "start": { "line": 1, "column": 30 }, "end": { "line": 3, "column": 1 } },
        "1": { "start": { "line": 2, "column": 2 }, "end": { "line": 2, "column": 78 } }
      },
      "fnMap": {
        "0": {
          "name": "(anonymous_0)",
          "decl": { "start": { "line": 1, "column": 30 }, "end": { "line": 1, "column": 31 } },
          "loc": { "start": { "line": 1, "column": 50 }, "end": { "line": 3, "column": 1 } },
          "line": 1
        }
      },
      "branchMap": {
        "0": {
          "loc": { "start": { "line": 2, "column": 9 }, "end": { "line": 2, "column": 77 } },
          "type": "binary-expr",
          "locations": [
            { "start": { "line": 2, "column": 9 }, "end": { "line": 2, "column": 37 } },
            { "start": { "line": 2, "column": 41 }, "end": { "line": 2, "column": 62 } },
            { "start": { "line": 2, "column": 66 }, "end": { "line": 2, "column": 77 } }
          ],
          "line": 2
        }
      },
      "s": { "0": 0, "1": 0 },
      "f": { "0": 0 },
      "b": { "0": [0, 0, 0] },
      "hash": "237df99bc9517477a8fa98d412441818dafc0619"
    },
    "C:\\Users\\salkapoo\\Desktop\\Learning\\Atomic-Component\\atomic-react-components\\lib\\components\\molecules\\ArticleThumbnail\\types\\index.js": {
      "path": "C:\\Users\\salkapoo\\Desktop\\Learning\\Atomic-Component\\atomic-react-components\\lib\\components\\molecules\\ArticleThumbnail\\types\\index.js",
      "statementMap": {},
      "fnMap": {},
      "branchMap": {},
      "s": {},
      "f": {},
      "b": {},
      "hash": "f8ce0996c4607ece4ed9eeb7c388c4f9b2799167"
    },
    "C:\\Users\\salkapoo\\Desktop\\Learning\\Atomic-Component\\atomic-react-components\\lib\\components\\molecules\\QuoteMedia\\index.js": {
      "path": "C:\\Users\\salkapoo\\Desktop\\Learning\\Atomic-Component\\atomic-react-components\\lib\\components\\molecules\\QuoteMedia\\index.js",
      "statementMap": {},
      "fnMap": {},
      "branchMap": {},
      "s": {},
      "f": {},
      "b": {},
      "hash": "0d4cbec9a5711f8c7cbf882349ae97aa218e6c1d"
    },
    "C:\\Users\\salkapoo\\Desktop\\Learning\\Atomic-Component\\atomic-react-components\\lib\\components\\molecules\\Modal\\index.js": {
      "path": "C:\\Users\\salkapoo\\Desktop\\Learning\\Atomic-Component\\atomic-react-components\\lib\\components\\molecules\\Modal\\index.js",
      "statementMap": {},
      "fnMap": {},
      "branchMap": {},
      "s": {},
      "f": {},
      "b": {},
      "hash": "8b4bfc0f362a9d1747dfc4a478f20919e49ec874"
    },
    "C:\\Users\\salkapoo\\Desktop\\Learning\\Atomic-Component\\atomic-react-components\\lib\\components\\atoms\\Track\\types\\index.js": {
      "path": "C:\\Users\\salkapoo\\Desktop\\Learning\\Atomic-Component\\atomic-react-components\\lib\\components\\atoms\\Track\\types\\index.js",
      "statementMap": {},
      "fnMap": {},
      "branchMap": {},
      "s": {},
      "f": {},
      "b": {},
      "hash": "76aeb42cd1a880a18929c1f4725fffa03455688e"
    },
    "C:\\Users\\salkapoo\\Desktop\\Learning\\Atomic-Component\\atomic-react-components\\lib\\components\\atoms\\Video\\types\\index.js": {
      "path": "C:\\Users\\salkapoo\\Desktop\\Learning\\Atomic-Component\\atomic-react-components\\lib\\components\\atoms\\Video\\types\\index.js",
      "statementMap": {},
      "fnMap": {},
      "branchMap": {},
      "s": {},
      "f": {},
      "b": {},
      "hash": "d7406f411caefd344a1f881b5b7bbd7025197933"
    },
    "C:\\Users\\salkapoo\\Desktop\\Learning\\Atomic-Component\\atomic-react-components\\lib\\components\\molecules\\CookieDisclaimer\\index.js": {
      "path": "C:\\Users\\salkapoo\\Desktop\\Learning\\Atomic-Component\\atomic-react-components\\lib\\components\\molecules\\CookieDisclaimer\\index.js",
      "statementMap": {},
      "fnMap": {},
      "branchMap": {},
      "s": {},
      "f": {},
      "b": {},
      "hash": "c097923510fd5bd74a377014b98bf22007119b81"
    },
    "C:\\Users\\salkapoo\\Desktop\\Learning\\Atomic-Component\\atomic-react-components\\lib\\components\\molecules\\Blockquote\\types\\index.js": {
      "path": "C:\\Users\\salkapoo\\Desktop\\Learning\\Atomic-Component\\atomic-react-components\\lib\\components\\molecules\\Blockquote\\types\\index.js",
      "statementMap": {},
      "fnMap": {},
      "branchMap": {},
      "s": {},
      "f": {},
      "b": {},
      "hash": "70299255365cb5a3ac3027b8277cd1fc4f1a40b4"
    },
    "C:\\Users\\salkapoo\\Desktop\\Learning\\Atomic-Component\\atomic-react-components\\lib\\components\\atoms\\Icon\\types\\index.js": {
      "path": "C:\\Users\\salkapoo\\Desktop\\Learning\\Atomic-Component\\atomic-react-components\\lib\\components\\atoms\\Icon\\types\\index.js",
      "statementMap": {},
      "fnMap": {},
      "branchMap": {},
      "s": {},
      "f": {},
      "b": {},
      "hash": "0b853c1570be5e625ce7a5600859d2b93cdf482b"
    },
    "C:\\Users\\salkapoo\\Desktop\\Learning\\Atomic-Component\\atomic-react-components\\lib\\components\\molecules\\CookieDisclaimer\\types\\index.js": {
      "path": "C:\\Users\\salkapoo\\Desktop\\Learning\\Atomic-Component\\atomic-react-components\\lib\\components\\molecules\\CookieDisclaimer\\types\\index.js",
      "statementMap": {},
      "fnMap": {},
      "branchMap": {},
      "s": {},
      "f": {},
      "b": {},
      "hash": "e9740ad9a16d31adb01df21875fd968bba0bfd78"
    },
    "C:\\Users\\salkapoo\\Desktop\\Learning\\Atomic-Component\\atomic-react-components\\lib\\components\\molecules\\Breadcrumb\\types\\index.js": {
      "path": "C:\\Users\\salkapoo\\Desktop\\Learning\\Atomic-Component\\atomic-react-components\\lib\\components\\molecules\\Breadcrumb\\types\\index.js",
      "statementMap": {},
      "fnMap": {},
      "branchMap": {},
      "s": {},
      "f": {},
      "b": {},
      "hash": "3ebc77ea36a41a399facd31861bb54d6ae7e907d"
    },
    "C:\\Users\\salkapoo\\Desktop\\Learning\\Atomic-Component\\atomic-react-components\\lib\\components\\molecules\\Tabs\\types\\index.js": {
      "path": "C:\\Users\\salkapoo\\Desktop\\Learning\\Atomic-Component\\atomic-react-components\\lib\\components\\molecules\\Tabs\\types\\index.js",
      "statementMap": {},
      "fnMap": {},
      "branchMap": {},
      "s": {},
      "f": {},
      "b": {},
      "hash": "6e19c991f636aa1afad82f6278b72b0a175a3c4e"
    },
    "C:\\Users\\salkapoo\\Desktop\\Learning\\Atomic-Component\\atomic-react-components\\lib\\components\\molecules\\Table\\types\\index.js": {
      "path": "C:\\Users\\salkapoo\\Desktop\\Learning\\Atomic-Component\\atomic-react-components\\lib\\components\\molecules\\Table\\types\\index.js",
      "statementMap": {},
      "fnMap": {},
      "branchMap": {},
      "s": {},
      "f": {},
      "b": {},
      "hash": "d5d90a425a7297b4b357df80b6328dff59a02a1b"
    },
    "C:\\Users\\salkapoo\\Desktop\\Learning\\Atomic-Component\\atomic-react-components\\lib\\components\\molecules\\QuoteMedia\\types\\index.js": {
      "path": "C:\\Users\\salkapoo\\Desktop\\Learning\\Atomic-Component\\atomic-react-components\\lib\\components\\molecules\\QuoteMedia\\types\\index.js",
      "statementMap": {},
      "fnMap": {},
      "branchMap": {},
      "s": {},
      "f": {},
      "b": {},
      "hash": "fdbcf821a37e5e34c34c40db2db1c8a32961bd72"
    },
    "C:\\Users\\salkapoo\\Desktop\\Learning\\Atomic-Component\\atomic-react-components\\lib\\components\\molecules\\Popover\\types\\index.js": {
      "path": "C:\\Users\\salkapoo\\Desktop\\Learning\\Atomic-Component\\atomic-react-components\\lib\\components\\molecules\\Popover\\types\\index.js",
      "statementMap": {},
      "fnMap": {},
      "branchMap": {},
      "s": {},
      "f": {},
      "b": {},
      "hash": "14aa70391866830830d9312496d7d18bf1f61b43"
    },
    "C:\\Users\\salkapoo\\Desktop\\Learning\\Atomic-Component\\atomic-react-components\\lib\\components\\molecules\\StickyBar\\types\\index.js": {
      "path": "C:\\Users\\salkapoo\\Desktop\\Learning\\Atomic-Component\\atomic-react-components\\lib\\components\\molecules\\StickyBar\\types\\index.js",
      "statementMap": {},
      "fnMap": {},
      "branchMap": {},
      "s": {},
      "f": {},
      "b": {},
      "hash": "34ee960abf05eae1940bd28e56a3f6b66f3d13a2"
    },
    "C:\\Users\\salkapoo\\Desktop\\Learning\\Atomic-Component\\atomic-react-components\\lib\\components\\molecules\\Toast\\types\\index.js": {
      "path": "C:\\Users\\salkapoo\\Desktop\\Learning\\Atomic-Component\\atomic-react-components\\lib\\components\\molecules\\Toast\\types\\index.js",
      "statementMap": {},
      "fnMap": {},
      "branchMap": {},
      "s": {},
      "f": {},
      "b": {},
      "hash": "51d7549811603516fb7576656b29b9b802bed80e"
    },
    "C:\\Users\\salkapoo\\Desktop\\Learning\\Atomic-Component\\atomic-react-components\\lib\\components\\molecules\\Typeahead\\types\\index.js": {
      "path": "C:\\Users\\salkapoo\\Desktop\\Learning\\Atomic-Component\\atomic-react-components\\lib\\components\\molecules\\Typeahead\\types\\index.js",
      "statementMap": {},
      "fnMap": {},
      "branchMap": {},
      "s": {},
      "f": {},
      "b": {},
      "hash": "849333612a006b76e65e3c023c7f55d80e72907f"
    }
  }
}
