{"numFailedTestSuites":0,"numFailedTests":0,"numPassedTestSuites":33,"numPassedTests":87,"numPendingTestSuites":0,"numPendingTests":0,"numRuntimeErrorTestSuites":0,"numTodoTests":0,"numTotalTestSuites":33,"numTotalTests":87,"openHandles":[],"snapshot":{"added":0,"didUpdate":true,"failure":false,"filesAdded":0,"filesRemoved":0,"filesRemovedList":[],"filesUnmatched":0,"filesUpdated":0,"matched":40,"total":40,"unchecked":0,"uncheckedKeysByFile":[],"unmatched":0,"updated":0},"startTime":1576473877421,"success":true,"testResults":[{"assertionResults":[{"ancestorTitles":["<Video />"],"failureMessages":[],"fullName":"<Video /> should have video tag","location":null,"status":"passed","title":"should have video tag"},{"ancestorTitles":["<Video />"],"failureMessages":[],"fullName":"<Video /> should have source tag in video","location":null,"status":"passed","title":"should have source tag in video"},{"ancestorTitles":["<Video />"],"failureMessages":[],"fullName":"<Video /> should have src attribute in source tag","location":null,"status":"passed","title":"should have src attribute in source tag"},{"ancestorTitles":["<Video />"],"failureMessages":[],"fullName":"<Video /> should not be autoplay","location":null,"status":"passed","title":"should not be autoplay"},{"ancestorTitles":["<Video />"],"failureMessages":[],"fullName":"<Video /> should not have track element only should have Track component","location":null,"status":"passed","title":"should not have track element only should have Track component"},{"ancestorTitles":["<Video />"],"failureMessages":[],"fullName":"<Video /> should have children","location":null,"status":"passed","title":"should have children"},{"ancestorTitles":["<Video />"],"failureMessages":[],"fullName":"<Video /> track component without data","location":null,"status":"passed","title":"track component without data"},{"ancestorTitles":["<Video />"],"failureMessages":[],"fullName":"<Video /> should render correctly","location":null,"status":"passed","title":"should render correctly"}],"endTime":1576473881398,"message":"","name":"/D/Projects/xt-ecosystems/react/atomic-react-components/lib/components/atoms/Video/tests/Video.test.js","startTime":1576473880371,"status":"passed","summary":""},{"assertionResults":[{"ancestorTitles":["FieldInput Component"],"failureMessages":[],"fullName":"FieldInput Component should render correctly","location":null,"status":"passed","title":"should render correctly"},{"ancestorTitles":["FieldInput Component"],"failureMessages":[],"fullName":"FieldInput Component should render label correctly","location":null,"status":"passed","title":"should render label correctly"},{"ancestorTitles":["FieldInput Component"],"failureMessages":[],"fullName":"FieldInput Component should render Input component with proper type","location":null,"status":"passed","title":"should render Input component with proper type"}],"endTime":1576473881602,"message":"","name":"/D/Projects/xt-ecosystems/react/atomic-react-components/lib/components/molecules/Form/FieldInput/tests/FieldInput.test.js","startTime":1576473880309,"status":"passed","summary":""},{"assertionResults":[{"ancestorTitles":["FieldTextarea Component"],"failureMessages":[],"fullName":"FieldTextarea Component should render correctly","location":null,"status":"passed","title":"should render correctly"},{"ancestorTitles":["FieldTextarea Component"],"failureMessages":[],"fullName":"FieldTextarea Component should render label correctly","location":null,"status":"passed","title":"should render label correctly"},{"ancestorTitles":["FieldTextarea Component"],"failureMessages":[],"fullName":"FieldTextarea Component should render textarea tag","location":null,"status":"passed","title":"should render textarea tag"}],"endTime":1576473881661,"message":"","name":"/D/Projects/xt-ecosystems/react/atomic-react-components/lib/components/molecules/Form/FieldTextarea/tests/FieldTextarea.test.js","startTime":1576473880339,"status":"passed","summary":""},{"assertionResults":[{"ancestorTitles":["<Tabs />"],"failureMessages":[],"fullName":"<Tabs /> should render correctly","location":null,"status":"passed","title":"should render correctly"},{"ancestorTitles":["<Tabs /> functional behavior"],"failureMessages":[],"fullName":"<Tabs /> functional behavior should have minimum dom structure for the tests below","location":null,"status":"passed","title":"should have minimum dom structure for the tests below"},{"ancestorTitles":["<Tabs /> functional behavior"],"failureMessages":[],"fullName":"<Tabs /> functional behavior should change the tab panel and execute callback on closed tab click","location":null,"status":"passed","title":"should change the tab panel and execute callback on closed tab click"}],"endTime":1576473881693,"message":"","name":"/D/Projects/xt-ecosystems/react/atomic-react-components/lib/components/molecules/Tabs/tests/Tabs.test.js","startTime":1576473880464,"status":"passed","summary":""},{"assertionResults":[{"ancestorTitles":["FieldInput Component"],"failureMessages":[],"fullName":"FieldInput Component should render correctly","location":null,"status":"passed","title":"should render correctly"},{"ancestorTitles":["FieldInput Component"],"failureMessages":[],"fullName":"FieldInput Component should render label correctly","location":null,"status":"passed","title":"should render label correctly"},{"ancestorTitles":["FieldInput Component"],"failureMessages":[],"fullName":"FieldInput Component should render select tag","location":null,"status":"passed","title":"should render select tag"}],"endTime":1576473881695,"message":"","name":"/D/Projects/xt-ecosystems/react/atomic-react-components/lib/components/molecules/Form/FieldSelect/tests/FieldSelect.test.js","startTime":1576473880331,"status":"passed","summary":""},{"assertionResults":[{"ancestorTitles":["Form Component"],"failureMessages":[],"fullName":"Form Component should render select tag correctly","location":null,"status":"passed","title":"should render select tag correctly"},{"ancestorTitles":["Form Component"],"failureMessages":[],"fullName":"Form Component should render input text field","location":null,"status":"passed","title":"should render input text field"},{"ancestorTitles":["Form Component"],"failureMessages":[],"fullName":"Form Component should render select field","location":null,"status":"passed","title":"should render select field"},{"ancestorTitles":["Form Component"],"failureMessages":[],"fullName":"Form Component should render input field with yupValidationSchema","location":null,"status":"passed","title":"should render input field with yupValidationSchema"},{"ancestorTitles":["Form Component"],"failureMessages":[],"fullName":"Form Component should render input field with no validation","location":null,"status":"passed","title":"should render input field with no validation"},{"ancestorTitles":["Form Component"],"failureMessages":[],"fullName":"Form Component getSchema should return null if no params are passed","location":null,"status":"passed","title":"getSchema should return null if no params are passed"}],"endTime":1576473881789,"message":"","name":"/D/Projects/xt-ecosystems/react/atomic-react-components/lib/components/molecules/Form/tests/Form.test.js","startTime":1576473880364,"status":"passed","summary":""},{"assertionResults":[{"ancestorTitles":["Button Component"],"failureMessages":[],"fullName":"Button Component should render correctly","location":null,"status":"passed","title":"should render correctly"},{"ancestorTitles":["Button Component"],"failureMessages":[],"fullName":"Button Component should render disabled","location":null,"status":"passed","title":"should render disabled"},{"ancestorTitles":["Button Component"],"failureMessages":[],"fullName":"Button Component should render title element","location":null,"status":"passed","title":"should render title element"},{"ancestorTitles":["Button Component"],"failureMessages":[],"fullName":"Button Component should render aria attribute element","location":null,"status":"passed","title":"should render aria attribute element"},{"ancestorTitles":["Button Component"],"failureMessages":[],"fullName":"Button Component should check the data attribute of button","location":null,"status":"passed","title":"should check the data attribute of button"}],"endTime":1576473882192,"message":"","name":"/D/Projects/xt-ecosystems/react/atomic-react-components/lib/components/atoms/Button/tests/Button.test.js","startTime":1576473881825,"status":"passed","summary":""},{"assertionResults":[{"ancestorTitles":["<Breadcrumb />"],"failureMessages":[],"fullName":"<Breadcrumb /> should render correctly","location":null,"status":"passed","title":"should render correctly"}],"endTime":1576473882281,"message":"","name":"/D/Projects/xt-ecosystems/react/atomic-react-components/lib/components/molecules/Breadcrumb/tests/Breadcrumb.test.js","startTime":1576473880279,"status":"passed","summary":""},{"assertionResults":[{"ancestorTitles":["InputChoiceVanilla Component"],"failureMessages":[],"fullName":"InputChoiceVanilla Component should render Radio button correctly","location":null,"status":"passed","title":"should render Radio button correctly"},{"ancestorTitles":["InputChoiceVanilla Component"],"failureMessages":[],"fullName":"InputChoiceVanilla Component should render checkbox correctly","location":null,"status":"passed","title":"should render checkbox correctly"},{"ancestorTitles":["InputChoiceVanilla Component"],"failureMessages":[],"fullName":"InputChoiceVanilla Component should render disabled","location":null,"status":"passed","title":"should render disabled"},{"ancestorTitles":["InputChoiceVanilla Component"],"failureMessages":[],"fullName":"InputChoiceVanilla Component should render checked","location":null,"status":"passed","title":"should render checked"}],"endTime":1576473882390,"message":"","name":"/D/Projects/xt-ecosystems/react/atomic-react-components/lib/components/molecules/InputChoice/tests/InputChoice.test.js","startTime":1576473882049,"status":"passed","summary":""},{"assertionResults":[{"ancestorTitles":["Input Component"],"failureMessages":[],"fullName":"Input Component should render correctly","location":null,"status":"passed","title":"should render correctly"},{"ancestorTitles":["Input Component"],"failureMessages":[],"fullName":"Input Component should check the data attribute of input","location":null,"status":"passed","title":"should check the data attribute of input"}],"endTime":1576473882400,"message":"","name":"/D/Projects/xt-ecosystems/react/atomic-react-components/lib/components/atoms/Input/tests/Input.test.js","startTime":1576473882112,"status":"passed","summary":""},{"assertionResults":[{"ancestorTitles":["Select Styled component"],"failureMessages":[],"fullName":"Select Styled component should render correctly","location":null,"status":"passed","title":"should render correctly"}],"endTime":1576473882463,"message":"","name":"/D/Projects/xt-ecosystems/react/atomic-react-components/lib/components/atoms/Textarea/tests/Textarea.style.test.js","startTime":1576473882131,"status":"passed","summary":""},{"assertionResults":[{"ancestorTitles":["<Tab />"],"failureMessages":[],"fullName":"<Tab /> should render correctly","location":null,"status":"passed","title":"should render correctly"}],"endTime":1576473882543,"message":"","name":"/D/Projects/xt-ecosystems/react/atomic-react-components/lib/components/molecules/Tabs/Tab/tests/Tab.test.js","startTime":1576473882215,"status":"passed","summary":""},{"assertionResults":[{"ancestorTitles":["<QuoteMedia />"],"failureMessages":[],"fullName":"<QuoteMedia /> Should have component heading being displayed","location":null,"status":"passed","title":"Should have component heading being displayed"},{"ancestorTitles":["<QuoteMedia />"],"failureMessages":[],"fullName":"<QuoteMedia /> Should allow quote component passing","location":null,"status":"passed","title":"Should allow quote component passing"},{"ancestorTitles":["<QuoteMedia />"],"failureMessages":[],"fullName":"<QuoteMedia /> Should render media Image in component body","location":null,"status":"passed","title":"Should render media Image in component body"},{"ancestorTitles":["<QuoteMedia />"],"failureMessages":[],"fullName":"<QuoteMedia /> Should render correctly","location":null,"status":"passed","title":"Should render correctly"}],"endTime":1576473882535,"message":"","name":"/D/Projects/xt-ecosystems/react/atomic-react-components/lib/components/molecules/QuoteMedia/tests/QuoteMedia.test.js","startTime":1576473882121,"status":"passed","summary":""},{"assertionResults":[{"ancestorTitles":["<Popover /> Rendering"],"failureMessages":[],"fullName":"<Popover /> Rendering should render correctly","location":null,"status":"passed","title":"should render correctly"},{"ancestorTitles":["Popover functional behavior"],"failureMessages":[],"fullName":"Popover functional behavior Should have Close Button By Default and can be closed","location":null,"status":"passed","title":"Should have Close Button By Default and can be closed"},{"ancestorTitles":["Popover functional behavior"],"failureMessages":[],"fullName":"Popover functional behavior Should open By Default when isVisible set to true","location":null,"status":"passed","title":"Should open By Default when isVisible set to true"},{"ancestorTitles":["Popover functional behavior"],"failureMessages":[],"fullName":"Popover functional behavior Should open and close on Trigger and X button click","location":null,"status":"passed","title":"Should open and close on Trigger and X button click"}],"endTime":1576473882965,"message":"","name":"/D/Projects/xt-ecosystems/react/atomic-react-components/lib/components/molecules/Popover/tests/Popover.test.js","startTime":1576473882594,"status":"passed","summary":""},{"assertionResults":[{"ancestorTitles":["Anchor Component"],"failureMessages":[],"fullName":"Anchor Component should render correctly and match snapshot","location":null,"status":"passed","title":"should render correctly and match snapshot"},{"ancestorTitles":["Anchor Component"],"failureMessages":[],"fullName":"Anchor Component Should handle on typeahead focuson Events","location":null,"status":"passed","title":"Should handle on typeahead focuson Events"},{"ancestorTitles":["Anchor Component"],"failureMessages":[],"fullName":"Anchor Component should check the data attribute of anchor","location":null,"status":"passed","title":"should check the data attribute of anchor"}],"endTime":1576473883043,"message":"","name":"/D/Projects/xt-ecosystems/react/atomic-react-components/lib/components/atoms/Anchor/tests/Anchor.test.js","startTime":1576473882778,"status":"passed","summary":""},{"assertionResults":[{"ancestorTitles":["<ArticleThumbnail />"],"failureMessages":[],"fullName":"<ArticleThumbnail /> should render correctly with Readmore","location":null,"status":"passed","title":"should render correctly with Readmore"},{"ancestorTitles":["<ArticleThumbnail />"],"failureMessages":[],"fullName":"<ArticleThumbnail /> should render correctly with full clickable thumb","location":null,"status":"passed","title":"should render correctly with full clickable thumb"}],"endTime":1576473883063,"message":"","name":"/D/Projects/xt-ecosystems/react/atomic-react-components/lib/components/molecules/ArticleThumbnail/tests/ArticleThumbnail.test.js","startTime":1576473882728,"status":"passed","summary":""},{"assertionResults":[{"ancestorTitles":["Image Component"],"failureMessages":[],"fullName":"Image Component should render correctly and match snapshots","location":null,"status":"passed","title":"should render correctly and match snapshots"},{"ancestorTitles":["Image Component"],"failureMessages":[],"fullName":"Image Component should change image src on error","location":null,"status":"passed","title":"should change image src on error"},{"ancestorTitles":["Image Component"],"failureMessages":[],"fullName":"Image Component should check the data attribute of image","location":null,"status":"passed","title":"should check the data attribute of image"},{"ancestorTitles":["Image Component"],"failureMessages":[],"fullName":"Image Component should check the default locator of image","location":null,"status":"passed","title":"should check the default locator of image"}],"endTime":1576473883078,"message":"","name":"/D/Projects/xt-ecosystems/react/atomic-react-components/lib/components/atoms/Image/tests/Image.test.js","startTime":1576473882782,"status":"passed","summary":""},{"assertionResults":[{"ancestorTitles":["Select Component"],"failureMessages":[],"fullName":"Select Component should render correctly","location":null,"status":"passed","title":"should render correctly"},{"ancestorTitles":["Select Component"],"failureMessages":[],"fullName":"Select Component should check the data attribute of dropdown/select","location":null,"status":"passed","title":"should check the data attribute of dropdown/select"}],"endTime":1576473883170,"message":"","name":"/D/Projects/xt-ecosystems/react/atomic-react-components/lib/components/atoms/Select/tests/Select.test.js","startTime":1576473882906,"status":"passed","summary":""},{"assertionResults":[{"ancestorTitles":["FieldError Component"],"failureMessages":[],"fullName":"FieldError Component should render correctly","location":null,"status":"passed","title":"should render correctly"},{"ancestorTitles":["FieldError Component"],"failureMessages":[],"fullName":"FieldError Component should check the element locator of field error","location":null,"status":"passed","title":"should check the element locator of field error"},{"ancestorTitles":["FieldError Component"],"failureMessages":[],"fullName":"FieldError Component should check the default slnid of field error","location":null,"status":"passed","title":"should check the default slnid of field error"}],"endTime":1576473883199,"message":"","name":"/D/Projects/xt-ecosystems/react/atomic-react-components/lib/components/atoms/FieldError/tests/FieldError.test.js","startTime":1576473882904,"status":"passed","summary":""},{"assertionResults":[{"ancestorTitles":["Heading Component"],"failureMessages":[],"fullName":"Heading Component should render correctly and match snapshot","location":null,"status":"passed","title":"should render correctly and match snapshot"},{"ancestorTitles":["Heading Component"],"failureMessages":[],"fullName":"Heading Component should check the custom locator of heading","location":null,"status":"passed","title":"should check the custom locator of heading"},{"ancestorTitles":["Heading Component"],"failureMessages":[],"fullName":"Heading Component should check the default locator of heading","location":null,"status":"passed","title":"should check the default locator of heading"}],"endTime":1576473883218,"message":"","name":"/D/Projects/xt-ecosystems/react/atomic-react-components/lib/components/atoms/Heading/tests/Heading.test.js","startTime":1576473882832,"status":"passed","summary":""},{"assertionResults":[{"ancestorTitles":["Modal Component"],"failureMessages":[],"fullName":"Modal Component should render Modal correctly","location":null,"status":"passed","title":"should render Modal correctly"}],"endTime":1576473883555,"message":"","name":"/D/Projects/xt-ecosystems/react/atomic-react-components/lib/components/molecules/Modal/tests/Modal.test.js","startTime":1576473883289,"status":"passed","summary":""},{"assertionResults":[{"ancestorTitles":["Select Styled component"],"failureMessages":[],"fullName":"Select Styled component should render correctly","location":null,"status":"passed","title":"should render correctly"}],"endTime":1576473883660,"message":"","name":"/D/Projects/xt-ecosystems/react/atomic-react-components/lib/components/atoms/Select/tests/Select.style.test.js","startTime":1576473883360,"status":"passed","summary":""},{"assertionResults":[{"ancestorTitles":["Button"],"failureMessages":[],"fullName":"Button should render correctly","location":null,"status":"passed","title":"should render correctly"}],"endTime":1576473883725,"message":"","name":"/D/Projects/xt-ecosystems/react/atomic-react-components/lib/components/atoms/Button/tests/Button.style.test.js","startTime":1576473883399,"status":"passed","summary":""},{"assertionResults":[{"ancestorTitles":["Input Styled component"],"failureMessages":[],"fullName":"Input Styled component should render correctly","location":null,"status":"passed","title":"should render correctly"}],"endTime":1576473883740,"message":"","name":"/D/Projects/xt-ecosystems/react/atomic-react-components/lib/components/atoms/Input/tests/Input.style.test.js","startTime":1576473883391,"status":"passed","summary":""},{"assertionResults":[{"ancestorTitles":["<Track />"],"failureMessages":[],"fullName":"<Track /> should render correctly","location":null,"status":"passed","title":"should render correctly"}],"endTime":1576473883762,"message":"","name":"/D/Projects/xt-ecosystems/react/atomic-react-components/lib/components/atoms/Track/tests/Track.test.js","startTime":1576473883514,"status":"passed","summary":""},{"assertionResults":[{"ancestorTitles":["<Blockquote />"],"failureMessages":[],"fullName":"<Blockquote /> should render blockquote","location":null,"status":"passed","title":"should render blockquote"},{"ancestorTitles":["<Blockquote />"],"failureMessages":[],"fullName":"<Blockquote /> should render content","location":null,"status":"passed","title":"should render content"},{"ancestorTitles":["<Blockquote />"],"failureMessages":[],"fullName":"<Blockquote /> check quoteContent value passed in","location":null,"status":"passed","title":"check quoteContent value passed in"},{"ancestorTitles":["<Blockquote />"],"failureMessages":[],"fullName":"<Blockquote /> check quoteAuthor value passed in","location":null,"status":"passed","title":"check quoteAuthor value passed in"},{"ancestorTitles":["<Blockquote />"],"failureMessages":[],"fullName":"<Blockquote /> should render author name","location":null,"status":"passed","title":"should render author name"},{"ancestorTitles":["<Blockquote />"],"failureMessages":[],"fullName":"<Blockquote /> should render correctly","location":null,"status":"passed","title":"should render correctly"}],"endTime":1576473883778,"message":"","name":"/D/Projects/xt-ecosystems/react/atomic-react-components/lib/components/molecules/Blockquote/tests/Blockquote.test.js","startTime":1576473883475,"status":"passed","summary":""},{"assertionResults":[{"ancestorTitles":["Image Component with styles"],"failureMessages":[],"fullName":"Image Component with styles should render correctly and match snapshots","location":null,"status":"passed","title":"should render correctly and match snapshots"},{"ancestorTitles":["Image Component with styles"],"failureMessages":[],"fullName":"Image Component with styles should render correctly with lazy load","location":null,"status":"passed","title":"should render correctly with lazy load"}],"endTime":1576473883814,"message":"","name":"/D/Projects/xt-ecosystems/react/atomic-react-components/lib/components/atoms/Image/tests/Image.style.test.js","startTime":1576473883531,"status":"passed","summary":""},{"assertionResults":[{"ancestorTitles":["<Textarea />"],"failureMessages":[],"fullName":"<Textarea /> should render correctly","location":null,"status":"passed","title":"should render correctly"},{"ancestorTitles":["<Textarea />"],"failureMessages":[],"fullName":"<Textarea /> should check the data attribute of textarea","location":null,"status":"passed","title":"should check the data attribute of textarea"}],"endTime":1576473884056,"message":"","name":"/D/Projects/xt-ecosystems/react/atomic-react-components/lib/components/atoms/Textarea/tests/Textarea.test.js","startTime":1576473883863,"status":"passed","summary":""},{"assertionResults":[{"ancestorTitles":["Debug"],"failureMessages":[],"fullName":"Debug should render correctly","location":null,"status":"passed","title":"should render correctly"}],"endTime":1576473884127,"message":"","name":"/D/Projects/xt-ecosystems/react/atomic-react-components/lib/components/molecules/Form/Debug/tests/Debug.test.js","startTime":1576473883934,"status":"passed","summary":""},{"assertionResults":[{"ancestorTitles":["<List />"],"failureMessages":[],"fullName":"<List /> should render default view correctly","location":null,"status":"passed","title":"should render default view correctly"}],"endTime":1576473884183,"message":"","name":"/D/Projects/xt-ecosystems/react/atomic-react-components/lib/components/molecules/List/tests/List.test.js","startTime":1576473883962,"status":"passed","summary":""},{"assertionResults":[{"ancestorTitles":["Label Component"],"failureMessages":[],"fullName":"Label Component should render correctly","location":null,"status":"passed","title":"should render correctly"},{"ancestorTitles":["Label Component"],"failureMessages":[],"fullName":"Label Component should check the data attribute of label","location":null,"status":"passed","title":"should check the data attribute of label"}],"endTime":1576473884194,"message":"","name":"/D/Projects/xt-ecosystems/react/atomic-react-components/lib/components/atoms/Label/tests/Label.test.js","startTime":1576473883987,"status":"passed","summary":""},{"assertionResults":[{"ancestorTitles":["<TabPanel />"],"failureMessages":[],"fullName":"<TabPanel /> should render correctly","location":null,"status":"passed","title":"should render correctly"}],"endTime":1576473884207,"message":"","name":"/D/Projects/xt-ecosystems/react/atomic-react-components/lib/components/molecules/Tabs/TabPanel/tests/TabPanel.test.js","startTime":1576473884004,"status":"passed","summary":""},{"assertionResults":[{"ancestorTitles":["Para Component"],"failureMessages":[],"fullName":"Para Component should render correctly and match snapshot","location":null,"status":"passed","title":"should render correctly and match snapshot"},{"ancestorTitles":["Para Component"],"failureMessages":[],"fullName":"Para Component should check the data attribute of para","location":null,"status":"passed","title":"should check the data attribute of para"}],"endTime":1576473884231,"message":"","name":"/D/Projects/xt-ecosystems/react/atomic-react-components/lib/components/atoms/Para/tests/Para.test.js","startTime":1576473883993,"status":"passed","summary":""}],"wasInterrupted":false,"coverageMap":{"/D/Projects/xt-ecosystems/react/atomic-react-components/lib/components/atoms/Video/index.js":{"path":"/D/Projects/xt-ecosystems/react/atomic-react-components/lib/components/atoms/Video/index.js","statementMap":{},"fnMap":{},"branchMap":{},"s":{},"f":{},"b":{},"_coverageSchema":"43e27e138ebf9cfc5966b082cf9a028302ed4184","hash":"1689f77a5e67ba694998dfc04a27154e13475808"},"/D/Projects/xt-ecosystems/react/atomic-react-components/lib/components/atoms/Video/Video.js":{"path":"/D/Projects/xt-ecosystems/react/atomic-react-components/lib/components/atoms/Video/Video.js","statementMap":{"0":{"start":{"line":17,"column":14},"end":{"line":49,"column":1}},"1":{"start":{"line":32,"column":2},"end":{"line":48,"column":4}},"2":{"start":{"line":51,"column":0},"end":{"line":61,"column":2}},"3":{"start":{"line":63,"column":0},"end":{"line":63,"column":20}},"4":{"start":{"line":64,"column":0},"end":{"line":64,"column":34}}},"fnMap":{"0":{"name":"(anonymous_0)","decl":{"start":{"line":17,"column":14},"end":{"line":17,"column":15}},"loc":{"start":{"line":31,"column":19},"end":{"line":49,"column":1}},"line":31}},"branchMap":{"0":{"loc":{"start":{"line":46,"column":7},"end":{"line":46,"column":69}},"type":"cond-expr","locations":[{"start":{"line":46,"column":29},"end":{"line":46,"column":37}},{"start":{"line":46,"column":40},"end":{"line":46,"column":69}}],"line":46}},"s":{"0":1,"1":10,"2":1,"3":1,"4":1},"f":{"0":10},"b":{"0":[1,9]},"_coverageSchema":"43e27e138ebf9cfc5966b082cf9a028302ed4184","hash":"237df0372c810b488e1bb9959c3090227e0f7828"},"/D/Projects/xt-ecosystems/react/atomic-react-components/lib/components/atoms/Video/Video.style.js":{"path":"/D/Projects/xt-ecosystems/react/atomic-react-components/lib/components/atoms/Video/Video.style.js","statementMap":{"0":{"start":{"line":4,"column":13},"end":{"line":6,"column":1}}},"fnMap":{"0":{"name":"(anonymous_0)","decl":{"start":{"line":4,"column":4},"end":{"line":4,"column":5}},"loc":{"start":{"line":4,"column":13},"end":{"line":6,"column":1}},"line":4}},"branchMap":{"0":{"loc":{"start":{"line":5,"column":9},"end":{"line":5,"column":43}},"type":"cond-expr","locations":[{"start":{"line":5,"column":23},"end":{"line":5,"column":34}},{"start":{"line":5,"column":37},"end":{"line":5,"column":43}}],"line":5}},"s":{"0":0},"f":{"0":0},"b":{"0":[0,0]},"_coverageSchema":"43e27e138ebf9cfc5966b082cf9a028302ed4184","hash":"004c7f8774c8c49db63bee8b61bfbfd1ef171797"},"/D/Projects/xt-ecosystems/react/atomic-react-components/lib/components/atoms/Track/index.js":{"path":"/D/Projects/xt-ecosystems/react/atomic-react-components/lib/components/atoms/Track/index.js","statementMap":{},"fnMap":{},"branchMap":{},"s":{},"f":{},"b":{},"_coverageSchema":"43e27e138ebf9cfc5966b082cf9a028302ed4184","hash":"96f10a7699922ce8259412dc76036fb9ebb5acfc"},"/D/Projects/xt-ecosystems/react/atomic-react-components/lib/components/atoms/Track/Track.js":{"path":"/D/Projects/xt-ecosystems/react/atomic-react-components/lib/components/atoms/Track/Track.js","statementMap":{"0":{"start":{"line":10,"column":14},"end":{"line":12,"column":1}},"1":{"start":{"line":11,"column":2},"end":{"line":11,"column":94}},"2":{"start":{"line":14,"column":0},"end":{"line":16,"column":2}}},"fnMap":{"0":{"name":"(anonymous_0)","decl":{"start":{"line":10,"column":14},"end":{"line":10,"column":15}},"loc":{"start":{"line":11,"column":2},"end":{"line":11,"column":94}},"line":11}},"branchMap":{},"s":{"0":2,"1":5,"2":2},"f":{"0":5},"b":{},"_coverageSchema":"43e27e138ebf9cfc5966b082cf9a028302ed4184","hash":"9f97fe8448ebc376cd4caae6f461a11ffb91ab6a"},"/D/Projects/xt-ecosystems/react/atomic-react-components/lib/components/molecules/Form/Form.js":{"path":"/D/Projects/xt-ecosystems/react/atomic-react-components/lib/components/molecules/Form/Form.js","statementMap":{"0":{"start":{"line":31,"column":14},"end":{"line":37,"column":3}},"1":{"start":{"line":35,"column":4},"end":{"line":35,"column":56}},"2":{"start":{"line":35,"column":29},"end":{"line":35,"column":56}},"3":{"start":{"line":36,"column":4},"end":{"line":36,"column":67}},"4":{"start":{"line":39,"column":20},"end":{"line":39,"column":33}},"5":{"start":{"line":41,"column":17},"end":{"line":41,"column":22}},"6":{"start":{"line":43,"column":17},"end":{"line":43,"column":27}},"7":{"start":{"line":45,"column":22},"end":{"line":45,"column":37}},"8":{"start":{"line":47,"column":18},"end":{"line":47,"column":29}},"9":{"start":{"line":49,"column":20},"end":{"line":49,"column":33}},"10":{"start":{"line":66,"column":8},"end":{"line":66,"column":18}},"11":{"start":{"line":68,"column":4},"end":{"line":85,"column":6}},"12":{"start":{"line":79,"column":10},"end":{"line":82,"column":24}},"13":{"start":{"line":89,"column":0},"end":{"line":99,"column":2}}},"fnMap":{"0":{"name":"(anonymous_0)","decl":{"start":{"line":31,"column":14},"end":{"line":31,"column":15}},"loc":{"start":{"line":34,"column":7},"end":{"line":37,"column":3}},"line":34},"1":{"name":"(anonymous_1)","decl":{"start":{"line":51,"column":2},"end":{"line":51,"column":3}},"loc":{"start":{"line":51,"column":11},"end":{"line":86,"column":3}},"line":51},"2":{"name":"(anonymous_2)","decl":{"start":{"line":78,"column":9},"end":{"line":78,"column":10}},"loc":{"start":{"line":79,"column":10},"end":{"line":82,"column":24}},"line":79}},"branchMap":{"0":{"loc":{"start":{"line":32,"column":4},"end":{"line":32,"column":47}},"type":"default-arg","locations":[{"start":{"line":32,"column":43},"end":{"line":32,"column":47}}],"line":32},"1":{"loc":{"start":{"line":33,"column":4},"end":{"line":33,"column":42}},"type":"default-arg","locations":[{"start":{"line":33,"column":38},"end":{"line":33,"column":42}}],"line":33},"2":{"loc":{"start":{"line":35,"column":4},"end":{"line":35,"column":56}},"type":"if","locations":[{"start":{"line":35,"column":4},"end":{"line":35,"column":56}},{"start":{"line":35,"column":4},"end":{"line":35,"column":56}}],"line":35},"3":{"loc":{"start":{"line":36,"column":11},"end":{"line":36,"column":66}},"type":"cond-expr","locations":[{"start":{"line":36,"column":30},"end":{"line":36,"column":59}},{"start":{"line":36,"column":62},"end":{"line":36,"column":66}}],"line":36},"4":{"loc":{"start":{"line":81,"column":13},"end":{"line":81,"column":31}},"type":"binary-expr","locations":[{"start":{"line":81,"column":13},"end":{"line":81,"column":18}},{"start":{"line":81,"column":22},"end":{"line":81,"column":31}}],"line":81}},"s":{"0":13,"1":14,"2":1,"3":13,"4":4,"5":4,"6":4,"7":4,"8":4,"9":4,"10":13,"11":13,"12":7,"13":4},"f":{"0":14,"1":13,"2":7},"b":{"0":[1],"1":[1],"2":[1,13],"3":[3,10],"4":[7,0]},"_coverageSchema":"43e27e138ebf9cfc5966b082cf9a028302ed4184","hash":"b662cb5cba3c35631938c7ee1368926e1a4fbd02"},"/D/Projects/xt-ecosystems/react/atomic-react-components/lib/core/utils/buildValidationSchema.js":{"path":"/D/Projects/xt-ecosystems/react/atomic-react-components/lib/core/utils/buildValidationSchema.js","statementMap":{"0":{"start":{"line":40,"column":27},"end":{"line":53,"column":1}},"1":{"start":{"line":41,"column":15},"end":{"line":41,"column":26}},"2":{"start":{"line":42,"column":25},"end":{"line":42,"column":42}},"3":{"start":{"line":45,"column":2},"end":{"line":50,"column":5}},"4":{"start":{"line":47,"column":6},"end":{"line":47,"column":84}},"5":{"start":{"line":49,"column":4},"end":{"line":49,"column":49}},"6":{"start":{"line":52,"column":2},"end":{"line":52,"column":16}},"7":{"start":{"line":59,"column":27},"end":{"line":74,"column":1}},"8":{"start":{"line":60,"column":17},"end":{"line":60,"column":19}},"9":{"start":{"line":61,"column":2},"end":{"line":73,"column":3}},"10":{"start":{"line":63,"column":25},"end":{"line":63,"column":47}},"11":{"start":{"line":65,"column":4},"end":{"line":68,"column":7}},"12":{"start":{"line":66,"column":20},"end":{"line":66,"column":40}},"13":{"start":{"line":67,"column":6},"end":{"line":67,"column":52}},"14":{"start":{"line":70,"column":4},"end":{"line":70,"column":38}},"15":{"start":{"line":72,"column":4},"end":{"line":72,"column":18}}},"fnMap":{"0":{"name":"(anonymous_0)","decl":{"start":{"line":40,"column":27},"end":{"line":40,"column":28}},"loc":{"start":{"line":40,"column":61},"end":{"line":53,"column":1}},"line":40},"1":{"name":"(anonymous_1)","decl":{"start":{"line":45,"column":25},"end":{"line":45,"column":26}},"loc":{"start":{"line":45,"column":38},"end":{"line":50,"column":3}},"line":45},"2":{"name":"(anonymous_2)","decl":{"start":{"line":59,"column":27},"end":{"line":59,"column":28}},"loc":{"start":{"line":59,"column":50},"end":{"line":74,"column":1}},"line":59},"3":{"name":"(anonymous_3)","decl":{"start":{"line":65,"column":25},"end":{"line":65,"column":26}},"loc":{"start":{"line":65,"column":38},"end":{"line":68,"column":5}},"line":65}},"branchMap":{"0":{"loc":{"start":{"line":40,"column":30},"end":{"line":40,"column":45}},"type":"default-arg","locations":[{"start":{"line":40,"column":37},"end":{"line":40,"column":45}}],"line":40},"1":{"loc":{"start":{"line":47,"column":6},"end":{"line":47,"column":84}},"type":"cond-expr","locations":[{"start":{"line":47,"column":44},"end":{"line":47,"column":66}},{"start":{"line":47,"column":69},"end":{"line":47,"column":84}}],"line":47}},"s":{"0":4,"1":6,"2":6,"3":6,"4":15,"5":15,"6":6,"7":4,"8":3,"9":3,"10":3,"11":3,"12":6,"13":6,"14":3,"15":0},"f":{"0":6,"1":15,"2":3,"3":6},"b":{"0":[6],"1":[9,6]},"_coverageSchema":"43e27e138ebf9cfc5966b082cf9a028302ed4184","hash":"d63d3460392e18656a6a5a8d10553b036791164f"},"/D/Projects/xt-ecosystems/react/atomic-react-components/lib/core/utils/noop.js":{"path":"/D/Projects/xt-ecosystems/react/atomic-react-components/lib/core/utils/noop.js","statementMap":{"0":{"start":{"line":1,"column":20},"end":{"line":1,"column":36}},"1":{"start":{"line":1,"column":26},"end":{"line":1,"column":36}},"2":{"start":{"line":1,"column":32},"end":{"line":1,"column":36}}},"fnMap":{"0":{"name":"(anonymous_0)","decl":{"start":{"line":1,"column":20},"end":{"line":1,"column":21}},"loc":{"start":{"line":1,"column":26},"end":{"line":1,"column":36}},"line":1},"1":{"name":"(anonymous_1)","decl":{"start":{"line":1,"column":26},"end":{"line":1,"column":27}},"loc":{"start":{"line":1,"column":32},"end":{"line":1,"column":36}},"line":1}},"branchMap":{},"s":{"0":5,"1":0,"2":0},"f":{"0":0,"1":0},"b":{},"_coverageSchema":"43e27e138ebf9cfc5966b082cf9a028302ed4184","hash":"c7e4b09a2df84684a95b28c7c19bb3c5e23c9c17"},"/D/Projects/xt-ecosystems/react/atomic-react-components/lib/components/molecules/Form/Debug/index.js":{"path":"/D/Projects/xt-ecosystems/react/atomic-react-components/lib/components/molecules/Form/Debug/index.js","statementMap":{},"fnMap":{},"branchMap":{},"s":{},"f":{},"b":{},"_coverageSchema":"43e27e138ebf9cfc5966b082cf9a028302ed4184","hash":"f916330fce417d2d985479b7c92d2e92e53e2998"},"/D/Projects/xt-ecosystems/react/atomic-react-components/lib/components/molecules/Form/Debug/Debug.js":{"path":"/D/Projects/xt-ecosystems/react/atomic-react-components/lib/components/molecules/Form/Debug/Debug.js","statementMap":{"0":{"start":{"line":4,"column":21},"end":{"line":43,"column":1}},"1":{"start":{"line":5,"column":2},"end":{"line":42,"column":8}},"2":{"start":{"line":31,"column":8},"end":{"line":39,"column":14}}},"fnMap":{"0":{"name":"(anonymous_0)","decl":{"start":{"line":4,"column":21},"end":{"line":4,"column":22}},"loc":{"start":{"line":5,"column":2},"end":{"line":42,"column":8}},"line":5},"1":{"name":"(anonymous_1)","decl":{"start":{"line":30,"column":7},"end":{"line":30,"column":8}},"loc":{"start":{"line":31,"column":8},"end":{"line":39,"column":14}},"line":31}},"branchMap":{},"s":{"0":5,"1":1,"2":0},"f":{"0":1,"1":0},"b":{},"_coverageSchema":"43e27e138ebf9cfc5966b082cf9a028302ed4184","hash":"a1ad8fae041b7558ba5284695f9f2044de65dc68"},"/D/Projects/xt-ecosystems/react/atomic-react-components/lib/components/molecules/Form/FieldInput/index.js":{"path":"/D/Projects/xt-ecosystems/react/atomic-react-components/lib/components/molecules/Form/FieldInput/index.js","statementMap":{},"fnMap":{},"branchMap":{},"s":{},"f":{},"b":{},"_coverageSchema":"43e27e138ebf9cfc5966b082cf9a028302ed4184","hash":"6ba7112db4fcd0cfff6328cb3852828fe9e48ebb"},"/D/Projects/xt-ecosystems/react/atomic-react-components/lib/components/molecules/Form/FieldInput/FieldInput.js":{"path":"/D/Projects/xt-ecosystems/react/atomic-react-components/lib/components/molecules/Form/FieldInput/FieldInput.js","statementMap":{"0":{"start":{"line":28,"column":19},"end":{"line":77,"column":1}},"1":{"start":{"line":41,"column":18},"end":{"line":41,"column":42}},"2":{"start":{"line":42,"column":2},"end":{"line":76,"column":4}},"3":{"start":{"line":50,"column":47},"end":{"line":50,"column":51}},"4":{"start":{"line":51,"column":10},"end":{"line":66,"column":12}},"5":{"start":{"line":58,"column":16},"end":{"line":58,"column":32}},"6":{"start":{"line":59,"column":16},"end":{"line":59,"column":70}},"7":{"start":{"line":59,"column":52},"end":{"line":59,"column":70}},"8":{"start":{"line":62,"column":16},"end":{"line":62,"column":30}},"9":{"start":{"line":63,"column":16},"end":{"line":63,"column":66}},"10":{"start":{"line":63,"column":50},"end":{"line":63,"column":66}},"11":{"start":{"line":79,"column":0},"end":{"line":89,"column":2}}},"fnMap":{"0":{"name":"(anonymous_0)","decl":{"start":{"line":28,"column":19},"end":{"line":28,"column":20}},"loc":{"start":{"line":40,"column":19},"end":{"line":77,"column":1}},"line":40},"1":{"name":"(anonymous_1)","decl":{"start":{"line":49,"column":9},"end":{"line":49,"column":10}},"loc":{"start":{"line":49,"column":30},"end":{"line":67,"column":9}},"line":49},"2":{"name":"(anonymous_2)","decl":{"start":{"line":57,"column":24},"end":{"line":57,"column":25}},"loc":{"start":{"line":57,"column":29},"end":{"line":60,"column":15}},"line":57},"3":{"name":"(anonymous_3)","decl":{"start":{"line":61,"column":22},"end":{"line":61,"column":23}},"loc":{"start":{"line":61,"column":27},"end":{"line":64,"column":15}},"line":61}},"branchMap":{"0":{"loc":{"start":{"line":41,"column":18},"end":{"line":41,"column":42}},"type":"binary-expr","locations":[{"start":{"line":41,"column":18},"end":{"line":41,"column":20}},{"start":{"line":41,"column":24},"end":{"line":41,"column":42}}],"line":41},"1":{"loc":{"start":{"line":56,"column":32},"end":{"line":56,"column":88}},"type":"cond-expr","locations":[{"start":{"line":56,"column":57},"end":{"line":56,"column":81}},{"start":{"line":56,"column":84},"end":{"line":56,"column":88}}],"line":56},"2":{"loc":{"start":{"line":59,"column":16},"end":{"line":59,"column":70}},"type":"if","locations":[{"start":{"line":59,"column":16},"end":{"line":59,"column":70}},{"start":{"line":59,"column":16},"end":{"line":59,"column":70}}],"line":59},"3":{"loc":{"start":{"line":63,"column":16},"end":{"line":63,"column":66}},"type":"if","locations":[{"start":{"line":63,"column":16},"end":{"line":63,"column":66}},{"start":{"line":63,"column":16},"end":{"line":63,"column":66}}],"line":63},"4":{"loc":{"start":{"line":69,"column":7},"end":{"line":73,"column":7}},"type":"cond-expr","locations":[{"start":{"line":70,"column":8},"end":{"line":70,"column":75}},{"start":{"line":72,"column":8},"end":{"line":72,"column":10}}],"line":69}},"s":{"0":4,"1":4,"2":4,"3":3,"4":3,"5":0,"6":0,"7":0,"8":0,"9":0,"10":0,"11":4},"f":{"0":4,"1":3,"2":0,"3":0},"b":{"0":[4,3],"1":[1,2],"2":[0,0],"3":[0,0],"4":[1,3]},"_coverageSchema":"43e27e138ebf9cfc5966b082cf9a028302ed4184","hash":"87cde8490f7fbbb327e241241637613d4cd31541"},"/D/Projects/xt-ecosystems/react/atomic-react-components/lib/components/atoms/Input/index.js":{"path":"/D/Projects/xt-ecosystems/react/atomic-react-components/lib/components/atoms/Input/index.js","statementMap":{},"fnMap":{},"branchMap":{},"s":{},"f":{},"b":{},"_coverageSchema":"43e27e138ebf9cfc5966b082cf9a028302ed4184","hash":"e670330d984608199a13b0f6c15f3604e1106d90"},"/D/Projects/xt-ecosystems/react/atomic-react-components/lib/components/atoms/Input/Input.js":{"path":"/D/Projects/xt-ecosystems/react/atomic-react-components/lib/components/atoms/Input/Input.js","statementMap":{"0":{"start":{"line":18,"column":14},"end":{"line":40,"column":1}},"1":{"start":{"line":29,"column":2},"end":{"line":39,"column":4}},"2":{"start":{"line":42,"column":0},"end":{"line":49,"column":2}}},"fnMap":{"0":{"name":"(anonymous_0)","decl":{"start":{"line":18,"column":14},"end":{"line":18,"column":15}},"loc":{"start":{"line":29,"column":2},"end":{"line":39,"column":4}},"line":29}},"branchMap":{"0":{"loc":{"start":{"line":37,"column":18},"end":{"line":37,"column":59}},"type":"binary-expr","locations":[{"start":{"line":37,"column":18},"end":{"line":37,"column":32}},{"start":{"line":37,"column":36},"end":{"line":37,"column":59}}],"line":37}},"s":{"0":7,"1":5,"2":7},"f":{"0":5},"b":{"0":[5,3]},"_coverageSchema":"43e27e138ebf9cfc5966b082cf9a028302ed4184","hash":"ef8bb625dbecff24de7b6af980477cf4e8223666"},"/D/Projects/xt-ecosystems/react/atomic-react-components/lib/components/atoms/Input/Input.style.js":{"path":"/D/Projects/xt-ecosystems/react/atomic-react-components/lib/components/atoms/Input/Input.style.js","statementMap":{"0":{"start":{"line":3,"column":15},"end":{"line":20,"column":1}},"1":{"start":{"line":4,"column":13},"end":{"line":9,"column":3}},"2":{"start":{"line":12,"column":4},"end":{"line":17,"column":10}},"3":{"start":{"line":19,"column":14},"end":{"line":19,"column":64}}},"fnMap":{"0":{"name":"(anonymous_0)","decl":{"start":{"line":4,"column":4},"end":{"line":4,"column":5}},"loc":{"start":{"line":4,"column":13},"end":{"line":9,"column":3}},"line":4},"1":{"name":"(anonymous_1)","decl":{"start":{"line":11,"column":4},"end":{"line":11,"column":5}},"loc":{"start":{"line":12,"column":4},"end":{"line":17,"column":10}},"line":12},"2":{"name":"(anonymous_2)","decl":{"start":{"line":19,"column":4},"end":{"line":19,"column":5}},"loc":{"start":{"line":19,"column":14},"end":{"line":19,"column":64}},"line":19}},"branchMap":{"0":{"loc":{"start":{"line":12,"column":4},"end":{"line":17,"column":10}},"type":"cond-expr","locations":[{"start":{"line":13,"column":8},"end":{"line":16,"column":5}},{"start":{"line":17,"column":8},"end":{"line":17,"column":10}}],"line":12},"1":{"loc":{"start":{"line":19,"column":14},"end":{"line":19,"column":64}},"type":"cond-expr","locations":[{"start":{"line":19,"column":38},"end":{"line":19,"column":59}},{"start":{"line":19,"column":62},"end":{"line":19,"column":64}}],"line":19}},"s":{"0":7,"1":3,"2":3,"3":3},"f":{"0":3,"1":3,"2":3},"b":{"0":[0,3],"1":[0,3]},"_coverageSchema":"43e27e138ebf9cfc5966b082cf9a028302ed4184","hash":"a8ab2e23d1fe93b921e54d1f38a80d35808dc9b4"},"/D/Projects/xt-ecosystems/react/atomic-react-components/lib/components/atoms/FieldError/index.js":{"path":"/D/Projects/xt-ecosystems/react/atomic-react-components/lib/components/atoms/FieldError/index.js","statementMap":{},"fnMap":{},"branchMap":{},"s":{},"f":{},"b":{},"_coverageSchema":"43e27e138ebf9cfc5966b082cf9a028302ed4184","hash":"b0ad203d7f2ea4ab77ac9c723abaa6dbda843106"},"/D/Projects/xt-ecosystems/react/atomic-react-components/lib/components/atoms/FieldError/FieldError.js":{"path":"/D/Projects/xt-ecosystems/react/atomic-react-components/lib/components/atoms/FieldError/FieldError.js","statementMap":{"0":{"start":{"line":17,"column":19},"end":{"line":37,"column":1}},"1":{"start":{"line":25,"column":2},"end":{"line":36,"column":4}},"2":{"start":{"line":39,"column":0},"end":{"line":44,"column":2}}},"fnMap":{"0":{"name":"(anonymous_0)","decl":{"start":{"line":17,"column":19},"end":{"line":17,"column":20}},"loc":{"start":{"line":24,"column":19},"end":{"line":37,"column":1}},"line":24}},"branchMap":{"0":{"loc":{"start":{"line":30,"column":20},"end":{"line":30,"column":59}},"type":"cond-expr","locations":[{"start":{"line":30,"column":33},"end":{"line":30,"column":54}},{"start":{"line":30,"column":57},"end":{"line":30,"column":59}}],"line":30},"1":{"loc":{"start":{"line":31,"column":20},"end":{"line":31,"column":85}},"type":"binary-expr","locations":[{"start":{"line":31,"column":20},"end":{"line":31,"column":34}},{"start":{"line":31,"column":38},"end":{"line":31,"column":85}}],"line":31}},"s":{"0":5,"1":5,"2":5},"f":{"0":5},"b":{"0":[1,4],"1":[5,4]},"_coverageSchema":"43e27e138ebf9cfc5966b082cf9a028302ed4184","hash":"a2b00990d2f0d52699196ec5eab099df952972ae"},"/D/Projects/xt-ecosystems/react/atomic-react-components/lib/components/atoms/Para/index.js":{"path":"/D/Projects/xt-ecosystems/react/atomic-react-components/lib/components/atoms/Para/index.js","statementMap":{},"fnMap":{},"branchMap":{},"s":{},"f":{},"b":{},"_coverageSchema":"43e27e138ebf9cfc5966b082cf9a028302ed4184","hash":"068ef2bd4ae5ef8ccf143d52b83ae704a571023b"},"/D/Projects/xt-ecosystems/react/atomic-react-components/lib/components/atoms/Para/Para.js":{"path":"/D/Projects/xt-ecosystems/react/atomic-react-components/lib/components/atoms/Para/Para.js","statementMap":{"0":{"start":{"line":15,"column":13},"end":{"line":27,"column":1}},"1":{"start":{"line":16,"column":22},"end":{"line":20,"column":8}},"2":{"start":{"line":22,"column":2},"end":{"line":26,"column":4}},"3":{"start":{"line":29,"column":0},"end":{"line":33,"column":2}}},"fnMap":{"0":{"name":"(anonymous_0)","decl":{"start":{"line":15,"column":13},"end":{"line":15,"column":14}},"loc":{"start":{"line":15,"column":99},"end":{"line":27,"column":1}},"line":15}},"branchMap":{"0":{"loc":{"start":{"line":16,"column":22},"end":{"line":20,"column":8}},"type":"cond-expr","locations":[{"start":{"line":17,"column":6},"end":{"line":19,"column":7}},{"start":{"line":20,"column":6},"end":{"line":20,"column":8}}],"line":16}},"s":{"0":8,"1":5,"2":5,"3":8},"f":{"0":5},"b":{"0":[2,3]},"_coverageSchema":"43e27e138ebf9cfc5966b082cf9a028302ed4184","hash":"9c42ab148955d5a93ee6b8f9db3ec519ef5a8287"},"/D/Projects/xt-ecosystems/react/atomic-react-components/lib/components/atoms/Para/Para.style.js":{"path":"/D/Projects/xt-ecosystems/react/atomic-react-components/lib/components/atoms/Para/Para.style.js","statementMap":{},"fnMap":{},"branchMap":{},"s":{},"f":{},"b":{},"_coverageSchema":"43e27e138ebf9cfc5966b082cf9a028302ed4184","hash":"541c82e90c68cfa0a85bf6bf12f8b20acaa9b37b"},"/D/Projects/xt-ecosystems/react/atomic-react-components/lib/core/utils/elementLocator.js":{"path":"/D/Projects/xt-ecosystems/react/atomic-react-components/lib/core/utils/elementLocator.js","statementMap":{"0":{"start":{"line":4,"column":36},"end":{"line":20,"column":1}},"1":{"start":{"line":5,"column":14},"end":{"line":5,"column":16}},"2":{"start":{"line":7,"column":2},"end":{"line":18,"column":5}},"3":{"start":{"line":8,"column":24},"end":{"line":8,"column":29}},"4":{"start":{"line":10,"column":4},"end":{"line":16,"column":5}},"5":{"start":{"line":11,"column":6},"end":{"line":15,"column":9}},"6":{"start":{"line":12,"column":8},"end":{"line":12,"column":78}},"7":{"start":{"line":13,"column":8},"end":{"line":13,"column":51}},"8":{"start":{"line":13,"column":30},"end":{"line":13,"column":51}},"9":{"start":{"line":14,"column":8},"end":{"line":14,"column":29}},"10":{"start":{"line":17,"column":4},"end":{"line":17,"column":45}},"11":{"start":{"line":19,"column":2},"end":{"line":19,"column":29}}},"fnMap":{"0":{"name":"(anonymous_0)","decl":{"start":{"line":4,"column":36},"end":{"line":4,"column":37}},"loc":{"start":{"line":4,"column":48},"end":{"line":20,"column":1}},"line":4},"1":{"name":"(anonymous_1)","decl":{"start":{"line":7,"column":34},"end":{"line":7,"column":35}},"loc":{"start":{"line":7,"column":57},"end":{"line":18,"column":3}},"line":7},"2":{"name":"(anonymous_2)","decl":{"start":{"line":11,"column":28},"end":{"line":11,"column":29}},"loc":{"start":{"line":11,"column":51},"end":{"line":15,"column":7}},"line":11}},"branchMap":{"0":{"loc":{"start":{"line":10,"column":4},"end":{"line":16,"column":5}},"type":"if","locations":[{"start":{"line":10,"column":4},"end":{"line":16,"column":5}},{"start":{"line":10,"column":4},"end":{"line":16,"column":5}}],"line":10},"1":{"loc":{"start":{"line":12,"column":20},"end":{"line":12,"column":67}},"type":"cond-expr","locations":[{"start":{"line":12,"column":59},"end":{"line":12,"column":61}},{"start":{"line":12,"column":64},"end":{"line":12,"column":67}}],"line":12},"2":{"loc":{"start":{"line":12,"column":20},"end":{"line":12,"column":56}},"type":"binary-expr","locations":[{"start":{"line":12,"column":20},"end":{"line":12,"column":36}},{"start":{"line":12,"column":40},"end":{"line":12,"column":56}}],"line":12},"3":{"loc":{"start":{"line":13,"column":8},"end":{"line":13,"column":51}},"type":"if","locations":[{"start":{"line":13,"column":8},"end":{"line":13,"column":51}},{"start":{"line":13,"column":8},"end":{"line":13,"column":51}}],"line":13},"4":{"loc":{"start":{"line":17,"column":11},"end":{"line":17,"column":44}},"type":"binary-expr","locations":[{"start":{"line":17,"column":11},"end":{"line":17,"column":24}},{"start":{"line":17,"column":28},"end":{"line":17,"column":44}}],"line":17}},"s":{"0":18,"1":32,"2":32,"3":30,"4":30,"5":30,"6":46,"7":46,"8":16,"9":46,"10":30,"11":32},"f":{"0":32,"1":30,"2":46},"b":{"0":[30,0],"1":[30,16],"2":[46,46],"3":[16,30],"4":[30,14]},"_coverageSchema":"43e27e138ebf9cfc5966b082cf9a028302ed4184","hash":"fd918ca59527a66e44014a023fa0e8053598ac92"},"/D/Projects/xt-ecosystems/react/atomic-react-components/lib/components/atoms/FieldError/FieldError.style.js":{"path":"/D/Projects/xt-ecosystems/react/atomic-react-components/lib/components/atoms/FieldError/FieldError.style.js","statementMap":{"0":{"start":{"line":3,"column":15},"end":{"line":10,"column":1}},"1":{"start":{"line":4,"column":13},"end":{"line":4,"column":46}},"2":{"start":{"line":5,"column":13},"end":{"line":5,"column":42}},"3":{"start":{"line":9,"column":14},"end":{"line":9,"column":64}}},"fnMap":{"0":{"name":"(anonymous_0)","decl":{"start":{"line":4,"column":4},"end":{"line":4,"column":5}},"loc":{"start":{"line":4,"column":13},"end":{"line":4,"column":46}},"line":4},"1":{"name":"(anonymous_1)","decl":{"start":{"line":5,"column":4},"end":{"line":5,"column":5}},"loc":{"start":{"line":5,"column":13},"end":{"line":5,"column":42}},"line":5},"2":{"name":"(anonymous_2)","decl":{"start":{"line":9,"column":4},"end":{"line":9,"column":5}},"loc":{"start":{"line":9,"column":14},"end":{"line":9,"column":64}},"line":9}},"branchMap":{"0":{"loc":{"start":{"line":9,"column":14},"end":{"line":9,"column":64}},"type":"cond-expr","locations":[{"start":{"line":9,"column":38},"end":{"line":9,"column":59}},{"start":{"line":9,"column":62},"end":{"line":9,"column":64}}],"line":9}},"s":{"0":5,"1":0,"2":0,"3":0},"f":{"0":0,"1":0,"2":0},"b":{"0":[0,0]},"_coverageSchema":"43e27e138ebf9cfc5966b082cf9a028302ed4184","hash":"f3481c86f55a4d8840f264ae3668250feaffcc5c"},"/D/Projects/xt-ecosystems/react/atomic-react-components/lib/components/atoms/Label/index.js":{"path":"/D/Projects/xt-ecosystems/react/atomic-react-components/lib/components/atoms/Label/index.js","statementMap":{},"fnMap":{},"branchMap":{},"s":{},"f":{},"b":{},"_coverageSchema":"43e27e138ebf9cfc5966b082cf9a028302ed4184","hash":"50f4e490aa3b2c859428c30418051e1501594049"},"/D/Projects/xt-ecosystems/react/atomic-react-components/lib/components/atoms/Label/Label.js":{"path":"/D/Projects/xt-ecosystems/react/atomic-react-components/lib/components/atoms/Label/Label.js","statementMap":{"0":{"start":{"line":14,"column":14},"end":{"line":25,"column":1}},"1":{"start":{"line":17,"column":2},"end":{"line":24,"column":10}},"2":{"start":{"line":27,"column":0},"end":{"line":30,"column":2}}},"fnMap":{"0":{"name":"(anonymous_0)","decl":{"start":{"line":14,"column":14},"end":{"line":14,"column":15}},"loc":{"start":{"line":17,"column":2},"end":{"line":24,"column":10}},"line":17}},"branchMap":{"0":{"loc":{"start":{"line":20,"column":18},"end":{"line":20,"column":88}},"type":"binary-expr","locations":[{"start":{"line":20,"column":18},"end":{"line":20,"column":32}},{"start":{"line":20,"column":36},"end":{"line":20,"column":88}}],"line":20}},"s":{"0":6,"1":9,"2":6},"f":{"0":9},"b":{"0":[9,8]},"_coverageSchema":"43e27e138ebf9cfc5966b082cf9a028302ed4184","hash":"d43f9dcee1925bb7381c9ea4aeed8c6a95b15417"},"/D/Projects/xt-ecosystems/react/atomic-react-components/lib/components/molecules/Form/FieldInput/FieldInput.style.js":{"path":"/D/Projects/xt-ecosystems/react/atomic-react-components/lib/components/molecules/Form/FieldInput/FieldInput.style.js","statementMap":{"0":{"start":{"line":3,"column":15},"end":{"line":11,"column":1}},"1":{"start":{"line":4,"column":28},"end":{"line":4,"column":54}},"2":{"start":{"line":9,"column":30},"end":{"line":9,"column":59}}},"fnMap":{"0":{"name":"(anonymous_0)","decl":{"start":{"line":4,"column":19},"end":{"line":4,"column":20}},"loc":{"start":{"line":4,"column":28},"end":{"line":4,"column":54}},"line":4},"1":{"name":"(anonymous_1)","decl":{"start":{"line":9,"column":21},"end":{"line":9,"column":22}},"loc":{"start":{"line":9,"column":30},"end":{"line":9,"column":59}},"line":9}},"branchMap":{},"s":{"0":4,"1":1,"2":1},"f":{"0":1,"1":1},"b":{},"_coverageSchema":"43e27e138ebf9cfc5966b082cf9a028302ed4184","hash":"11be827d30fcc22c0befc782bc4cccd6a4155b91"},"/D/Projects/xt-ecosystems/react/atomic-react-components/lib/components/molecules/Form/FieldSelect/index.js":{"path":"/D/Projects/xt-ecosystems/react/atomic-react-components/lib/components/molecules/Form/FieldSelect/index.js","statementMap":{},"fnMap":{},"branchMap":{},"s":{},"f":{},"b":{},"_coverageSchema":"43e27e138ebf9cfc5966b082cf9a028302ed4184","hash":"2d506fd9faeee97a03ec34e5324f54ae2ce0bc35"},"/D/Projects/xt-ecosystems/react/atomic-react-components/lib/components/molecules/Form/FieldSelect/FieldSelect.js":{"path":"/D/Projects/xt-ecosystems/react/atomic-react-components/lib/components/molecules/Form/FieldSelect/FieldSelect.js","statementMap":{"0":{"start":{"line":21,"column":20},"end":{"line":52,"column":1}},"1":{"start":{"line":31,"column":2},"end":{"line":51,"column":8}},"2":{"start":{"line":37,"column":33},"end":{"line":37,"column":37}},"3":{"start":{"line":38,"column":8},"end":{"line":47,"column":10}},"4":{"start":{"line":43,"column":14},"end":{"line":43,"column":30}},"5":{"start":{"line":44,"column":14},"end":{"line":44,"column":68}},"6":{"start":{"line":44,"column":50},"end":{"line":44,"column":68}},"7":{"start":{"line":54,"column":0},"end":{"line":58,"column":2}}},"fnMap":{"0":{"name":"(anonymous_0)","decl":{"start":{"line":21,"column":20},"end":{"line":21,"column":21}},"loc":{"start":{"line":31,"column":2},"end":{"line":51,"column":8}},"line":31},"1":{"name":"(anonymous_1)","decl":{"start":{"line":36,"column":7},"end":{"line":36,"column":8}},"loc":{"start":{"line":36,"column":28},"end":{"line":48,"column":7}},"line":36},"2":{"name":"(anonymous_2)","decl":{"start":{"line":42,"column":22},"end":{"line":42,"column":23}},"loc":{"start":{"line":42,"column":27},"end":{"line":45,"column":13}},"line":42}},"branchMap":{"0":{"loc":{"start":{"line":44,"column":14},"end":{"line":44,"column":68}},"type":"if","locations":[{"start":{"line":44,"column":14},"end":{"line":44,"column":68}},{"start":{"line":44,"column":14},"end":{"line":44,"column":68}}],"line":44}},"s":{"0":4,"1":2,"2":2,"3":2,"4":0,"5":0,"6":0,"7":4},"f":{"0":2,"1":2,"2":0},"b":{"0":[0,0]},"_coverageSchema":"43e27e138ebf9cfc5966b082cf9a028302ed4184","hash":"b49f6a7e09d832928ad73c4d2a824994ebd13913"},"/D/Projects/xt-ecosystems/react/atomic-react-components/lib/components/atoms/Select/index.js":{"path":"/D/Projects/xt-ecosystems/react/atomic-react-components/lib/components/atoms/Select/index.js","statementMap":{},"fnMap":{},"branchMap":{},"s":{},"f":{},"b":{},"_coverageSchema":"43e27e138ebf9cfc5966b082cf9a028302ed4184","hash":"49d75fc98904f1fe1f6fced50b416d56070f4237"},"/D/Projects/xt-ecosystems/react/atomic-react-components/lib/components/atoms/Select/Select.js":{"path":"/D/Projects/xt-ecosystems/react/atomic-react-components/lib/components/atoms/Select/Select.js","statementMap":{"0":{"start":{"line":18,"column":15},"end":{"line":45,"column":1}},"1":{"start":{"line":29,"column":2},"end":{"line":44,"column":11}},"2":{"start":{"line":40,"column":6},"end":{"line":42,"column":15}},"3":{"start":{"line":47,"column":0},"end":{"line":53,"column":2}}},"fnMap":{"0":{"name":"(anonymous_0)","decl":{"start":{"line":18,"column":15},"end":{"line":18,"column":16}},"loc":{"start":{"line":29,"column":2},"end":{"line":44,"column":11}},"line":29},"1":{"name":"(anonymous_1)","decl":{"start":{"line":39,"column":17},"end":{"line":39,"column":18}},"loc":{"start":{"line":40,"column":6},"end":{"line":42,"column":15}},"line":40}},"branchMap":{"0":{"loc":{"start":{"line":35,"column":18},"end":{"line":35,"column":64}},"type":"binary-expr","locations":[{"start":{"line":35,"column":18},"end":{"line":35,"column":32}},{"start":{"line":35,"column":36},"end":{"line":35,"column":64}}],"line":35},"1":{"loc":{"start":{"line":38,"column":5},"end":{"line":38,"column":59}},"type":"binary-expr","locations":[{"start":{"line":38,"column":5},"end":{"line":38,"column":16}},{"start":{"line":38,"column":20},"end":{"line":38,"column":59}}],"line":38}},"s":{"0":6,"1":5,"2":12,"3":6},"f":{"0":5,"1":12},"b":{"0":[5,3],"1":[5,0]},"_coverageSchema":"43e27e138ebf9cfc5966b082cf9a028302ed4184","hash":"fec7f4bb5287b6fca3402f67f3dc04ecc52e56f1"},"/D/Projects/xt-ecosystems/react/atomic-react-components/lib/components/atoms/Select/Select.style.js":{"path":"/D/Projects/xt-ecosystems/react/atomic-react-components/lib/components/atoms/Select/Select.style.js","statementMap":{"0":{"start":{"line":3,"column":15},"end":{"line":22,"column":1}},"1":{"start":{"line":5,"column":13},"end":{"line":10,"column":3}},"2":{"start":{"line":14,"column":4},"end":{"line":19,"column":10}},"3":{"start":{"line":21,"column":14},"end":{"line":21,"column":64}}},"fnMap":{"0":{"name":"(anonymous_0)","decl":{"start":{"line":5,"column":4},"end":{"line":5,"column":5}},"loc":{"start":{"line":5,"column":13},"end":{"line":10,"column":3}},"line":5},"1":{"name":"(anonymous_1)","decl":{"start":{"line":13,"column":4},"end":{"line":13,"column":5}},"loc":{"start":{"line":14,"column":4},"end":{"line":19,"column":10}},"line":14},"2":{"name":"(anonymous_2)","decl":{"start":{"line":21,"column":4},"end":{"line":21,"column":5}},"loc":{"start":{"line":21,"column":14},"end":{"line":21,"column":64}},"line":21}},"branchMap":{"0":{"loc":{"start":{"line":14,"column":4},"end":{"line":19,"column":10}},"type":"cond-expr","locations":[{"start":{"line":15,"column":8},"end":{"line":18,"column":5}},{"start":{"line":19,"column":8},"end":{"line":19,"column":10}}],"line":14},"1":{"loc":{"start":{"line":21,"column":14},"end":{"line":21,"column":64}},"type":"cond-expr","locations":[{"start":{"line":21,"column":38},"end":{"line":21,"column":59}},{"start":{"line":21,"column":62},"end":{"line":21,"column":64}}],"line":21}},"s":{"0":6,"1":2,"2":2,"3":2},"f":{"0":2,"1":2,"2":2},"b":{"0":[0,2],"1":[0,2]},"_coverageSchema":"43e27e138ebf9cfc5966b082cf9a028302ed4184","hash":"3b3cbb1c1ef4744803c92e44868ef20514f1d364"},"/D/Projects/xt-ecosystems/react/atomic-react-components/lib/components/molecules/Form/FieldSelect/FieldSelect.style.js":{"path":"/D/Projects/xt-ecosystems/react/atomic-react-components/lib/components/molecules/Form/FieldSelect/FieldSelect.style.js","statementMap":{"0":{"start":{"line":3,"column":15},"end":{"line":10,"column":1}},"1":{"start":{"line":4,"column":28},"end":{"line":4,"column":54}},"2":{"start":{"line":8,"column":30},"end":{"line":8,"column":59}}},"fnMap":{"0":{"name":"(anonymous_0)","decl":{"start":{"line":4,"column":19},"end":{"line":4,"column":20}},"loc":{"start":{"line":4,"column":28},"end":{"line":4,"column":54}},"line":4},"1":{"name":"(anonymous_1)","decl":{"start":{"line":8,"column":21},"end":{"line":8,"column":22}},"loc":{"start":{"line":8,"column":30},"end":{"line":8,"column":59}},"line":8}},"branchMap":{},"s":{"0":4,"1":0,"2":0},"f":{"0":0,"1":0},"b":{},"_coverageSchema":"43e27e138ebf9cfc5966b082cf9a028302ed4184","hash":"20fb9e1540dc8c263b46f17f2143a9a56d2388a4"},"/D/Projects/xt-ecosystems/react/atomic-react-components/lib/components/molecules/Form/FieldTextarea/index.js":{"path":"/D/Projects/xt-ecosystems/react/atomic-react-components/lib/components/molecules/Form/FieldTextarea/index.js","statementMap":{},"fnMap":{},"branchMap":{},"s":{},"f":{},"b":{},"_coverageSchema":"43e27e138ebf9cfc5966b082cf9a028302ed4184","hash":"11200b3aa26971e66c44fbb4dda58113c018272c"},"/D/Projects/xt-ecosystems/react/atomic-react-components/lib/components/molecules/Form/FieldTextarea/FieldTextarea.js":{"path":"/D/Projects/xt-ecosystems/react/atomic-react-components/lib/components/molecules/Form/FieldTextarea/FieldTextarea.js","statementMap":{"0":{"start":{"line":23,"column":22},"end":{"line":53,"column":1}},"1":{"start":{"line":32,"column":2},"end":{"line":52,"column":8}},"2":{"start":{"line":38,"column":33},"end":{"line":38,"column":37}},"3":{"start":{"line":39,"column":8},"end":{"line":48,"column":10}},"4":{"start":{"line":44,"column":14},"end":{"line":44,"column":30}},"5":{"start":{"line":45,"column":14},"end":{"line":45,"column":68}},"6":{"start":{"line":45,"column":50},"end":{"line":45,"column":68}},"7":{"start":{"line":55,"column":0},"end":{"line":60,"column":2}}},"fnMap":{"0":{"name":"(anonymous_0)","decl":{"start":{"line":23,"column":22},"end":{"line":23,"column":23}},"loc":{"start":{"line":32,"column":2},"end":{"line":52,"column":8}},"line":32},"1":{"name":"(anonymous_1)","decl":{"start":{"line":37,"column":7},"end":{"line":37,"column":8}},"loc":{"start":{"line":37,"column":28},"end":{"line":49,"column":7}},"line":37},"2":{"name":"(anonymous_2)","decl":{"start":{"line":43,"column":22},"end":{"line":43,"column":23}},"loc":{"start":{"line":43,"column":27},"end":{"line":46,"column":13}},"line":43}},"branchMap":{"0":{"loc":{"start":{"line":45,"column":14},"end":{"line":45,"column":68}},"type":"if","locations":[{"start":{"line":45,"column":14},"end":{"line":45,"column":68}},{"start":{"line":45,"column":14},"end":{"line":45,"column":68}}],"line":45}},"s":{"0":4,"1":3,"2":2,"3":2,"4":0,"5":0,"6":0,"7":4},"f":{"0":3,"1":2,"2":0},"b":{"0":[0,0]},"_coverageSchema":"43e27e138ebf9cfc5966b082cf9a028302ed4184","hash":"8cbc6d6287d8986b04390323bcb670ca821dae43"},"/D/Projects/xt-ecosystems/react/atomic-react-components/lib/components/atoms/Textarea/index.js":{"path":"/D/Projects/xt-ecosystems/react/atomic-react-components/lib/components/atoms/Textarea/index.js","statementMap":{},"fnMap":{},"branchMap":{},"s":{},"f":{},"b":{},"_coverageSchema":"43e27e138ebf9cfc5966b082cf9a028302ed4184","hash":"ae683022b8faff5829dbc3a2d35a92262cbbfe5e"},"/D/Projects/xt-ecosystems/react/atomic-react-components/lib/components/atoms/Textarea/Textarea.js":{"path":"/D/Projects/xt-ecosystems/react/atomic-react-components/lib/components/atoms/Textarea/Textarea.js","statementMap":{"0":{"start":{"line":22,"column":17},"end":{"line":44,"column":1}},"1":{"start":{"line":33,"column":2},"end":{"line":43,"column":4}},"2":{"start":{"line":46,"column":0},"end":{"line":53,"column":2}}},"fnMap":{"0":{"name":"(anonymous_0)","decl":{"start":{"line":22,"column":17},"end":{"line":22,"column":18}},"loc":{"start":{"line":33,"column":2},"end":{"line":43,"column":4}},"line":33}},"branchMap":{"0":{"loc":{"start":{"line":41,"column":18},"end":{"line":41,"column":66}},"type":"binary-expr","locations":[{"start":{"line":41,"column":18},"end":{"line":41,"column":32}},{"start":{"line":41,"column":36},"end":{"line":41,"column":66}}],"line":41}},"s":{"0":6,"1":5,"2":6},"f":{"0":5},"b":{"0":[5,2]},"_coverageSchema":"43e27e138ebf9cfc5966b082cf9a028302ed4184","hash":"51a09022db930c885996a75657d2ed5075fd5898"},"/D/Projects/xt-ecosystems/react/atomic-react-components/lib/components/atoms/Textarea/Textarea.style.js":{"path":"/D/Projects/xt-ecosystems/react/atomic-react-components/lib/components/atoms/Textarea/Textarea.style.js","statementMap":{"0":{"start":{"line":3,"column":15},"end":{"line":24,"column":1}},"1":{"start":{"line":4,"column":13},"end":{"line":9,"column":3}},"2":{"start":{"line":10,"column":21},"end":{"line":10,"column":43}},"3":{"start":{"line":16,"column":4},"end":{"line":21,"column":10}},"4":{"start":{"line":23,"column":14},"end":{"line":23,"column":64}}},"fnMap":{"0":{"name":"(anonymous_0)","decl":{"start":{"line":4,"column":4},"end":{"line":4,"column":5}},"loc":{"start":{"line":4,"column":13},"end":{"line":9,"column":3}},"line":4},"1":{"name":"(anonymous_1)","decl":{"start":{"line":10,"column":12},"end":{"line":10,"column":13}},"loc":{"start":{"line":10,"column":21},"end":{"line":10,"column":43}},"line":10},"2":{"name":"(anonymous_2)","decl":{"start":{"line":15,"column":4},"end":{"line":15,"column":5}},"loc":{"start":{"line":16,"column":4},"end":{"line":21,"column":10}},"line":16},"3":{"name":"(anonymous_3)","decl":{"start":{"line":23,"column":4},"end":{"line":23,"column":5}},"loc":{"start":{"line":23,"column":14},"end":{"line":23,"column":64}},"line":23}},"branchMap":{"0":{"loc":{"start":{"line":10,"column":21},"end":{"line":10,"column":43}},"type":"binary-expr","locations":[{"start":{"line":10,"column":21},"end":{"line":10,"column":33}},{"start":{"line":10,"column":37},"end":{"line":10,"column":43}}],"line":10},"1":{"loc":{"start":{"line":16,"column":4},"end":{"line":21,"column":10}},"type":"cond-expr","locations":[{"start":{"line":17,"column":8},"end":{"line":20,"column":5}},{"start":{"line":21,"column":8},"end":{"line":21,"column":10}}],"line":16},"2":{"loc":{"start":{"line":23,"column":14},"end":{"line":23,"column":64}},"type":"cond-expr","locations":[{"start":{"line":23,"column":38},"end":{"line":23,"column":59}},{"start":{"line":23,"column":62},"end":{"line":23,"column":64}}],"line":23}},"s":{"0":6,"1":2,"2":2,"3":2,"4":2},"f":{"0":2,"1":2,"2":2,"3":2},"b":{"0":[2,2],"1":[0,2],"2":[0,2]},"_coverageSchema":"43e27e138ebf9cfc5966b082cf9a028302ed4184","hash":"8612d4ea518cacd6da73b218dee29873e6f29da9"},"/D/Projects/xt-ecosystems/react/atomic-react-components/lib/components/molecules/Form/FieldTextarea/FieldTextarea.style.js":{"path":"/D/Projects/xt-ecosystems/react/atomic-react-components/lib/components/molecules/Form/FieldTextarea/FieldTextarea.style.js","statementMap":{"0":{"start":{"line":3,"column":15},"end":{"line":11,"column":1}},"1":{"start":{"line":4,"column":28},"end":{"line":4,"column":54}},"2":{"start":{"line":9,"column":30},"end":{"line":9,"column":59}}},"fnMap":{"0":{"name":"(anonymous_0)","decl":{"start":{"line":4,"column":19},"end":{"line":4,"column":20}},"loc":{"start":{"line":4,"column":28},"end":{"line":4,"column":54}},"line":4},"1":{"name":"(anonymous_1)","decl":{"start":{"line":9,"column":21},"end":{"line":9,"column":22}},"loc":{"start":{"line":9,"column":30},"end":{"line":9,"column":59}},"line":9}},"branchMap":{},"s":{"0":4,"1":0,"2":0},"f":{"0":0,"1":0},"b":{},"_coverageSchema":"43e27e138ebf9cfc5966b082cf9a028302ed4184","hash":"af28844375f98353c1f045b7dd36daccbea37fe7"},"/D/Projects/xt-ecosystems/react/atomic-react-components/lib/components/molecules/Form/FieldRadioGroup/index.js":{"path":"/D/Projects/xt-ecosystems/react/atomic-react-components/lib/components/molecules/Form/FieldRadioGroup/index.js","statementMap":{},"fnMap":{},"branchMap":{},"s":{},"f":{},"b":{},"_coverageSchema":"43e27e138ebf9cfc5966b082cf9a028302ed4184","hash":"d4c9cfad322550649b55a349a6627c296640e3a0"},"/D/Projects/xt-ecosystems/react/atomic-react-components/lib/components/molecules/Form/FieldRadioGroup/FieldRadioGroup.js":{"path":"/D/Projects/xt-ecosystems/react/atomic-react-components/lib/components/molecules/Form/FieldRadioGroup/FieldRadioGroup.js","statementMap":{"0":{"start":{"line":22,"column":24},"end":{"line":50,"column":1}},"1":{"start":{"line":23,"column":2},"end":{"line":49,"column":15}},"2":{"start":{"line":25,"column":6},"end":{"line":47,"column":12}},"3":{"start":{"line":27,"column":10},"end":{"line":44,"column":18}},"4":{"start":{"line":29,"column":39},"end":{"line":29,"column":43}},"5":{"start":{"line":30,"column":35},"end":{"line":30,"column":45}},"6":{"start":{"line":31,"column":14},"end":{"line":42,"column":16}},"7":{"start":{"line":36,"column":20},"end":{"line":36,"column":36}},"8":{"start":{"line":37,"column":20},"end":{"line":37,"column":74}},"9":{"start":{"line":37,"column":56},"end":{"line":37,"column":74}},"10":{"start":{"line":52,"column":0},"end":{"line":55,"column":2}}},"fnMap":{"0":{"name":"(anonymous_0)","decl":{"start":{"line":22,"column":24},"end":{"line":22,"column":25}},"loc":{"start":{"line":23,"column":2},"end":{"line":49,"column":15}},"line":23},"1":{"name":"(anonymous_1)","decl":{"start":{"line":24,"column":5},"end":{"line":24,"column":6}},"loc":{"start":{"line":25,"column":6},"end":{"line":47,"column":12}},"line":25},"2":{"name":"(anonymous_2)","decl":{"start":{"line":26,"column":29},"end":{"line":26,"column":30}},"loc":{"start":{"line":27,"column":10},"end":{"line":44,"column":18}},"line":27},"3":{"name":"(anonymous_3)","decl":{"start":{"line":28,"column":13},"end":{"line":28,"column":14}},"loc":{"start":{"line":28,"column":34},"end":{"line":43,"column":13}},"line":28},"4":{"name":"(anonymous_4)","decl":{"start":{"line":35,"column":28},"end":{"line":35,"column":29}},"loc":{"start":{"line":35,"column":33},"end":{"line":38,"column":19}},"line":35}},"branchMap":{"0":{"loc":{"start":{"line":27,"column":22},"end":{"line":27,"column":57}},"type":"binary-expr","locations":[{"start":{"line":27,"column":22},"end":{"line":27,"column":35}},{"start":{"line":27,"column":39},"end":{"line":27,"column":57}}],"line":27},"1":{"loc":{"start":{"line":34,"column":22},"end":{"line":34,"column":57}},"type":"binary-expr","locations":[{"start":{"line":34,"column":22},"end":{"line":34,"column":35}},{"start":{"line":34,"column":39},"end":{"line":34,"column":57}}],"line":34},"2":{"loc":{"start":{"line":37,"column":20},"end":{"line":37,"column":74}},"type":"if","locations":[{"start":{"line":37,"column":20},"end":{"line":37,"column":74}},{"start":{"line":37,"column":20},"end":{"line":37,"column":74}}],"line":37}},"s":{"0":4,"1":0,"2":0,"3":0,"4":0,"5":0,"6":0,"7":0,"8":0,"9":0,"10":4},"f":{"0":0,"1":0,"2":0,"3":0,"4":0},"b":{"0":[0,0],"1":[0,0],"2":[0,0]},"_coverageSchema":"43e27e138ebf9cfc5966b082cf9a028302ed4184","hash":"0e5c481cf7c4bc9193b73e2fa5acc8ecab8bdbf1"},"/D/Projects/xt-ecosystems/react/atomic-react-components/lib/components/molecules/InputChoice/index.js":{"path":"/D/Projects/xt-ecosystems/react/atomic-react-components/lib/components/molecules/InputChoice/index.js","statementMap":{},"fnMap":{},"branchMap":{},"s":{},"f":{},"b":{},"_coverageSchema":"43e27e138ebf9cfc5966b082cf9a028302ed4184","hash":"a27f79c6447caf19a1a452a493f89ca03f97b31c"},"/D/Projects/xt-ecosystems/react/atomic-react-components/lib/components/molecules/InputChoice/InputChoice.js":{"path":"/D/Projects/xt-ecosystems/react/atomic-react-components/lib/components/molecules/InputChoice/InputChoice.js","statementMap":{"0":{"start":{"line":22,"column":20},"end":{"line":52,"column":1}},"1":{"start":{"line":35,"column":2},"end":{"line":51,"column":10}},"2":{"start":{"line":54,"column":0},"end":{"line":62,"column":2}}},"fnMap":{"0":{"name":"(anonymous_0)","decl":{"start":{"line":22,"column":20},"end":{"line":22,"column":21}},"loc":{"start":{"line":35,"column":2},"end":{"line":51,"column":10}},"line":35}},"branchMap":{"0":{"loc":{"start":{"line":50,"column":10},"end":{"line":50,"column":27}},"type":"binary-expr","locations":[{"start":{"line":50,"column":10},"end":{"line":50,"column":18}},{"start":{"line":50,"column":22},"end":{"line":50,"column":27}}],"line":50}},"s":{"0":5,"1":7,"2":5},"f":{"0":7},"b":{"0":[7,7]},"_coverageSchema":"43e27e138ebf9cfc5966b082cf9a028302ed4184","hash":"328b8edb3fb838ccc1d48f1a1b0ae5bee139f7bf"},"/D/Projects/xt-ecosystems/react/atomic-react-components/lib/components/molecules/InputChoice/InputChoice.style.js":{"path":"/D/Projects/xt-ecosystems/react/atomic-react-components/lib/components/molecules/InputChoice/InputChoice.style.js","statementMap":{"0":{"start":{"line":3,"column":15},"end":{"line":68,"column":1}},"1":{"start":{"line":4,"column":14},"end":{"line":4,"column":71}},"2":{"start":{"line":10,"column":15},"end":{"line":10,"column":47}},"3":{"start":{"line":11,"column":16},"end":{"line":11,"column":71}},"4":{"start":{"line":12,"column":15},"end":{"line":12,"column":46}},"5":{"start":{"line":13,"column":15},"end":{"line":13,"column":71}},"6":{"start":{"line":20,"column":17},"end":{"line":20,"column":48}},"7":{"start":{"line":27,"column":8},"end":{"line":33,"column":7}},"8":{"start":{"line":36,"column":8},"end":{"line":39,"column":7}},"9":{"start":{"line":44,"column":6},"end":{"line":44,"column":90}},"10":{"start":{"line":48,"column":8},"end":{"line":50,"column":11}},"11":{"start":{"line":55,"column":4},"end":{"line":67,"column":3}}},"fnMap":{"0":{"name":"(anonymous_0)","decl":{"start":{"line":4,"column":4},"end":{"line":4,"column":5}},"loc":{"start":{"line":4,"column":14},"end":{"line":4,"column":71}},"line":4},"1":{"name":"(anonymous_1)","decl":{"start":{"line":10,"column":6},"end":{"line":10,"column":7}},"loc":{"start":{"line":10,"column":15},"end":{"line":10,"column":47}},"line":10},"2":{"name":"(anonymous_2)","decl":{"start":{"line":11,"column":6},"end":{"line":11,"column":7}},"loc":{"start":{"line":11,"column":16},"end":{"line":11,"column":71}},"line":11},"3":{"name":"(anonymous_3)","decl":{"start":{"line":12,"column":6},"end":{"line":12,"column":7}},"loc":{"start":{"line":12,"column":15},"end":{"line":12,"column":46}},"line":12},"4":{"name":"(anonymous_4)","decl":{"start":{"line":13,"column":6},"end":{"line":13,"column":7}},"loc":{"start":{"line":13,"column":15},"end":{"line":13,"column":71}},"line":13},"5":{"name":"(anonymous_5)","decl":{"start":{"line":20,"column":8},"end":{"line":20,"column":9}},"loc":{"start":{"line":20,"column":17},"end":{"line":20,"column":48}},"line":20},"6":{"name":"(anonymous_6)","decl":{"start":{"line":26,"column":8},"end":{"line":26,"column":9}},"loc":{"start":{"line":27,"column":8},"end":{"line":33,"column":7}},"line":27},"7":{"name":"(anonymous_7)","decl":{"start":{"line":35,"column":8},"end":{"line":35,"column":9}},"loc":{"start":{"line":36,"column":8},"end":{"line":39,"column":7}},"line":36},"8":{"name":"(anonymous_8)","decl":{"start":{"line":43,"column":6},"end":{"line":43,"column":7}},"loc":{"start":{"line":44,"column":6},"end":{"line":44,"column":90}},"line":44},"9":{"name":"(anonymous_9)","decl":{"start":{"line":47,"column":8},"end":{"line":47,"column":9}},"loc":{"start":{"line":48,"column":8},"end":{"line":50,"column":11}},"line":48},"10":{"name":"(anonymous_10)","decl":{"start":{"line":54,"column":4},"end":{"line":54,"column":5}},"loc":{"start":{"line":55,"column":4},"end":{"line":67,"column":3}},"line":55}},"branchMap":{"0":{"loc":{"start":{"line":4,"column":14},"end":{"line":4,"column":71}},"type":"cond-expr","locations":[{"start":{"line":4,"column":31},"end":{"line":4,"column":50}},{"start":{"line":4,"column":53},"end":{"line":4,"column":71}}],"line":4},"1":{"loc":{"start":{"line":11,"column":16},"end":{"line":11,"column":71}},"type":"cond-expr","locations":[{"start":{"line":11,"column":33},"end":{"line":11,"column":66}},{"start":{"line":11,"column":69},"end":{"line":11,"column":71}}],"line":11},"2":{"loc":{"start":{"line":13,"column":15},"end":{"line":13,"column":71}},"type":"binary-expr","locations":[{"start":{"line":13,"column":15},"end":{"line":13,"column":37}},{"start":{"line":13,"column":41},"end":{"line":13,"column":71}}],"line":13},"3":{"loc":{"start":{"line":27,"column":8},"end":{"line":33,"column":7}},"type":"binary-expr","locations":[{"start":{"line":27,"column":8},"end":{"line":27,"column":33}},{"start":{"line":28,"column":8},"end":{"line":33,"column":7}}],"line":27},"4":{"loc":{"start":{"line":36,"column":8},"end":{"line":39,"column":7}},"type":"binary-expr","locations":[{"start":{"line":36,"column":8},"end":{"line":36,"column":30}},{"start":{"line":37,"column":8},"end":{"line":39,"column":7}}],"line":36},"5":{"loc":{"start":{"line":44,"column":6},"end":{"line":44,"column":90}},"type":"cond-expr","locations":[{"start":{"line":44,"column":23},"end":{"line":44,"column":56}},{"start":{"line":44,"column":59},"end":{"line":44,"column":90}}],"line":44},"6":{"loc":{"start":{"line":49,"column":10},"end":{"line":49,"column":92}},"type":"cond-expr","locations":[{"start":{"line":49,"column":27},"end":{"line":49,"column":58}},{"start":{"line":49,"column":61},"end":{"line":49,"column":92}}],"line":49},"7":{"loc":{"start":{"line":55,"column":4},"end":{"line":67,"column":3}},"type":"cond-expr","locations":[{"start":{"line":56,"column":8},"end":{"line":62,"column":3}},{"start":{"line":63,"column":8},"end":{"line":67,"column":3}}],"line":55}},"s":{"0":5,"1":0,"2":0,"3":0,"4":0,"5":0,"6":0,"7":0,"8":0,"9":0,"10":0,"11":0},"f":{"0":0,"1":0,"2":0,"3":0,"4":0,"5":0,"6":0,"7":0,"8":0,"9":0,"10":0},"b":{"0":[0,0],"1":[0,0],"2":[0,0],"3":[0,0],"4":[0,0],"5":[0,0],"6":[0,0],"7":[0,0]},"_coverageSchema":"43e27e138ebf9cfc5966b082cf9a028302ed4184","hash":"83bc3eb7ed74dea06889ef84303d5f83e44ddee8"},"/D/Projects/xt-ecosystems/react/atomic-react-components/lib/components/molecules/Form/FieldRadioGroup/FieldRadioGroup.style.js":{"path":"/D/Projects/xt-ecosystems/react/atomic-react-components/lib/components/molecules/Form/FieldRadioGroup/FieldRadioGroup.style.js","statementMap":{"0":{"start":{"line":3,"column":15},"end":{"line":5,"column":1}},"1":{"start":{"line":4,"column":28},"end":{"line":4,"column":54}}},"fnMap":{"0":{"name":"(anonymous_0)","decl":{"start":{"line":4,"column":19},"end":{"line":4,"column":20}},"loc":{"start":{"line":4,"column":28},"end":{"line":4,"column":54}},"line":4}},"branchMap":{},"s":{"0":4,"1":0},"f":{"0":0},"b":{},"_coverageSchema":"43e27e138ebf9cfc5966b082cf9a028302ed4184","hash":"f575b49d28de669f86d08f3585ae38fc1d8963d0"},"/D/Projects/xt-ecosystems/react/atomic-react-components/lib/compone
[...]
x.js":{"path":"/D/Projects/xt-ecosystems/react/atomic-react-components/lib/components/molecules/Blockquote/index.js","statementMap":{},"fnMap":{},"branchMap":{},"s":{},"f":{},"b":{},"_coverageSchema":"43e27e138ebf9cfc5966b082cf9a028302ed4184","hash":"1838bd931bbf279aa5a95ced9a01067acbdd6a9f"},"/D/Projects/xt-ecosystems/react/atomic-react-components/lib/components/molecules/Blockquote/Blockquote.js":{"path":"/D/Projects/xt-ecosystems/react/atomic-react-components/lib/components/molecules/Blockquote/Blockquote.js","statementMap":{"0":{"start":{"line":16,"column":19},"end":{"line":21,"column":1}},"1":{"start":{"line":17,"column":2},"end":{"line":20,"column":15}},"2":{"start":{"line":23,"column":0},"end":{"line":26,"column":2}}},"fnMap":{"0":{"name":"(anonymous_0)","decl":{"start":{"line":16,"column":19},"end":{"line":16,"column":20}},"loc":{"start":{"line":17,"column":2},"end":{"line":20,"column":15}},"line":17}},"branchMap":{},"s":{"0":2,"1":6,"2":2},"f":{"0":6},"b":{},"_coverageSchema":"43e27e138ebf9cfc5966b082cf9a028302ed4184","hash":"7606c5bfdc0168d720bc2982b02e3a1ffdd1c26c"},"/D/Projects/xt-ecosystems/react/atomic-react-components/lib/components/molecules/Blockquote/Blockquote.style.js":{"path":"/D/Projects/xt-ecosystems/react/atomic-react-components/lib/components/molecules/Blockquote/Blockquote.style.js","statementMap":{"0":{"start":{"line":3,"column":15},"end":{"line":33,"column":1}},"1":{"start":{"line":5,"column":13},"end":{"line":7,"column":5}},"2":{"start":{"line":9,"column":15},"end":{"line":11,"column":7}},"3":{"start":{"line":15,"column":15},"end":{"line":18,"column":5}},"4":{"start":{"line":25,"column":20},"end":{"line":25,"column":52}},"5":{"start":{"line":26,"column":15},"end":{"line":30,"column":5}},"6":{"start":{"line":32,"column":14},"end":{"line":32,"column":64}}},"fnMap":{"0":{"name":"(anonymous_0)","decl":{"start":{"line":5,"column":4},"end":{"line":5,"column":5}},"loc":{"start":{"line":5,"column":13},"end":{"line":7,"column":5}},"line":5},"1":{"name":"(anonymous_1)","decl":{"start":{"line":9,"column":6},"end":{"line":9,"column":7}},"loc":{"start":{"line":9,"column":15},"end":{"line":11,"column":7}},"line":9},"2":{"name":"(anonymous_2)","decl":{"start":{"line":15,"column":6},"end":{"line":15,"column":7}},"loc":{"start":{"line":15,"column":15},"end":{"line":18,"column":5}},"line":15},"3":{"name":"(anonymous_3)","decl":{"start":{"line":25,"column":11},"end":{"line":25,"column":12}},"loc":{"start":{"line":25,"column":20},"end":{"line":25,"column":52}},"line":25},"4":{"name":"(anonymous_4)","decl":{"start":{"line":26,"column":6},"end":{"line":26,"column":7}},"loc":{"start":{"line":26,"column":15},"end":{"line":30,"column":5}},"line":26},"5":{"name":"(anonymous_5)","decl":{"start":{"line":32,"column":4},"end":{"line":32,"column":5}},"loc":{"start":{"line":32,"column":14},"end":{"line":32,"column":64}},"line":32}},"branchMap":{"0":{"loc":{"start":{"line":32,"column":14},"end":{"line":32,"column":64}},"type":"cond-expr","locations":[{"start":{"line":32,"column":38},"end":{"line":32,"column":59}},{"start":{"line":32,"column":62},"end":{"line":32,"column":64}}],"line":32}},"s":{"0":2,"1":0,"2":0,"3":0,"4":0,"5":0,"6":0},"f":{"0":0,"1":0,"2":0,"3":0,"4":0,"5":0},"b":{"0":[0,0]},"_coverageSchema":"43e27e138ebf9cfc5966b082cf9a028302ed4184","hash":"093d97077aef8f131d1da8f3236bacadcf69ffdd"},"/D/Projects/xt-ecosystems/react/atomic-react-components/lib/components/molecules/Popover/index.js":{"path":"/D/Projects/xt-ecosystems/react/atomic-react-components/lib/components/molecules/Popover/index.js","statementMap":{},"fnMap":{},"branchMap":{},"s":{},"f":{},"b":{},"_coverageSchema":"43e27e138ebf9cfc5966b082cf9a028302ed4184","hash":"a60be9e05b5896e8fdaaa852822a29af10e707d4"},"/D/Projects/xt-ecosystems/react/atomic-react-components/lib/components/molecules/Popover/Popover.js":{"path":"/D/Projects/xt-ecosystems/react/atomic-react-components/lib/components/molecules/Popover/Popover.js","statementMap":{"0":{"start":{"line":20,"column":51},"end":{"line":20,"column":62}},"1":{"start":{"line":23,"column":4},"end":{"line":23,"column":17}},"2":{"start":{"line":28,"column":4},"end":{"line":28,"column":40}},"3":{"start":{"line":37,"column":4},"end":{"line":37,"column":75}},"4":{"start":{"line":39,"column":26},"end":{"line":39,"column":36}},"5":{"start":{"line":40,"column":4},"end":{"line":44,"column":5}},"6":{"start":{"line":41,"column":6},"end":{"line":43,"column":9}},"7":{"start":{"line":52,"column":4},"end":{"line":52,"column":78}},"8":{"start":{"line":61,"column":23},"end":{"line":73,"column":3}},"9":{"start":{"line":62,"column":15},"end":{"line":62,"column":23}},"10":{"start":{"line":63,"column":4},"end":{"line":72,"column":5}},"11":{"start":{"line":69,"column":6},"end":{"line":71,"column":9}},"12":{"start":{"line":80,"column":16},"end":{"line":84,"column":3}},"13":{"start":{"line":81,"column":4},"end":{"line":83,"column":7}},"14":{"start":{"line":91,"column":10},"end":{"line":95,"column":3}},"15":{"start":{"line":92,"column":4},"end":{"line":94,"column":7}},"16":{"start":{"line":98,"column":81},"end":{"line":98,"column":91}},"17":{"start":{"line":99,"column":28},"end":{"line":99,"column":38}},"18":{"start":{"line":106,"column":20},"end":{"line":106,"column":89}},"19":{"start":{"line":108,"column":4},"end":{"line":127,"column":6}},"20":{"start":{"line":131,"column":0},"end":{"line":134,"column":2}}},"fnMap":{"0":{"name":"(anonymous_0)","decl":{"start":{"line":22,"column":2},"end":{"line":22,"column":3}},"loc":{"start":{"line":22,"column":21},"end":{"line":29,"column":3}},"line":22},"1":{"name":"(anonymous_1)","decl":{"start":{"line":36,"column":2},"end":{"line":36,"column":3}},"loc":{"start":{"line":36,"column":22},"end":{"line":45,"column":3}},"line":36},"2":{"name":"(anonymous_2)","decl":{"start":{"line":51,"column":2},"end":{"line":51,"column":3}},"loc":{"start":{"line":51,"column":25},"end":{"line":53,"column":3}},"line":51},"3":{"name":"(anonymous_3)","decl":{"start":{"line":61,"column":23},"end":{"line":61,"column":24}},"loc":{"start":{"line":61,"column":42},"end":{"line":73,"column":3}},"line":61},"4":{"name":"(anonymous_4)","decl":{"start":{"line":80,"column":16},"end":{"line":80,"column":17}},"loc":{"start":{"line":80,"column":22},"end":{"line":84,"column":3}},"line":80},"5":{"name":"(anonymous_5)","decl":{"start":{"line":91,"column":10},"end":{"line":91,"column":11}},"loc":{"start":{"line":91,"column":16},"end":{"line":95,"column":3}},"line":91},"6":{"name":"(anonymous_6)","decl":{"start":{"line":97,"column":2},"end":{"line":97,"column":3}},"loc":{"start":{"line":97,"column":11},"end":{"line":128,"column":3}},"line":97}},"branchMap":{"0":{"loc":{"start":{"line":40,"column":4},"end":{"line":44,"column":5}},"type":"if","locations":[{"start":{"line":40,"column":4},"end":{"line":44,"column":5}},{"start":{"line":40,"column":4},"end":{"line":44,"column":5}}],"line":40},"1":{"loc":{"start":{"line":63,"column":4},"end":{"line":72,"column":5}},"type":"if","locations":[{"start":{"line":63,"column":4},"end":{"line":72,"column":5}},{"start":{"line":63,"column":4},"end":{"line":72,"column":5}}],"line":63},"2":{"loc":{"start":{"line":64,"column":6},"end":{"line":67,"column":43}},"type":"binary-expr","locations":[{"start":{"line":64,"column":6},"end":{"line":64,"column":21}},{"start":{"line":65,"column":6},"end":{"line":65,"column":29}},{"start":{"line":66,"column":6},"end":{"line":66,"column":24}},{"start":{"line":67,"column":6},"end":{"line":67,"column":43}}],"line":64},"3":{"loc":{"start":{"line":106,"column":20},"end":{"line":106,"column":89}},"type":"binary-expr","locations":[{"start":{"line":106,"column":20},"end":{"line":106,"column":27}},{"start":{"line":106,"column":31},"end":{"line":106,"column":89}}],"line":106},"4":{"loc":{"start":{"line":115,"column":9},"end":{"line":125,"column":9}},"type":"binary-expr","locations":[{"start":{"line":115,"column":9},"end":{"line":115,"column":20}},{"start":{"line":116,"column":10},"end":{"line":124,"column":16}}],"line":115},"5":{"loc":{"start":{"line":117,"column":13},"end":{"line":121,"column":13}},"type":"binary-expr","locations":[{"start":{"line":117,"column":13},"end":{"line":117,"column":33}},{"start":{"line":118,"column":14},"end":{"line":120,"column":23}}],"line":117},"6":{"loc":{"start":{"line":122,"column":13},"end":{"line":122,"column":82}},"type":"binary-expr","locations":[{"start":{"line":122,"column":13},"end":{"line":122,"column":26}},{"start":{"line":122,"column":30},"end":{"line":122,"column":82}}],"line":122}},"s":{"0":5,"1":5,"2":5,"3":5,"4":5,"5":5,"6":2,"7":0,"8":5,"9":0,"10":0,"11":0,"12":5,"13":1,"14":5,"15":1,"16":9,"17":9,"18":9,"19":9,"20":1},"f":{"0":5,"1":5,"2":0,"3":0,"4":1,"5":1,"6":9},"b":{"0":[2,3],"1":[0,0],"2":[0,0,0,0],"3":[9,8],"4":[9,3],"5":[3,3],"6":[3,3]},"_coverageSchema":"43e27e138ebf9cfc5966b082cf9a028302ed4184","hash":"1775a76d0961f91b68e1d268f011dd5a7fdc0463"},"/D/Projects/xt-ecosystems/react/atomic-react-components/lib/components/molecules/Popover/Popover.style.js":{"path":"/D/Projects/xt-ecosystems/react/atomic-react-components/lib/components/molecules/Popover/Popover.style.js","statementMap":{"0":{"start":{"line":14,"column":14},"end":{"line":14,"column":64}}},"fnMap":{"0":{"name":"(anonymous_0)","decl":{"start":{"line":14,"column":4},"end":{"line":14,"column":5}},"loc":{"start":{"line":14,"column":14},"end":{"line":14,"column":64}},"line":14}},"branchMap":{"0":{"loc":{"start":{"line":14,"column":14},"end":{"line":14,"column":64}},"type":"cond-expr","locations":[{"start":{"line":14,"column":38},"end":{"line":14,"column":59}},{"start":{"line":14,"column":62},"end":{"line":14,"column":64}}],"line":14}},"s":{"0":0},"f":{"0":0},"b":{"0":[0,0]},"_coverageSchema":"43e27e138ebf9cfc5966b082cf9a028302ed4184","hash":"63542cdd3e80e0973f57c314d4fd95021232946e"},"/D/Projects/xt-ecosystems/react/atomic-react-components/lib/components/molecules/ArticleThumbnail/index.js":{"path":"/D/Projects/xt-ecosystems/react/atomic-react-components/lib/components/molecules/ArticleThumbnail/index.js","statementMap":{},"fnMap":{},"branchMap":{},"s":{},"f":{},"b":{},"_coverageSchema":"43e27e138ebf9cfc5966b082cf9a028302ed4184","hash":"42bff72f778e162b3afac01a0827499d4142382b"},"/D/Projects/xt-ecosystems/react/atomic-react-components/lib/components/molecules/ArticleThumbnail/ArticleThumbnail.js":{"path":"/D/Projects/xt-ecosystems/react/atomic-react-components/lib/components/molecules/ArticleThumbnail/ArticleThumbnail.js","statementMap":{"0":{"start":{"line":15,"column":25},"end":{"line":15,"column":96}},"1":{"start":{"line":15,"column":52},"end":{"line":15,"column":96}},"2":{"start":{"line":17,"column":25},"end":{"line":38,"column":1}},"3":{"start":{"line":24,"column":19},"end":{"line":24,"column":39}},"4":{"start":{"line":25,"column":2},"end":{"line":27,"column":3}},"5":{"start":{"line":26,"column":4},"end":{"line":26,"column":59}},"6":{"start":{"line":28,"column":2},"end":{"line":31,"column":3}},"7":{"start":{"line":29,"column":25},"end":{"line":29,"column":71}},"8":{"start":{"line":30,"column":4},"end":{"line":30,"column":94}},"9":{"start":{"line":33,"column":2},"end":{"line":37,"column":4}},"10":{"start":{"line":40,"column":0},"end":{"line":42,"column":2}}},"fnMap":{"0":{"name":"(anonymous_0)","decl":{"start":{"line":15,"column":25},"end":{"line":15,"column":26}},"loc":{"start":{"line":15,"column":52},"end":{"line":15,"column":96}},"line":15},"1":{"name":"(anonymous_1)","decl":{"start":{"line":17,"column":25},"end":{"line":17,"column":26}},"loc":{"start":{"line":23,"column":19},"end":{"line":38,"column":1}},"line":23}},"branchMap":{"0":{"loc":{"start":{"line":25,"column":2},"end":{"line":27,"column":3}},"type":"if","locations":[{"start":{"line":25,"column":2},"end":{"line":27,"column":3}},{"start":{"line":25,"column":2},"end":{"line":27,"column":3}}],"line":25},"1":{"loc":{"start":{"line":25,"column":6},"end":{"line":25,"column":36}},"type":"binary-expr","locations":[{"start":{"line":25,"column":6},"end":{"line":25,"column":21}},{"start":{"line":25,"column":25},"end":{"line":25,"column":36}}],"line":25},"2":{"loc":{"start":{"line":28,"column":2},"end":{"line":31,"column":3}},"type":"if","locations":[{"start":{"line":28,"column":2},"end":{"line":31,"column":3}},{"start":{"line":28,"column":2},"end":{"line":31,"column":3}}],"line":28}},"s":{"0":1,"1":3,"2":1,"3":2,"4":2,"5":1,"6":2,"7":1,"8":1,"9":1,"10":1},"f":{"0":3,"1":2},"b":{"0":[1,1],"1":[2,1],"2":[1,1]},"_coverageSchema":"43e27e138ebf9cfc5966b082cf9a028302ed4184","hash":"30bf9a07ac57293f95203db1184d7f82287154af"},"/D/Projects/xt-ecosystems/react/atomic-react-components/lib/components/molecules/ArticleThumbnail/ArticleThumbnail.style.js":{"path":"/D/Projects/xt-ecosystems/react/atomic-react-components/lib/components/molecules/ArticleThumbnail/ArticleThumbnail.style.js","statementMap":{"0":{"start":{"line":3,"column":15},"end":{"line":8,"column":1}}},"fnMap":{},"branchMap":{},"s":{"0":1},"f":{},"b":{},"_coverageSchema":"43e27e138ebf9cfc5966b082cf9a028302ed4184","hash":"b83077fa5ad75f5b7a8db13a36e9f785f1f6e3cd"},"/D/Projects/xt-ecosystems/react/atomic-react-components/lib/components/atoms/Heading/index.js":{"path":"/D/Projects/xt-ecosystems/react/atomic-react-components/lib/components/atoms/Heading/index.js","statementMap":{},"fnMap":{},"branchMap":{},"s":{},"f":{},"b":{},"_coverageSchema":"43e27e138ebf9cfc5966b082cf9a028302ed4184","hash":"381cd6aac8749a6952238945e79574bba657634d"},"/D/Projects/xt-ecosystems/react/atomic-react-components/lib/components/molecules/Modal/Modal.js":{"path":"/D/Projects/xt-ecosystems/react/atomic-react-components/lib/components/molecules/Modal/Modal.js","statementMap":{"0":{"start":{"line":54,"column":14},"end":{"line":102,"column":1}},"1":{"start":{"line":78,"column":2},"end":{"line":101,"column":4}},"2":{"start":{"line":104,"column":0},"end":{"line":125,"column":2}},"3":{"start":{"line":121,"column":24},"end":{"line":121,"column":49}}},"fnMap":{"0":{"name":"(anonymous_0)","decl":{"start":{"line":54,"column":14},"end":{"line":54,"column":15}},"loc":{"start":{"line":78,"column":2},"end":{"line":101,"column":4}},"line":78},"1":{"name":"(anonymous_1)","decl":{"start":{"line":121,"column":18},"end":{"line":121,"column":19}},"loc":{"start":{"line":121,"column":24},"end":{"line":121,"column":49}},"line":121}},"branchMap":{"0":{"loc":{"start":{"line":121,"column":24},"end":{"line":121,"column":49}},"type":"binary-expr","locations":[{"start":{"line":121,"column":24},"end":{"line":121,"column":32}},{"start":{"line":121,"column":36},"end":{"line":121,"column":49}}],"line":121}},"s":{"0":1,"1":1,"2":1,"3":0},"f":{"0":1,"1":0},"b":{"0":[0,0]},"_coverageSchema":"43e27e138ebf9cfc5966b082cf9a028302ed4184","hash":"b9d3cb6ea42434a0f32f3d4e904380d49b64c1ea"},"/D/Projects/xt-ecosystems/react/atomic-react-components/lib/components/molecules/Modal/Modal.style.js":{"path":"/D/Projects/xt-ecosystems/react/atomic-react-components/lib/components/molecules/Modal/Modal.style.js","statementMap":{"0":{"start":{"line":3,"column":15},"end":{"line":5,"column":1}},"1":{"start":{"line":4,"column":14},"end":{"line":4,"column":64}}},"fnMap":{"0":{"name":"(anonymous_0)","decl":{"start":{"line":4,"column":4},"end":{"line":4,"column":5}},"loc":{"start":{"line":4,"column":14},"end":{"line":4,"column":64}},"line":4}},"branchMap":{"0":{"loc":{"start":{"line":4,"column":14},"end":{"line":4,"column":64}},"type":"cond-expr","locations":[{"start":{"line":4,"column":38},"end":{"line":4,"column":59}},{"start":{"line":4,"column":62},"end":{"line":4,"column":64}}],"line":4}},"s":{"0":1,"1":0},"f":{"0":0},"b":{"0":[0,0]},"_coverageSchema":"43e27e138ebf9cfc5966b082cf9a028302ed4184","hash":"ca6ba3f45c4bc449d742254812edeb2c786cca44"},"/D/Projects/xt-ecosystems/react/atomic-react-components/lib/core/utils/getDisplayName.js":{"path":"/D/Projects/xt-ecosystems/react/atomic-react-components/lib/core/utils/getDisplayName.js","statementMap":{"0":{"start":{"line":1,"column":30},"end":{"line":3,"column":1}},"1":{"start":{"line":2,"column":2},"end":{"line":2,"column":78}}},"fnMap":{"0":{"name":"(anonymous_0)","decl":{"start":{"line":1,"column":30},"end":{"line":1,"column":31}},"loc":{"start":{"line":1,"column":50},"end":{"line":3,"column":1}},"line":1}},"branchMap":{"0":{"loc":{"start":{"line":2,"column":9},"end":{"line":2,"column":77}},"type":"binary-expr","locations":[{"start":{"line":2,"column":9},"end":{"line":2,"column":37}},{"start":{"line":2,"column":41},"end":{"line":2,"column":62}},{"start":{"line":2,"column":66},"end":{"line":2,"column":77}}],"line":2}},"s":{"0":0,"1":0},"f":{"0":0},"b":{"0":[0,0,0]},"hash":"ffd0f66b03ef50fdd30ecf2cdc3704453d08d9d0"},"/D/Projects/xt-ecosystems/react/atomic-react-components/lib/components/molecules/Breadcrumb/types/index.js":{"path":"/D/Projects/xt-ecosystems/react/atomic-react-components/lib/components/molecules/Breadcrumb/types/index.js","statementMap":{},"fnMap":{},"branchMap":{},"s":{},"f":{},"b":{},"hash":"72cb4fdae0157db9807b9ccba86cab72dcce97d2"},"/D/Projects/xt-ecosystems/react/atomic-react-components/lib/components/molecules/Modal/index.js":{"path":"/D/Projects/xt-ecosystems/react/atomic-react-components/lib/components/molecules/Modal/index.js","statementMap":{},"fnMap":{},"branchMap":{},"s":{},"f":{},"b":{},"hash":"1cd6691b8d9aaa83d997f9eb047c4c7afff55e42"},"/D/Projects/xt-ecosystems/react/atomic-react-components/lib/components/atoms/Video/types/index.js":{"path":"/D/Projects/xt-ecosystems/react/atomic-react-components/lib/components/atoms/Video/types/index.js","statementMap":{},"fnMap":{},"branchMap":{},"s":{},"f":{},"b":{},"hash":"651e041305b266e30e32eda1bfd4282d2338a6e4"},"/D/Projects/xt-ecosystems/react/atomic-react-components/lib/components/atoms/Track/types/index.js":{"path":"/D/Projects/xt-ecosystems/react/atomic-react-components/lib/components/atoms/Track/types/index.js","statementMap":{},"fnMap":{},"branchMap":{},"s":{},"f":{},"b":{},"hash":"5ee1a4e0cf7b07044c3f68282669786cc6f5c4b5"},"/D/Projects/xt-ecosystems/react/atomic-react-components/lib/components/molecules/Blockquote/types/index.js":{"path":"/D/Projects/xt-ecosystems/react/atomic-react-components/lib/components/molecules/Blockquote/types/index.js","statementMap":{},"fnMap":{},"branchMap":{},"s":{},"f":{},"b":{},"hash":"d8657fe84efa60c4e22677b87030306dd9fb3964"},"/D/Projects/xt-ecosystems/react/atomic-react-components/lib/components/molecules/Popover/types/index.js":{"path":"/D/Projects/xt-ecosystems/react/atomic-react-components/lib/components/molecules/Popover/types/index.js","statementMap":{},"fnMap":{},"branchMap":{},"s":{},"f":{},"b":{},"hash":"31f6f297d10bec9cbd7a53520fe2ac972a0672e9"},"/D/Projects/xt-ecosystems/react/atomic-react-components/lib/components/molecules/QuoteMedia/types/index.js":{"path":"/D/Projects/xt-ecosystems/react/atomic-react-components/lib/components/molecules/QuoteMedia/types/index.js","statementMap":{},"fnMap":{},"branchMap":{},"s":{},"f":{},"b":{},"hash":"12915d017a0d3ca9c6a4d65944e6eb8102c86667"},"/D/Projects/xt-ecosystems/react/atomic-react-components/lib/components/molecules/ArticleThumbnail/types/index.js":{"path":"/D/Projects/xt-ecosystems/react/atomic-react-components/lib/components/molecules/ArticleThumbnail/types/index.js","statementMap":{},"fnMap":{},"branchMap":{},"s":{},"f":{},"b":{},"hash":"db51864c2ed1666e6e16c33f3a84b55b3b118f8f"},"/D/Projects/xt-ecosystems/react/atomic-react-components/lib/components/molecules/QuoteMedia/index.js":{"path":"/D/Projects/xt-ecosystems/react/atomic-react-components/lib/components/molecules/QuoteMedia/index.js","statementMap":{},"fnMap":{},"branchMap":{},"s":{},"f":{},"b":{},"hash":"0d2b771439186ebd327dfe0923b1cd8cc2a65246"},"/D/Projects/xt-ecosystems/react/atomic-react-components/lib/components/molecules/Tabs/types/index.js":{"path":"/D/Projects/xt-ecosystems/react/atomic-react-components/lib/components/molecules/Tabs/types/index.js","statementMap":{},"fnMap":{},"branchMap":{},"s":{},"f":{},"b":{},"hash":"b30a9226acc05b8a9e8ab650044ba3e3c9e2d12b"}}}