{
  "numFailedTestSuites": 0,
  "numFailedTests": 0,
  "numPassedTestSuites": 1,
  "numPassedTests": 6,
  "numPendingTestSuites": 0,
  "numPendingTests": 0,
  "numRuntimeErrorTestSuites": 0,
  "numTodoTests": 0,
  "numTotalTestSuites": 1,
  "numTotalTests": 6,
  "openHandles": [],
  "snapshot": {
    "added": 0,
    "didUpdate": false,
    "failure": false,
    "filesAdded": 0,
    "filesRemoved": 0,
    "filesRemovedList": [],
    "filesUnmatched": 0,
    "filesUpdated": 0,
    "matched": 5,
    "total": 5,
    "unchecked": 0,
    "uncheckedKeysByFile": [],
    "unmatched": 0,
    "updated": 0
  },
  "startTime": 1585230474481,
  "success": false,
  "testResults": [
    {
      "assertionResults": [
        {
          "ancestorTitles": ["Form Component"],
          "failureMessages": [],
          "fullName": "Form Component should render select tag correctly",
          "location": null,
          "status": "passed",
          "title": "should render select tag correctly"
        },
        {
          "ancestorTitles": ["Form Component"],
          "failureMessages": [],
          "fullName": "Form Component should render input text field",
          "location": null,
          "status": "passed",
          "title": "should render input text field"
        },
        {
          "ancestorTitles": ["Form Component"],
          "failureMessages": [],
          "fullName": "Form Component should render select field",
          "location": null,
          "status": "passed",
          "title": "should render select field"
        },
        {
          "ancestorTitles": ["Form Component"],
          "failureMessages": [],
          "fullName": "Form Component should render input field with yupValidationSchema",
          "location": null,
          "status": "passed",
          "title": "should render input field with yupValidationSchema"
        },
        {
          "ancestorTitles": ["Form Component"],
          "failureMessages": [],
          "fullName": "Form Component should render input field with no validation",
          "location": null,
          "status": "passed",
          "title": "should render input field with no validation"
        },
        {
          "ancestorTitles": ["Form Component"],
          "failureMessages": [],
          "fullName": "Form Component getSchema should return null if no params are passed",
          "location": null,
          "status": "passed",
          "title": "getSchema should return null if no params are passed"
        }
      ],
      "endTime": 1585230487004,
      "message": "",
      "name": "C:\\Users\\anksaini1\\Documents\\projects\\atomic-react-components\\lib\\components\\molecules\\Form\\tests\\Form.test.js",
      "startTime": 1585230477424,
      "status": "passed",
      "summary": ""
    }
  ],
  "wasInterrupted": false,
  "coverageMap": {
    "C:\\Users\\anksaini1\\Documents\\projects\\atomic-react-components\\lib\\components\\molecules\\Form\\index.js": {
      "path": "C:\\Users\\anksaini1\\Documents\\projects\\atomic-react-components\\lib\\components\\molecules\\Form\\index.js",
      "statementMap": {},
      "fnMap": {},
      "branchMap": {},
      "s": {},
      "f": {},
      "b": {},
      "_coverageSchema": "43e27e138ebf9cfc5966b082cf9a028302ed4184",
      "hash": "1b16649c0de17b9354b91da5b54dc4363ff17701"
    },
    "C:\\Users\\anksaini1\\Documents\\projects\\atomic-react-components\\lib\\components\\molecules\\Form\\Form.js": {
      "path": "C:\\Users\\anksaini1\\Documents\\projects\\atomic-react-components\\lib\\components\\molecules\\Form\\Form.js",
      "statementMap": {
        "0": { "start": { "line": 34, "column": 14 }, "end": { "line": 40, "column": 3 } },
        "1": { "start": { "line": 38, "column": 4 }, "end": { "line": 38, "column": 56 } },
        "2": { "start": { "line": 38, "column": 29 }, "end": { "line": 38, "column": 56 } },
        "3": { "start": { "line": 39, "column": 4 }, "end": { "line": 39, "column": 67 } },
        "4": { "start": { "line": 42, "column": 20 }, "end": { "line": 42, "column": 33 } },
        "5": { "start": { "line": 44, "column": 17 }, "end": { "line": 44, "column": 22 } },
        "6": { "start": { "line": 46, "column": 17 }, "end": { "line": 46, "column": 27 } },
        "7": { "start": { "line": 48, "column": 22 }, "end": { "line": 48, "column": 37 } },
        "8": { "start": { "line": 50, "column": 18 }, "end": { "line": 50, "column": 29 } },
        "9": { "start": { "line": 52, "column": 20 }, "end": { "line": 52, "column": 33 } },
        "10": { "start": { "line": 54, "column": 18 }, "end": { "line": 54, "column": 29 } },
        "11": { "start": { "line": 56, "column": 21 }, "end": { "line": 56, "column": 35 } },
        "12": { "start": { "line": 58, "column": 18 }, "end": { "line": 58, "column": 29 } },
        "13": { "start": { "line": 75, "column": 8 }, "end": { "line": 75, "column": 18 } },
        "14": { "start": { "line": 76, "column": 4 }, "end": { "line": 93, "column": 6 } },
        "15": { "start": { "line": 87, "column": 10 }, "end": { "line": 90, "column": 24 } },
        "16": { "start": { "line": 97, "column": 0 }, "end": { "line": 107, "column": 2 } }
      },
      "fnMap": {
        "0": {
          "name": "(anonymous_0)",
          "decl": { "start": { "line": 34, "column": 14 }, "end": { "line": 34, "column": 15 } },
          "loc": { "start": { "line": 37, "column": 7 }, "end": { "line": 40, "column": 3 } },
          "line": 37
        },
        "1": {
          "name": "(anonymous_1)",
          "decl": { "start": { "line": 60, "column": 2 }, "end": { "line": 60, "column": 3 } },
          "loc": { "start": { "line": 60, "column": 11 }, "end": { "line": 94, "column": 3 } },
          "line": 60
        },
        "2": {
          "name": "(anonymous_2)",
          "decl": { "start": { "line": 86, "column": 9 }, "end": { "line": 86, "column": 10 } },
          "loc": { "start": { "line": 87, "column": 10 }, "end": { "line": 90, "column": 24 } },
          "line": 87
        }
      },
      "branchMap": {
        "0": {
          "loc": { "start": { "line": 35, "column": 4 }, "end": { "line": 35, "column": 47 } },
          "type": "default-arg",
          "locations": [
            { "start": { "line": 35, "column": 43 }, "end": { "line": 35, "column": 47 } }
          ],
          "line": 35
        },
        "1": {
          "loc": { "start": { "line": 36, "column": 4 }, "end": { "line": 36, "column": 42 } },
          "type": "default-arg",
          "locations": [
            { "start": { "line": 36, "column": 38 }, "end": { "line": 36, "column": 42 } }
          ],
          "line": 36
        },
        "2": {
          "loc": { "start": { "line": 38, "column": 4 }, "end": { "line": 38, "column": 56 } },
          "type": "if",
          "locations": [
            { "start": { "line": 38, "column": 4 }, "end": { "line": 38, "column": 56 } },
            { "start": { "line": 38, "column": 4 }, "end": { "line": 38, "column": 56 } }
          ],
          "line": 38
        },
        "3": {
          "loc": { "start": { "line": 39, "column": 11 }, "end": { "line": 39, "column": 66 } },
          "type": "cond-expr",
          "locations": [
            { "start": { "line": 39, "column": 30 }, "end": { "line": 39, "column": 59 } },
            { "start": { "line": 39, "column": 62 }, "end": { "line": 39, "column": 66 } }
          ],
          "line": 39
        },
        "4": {
          "loc": { "start": { "line": 89, "column": 13 }, "end": { "line": 89, "column": 31 } },
          "type": "binary-expr",
          "locations": [
            { "start": { "line": 89, "column": 13 }, "end": { "line": 89, "column": 18 } },
            { "start": { "line": 89, "column": 22 }, "end": { "line": 89, "column": 31 } }
          ],
          "line": 89
        }
      },
      "s": {
        "0": 6,
        "1": 7,
        "2": 1,
        "3": 6,
        "4": 1,
        "5": 1,
        "6": 1,
        "7": 1,
        "8": 1,
        "9": 1,
        "10": 1,
        "11": 1,
        "12": 1,
        "13": 6,
        "14": 6,
        "15": 1,
        "16": 1
      },
      "f": { "0": 7, "1": 6, "2": 1 },
      "b": { "0": [1], "1": [1], "2": [1, 6], "3": [3, 3], "4": [1, 0] },
      "_coverageSchema": "43e27e138ebf9cfc5966b082cf9a028302ed4184",
      "hash": "7b492d2a13462796c2a2df79d235796fd3899a3f"
    },
    "C:\\Users\\anksaini1\\Documents\\projects\\atomic-react-components\\lib\\core\\utils\\buildValidationSchema.js": {
      "path": "C:\\Users\\anksaini1\\Documents\\projects\\atomic-react-components\\lib\\core\\utils\\buildValidationSchema.js",
      "statementMap": {
        "0": { "start": { "line": 40, "column": 27 }, "end": { "line": 53, "column": 1 } },
        "1": { "start": { "line": 41, "column": 15 }, "end": { "line": 41, "column": 26 } },
        "2": { "start": { "line": 42, "column": 25 }, "end": { "line": 42, "column": 42 } },
        "3": { "start": { "line": 45, "column": 2 }, "end": { "line": 50, "column": 5 } },
        "4": { "start": { "line": 47, "column": 6 }, "end": { "line": 47, "column": 84 } },
        "5": { "start": { "line": 49, "column": 4 }, "end": { "line": 49, "column": 49 } },
        "6": { "start": { "line": 52, "column": 2 }, "end": { "line": 52, "column": 16 } },
        "7": { "start": { "line": 59, "column": 27 }, "end": { "line": 74, "column": 1 } },
        "8": { "start": { "line": 60, "column": 17 }, "end": { "line": 60, "column": 19 } },
        "9": { "start": { "line": 61, "column": 2 }, "end": { "line": 73, "column": 3 } },
        "10": { "start": { "line": 63, "column": 25 }, "end": { "line": 63, "column": 47 } },
        "11": { "start": { "line": 65, "column": 4 }, "end": { "line": 68, "column": 7 } },
        "12": { "start": { "line": 66, "column": 20 }, "end": { "line": 66, "column": 40 } },
        "13": { "start": { "line": 67, "column": 6 }, "end": { "line": 67, "column": 52 } },
        "14": { "start": { "line": 70, "column": 4 }, "end": { "line": 70, "column": 38 } },
        "15": { "start": { "line": 72, "column": 4 }, "end": { "line": 72, "column": 18 } }
      },
      "fnMap": {
        "0": {
          "name": "(anonymous_0)",
          "decl": { "start": { "line": 40, "column": 27 }, "end": { "line": 40, "column": 28 } },
          "loc": { "start": { "line": 40, "column": 61 }, "end": { "line": 53, "column": 1 } },
          "line": 40
        },
        "1": {
          "name": "(anonymous_1)",
          "decl": { "start": { "line": 45, "column": 25 }, "end": { "line": 45, "column": 26 } },
          "loc": { "start": { "line": 45, "column": 38 }, "end": { "line": 50, "column": 3 } },
          "line": 45
        },
        "2": {
          "name": "(anonymous_2)",
          "decl": { "start": { "line": 59, "column": 27 }, "end": { "line": 59, "column": 28 } },
          "loc": { "start": { "line": 59, "column": 50 }, "end": { "line": 74, "column": 1 } },
          "line": 59
        },
        "3": {
          "name": "(anonymous_3)",
          "decl": { "start": { "line": 65, "column": 25 }, "end": { "line": 65, "column": 26 } },
          "loc": { "start": { "line": 65, "column": 38 }, "end": { "line": 68, "column": 5 } },
          "line": 65
        }
      },
      "branchMap": {
        "0": {
          "loc": { "start": { "line": 40, "column": 30 }, "end": { "line": 40, "column": 45 } },
          "type": "default-arg",
          "locations": [
            { "start": { "line": 40, "column": 37 }, "end": { "line": 40, "column": 45 } }
          ],
          "line": 40
        },
        "1": {
          "loc": { "start": { "line": 47, "column": 6 }, "end": { "line": 47, "column": 84 } },
          "type": "cond-expr",
          "locations": [
            { "start": { "line": 47, "column": 44 }, "end": { "line": 47, "column": 66 } },
            { "start": { "line": 47, "column": 69 }, "end": { "line": 47, "column": 84 } }
          ],
          "line": 47
        }
      },
      "s": {
        "0": 1,
        "1": 6,
        "2": 6,
        "3": 6,
        "4": 15,
        "5": 15,
        "6": 6,
        "7": 1,
        "8": 3,
        "9": 3,
        "10": 3,
        "11": 3,
        "12": 6,
        "13": 6,
        "14": 3,
        "15": 0
      },
      "f": { "0": 6, "1": 15, "2": 3, "3": 6 },
      "b": { "0": [6], "1": [9, 6] },
      "_coverageSchema": "43e27e138ebf9cfc5966b082cf9a028302ed4184",
      "hash": "aa166964a4a86f702ee56456ac7bcf8374577344"
    },
    "C:\\Users\\anksaini1\\Documents\\projects\\atomic-react-components\\lib\\core\\utils\\noop.js": {
      "path": "C:\\Users\\anksaini1\\Documents\\projects\\atomic-react-components\\lib\\core\\utils\\noop.js",
      "statementMap": {
        "0": { "start": { "line": 1, "column": 20 }, "end": { "line": 1, "column": 36 } },
        "1": { "start": { "line": 1, "column": 26 }, "end": { "line": 1, "column": 36 } },
        "2": { "start": { "line": 1, "column": 32 }, "end": { "line": 1, "column": 36 } }
      },
      "fnMap": {
        "0": {
          "name": "(anonymous_0)",
          "decl": { "start": { "line": 1, "column": 20 }, "end": { "line": 1, "column": 21 } },
          "loc": { "start": { "line": 1, "column": 26 }, "end": { "line": 1, "column": 36 } },
          "line": 1
        },
        "1": {
          "name": "(anonymous_1)",
          "decl": { "start": { "line": 1, "column": 26 }, "end": { "line": 1, "column": 27 } },
          "loc": { "start": { "line": 1, "column": 32 }, "end": { "line": 1, "column": 36 } },
          "line": 1
        }
      },
      "branchMap": {},
      "s": { "0": 1, "1": 0, "2": 0 },
      "f": { "0": 0, "1": 0 },
      "b": {},
      "_coverageSchema": "43e27e138ebf9cfc5966b082cf9a028302ed4184",
      "hash": "9d4a8b66ad378634c1db3fe05d1b246ca8127bca"
    },
    "C:\\Users\\anksaini1\\Documents\\projects\\atomic-react-components\\lib\\components\\molecules\\Form\\Debug\\index.js": {
      "path": "C:\\Users\\anksaini1\\Documents\\projects\\atomic-react-components\\lib\\components\\molecules\\Form\\Debug\\index.js",
      "statementMap": {},
      "fnMap": {},
      "branchMap": {},
      "s": {},
      "f": {},
      "b": {},
      "_coverageSchema": "43e27e138ebf9cfc5966b082cf9a028302ed4184",
      "hash": "1d92d47fd8772be856c1028e47ff86db6a8c7de8"
    },
    "C:\\Users\\anksaini1\\Documents\\projects\\atomic-react-components\\lib\\components\\molecules\\Form\\Debug\\Debug.js": {
      "path": "C:\\Users\\anksaini1\\Documents\\projects\\atomic-react-components\\lib\\components\\molecules\\Form\\Debug\\Debug.js",
      "statementMap": {
        "0": { "start": { "line": 4, "column": 21 }, "end": { "line": 43, "column": 1 } },
        "1": { "start": { "line": 5, "column": 2 }, "end": { "line": 42, "column": 8 } },
        "2": { "start": { "line": 31, "column": 8 }, "end": { "line": 39, "column": 14 } }
      },
      "fnMap": {
        "0": {
          "name": "(anonymous_0)",
          "decl": { "start": { "line": 4, "column": 21 }, "end": { "line": 4, "column": 22 } },
          "loc": { "start": { "line": 5, "column": 2 }, "end": { "line": 42, "column": 8 } },
          "line": 5
        },
        "1": {
          "name": "(anonymous_1)",
          "decl": { "start": { "line": 30, "column": 7 }, "end": { "line": 30, "column": 8 } },
          "loc": { "start": { "line": 31, "column": 8 }, "end": { "line": 39, "column": 14 } },
          "line": 31
        }
      },
      "branchMap": {},
      "s": { "0": 1, "1": 0, "2": 0 },
      "f": { "0": 0, "1": 0 },
      "b": {},
      "_coverageSchema": "43e27e138ebf9cfc5966b082cf9a028302ed4184",
      "hash": "29f80120da66e2e746182dd4dc3feb2a804b70bd"
    },
    "C:\\Users\\anksaini1\\Documents\\projects\\atomic-react-components\\lib\\components\\molecules\\Form\\FieldInput\\index.js": {
      "path": "C:\\Users\\anksaini1\\Documents\\projects\\atomic-react-components\\lib\\components\\molecules\\Form\\FieldInput\\index.js",
      "statementMap": {},
      "fnMap": {},
      "branchMap": {},
      "s": {},
      "f": {},
      "b": {},
      "_coverageSchema": "43e27e138ebf9cfc5966b082cf9a028302ed4184",
      "hash": "62d8219dd127800d5a37cc9871b7aeb43bf24163"
    },
    "C:\\Users\\anksaini1\\Documents\\projects\\atomic-react-components\\lib\\components\\molecules\\Form\\FieldInput\\FieldInput.js": {
      "path": "C:\\Users\\anksaini1\\Documents\\projects\\atomic-react-components\\lib\\components\\molecules\\Form\\FieldInput\\FieldInput.js",
      "statementMap": {
        "0": { "start": { "line": 28, "column": 19 }, "end": { "line": 77, "column": 1 } },
        "1": { "start": { "line": 41, "column": 18 }, "end": { "line": 41, "column": 42 } },
        "2": { "start": { "line": 42, "column": 2 }, "end": { "line": 76, "column": 4 } },
        "3": { "start": { "line": 50, "column": 47 }, "end": { "line": 50, "column": 51 } },
        "4": { "start": { "line": 51, "column": 10 }, "end": { "line": 66, "column": 12 } },
        "5": { "start": { "line": 58, "column": 16 }, "end": { "line": 58, "column": 32 } },
        "6": { "start": { "line": 59, "column": 16 }, "end": { "line": 59, "column": 70 } },
        "7": { "start": { "line": 59, "column": 52 }, "end": { "line": 59, "column": 70 } },
        "8": { "start": { "line": 62, "column": 16 }, "end": { "line": 62, "column": 30 } },
        "9": { "start": { "line": 63, "column": 16 }, "end": { "line": 63, "column": 66 } },
        "10": { "start": { "line": 63, "column": 50 }, "end": { "line": 63, "column": 66 } },
        "11": { "start": { "line": 79, "column": 0 }, "end": { "line": 89, "column": 2 } }
      },
      "fnMap": {
        "0": {
          "name": "(anonymous_0)",
          "decl": { "start": { "line": 28, "column": 19 }, "end": { "line": 28, "column": 20 } },
          "loc": { "start": { "line": 40, "column": 19 }, "end": { "line": 77, "column": 1 } },
          "line": 40
        },
        "1": {
          "name": "(anonymous_1)",
          "decl": { "start": { "line": 49, "column": 9 }, "end": { "line": 49, "column": 10 } },
          "loc": { "start": { "line": 49, "column": 30 }, "end": { "line": 67, "column": 9 } },
          "line": 49
        },
        "2": {
          "name": "(anonymous_2)",
          "decl": { "start": { "line": 57, "column": 24 }, "end": { "line": 57, "column": 25 } },
          "loc": { "start": { "line": 57, "column": 29 }, "end": { "line": 60, "column": 15 } },
          "line": 57
        },
        "3": {
          "name": "(anonymous_3)",
          "decl": { "start": { "line": 61, "column": 22 }, "end": { "line": 61, "column": 23 } },
          "loc": { "start": { "line": 61, "column": 27 }, "end": { "line": 64, "column": 15 } },
          "line": 61
        }
      },
      "branchMap": {
        "0": {
          "loc": { "start": { "line": 41, "column": 18 }, "end": { "line": 41, "column": 42 } },
          "type": "binary-expr",
          "locations": [
            { "start": { "line": 41, "column": 18 }, "end": { "line": 41, "column": 20 } },
            { "start": { "line": 41, "column": 24 }, "end": { "line": 41, "column": 42 } }
          ],
          "line": 41
        },
        "1": {
          "loc": { "start": { "line": 56, "column": 32 }, "end": { "line": 56, "column": 88 } },
          "type": "cond-expr",
          "locations": [
            { "start": { "line": 56, "column": 57 }, "end": { "line": 56, "column": 81 } },
            { "start": { "line": 56, "column": 84 }, "end": { "line": 56, "column": 88 } }
          ],
          "line": 56
        },
        "2": {
          "loc": { "start": { "line": 59, "column": 16 }, "end": { "line": 59, "column": 70 } },
          "type": "if",
          "locations": [
            { "start": { "line": 59, "column": 16 }, "end": { "line": 59, "column": 70 } },
            { "start": { "line": 59, "column": 16 }, "end": { "line": 59, "column": 70 } }
          ],
          "line": 59
        },
        "3": {
          "loc": { "start": { "line": 63, "column": 16 }, "end": { "line": 63, "column": 66 } },
          "type": "if",
          "locations": [
            { "start": { "line": 63, "column": 16 }, "end": { "line": 63, "column": 66 } },
            { "start": { "line": 63, "column": 16 }, "end": { "line": 63, "column": 66 } }
          ],
          "line": 63
        },
        "4": {
          "loc": { "start": { "line": 69, "column": 7 }, "end": { "line": 73, "column": 7 } },
          "type": "cond-expr",
          "locations": [
            { "start": { "line": 70, "column": 8 }, "end": { "line": 70, "column": 75 } },
            { "start": { "line": 72, "column": 8 }, "end": { "line": 72, "column": 10 } }
          ],
          "line": 69
        }
      },
      "s": {
        "0": 1,
        "1": 1,
        "2": 1,
        "3": 1,
        "4": 1,
        "5": 0,
        "6": 0,
        "7": 0,
        "8": 0,
        "9": 0,
        "10": 0,
        "11": 1
      },
      "f": { "0": 1, "1": 1, "2": 0, "3": 0 },
      "b": { "0": [1, 1], "1": [0, 1], "2": [0, 0], "3": [0, 0], "4": [0, 1] },
      "_coverageSchema": "43e27e138ebf9cfc5966b082cf9a028302ed4184",
      "hash": "e8fb90edffc2810bee5f0161f06a00334cbb53df"
    },
    "C:\\Users\\anksaini1\\Documents\\projects\\atomic-react-components\\lib\\components\\atoms\\Input\\index.js": {
      "path": "C:\\Users\\anksaini1\\Documents\\projects\\atomic-react-components\\lib\\components\\atoms\\Input\\index.js",
      "statementMap": {},
      "fnMap": {},
      "branchMap": {},
      "s": {},
      "f": {},
      "b": {},
      "_coverageSchema": "43e27e138ebf9cfc5966b082cf9a028302ed4184",
      "hash": "cb1c42ee65a0d26813be56a879b8490060f135dc"
    },
    "C:\\Users\\anksaini1\\Documents\\projects\\atomic-react-components\\lib\\components\\atoms\\Input\\Input.js": {
      "path": "C:\\Users\\anksaini1\\Documents\\projects\\atomic-react-components\\lib\\components\\atoms\\Input\\Input.js",
      "statementMap": {
        "0": { "start": { "line": 19, "column": 14 }, "end": { "line": 37, "column": 1 } },
        "1": { "start": { "line": 24, "column": 4 }, "end": { "line": 35, "column": 6 } },
        "2": { "start": { "line": 38, "column": 0 }, "end": { "line": 45, "column": 2 } }
      },
      "fnMap": {
        "0": {
          "name": "(anonymous_0)",
          "decl": { "start": { "line": 20, "column": 2 }, "end": { "line": 20, "column": 3 } },
          "loc": { "start": { "line": 24, "column": 4 }, "end": { "line": 35, "column": 6 } },
          "line": 24
        }
      },
      "branchMap": {
        "0": {
          "loc": { "start": { "line": 31, "column": 13 }, "end": { "line": 31, "column": 48 } },
          "type": "cond-expr",
          "locations": [
            { "start": { "line": 31, "column": 31 }, "end": { "line": 31, "column": 36 } },
            { "start": { "line": 31, "column": 39 }, "end": { "line": 31, "column": 48 } }
          ],
          "line": 31
        },
        "1": {
          "loc": { "start": { "line": 33, "column": 20 }, "end": { "line": 33, "column": 61 } },
          "type": "binary-expr",
          "locations": [
            { "start": { "line": 33, "column": 20 }, "end": { "line": 33, "column": 34 } },
            { "start": { "line": 33, "column": 38 }, "end": { "line": 33, "column": 61 } }
          ],
          "line": 33
        }
      },
      "s": { "0": 1, "1": 1, "2": 1 },
      "f": { "0": 1 },
      "b": { "0": [1, 0], "1": [1, 1] },
      "_coverageSchema": "43e27e138ebf9cfc5966b082cf9a028302ed4184",
      "hash": "f9cfde2f91d89d7f1718090c07bc2774fab5968e"
    },
    "C:\\Users\\anksaini1\\Documents\\projects\\atomic-react-components\\lib\\components\\atoms\\Input\\Input.style.js": {
      "path": "C:\\Users\\anksaini1\\Documents\\projects\\atomic-react-components\\lib\\components\\atoms\\Input\\Input.style.js",
      "statementMap": {
        "0": { "start": { "line": 3, "column": 15 }, "end": { "line": 20, "column": 1 } },
        "1": { "start": { "line": 4, "column": 13 }, "end": { "line": 9, "column": 3 } },
        "2": { "start": { "line": 12, "column": 4 }, "end": { "line": 17, "column": 10 } },
        "3": { "start": { "line": 19, "column": 14 }, "end": { "line": 19, "column": 64 } }
      },
      "fnMap": {
        "0": {
          "name": "(anonymous_0)",
          "decl": { "start": { "line": 4, "column": 4 }, "end": { "line": 4, "column": 5 } },
          "loc": { "start": { "line": 4, "column": 13 }, "end": { "line": 9, "column": 3 } },
          "line": 4
        },
        "1": {
          "name": "(anonymous_1)",
          "decl": { "start": { "line": 11, "column": 4 }, "end": { "line": 11, "column": 5 } },
          "loc": { "start": { "line": 12, "column": 4 }, "end": { "line": 17, "column": 10 } },
          "line": 12
        },
        "2": {
          "name": "(anonymous_2)",
          "decl": { "start": { "line": 19, "column": 4 }, "end": { "line": 19, "column": 5 } },
          "loc": { "start": { "line": 19, "column": 14 }, "end": { "line": 19, "column": 64 } },
          "line": 19
        }
      },
      "branchMap": {
        "0": {
          "loc": { "start": { "line": 12, "column": 4 }, "end": { "line": 17, "column": 10 } },
          "type": "cond-expr",
          "locations": [
            { "start": { "line": 13, "column": 8 }, "end": { "line": 16, "column": 5 } },
            { "start": { "line": 17, "column": 8 }, "end": { "line": 17, "column": 10 } }
          ],
          "line": 12
        },
        "1": {
          "loc": { "start": { "line": 19, "column": 14 }, "end": { "line": 19, "column": 64 } },
          "type": "cond-expr",
          "locations": [
            { "start": { "line": 19, "column": 38 }, "end": { "line": 19, "column": 59 } },
            { "start": { "line": 19, "column": 62 }, "end": { "line": 19, "column": 64 } }
          ],
          "line": 19
        }
      },
      "s": { "0": 1, "1": 1, "2": 1, "3": 1 },
      "f": { "0": 1, "1": 1, "2": 1 },
      "b": { "0": [0, 1], "1": [0, 1] },
      "_coverageSchema": "43e27e138ebf9cfc5966b082cf9a028302ed4184",
      "hash": "3390af87a17b79efbfc6c67fc95bd62cd5353165"
    },
    "C:\\Users\\anksaini1\\Documents\\projects\\atomic-react-components\\lib\\components\\atoms\\FieldError\\index.js": {
      "path": "C:\\Users\\anksaini1\\Documents\\projects\\atomic-react-components\\lib\\components\\atoms\\FieldError\\index.js",
      "statementMap": {},
      "fnMap": {},
      "branchMap": {},
      "s": {},
      "f": {},
      "b": {},
      "_coverageSchema": "43e27e138ebf9cfc5966b082cf9a028302ed4184",
      "hash": "48485a8ca94c027e65ee12546165b81fc8f7415e"
    },
    "C:\\Users\\anksaini1\\Documents\\projects\\atomic-react-components\\lib\\components\\atoms\\FieldError\\FieldError.js": {
      "path": "C:\\Users\\anksaini1\\Documents\\projects\\atomic-react-components\\lib\\components\\atoms\\FieldError\\FieldError.js",
      "statementMap": {
        "0": { "start": { "line": 17, "column": 19 }, "end": { "line": 37, "column": 1 } },
        "1": { "start": { "line": 25, "column": 2 }, "end": { "line": 36, "column": 4 } },
        "2": { "start": { "line": 39, "column": 0 }, "end": { "line": 44, "column": 2 } }
      },
      "fnMap": {
        "0": {
          "name": "(anonymous_0)",
          "decl": { "start": { "line": 17, "column": 19 }, "end": { "line": 17, "column": 20 } },
          "loc": { "start": { "line": 24, "column": 19 }, "end": { "line": 37, "column": 1 } },
          "line": 24
        }
      },
      "branchMap": {
        "0": {
          "loc": { "start": { "line": 30, "column": 20 }, "end": { "line": 30, "column": 59 } },
          "type": "cond-expr",
          "locations": [
            { "start": { "line": 30, "column": 33 }, "end": { "line": 30, "column": 54 } },
            { "start": { "line": 30, "column": 57 }, "end": { "line": 30, "column": 59 } }
          ],
          "line": 30
        },
        "1": {
          "loc": { "start": { "line": 31, "column": 20 }, "end": { "line": 31, "column": 85 } },
          "type": "binary-expr",
          "locations": [
            { "start": { "line": 31, "column": 20 }, "end": { "line": 31, "column": 34 } },
            { "start": { "line": 31, "column": 38 }, "end": { "line": 31, "column": 85 } }
          ],
          "line": 31
        }
      },
      "s": { "0": 1, "1": 0, "2": 1 },
      "f": { "0": 0 },
      "b": { "0": [0, 0], "1": [0, 0] },
      "_coverageSchema": "43e27e138ebf9cfc5966b082cf9a028302ed4184",
      "hash": "4d1a681c706cefed2d5aeb586d37b309af390117"
    },
    "C:\\Users\\anksaini1\\Documents\\projects\\atomic-react-components\\lib\\components\\atoms\\Para\\index.js": {
      "path": "C:\\Users\\anksaini1\\Documents\\projects\\atomic-react-components\\lib\\components\\atoms\\Para\\index.js",
      "statementMap": {},
      "fnMap": {},
      "branchMap": {},
      "s": {},
      "f": {},
      "b": {},
      "_coverageSchema": "43e27e138ebf9cfc5966b082cf9a028302ed4184",
      "hash": "4fe05306ec329213c2060dc42f97908d62a897f9"
    },
    "C:\\Users\\anksaini1\\Documents\\projects\\atomic-react-components\\lib\\components\\atoms\\Para\\Para.js": {
      "path": "C:\\Users\\anksaini1\\Documents\\projects\\atomic-react-components\\lib\\components\\atoms\\Para\\Para.js",
      "statementMap": {
        "0": { "start": { "line": 15, "column": 13 }, "end": { "line": 27, "column": 1 } },
        "1": { "start": { "line": 16, "column": 22 }, "end": { "line": 20, "column": 8 } },
        "2": { "start": { "line": 22, "column": 2 }, "end": { "line": 26, "column": 4 } },
        "3": { "start": { "line": 29, "column": 0 }, "end": { "line": 33, "column": 2 } }
      },
      "fnMap": {
        "0": {
          "name": "(anonymous_0)",
          "decl": { "start": { "line": 15, "column": 13 }, "end": { "line": 15, "column": 14 } },
          "loc": { "start": { "line": 15, "column": 99 }, "end": { "line": 27, "column": 1 } },
          "line": 15
        }
      },
      "branchMap": {
        "0": {
          "loc": { "start": { "line": 16, "column": 22 }, "end": { "line": 20, "column": 8 } },
          "type": "cond-expr",
          "locations": [
            { "start": { "line": 17, "column": 6 }, "end": { "line": 19, "column": 7 } },
            { "start": { "line": 20, "column": 6 }, "end": { "line": 20, "column": 8 } }
          ],
          "line": 16
        }
      },
      "s": { "0": 1, "1": 0, "2": 0, "3": 1 },
      "f": { "0": 0 },
      "b": { "0": [0, 0] },
      "_coverageSchema": "43e27e138ebf9cfc5966b082cf9a028302ed4184",
      "hash": "8ada84cd57bb687be63a59f51ff2d8060ece206c"
    },
    "C:\\Users\\anksaini1\\Documents\\projects\\atomic-react-components\\lib\\components\\atoms\\Para\\Para.style.js": {
      "path": "C:\\Users\\anksaini1\\Documents\\projects\\atomic-react-components\\lib\\components\\atoms\\Para\\Para.style.js",
      "statementMap": {},
      "fnMap": {},
      "branchMap": {},
      "s": {},
      "f": {},
      "b": {},
      "_coverageSchema": "43e27e138ebf9cfc5966b082cf9a028302ed4184",
      "hash": "cc5ae7730e2304c4075a16e2f87ad51e825b4fc2"
    },
    "C:\\Users\\anksaini1\\Documents\\projects\\atomic-react-components\\lib\\core\\utils\\elementLocator.js": {
      "path": "C:\\Users\\anksaini1\\Documents\\projects\\atomic-react-components\\lib\\core\\utils\\elementLocator.js",
      "statementMap": {
        "0": { "start": { "line": 4, "column": 36 }, "end": { "line": 20, "column": 1 } },
        "1": { "start": { "line": 5, "column": 14 }, "end": { "line": 5, "column": 16 } },
        "2": { "start": { "line": 7, "column": 2 }, "end": { "line": 18, "column": 5 } },
        "3": { "start": { "line": 8, "column": 24 }, "end": { "line": 8, "column": 29 } },
        "4": { "start": { "line": 10, "column": 4 }, "end": { "line": 16, "column": 5 } },
        "5": { "start": { "line": 11, "column": 6 }, "end": { "line": 15, "column": 9 } },
        "6": { "start": { "line": 12, "column": 8 }, "end": { "line": 12, "column": 78 } },
        "7": { "start": { "line": 13, "column": 8 }, "end": { "line": 13, "column": 51 } },
        "8": { "start": { "line": 13, "column": 30 }, "end": { "line": 13, "column": 51 } },
        "9": { "start": { "line": 14, "column": 8 }, "end": { "line": 14, "column": 29 } },
        "10": { "start": { "line": 17, "column": 4 }, "end": { "line": 17, "column": 45 } },
        "11": { "start": { "line": 19, "column": 2 }, "end": { "line": 19, "column": 29 } }
      },
      "fnMap": {
        "0": {
          "name": "(anonymous_0)",
          "decl": { "start": { "line": 4, "column": 36 }, "end": { "line": 4, "column": 37 } },
          "loc": { "start": { "line": 4, "column": 48 }, "end": { "line": 20, "column": 1 } },
          "line": 4
        },
        "1": {
          "name": "(anonymous_1)",
          "decl": { "start": { "line": 7, "column": 34 }, "end": { "line": 7, "column": 35 } },
          "loc": { "start": { "line": 7, "column": 57 }, "end": { "line": 18, "column": 3 } },
          "line": 7
        },
        "2": {
          "name": "(anonymous_2)",
          "decl": { "start": { "line": 11, "column": 28 }, "end": { "line": 11, "column": 29 } },
          "loc": { "start": { "line": 11, "column": 51 }, "end": { "line": 15, "column": 7 } },
          "line": 11
        }
      },
      "branchMap": {
        "0": {
          "loc": { "start": { "line": 10, "column": 4 }, "end": { "line": 16, "column": 5 } },
          "type": "if",
          "locations": [
            { "start": { "line": 10, "column": 4 }, "end": { "line": 16, "column": 5 } },
            { "start": { "line": 10, "column": 4 }, "end": { "line": 16, "column": 5 } }
          ],
          "line": 10
        },
        "1": {
          "loc": { "start": { "line": 12, "column": 20 }, "end": { "line": 12, "column": 67 } },
          "type": "cond-expr",
          "locations": [
            { "start": { "line": 12, "column": 59 }, "end": { "line": 12, "column": 61 } },
            { "start": { "line": 12, "column": 64 }, "end": { "line": 12, "column": 67 } }
          ],
          "line": 12
        },
        "2": {
          "loc": { "start": { "line": 12, "column": 20 }, "end": { "line": 12, "column": 56 } },
          "type": "binary-expr",
          "locations": [
            { "start": { "line": 12, "column": 20 }, "end": { "line": 12, "column": 36 } },
            { "start": { "line": 12, "column": 40 }, "end": { "line": 12, "column": 56 } }
          ],
          "line": 12
        },
        "3": {
          "loc": { "start": { "line": 13, "column": 8 }, "end": { "line": 13, "column": 51 } },
          "type": "if",
          "locations": [
            { "start": { "line": 13, "column": 8 }, "end": { "line": 13, "column": 51 } },
            { "start": { "line": 13, "column": 8 }, "end": { "line": 13, "column": 51 } }
          ],
          "line": 13
        },
        "4": {
          "loc": { "start": { "line": 17, "column": 11 }, "end": { "line": 17, "column": 44 } },
          "type": "binary-expr",
          "locations": [
            { "start": { "line": 17, "column": 11 }, "end": { "line": 17, "column": 24 } },
            { "start": { "line": 17, "column": 28 }, "end": { "line": 17, "column": 44 } }
          ],
          "line": 17
        }
      },
      "s": {
        "0": 1,
        "1": 2,
        "2": 2,
        "3": 2,
        "4": 2,
        "5": 2,
        "6": 3,
        "7": 3,
        "8": 1,
        "9": 3,
        "10": 2,
        "11": 2
      },
      "f": { "0": 2, "1": 2, "2": 3 },
      "b": { "0": [2, 0], "1": [2, 1], "2": [3, 3], "3": [1, 2], "4": [2, 1] },
      "_coverageSchema": "43e27e138ebf9cfc5966b082cf9a028302ed4184",
      "hash": "17b7f32c555fbad25a97b3e576dfd7b49bdb68a8"
    },
    "C:\\Users\\anksaini1\\Documents\\projects\\atomic-react-components\\lib\\components\\atoms\\FieldError\\FieldError.style.js": {
      "path": "C:\\Users\\anksaini1\\Documents\\projects\\atomic-react-components\\lib\\components\\atoms\\FieldError\\FieldError.style.js",
      "statementMap": {
        "0": { "start": { "line": 3, "column": 15 }, "end": { "line": 10, "column": 1 } },
        "1": { "start": { "line": 4, "column": 13 }, "end": { "line": 4, "column": 46 } },
        "2": { "start": { "line": 5, "column": 13 }, "end": { "line": 5, "column": 42 } },
        "3": { "start": { "line": 9, "column": 14 }, "end": { "line": 9, "column": 64 } }
      },
      "fnMap": {
        "0": {
          "name": "(anonymous_0)",
          "decl": { "start": { "line": 4, "column": 4 }, "end": { "line": 4, "column": 5 } },
          "loc": { "start": { "line": 4, "column": 13 }, "end": { "line": 4, "column": 46 } },
          "line": 4
        },
        "1": {
          "name": "(anonymous_1)",
          "decl": { "start": { "line": 5, "column": 4 }, "end": { "line": 5, "column": 5 } },
          "loc": { "start": { "line": 5, "column": 13 }, "end": { "line": 5, "column": 42 } },
          "line": 5
        },
        "2": {
          "name": "(anonymous_2)",
          "decl": { "start": { "line": 9, "column": 4 }, "end": { "line": 9, "column": 5 } },
          "loc": { "start": { "line": 9, "column": 14 }, "end": { "line": 9, "column": 64 } },
          "line": 9
        }
      },
      "branchMap": {
        "0": {
          "loc": { "start": { "line": 9, "column": 14 }, "end": { "line": 9, "column": 64 } },
          "type": "cond-expr",
          "locations": [
            { "start": { "line": 9, "column": 38 }, "end": { "line": 9, "column": 59 } },
            { "start": { "line": 9, "column": 62 }, "end": { "line": 9, "column": 64 } }
          ],
          "line": 9
        }
      },
      "s": { "0": 1, "1": 0, "2": 0, "3": 0 },
      "f": { "0": 0, "1": 0, "2": 0 },
      "b": { "0": [0, 0] },
      "_coverageSchema": "43e27e138ebf9cfc5966b082cf9a028302ed4184",
      "hash": "b5448fe710d31c00d14713c2f087940976f98c0f"
    },
    "C:\\Users\\anksaini1\\Documents\\projects\\atomic-react-components\\lib\\components\\atoms\\Label\\index.js": {
      "path": "C:\\Users\\anksaini1\\Documents\\projects\\atomic-react-components\\lib\\components\\atoms\\Label\\index.js",
      "statementMap": {},
      "fnMap": {},
      "branchMap": {},
      "s": {},
      "f": {},
      "b": {},
      "_coverageSchema": "43e27e138ebf9cfc5966b082cf9a028302ed4184",
      "hash": "806d47e608c395131ed21c9ceb031f8150f656c4"
    },
    "C:\\Users\\anksaini1\\Documents\\projects\\atomic-react-components\\lib\\components\\atoms\\Label\\Label.js": {
      "path": "C:\\Users\\anksaini1\\Documents\\projects\\atomic-react-components\\lib\\components\\atoms\\Label\\Label.js",
      "statementMap": {
        "0": { "start": { "line": 14, "column": 14 }, "end": { "line": 25, "column": 1 } },
        "1": { "start": { "line": 17, "column": 2 }, "end": { "line": 24, "column": 10 } },
        "2": { "start": { "line": 27, "column": 0 }, "end": { "line": 30, "column": 2 } }
      },
      "fnMap": {
        "0": {
          "name": "(anonymous_0)",
          "decl": { "start": { "line": 14, "column": 14 }, "end": { "line": 14, "column": 15 } },
          "loc": { "start": { "line": 17, "column": 2 }, "end": { "line": 24, "column": 10 } },
          "line": 17
        }
      },
      "branchMap": {
        "0": {
          "loc": { "start": { "line": 20, "column": 18 }, "end": { "line": 20, "column": 88 } },
          "type": "binary-expr",
          "locations": [
            { "start": { "line": 20, "column": 18 }, "end": { "line": 20, "column": 32 } },
            { "start": { "line": 20, "column": 36 }, "end": { "line": 20, "column": 88 } }
          ],
          "line": 20
        }
      },
      "s": { "0": 1, "1": 1, "2": 1 },
      "f": { "0": 1 },
      "b": { "0": [1, 1] },
      "_coverageSchema": "43e27e138ebf9cfc5966b082cf9a028302ed4184",
      "hash": "f1e9a131cc984f6b9bd501c25e8975b5d296000f"
    },
    "C:\\Users\\anksaini1\\Documents\\projects\\atomic-react-components\\lib\\components\\molecules\\Form\\FieldInput\\FieldInput.style.js": {
      "path": "C:\\Users\\anksaini1\\Documents\\projects\\atomic-react-components\\lib\\components\\molecules\\Form\\FieldInput\\FieldInput.style.js",
      "statementMap": {
        "0": { "start": { "line": 3, "column": 15 }, "end": { "line": 11, "column": 1 } },
        "1": { "start": { "line": 4, "column": 28 }, "end": { "line": 4, "column": 54 } },
        "2": { "start": { "line": 9, "column": 30 }, "end": { "line": 9, "column": 59 } }
      },
      "fnMap": {
        "0": {
          "name": "(anonymous_0)",
          "decl": { "start": { "line": 4, "column": 19 }, "end": { "line": 4, "column": 20 } },
          "loc": { "start": { "line": 4, "column": 28 }, "end": { "line": 4, "column": 54 } },
          "line": 4
        },
        "1": {
          "name": "(anonymous_1)",
          "decl": { "start": { "line": 9, "column": 21 }, "end": { "line": 9, "column": 22 } },
          "loc": { "start": { "line": 9, "column": 30 }, "end": { "line": 9, "column": 59 } },
          "line": 9
        }
      },
      "branchMap": {},
      "s": { "0": 1, "1": 1, "2": 1 },
      "f": { "0": 1, "1": 1 },
      "b": {},
      "_coverageSchema": "43e27e138ebf9cfc5966b082cf9a028302ed4184",
      "hash": "97e3b59a7b08f7a856183666c327f3a4388d3b34"
    },
    "C:\\Users\\anksaini1\\Documents\\projects\\atomic-react-components\\lib\\components\\molecules\\Form\\FieldSelect\\index.js": {
      "path": "C:\\Users\\anksaini1\\Documents\\projects\\atomic-react-components\\lib\\components\\molecules\\Form\\FieldSelect\\index.js",
      "statementMap": {},
      "fnMap": {},
      "branchMap": {},
      "s": {},
      "f": {},
      "b": {},
      "_coverageSchema": "43e27e138ebf9cfc5966b082cf9a028302ed4184",
      "hash": "2057f0266b29a0f5a0c5c7a6fa851b092872ca47"
    },
    "C:\\Users\\anksaini1\\Documents\\projects\\atomic-react-components\\lib\\components\\molecules\\Form\\FieldSelect\\FieldSelect.js": {
      "path": "C:\\Users\\anksaini1\\Documents\\projects\\atomic-react-components\\lib\\components\\molecules\\Form\\FieldSelect\\FieldSelect.js",
      "statementMap": {
        "0": { "start": { "line": 21, "column": 20 }, "end": { "line": 52, "column": 1 } },
        "1": { "start": { "line": 31, "column": 2 }, "end": { "line": 51, "column": 8 } },
        "2": { "start": { "line": 37, "column": 33 }, "end": { "line": 37, "column": 37 } },
        "3": { "start": { "line": 38, "column": 8 }, "end": { "line": 47, "column": 10 } },
        "4": { "start": { "line": 43, "column": 14 }, "end": { "line": 43, "column": 30 } },
        "5": { "start": { "line": 44, "column": 14 }, "end": { "line": 44, "column": 68 } },
        "6": { "start": { "line": 44, "column": 50 }, "end": { "line": 44, "column": 68 } },
        "7": { "start": { "line": 54, "column": 0 }, "end": { "line": 58, "column": 2 } }
      },
      "fnMap": {
        "0": {
          "name": "(anonymous_0)",
          "decl": { "start": { "line": 21, "column": 20 }, "end": { "line": 21, "column": 21 } },
          "loc": { "start": { "line": 31, "column": 2 }, "end": { "line": 51, "column": 8 } },
          "line": 31
        },
        "1": {
          "name": "(anonymous_1)",
          "decl": { "start": { "line": 36, "column": 7 }, "end": { "line": 36, "column": 8 } },
          "loc": { "start": { "line": 36, "column": 28 }, "end": { "line": 48, "column": 7 } },
          "line": 36
        },
        "2": {
          "name": "(anonymous_2)",
          "decl": { "start": { "line": 42, "column": 22 }, "end": { "line": 42, "column": 23 } },
          "loc": { "start": { "line": 42, "column": 27 }, "end": { "line": 45, "column": 13 } },
          "line": 42
        }
      },
      "branchMap": {
        "0": {
          "loc": { "start": { "line": 44, "column": 14 }, "end": { "line": 44, "column": 68 } },
          "type": "if",
          "locations": [
            { "start": { "line": 44, "column": 14 }, "end": { "line": 44, "column": 68 } },
            { "start": { "line": 44, "column": 14 }, "end": { "line": 44, "column": 68 } }
          ],
          "line": 44
        }
      },
      "s": { "0": 1, "1": 0, "2": 0, "3": 0, "4": 0, "5": 0, "6": 0, "7": 1 },
      "f": { "0": 0, "1": 0, "2": 0 },
      "b": { "0": [0, 0] },
      "_coverageSchema": "43e27e138ebf9cfc5966b082cf9a028302ed4184",
      "hash": "0ccfe45f54f8a72a06c8a4c5669a4527ee32823d"
    },
    "C:\\Users\\anksaini1\\Documents\\projects\\atomic-react-components\\lib\\components\\atoms\\Select\\index.js": {
      "path": "C:\\Users\\anksaini1\\Documents\\projects\\atomic-react-components\\lib\\components\\atoms\\Select\\index.js",
      "statementMap": {},
      "fnMap": {},
      "branchMap": {},
      "s": {},
      "f": {},
      "b": {},
      "_coverageSchema": "43e27e138ebf9cfc5966b082cf9a028302ed4184",
      "hash": "a33688cf49c905f85fa4549ea70d88a909842e9e"
    },
    "C:\\Users\\anksaini1\\Documents\\projects\\atomic-react-components\\lib\\components\\atoms\\Select\\Select.js": {
      "path": "C:\\Users\\anksaini1\\Documents\\projects\\atomic-react-components\\lib\\components\\atoms\\Select\\Select.js",
      "statementMap": {
        "0": { "start": { "line": 18, "column": 15 }, "end": { "line": 45, "column": 1 } },
        "1": { "start": { "line": 29, "column": 2 }, "end": { "line": 44, "column": 11 } },
        "2": { "start": { "line": 40, "column": 6 }, "end": { "line": 42, "column": 15 } },
        "3": { "start": { "line": 47, "column": 0 }, "end": { "line": 53, "column": 2 } }
      },
      "fnMap": {
        "0": {
          "name": "(anonymous_0)",
          "decl": { "start": { "line": 18, "column": 15 }, "end": { "line": 18, "column": 16 } },
          "loc": { "start": { "line": 29, "column": 2 }, "end": { "line": 44, "column": 11 } },
          "line": 29
        },
        "1": {
          "name": "(anonymous_1)",
          "decl": { "start": { "line": 39, "column": 17 }, "end": { "line": 39, "column": 18 } },
          "loc": { "start": { "line": 40, "column": 6 }, "end": { "line": 42, "column": 15 } },
          "line": 40
        }
      },
      "branchMap": {
        "0": {
          "loc": { "start": { "line": 35, "column": 18 }, "end": { "line": 35, "column": 64 } },
          "type": "binary-expr",
          "locations": [
            { "start": { "line": 35, "column": 18 }, "end": { "line": 35, "column": 32 } },
            { "start": { "line": 35, "column": 36 }, "end": { "line": 35, "column": 64 } }
          ],
          "line": 35
        },
        "1": {
          "loc": { "start": { "line": 38, "column": 5 }, "end": { "line": 38, "column": 59 } },
          "type": "binary-expr",
          "locations": [
            { "start": { "line": 38, "column": 5 }, "end": { "line": 38, "column": 16 } },
            { "start": { "line": 38, "column": 20 }, "end": { "line": 38, "column": 59 } }
          ],
          "line": 38
        }
      },
      "s": { "0": 1, "1": 0, "2": 0, "3": 1 },
      "f": { "0": 0, "1": 0 },
      "b": { "0": [0, 0], "1": [0, 0] },
      "_coverageSchema": "43e27e138ebf9cfc5966b082cf9a028302ed4184",
      "hash": "d676b37a49f6ba68f40502eb20d434b4d9f972bc"
    },
    "C:\\Users\\anksaini1\\Documents\\projects\\atomic-react-components\\lib\\components\\atoms\\Select\\Select.style.js": {
      "path": "C:\\Users\\anksaini1\\Documents\\projects\\atomic-react-components\\lib\\components\\atoms\\Select\\Select.style.js",
      "statementMap": {
        "0": { "start": { "line": 3, "column": 15 }, "end": { "line": 22, "column": 1 } },
        "1": { "start": { "line": 5, "column": 13 }, "end": { "line": 10, "column": 3 } },
        "2": { "start": { "line": 14, "column": 4 }, "end": { "line": 19, "column": 10 } },
        "3": { "start": { "line": 21, "column": 14 }, "end": { "line": 21, "column": 64 } }
      },
      "fnMap": {
        "0": {
          "name": "(anonymous_0)",
          "decl": { "start": { "line": 5, "column": 4 }, "end": { "line": 5, "column": 5 } },
          "loc": { "start": { "line": 5, "column": 13 }, "end": { "line": 10, "column": 3 } },
          "line": 5
        },
        "1": {
          "name": "(anonymous_1)",
          "decl": { "start": { "line": 13, "column": 4 }, "end": { "line": 13, "column": 5 } },
          "loc": { "start": { "line": 14, "column": 4 }, "end": { "line": 19, "column": 10 } },
          "line": 14
        },
        "2": {
          "name": "(anonymous_2)",
          "decl": { "start": { "line": 21, "column": 4 }, "end": { "line": 21, "column": 5 } },
          "loc": { "start": { "line": 21, "column": 14 }, "end": { "line": 21, "column": 64 } },
          "line": 21
        }
      },
      "branchMap": {
        "0": {
          "loc": { "start": { "line": 14, "column": 4 }, "end": { "line": 19, "column": 10 } },
          "type": "cond-expr",
          "locations": [
            { "start": { "line": 15, "column": 8 }, "end": { "line": 18, "column": 5 } },
            { "start": { "line": 19, "column": 8 }, "end": { "line": 19, "column": 10 } }
          ],
          "line": 14
        },
        "1": {
          "loc": { "start": { "line": 21, "column": 14 }, "end": { "line": 21, "column": 64 } },
          "type": "cond-expr",
          "locations": [
            { "start": { "line": 21, "column": 38 }, "end": { "line": 21, "column": 59 } },
            { "start": { "line": 21, "column": 62 }, "end": { "line": 21, "column": 64 } }
          ],
          "line": 21
        }
      },
      "s": { "0": 1, "1": 0, "2": 0, "3": 0 },
      "f": { "0": 0, "1": 0, "2": 0 },
      "b": { "0": [0, 0], "1": [0, 0] },
      "_coverageSchema": "43e27e138ebf9cfc5966b082cf9a028302ed4184",
      "hash": "7efc0d680bf8bd0e7bd32bf01eaf1ff5e934c331"
    },
    "C:\\Users\\anksaini1\\Documents\\projects\\atomic-react-components\\lib\\components\\molecules\\Form\\FieldSelect\\FieldSelect.style.js": {
      "path": "C:\\Users\\anksaini1\\Documents\\projects\\atomic-react-components\\lib\\components\\molecules\\Form\\FieldSelect\\FieldSelect.style.js",
      "statementMap": {
        "0": { "start": { "line": 3, "column": 15 }, "end": { "line": 10, "column": 1 } },
        "1": { "start": { "line": 4, "column": 28 }, "end": { "line": 4, "column": 54 } },
        "2": { "start": { "line": 8, "column": 30 }, "end": { "line": 8, "column": 59 } }
      },
      "fnMap": {
        "0": {
          "name": "(anonymous_0)",
          "decl": { "start": { "line": 4, "column": 19 }, "end": { "line": 4, "column": 20 } },
          "loc": { "start": { "line": 4, "column": 28 }, "end": { "line": 4, "column": 54 } },
          "line": 4
        },
        "1": {
          "name": "(anonymous_1)",
          "decl": { "start": { "line": 8, "column": 21 }, "end": { "line": 8, "column": 22 } },
          "loc": { "start": { "line": 8, "column": 30 }, "end": { "line": 8, "column": 59 } },
          "line": 8
        }
      },
      "branchMap": {},
      "s": { "0": 1, "1": 0, "2": 0 },
      "f": { "0": 0, "1": 0 },
      "b": {},
      "_coverageSchema": "43e27e138ebf9cfc5966b082cf9a028302ed4184",
      "hash": "d0431071dae528d3a0d22a92146cdb3fb785ffee"
    },
    "C:\\Users\\anksaini1\\Documents\\projects\\atomic-react-components\\lib\\components\\molecules\\Form\\FieldTextarea\\index.js": {
      "path": "C:\\Users\\anksaini1\\Documents\\projects\\atomic-react-components\\lib\\components\\molecules\\Form\\FieldTextarea\\index.js",
      "statementMap": {},
      "fnMap": {},
      "branchMap": {},
      "s": {},
      "f": {},
      "b": {},
      "_coverageSchema": "43e27e138ebf9cfc5966b082cf9a028302ed4184",
      "hash": "66066e2a054538f5e17aa24ef425b379b3438716"
    },
    "C:\\Users\\anksaini1\\Documents\\projects\\atomic-react-components\\lib\\components\\molecules\\Form\\FieldTextarea\\FieldTextarea.js": {
      "path": "C:\\Users\\anksaini1\\Documents\\projects\\atomic-react-components\\lib\\components\\molecules\\Form\\FieldTextarea\\FieldTextarea.js",
      "statementMap": {
        "0": { "start": { "line": 23, "column": 22 }, "end": { "line": 53, "column": 1 } },
        "1": { "start": { "line": 32, "column": 2 }, "end": { "line": 52, "column": 8 } },
        "2": { "start": { "line": 38, "column": 33 }, "end": { "line": 38, "column": 37 } },
        "3": { "start": { "line": 39, "column": 8 }, "end": { "line": 48, "column": 10 } },
        "4": { "start": { "line": 44, "column": 14 }, "end": { "line": 44, "column": 30 } },
        "5": { "start": { "line": 45, "column": 14 }, "end": { "line": 45, "column": 68 } },
        "6": { "start": { "line": 45, "column": 50 }, "end": { "line": 45, "column": 68 } },
        "7": { "start": { "line": 55, "column": 0 }, "end": { "line": 60, "column": 2 } }
      },
      "fnMap": {
        "0": {
          "name": "(anonymous_0)",
          "decl": { "start": { "line": 23, "column": 22 }, "end": { "line": 23, "column": 23 } },
          "loc": { "start": { "line": 32, "column": 2 }, "end": { "line": 52, "column": 8 } },
          "line": 32
        },
        "1": {
          "name": "(anonymous_1)",
          "decl": { "start": { "line": 37, "column": 7 }, "end": { "line": 37, "column": 8 } },
          "loc": { "start": { "line": 37, "column": 28 }, "end": { "line": 49, "column": 7 } },
          "line": 37
        },
        "2": {
          "name": "(anonymous_2)",
          "decl": { "start": { "line": 43, "column": 22 }, "end": { "line": 43, "column": 23 } },
          "loc": { "start": { "line": 43, "column": 27 }, "end": { "line": 46, "column": 13 } },
          "line": 43
        }
      },
      "branchMap": {
        "0": {
          "loc": { "start": { "line": 45, "column": 14 }, "end": { "line": 45, "column": 68 } },
          "type": "if",
          "locations": [
            { "start": { "line": 45, "column": 14 }, "end": { "line": 45, "column": 68 } },
            { "start": { "line": 45, "column": 14 }, "end": { "line": 45, "column": 68 } }
          ],
          "line": 45
        }
      },
      "s": { "0": 1, "1": 0, "2": 0, "3": 0, "4": 0, "5": 0, "6": 0, "7": 1 },
      "f": { "0": 0, "1": 0, "2": 0 },
      "b": { "0": [0, 0] },
      "_coverageSchema": "43e27e138ebf9cfc5966b082cf9a028302ed4184",
      "hash": "e9778bb6a1d7d462d9d672dcce926d03f5f86d5c"
    },
    "C:\\Users\\anksaini1\\Documents\\projects\\atomic-react-components\\lib\\components\\atoms\\Textarea\\index.js": {
      "path": "C:\\Users\\anksaini1\\Documents\\projects\\atomic-react-components\\lib\\components\\atoms\\Textarea\\index.js",
      "statementMap": {},
      "fnMap": {},
      "branchMap": {},
      "s": {},
      "f": {},
      "b": {},
      "_coverageSchema": "43e27e138ebf9cfc5966b082cf9a028302ed4184",
      "hash": "102440be7d5b94b6377f8e7d451f5930e1bb6a23"
    },
    "C:\\Users\\anksaini1\\Documents\\projects\\atomic-react-components\\lib\\components\\atoms\\Textarea\\Textarea.js": {
      "path": "C:\\Users\\anksaini1\\Documents\\projects\\atomic-react-components\\lib\\components\\atoms\\Textarea\\Textarea.js",
      "statementMap": {
        "0": { "start": { "line": 22, "column": 17 }, "end": { "line": 44, "column": 1 } },
        "1": { "start": { "line": 33, "column": 2 }, "end": { "line": 43, "column": 4 } },
        "2": { "start": { "line": 46, "column": 0 }, "end": { "line": 53, "column": 2 } }
      },
      "fnMap": {
        "0": {
          "name": "(anonymous_0)",
          "decl": { "start": { "line": 22, "column": 17 }, "end": { "line": 22, "column": 18 } },
          "loc": { "start": { "line": 33, "column": 2 }, "end": { "line": 43, "column": 4 } },
          "line": 33
        }
      },
      "branchMap": {
        "0": {
          "loc": { "start": { "line": 41, "column": 18 }, "end": { "line": 41, "column": 66 } },
          "type": "binary-expr",
          "locations": [
            { "start": { "line": 41, "column": 18 }, "end": { "line": 41, "column": 32 } },
            { "start": { "line": 41, "column": 36 }, "end": { "line": 41, "column": 66 } }
          ],
          "line": 41
        }
      },
      "s": { "0": 1, "1": 0, "2": 1 },
      "f": { "0": 0 },
      "b": { "0": [0, 0] },
      "_coverageSchema": "43e27e138ebf9cfc5966b082cf9a028302ed4184",
      "hash": "e6d733f23b05659e87ea5fdfc83283060fb145fa"
    },
    "C:\\Users\\anksaini1\\Documents\\projects\\atomic-react-components\\lib\\components\\atoms\\Textarea\\Textarea.style.js": {
      "path": "C:\\Users\\anksaini1\\Documents\\projects\\atomic-react-components\\lib\\components\\atoms\\Textarea\\Textarea.style.js",
      "statementMap": {
        "0": { "start": { "line": 3, "column": 15 }, "end": { "line": 24, "column": 1 } },
        "1": { "start": { "line": 4, "column": 13 }, "end": { "line": 9, "column": 3 } },
        "2": { "start": { "line": 10, "column": 21 }, "end": { "line": 10, "column": 43 } },
        "3": { "start": { "line": 16, "column": 4 }, "end": { "line": 21, "column": 10 } },
        "4": { "start": { "line": 23, "column": 14 }, "end": { "line": 23, "column": 64 } }
      },
      "fnMap": {
        "0": {
          "name": "(anonymous_0)",
          "decl": { "start": { "line": 4, "column": 4 }, "end": { "line": 4, "column": 5 } },
          "loc": { "start": { "line": 4, "column": 13 }, "end": { "line": 9, "column": 3 } },
          "line": 4
        },
        "1": {
          "name": "(anonymous_1)",
          "decl": { "start": { "line": 10, "column": 12 }, "end": { "line": 10, "column": 13 } },
          "loc": { "start": { "line": 10, "column": 21 }, "end": { "line": 10, "column": 43 } },
          "line": 10
        },
        "2": {
          "name": "(anonymous_2)",
          "decl": { "start": { "line": 15, "column": 4 }, "end": { "line": 15, "column": 5 } },
          "loc": { "start": { "line": 16, "column": 4 }, "end": { "line": 21, "column": 10 } },
          "line": 16
        },
        "3": {
          "name": "(anonymous_3)",
          "decl": { "start": { "line": 23, "column": 4 }, "end": { "line": 23, "column": 5 } },
          "loc": { "start": { "line": 23, "column": 14 }, "end": { "line": 23, "column": 64 } },
          "line": 23
        }
      },
      "branchMap": {
        "0": {
          "loc": { "start": { "line": 10, "column": 21 }, "end": { "line": 10, "column": 43 } },
          "type": "binary-expr",
          "locations": [
            { "start": { "line": 10, "column": 21 }, "end": { "line": 10, "column": 33 } },
            { "start": { "line": 10, "column": 37 }, "end": { "line": 10, "column": 43 } }
          ],
          "line": 10
        },
        "1": {
          "loc": { "start": { "line": 16, "column": 4 }, "end": { "line": 21, "column": 10 } },
          "type": "cond-expr",
          "locations": [
            { "start": { "line": 17, "column": 8 }, "end": { "line": 20, "column": 5 } },
            { "start": { "line": 21, "column": 8 }, "end": { "line": 21, "column": 10 } }
          ],
          "line": 16
        },
        "2": {
          "loc": { "start": { "line": 23, "column": 14 }, "end": { "line": 23, "column": 64 } },
          "type": "cond-expr",
          "locations": [
            { "start": { "line": 23, "column": 38 }, "end": { "line": 23, "column": 59 } },
            { "start": { "line": 23, "column": 62 }, "end": { "line": 23, "column": 64 } }
          ],
          "line": 23
        }
      },
      "s": { "0": 1, "1": 0, "2": 0, "3": 0, "4": 0 },
      "f": { "0": 0, "1": 0, "2": 0, "3": 0 },
      "b": { "0": [0, 0], "1": [0, 0], "2": [0, 0] },
      "_coverageSchema": "43e27e138ebf9cfc5966b082cf9a028302ed4184",
      "hash": "199f05bf34b864c21847687c25ea5fce55592897"
    },
    "C:\\Users\\anksaini1\\Documents\\projects\\atomic-react-components\\lib\\components\\molecules\\Form\\FieldTextarea\\FieldTextarea.style.js": {
      "path": "C:\\Users\\anksaini1\\Documents\\projects\\atomic-react-components\\lib\\components\\molecules\\Form\\FieldTextarea\\FieldTextarea.style.js",
      "statementMap": {
        "0": { "start": { "line": 3, "column": 15 }, "end": { "line": 11, "column": 1 } },
        "1": { "start": { "line": 4, "column": 28 }, "end": { "line": 4, "column": 54 } },
        "2": { "start": { "line": 9, "column": 30 }, "end": { "line": 9, "column": 59 } }
      },
      "fnMap": {
        "0": {
          "name": "(anonymous_0)",
          "decl": { "start": { "line": 4, "column": 19 }, "end": { "line": 4, "column": 20 } },
          "loc": { "start": { "line": 4, "column": 28 }, "end": { "line": 4, "column": 54 } },
          "line": 4
        },
        "1": {
          "name": "(anonymous_1)",
          "decl": { "start": { "line": 9, "column": 21 }, "end": { "line": 9, "column": 22 } },
          "loc": { "start": { "line": 9, "column": 30 }, "end": { "line": 9, "column": 59 } },
          "line": 9
        }
      },
      "branchMap": {},
      "s": { "0": 1, "1": 0, "2": 0 },
      "f": { "0": 0, "1": 0 },
      "b": {},
      "_coverageSchema": "43e27e138ebf9cfc5966b082cf9a028302ed4184",
      "hash": "c581b8e2d9d67423f052410e1c9385ee45a9b3cb"
    },
    "C:\\Users\\anksaini1\\Documents\\projects\\atomic-react-components\\lib\\components\\molecules\\Form\\FieldRadioGroup\\index.js": {
      "path": "C:\\Users\\anksaini1\\Documents\\projects\\atomic-react-components\\lib\\components\\molecules\\Form\\FieldRadioGroup\\index.js",
      "statementMap": {},
      "fnMap": {},
      "branchMap": {},
      "s": {},
      "f": {},
      "b": {},
      "_coverageSchema": "43e27e138ebf9cfc5966b082cf9a028302ed4184",
      "hash": "b4d412e690ace02b5a91441fced8832d02b7eb5f"
    },
    "C:\\Users\\anksaini1\\Documents\\projects\\atomic-react-components\\lib\\components\\molecules\\Form\\FieldRadioGroup\\FieldRadioGroup.js": {
      "path": "C:\\Users\\anksaini1\\Documents\\projects\\atomic-react-components\\lib\\components\\molecules\\Form\\FieldRadioGroup\\FieldRadioGroup.js",
      "statementMap": {
        "0": { "start": { "line": 22, "column": 24 }, "end": { "line": 50, "column": 1 } },
        "1": { "start": { "line": 23, "column": 2 }, "end": { "line": 49, "column": 15 } },
        "2": { "start": { "line": 25, "column": 6 }, "end": { "line": 47, "column": 12 } },
        "3": { "start": { "line": 27, "column": 10 }, "end": { "line": 44, "column": 18 } },
        "4": { "start": { "line": 29, "column": 39 }, "end": { "line": 29, "column": 43 } },
        "5": { "start": { "line": 30, "column": 35 }, "end": { "line": 30, "column": 45 } },
        "6": { "start": { "line": 31, "column": 14 }, "end": { "line": 42, "column": 16 } },
        "7": { "start": { "line": 36, "column": 20 }, "end": { "line": 36, "column": 36 } },
        "8": { "start": { "line": 37, "column": 20 }, "end": { "line": 37, "column": 74 } },
        "9": { "start": { "line": 37, "column": 56 }, "end": { "line": 37, "column": 74 } },
        "10": { "start": { "line": 52, "column": 0 }, "end": { "line": 55, "column": 2 } }
      },
      "fnMap": {
        "0": {
          "name": "(anonymous_0)",
          "decl": { "start": { "line": 22, "column": 24 }, "end": { "line": 22, "column": 25 } },
          "loc": { "start": { "line": 23, "column": 2 }, "end": { "line": 49, "column": 15 } },
          "line": 23
        },
        "1": {
          "name": "(anonymous_1)",
          "decl": { "start": { "line": 24, "column": 5 }, "end": { "line": 24, "column": 6 } },
          "loc": { "start": { "line": 25, "column": 6 }, "end": { "line": 47, "column": 12 } },
          "line": 25
        },
        "2": {
          "name": "(anonymous_2)",
          "decl": { "start": { "line": 26, "column": 29 }, "end": { "line": 26, "column": 30 } },
          "loc": { "start": { "line": 27, "column": 10 }, "end": { "line": 44, "column": 18 } },
          "line": 27
        },
        "3": {
          "name": "(anonymous_3)",
          "decl": { "start": { "line": 28, "column": 13 }, "end": { "line": 28, "column": 14 } },
          "loc": { "start": { "line": 28, "column": 34 }, "end": { "line": 43, "column": 13 } },
          "line": 28
        },
        "4": {
          "name": "(anonymous_4)",
          "decl": { "start": { "line": 35, "column": 28 }, "end": { "line": 35, "column": 29 } },
          "loc": { "start": { "line": 35, "column": 33 }, "end": { "line": 38, "column": 19 } },
          "line": 35
        }
      },
      "branchMap": {
        "0": {
          "loc": { "start": { "line": 27, "column": 22 }, "end": { "line": 27, "column": 57 } },
          "type": "binary-expr",
          "locations": [
            { "start": { "line": 27, "column": 22 }, "end": { "line": 27, "column": 35 } },
            { "start": { "line": 27, "column": 39 }, "end": { "line": 27, "column": 57 } }
          ],
          "line": 27
        },
        "1": {
          "loc": { "start": { "line": 34, "column": 22 }, "end": { "line": 34, "column": 57 } },
          "type": "binary-expr",
          "locations": [
            { "start": { "line": 34, "column": 22 }, "end": { "line": 34, "column": 35 } },
            { "start": { "line": 34, "column": 39 }, "end": { "line": 34, "column": 57 } }
          ],
          "line": 34
        },
        "2": {
          "loc": { "start": { "line": 37, "column": 20 }, "end": { "line": 37, "column": 74 } },
          "type": "if",
          "locations": [
            { "start": { "line": 37, "column": 20 }, "end": { "line": 37, "column": 74 } },
            { "start": { "line": 37, "column": 20 }, "end": { "line": 37, "column": 74 } }
          ],
          "line": 37
        }
      },
      "s": {
        "0": 1,
        "1": 0,
        "2": 0,
        "3": 0,
        "4": 0,
        "5": 0,
        "6": 0,
        "7": 0,
        "8": 0,
        "9": 0,
        "10": 1
      },
      "f": { "0": 0, "1": 0, "2": 0, "3": 0, "4": 0 },
      "b": { "0": [0, 0], "1": [0, 0], "2": [0, 0] },
      "_coverageSchema": "43e27e138ebf9cfc5966b082cf9a028302ed4184",
      "hash": "5c7d7b3b7b7db30453f150426bb865318d4ac68c"
    },
    "C:\\Users\\anksaini1\\Documents\\projects\\atomic-react-components\\lib\\components\\molecules\\InputChoice\\index.js": {
      "path": "C:\\Users\\anksaini1\\Documents\\projects\\atomic-react-components\\lib\\components\\molecules\\InputChoice\\index.js",
      "statementMap": {},
      "fnMap": {},
      "branchMap": {},
      "s": {},
      "f": {},
      "b": {},
      "_coverageSchema": "43e27e138ebf9cfc5966b082cf9a028302ed4184",
      "hash": "94085719861e8718e00809e08e8f16958fe798ff"
    },
    "C:\\Users\\anksaini1\\Documents\\projects\\atomic-react-components\\lib\\components\\molecules\\InputChoice\\InputChoice.js": {
      "path": "C:\\Users\\anksaini1\\Documents\\projects\\atomic-react-components\\lib\\components\\molecules\\InputChoice\\InputChoice.js",
      "statementMap": {
        "0": { "start": { "line": 22, "column": 20 }, "end": { "line": 52, "column": 1 } },
        "1": { "start": { "line": 35, "column": 2 }, "end": { "line": 51, "column": 10 } },
        "2": { "start": { "line": 54, "column": 0 }, "end": { "line": 62, "column": 2 } }
      },
      "fnMap": {
        "0": {
          "name": "(anonymous_0)",
          "decl": { "start": { "line": 22, "column": 20 }, "end": { "line": 22, "column": 21 } },
          "loc": { "start": { "line": 35, "column": 2 }, "end": { "line": 51, "column": 10 } },
          "line": 35
        }
      },
      "branchMap": {
        "0": {
          "loc": { "start": { "line": 50, "column": 10 }, "end": { "line": 50, "column": 27 } },
          "type": "binary-expr",
          "locations": [
            { "start": { "line": 50, "column": 10 }, "end": { "line": 50, "column": 18 } },
            { "start": { "line": 50, "column": 22 }, "end": { "line": 50, "column": 27 } }
          ],
          "line": 50
        }
      },
      "s": { "0": 1, "1": 0, "2": 1 },
      "f": { "0": 0 },
      "b": { "0": [0, 0] },
      "_coverageSchema": "43e27e138ebf9cfc5966b082cf9a028302ed4184",
      "hash": "c8e58e9a5cbabcff3375d31a34a736df93487226"
    },
    "C:\\Users\\anksaini1\\Documents\\projects\\atomic-react-components\\lib\\components\\molecules\\InputChoice\\InputChoice.style.js": {
      "path": "C:\\Users\\anksaini1\\Documents\\projects\\atomic-react-components\\lib\\components\\molecules\\InputChoice\\InputChoice.style.js",
      "statementMap": {
        "0": { "start": { "line": 3, "column": 15 }, "end": { "line": 68, "column": 1 } },
        "1": { "start": { "line": 4, "column": 14 }, "end": { "line": 4, "column": 71 } },
        "2": { "start": { "line": 10, "column": 15 }, "end": { "line": 10, "column": 47 } },
        "3": { "start": { "line": 11, "column": 16 }, "end": { "line": 11, "column": 71 } },
        "4": { "start": { "line": 12, "column": 15 }, "end": { "line": 12, "column": 46 } },
        "5": { "start": { "line": 13, "column": 15 }, "end": { "line": 13, "column": 71 } },
        "6": { "start": { "line": 20, "column": 17 }, "end": { "line": 20, "column": 48 } },
        "7": { "start": { "line": 27, "column": 8 }, "end": { "line": 33, "column": 7 } },
        "8": { "start": { "line": 36, "column": 8 }, "end": { "line": 39, "column": 7 } },
        "9": { "start": { "line": 44, "column": 6 }, "end": { "line": 44, "column": 90 } },
        "10": { "start": { "line": 48, "column": 8 }, "end": { "line": 50, "column": 11 } },
        "11": { "start": { "line": 55, "column": 4 }, "end": { "line": 67, "column": 3 } }
      },
      "fnMap": {
        "0": {
          "name": "(anonymous_0)",
          "decl": { "start": { "line": 4, "column": 4 }, "end": { "line": 4, "column": 5 } },
          "loc": { "start": { "line": 4, "column": 14 }, "end": { "line": 4, "column": 71 } },
          "line": 4
        },
        "1": {
          "name": "(anonymous_1)",
          "decl": { "start": { "line": 10, "column": 6 }, "end": { "line": 10, "column": 7 } },
          "loc": { "start": { "line": 10, "column": 15 }, "end": { "line": 10, "column": 47 } },
          "line": 10
        },
        "2": {
          "name": "(anonymous_2)",
          "decl": { "start": { "line": 11, "column": 6 }, "end": { "line": 11, "column": 7 } },
          "loc": { "start": { "line": 11, "column": 16 }, "end": { "line": 11, "column": 71 } },
          "line": 11
        },
        "3": {
          "name": "(anonymous_3)",
          "decl": { "start": { "line": 12, "column": 6 }, "end": { "line": 12, "column": 7 } },
          "loc": { "start": { "line": 12, "column": 15 }, "end": { "line": 12, "column": 46 } },
          "line": 12
        },
        "4": {
          "name": "(anonymous_4)",
          "decl": { "start": { "line": 13, "column": 6 }, "end": { "line": 13, "column": 7 } },
          "loc": { "start": { "line": 13, "column": 15 }, "end": { "line": 13, "column": 71 } },
          "line": 13
        },
        "5": {
          "name": "(anonymous_5)",
          "decl": { "start": { "line": 20, "column": 8 }, "end": { "line": 20, "column": 9 } },
          "loc": { "start": { "line": 20, "column": 17 }, "end": { "line": 20, "column": 48 } },
          "line": 20
        },
        "6": {
          "name": "(anonymous_6)",
          "decl": { "start": { "line": 26, "column": 8 }, "end": { "line": 26, "column": 9 } },
          "loc": { "start": { "line": 27, "column": 8 }, "end": { "line": 33, "column": 7 } },
          "line": 27
        },
        "7": {
          "name": "(anonymous_7)",
          "decl": { "start": { "line": 35, "column": 8 }, "end": { "line": 35, "column": 9 } },
          "loc": { "start": { "line": 36, "column": 8 }, "end": { "line": 39, "column": 7 } },
          "line": 36
        },
        "8": {
          "name": "(anonymous_8)",
          "decl": { "start": { "line": 43, "column": 6 }, "end": { "line": 43, "column": 7 } },
          "loc": { "start": { "line": 44, "column": 6 }, "end": { "line": 44, "column": 90 } },
          "line": 44
        },
        "9": {
          "name": "(anonymous_9)",
          "decl": { "start": { "line": 47, "column": 8 }, "end": { "line": 47, "column": 9 } },
          "loc": { "start": { "line": 48, "column": 8 }, "end": { "line": 50, "column": 11 } },
          "line": 48
        },
        "10": {
          "name": "(anonymous_10)",
          "decl": { "start": { "line": 54, "column": 4 }, "end": { "line": 54, "column": 5 } },
          "loc": { "start": { "line": 55, "column": 4 }, "end": { "line": 67, "column": 3 } },
          "line": 55
        }
      },
      "branchMap": {
        "0": {
          "loc": { "start": { "line": 4, "column": 14 }, "end": { "line": 4, "column": 71 } },
          "type": "cond-expr",
          "locations": [
            { "start": { "line": 4, "column": 31 }, "end": { "line": 4, "column": 50 } },
            { "start": { "line": 4, "column": 53 }, "end": { "line": 4, "column": 71 } }
          ],
          "line": 4
        },
        "1": {
          "loc": { "start": { "line": 11, "column": 16 }, "end": { "line": 11, "column": 71 } },
          "type": "cond-expr",
          "locations": [
            { "start": { "line": 11, "column": 33 }, "end": { "line": 11, "column": 66 } },
            { "start": { "line": 11, "column": 69 }, "end": { "line": 11, "column": 71 } }
          ],
          "line": 11
        },
        "2": {
          "loc": { "start": { "line": 13, "column": 15 }, "end": { "line": 13, "column": 71 } },
          "type": "binary-expr",
          "locations": [
            { "start": { "line": 13, "column": 15 }, "end": { "line": 13, "column": 37 } },
            { "start": { "line": 13, "column": 41 }, "end": { "line": 13, "column": 71 } }
          ],
          "line": 13
        },
        "3": {
          "loc": { "start": { "line": 27, "column": 8 }, "end": { "line": 33, "column": 7 } },
          "type": "binary-expr",
          "locations": [
            { "start": { "line": 27, "column": 8 }, "end": { "line": 27, "column": 33 } },
            { "start": { "line": 28, "column": 8 }, "end": { "line": 33, "column": 7 } }
          ],
          "line": 27
        },
        "4": {
          "loc": { "start": { "line": 36, "column": 8 }, "end": { "line": 39, "column": 7 } },
          "type": "binary-expr",
          "locations": [
            { "start": { "line": 36, "column": 8 }, "end": { "line": 36, "column": 30 } },
            { "start": { "line": 37, "column": 8 }, "end": { "line": 39, "column": 7 } }
          ],
          "line": 36
        },
        "5": {
          "loc": { "start": { "line": 44, "column": 6 }, "end": { "line": 44, "column": 90 } },
          "type": "cond-expr",
          "locations": [
            { "start": { "line": 44, "column": 23 }, "end": { "line": 44, "column": 56 } },
            { "start": { "line": 44, "column": 59 }, "end": { "line": 44, "column": 90 } }
          ],
          "line": 44
        },
        "6": {
          "loc": { "start": { "line": 49, "column": 10 }, "end": { "line": 49, "column": 92 } },
          "type": "cond-expr",
          "locations": [
            { "start": { "line": 49, "column": 27 }, "end": { "line": 49, "column": 58 } },
            { "start": { "line": 49, "column": 61 }, "end": { "line": 49, "column": 92 } }
          ],
          "line": 49
        },
        "7": {
          "loc": { "start": { "line": 55, "column": 4 }, "end": { "line": 67, "column": 3 } },
          "type": "cond-expr",
          "locations": [
            { "start": { "line": 56, "column": 8 }, "end": { "line": 62, "column": 3 } },
            { "start": { "line": 63, "column": 8 }, "end": { "line": 67, "column": 3 } }
          ],
          "line": 55
        }
      },
      "s": {
        "0": 1,
        "1": 0,
        "2": 0,
        "3": 0,
        "4": 0,
        "5": 0,
        "6": 0,
        "7": 0,
        "8": 0,
        "9": 0,
        "10": 0,
        "11": 0
      },
      "f": {
        "0": 0,
        "1": 0,
        "2": 0,
        "3": 0,
        "4": 0,
        "5": 0,
        "6": 0,
        "7": 0,
        "8": 0,
        "9": 0,
        "10": 0
      },
      "b": {
        "0": [0, 0],
        "1": [0, 0],
        "2": [0, 0],
        "3": [0, 0],
        "4": [0, 0],
        "5": [0, 0],
        "6": [0, 0],
        "7": [0, 0]
      },
      "_coverageSchema": "43e27e138ebf9cfc5966b082cf9a028302ed4184",
      "hash": "db062849e5c548ce7a03223aafcdab7fc1d8039a"
    },
    "C:\\Users\\anksaini1\\Documents\\projects\\atomic-react-components\\lib\\components\\molecules\\Form\\FieldRadioGroup\\FieldRadioGroup.style.js": {
      "path": "C:\\Users\\anksaini1\\Documents\\projects\\atomic-react-components\\lib\\components\\molecules\\Form\\FieldRadioGroup\\FieldRadioGroup.style.js",
      "statementMap": {
        "0": { "start": { "line": 3, "column": 15 }, "end": { "line": 5, "column": 1 } },
        "1": { "start": { "line": 4, "column": 28 }, "end": { "line": 4, "column": 54 } }
      },
      "fnMap": {
        "0": {
          "name": "(anonymous_0)",
          "decl": { "start": { "line": 4, "column": 19 }, "end": { "line": 4, "column": 20 } },
          "loc": { "start": { "line": 4, "column": 28 }, "end": { "line": 4, "column": 54 } },
          "line": 4
        }
      },
      "branchMap": {},
      "s": { "0": 1, "1": 0 },
      "f": { "0": 0 },
      "b": {},
      "_coverageSchema": "43e27e138ebf9cfc5966b082cf9a028302ed4184",
      "hash": "3d6684ed8ff6466bf3fda5ccdd7af69133ac300c"
    },
    "C:\\Users\\anksaini1\\Documents\\projects\\atomic-react-components\\lib\\components\\molecules\\Form\\FieldCheckbox\\index.js": {
      "path": "C:\\Users\\anksaini1\\Documents\\projects\\atomic-react-components\\lib\\components\\molecules\\Form\\FieldCheckbox\\index.js",
      "statementMap": {},
      "fnMap": {},
      "branchMap": {},
      "s": {},
      "f": {},
      "b": {},
      "_coverageSchema": "43e27e138ebf9cfc5966b082cf9a028302ed4184",
      "hash": "5d78a81764a84050c21340a3d2421708b07a5e6b"
    },
    "C:\\Users\\anksaini1\\Documents\\projects\\atomic-react-components\\lib\\components\\molecules\\Form\\FieldCheckbox\\FieldCheckbox.js": {
      "path": "C:\\Users\\anksaini1\\Documents\\projects\\atomic-react-components\\lib\\components\\molecules\\Form\\FieldCheckbox\\FieldCheckbox.js",
      "statementMap": {
        "0": { "start": { "line": 17, "column": 22 }, "end": { "line": 38, "column": 1 } },
        "1": { "start": { "line": 18, "column": 2 }, "end": { "line": 37, "column": 8 } },
        "2": { "start": { "line": 21, "column": 33 }, "end": { "line": 21, "column": 37 } },
        "3": { "start": { "line": 22, "column": 8 }, "end": { "line": 33, "column": 10 } },
        "4": { "start": { "line": 29, "column": 14 }, "end": { "line": 29, "column": 30 } },
        "5": { "start": { "line": 30, "column": 14 }, "end": { "line": 30, "column": 68 } },
        "6": { "start": { "line": 30, "column": 50 }, "end": { "line": 30, "column": 68 } },
        "7": { "start": { "line": 40, "column": 0 }, "end": { "line": 44, "column": 2 } }
      },
      "fnMap": {
        "0": {
          "name": "(anonymous_0)",
          "decl": { "start": { "line": 17, "column": 22 }, "end": { "line": 17, "column": 23 } },
          "loc": { "start": { "line": 18, "column": 2 }, "end": { "line": 37, "column": 8 } },
          "line": 18
        },
        "1": {
          "name": "(anonymous_1)",
          "decl": { "start": { "line": 20, "column": 7 }, "end": { "line": 20, "column": 8 } },
          "loc": { "start": { "line": 20, "column": 28 }, "end": { "line": 34, "column": 7 } },
          "line": 20
        },
        "2": {
          "name": "(anonymous_2)",
[...]
      "path": "C:\\Users\\anksaini1\\Documents\\projects\\atomic-react-components\\lib\\components\\atoms\\Video\\Video.js",
      "statementMap": {
        "0": { "start": { "line": 17, "column": 14 }, "end": { "line": 49, "column": 1 } },
        "1": { "start": { "line": 32, "column": 2 }, "end": { "line": 48, "column": 4 } },
        "2": { "start": { "line": 51, "column": 0 }, "end": { "line": 61, "column": 2 } },
        "3": { "start": { "line": 63, "column": 0 }, "end": { "line": 63, "column": 20 } },
        "4": { "start": { "line": 64, "column": 0 }, "end": { "line": 64, "column": 34 } }
      },
      "fnMap": {
        "0": {
          "name": "(anonymous_0)",
          "decl": { "start": { "line": 17, "column": 14 }, "end": { "line": 17, "column": 15 } },
          "loc": { "start": { "line": 31, "column": 19 }, "end": { "line": 49, "column": 1 } },
          "line": 31
        }
      },
      "branchMap": {
        "0": {
          "loc": { "start": { "line": 46, "column": 7 }, "end": { "line": 46, "column": 69 } },
          "type": "cond-expr",
          "locations": [
            { "start": { "line": 46, "column": 29 }, "end": { "line": 46, "column": 37 } },
            { "start": { "line": 46, "column": 40 }, "end": { "line": 46, "column": 69 } }
          ],
          "line": 46
        }
      },
      "s": { "0": 0, "1": 0, "2": 0, "3": 0, "4": 0 },
      "f": { "0": 0 },
      "b": { "0": [0, 0] },
      "hash": "ad00dca07fb7ced4636a2605102a119117c865e8"
    },
    "C:\\Users\\anksaini1\\Documents\\projects\\atomic-react-components\\lib\\components\\molecules\\Breadcrumb\\types\\index.js": {
      "path": "C:\\Users\\anksaini1\\Documents\\projects\\atomic-react-components\\lib\\components\\molecules\\Breadcrumb\\types\\index.js",
      "statementMap": {},
      "fnMap": {},
      "branchMap": {},
      "s": {},
      "f": {},
      "b": {},
      "hash": "e38a7ce0416efe02e10ebf1fc7427907bedbb3bb"
    },
    "C:\\Users\\anksaini1\\Documents\\projects\\atomic-react-components\\lib\\components\\molecules\\CookieDisclaimer\\types\\index.js": {
      "path": "C:\\Users\\anksaini1\\Documents\\projects\\atomic-react-components\\lib\\components\\molecules\\CookieDisclaimer\\types\\index.js",
      "statementMap": {},
      "fnMap": {},
      "branchMap": {},
      "s": {},
      "f": {},
      "b": {},
      "hash": "1850244848d3d174e1d755124186e1c764bb762a"
    },
    "C:\\Users\\anksaini1\\Documents\\projects\\atomic-react-components\\lib\\components\\molecules\\Blockquote\\types\\index.js": {
      "path": "C:\\Users\\anksaini1\\Documents\\projects\\atomic-react-components\\lib\\components\\molecules\\Blockquote\\types\\index.js",
      "statementMap": {},
      "fnMap": {},
      "branchMap": {},
      "s": {},
      "f": {},
      "b": {},
      "hash": "7e371b8bdfe8597cfa2185c7737e142c0437130d"
    },
    "C:\\Users\\anksaini1\\Documents\\projects\\atomic-react-components\\lib\\components\\molecules\\QuoteMedia\\types\\index.js": {
      "path": "C:\\Users\\anksaini1\\Documents\\projects\\atomic-react-components\\lib\\components\\molecules\\QuoteMedia\\types\\index.js",
      "statementMap": {},
      "fnMap": {},
      "branchMap": {},
      "s": {},
      "f": {},
      "b": {},
      "hash": "848cd169372e2d992b3e92f25600a8085392d5a0"
    },
    "C:\\Users\\anksaini1\\Documents\\projects\\atomic-react-components\\lib\\components\\molecules\\Carousel\\types\\index.js": {
      "path": "C:\\Users\\anksaini1\\Documents\\projects\\atomic-react-components\\lib\\components\\molecules\\Carousel\\types\\index.js",
      "statementMap": {},
      "fnMap": {},
      "branchMap": {},
      "s": {},
      "f": {},
      "b": {},
      "hash": "c421342a2987df8c4c1aba4d9dbebc5e2181c431"
    },
    "C:\\Users\\anksaini1\\Documents\\projects\\atomic-react-components\\lib\\components\\molecules\\Pagination\\types\\index.js": {
      "path": "C:\\Users\\anksaini1\\Documents\\projects\\atomic-react-components\\lib\\components\\molecules\\Pagination\\types\\index.js",
      "statementMap": {},
      "fnMap": {},
      "branchMap": {},
      "s": {},
      "f": {},
      "b": {},
      "hash": "065015debc257e6435d3123b0b755d82aff929fe"
    },
    "C:\\Users\\anksaini1\\Documents\\projects\\atomic-react-components\\lib\\components\\molecules\\HeroBanner\\types\\index.js": {
      "path": "C:\\Users\\anksaini1\\Documents\\projects\\atomic-react-components\\lib\\components\\molecules\\HeroBanner\\types\\index.js",
      "statementMap": {},
      "fnMap": {},
      "branchMap": {},
      "s": {},
      "f": {},
      "b": {},
      "hash": "b499499efe14744ecce0136b7fe60c41d4966b4b"
    },
    "C:\\Users\\anksaini1\\Documents\\projects\\atomic-react-components\\lib\\components\\molecules\\Popover\\types\\index.js": {
      "path": "C:\\Users\\anksaini1\\Documents\\projects\\atomic-react-components\\lib\\components\\molecules\\Popover\\types\\index.js",
      "statementMap": {},
      "fnMap": {},
      "branchMap": {},
      "s": {},
      "f": {},
      "b": {},
      "hash": "812f7537780524878ff4b2d962fbbed653eb2215"
    },
    "C:\\Users\\anksaini1\\Documents\\projects\\atomic-react-components\\lib\\components\\molecules\\ProgressIndicator\\types\\index.js": {
      "path": "C:\\Users\\anksaini1\\Documents\\projects\\atomic-react-components\\lib\\components\\molecules\\ProgressIndicator\\types\\index.js",
      "statementMap": {},
      "fnMap": {},
      "branchMap": {},
      "s": {},
      "f": {},
      "b": {},
      "hash": "c2ca80bf2e8b2b374cdeb95af190b19cc9e4b5c6"
    },
    "C:\\Users\\anksaini1\\Documents\\projects\\atomic-react-components\\lib\\components\\molecules\\Skeleton\\types\\index.js": {
      "path": "C:\\Users\\anksaini1\\Documents\\projects\\atomic-react-components\\lib\\components\\molecules\\Skeleton\\types\\index.js",
      "statementMap": {},
      "fnMap": {},
      "branchMap": {},
      "s": {},
      "f": {},
      "b": {},
      "hash": "d719fb7d22fd1997334fa0af4c61128a9c308560"
    },
    "C:\\Users\\anksaini1\\Documents\\projects\\atomic-react-components\\lib\\components\\molecules\\Toast\\types\\index.js": {
      "path": "C:\\Users\\anksaini1\\Documents\\projects\\atomic-react-components\\lib\\components\\molecules\\Toast\\types\\index.js",
      "statementMap": {},
      "fnMap": {},
      "branchMap": {},
      "s": {},
      "f": {},
      "b": {},
      "hash": "753be7682c7375eb0757029cee04a797cf5d04db"
    },
    "C:\\Users\\anksaini1\\Documents\\projects\\atomic-react-components\\lib\\components\\molecules\\Table\\types\\index.js": {
      "path": "C:\\Users\\anksaini1\\Documents\\projects\\atomic-react-components\\lib\\components\\molecules\\Table\\types\\index.js",
      "statementMap": {},
      "fnMap": {},
      "branchMap": {},
      "s": {},
      "f": {},
      "b": {},
      "hash": "af7522e7836c74e9ebc10cb88d5de43db7af5729"
    },
    "C:\\Users\\anksaini1\\Documents\\projects\\atomic-react-components\\lib\\components\\molecules\\StickyBar\\types\\index.js": {
      "path": "C:\\Users\\anksaini1\\Documents\\projects\\atomic-react-components\\lib\\components\\molecules\\StickyBar\\types\\index.js",
      "statementMap": {},
      "fnMap": {},
      "branchMap": {},
      "s": {},
      "f": {},
      "b": {},
      "hash": "74e22c73ac620f3c7bf2dc15131d56a83a99c300"
    },
    "C:\\Users\\anksaini1\\Documents\\projects\\atomic-react-components\\lib\\components\\molecules\\Tabs\\TabPanel\\TabPanel.js": {
      "path": "C:\\Users\\anksaini1\\Documents\\projects\\atomic-react-components\\lib\\components\\molecules\\Tabs\\TabPanel\\TabPanel.js",
      "statementMap": {
        "0": { "start": { "line": 22, "column": 17 }, "end": { "line": 35, "column": 1 } },
        "1": { "start": { "line": 23, "column": 2 }, "end": { "line": 34, "column": 8 } },
        "2": { "start": { "line": 37, "column": 0 }, "end": { "line": 40, "column": 2 } }
      },
      "fnMap": {
        "0": {
          "name": "(anonymous_0)",
          "decl": { "start": { "line": 22, "column": 17 }, "end": { "line": 22, "column": 18 } },
          "loc": { "start": { "line": 23, "column": 2 }, "end": { "line": 34, "column": 8 } },
          "line": 23
        }
      },
      "branchMap": {},
      "s": { "0": 0, "1": 0, "2": 0 },
      "f": { "0": 0 },
      "b": {},
      "hash": "a5f44eb0478720b5b50eda58ebe060afc3773cc5"
    },
    "C:\\Users\\anksaini1\\Documents\\projects\\atomic-react-components\\lib\\components\\molecules\\Tabs\\TabPanel\\index.js": {
      "path": "C:\\Users\\anksaini1\\Documents\\projects\\atomic-react-components\\lib\\components\\molecules\\Tabs\\TabPanel\\index.js",
      "statementMap": {},
      "fnMap": {},
      "branchMap": {},
      "s": {},
      "f": {},
      "b": {},
      "hash": "8b69254b093a0c16689db77371a72b70b2d9332c"
    },
    "C:\\Users\\anksaini1\\Documents\\projects\\atomic-react-components\\lib\\components\\molecules\\Tabs\\types\\index.js": {
      "path": "C:\\Users\\anksaini1\\Documents\\projects\\atomic-react-components\\lib\\components\\molecules\\Tabs\\types\\index.js",
      "statementMap": {},
      "fnMap": {},
      "branchMap": {},
      "s": {},
      "f": {},
      "b": {},
      "hash": "fd4b1f44b664220c0e7a3ab39db2dc99c77260e0"
    },
    "C:\\Users\\anksaini1\\Documents\\projects\\atomic-react-components\\lib\\components\\molecules\\Tabs\\TabPanel\\TabPanel.style.js": {
      "path": "C:\\Users\\anksaini1\\Documents\\projects\\atomic-react-components\\lib\\components\\molecules\\Tabs\\TabPanel\\TabPanel.style.js",
      "statementMap": {
        "0": { "start": { "line": 6, "column": 14 }, "end": { "line": 6, "column": 55 } },
        "1": { "start": { "line": 7, "column": 14 }, "end": { "line": 7, "column": 64 } }
      },
      "fnMap": {
        "0": {
          "name": "(anonymous_0)",
          "decl": { "start": { "line": 6, "column": 4 }, "end": { "line": 6, "column": 5 } },
          "loc": { "start": { "line": 6, "column": 14 }, "end": { "line": 6, "column": 55 } },
          "line": 6
        },
        "1": {
          "name": "(anonymous_1)",
          "decl": { "start": { "line": 7, "column": 4 }, "end": { "line": 7, "column": 5 } },
          "loc": { "start": { "line": 7, "column": 14 }, "end": { "line": 7, "column": 64 } },
          "line": 7
        }
      },
      "branchMap": {
        "0": {
          "loc": { "start": { "line": 6, "column": 14 }, "end": { "line": 6, "column": 55 } },
          "type": "cond-expr",
          "locations": [
            { "start": { "line": 6, "column": 33 }, "end": { "line": 6, "column": 50 } },
            { "start": { "line": 6, "column": 53 }, "end": { "line": 6, "column": 55 } }
          ],
          "line": 6
        },
        "1": {
          "loc": { "start": { "line": 7, "column": 14 }, "end": { "line": 7, "column": 64 } },
          "type": "cond-expr",
          "locations": [
            { "start": { "line": 7, "column": 38 }, "end": { "line": 7, "column": 59 } },
            { "start": { "line": 7, "column": 62 }, "end": { "line": 7, "column": 64 } }
          ],
          "line": 7
        }
      },
      "s": { "0": 0, "1": 0 },
      "f": { "0": 0, "1": 0 },
      "b": { "0": [0, 0], "1": [0, 0] },
      "hash": "72ddd8d679afd5b94e66d1a4703b8b39893a0477"
    },
    "C:\\Users\\anksaini1\\Documents\\projects\\atomic-react-components\\lib\\components\\molecules\\Tabs\\Tab\\index.js": {
      "path": "C:\\Users\\anksaini1\\Documents\\projects\\atomic-react-components\\lib\\components\\molecules\\Tabs\\Tab\\index.js",
      "statementMap": {},
      "fnMap": {},
      "branchMap": {},
      "s": {},
      "f": {},
      "b": {},
      "hash": "84543d008e239516155278b22cb592ad69a3b836"
    },
    "C:\\Users\\anksaini1\\Documents\\projects\\atomic-react-components\\lib\\components\\atoms\\Icon\\types\\index.js": {
      "path": "C:\\Users\\anksaini1\\Documents\\projects\\atomic-react-components\\lib\\components\\atoms\\Icon\\types\\index.js",
      "statementMap": {},
      "fnMap": {},
      "branchMap": {},
      "s": {},
      "f": {},
      "b": {},
      "hash": "01845f3a3cd0662fd1623d8c4ae3cede3fb1b795"
    },
    "C:\\Users\\anksaini1\\Documents\\projects\\atomic-react-components\\lib\\components\\molecules\\Typeahead\\types\\index.js": {
      "path": "C:\\Users\\anksaini1\\Documents\\projects\\atomic-react-components\\lib\\components\\molecules\\Typeahead\\types\\index.js",
      "statementMap": {},
      "fnMap": {},
      "branchMap": {},
      "s": {},
      "f": {},
      "b": {},
      "hash": "1d01876a1fcefb8f475484517a3ec54909be4409"
    },
    "C:\\Users\\anksaini1\\Documents\\projects\\atomic-react-components\\lib\\components\\molecules\\Tabs\\Tab\\Tab.style.js": {
      "path": "C:\\Users\\anksaini1\\Documents\\projects\\atomic-react-components\\lib\\components\\molecules\\Tabs\\Tab\\Tab.style.js",
      "statementMap": {
        "0": { "start": { "line": 5, "column": 31 }, "end": { "line": 5, "column": 63 } },
        "1": { "start": { "line": 6, "column": 14 }, "end": { "line": 6, "column": 97 } },
        "2": { "start": { "line": 7, "column": 14 }, "end": { "line": 7, "column": 64 } }
      },
      "fnMap": {
        "0": {
          "name": "(anonymous_0)",
          "decl": { "start": { "line": 5, "column": 22 }, "end": { "line": 5, "column": 23 } },
          "loc": { "start": { "line": 5, "column": 31 }, "end": { "line": 5, "column": 63 } },
          "line": 5
        },
        "1": {
          "name": "(anonymous_1)",
          "decl": { "start": { "line": 6, "column": 4 }, "end": { "line": 6, "column": 5 } },
          "loc": { "start": { "line": 6, "column": 14 }, "end": { "line": 6, "column": 97 } },
          "line": 6
        },
        "2": {
          "name": "(anonymous_2)",
          "decl": { "start": { "line": 7, "column": 4 }, "end": { "line": 7, "column": 5 } },
          "loc": { "start": { "line": 7, "column": 14 }, "end": { "line": 7, "column": 64 } },
          "line": 7
        }
      },
      "branchMap": {
        "0": {
          "loc": { "start": { "line": 6, "column": 14 }, "end": { "line": 6, "column": 97 } },
          "type": "cond-expr",
          "locations": [
            { "start": { "line": 6, "column": 33 }, "end": { "line": 6, "column": 92 } },
            { "start": { "line": 6, "column": 95 }, "end": { "line": 6, "column": 97 } }
          ],
          "line": 6
        },
        "1": {
          "loc": { "start": { "line": 7, "column": 14 }, "end": { "line": 7, "column": 64 } },
          "type": "cond-expr",
          "locations": [
            { "start": { "line": 7, "column": 38 }, "end": { "line": 7, "column": 59 } },
            { "start": { "line": 7, "column": 62 }, "end": { "line": 7, "column": 64 } }
          ],
          "line": 7
        }
      },
      "s": { "0": 0, "1": 0, "2": 0 },
      "f": { "0": 0, "1": 0, "2": 0 },
      "b": { "0": [0, 0], "1": [0, 0] },
      "hash": "58076fdbf9c9442cd7ce8d55c10316b43bd887e9"
    },
    "C:\\Users\\anksaini1\\Documents\\projects\\atomic-react-components\\lib\\components\\molecules\\Tabs\\Tab\\Tab.js": {
      "path": "C:\\Users\\anksaini1\\Documents\\projects\\atomic-react-components\\lib\\components\\molecules\\Tabs\\Tab\\Tab.js",
      "statementMap": {
        "0": { "start": { "line": 25, "column": 12 }, "end": { "line": 51, "column": 1 } },
        "1": { "start": { "line": 36, "column": 2 }, "end": { "line": 50, "column": 7 } },
        "2": { "start": { "line": 42, "column": 18 }, "end": { "line": 42, "column": 35 } },
        "3": { "start": { "line": 43, "column": 20 }, "end": { "line": 43, "column": 32 } },
        "4": { "start": { "line": 53, "column": 0 }, "end": { "line": 56, "column": 2 } }
      },
      "fnMap": {
        "0": {
          "name": "(anonymous_0)",
          "decl": { "start": { "line": 25, "column": 12 }, "end": { "line": 25, "column": 13 } },
          "loc": { "start": { "line": 36, "column": 2 }, "end": { "line": 50, "column": 7 } },
          "line": 36
        },
        "1": {
          "name": "(anonymous_1)",
          "decl": { "start": { "line": 42, "column": 13 }, "end": { "line": 42, "column": 14 } },
          "loc": { "start": { "line": 42, "column": 18 }, "end": { "line": 42, "column": 35 } },
          "line": 42
        },
        "2": {
          "name": "(anonymous_2)",
          "decl": { "start": { "line": 43, "column": 15 }, "end": { "line": 43, "column": 16 } },
          "loc": { "start": { "line": 43, "column": 20 }, "end": { "line": 43, "column": 32 } },
          "line": 43
        }
      },
      "branchMap": {
        "0": {
          "loc": { "start": { "line": 44, "column": 14 }, "end": { "line": 44, "column": 33 } },
          "type": "cond-expr",
          "locations": [
            { "start": { "line": 44, "column": 27 }, "end": { "line": 44, "column": 28 } },
            { "start": { "line": 44, "column": 31 }, "end": { "line": 44, "column": 33 } }
          ],
          "line": 44
        }
      },
      "s": { "0": 0, "1": 0, "2": 0, "3": 0, "4": 0 },
      "f": { "0": 0, "1": 0, "2": 0 },
      "b": { "0": [0, 0] },
      "hash": "4fcdfaa486aee32681dab54087f5830856b9a327"
    },
    "C:\\Users\\anksaini1\\Documents\\projects\\atomic-react-components\\lib\\components\\atoms\\Video\\types\\index.js": {
      "path": "C:\\Users\\anksaini1\\Documents\\projects\\atomic-react-components\\lib\\components\\atoms\\Video\\types\\index.js",
      "statementMap": {},
      "fnMap": {},
      "branchMap": {},
      "s": {},
      "f": {},
      "b": {},
      "hash": "e324c799450d177e3b8d7c6c8d2fd4c3498ea2d9"
    },
    "C:\\Users\\anksaini1\\Documents\\projects\\atomic-react-components\\lib\\components\\molecules\\Form\\FieldToggle\\types\\index.js": {
      "path": "C:\\Users\\anksaini1\\Documents\\projects\\atomic-react-components\\lib\\components\\molecules\\Form\\FieldToggle\\types\\index.js",
      "statementMap": {},
      "fnMap": {},
      "branchMap": {},
      "s": {},
      "f": {},
      "b": {},
      "hash": "703045f8a4d992a2da8d8291a44d850e4f6e872c"
    },
    "C:\\Users\\anksaini1\\Documents\\projects\\atomic-react-components\\lib\\components\\atoms\\Tag\\types\\index.js": {
      "path": "C:\\Users\\anksaini1\\Documents\\projects\\atomic-react-components\\lib\\components\\atoms\\Tag\\types\\index.js",
      "statementMap": {},
      "fnMap": {},
      "branchMap": {},
      "s": {},
      "f": {},
      "b": {},
      "hash": "ac9e6db6d75fbb629a2d187c19158350ac586ec6"
    },
    "C:\\Users\\anksaini1\\Documents\\projects\\atomic-react-components\\lib\\components\\atoms\\Track\\types\\index.js": {
      "path": "C:\\Users\\anksaini1\\Documents\\projects\\atomic-react-components\\lib\\components\\atoms\\Track\\types\\index.js",
      "statementMap": {},
      "fnMap": {},
      "branchMap": {},
      "s": {},
      "f": {},
      "b": {},
      "hash": "835f5b6327e95300f771d43dc6d9617339c94cba"
    },
    "C:\\Users\\anksaini1\\Documents\\projects\\atomic-react-components\\lib\\components\\molecules\\Form\\FieldFileInput\\types\\index.js": {
      "path": "C:\\Users\\anksaini1\\Documents\\projects\\atomic-react-components\\lib\\components\\molecules\\Form\\FieldFileInput\\types\\index.js",
      "statementMap": {},
      "fnMap": {},
      "branchMap": {},
      "s": {},
      "f": {},
      "b": {},
      "hash": "2158bcb74fd72faf64448beb78848d7c1629be3d"
    },
    "C:\\Users\\anksaini1\\Documents\\projects\\atomic-react-components\\lib\\components\\molecules\\Form\\DragDropInput\\types\\index.js": {
      "path": "C:\\Users\\anksaini1\\Documents\\projects\\atomic-react-components\\lib\\components\\molecules\\Form\\DragDropInput\\types\\index.js",
      "statementMap": {},
      "fnMap": {},
      "branchMap": {},
      "s": {},
      "f": {},
      "b": {},
      "hash": "fe32e3990be1a585888f1b7985241d1898bb9b8c"
    }
  }
}
