{
  "numFailedTestSuites": 0,
  "numFailedTests": 0,
  "numPassedTestSuites": 34,
  "numPassedTests": 75,
  "numPendingTestSuites": 0,
  "numPendingTests": 0,
  "numRuntimeErrorTestSuites": 0,
  "numTodoTests": 0,
  "numTotalTestSuites": 34,
  "numTotalTests": 75,
  "openHandles": [],
  "snapshot": {
    "added": 0,
    "didUpdate": false,
    "failure": false,
    "filesAdded": 0,
    "filesRemoved": 0,
    "filesRemovedList": [],
    "filesUnmatched": 0,
    "filesUpdated": 0,
    "matched": 42,
    "total": 42,
    "unchecked": 0,
    "uncheckedKeysByFile": [],
    "unmatched": 0,
    "updated": 0
  },
  "startTime": 1575999126946,
  "success": true,
  "testResults": [
    {
      "assertionResults": [
        {
          "ancestorTitles": ["Button Component"],
          "failureMessages": [],
          "fullName": "Button Component should render correctly",
          "location": null,
          "status": "passed",
          "title": "should render correctly"
        },
        {
          "ancestorTitles": ["Button Component"],
          "failureMessages": [],
          "fullName": "Button Component should render disabled",
          "location": null,
          "status": "passed",
          "title": "should render disabled"
        },
        {
          "ancestorTitles": ["Button Component"],
          "failureMessages": [],
          "fullName": "Button Component should render title element",
          "location": null,
          "status": "passed",
          "title": "should render title element"
        },
        {
          "ancestorTitles": ["Button Component"],
          "failureMessages": [],
          "fullName": "Button Component should render aria attribute element",
          "location": null,
          "status": "passed",
          "title": "should render aria attribute element"
        },
        {
          "ancestorTitles": ["Button Component"],
          "failureMessages": [],
          "fullName": "Button Component should check the data attribute of button",
          "location": null,
          "status": "passed",
          "title": "should check the data attribute of button"
        }
      ],
      "endTime": 1575999139072,
      "message": "",
      "name": "C:\\Users\\aaspraka\\Desktop\\Project\\atomic-react-components\\lib\\components\\atoms\\Button\\tests\\Button.test.js",
      "startTime": 1575999136993,
      "status": "passed",
      "summary": ""
    },
    {
      "assertionResults": [
        {
          "ancestorTitles": ["InputChoiceVanilla Component"],
          "failureMessages": [],
          "fullName": "InputChoiceVanilla Component should render Radio button correctly",
          "location": null,
          "status": "passed",
          "title": "should render Radio button correctly"
        },
        {
          "ancestorTitles": ["InputChoiceVanilla Component"],
          "failureMessages": [],
          "fullName": "InputChoiceVanilla Component should render checkbox correctly",
          "location": null,
          "status": "passed",
          "title": "should render checkbox correctly"
        },
        {
          "ancestorTitles": ["InputChoiceVanilla Component"],
          "failureMessages": [],
          "fullName": "InputChoiceVanilla Component should render disabled",
          "location": null,
          "status": "passed",
          "title": "should render disabled"
        },
        {
          "ancestorTitles": ["InputChoiceVanilla Component"],
          "failureMessages": [],
          "fullName": "InputChoiceVanilla Component should render checked",
          "location": null,
          "status": "passed",
          "title": "should render checked"
        }
      ],
      "endTime": 1575999139073,
      "message": "",
      "name": "C:\\Users\\aaspraka\\Desktop\\Project\\atomic-react-components\\lib\\components\\molecules\\InputChoice\\tests\\InputChoice.test.js",
      "startTime": 1575999136963,
      "status": "passed",
      "summary": ""
    },
    {
      "assertionResults": [
        {
          "ancestorTitles": ["<StickyBar />"],
          "failureMessages": [],
          "fullName": "<StickyBar /> should render the List Component",
          "location": null,
          "status": "passed",
          "title": "should render the List Component"
        },
        {
          "ancestorTitles": ["<StickyBar />"],
          "failureMessages": [],
          "fullName": "<StickyBar /> should render correctly",
          "location": null,
          "status": "passed",
          "title": "should render correctly"
        }
      ],
      "endTime": 1575999139116,
      "message": "",
      "name": "C:\\Users\\aaspraka\\Desktop\\Project\\atomic-react-components\\lib\\components\\molecules\\StickyBar\\tests\\StickyBar.test.js",
      "startTime": 1575999137069,
      "status": "passed",
      "summary": ""
    },
    {
      "assertionResults": [
        {
          "ancestorTitles": ["Image Component"],
          "failureMessages": [],
          "fullName": "Image Component should render correctly and match snapshots",
          "location": null,
          "status": "passed",
          "title": "should render correctly and match snapshots"
        },
        {
          "ancestorTitles": ["Image Component"],
          "failureMessages": [],
          "fullName": "Image Component should change image src on error",
          "location": null,
          "status": "passed",
          "title": "should change image src on error"
        },
        {
          "ancestorTitles": ["Image Component"],
          "failureMessages": [],
          "fullName": "Image Component should check the data attribute of image",
          "location": null,
          "status": "passed",
          "title": "should check the data attribute of image"
        },
        {
          "ancestorTitles": ["Image Component"],
          "failureMessages": [],
          "fullName": "Image Component should check the default locator of image",
          "location": null,
          "status": "passed",
          "title": "should check the default locator of image"
        }
      ],
      "endTime": 1575999139149,
      "message": "",
      "name": "C:\\Users\\aaspraka\\Desktop\\Project\\atomic-react-components\\lib\\components\\atoms\\Image\\tests\\Image.test.js",
      "startTime": 1575999137084,
      "status": "passed",
      "summary": ""
    },
    {
      "assertionResults": [
        {
          "ancestorTitles": ["<Tabs />"],
          "failureMessages": [],
          "fullName": "<Tabs /> should render correctly",
          "location": null,
          "status": "passed",
          "title": "should render correctly"
        },
        {
          "ancestorTitles": ["<Tabs /> functional behavior"],
          "failureMessages": [],
          "fullName": "<Tabs /> functional behavior should have minimum dom structure for the tests below",
          "location": null,
          "status": "passed",
          "title": "should have minimum dom structure for the tests below"
        },
        {
          "ancestorTitles": ["<Tabs /> functional behavior"],
          "failureMessages": [],
          "fullName": "<Tabs /> functional behavior should change the tab panel and execute callback on closed tab click",
          "location": null,
          "status": "passed",
          "title": "should change the tab panel and execute callback on closed tab click"
        }
      ],
      "endTime": 1575999139298,
      "message": "",
      "name": "C:\\Users\\aaspraka\\Desktop\\Project\\atomic-react-components\\lib\\components\\molecules\\Tabs\\tests\\Tabs.test.js",
      "startTime": 1575999136892,
      "status": "passed",
      "summary": ""
    },
    {
      "assertionResults": [
        {
          "ancestorTitles": ["Form Component"],
          "failureMessages": [],
          "fullName": "Form Component should render select tag correctly",
          "location": null,
          "status": "passed",
          "title": "should render select tag correctly"
        },
        {
          "ancestorTitles": ["Form Component"],
          "failureMessages": [],
          "fullName": "Form Component should render input text field",
          "location": null,
          "status": "passed",
          "title": "should render input text field"
        },
        {
          "ancestorTitles": ["Form Component"],
          "failureMessages": [],
          "fullName": "Form Component should render select field",
          "location": null,
          "status": "passed",
          "title": "should render select field"
        },
        {
          "ancestorTitles": ["Form Component"],
          "failureMessages": [],
          "fullName": "Form Component should render input field with yupValidationSchema",
          "location": null,
          "status": "passed",
          "title": "should render input field with yupValidationSchema"
        },
        {
          "ancestorTitles": ["Form Component"],
          "failureMessages": [],
          "fullName": "Form Component should render input field with no validation",
          "location": null,
          "status": "passed",
          "title": "should render input field with no validation"
        },
        {
          "ancestorTitles": ["Form Component"],
          "failureMessages": [],
          "fullName": "Form Component getSchema should return null if no params are passed",
          "location": null,
          "status": "passed",
          "title": "getSchema should return null if no params are passed"
        }
      ],
      "endTime": 1575999139918,
      "message": "",
      "name": "C:\\Users\\aaspraka\\Desktop\\Project\\atomic-react-components\\lib\\components\\molecules\\Form\\tests\\Form.test.js",
      "startTime": 1575999136958,
      "status": "passed",
      "summary": ""
    },
    {
      "assertionResults": [
        {
          "ancestorTitles": ["FieldInput Component"],
          "failureMessages": [],
          "fullName": "FieldInput Component should render correctly",
          "location": null,
          "status": "passed",
          "title": "should render correctly"
        },
        {
          "ancestorTitles": ["FieldInput Component"],
          "failureMessages": [],
          "fullName": "FieldInput Component should render label correctly",
          "location": null,
          "status": "passed",
          "title": "should render label correctly"
        },
        {
          "ancestorTitles": ["FieldInput Component"],
          "failureMessages": [],
          "fullName": "FieldInput Component should render Input component with proper type",
          "location": null,
          "status": "passed",
          "title": "should render Input component with proper type"
        }
      ],
      "endTime": 1575999140574,
      "message": "",
      "name": "C:\\Users\\aaspraka\\Desktop\\Project\\atomic-react-components\\lib\\components\\molecules\\Form\\FieldInput\\tests\\FieldInput.test.js",
      "startTime": 1575999139801,
      "status": "passed",
      "summary": ""
    },
    {
      "assertionResults": [
        {
          "ancestorTitles": ["Input Styled component"],
          "failureMessages": [],
          "fullName": "Input Styled component should render correctly",
          "location": null,
          "status": "passed",
          "title": "should render correctly"
        }
      ],
      "endTime": 1575999140600,
      "message": "",
      "name": "C:\\Users\\aaspraka\\Desktop\\Project\\atomic-react-components\\lib\\components\\atoms\\Input\\tests\\Input.style.test.js",
      "startTime": 1575999139966,
      "status": "passed",
      "summary": ""
    },
    {
      "assertionResults": [
        {
          "ancestorTitles": ["InputChoice"],
          "failureMessages": [],
          "fullName": "InputChoice should render radio correctly",
          "location": null,
          "status": "passed",
          "title": "should render radio correctly"
        },
        {
          "ancestorTitles": ["InputChoice"],
          "failureMessages": [],
          "fullName": "InputChoice should render checkbox correctly",
          "location": null,
          "status": "passed",
          "title": "should render checkbox correctly"
        }
      ],
      "endTime": 1575999140838,
      "message": "",
      "name": "C:\\Users\\aaspraka\\Desktop\\Project\\atomic-react-components\\lib\\components\\molecules\\InputChoice\\tests\\InputChoice.style.test.js",
      "startTime": 1575999140096,
      "status": "passed",
      "summary": ""
    },
    {
      "assertionResults": [
        {
          "ancestorTitles": ["FieldTextarea"],
          "failureMessages": [],
          "fullName": "FieldTextarea should render correctly",
          "location": null,
          "status": "passed",
          "title": "should render correctly"
        }
      ],
      "endTime": 1575999140987,
      "message": "",
      "name": "C:\\Users\\aaspraka\\Desktop\\Project\\atomic-react-components\\lib\\components\\molecules\\Form\\FieldTextarea\\tests\\FieldTextarea.style.test.js",
      "startTime": 1575999140132,
      "status": "passed",
      "summary": ""
    },
    {
      "assertionResults": [
        {
          "ancestorTitles": ["FieldInput"],
          "failureMessages": [],
          "fullName": "FieldInput should render correctly",
          "location": null,
          "status": "passed",
          "title": "should render correctly"
        }
      ],
      "endTime": 1575999141539,
      "message": "",
      "name": "C:\\Users\\aaspraka\\Desktop\\Project\\atomic-react-components\\lib\\components\\molecules\\Form\\FieldInput\\tests\\FieldInput.style.test.js",
      "startTime": 1575999140752,
      "status": "passed",
      "summary": ""
    },
    {
      "assertionResults": [
        {
          "ancestorTitles": ["FieldTextarea Component"],
          "failureMessages": [],
          "fullName": "FieldTextarea Component should render correctly",
          "location": null,
          "status": "passed",
          "title": "should render correctly"
        },
        {
          "ancestorTitles": ["FieldTextarea Component"],
          "failureMessages": [],
          "fullName": "FieldTextarea Component should render label correctly",
          "location": null,
          "status": "passed",
          "title": "should render label correctly"
        },
        {
          "ancestorTitles": ["FieldTextarea Component"],
          "failureMessages": [],
          "fullName": "FieldTextarea Component should render textarea tag",
          "location": null,
          "status": "passed",
          "title": "should render textarea tag"
        }
      ],
      "endTime": 1575999141554,
      "message": "",
      "name": "C:\\Users\\aaspraka\\Desktop\\Project\\atomic-react-components\\lib\\components\\molecules\\Form\\FieldTextarea\\tests\\FieldTextarea.test.js",
      "startTime": 1575999141007,
      "status": "passed",
      "summary": ""
    },
    {
      "assertionResults": [
        {
          "ancestorTitles": ["Select Styled component"],
          "failureMessages": [],
          "fullName": "Select Styled component should render correctly",
          "location": null,
          "status": "passed",
          "title": "should render correctly"
        }
      ],
      "endTime": 1575999141952,
      "message": "",
      "name": "C:\\Users\\aaspraka\\Desktop\\Project\\atomic-react-components\\lib\\components\\atoms\\Textarea\\tests\\Textarea.style.test.js",
      "startTime": 1575999141344,
      "status": "passed",
      "summary": ""
    },
    {
      "assertionResults": [
        {
          "ancestorTitles": ["FieldSelect"],
          "failureMessages": [],
          "fullName": "FieldSelect should render correctly",
          "location": null,
          "status": "passed",
          "title": "should render correctly"
        }
      ],
      "endTime": 1575999142114,
      "message": "",
      "name": "C:\\Users\\aaspraka\\Desktop\\Project\\atomic-react-components\\lib\\components\\molecules\\Form\\FieldSelect\\tests\\FieldSelect.style.test.js",
      "startTime": 1575999141386,
      "status": "passed",
      "summary": ""
    },
    {
      "assertionResults": [
        {
          "ancestorTitles": ["<Popover /> Rendering"],
          "failureMessages": [],
          "fullName": "<Popover /> Rendering should render correctly",
          "location": null,
          "status": "passed",
          "title": "should render correctly"
        },
        {
          "ancestorTitles": ["Popover functional behavior"],
          "failureMessages": [],
          "fullName": "Popover functional behavior Should have Close Button By Default and can be closed",
          "location": null,
          "status": "passed",
          "title": "Should have Close Button By Default and can be closed"
        },
        {
          "ancestorTitles": ["Popover functional behavior"],
          "failureMessages": [],
          "fullName": "Popover functional behavior Should open By Default when isVisible set to true",
          "location": null,
          "status": "passed",
          "title": "Should open By Default when isVisible set to true"
        },
        {
          "ancestorTitles": ["Popover functional behavior"],
          "failureMessages": [],
          "fullName": "Popover functional behavior Should open and close on Trigger and X button click",
          "location": null,
          "status": "passed",
          "title": "Should open and close on Trigger and X button click"
        }
      ],
      "endTime": 1575999142251,
      "message": "",
      "name": "C:\\Users\\aaspraka\\Desktop\\Project\\atomic-react-components\\lib\\components\\molecules\\Popover\\tests\\Popover.test.js",
      "startTime": 1575999141548,
      "status": "passed",
      "summary": ""
    },
    {
      "assertionResults": [
        {
          "ancestorTitles": ["FieldInput Component"],
          "failureMessages": [],
          "fullName": "FieldInput Component should render correctly",
          "location": null,
          "status": "passed",
          "title": "should render correctly"
        },
        {
          "ancestorTitles": ["FieldInput Component"],
          "failureMessages": [],
          "fullName": "FieldInput Component should render label correctly",
          "location": null,
          "status": "passed",
          "title": "should render label correctly"
        },
        {
          "ancestorTitles": ["FieldInput Component"],
          "failureMessages": [],
          "fullName": "FieldInput Component should render select tag",
          "location": null,
          "status": "passed",
          "title": "should render select tag"
        }
      ],
      "endTime": 1575999142339,
      "message": "",
      "name": "C:\\Users\\aaspraka\\Desktop\\Project\\atomic-react-components\\lib\\components\\molecules\\Form\\FieldSelect\\tests\\FieldSelect.test.js",
      "startTime": 1575999141526,
      "status": "passed",
      "summary": ""
    },
    {
      "assertionResults": [
        {
          "ancestorTitles": ["Select Styled component"],
          "failureMessages": [],
          "fullName": "Select Styled component should render correctly",
          "location": null,
          "status": "passed",
          "title": "should render correctly"
        }
      ],
      "endTime": 1575999142799,
      "message": "",
      "name": "C:\\Users\\aaspraka\\Desktop\\Project\\atomic-react-components\\lib\\components\\atoms\\Select\\tests\\Select.style.test.js",
      "startTime": 1575999142203,
      "status": "passed",
      "summary": ""
    },
    {
      "assertionResults": [
        {
          "ancestorTitles": ["<Breadcrumb />"],
          "failureMessages": [],
          "fullName": "<Breadcrumb /> should render correctly",
          "location": null,
          "status": "passed",
          "title": "should render correctly"
        }
      ],
      "endTime": 1575999142893,
      "message": "",
      "name": "C:\\Users\\aaspraka\\Desktop\\Project\\atomic-react-components\\lib\\components\\molecules\\Breadcrumb\\tests\\Breadcrumb.test.js",
      "startTime": 1575999136849,
      "status": "passed",
      "summary": ""
    },
    {
      "assertionResults": [
        {
          "ancestorTitles": ["Button"],
          "failureMessages": [],
          "fullName": "Button should render correctly",
          "location": null,
          "status": "passed",
          "title": "should render correctly"
        }
      ],
      "endTime": 1575999143080,
      "message": "",
      "name": "C:\\Users\\aaspraka\\Desktop\\Project\\atomic-react-components\\lib\\components\\atoms\\Button\\tests\\Button.style.test.js",
      "startTime": 1575999142470,
      "status": "passed",
      "summary": ""
    },
    {
      "assertionResults": [
        {
          "ancestorTitles": ["<List />"],
          "failureMessages": [],
          "fullName": "<List /> should render default view correctly",
          "location": null,
          "status": "passed",
          "title": "should render default view correctly"
        }
      ],
      "endTime": 1575999143213,
      "message": "",
      "name": "C:\\Users\\aaspraka\\Desktop\\Project\\atomic-react-components\\lib\\components\\molecules\\List\\tests\\List.test.js",
      "startTime": 1575999142683,
      "status": "passed",
      "summary": ""
    },
    {
      "assertionResults": [
        {
          "ancestorTitles": ["Anchor Component"],
          "failureMessages": [],
          "fullName": "Anchor Component should render correctly and match snapshot",
          "location": null,
          "status": "passed",
          "title": "should render correctly and match snapshot"
        },
        {
          "ancestorTitles": ["Anchor Component"],
          "failureMessages": [],
          "fullName": "Anchor Component Should handle on typeahead focuson Events",
          "location": null,
          "status": "passed",
          "title": "Should handle on typeahead focuson Events"
        },
        {
          "ancestorTitles": ["Anchor Component"],
          "failureMessages": [],
          "fullName": "Anchor Component should check the data attribute of anchor",
          "location": null,
          "status": "passed",
          "title": "should check the data attribute of anchor"
        }
      ],
      "endTime": 1575999143358,
      "message": "",
      "name": "C:\\Users\\aaspraka\\Desktop\\Project\\atomic-react-components\\lib\\components\\atoms\\Anchor\\tests\\Anchor.test.js",
      "startTime": 1575999142779,
      "status": "passed",
      "summary": ""
    },
    {
      "assertionResults": [
        {
          "ancestorTitles": ["<Tab />"],
          "failureMessages": [],
          "fullName": "<Tab /> should render correctly",
          "location": null,
          "status": "passed",
          "title": "should render correctly"
        }
      ],
      "endTime": 1575999143457,
      "message": "",
      "name": "C:\\Users\\aaspraka\\Desktop\\Project\\atomic-react-components\\lib\\components\\molecules\\Tabs\\Tab\\tests\\Tab.test.js",
      "startTime": 1575999142919,
      "status": "passed",
      "summary": ""
    },
    {
      "assertionResults": [
        {
          "ancestorTitles": ["<TabPanel />"],
          "failureMessages": [],
          "fullName": "<TabPanel /> should render correctly",
          "location": null,
          "status": "passed",
          "title": "should render correctly"
        }
      ],
      "endTime": 1575999143774,
      "message": "",
      "name": "C:\\Users\\aaspraka\\Desktop\\Project\\atomic-react-components\\lib\\components\\molecules\\Tabs\\TabPanel\\tests\\TabPanel.test.js",
      "startTime": 1575999143285,
      "status": "passed",
      "summary": ""
    },
    {
      "assertionResults": [
        {
          "ancestorTitles": ["<ArticleThumbnail />"],
          "failureMessages": [],
          "fullName": "<ArticleThumbnail /> should render correctly with Readmore",
          "location": null,
          "status": "passed",
          "title": "should render correctly with Readmore"
        },
        {
          "ancestorTitles": ["<ArticleThumbnail />"],
          "failureMessages": [],
          "fullName": "<ArticleThumbnail /> should render correctly with full clickable thumb",
          "location": null,
          "status": "passed",
          "title": "should render correctly with full clickable thumb"
        }
      ],
      "endTime": 1575999143960,
      "message": "",
      "name": "C:\\Users\\aaspraka\\Desktop\\Project\\atomic-react-components\\lib\\components\\molecules\\ArticleThumbnail\\tests\\ArticleThumbnail.test.js",
      "startTime": 1575999143509,
      "status": "passed",
      "summary": ""
    },
    {
      "assertionResults": [
        {
          "ancestorTitles": ["FieldError Component"],
          "failureMessages": [],
          "fullName": "FieldError Component should render correctly",
          "location": null,
          "status": "passed",
          "title": "should render correctly"
        },
        {
          "ancestorTitles": ["FieldError Component"],
          "failureMessages": [],
          "fullName": "FieldError Component should check the element locator of field error",
          "location": null,
          "status": "passed",
          "title": "should check the element locator of field error"
        },
        {
          "ancestorTitles": ["FieldError Component"],
          "failureMessages": [],
          "fullName": "FieldError Component should check the default slnid of field error",
          "location": null,
          "status": "passed",
          "title": "should check the default slnid of field error"
        }
      ],
      "endTime": 1575999144223,
      "message": "",
      "name": "C:\\Users\\aaspraka\\Desktop\\Project\\atomic-react-components\\lib\\components\\atoms\\FieldError\\tests\\FieldError.test.js",
      "startTime": 1575999143632,
      "status": "passed",
      "summary": ""
    },
    {
      "assertionResults": [
        {
          "ancestorTitles": ["Heading Component"],
          "failureMessages": [],
          "fullName": "Heading Component should render correctly and match snapshot",
          "location": null,
          "status": "passed",
          "title": "should render correctly and match snapshot"
        },
        {
          "ancestorTitles": ["Heading Component"],
          "failureMessages": [],
          "fullName": "Heading Component should check the custom locator of heading",
          "location": null,
          "status": "passed",
          "title": "should check the custom locator of heading"
        },
        {
          "ancestorTitles": ["Heading Component"],
          "failureMessages": [],
          "fullName": "Heading Component should check the default locator of heading",
          "location": null,
          "status": "passed",
          "title": "should check the default locator of heading"
        }
      ],
      "endTime": 1575999144247,
      "message": "",
      "name": "C:\\Users\\aaspraka\\Desktop\\Project\\atomic-react-components\\lib\\components\\atoms\\Heading\\tests\\Heading.test.js",
      "startTime": 1575999143772,
      "status": "passed",
      "summary": ""
    },
    {
      "assertionResults": [
        {
          "ancestorTitles": ["Modal Component"],
          "failureMessages": [],
          "fullName": "Modal Component should render Modal correctly",
          "location": null,
          "status": "passed",
          "title": "should render Modal correctly"
        }
      ],
      "endTime": 1575999144260,
      "message": "",
      "name": "C:\\Users\\aaspraka\\Desktop\\Project\\atomic-react-components\\lib\\components\\molecules\\Modal\\tests\\Modal.test.js",
      "startTime": 1575999143721,
      "status": "passed",
      "summary": ""
    },
    {
      "assertionResults": [
        {
          "ancestorTitles": ["Debug"],
          "failureMessages": [],
          "fullName": "Debug should render correctly",
          "location": null,
          "status": "passed",
          "title": "should render correctly"
        }
      ],
      "endTime": 1575999144356,
      "message": "",
      "name": "C:\\Users\\aaspraka\\Desktop\\Project\\atomic-react-components\\lib\\components\\molecules\\Form\\Debug\\tests\\Debug.test.js",
      "startTime": 1575999143922,
      "status": "passed",
      "summary": ""
    },
    {
      "assertionResults": [
        {
          "ancestorTitles": ["Select Component"],
          "failureMessages": [],
          "fullName": "Select Component should render correctly",
          "location": null,
          "status": "passed",
          "title": "should render correctly"
        },
        {
          "ancestorTitles": ["Select Component"],
          "failureMessages": [],
          "fullName": "Select Component should check the data attribute of dropdown/select",
          "location": null,
          "status": "passed",
          "title": "should check the data attribute of dropdown/select"
        }
      ],
      "endTime": 1575999144545,
      "message": "",
      "name": "C:\\Users\\aaspraka\\Desktop\\Project\\atomic-react-components\\lib\\components\\atoms\\Select\\tests\\Select.test.js",
      "startTime": 1575999144044,
      "status": "passed",
      "summary": ""
    },
    {
      "assertionResults": [
        {
          "ancestorTitles": ["Image Component with styles"],
          "failureMessages": [],
          "fullName": "Image Component with styles should render correctly and match snapshots",
          "location": null,
          "status": "passed",
          "title": "should render correctly and match snapshots"
        },
        {
          "ancestorTitles": ["Image Component with styles"],
          "failureMessages": [],
          "fullName": "Image Component with styles should render correctly with lazy load",
          "location": null,
          "status": "passed",
          "title": "should render correctly with lazy load"
        }
      ],
      "endTime": 1575999144811,
      "message": "",
      "name": "C:\\Users\\aaspraka\\Desktop\\Project\\atomic-react-components\\lib\\components\\atoms\\Image\\tests\\Image.style.test.js",
      "startTime": 1575999144381,
      "status": "passed",
      "summary": ""
    },
    {
      "assertionResults": [
        {
          "ancestorTitles": ["Input Component"],
          "failureMessages": [],
          "fullName": "Input Component should render correctly",
          "location": null,
          "status": "passed",
          "title": "should render correctly"
        },
        {
          "ancestorTitles": ["Input Component"],
          "failureMessages": [],
          "fullName": "Input Component should check the data attribute of input",
          "location": null,
          "status": "passed",
          "title": "should check the data attribute of input"
        }
      ],
      "endTime": 1575999144949,
      "message": "",
      "name": "C:\\Users\\aaspraka\\Desktop\\Project\\atomic-react-components\\lib\\components\\atoms\\Input\\tests\\Input.test.js",
      "startTime": 1575999144655,
      "status": "passed",
      "summary": ""
    },
    {
      "assertionResults": [
        {
          "ancestorTitles": ["Para Component"],
          "failureMessages": [],
          "fullName": "Para Component should render correctly and match snapshot",
          "location": null,
          "status": "passed",
          "title": "should render correctly and match snapshot"
        },
        {
          "ancestorTitles": ["Para Component"],
          "failureMessages": [],
          "fullName": "Para Component should check the data attribute of para",
          "location": null,
          "status": "passed",
          "title": "should check the data attribute of para"
        }
      ],
      "endTime": 1575999145128,
      "message": "",
      "name": "C:\\Users\\aaspraka\\Desktop\\Project\\atomic-react-components\\lib\\components\\atoms\\Para\\tests\\Para.test.js",
      "startTime": 1575999144880,
      "status": "passed",
      "summary": ""
    },
    {
      "assertionResults": [
        {
          "ancestorTitles": ["Label Component"],
          "failureMessages": [],
          "fullName": "Label Component should render correctly",
          "location": null,
          "status": "passed",
          "title": "should render correctly"
        },
        {
          "ancestorTitles": ["Label Component"],
          "failureMessages": [],
          "fullName": "Label Component should check the data attribute of label",
          "location": null,
          "status": "passed",
          "title": "should check the data attribute of label"
        }
      ],
      "endTime": 1575999145145,
      "message": "",
      "name": "C:\\Users\\aaspraka\\Desktop\\Project\\atomic-react-components\\lib\\components\\atoms\\Label\\tests\\Label.test.js",
      "startTime": 1575999144871,
      "status": "passed",
      "summary": ""
    },
    {
      "assertionResults": [
        {
          "ancestorTitles": ["<Textarea />"],
          "failureMessages": [],
          "fullName": "<Textarea /> should render correctly",
          "location": null,
          "status": "passed",
          "title": "should render correctly"
        },
        {
          "ancestorTitles": ["<Textarea />"],
          "failureMessages": [],
          "fullName": "<Textarea /> should check the data attribute of textarea",
          "location": null,
          "status": "passed",
          "title": "should check the data attribute of textarea"
        }
      ],
      "endTime": 1575999145159,
      "message": "",
      "name": "C:\\Users\\aaspraka\\Desktop\\Project\\atomic-react-components\\lib\\components\\atoms\\Textarea\\tests\\Textarea.test.js",
      "startTime": 1575999144908,
      "status": "passed",
      "summary": ""
    }
  ],
  "wasInterrupted": false,
  "coverageMap": {
    "C:\\Users\\aaspraka\\Desktop\\Project\\atomic-react-components\\lib\\components\\atoms\\Button\\Button.js": {
      "path": "C:\\Users\\aaspraka\\Desktop\\Project\\atomic-react-components\\lib\\components\\atoms\\Button\\Button.js",
      "statementMap": {
        "0": { "start": { "line": 22, "column": 15 }, "end": { "line": 45, "column": 1 } },
        "1": { "start": { "line": 35, "column": 2 }, "end": { "line": 44, "column": 11 } },
        "2": { "start": { "line": 47, "column": 0 }, "end": { "line": 57, "column": 2 } }
      },
      "fnMap": {
        "0": {
          "name": "(anonymous_0)",
          "decl": { "start": { "line": 22, "column": 15 }, "end": { "line": 22, "column": 16 } },
          "loc": { "start": { "line": 35, "column": 2 }, "end": { "line": 44, "column": 11 } },
          "line": 35
        }
      },
      "branchMap": {
        "0": {
          "loc": { "start": { "line": 36, "column": 16 }, "end": { "line": 36, "column": 33 } },
          "type": "binary-expr",
          "locations": [
            { "start": { "line": 36, "column": 16 }, "end": { "line": 36, "column": 25 } },
            { "start": { "line": 36, "column": 29 }, "end": { "line": 36, "column": 33 } }
          ],
          "line": 36
        },
        "1": {
          "loc": { "start": { "line": 40, "column": 18 }, "end": { "line": 40, "column": 86 } },
          "type": "binary-expr",
          "locations": [
            { "start": { "line": 40, "column": 18 }, "end": { "line": 40, "column": 32 } },
            { "start": { "line": 40, "column": 36 }, "end": { "line": 40, "column": 86 } }
          ],
          "line": 40
        }
      },
      "s": { "0": 3, "1": 10, "2": 3 },
      "f": { "0": 10 },
      "b": { "0": [10, 9], "1": [10, 9] },
      "_coverageSchema": "43e27e138ebf9cfc5966b082cf9a028302ed4184",
      "hash": "8fc366e5e5b291b74d0264caca10f98bd824ddc2"
    },
    "C:\\Users\\aaspraka\\Desktop\\Project\\atomic-react-components\\lib\\core\\utils\\elementLocator.js": {
      "path": "C:\\Users\\aaspraka\\Desktop\\Project\\atomic-react-components\\lib\\core\\utils\\elementLocator.js",
      "statementMap": {
        "0": { "start": { "line": 4, "column": 36 }, "end": { "line": 20, "column": 1 } },
        "1": { "start": { "line": 5, "column": 14 }, "end": { "line": 5, "column": 16 } },
        "2": { "start": { "line": 7, "column": 2 }, "end": { "line": 18, "column": 5 } },
        "3": { "start": { "line": 8, "column": 24 }, "end": { "line": 8, "column": 29 } },
        "4": { "start": { "line": 10, "column": 4 }, "end": { "line": 16, "column": 5 } },
        "5": { "start": { "line": 11, "column": 6 }, "end": { "line": 15, "column": 9 } },
        "6": { "start": { "line": 12, "column": 8 }, "end": { "line": 12, "column": 78 } },
        "7": { "start": { "line": 13, "column": 8 }, "end": { "line": 13, "column": 51 } },
        "8": { "start": { "line": 13, "column": 30 }, "end": { "line": 13, "column": 51 } },
        "9": { "start": { "line": 14, "column": 8 }, "end": { "line": 14, "column": 29 } },
        "10": { "start": { "line": 17, "column": 4 }, "end": { "line": 17, "column": 45 } },
        "11": { "start": { "line": 19, "column": 2 }, "end": { "line": 19, "column": 29 } }
      },
      "fnMap": {
        "0": {
          "name": "(anonymous_0)",
          "decl": { "start": { "line": 4, "column": 36 }, "end": { "line": 4, "column": 37 } },
          "loc": { "start": { "line": 4, "column": 48 }, "end": { "line": 20, "column": 1 } },
          "line": 4
        },
        "1": {
          "name": "(anonymous_1)",
          "decl": { "start": { "line": 7, "column": 34 }, "end": { "line": 7, "column": 35 } },
          "loc": { "start": { "line": 7, "column": 57 }, "end": { "line": 18, "column": 3 } },
          "line": 7
        },
        "2": {
          "name": "(anonymous_2)",
          "decl": { "start": { "line": 11, "column": 28 }, "end": { "line": 11, "column": 29 } },
          "loc": { "start": { "line": 11, "column": 51 }, "end": { "line": 15, "column": 7 } },
          "line": 11
        }
      },
      "branchMap": {
        "0": {
          "loc": { "start": { "line": 10, "column": 4 }, "end": { "line": 16, "column": 5 } },
          "type": "if",
          "locations": [
            { "start": { "line": 10, "column": 4 }, "end": { "line": 16, "column": 5 } },
            { "start": { "line": 10, "column": 4 }, "end": { "line": 16, "column": 5 } }
          ],
          "line": 10
        },
        "1": {
          "loc": { "start": { "line": 12, "column": 20 }, "end": { "line": 12, "column": 67 } },
          "type": "cond-expr",
          "locations": [
            { "start": { "line": 12, "column": 59 }, "end": { "line": 12, "column": 61 } },
            { "start": { "line": 12, "column": 64 }, "end": { "line": 12, "column": 67 } }
          ],
          "line": 12
        },
        "2": {
          "loc": { "start": { "line": 12, "column": 20 }, "end": { "line": 12, "column": 56 } },
          "type": "binary-expr",
          "locations": [
            { "start": { "line": 12, "column": 20 }, "end": { "line": 12, "column": 36 } },
            { "start": { "line": 12, "column": 40 }, "end": { "line": 12, "column": 56 } }
          ],
          "line": 12
        },
        "3": {
          "loc": { "start": { "line": 13, "column": 8 }, "end": { "line": 13, "column": 51 } },
          "type": "if",
          "locations": [
            { "start": { "line": 13, "column": 8 }, "end": { "line": 13, "column": 51 } },
            { "start": { "line": 13, "column": 8 }, "end": { "line": 13, "column": 51 } }
          ],
          "line": 13
        },
        "4": {
          "loc": { "start": { "line": 17, "column": 11 }, "end": { "line": 17, "column": 44 } },
          "type": "binary-expr",
          "locations": [
            { "start": { "line": 17, "column": 11 }, "end": { "line": 17, "column": 24 } },
            { "start": { "line": 17, "column": 28 }, "end": { "line": 17, "column": 44 } }
          ],
          "line": 17
        }
      },
      "s": {
        "0": 21,
        "1": 32,
        "2": 32,
        "3": 28,
        "4": 28,
        "5": 28,
        "6": 43,
        "7": 43,
        "8": 15,
        "9": 43,
        "10": 28,
        "11": 32
      },
      "f": { "0": 32, "1": 28, "2": 43 },
      "b": { "0": [28, 0], "1": [28, 15], "2": [43, 43], "3": [15, 28], "4": [28, 13] },
      "_coverageSchema": "43e27e138ebf9cfc5966b082cf9a028302ed4184",
      "hash": "9a2fdc3f4985e7a492849cf6a39db7fc199acc57"
    },
    "C:\\Users\\aaspraka\\Desktop\\Project\\atomic-react-components\\lib\\components\\atoms\\Button\\Button.style.js": {
      "path": "C:\\Users\\aaspraka\\Desktop\\Project\\atomic-react-components\\lib\\components\\atoms\\Button\\Button.style.js",
      "statementMap": {
        "0": { "start": { "line": 3, "column": 21 }, "end": { "line": 29, "column": 1 } },
        "1": { "start": { "line": 8, "column": 22 }, "end": { "line": 8, "column": 64 } },
        "2": { "start": { "line": 9, "column": 13 }, "end": { "line": 13, "column": 3 } },
        "3": { "start": { "line": 14, "column": 13 }, "end": { "line": 14, "column": 69 } },
        "4": { "start": { "line": 16, "column": 4 }, "end": { "line": 21, "column": 10 } },
        "5": { "start": { "line": 22, "column": 13 }, "end": { "line": 22, "column": 48 } },
        "6": { "start": { "line": 28, "column": 14 }, "end": { "line": 28, "column": 64 } }
      },
      "fnMap": {
        "0": {
          "name": "(anonymous_0)",
          "decl": { "start": { "line": 8, "column": 12 }, "end": { "line": 8, "column": 13 } },
          "loc": { "start": { "line": 8, "column": 22 }, "end": { "line": 8, "column": 64 } },
          "line": 8
        },
        "1": {
          "name": "(anonymous_1)",
          "decl": { "start": { "line": 9, "column": 4 }, "end": { "line": 9, "column": 5 } },
          "loc": { "start": { "line": 9, "column": 13 }, "end": { "line": 13, "column": 3 } },
          "line": 9
        },
        "2": {
          "name": "(anonymous_2)",
          "decl": { "start": { "line": 14, "column": 4 }, "end": { "line": 14, "column": 5 } },
          "loc": { "start": { "line": 14, "column": 13 }, "end": { "line": 14, "column": 69 } },
          "line": 14
        },
        "3": {
          "name": "(anonymous_3)",
          "decl": { "start": { "line": 15, "column": 4 }, "end": { "line": 15, "column": 5 } },
          "loc": { "start": { "line": 16, "column": 4 }, "end": { "line": 21, "column": 10 } },
          "line": 16
        },
        "4": {
          "name": "(anonymous_4)",
          "decl": { "start": { "line": 22, "column": 4 }, "end": { "line": 22, "column": 5 } },
          "loc": { "start": { "line": 22, "column": 13 }, "end": { "line": 22, "column": 48 } },
          "line": 22
        },
        "5": {
          "name": "(anonymous_5)",
          "decl": { "start": { "line": 28, "column": 4 }, "end": { "line": 28, "column": 5 } },
          "loc": { "start": { "line": 28, "column": 14 }, "end": { "line": 28, "column": 64 } },
          "line": 28
        }
      },
      "branchMap": {
        "0": {
          "loc": { "start": { "line": 8, "column": 22 }, "end": { "line": 8, "column": 64 } },
          "type": "cond-expr",
          "locations": [
            { "start": { "line": 8, "column": 39 }, "end": { "line": 8, "column": 52 } },
            { "start": { "line": 8, "column": 55 }, "end": { "line": 8, "column": 64 } }
          ],
          "line": 8
        },
        "1": {
          "loc": { "start": { "line": 14, "column": 13 }, "end": { "line": 14, "column": 69 } },
          "type": "binary-expr",
          "locations": [
            { "start": { "line": 14, "column": 13 }, "end": { "line": 14, "column": 28 } },
            { "start": { "line": 14, "column": 32 }, "end": { "line": 14, "column": 69 } }
          ],
          "line": 14
        },
        "2": {
          "loc": { "start": { "line": 16, "column": 4 }, "end": { "line": 21, "column": 10 } },
          "type": "cond-expr",
          "locations": [
            { "start": { "line": 17, "column": 8 }, "end": { "line": 20, "column": 3 } },
            { "start": { "line": 21, "column": 8 }, "end": { "line": 21, "column": 10 } }
          ],
          "line": 16
        },
        "3": {
          "loc": { "start": { "line": 22, "column": 13 }, "end": { "line": 22, "column": 48 } },
          "type": "binary-expr",
          "locations": [
            { "start": { "line": 22, "column": 13 }, "end": { "line": 22, "column": 28 } },
            { "start": { "line": 22, "column": 32 }, "end": { "line": 22, "column": 48 } }
          ],
          "line": 22
        },
        "4": {
          "loc": { "start": { "line": 28, "column": 14 }, "end": { "line": 28, "column": 64 } },
          "type": "cond-expr",
          "locations": [
            { "start": { "line": 28, "column": 38 }, "end": { "line": 28, "column": 59 } },
            { "start": { "line": 28, "column": 62 }, "end": { "line": 28, "column": 64 } }
          ],
          "line": 28
        }
      },
      "s": { "0": 3, "1": 0, "2": 0, "3": 0, "4": 0, "5": 0, "6": 0 },
      "f": { "0": 0, "1": 0, "2": 0, "3": 0, "4": 0, "5": 0 },
      "b": { "0": [0, 0], "1": [0, 0], "2": [0, 0], "3": [0, 0], "4": [0, 0] },
      "_coverageSchema": "43e27e138ebf9cfc5966b082cf9a028302ed4184",
      "hash": "46f539367d19dd895318081a088b3e1402a99c1f"
    },
    "C:\\Users\\aaspraka\\Desktop\\Project\\atomic-react-components\\lib\\components\\molecules\\InputChoice\\InputChoice.js": {
      "path": "C:\\Users\\aaspraka\\Desktop\\Project\\atomic-react-components\\lib\\components\\molecules\\InputChoice\\InputChoice.js",
      "statementMap": {
        "0": { "start": { "line": 22, "column": 20 }, "end": { "line": 52, "column": 1 } },
        "1": { "start": { "line": 35, "column": 2 }, "end": { "line": 51, "column": 10 } },
        "2": { "start": { "line": 54, "column": 0 }, "end": { "line": 62, "column": 2 } }
      },
      "fnMap": {
        "0": {
          "name": "(anonymous_0)",
          "decl": { "start": { "line": 22, "column": 20 }, "end": { "line": 22, "column": 21 } },
          "loc": { "start": { "line": 35, "column": 2 }, "end": { "line": 51, "column": 10 } },
          "line": 35
        }
      },
      "branchMap": {
        "0": {
          "loc": { "start": { "line": 50, "column": 10 }, "end": { "line": 50, "column": 27 } },
          "type": "binary-expr",
          "locations": [
            { "start": { "line": 50, "column": 10 }, "end": { "line": 50, "column": 18 } },
            { "start": { "line": 50, "column": 22 }, "end": { "line": 50, "column": 27 } }
          ],
          "line": 50
        }
      },
      "s": { "0": 3, "1": 7, "2": 3 },
      "f": { "0": 7 },
      "b": { "0": [7, 7] },
      "_coverageSchema": "43e27e138ebf9cfc5966b082cf9a028302ed4184",
      "hash": "dce1a72f30eb3dc9b8879791ad07540bfff9722d"
    },
    "C:\\Users\\aaspraka\\Desktop\\Project\\atomic-react-components\\lib\\components\\atoms\\Input\\index.js": {
      "path": "C:\\Users\\aaspraka\\Desktop\\Project\\atomic-react-components\\lib\\components\\atoms\\Input\\index.js",
      "statementMap": {},
      "fnMap": {},
      "branchMap": {},
      "s": {},
      "f": {},
      "b": {},
      "_coverageSchema": "43e27e138ebf9cfc5966b082cf9a028302ed4184",
      "hash": "f6b7d5b66b9461dddd74127ffb4a5a94548e83fa"
    },
    "C:\\Users\\aaspraka\\Desktop\\Project\\atomic-react-components\\lib\\components\\atoms\\Input\\Input.js": {
      "path": "C:\\Users\\aaspraka\\Desktop\\Project\\atomic-react-components\\lib\\components\\atoms\\Input\\Input.js",
      "statementMap": {
        "0": { "start": { "line": 18, "column": 14 }, "end": { "line": 40, "column": 1 } },
        "1": { "start": { "line": 29, "column": 2 }, "end": { "line": 39, "column": 4 } },
        "2": { "start": { "line": 42, "column": 0 }, "end": { "line": 49, "column": 2 } }
      },
      "fnMap": {
        "0": {
          "name": "(anonymous_0)",
          "decl": { "start": { "line": 18, "column": 14 }, "end": { "line": 18, "column": 15 } },
          "loc": { "start": { "line": 29, "column": 2 }, "end": { "line": 39, "column": 4 } },
          "line": 29
        }
      },
      "branchMap": {
        "0": {
          "loc": { "start": { "line": 37, "column": 18 }, "end": { "line": 37, "column": 59 } },
          "type": "binary-expr",
          "locations": [
            { "start": { "line": 37, "column": 18 }, "end": { "line": 37, "column": 32 } },
            { "start": { "line": 37, "column": 36 }, "end": { "line": 37, "column": 59 } }
          ],
          "line": 37
        }
      },
      "s": { "0": 7, "1": 5, "2": 7 },
      "f": { "0": 5 },
      "b": { "0": [5, 3] },
      "_coverageSchema": "43e27e138ebf9cfc5966b082cf9a028302ed4184",
      "hash": "820a782a3c8fa2255174199ff5238f9b452dd8e3"
    },
    "C:\\Users\\aaspraka\\Desktop\\Project\\atomic-react-components\\lib\\components\\atoms\\Input\\Input.style.js": {
      "path": "C:\\Users\\aaspraka\\Desktop\\Project\\atomic-react-components\\lib\\components\\atoms\\Input\\Input.style.js",
      "statementMap": {
        "0": { "start": { "line": 3, "column": 15 }, "end": { "line": 24, "column": 1 } },
        "1": { "start": { "line": 10, "column": 31 }, "end": { "line": 10, "column": 63 } },
        "2": { "start": { "line": 11, "column": 31 }, "end": { "line": 11, "column": 59 } },
        "3": { "start": { "line": 12, "column": 20 }, "end": { "line": 12, "column": 46 } },
        "4": { "start": { "line": 16, "column": 4 }, "end": { "line": 21, "column": 10 } },
        "5": { "start": { "line": 23, "column": 14 }, "end": { "line": 23, "column": 64 } }
      },
      "fnMap": {
        "0": {
          "name": "(anonymous_0)",
          "decl": { "start": { "line": 10, "column": 22 }, "end": { "line": 10, "column": 23 } },
          "loc": { "start": { "line": 10, "column": 31 }, "end": { "line": 10, "column": 63 } },
          "line": 10
        },
        "1": {
          "name": "(anonymous_1)",
          "decl": { "start": { "line": 11, "column": 22 }, "end": { "line": 11, "column": 23 } },
          "loc": { "start": { "line": 11, "column": 31 }, "end": { "line": 11, "column": 59 } },
          "line": 11
        },
        "2": {
          "name": "(anonymous_2)",
          "decl": { "start": { "line": 12, "column": 11 }, "end": { "line": 12, "column": 12 } },
          "loc": { "start": { "line": 12, "column": 20 }, "end": { "line": 12, "column": 46 } },
          "line": 12
        },
        "3": {
          "name": "(anonymous_3)",
          "decl": { "start": { "line": 15, "column": 4 }, "end": { "line": 15, "column": 5 } },
          "loc": { "start": { "line": 16, "column": 4 }, "end": { "line": 21, "column": 10 } },
          "line": 16
        },
        "4": {
          "name": "(anonymous_4)",
          "decl": { "start": { "line": 23, "column": 4 }, "end": { "line": 23, "column": 5 } },
          "loc": { "start": { "line": 23, "column": 14 }, "end": { "line": 23, "column": 64 } },
          "line": 23
        }
      },
      "branchMap": {
        "0": {
          "loc": { "start": { "line": 16, "column": 4 }, "end": { "line": 21, "column": 10 } },
          "type": "cond-expr",
          "locations": [
            { "start": { "line": 17, "column": 8 }, "end": { "line": 20, "column": 5 } },
            { "start": { "line": 21, "column": 8 }, "end": { "line": 21, "column": 10 } }
          ],
          "line": 16
        },
        "1": {
          "loc": { "start": { "line": 23, "column": 14 }, "end": { "line": 23, "column": 64 } },
          "type": "cond-expr",
          "locations": [
            { "start": { "line": 23, "column": 38 }, "end": { "line": 23, "column": 59 } },
            { "start": { "line": 23, "column": 62 }, "end": { "line": 23, "column": 64 } }
          ],
          "line": 23
        }
      },
      "s": { "0": 7, "1": 3, "2": 3, "3": 3, "4": 3, "5": 3 },
      "f": { "0": 3, "1": 3, "2": 3, "3": 3, "4": 3 },
      "b": { "0": [0, 3], "1": [0, 3] },
      "_coverageSchema": "43e27e138ebf9cfc5966b082cf9a028302ed4184",
      "hash": "8ba2aa6e3b5fa5cfd7906eda0d65a080adf907e3"
    },
    "C:\\Users\\aaspraka\\Desktop\\Project\\atomic-react-components\\lib\\components\\atoms\\Label\\index.js": {
      "path": "C:\\Users\\aaspraka\\Desktop\\Project\\atomic-react-components\\lib\\components\\atoms\\Label\\index.js",
      "statementMap": {},
      "fnMap": {},
      "branchMap": {},
      "s": {},
      "f": {},
      "b": {},
      "_coverageSchema": "43e27e138ebf9cfc5966b082cf9a028302ed4184",
      "hash": "b87fd7cd3e83b9551995b43c409d57bf300b7b47"
    },
    "C:\\Users\\aaspraka\\Desktop\\Project\\atomic-react-components\\lib\\components\\atoms\\Label\\Label.js": {
      "path": "C:\\Users\\aaspraka\\Desktop\\Project\\atomic-react-components\\lib\\components\\atoms\\Label\\Label.js",
      "statementMap": {
        "0": { "start": { "line": 14, "column": 14 }, "end": { "line": 25, "column": 1 } },
        "1": { "start": { "line": 17, "column": 2 }, "end": { "line": 24, "column": 10 } },
        "2": { "start": { "line": 27, "column": 0 }, "end": { "line": 30, "column": 2 } }
      },
      "fnMap": {
        "0": {
          "name": "(anonymous_0)",
          "decl": { "start": { "line": 14, "column": 14 }, "end": { "line": 14, "column": 15 } },
          "loc": { "start": { "line": 17, "column": 2 }, "end": { "line": 24, "column": 10 } },
          "line": 17
        }
      },
      "branchMap": {
        "0": {
          "loc": { "start": { "line": 20, "column": 18 }, "end": { "line": 20, "column": 88 } },
          "type": "binary-expr",
          "locations": [
            { "start": { "line": 20, "column": 18 }, "end": { "line": 20, "column": 32 } },
            { "start": { "line": 20, "column": 36 }, "end": { "line": 20, "column": 88 } }
          ],
          "line": 20
        }
      },
      "s": { "0": 10, "1": 9, "2": 10 },
      "f": { "0": 9 },
      "b": { "0": [9, 8] },
      "_coverageSchema": "43e27e138ebf9cfc5966b082cf9a028302ed4184",
      "hash": "ff3fea27321529a6222b8a563c01cc29cd186234"
    },
    "C:\\Users\\aaspraka\\Desktop\\Project\\atomic-react-components\\lib\\components\\molecules\\InputChoice\\InputChoice.style.js": {
      "path": "C:\\Users\\aaspraka\\Desktop\\Project\\atomic-react-components\\lib\\components\\molecules\\InputChoice\\InputChoice.style.js",
      "statementMap": {
        "0": { "start": { "line": 3, "column": 15 }, "end": { "line": 68, "column": 1 } },
        "1": { "start": { "line": 4, "column": 14 }, "end": { "line": 4, "column": 71 } },
        "2": { "start": { "line": 10, "column": 15 }, "end": { "line": 10, "column": 47 } },
        "3": { "start": { "line": 11, "column": 16 }, "end": { "line": 11, "column": 71 } },
        "4": { "start": { "line": 12, "column": 15 }, "end": { "line": 12, "column": 46 } },
        "5": { "start": { "line": 13, "column": 15 }, "end": { "line": 13, "column": 71 } },
        "6": { "start": { "line": 20, "column": 17 }, "end": { "line": 20, "column": 48 } },
        "7": { "start": { "line": 27, "column": 8 }, "end": { "line": 33, "column": 7 } },
        "8": { "start": { "line": 36, "column": 8 }, "end": { "line": 39, "column": 7 } },
        "9": { "start": { "line": 44, "column": 6 }, "end": { "line": 44, "column": 90 } },
        "10": { "start": { "line": 48, "column": 8 }, "end": { "line": 50, "column": 11 } },
        "11": { "start": { "line": 55, "column": 4 }, "end": { "line": 67, "column": 3 } }
      },
      "fnMap": {
        "0": {
          "name": "(anonymous_0)",
          "decl": { "start": { "line": 4, "column": 4 }, "end": { "line": 4, "column": 5 } },
          "loc": { "start": { "line": 4, "column": 14 }, "end": { "line": 4, "column": 71 } },
          "line": 4
        },
        "1": {
          "name": "(anonymous_1)",
          "decl": { "start": { "line": 10, "column": 6 }, "end": { "line": 10, "column": 7 } },
          "loc": { "start": { "line": 10, "column": 15 }, "end": { "line": 10, "column": 47 } },
          "line": 10
        },
        "2": {
          "name": "(anonymous_2)",
          "decl": { "start": { "line": 11, "column": 6 }, "end": { "line": 11, "column": 7 } },
          "loc": { "start": { "line": 11, "column": 16 }, "end": { "line": 11, "column": 71 } },
          "line": 11
        },
        "3": {
          "name": "(anonymous_3)",
          "decl": { "start": { "line": 12, "column": 6 }, "end": { "line": 12, "column": 7 } },
          "loc": { "start": { "line": 12, "column": 15 }, "end": { "line": 12, "column": 46 } },
          "line": 12
        },
        "4": {
          "name": "(anonymous_4)",
          "decl": { "start": { "line": 13, "column": 6 }, "end": { "line": 13, "column": 7 } },
          "loc": { "start": { "line": 13, "column": 15 }, "end": { "line": 13, "column": 71 } },
          "line": 13
        },
        "5": {
          "name": "(anonymous_5)",
          "decl": { "start": { "line": 20, "column": 8 }, "end": { "line": 20, "column": 9 } },
          "loc": { "start": { "line": 20, "column": 17 }, "end": { "line": 20, "column": 48 } },
          "line": 20
        },
        "6": {
          "name": "(anonymous_6)",
          "decl": { "start": { "line": 26, "column": 8 }, "end": { "line": 26, "column": 9 } },
          "loc": { "start": { "line": 27, "column": 8 }, "end": { "line": 33, "column": 7 } },
          "line": 27
        },
        "7": {
          "name": "(anonymous_7)",
          "decl": { "start": { "line": 35, "column": 8 }, "end": { "line": 35, "column": 9 } },
          "loc": { "start": { "line": 36, "column": 8 }, "end": { "line": 39, "column": 7 } },
          "line": 36
        },
        "8": {
          "name": "(anonymous_8)",
          "decl": { "start": { "line": 43, "column": 6 }, "end": { "line": 43, "column": 7 } },
          "loc": { "start": { "line": 44, "column": 6 }, "end": { "line": 44, "column": 90 } },
          "line": 44
        },
        "9": {
          "name": "(anonymous_9)",
          "decl": { "start": { "line": 47, "column": 8 }, "end": { "line": 47, "column": 9 } },
          "loc": { "start": { "line": 48, "column": 8 }, "end": { "line": 50, "column": 11 } },
          "line": 48
        },
        "10": {
          "name": "(anonymous_10)",
          "decl": { "start": { "line": 54, "column": 4 }, "end": { "line": 54, "column": 5 } },
          "loc": { "start": { "line": 55, "column": 4 }, "end": { "line": 67, "column": 3 } },
          "line": 55
        }
      },
      "branchMap": {
        "0": {
          "loc": { "start": { "line": 4, "column": 14 }, "end": { "line": 4, "column": 71 } },
          "type": "cond-expr",
          "locations": [
            { "start": { "line": 4, "column": 31 }, "end": { "line": 4, "column": 50 } },
            { "start": { "line": 4, "column": 53 }, "end": { "line": 4, "column": 71 } }
          ],
          "line": 4
        },
        "1": {
          "loc": { "start": { "line": 11, "column": 16 }, "end": { "line": 11, "column": 71 } },
          "type": "cond-expr",
          "locations": [
            { "start": { "line": 11, "column": 33 }, "end": { "line": 11, "column": 66 } },
            { "start": { "line": 11, "column": 69 }, "end": { "line": 11, "column": 71 } }
          ],
          "line": 11
        },
        "2": {
          "loc": { "start": { "line": 13, "column": 15 }, "end": { "line": 13, "column": 71 } },
          "type": "binary-expr",
          "locations": [
            { "start": { "line": 13, "column": 15 }, "end": { "line": 13, "column": 37 } },
            { "start": { "line": 13, "column": 41 }, "end": { "line": 13, "column": 71 } }
          ],
          "line": 13
        },
        "3": {
          "loc": { "start": { "line": 27, "column": 8 }, "end": { "line": 33, "column": 7 } },
          "type": "binary-expr",
          "locations": [
            { "start": { "line": 27, "column": 8 }, "end": { "line": 27, "column": 33 } },
            { "start": { "line": 28, "column": 8 }, "end": { "line": 33, "column": 7 } }
          ],
          "line": 27
        },
        "4": {
          "loc": { "start": { "line": 36, "column": 8 }, "end": { "line": 39, "column": 7 } },
          "type": "binary-expr",
          "locations": [
            { "start": { "line": 36, "column": 8 }, "end": { "line": 36, "column": 30 } },
            { "start": { "line": 37, "column": 8 }, "end": { "line": 39, "column": 7 } }
          ],
          "line": 36
        },
        "5": {
          "loc": { "start": { "line": 44, "column": 6 }, "end": { "line": 44, "column": 90 } },
          "type": "cond-expr",
          "locations": [
            { "start": { "line": 44, "column": 23 }, "end": { "line": 44, "column": 56 } },
            { "start": { "line": 44, "column": 59 }, "end": { "line": 44, "column": 90 } }
          ],
          "line": 44
        },
        "6": {
          "loc": { "start": { "line": 49, "column": 10 }, "end": { "line": 49, "column": 92 } },
          "type": "cond-expr",
          "locations": [
            { "start": { "line": 49, "column": 27 }, "end": { "line": 49, "column": 58 } },
            { "start": { "line": 49, "column": 61 }, "end": { "line": 49, "column": 92 } }
          ],
          "line": 49
        },
        "7": {
          "loc": { "start": { "line": 55, "column": 4 }, "end": { "line": 67, "column": 3 } },
          "type": "cond-expr",
          "locations": [
            { "start": { "line": 56, "column": 8 }, "end": { "line": 62, "column": 3 } },
            { "start": { "line": 63, "column": 8 }, "end": { "line": 67, "column": 3 } }
          ],
          "line": 55
        }
      },
      "s": {
        "0": 3,
        "1": 0,
        "2": 0,
        "3": 0,
        "4": 0,
        "5": 0,
        "6": 0,
        "7": 0,
        "8": 0,
        "9": 0,
        "10": 0,
        "11": 0
      },
      "f": {
        "0": 0,
        "1": 0,
        "2": 0,
        "3": 0,
        "4": 0,
        "5": 0,
        "6": 0,
        "7": 0,
        "8": 0,
        "9": 0,
        "10": 0
      },
      "b": {
        "0": [0, 0],
        "1": [0, 0],
        "2": [0, 0],
        "3": [0, 0],
        "4": [0, 0],
        "5": [0, 0],
        "6": [0, 0],
        "7": [0, 0]
      },
      "_coverageSchema": "43e27e138ebf9cfc5966b082cf9a028302ed4184",
      "hash": "4ce564b4bbf8b26df752db848cb4949c33d2a729"
    },
    "C:\\Users\\aaspraka\\Desktop\\Project\\atomic-react-components\\lib\\components\\molecules\\StickyBar\\index.js": {
      "path": "C:\\Users\\aaspraka\\Desktop\\Project\\atomic-react-components\\lib\\components\\molecules\\StickyBar\\index.js",
      "statementMap": {},
      "fnMap": {},
      "branchMap": {},
      "s": {},
      "f": {},
      "b": {},
      "_coverageSchema": "43e27e138ebf9cfc5966b082cf9a028302ed4184",
      "hash": "447b1392f4c54ce872f1b07fa5e510777c209e7c"
    },
    "C:\\Users\\aaspraka\\Desktop\\Project\\atomic-react-components\\lib\\components\\molecules\\StickyBar\\StickyBar.js": {
      "path": "C:\\Users\\aaspraka\\Desktop\\Project\\atomic-react-components\\lib\\components\\molecules\\StickyBar\\StickyBar.js",
      "statementMap": {
        "0": { "start": { "line": 14, "column": 24 }, "end": { "line": 20, "column": 1 } },
        "1": { "start": { "line": 15, "column": 2 }, "end": { "line": 19, "column": 5 } },
        "2": { "start": { "line": 16, "column": 4 }, "end": { "line": 18, "column": 5 } },
        "3": { "start": { "line": 17, "column": 6 }, "end": { "line": 17, "column": 75 } },
        "4": { "start": { "line": 22, "column": 18 }, "end": { "line": 29, "column": 1 } },
        "5": { "start": { "line": 23, "column": 2 }, "end": { "line": 23, "column": 21 } },
        "6": { "start": { "line": 24, "column": 2 }, "end": { "line": 28, "column": 4 } },
        "7": { "start": { "line": 31, "column": 0 }, "end": { "line": 33, "column": 2 } }
      },
      "fnMap": {
        "0": {
          "name": "(anonymous_0)",
          "decl": { "start": { "line": 14, "column": 24 }, "end": { "line": 14, "column": 25 } },
          "loc": { "start": { "line": 14, "column": 36 }, "end": { "line": 20, "column": 1 } },
          "line": 14
        },
        "1": {
          "name": "(anonymous_1)",
          "decl": { "start": { "line": 15, "column": 31 }, "end": { "line": 15, "column": 32 } },
          "loc": { "start": { "line": 15, "column": 40 }, "end": { "line": 19, "column": 3 } },
          "line": 15
        },
        "2": {
          "name": "(anonymous_2)",
          "decl": { "start": { "line": 22, "column": 18 }, "end": { "line": 22, "column": 19 } },
          "loc": { "start": { "line": 22, "column": 60 }, "end": { "line": 29, "column": 1 } },
          "line": 22
        }
      },
      "branchMap": {
        "0": {
          "loc": { "start": { "line": 16, "column": 4 }, "end": { "line": 18, "column": 5 } },
          "type": "if",
          "locations": [
            { "start": { "line": 16, "column": 4 }, "end": { "line": 18, "column": 5 } },
            { "start": { "line": 16, "column": 4 }, "end": { "line": 18, "column": 5 } }
          ],
          "line": 16
        }
      },
      "s": { "0": 1, "1": 2, "2": 4, "3": 0, "4": 1, "5": 2, "6": 2, "7": 1 },
      "f": { "0": 2, "1": 4, "2": 2 },
      "b": { "0": [0, 4] },
      "_coverageSchema": "43e27e138ebf9cfc5966b082cf9a028302ed4184",
      "hash": "831dd6f0e09ebf7f2c30a1bfad35c9e3d61b1b97"
    },
    "C:\\Users\\aaspraka\\Desktop\\Project\\atomic-react-components\\lib\\components\\molecules\\StickyBar\\StickyBar.style.js": {
      "path": "C:\\Users\\aaspraka\\Desktop\\Project\\atomic-react-components\\lib\\components\\molecules\\StickyBar\\StickyBar.style.js",
      "statementMap": {
        "0": { "start": { "line": 3, "column": 24 }, "end": { "line": 11, "column": 1 } },
        "1": { "start": { "line": 5, "column": 30 }, "end": { "line": 5, "column": 82 } },
        "2": { "start": { "line": 6, "column": 19 }, "end": { "line": 6, "column": 68 } },
        "3": { "start": { "line": 7, "column": 13 }, "end": { "line": 7, "column": 72 } },
        "4": { "start": { "line": 9, "column": 21 }, "end": { "line": 9, "column": 55 } },
        "5": { "start": { "line": 10, "column": 14 }, "end": { "line": 10, "column": 64 } }
      },
      "fnMap": {
        "0": {
          "name": "(anonymous_0)",
          "decl": { "start": { "line": 5, "column": 20 }, "end": { "line": 5, "column": 21 } },
          "loc": { "start": { "line": 5, "column": 30 }, "end": { "line": 5, "column": 82 } },
          "line": 5
        },
        "1": {
          "name": "(anonymous_1)",
          "decl": { "start": { "line": 6, "column": 9 }, "end": { "line": 6, "column": 10 } },
          "loc": { "start": { "line": 6, "column": 19 }, "end": { "line": 6, "column": 68 } },
          "line": 6
        },
        "2": {
          "name": "(anonymous_2)",
          "decl": { "start": { "line": 7, "column": 4 }, "end": { "line": 7, "column": 5 } },
          "loc": { "start": { "line": 7, "column": 13 }, "end": { "line": 7, "column": 72 } },
          "line": 7
        },
        "3": {
          "name": "(anonymous_3)",
          "decl": { "start": { "line": 9, "column": 11 }, "end": { "line": 9, "column": 12 } },
          "loc": { "start": { "line": 9, "column": 21 }, "end": { "line": 9, "column": 55 } },
          "line": 9
        },
        "4": {
          "name": "(anonymous_4)",
          "decl": { "start": { "line": 10, "column": 4 }, "end": { "line": 10, "column": 5 } },
          "loc": { "start": { "line": 10, "column": 14 }, "end": { "line": 10, "column": 64 } },
          "line": 10
        }
      },
      "branchMap": {
        "0": {
          "loc": { "start": { "line": 5, "column": 30 }, "end": { "line": 5, "column": 82 } },
          "type": "cond-expr",
          "locations": [
            { "start": { "line": 5, "column": 52 }, "end": { "line": 5, "column": 71 } },
            { "start": { "line": 5, "column": 74 }, "end": { "line": 5, "column": 82 } }
          ],
          "line": 5
        },
        "1": {
          "loc": { "start": { "line": 6, "column": 19 }, "end": { "line": 6, "column": 68 } },
          "type": "cond-expr",
          "locations": [
            { "start": { "line": 6, "column": 41 }, "end": { "line": 6, "column": 60 } },
            { "start": { "line": 6, "column": 63 }, "end": { "line": 6, "column": 68 } }
          ],
          "line": 6
        },
        "2": {
          "loc": { "start": { "line": 7, "column": 16 }, "end": { "line": 7, "column": 70 } },
          "type": "cond-expr",
          "locations": [
            { "start": { "line": 7, "column": 40 }, "end": { "line": 7, "column": 61 } },
            { "start": { "line": 7, "column": 64 }, "end": { "line": 7, "column": 70 } }
          ],
          "line": 7
        },
        "3": {
          "loc": { "start": { "line": 9, "column": 21 }, "end": { "line": 9, "column": 55 } },
          "type": "cond-expr",
          "locations": [
            { "start": { "line": 9, "column": 35 }, "end": { "line": 9, "column": 46 } },
            { "start": { "line": 9, "column": 49 }, "end": { "line": 9, "column": 55 } }
          ],
          "line": 9
        },
        "4": {
          "loc": { "start": { "line": 10, "column": 14 }, "end": { "line": 10, "column": 64 } },
          "type": "cond-expr",
          "locations": [
            { "start": { "line": 10, "column": 38 }, "end": { "line": 10, "column": 59 } },
            { "start": { "line": 10, "column": 62 }, "end": { "line": 10, "column": 64 } }
          ],
          "line": 10
        }
      },
      "s": { "0": 1, "1": 0, "2": 0, "3": 0, "4": 0, "5": 0 },
      "f": { "0": 0, "1": 0, "2": 0, "3": 0, "4": 0 },
      "b": { "0": [0, 0], "1": [0, 0], "2": [0, 0], "3": [0, 0], "4": [0, 0] },
      "_coverageSchema": "43e27e138ebf9cfc5966b082cf9a028302ed4184",
      "hash": "83f04c2d30ef1bec442b003b8de9ae4cbd58ff1f"
    },
    "C:\\Users\\aaspraka\\Desktop\\Project\\atomic-react-components\\lib\\components\\molecules\\List\\index.js": {
      "path": "C:\\Users\\aaspraka\\Desktop\\Project\\atomic-react-components\\lib\\components\\molecules\\List\\index.js",
      "statementMap": {},
      "fnMap": {},
      "branchMap": {},
      "s": {},
      "f": {},
      "b": {},
      "_coverageSchema": "43e27e138ebf9cfc5966b082cf9a028302ed4184",
      "hash": "325b03070627472550c768179dd8231428705d58"
    },
    "C:\\Users\\aaspraka\\Desktop\\Project\\atomic-react-components\\lib\\components\\molecules\\List\\List.js": {
      "path": "C:\\Users\\aaspraka\\Desktop\\Project\\atomic-react-components\\lib\\components\\molecules\\List\\List.js",
      "statementMap": {
        "0": { "start": { "line": 26, "column": 13 }, "end": { "line": 30, "column": 1 } },
        "1": { "start": { "line": 27, "column": 2 }, "end": { "line": 29, "column": 13 } },
        "2": { "start": { "line": 32, "column": 0 }, "end": { "line": 41, "column": 2 } }
      },
      "fnMap": {
        "0": {
          "name": "(anonymous_0)",
          "decl": { "start": { "line": 26, "column": 13 }, "end": { "line": 26, "column": 14 } },
          "loc": { "start": { "line": 27, "column": 2 }, "end": { "line": 29, "column": 13 } },
          "line": 27
        }
      },
      "branchMap": {
        "0": {
          "loc": { "start": { "line": 26, "column": 27 }, "end": { "line": 26, "column": 42 } },
          "type": "default-arg",
          "locations": [
            { "start": { "line": 26, "column": 38 }, "end": { "line": 26, "column": 42 } }
          ],
          "line": 26
        }
      },
      "s": { "0": 4, "1": 8, "2": 4 },
      "f": { "0": 8 },
      "b": { "0": [0] },
      "_coverageSchema": "43e27e138ebf9cfc5966b082cf9a028302ed4184",
      "hash": "72636f4856e8c6e52cfb547424abafd1e8b84e73"
    },
    "C:\\Users\\aaspraka\\Desktop\\Project\\atomic-react-components\\lib\\components\\molecules\\List\\List.style.js": {
      "path": "C:\\Users\\aaspraka\\Desktop\\Project\\atomic-react-components\\lib\\components\\molecules\\List\\List.style.js",
      "statementMap": {
        "0": { "start": { "line": 4, "column": 25 }, "end": { "line": 4, "column": 50 } },
        "1": { "start": { "line": 6, "column": 30 }, "end": { "line": 6, "column": 55 } },
        "2": { "start": { "line": 9, "column": 4 }, "end": { "line": 15, "column": 10 } },
        "3": { "start": { "line": 18, "column": 4 }, "end": { "line": 24, "column": 10 } },
        "4": { "start": { "line": 27, "column": 4 }, "end": { "line": 32, "column": 10 } },
        "5": { "start": { "line": 35, "column": 4 }, "end": { "line": 42, "column": 10 } },
        "6": { "start": { "line": 45, "column": 4 }, "end": { "line": 61, "column": 10 } },
        "7": { "start": { "line": 63, "column": 14 }, "end": { "line": 63, "column": 64 } }
      },
      "fnMap": {
        "0": {
          "name": "(anonymous_0)",
          "decl": { "start": { "line": 4, "column": 16 }, "end": { "line": 4, "column": 17 } },
          "loc": { "start": { "line": 4, "column": 25 }, "end": { "line": 4, "column": 50 } },
          "line": 4
        },
        "1": {
          "name": "(anonymous_1)",
          "decl": { "start": { "line": 6, "column": 21 }, "end": { "line": 6, "column": 22 } },
          "loc": { "start": { "line": 6, "column": 30 }, "end": { "line": 6, "column": 55 } },
          "line": 6
        },
        "2": {
          "name": "(anonymous_2)",
          "decl": { "start": { "line": 8, "column": 4 }, "end": { "line": 8, "column": 5 } },
          "loc": { "start": { "line": 9, "column": 4 }, "end": { "line": 15, "column": 10 } },
          "line": 9
        },
        "3": {
          "name": "(anonymous_3)",
          "decl": { "start": { "line": 17, "column": 4 }, "end": { "line": 17, "column": 5 } },
          "loc": { "start": { "line": 18, "column": 4 }, "end": { "line": 24, "column": 10 } },
          "line": 18
        },
        "4": {
          "name": "(anonymous_4)",
          "decl": { "start": { "line": 26, "column": 4 }, "end": { "line": 26, "column": 5 } },
          "loc": { "start": { "line": 27, "column": 4 }, "end": { "line": 32, "column": 10 } },
          "line": 27
        },
        "5": {
          "name": "(anonymous_5)",
          "decl": { "start": { "line": 34, "column": 4 }, "end": { "line": 34, "column": 5 } },
          "loc": { "start": { "line": 35, "column": 4 }, "end": { "line": 42, "column": 10 } },
          "line": 35
        },
        "6": {
          "name": "(anonymous_6)",
          "decl": { "start": { "line": 44, "column": 4 }, "end": { "line": 44, "column": 5 } },
          "loc": { "start": { "line": 45, "column": 4 }, "end": { "line": 61, "column": 10 } },
          "line": 45
        },
        "7": {
          "name": "(anonymous_7)",
          "decl": { "start": { "line": 63, "column": 4 }, "end": { "line": 63, "column": 5 } },
          "loc": { "start": { "line": 63, "column": 14 }, "end": { "line": 63, "column": 64 } },
          "line": 63
        }
      },
      "branchMap": {
        "0": {
          "loc": { "start": { "line": 9, "column": 4 }, "end": { "line": 15, "column": 10 } },
          "type": "cond-expr",
          "locations": [
            { "start": { "line": 10, "column": 8 }, "end": { "line": 14, "column": 7 } },
            { "start": { "line": 15, "column": 8 }, "end": { "line": 15, "column": 10 } }
          ],
          "line": 9
        },
        "1": {
          "loc": { "start": { "line": 18, "column": 4 }, "end": { "line": 24, "column": 10 } },
          "type": "cond-expr",
          "locations": [
            { "start": { "line": 19, "column": 8 }, "end": { "line": 23, "column": 7 } },
            { "start": { "line": 24, "column": 8 }, "end": { "line": 24, "column": 10 } }
          ],
          "line": 18
        },
        "2": {
          "loc": { "start": { "line": 27, "column": 4 }, "end": { "line": 32, "column": 10 } },
          "type": "cond-expr",
          "locations": [
            { "start": { "line": 28, "column": 8 }, "end": { "line": 31, "column": 7 } },
            { "start": { "line": 32, "column": 8 }, "end": { "line": 32, "column": 10 } }
          ],
          "line": 27
        },
        "3": {
          "loc": { "start": { "line": 35, "column": 4 }, "end": { "line": 42, "column": 10 } },
          "type": "cond-expr",
          "locations": [
            { "start": { "line": 36, "column": 8 }, "end": { "line": 41, "column": 7 } },
            { "start": { "line": 42, "column": 8 }, "end": { "line": 42, "column": 10 } }
          ],
          "line": 35
        },
        "4": {
          "loc": { "start": { "line": 45, "column": 4 }, "end": { "line": 61, "column": 10 } },
          "type": "cond-expr",
          "locations": [
            { "start": { "line": 46, "column": 8 }, "end": { "line": 60, "column": 7 } },
            { "start": { "line": 61, "column": 8 }, "end": { "line": 61, "column": 10 } }
          ],
          "line": 45
        },
        "5": {
          "loc": { "start": { "line": 63, "column": 14 }, "end": { "line": 63, "column": 64 } },
          "type": "cond-expr",
          "locations": [
            { "start": { "line": 63, "column": 38 }, "end": { "line": 63, "column": 59 } },
            { "start": { "line": 63, "column": 62 }, "end": { "line": 63, "column": 64 } }
          ],
          "line": 63
        }
      },
      "s": { "0": 7, "1": 7, "2": 7, "3": 7, "4": 7, "5": 7, "6": 7, "7": 7 },
      "f": { "0": 7, "1": 7, "2": 7, "3": 7, "4": 7, "5": 7, "6": 7, "7": 7 },
      "b": { "0": [0, 7], "1": [3, 4], "2": [3, 4], "3": [3, 4], "4": [0, 7], "5": [0, 7] },
      "_coverageSchema": "43e27e138ebf9cfc5966b082cf9a028302ed4184",
      "hash": "5281264ee788f3588fe2a5cb6e958a5354266066"
    },
    "C:\\Users\\aaspraka\\Desktop\\Project\\atomic-react-components\\lib\\components\\atoms\\Image\\Image.js": {
      "path": "C:\\Users\\aaspraka\\Desktop\\Project\\atomic-react-components\\lib\\components\\atoms\\Image\\Image.js",
      "statementMap": {
        "0": { "start": { "line": 22, "column": 14 }, "end": { "line": 54, "column": 1 } },
        "1": { "start": { "line": 35, "column": 2 }, "end": { "line": 53, "column": 4 } },
        "2": { "start": { "line": 49, "column": 12 }, "end": { "line": 49, "column": 46 } },
        "3": { "start": { "line": 56, "column": 0 }, "end": { "line": 63, "column": 2 } }
      },
      "fnMap": {
        "0": {
          "name": "(anonymous_0)",
          "decl": { "start": { "line": 22, "column": 14 }, "end": { "line": 22, "column": 15 } },
          "loc": { "start": { "line": 35, "column": 2 }, "end": { "line": 53, "column": 4 } },
          "line": 35
        },
        "1": {
          "name": "(anonymous_1)",
          "decl": { "start": { "line": 47, "column": 10 }, "end": { "line": 47, "column": 11 } },
          "loc": { "start": { "line": 47, "column": 19 }, "end": { "line": 50, "column": 11 } },
          "line": 47
        }
      },
      "branchMap": {
        "0": {
          "loc": { "start": { "line": 38, "column": 12 }, "end": { "line": 38, "column": 26 } },
          "type": "binary-expr",
          "locations": [
            { "start": { "line": 38, "column": 12 }, "end": { "line": 38, "column": 18 } },
            { "start": { "line": 38, "column": 22 }, "end": { "line": 38, "column": 26 } }
          ],
          "line": 38
        },
        "1": {
[...]
          "line": 20
        }
      },
      "branchMap": {
        "0": {
          "loc": { "start": { "line": 18, "column": 7 }, "end": { "line": 27, "column": 10 } },
          "type": "binary-expr",
          "locations": [
            { "start": { "line": 18, "column": 7 }, "end": { "line": 18, "column": 15 } },
            { "start": { "line": 19, "column": 8 }, "end": { "line": 27, "column": 10 } }
          ],
          "line": 18
        },
        "1": {
          "loc": { "start": { "line": 21, "column": 13 }, "end": { "line": 25, "column": 13 } },
          "type": "cond-expr",
          "locations": [
            { "start": { "line": 22, "column": 14 }, "end": { "line": 22, "column": 54 } },
            { "start": { "line": 24, "column": 14 }, "end": { "line": 24, "column": 34 } }
          ],
          "line": 21
        }
      },
      "s": { "0": 1, "1": 1, "2": 3 },
      "f": { "0": 1, "1": 3 },
      "b": { "0": [1, 1], "1": [1, 2] },
      "_coverageSchema": "43e27e138ebf9cfc5966b082cf9a028302ed4184",
      "hash": "aeff399dadd0f5d77da9105bb20c17416102c181"
    },
    "C:\\Users\\aaspraka\\Desktop\\Project\\atomic-react-components\\lib\\components\\molecules\\Breadcrumb\\Breadcrumb.style.js": {
      "path": "C:\\Users\\aaspraka\\Desktop\\Project\\atomic-react-components\\lib\\components\\molecules\\Breadcrumb\\Breadcrumb.style.js",
      "statementMap": {
        "0": { "start": { "line": 4, "column": 14 }, "end": { "line": 4, "column": 64 } }
      },
      "fnMap": {
        "0": {
          "name": "(anonymous_0)",
          "decl": { "start": { "line": 4, "column": 4 }, "end": { "line": 4, "column": 5 } },
          "loc": { "start": { "line": 4, "column": 14 }, "end": { "line": 4, "column": 64 } },
          "line": 4
        }
      },
      "branchMap": {
        "0": {
          "loc": { "start": { "line": 4, "column": 14 }, "end": { "line": 4, "column": 64 } },
          "type": "cond-expr",
          "locations": [
            { "start": { "line": 4, "column": 38 }, "end": { "line": 4, "column": 59 } },
            { "start": { "line": 4, "column": 62 }, "end": { "line": 4, "column": 64 } }
          ],
          "line": 4
        }
      },
      "s": { "0": 0 },
      "f": { "0": 0 },
      "b": { "0": [0, 0] },
      "_coverageSchema": "43e27e138ebf9cfc5966b082cf9a028302ed4184",
      "hash": "c6e665f32dead4fc21f9d3335983ff6423123a89"
    },
    "C:\\Users\\aaspraka\\Desktop\\Project\\atomic-react-components\\lib\\components\\molecules\\ArticleThumbnail\\index.js": {
      "path": "C:\\Users\\aaspraka\\Desktop\\Project\\atomic-react-components\\lib\\components\\molecules\\ArticleThumbnail\\index.js",
      "statementMap": {},
      "fnMap": {},
      "branchMap": {},
      "s": {},
      "f": {},
      "b": {},
      "_coverageSchema": "43e27e138ebf9cfc5966b082cf9a028302ed4184",
      "hash": "db8e0513e8774bc7c7926c29cd31428afa491de0"
    },
    "C:\\Users\\aaspraka\\Desktop\\Project\\atomic-react-components\\lib\\components\\molecules\\ArticleThumbnail\\ArticleThumbnail.js": {
      "path": "C:\\Users\\aaspraka\\Desktop\\Project\\atomic-react-components\\lib\\components\\molecules\\ArticleThumbnail\\ArticleThumbnail.js",
      "statementMap": {
        "0": { "start": { "line": 15, "column": 25 }, "end": { "line": 15, "column": 96 } },
        "1": { "start": { "line": 15, "column": 52 }, "end": { "line": 15, "column": 96 } },
        "2": { "start": { "line": 17, "column": 25 }, "end": { "line": 38, "column": 1 } },
        "3": { "start": { "line": 24, "column": 19 }, "end": { "line": 24, "column": 39 } },
        "4": { "start": { "line": 25, "column": 2 }, "end": { "line": 27, "column": 3 } },
        "5": { "start": { "line": 26, "column": 4 }, "end": { "line": 26, "column": 59 } },
        "6": { "start": { "line": 28, "column": 2 }, "end": { "line": 31, "column": 3 } },
        "7": { "start": { "line": 29, "column": 25 }, "end": { "line": 29, "column": 71 } },
        "8": { "start": { "line": 30, "column": 4 }, "end": { "line": 30, "column": 94 } },
        "9": { "start": { "line": 33, "column": 2 }, "end": { "line": 37, "column": 4 } },
        "10": { "start": { "line": 40, "column": 0 }, "end": { "line": 42, "column": 2 } }
      },
      "fnMap": {
        "0": {
          "name": "(anonymous_0)",
          "decl": { "start": { "line": 15, "column": 25 }, "end": { "line": 15, "column": 26 } },
          "loc": { "start": { "line": 15, "column": 52 }, "end": { "line": 15, "column": 96 } },
          "line": 15
        },
        "1": {
          "name": "(anonymous_1)",
          "decl": { "start": { "line": 17, "column": 25 }, "end": { "line": 17, "column": 26 } },
          "loc": { "start": { "line": 23, "column": 19 }, "end": { "line": 38, "column": 1 } },
          "line": 23
        }
      },
      "branchMap": {
        "0": {
          "loc": { "start": { "line": 25, "column": 2 }, "end": { "line": 27, "column": 3 } },
          "type": "if",
          "locations": [
            { "start": { "line": 25, "column": 2 }, "end": { "line": 27, "column": 3 } },
            { "start": { "line": 25, "column": 2 }, "end": { "line": 27, "column": 3 } }
          ],
          "line": 25
        },
        "1": {
          "loc": { "start": { "line": 25, "column": 6 }, "end": { "line": 25, "column": 36 } },
          "type": "binary-expr",
          "locations": [
            { "start": { "line": 25, "column": 6 }, "end": { "line": 25, "column": 21 } },
            { "start": { "line": 25, "column": 25 }, "end": { "line": 25, "column": 36 } }
          ],
          "line": 25
        },
        "2": {
          "loc": { "start": { "line": 28, "column": 2 }, "end": { "line": 31, "column": 3 } },
          "type": "if",
          "locations": [
            { "start": { "line": 28, "column": 2 }, "end": { "line": 31, "column": 3 } },
            { "start": { "line": 28, "column": 2 }, "end": { "line": 31, "column": 3 } }
          ],
          "line": 28
        }
      },
      "s": {
        "0": 1,
        "1": 3,
        "2": 1,
        "3": 2,
        "4": 2,
        "5": 1,
        "6": 2,
        "7": 1,
        "8": 1,
        "9": 1,
        "10": 1
      },
      "f": { "0": 3, "1": 2 },
      "b": { "0": [1, 1], "1": [2, 1], "2": [1, 1] },
      "_coverageSchema": "43e27e138ebf9cfc5966b082cf9a028302ed4184",
      "hash": "25acee1ed2b7d3d031c4b9075ef19091ebd01f97"
    },
    "C:\\Users\\aaspraka\\Desktop\\Project\\atomic-react-components\\lib\\components\\molecules\\ArticleThumbnail\\ArticleThumbnail.style.js": {
      "path": "C:\\Users\\aaspraka\\Desktop\\Project\\atomic-react-components\\lib\\components\\molecules\\ArticleThumbnail\\ArticleThumbnail.style.js",
      "statementMap": {
        "0": { "start": { "line": 3, "column": 15 }, "end": { "line": 8, "column": 1 } }
      },
      "fnMap": {},
      "branchMap": {},
      "s": { "0": 1 },
      "f": {},
      "b": {},
      "_coverageSchema": "43e27e138ebf9cfc5966b082cf9a028302ed4184",
      "hash": "13d172f6d4450ea61ea6e55318b5e8da7d7452f7"
    },
    "C:\\Users\\aaspraka\\Desktop\\Project\\atomic-react-components\\lib\\components\\atoms\\Heading\\index.js": {
      "path": "C:\\Users\\aaspraka\\Desktop\\Project\\atomic-react-components\\lib\\components\\atoms\\Heading\\index.js",
      "statementMap": {},
      "fnMap": {},
      "branchMap": {},
      "s": {},
      "f": {},
      "b": {},
      "_coverageSchema": "43e27e138ebf9cfc5966b082cf9a028302ed4184",
      "hash": "0a7279e9c591fb94f5d33874536603d929586843"
    },
    "C:\\Users\\aaspraka\\Desktop\\Project\\atomic-react-components\\lib\\components\\atoms\\Heading\\Heading.js": {
      "path": "C:\\Users\\aaspraka\\Desktop\\Project\\atomic-react-components\\lib\\components\\atoms\\Heading\\Heading.js",
      "statementMap": {
        "0": { "start": { "line": 17, "column": 16 }, "end": { "line": 32, "column": 1 } },
        "1": { "start": { "line": 25, "column": 2 }, "end": { "line": 31, "column": 16 } },
        "2": { "start": { "line": 34, "column": 0 }, "end": { "line": 38, "column": 2 } }
      },
      "fnMap": {
        "0": {
          "name": "(anonymous_0)",
          "decl": { "start": { "line": 17, "column": 16 }, "end": { "line": 17, "column": 17 } },
          "loc": { "start": { "line": 25, "column": 2 }, "end": { "line": 31, "column": 16 } },
          "line": 25
        }
      },
      "branchMap": {
        "0": {
          "loc": { "start": { "line": 20, "column": 2 }, "end": { "line": 20, "column": 20 } },
          "type": "default-arg",
          "locations": [
            { "start": { "line": 20, "column": 16 }, "end": { "line": 20, "column": 20 } }
          ],
          "line": 20
        },
        "1": {
          "loc": { "start": { "line": 27, "column": 18 }, "end": { "line": 27, "column": 94 } },
          "type": "binary-expr",
          "locations": [
            { "start": { "line": 27, "column": 18 }, "end": { "line": 27, "column": 32 } },
            { "start": { "line": 27, "column": 36 }, "end": { "line": 27, "column": 94 } }
          ],
          "line": 27
        }
      },
      "s": { "0": 1, "1": 3, "2": 1 },
      "f": { "0": 3 },
      "b": { "0": [0], "1": [3, 2] },
      "_coverageSchema": "43e27e138ebf9cfc5966b082cf9a028302ed4184",
      "hash": "f0db06ce6034ef6126d57681b9e48b4f03728e5d"
    },
    "C:\\Users\\aaspraka\\Desktop\\Project\\atomic-react-components\\lib\\components\\atoms\\Heading\\Heading.style.js": {
      "path": "C:\\Users\\aaspraka\\Desktop\\Project\\atomic-react-components\\lib\\components\\atoms\\Heading\\Heading.style.js",
      "statementMap": {
        "0": { "start": { "line": 5, "column": 4 }, "end": { "line": 16, "column": 5 } },
        "1": { "start": { "line": 7, "column": 8 }, "end": { "line": 7, "column": 46 } },
        "2": { "start": { "line": 9, "column": 8 }, "end": { "line": 9, "column": 46 } },
        "3": { "start": { "line": 11, "column": 8 }, "end": { "line": 11, "column": 46 } },
        "4": { "start": { "line": 13, "column": 8 }, "end": { "line": 13, "column": 46 } },
        "5": { "start": { "line": 15, "column": 8 }, "end": { "line": 15, "column": 51 } },
        "6": { "start": { "line": 18, "column": 14 }, "end": { "line": 18, "column": 64 } }
      },
      "fnMap": {
        "0": {
          "name": "(anonymous_0)",
          "decl": { "start": { "line": 4, "column": 4 }, "end": { "line": 4, "column": 5 } },
          "loc": { "start": { "line": 4, "column": 13 }, "end": { "line": 17, "column": 3 } },
          "line": 4
        },
        "1": {
          "name": "(anonymous_1)",
          "decl": { "start": { "line": 18, "column": 4 }, "end": { "line": 18, "column": 5 } },
          "loc": { "start": { "line": 18, "column": 14 }, "end": { "line": 18, "column": 64 } },
          "line": 18
        }
      },
      "branchMap": {
        "0": {
          "loc": { "start": { "line": 5, "column": 4 }, "end": { "line": 16, "column": 5 } },
          "type": "switch",
          "locations": [
            { "start": { "line": 6, "column": 6 }, "end": { "line": 7, "column": 46 } },
            { "start": { "line": 8, "column": 6 }, "end": { "line": 9, "column": 46 } },
            { "start": { "line": 10, "column": 6 }, "end": { "line": 11, "column": 46 } },
            { "start": { "line": 12, "column": 6 }, "end": { "line": 13, "column": 46 } },
            { "start": { "line": 14, "column": 6 }, "end": { "line": 15, "column": 51 } }
          ],
          "line": 5
        },
        "1": {
          "loc": { "start": { "line": 18, "column": 14 }, "end": { "line": 18, "column": 64 } },
          "type": "cond-expr",
          "locations": [
            { "start": { "line": 18, "column": 38 }, "end": { "line": 18, "column": 59 } },
            { "start": { "line": 18, "column": 62 }, "end": { "line": 18, "column": 64 } }
          ],
          "line": 18
        }
      },
      "s": { "0": 0, "1": 0, "2": 0, "3": 0, "4": 0, "5": 0, "6": 0 },
      "f": { "0": 0, "1": 0 },
      "b": { "0": [0, 0, 0, 0, 0], "1": [0, 0] },
      "_coverageSchema": "43e27e138ebf9cfc5966b082cf9a028302ed4184",
      "hash": "df075f822c5e61ac40f7140522dde4bcefe45c26"
    },
    "C:\\Users\\aaspraka\\Desktop\\Project\\atomic-react-components\\lib\\components\\molecules\\Modal\\Modal.js": {
      "path": "C:\\Users\\aaspraka\\Desktop\\Project\\atomic-react-components\\lib\\components\\molecules\\Modal\\Modal.js",
      "statementMap": {
        "0": { "start": { "line": 54, "column": 14 }, "end": { "line": 102, "column": 1 } },
        "1": { "start": { "line": 78, "column": 2 }, "end": { "line": 101, "column": 4 } },
        "2": { "start": { "line": 104, "column": 0 }, "end": { "line": 125, "column": 2 } },
        "3": { "start": { "line": 121, "column": 24 }, "end": { "line": 121, "column": 49 } }
      },
      "fnMap": {
        "0": {
          "name": "(anonymous_0)",
          "decl": { "start": { "line": 54, "column": 14 }, "end": { "line": 54, "column": 15 } },
          "loc": { "start": { "line": 78, "column": 2 }, "end": { "line": 101, "column": 4 } },
          "line": 78
        },
        "1": {
          "name": "(anonymous_1)",
          "decl": { "start": { "line": 121, "column": 18 }, "end": { "line": 121, "column": 19 } },
          "loc": { "start": { "line": 121, "column": 24 }, "end": { "line": 121, "column": 49 } },
          "line": 121
        }
      },
      "branchMap": {
        "0": {
          "loc": { "start": { "line": 121, "column": 24 }, "end": { "line": 121, "column": 49 } },
          "type": "binary-expr",
          "locations": [
            { "start": { "line": 121, "column": 24 }, "end": { "line": 121, "column": 32 } },
            { "start": { "line": 121, "column": 36 }, "end": { "line": 121, "column": 49 } }
          ],
          "line": 121
        }
      },
      "s": { "0": 1, "1": 1, "2": 1, "3": 0 },
      "f": { "0": 1, "1": 0 },
      "b": { "0": [0, 0] },
      "_coverageSchema": "43e27e138ebf9cfc5966b082cf9a028302ed4184",
      "hash": "72ca0a3ef83f3af86a3d3c22d36aaaf484e7bbb9"
    },
    "C:\\Users\\aaspraka\\Desktop\\Project\\atomic-react-components\\lib\\components\\molecules\\Modal\\Modal.style.js": {
      "path": "C:\\Users\\aaspraka\\Desktop\\Project\\atomic-react-components\\lib\\components\\molecules\\Modal\\Modal.style.js",
      "statementMap": {
        "0": { "start": { "line": 3, "column": 15 }, "end": { "line": 5, "column": 1 } },
        "1": { "start": { "line": 4, "column": 14 }, "end": { "line": 4, "column": 64 } }
      },
      "fnMap": {
        "0": {
          "name": "(anonymous_0)",
          "decl": { "start": { "line": 4, "column": 4 }, "end": { "line": 4, "column": 5 } },
          "loc": { "start": { "line": 4, "column": 14 }, "end": { "line": 4, "column": 64 } },
          "line": 4
        }
      },
      "branchMap": {
        "0": {
          "loc": { "start": { "line": 4, "column": 14 }, "end": { "line": 4, "column": 64 } },
          "type": "cond-expr",
          "locations": [
            { "start": { "line": 4, "column": 38 }, "end": { "line": 4, "column": 59 } },
            { "start": { "line": 4, "column": 62 }, "end": { "line": 4, "column": 64 } }
          ],
          "line": 4
        }
      },
      "s": { "0": 1, "1": 0 },
      "f": { "0": 0 },
      "b": { "0": [0, 0] },
      "_coverageSchema": "43e27e138ebf9cfc5966b082cf9a028302ed4184",
      "hash": "d72d4f2fbf02a487941cec1e204f0bd55171f456"
    },
    "C:\\Users\\aaspraka\\Desktop\\Project\\atomic-react-components\\lib\\core\\utils\\getDisplayName.js": {
      "path": "C:\\Users\\aaspraka\\Desktop\\Project\\atomic-react-components\\lib\\core\\utils\\getDisplayName.js",
      "statementMap": {
        "0": { "start": { "line": 1, "column": 30 }, "end": { "line": 3, "column": 1 } },
        "1": { "start": { "line": 2, "column": 2 }, "end": { "line": 2, "column": 78 } }
      },
      "fnMap": {
        "0": {
          "name": "(anonymous_0)",
          "decl": { "start": { "line": 1, "column": 30 }, "end": { "line": 1, "column": 31 } },
          "loc": { "start": { "line": 1, "column": 50 }, "end": { "line": 3, "column": 1 } },
          "line": 1
        }
      },
      "branchMap": {
        "0": {
          "loc": { "start": { "line": 2, "column": 9 }, "end": { "line": 2, "column": 77 } },
          "type": "binary-expr",
          "locations": [
            { "start": { "line": 2, "column": 9 }, "end": { "line": 2, "column": 37 } },
            { "start": { "line": 2, "column": 41 }, "end": { "line": 2, "column": 62 } },
            { "start": { "line": 2, "column": 66 }, "end": { "line": 2, "column": 77 } }
          ],
          "line": 2
        }
      },
      "s": { "0": 0, "1": 0 },
      "f": { "0": 0 },
      "b": { "0": [0, 0, 0] },
      "hash": "29003c9b10b200db0fa6ebd054a4a2f0b45f42ea"
    },
    "C:\\Users\\aaspraka\\Desktop\\Project\\atomic-react-components\\lib\\components\\molecules\\Tabs\\types\\index.js": {
      "path": "C:\\Users\\aaspraka\\Desktop\\Project\\atomic-react-components\\lib\\components\\molecules\\Tabs\\types\\index.js",
      "statementMap": {},
      "fnMap": {},
      "branchMap": {},
      "s": {},
      "f": {},
      "b": {},
      "hash": "04161b74eb82cda1064b4a101fef4cd434b1dff7"
    },
    "C:\\Users\\aaspraka\\Desktop\\Project\\atomic-react-components\\lib\\components\\molecules\\Modal\\index.js": {
      "path": "C:\\Users\\aaspraka\\Desktop\\Project\\atomic-react-components\\lib\\components\\molecules\\Modal\\index.js",
      "statementMap": {},
      "fnMap": {},
      "branchMap": {},
      "s": {},
      "f": {},
      "b": {},
      "hash": "d5c76345a5a62a8592a0817434f0ba480b05491a"
    },
    "C:\\Users\\aaspraka\\Desktop\\Project\\atomic-react-components\\lib\\components\\atoms\\Image\\index.js": {
      "path": "C:\\Users\\aaspraka\\Desktop\\Project\\atomic-react-components\\lib\\components\\atoms\\Image\\index.js",
      "statementMap": {},
      "fnMap": {},
      "branchMap": {},
      "s": {},
      "f": {},
      "b": {},
      "hash": "fa5b5e2fa8d501264c7980809ca87710bb31b4ed"
    },
    "C:\\Users\\aaspraka\\Desktop\\Project\\atomic-react-components\\lib\\components\\molecules\\ArticleThumbnail\\types\\index.js": {
      "path": "C:\\Users\\aaspraka\\Desktop\\Project\\atomic-react-components\\lib\\components\\molecules\\ArticleThumbnail\\types\\index.js",
      "statementMap": {},
      "fnMap": {},
      "branchMap": {},
      "s": {},
      "f": {},
      "b": {},
      "hash": "a5d7793751e11a51afada98c965636b977de7b9b"
    },
    "C:\\Users\\aaspraka\\Desktop\\Project\\atomic-react-components\\lib\\components\\molecules\\Breadcrumb\\types\\index.js": {
      "path": "C:\\Users\\aaspraka\\Desktop\\Project\\atomic-react-components\\lib\\components\\molecules\\Breadcrumb\\types\\index.js",
      "statementMap": {},
      "fnMap": {},
      "branchMap": {},
      "s": {},
      "f": {},
      "b": {},
      "hash": "707c858ec2f9bdc9574384f307f093bf69bb2868"
    },
    "C:\\Users\\aaspraka\\Desktop\\Project\\atomic-react-components\\lib\\components\\molecules\\StickyBar\\types\\index.js": {
      "path": "C:\\Users\\aaspraka\\Desktop\\Project\\atomic-react-components\\lib\\components\\molecules\\StickyBar\\types\\index.js",
      "statementMap": {},
      "fnMap": {},
      "branchMap": {},
      "s": {},
      "f": {},
      "b": {},
      "hash": "c8df0503fa54a8e3a7fbd7f6be11106ba0e61e3d"
    },
    "C:\\Users\\aaspraka\\Desktop\\Project\\atomic-react-components\\lib\\components\\molecules\\Popover\\types\\index.js": {
      "path": "C:\\Users\\aaspraka\\Desktop\\Project\\atomic-react-components\\lib\\components\\molecules\\Popover\\types\\index.js",
      "statementMap": {},
      "fnMap": {},
      "branchMap": {},
      "s": {},
      "f": {},
      "b": {},
      "hash": "91b6c2b24e7e35a3eff4ca75f934cf472e37fd4a"
    }
  }
}
