{
  "numFailedTestSuites": 0,
  "numFailedTests": 0,
  "numPassedTestSuites": 1,
  "numPassedTests": 9,
  "numPendingTestSuites": 0,
  "numPendingTests": 0,
  "numRuntimeErrorTestSuites": 0,
  "numTodoTests": 0,
  "numTotalTestSuites": 1,
  "numTotalTests": 9,
  "openHandles": [],
  "snapshot": {
    "added": 0,
    "didUpdate": false,
    "failure": false,
    "filesAdded": 0,
    "filesRemoved": 0,
    "filesRemovedList": [],
    "filesUnmatched": 0,
    "filesUpdated": 0,
    "matched": 1,
    "total": 1,
    "unchecked": 0,
    "uncheckedKeysByFile": [],
    "unmatched": 0,
    "updated": 0
  },
  "startTime": 1576499331387,
  "success": false,
  "testResults": [
    {
      "assertionResults": [
        {
          "ancestorTitles": ["<Toast />"],
          "failureMessages": [],
          "fullName": "<Toast /> <Toast />should render correctly",
          "location": null,
          "status": "passed",
          "title": "<Toast />should render correctly"
        },
        {
          "ancestorTitles": ["<Toast /> Component"],
          "failureMessages": [],
          "fullName": "<Toast /> Component is rendering root div,if isVisible prop is true ",
          "location": null,
          "status": "passed",
          "title": "is rendering root div,if isVisible prop is true "
        },
        {
          "ancestorTitles": ["<Toast /> Component"],
          "failureMessages": [],
          "fullName": "<Toast /> Component not rendering root div,if isVisible prop is false",
          "location": null,
          "status": "passed",
          "title": "not rendering root div,if isVisible prop is false"
        },
        {
          "ancestorTitles": ["<Toast /> Component"],
          "failureMessages": [],
          "fullName": "<Toast /> Component is rendering all necessary elements rendered if isVisible prop is true",
          "location": null,
          "status": "passed",
          "title": "is rendering all necessary elements rendered if isVisible prop is true"
        },
        {
          "ancestorTitles": ["<Toast /> Component"],
          "failureMessages": [],
          "fullName": "<Toast /> Component is rendering ProgressBar if autoDismissTimeout is set as 0",
          "location": null,
          "status": "passed",
          "title": "is rendering ProgressBar if autoDismissTimeout is set as 0"
        },
        {
          "ancestorTitles": ["<Toast /> Component"],
          "failureMessages": [],
          "fullName": "<Toast /> Component is rendering ProgressBar if autoDismissTimeout is set as 3000",
          "location": null,
          "status": "passed",
          "title": "is rendering ProgressBar if autoDismissTimeout is set as 3000"
        },
        {
          "ancestorTitles": ["<Toast /> Component"],
          "failureMessages": [],
          "fullName": "<Toast /> Component is rendering children ",
          "location": null,
          "status": "passed",
          "title": "is rendering children "
        },
        {
          "ancestorTitles": ["<Toast /> Component is checking effects on"],
          "failureMessages": [],
          "fullName": "<Toast /> Component is checking effects on onClick event, should dismiss the toast when clicking  on click of X button click",
          "location": null,
          "status": "passed",
          "title": "onClick event, should dismiss the toast when clicking  on click of X button click"
        },
        {
          "ancestorTitles": ["<Toast /> component useeffect hook for autodismiss"],
          "failureMessages": [],
          "fullName": "<Toast /> component useeffect hook for autodismiss autodismiss after timeout",
          "location": null,
          "status": "passed",
          "title": "autodismiss after timeout"
        }
      ],
      "endTime": 1576499339633,
      "message": "",
      "name": "D:\\atomic-react-components\\lib\\components\\molecules\\Toast\\tests\\Toast.test.js",
      "startTime": 1576499334514,
      "status": "passed",
      "summary": ""
    }
  ],
  "wasInterrupted": false,
  "coverageMap": {
    "D:\\atomic-react-components\\lib\\components\\molecules\\Toast\\index.js": {
      "path": "D:\\atomic-react-components\\lib\\components\\molecules\\Toast\\index.js",
      "statementMap": {},
      "fnMap": {},
      "branchMap": {},
      "s": {},
      "f": {},
      "b": {},
      "_coverageSchema": "43e27e138ebf9cfc5966b082cf9a028302ed4184",
      "hash": "f4137b38f7fe1f54ebeffe2d8a7ac569c046d61a"
    },
    "D:\\atomic-react-components\\lib\\components\\molecules\\Toast\\Toast.js": {
      "path": "D:\\atomic-react-components\\lib\\components\\molecules\\Toast\\Toast.js",
      "statementMap": {
        "0": { "start": { "line": 14, "column": 14 }, "end": { "line": 53, "column": 1 } },
        "1": { "start": { "line": 19, "column": 36 }, "end": { "line": 19, "column": 61 } },
        "2": { "start": { "line": 21, "column": 2 }, "end": { "line": 31, "column": 5 } },
        "3": { "start": { "line": 26, "column": 4 }, "end": { "line": 30, "column": 5 } },
        "4": { "start": { "line": 27, "column": 6 }, "end": { "line": 29, "column": 29 } },
        "5": { "start": { "line": 28, "column": 8 }, "end": { "line": 28, "column": 28 } },
        "6": { "start": { "line": 36, "column": 16 }, "end": { "line": 38, "column": 3 } },
        "7": { "start": { "line": 37, "column": 4 }, "end": { "line": 37, "column": 29 } },
        "8": { "start": { "line": 40, "column": 2 }, "end": { "line": 52, "column": 4 } },
        "9": { "start": { "line": 55, "column": 0 }, "end": { "line": 58, "column": 2 } }
      },
      "fnMap": {
        "0": {
          "name": "(anonymous_0)",
          "decl": { "start": { "line": 14, "column": 14 }, "end": { "line": 14, "column": 15 } },
          "loc": { "start": { "line": 14, "column": 87 }, "end": { "line": 53, "column": 1 } },
          "line": 14
        },
        "1": {
          "name": "(anonymous_1)",
          "decl": { "start": { "line": 21, "column": 18 }, "end": { "line": 21, "column": 19 } },
          "loc": { "start": { "line": 21, "column": 24 }, "end": { "line": 31, "column": 3 } },
          "line": 21
        },
        "2": {
          "name": "(anonymous_2)",
          "decl": { "start": { "line": 27, "column": 17 }, "end": { "line": 27, "column": 18 } },
          "loc": { "start": { "line": 27, "column": 23 }, "end": { "line": 29, "column": 7 } },
          "line": 27
        },
        "3": {
          "name": "(anonymous_3)",
          "decl": { "start": { "line": 36, "column": 16 }, "end": { "line": 36, "column": 17 } },
          "loc": { "start": { "line": 36, "column": 22 }, "end": { "line": 38, "column": 3 } },
          "line": 36
        }
      },
      "branchMap": {
        "0": {
          "loc": { "start": { "line": 26, "column": 4 }, "end": { "line": 30, "column": 5 } },
          "type": "if",
          "locations": [
            { "start": { "line": 26, "column": 4 }, "end": { "line": 30, "column": 5 } },
            { "start": { "line": 26, "column": 4 }, "end": { "line": 30, "column": 5 } }
          ],
          "line": 26
        },
        "1": {
          "loc": { "start": { "line": 26, "column": 8 }, "end": { "line": 26, "column": 43 } },
          "type": "binary-expr",
          "locations": [
            { "start": { "line": 26, "column": 8 }, "end": { "line": 26, "column": 17 } },
            { "start": { "line": 26, "column": 21 }, "end": { "line": 26, "column": 43 } }
          ],
          "line": 26
        },
        "2": {
          "loc": { "start": { "line": 42, "column": 7 }, "end": { "line": 50, "column": 7 } },
          "type": "binary-expr",
          "locations": [
            { "start": { "line": 42, "column": 7 }, "end": { "line": 42, "column": 16 } },
            { "start": { "line": 43, "column": 8 }, "end": { "line": 49, "column": 14 } }
          ],
          "line": 42
        },
        "3": {
          "loc": { "start": { "line": 48, "column": 11 }, "end": { "line": 48, "column": 68 } },
          "type": "binary-expr",
          "locations": [
            { "start": { "line": 48, "column": 11 }, "end": { "line": 48, "column": 31 } },
            { "start": { "line": 48, "column": 35 }, "end": { "line": 48, "column": 68 } }
          ],
          "line": 48
        }
      },
      "s": { "0": 1, "1": 6, "2": 6, "3": 2, "4": 1, "5": 1, "6": 6, "7": 1, "8": 6, "9": 1 },
      "f": { "0": 6, "1": 2, "2": 1, "3": 1 },
      "b": { "0": [1, 1], "1": [2, 1], "2": [6, 4], "3": [4, 3] },
      "_coverageSchema": "43e27e138ebf9cfc5966b082cf9a028302ed4184",
      "hash": "99739fabfb2c4eaa3205a74e4f83134848d76ce9"
    },
    "D:\\atomic-react-components\\lib\\components\\molecules\\Toast\\Toast.style.js": {
      "path": "D:\\atomic-react-components\\lib\\components\\molecules\\Toast\\Toast.style.js",
      "statementMap": {
        "0": { "start": { "line": 3, "column": 20 }, "end": { "line": 57, "column": 1 } },
        "1": { "start": { "line": 18, "column": 39 }, "end": { "line": 18, "column": 78 } },
        "2": { "start": { "line": 21, "column": 4 }, "end": { "line": 23, "column": 10 } },
        "3": { "start": { "line": 24, "column": 14 }, "end": { "line": 24, "column": 81 } },
        "4": { "start": { "line": 25, "column": 14 }, "end": { "line": 25, "column": 87 } },
        "5": { "start": { "line": 26, "column": 14 }, "end": { "line": 26, "column": 87 } },
        "6": { "start": { "line": 27, "column": 14 }, "end": { "line": 27, "column": 83 } },
        "7": { "start": { "line": 28, "column": 14 }, "end": { "line": 28, "column": 64 } },
        "8": { "start": { "line": 33, "column": 15 }, "end": { "line": 33, "column": 53 } }
      },
      "fnMap": {
        "0": {
          "name": "(anonymous_0)",
          "decl": { "start": { "line": 18, "column": 30 }, "end": { "line": 18, "column": 31 } },
          "loc": { "start": { "line": 18, "column": 39 }, "end": { "line": 18, "column": 78 } },
          "line": 18
        },
        "1": {
          "name": "(anonymous_1)",
          "decl": { "start": { "line": 20, "column": 4 }, "end": { "line": 20, "column": 5 } },
          "loc": { "start": { "line": 21, "column": 4 }, "end": { "line": 23, "column": 10 } },
          "line": 21
        },
        "2": {
          "name": "(anonymous_2)",
          "decl": { "start": { "line": 24, "column": 4 }, "end": { "line": 24, "column": 5 } },
          "loc": { "start": { "line": 24, "column": 14 }, "end": { "line": 24, "column": 81 } },
          "line": 24
        },
        "3": {
          "name": "(anonymous_3)",
          "decl": { "start": { "line": 25, "column": 4 }, "end": { "line": 25, "column": 5 } },
          "loc": { "start": { "line": 25, "column": 14 }, "end": { "line": 25, "column": 87 } },
          "line": 25
        },
        "4": {
          "name": "(anonymous_4)",
          "decl": { "start": { "line": 26, "column": 4 }, "end": { "line": 26, "column": 5 } },
          "loc": { "start": { "line": 26, "column": 14 }, "end": { "line": 26, "column": 87 } },
          "line": 26
        },
        "5": {
          "name": "(anonymous_5)",
          "decl": { "start": { "line": 27, "column": 4 }, "end": { "line": 27, "column": 5 } },
          "loc": { "start": { "line": 27, "column": 14 }, "end": { "line": 27, "column": 83 } },
          "line": 27
        },
        "6": {
          "name": "(anonymous_6)",
          "decl": { "start": { "line": 28, "column": 4 }, "end": { "line": 28, "column": 5 } },
          "loc": { "start": { "line": 28, "column": 14 }, "end": { "line": 28, "column": 64 } },
          "line": 28
        },
        "7": {
          "name": "(anonymous_7)",
          "decl": { "start": { "line": 33, "column": 6 }, "end": { "line": 33, "column": 7 } },
          "loc": { "start": { "line": 33, "column": 15 }, "end": { "line": 33, "column": 53 } },
          "line": 33
        }
      },
      "branchMap": {
        "0": {
          "loc": { "start": { "line": 21, "column": 4 }, "end": { "line": 23, "column": 10 } },
          "type": "cond-expr",
          "locations": [
            { "start": { "line": 22, "column": 8 }, "end": { "line": 22, "column": 71 } },
            { "start": { "line": 23, "column": 8 }, "end": { "line": 23, "column": 10 } }
          ],
          "line": 21
        },
        "1": {
          "loc": { "start": { "line": 24, "column": 14 }, "end": { "line": 24, "column": 81 } },
          "type": "cond-expr",
          "locations": [
            { "start": { "line": 24, "column": 43 }, "end": { "line": 24, "column": 76 } },
            { "start": { "line": 24, "column": 79 }, "end": { "line": 24, "column": 81 } }
          ],
          "line": 24
        },
        "2": {
          "loc": { "start": { "line": 25, "column": 14 }, "end": { "line": 25, "column": 87 } },
          "type": "cond-expr",
          "locations": [
            { "start": { "line": 25, "column": 46 }, "end": { "line": 25, "column": 82 } },
            { "start": { "line": 25, "column": 85 }, "end": { "line": 25, "column": 87 } }
          ],
          "line": 25
        },
        "3": {
          "loc": { "start": { "line": 26, "column": 14 }, "end": { "line": 26, "column": 87 } },
          "type": "cond-expr",
          "locations": [
            { "start": { "line": 26, "column": 46 }, "end": { "line": 26, "column": 82 } },
            { "start": { "line": 26, "column": 85 }, "end": { "line": 26, "column": 87 } }
          ],
          "line": 26
        },
        "4": {
          "loc": { "start": { "line": 27, "column": 14 }, "end": { "line": 27, "column": 83 } },
          "type": "cond-expr",
          "locations": [
            { "start": { "line": 27, "column": 44 }, "end": { "line": 27, "column": 78 } },
            { "start": { "line": 27, "column": 81 }, "end": { "line": 27, "column": 83 } }
          ],
          "line": 27
        },
        "5": {
          "loc": { "start": { "line": 28, "column": 14 }, "end": { "line": 28, "column": 64 } },
          "type": "cond-expr",
          "locations": [
            { "start": { "line": 28, "column": 38 }, "end": { "line": 28, "column": 59 } },
            { "start": { "line": 28, "column": 62 }, "end": { "line": 28, "column": 64 } }
          ],
          "line": 28
        }
      },
      "s": { "0": 1, "1": 0, "2": 0, "3": 0, "4": 0, "5": 0, "6": 0, "7": 0, "8": 0 },
      "f": { "0": 0, "1": 0, "2": 0, "3": 0, "4": 0, "5": 0, "6": 0, "7": 0 },
      "b": { "0": [0, 0], "1": [0, 0], "2": [0, 0], "3": [0, 0], "4": [0, 0], "5": [0, 0] },
      "_coverageSchema": "43e27e138ebf9cfc5966b082cf9a028302ed4184",
      "hash": "bc42798e4661e39c6df9adf35ef4b1a291d29376"
    },
    "D:\\atomic-react-components\\lib\\components\\atoms\\Button\\index.js": {
      "path": "D:\\atomic-react-components\\lib\\components\\atoms\\Button\\index.js",
      "statementMap": {},
      "fnMap": {},
      "branchMap": {},
      "s": {},
      "f": {},
      "b": {},
      "_coverageSchema": "43e27e138ebf9cfc5966b082cf9a028302ed4184",
      "hash": "cb87f22ea18357885b54d7c35640d089ce5e1f4f"
    },
    "D:\\atomic-react-components\\lib\\components\\atoms\\Button\\Button.js": {
      "path": "D:\\atomic-react-components\\lib\\components\\atoms\\Button\\Button.js",
      "statementMap": {
        "0": { "start": { "line": 22, "column": 15 }, "end": { "line": 45, "column": 1 } },
        "1": { "start": { "line": 35, "column": 2 }, "end": { "line": 44, "column": 11 } },
        "2": { "start": { "line": 47, "column": 0 }, "end": { "line": 57, "column": 2 } }
      },
      "fnMap": {
        "0": {
          "name": "(anonymous_0)",
          "decl": { "start": { "line": 22, "column": 15 }, "end": { "line": 22, "column": 16 } },
          "loc": { "start": { "line": 35, "column": 2 }, "end": { "line": 44, "column": 11 } },
          "line": 35
        }
      },
      "branchMap": {
        "0": {
          "loc": { "start": { "line": 36, "column": 16 }, "end": { "line": 36, "column": 33 } },
          "type": "binary-expr",
          "locations": [
            { "start": { "line": 36, "column": 16 }, "end": { "line": 36, "column": 25 } },
            { "start": { "line": 36, "column": 29 }, "end": { "line": 36, "column": 33 } }
          ],
          "line": 36
        },
        "1": {
          "loc": { "start": { "line": 40, "column": 18 }, "end": { "line": 40, "column": 86 } },
          "type": "binary-expr",
          "locations": [
            { "start": { "line": 40, "column": 18 }, "end": { "line": 40, "column": 32 } },
            { "start": { "line": 40, "column": 36 }, "end": { "line": 40, "column": 86 } }
          ],
          "line": 40
        }
      },
      "s": { "0": 1, "1": 0, "2": 1 },
      "f": { "0": 0 },
      "b": { "0": [0, 0], "1": [0, 0] },
      "_coverageSchema": "43e27e138ebf9cfc5966b082cf9a028302ed4184",
      "hash": "f0057b637a6cd0230447c355d4f326ff4b2f8d48"
    },
    "D:\\atomic-react-components\\lib\\core\\utils\\elementLocator.js": {
      "path": "D:\\atomic-react-components\\lib\\core\\utils\\elementLocator.js",
      "statementMap": {
        "0": { "start": { "line": 4, "column": 36 }, "end": { "line": 20, "column": 1 } },
        "1": { "start": { "line": 5, "column": 14 }, "end": { "line": 5, "column": 16 } },
        "2": { "start": { "line": 7, "column": 2 }, "end": { "line": 18, "column": 5 } },
        "3": { "start": { "line": 8, "column": 24 }, "end": { "line": 8, "column": 29 } },
        "4": { "start": { "line": 10, "column": 4 }, "end": { "line": 16, "column": 5 } },
        "5": { "start": { "line": 11, "column": 6 }, "end": { "line": 15, "column": 9 } },
        "6": { "start": { "line": 12, "column": 8 }, "end": { "line": 12, "column": 78 } },
        "7": { "start": { "line": 13, "column": 8 }, "end": { "line": 13, "column": 51 } },
        "8": { "start": { "line": 13, "column": 30 }, "end": { "line": 13, "column": 51 } },
        "9": { "start": { "line": 14, "column": 8 }, "end": { "line": 14, "column": 29 } },
        "10": { "start": { "line": 17, "column": 4 }, "end": { "line": 17, "column": 45 } },
        "11": { "start": { "line": 19, "column": 2 }, "end": { "line": 19, "column": 29 } }
      },
      "fnMap": {
        "0": {
          "name": "(anonymous_0)",
          "decl": { "start": { "line": 4, "column": 36 }, "end": { "line": 4, "column": 37 } },
          "loc": { "start": { "line": 4, "column": 48 }, "end": { "line": 20, "column": 1 } },
          "line": 4
        },
        "1": {
          "name": "(anonymous_1)",
          "decl": { "start": { "line": 7, "column": 34 }, "end": { "line": 7, "column": 35 } },
          "loc": { "start": { "line": 7, "column": 57 }, "end": { "line": 18, "column": 3 } },
          "line": 7
        },
        "2": {
          "name": "(anonymous_2)",
          "decl": { "start": { "line": 11, "column": 28 }, "end": { "line": 11, "column": 29 } },
          "loc": { "start": { "line": 11, "column": 51 }, "end": { "line": 15, "column": 7 } },
          "line": 11
        }
      },
      "branchMap": {
        "0": {
          "loc": { "start": { "line": 10, "column": 4 }, "end": { "line": 16, "column": 5 } },
          "type": "if",
          "locations": [
            { "start": { "line": 10, "column": 4 }, "end": { "line": 16, "column": 5 } },
            { "start": { "line": 10, "column": 4 }, "end": { "line": 16, "column": 5 } }
          ],
          "line": 10
        },
        "1": {
          "loc": { "start": { "line": 12, "column": 20 }, "end": { "line": 12, "column": 67 } },
          "type": "cond-expr",
          "locations": [
            { "start": { "line": 12, "column": 59 }, "end": { "line": 12, "column": 61 } },
            { "start": { "line": 12, "column": 64 }, "end": { "line": 12, "column": 67 } }
          ],
          "line": 12
        },
        "2": {
          "loc": { "start": { "line": 12, "column": 20 }, "end": { "line": 12, "column": 56 } },
          "type": "binary-expr",
          "locations": [
            { "start": { "line": 12, "column": 20 }, "end": { "line": 12, "column": 36 } },
            { "start": { "line": 12, "column": 40 }, "end": { "line": 12, "column": 56 } }
          ],
          "line": 12
        },
        "3": {
          "loc": { "start": { "line": 13, "column": 8 }, "end": { "line": 13, "column": 51 } },
          "type": "if",
          "locations": [
            { "start": { "line": 13, "column": 8 }, "end": { "line": 13, "column": 51 } },
            { "start": { "line": 13, "column": 8 }, "end": { "line": 13, "column": 51 } }
          ],
          "line": 13
        },
        "4": {
          "loc": { "start": { "line": 17, "column": 11 }, "end": { "line": 17, "column": 44 } },
          "type": "binary-expr",
          "locations": [
            { "start": { "line": 17, "column": 11 }, "end": { "line": 17, "column": 24 } },
            { "start": { "line": 17, "column": 28 }, "end": { "line": 17, "column": 44 } }
          ],
          "line": 17
        }
      },
      "s": {
        "0": 1,
        "1": 0,
        "2": 0,
        "3": 0,
        "4": 0,
        "5": 0,
        "6": 0,
        "7": 0,
        "8": 0,
        "9": 0,
        "10": 0,
        "11": 0
      },
      "f": { "0": 0, "1": 0, "2": 0 },
      "b": { "0": [0, 0], "1": [0, 0], "2": [0, 0], "3": [0, 0], "4": [0, 0] },
      "_coverageSchema": "43e27e138ebf9cfc5966b082cf9a028302ed4184",
      "hash": "9ba27821f0ab8241e59395f775ac6925512998f1"
    },
    "D:\\atomic-react-components\\lib\\components\\atoms\\Button\\Button.style.js": {
      "path": "D:\\atomic-react-components\\lib\\components\\atoms\\Button\\Button.style.js",
      "statementMap": {
        "0": { "start": { "line": 3, "column": 21 }, "end": { "line": 29, "column": 1 } },
        "1": { "start": { "line": 8, "column": 22 }, "end": { "line": 8, "column": 64 } },
        "2": { "start": { "line": 9, "column": 13 }, "end": { "line": 13, "column": 3 } },
        "3": { "start": { "line": 14, "column": 13 }, "end": { "line": 14, "column": 69 } },
        "4": { "start": { "line": 16, "column": 4 }, "end": { "line": 21, "column": 10 } },
        "5": { "start": { "line": 22, "column": 13 }, "end": { "line": 22, "column": 48 } },
        "6": { "start": { "line": 28, "column": 14 }, "end": { "line": 28, "column": 64 } }
      },
      "fnMap": {
        "0": {
          "name": "(anonymous_0)",
          "decl": { "start": { "line": 8, "column": 12 }, "end": { "line": 8, "column": 13 } },
          "loc": { "start": { "line": 8, "column": 22 }, "end": { "line": 8, "column": 64 } },
          "line": 8
        },
        "1": {
          "name": "(anonymous_1)",
          "decl": { "start": { "line": 9, "column": 4 }, "end": { "line": 9, "column": 5 } },
          "loc": { "start": { "line": 9, "column": 13 }, "end": { "line": 13, "column": 3 } },
          "line": 9
        },
        "2": {
          "name": "(anonymous_2)",
          "decl": { "start": { "line": 14, "column": 4 }, "end": { "line": 14, "column": 5 } },
          "loc": { "start": { "line": 14, "column": 13 }, "end": { "line": 14, "column": 69 } },
          "line": 14
        },
        "3": {
          "name": "(anonymous_3)",
          "decl": { "start": { "line": 15, "column": 4 }, "end": { "line": 15, "column": 5 } },
          "loc": { "start": { "line": 16, "column": 4 }, "end": { "line": 21, "column": 10 } },
          "line": 16
        },
        "4": {
          "name": "(anonymous_4)",
          "decl": { "start": { "line": 22, "column": 4 }, "end": { "line": 22, "column": 5 } },
          "loc": { "start": { "line": 22, "column": 13 }, "end": { "line": 22, "column": 48 } },
          "line": 22
        },
        "5": {
          "name": "(anonymous_5)",
          "decl": { "start": { "line": 28, "column": 4 }, "end": { "line": 28, "column": 5 } },
          "loc": { "start": { "line": 28, "column": 14 }, "end": { "line": 28, "column": 64 } },
          "line": 28
        }
      },
      "branchMap": {
        "0": {
          "loc": { "start": { "line": 8, "column": 22 }, "end": { "line": 8, "column": 64 } },
          "type": "cond-expr",
          "locations": [
            { "start": { "line": 8, "column": 39 }, "end": { "line": 8, "column": 52 } },
            { "start": { "line": 8, "column": 55 }, "end": { "line": 8, "column": 64 } }
          ],
          "line": 8
        },
        "1": {
          "loc": { "start": { "line": 14, "column": 13 }, "end": { "line": 14, "column": 69 } },
          "type": "binary-expr",
          "locations": [
            { "start": { "line": 14, "column": 13 }, "end": { "line": 14, "column": 28 } },
            { "start": { "line": 14, "column": 32 }, "end": { "line": 14, "column": 69 } }
          ],
          "line": 14
        },
        "2": {
          "loc": { "start": { "line": 16, "column": 4 }, "end": { "line": 21, "column": 10 } },
          "type": "cond-expr",
          "locations": [
            { "start": { "line": 17, "column": 8 }, "end": { "line": 20, "column": 3 } },
            { "start": { "line": 21, "column": 8 }, "end": { "line": 21, "column": 10 } }
          ],
          "line": 16
        },
        "3": {
          "loc": { "start": { "line": 22, "column": 13 }, "end": { "line": 22, "column": 48 } },
          "type": "binary-expr",
          "locations": [
            { "start": { "line": 22, "column": 13 }, "end": { "line": 22, "column": 28 } },
            { "start": { "line": 22, "column": 32 }, "end": { "line": 22, "column": 48 } }
          ],
          "line": 22
        },
        "4": {
          "loc": { "start": { "line": 28, "column": 14 }, "end": { "line": 28, "column": 64 } },
          "type": "cond-expr",
          "locations": [
            { "start": { "line": 28, "column": 38 }, "end": { "line": 28, "column": 59 } },
            { "start": { "line": 28, "column": 62 }, "end": { "line": 28, "column": 64 } }
          ],
          "line": 28
        }
      },
      "s": { "0": 1, "1": 0, "2": 0, "3": 0, "4": 0, "5": 0, "6": 0 },
      "f": { "0": 0, "1": 0, "2": 0, "3": 0, "4": 0, "5": 0 },
      "b": { "0": [0, 0], "1": [0, 0], "2": [0, 0], "3": [0, 0], "4": [0, 0] },
      "_coverageSchema": "43e27e138ebf9cfc5966b082cf9a028302ed4184",
      "hash": "82643c77e8a6e607c823bbb22fe926182b20d1b6"
    },
    "D:\\atomic-react-components\\lib\\core\\utils\\buildValidationSchema.js": {
      "path": "D:\\atomic-react-components\\lib\\core\\utils\\buildValidationSchema.js",
      "statementMap": {
        "0": { "start": { "line": 40, "column": 27 }, "end": { "line": 53, "column": 1 } },
        "1": { "start": { "line": 41, "column": 15 }, "end": { "line": 41, "column": 26 } },
        "2": { "start": { "line": 42, "column": 25 }, "end": { "line": 42, "column": 42 } },
        "3": { "start": { "line": 45, "column": 2 }, "end": { "line": 50, "column": 5 } },
        "4": { "start": { "line": 47, "column": 6 }, "end": { "line": 47, "column": 84 } },
        "5": { "start": { "line": 49, "column": 4 }, "end": { "line": 49, "column": 49 } },
        "6": { "start": { "line": 52, "column": 2 }, "end": { "line": 52, "column": 16 } },
        "7": { "start": { "line": 59, "column": 27 }, "end": { "line": 74, "column": 1 } },
        "8": { "start": { "line": 60, "column": 17 }, "end": { "line": 60, "column": 19 } },
        "9": { "start": { "line": 61, "column": 2 }, "end": { "line": 73, "column": 3 } },
        "10": { "start": { "line": 63, "column": 25 }, "end": { "line": 63, "column": 47 } },
        "11": { "start": { "line": 65, "column": 4 }, "end": { "line": 68, "column": 7 } },
        "12": { "start": { "line": 66, "column": 20 }, "end": { "line": 66, "column": 40 } },
        "13": { "start": { "line": 67, "column": 6 }, "end": { "line": 67, "column": 52 } },
        "14": { "start": { "line": 70, "column": 4 }, "end": { "line": 70, "column": 38 } },
        "15": { "start": { "line": 72, "column": 4 }, "end": { "line": 72, "column": 18 } }
      },
      "fnMap": {
        "0": {
          "name": "(anonymous_0)",
          "decl": { "start": { "line": 40, "column": 27 }, "end": { "line": 40, "column": 28 } },
          "loc": { "start": { "line": 40, "column": 61 }, "end": { "line": 53, "column": 1 } },
          "line": 40
        },
        "1": {
          "name": "(anonymous_1)",
          "decl": { "start": { "line": 45, "column": 25 }, "end": { "line": 45, "column": 26 } },
          "loc": { "start": { "line": 45, "column": 38 }, "end": { "line": 50, "column": 3 } },
          "line": 45
        },
        "2": {
          "name": "(anonymous_2)",
          "decl": { "start": { "line": 59, "column": 27 }, "end": { "line": 59, "column": 28 } },
          "loc": { "start": { "line": 59, "column": 50 }, "end": { "line": 74, "column": 1 } },
          "line": 59
        },
        "3": {
          "name": "(anonymous_3)",
          "decl": { "start": { "line": 65, "column": 25 }, "end": { "line": 65, "column": 26 } },
          "loc": { "start": { "line": 65, "column": 38 }, "end": { "line": 68, "column": 5 } },
          "line": 65
        }
      },
      "branchMap": {
        "0": {
          "loc": { "start": { "line": 40, "column": 30 }, "end": { "line": 40, "column": 45 } },
          "type": "default-arg",
          "locations": [
            { "start": { "line": 40, "column": 37 }, "end": { "line": 40, "column": 45 } }
          ],
          "line": 40
        },
        "1": {
          "loc": { "start": { "line": 47, "column": 6 }, "end": { "line": 47, "column": 84 } },
          "type": "cond-expr",
          "locations": [
            { "start": { "line": 47, "column": 44 }, "end": { "line": 47, "column": 66 } },
            { "start": { "line": 47, "column": 69 }, "end": { "line": 47, "column": 84 } }
          ],
          "line": 47
        }
      },
      "s": {
        "0": 0,
        "1": 0,
        "2": 0,
        "3": 0,
        "4": 0,
        "5": 0,
        "6": 0,
        "7": 0,
        "8": 0,
        "9": 0,
        "10": 0,
        "11": 0,
        "12": 0,
        "13": 0,
        "14": 0,
        "15": 0
      },
      "f": { "0": 0, "1": 0, "2": 0, "3": 0 },
      "b": { "0": [0], "1": [0, 0] },
      "hash": "a85d03f55817c6e6042750d86435b2e1766a54e4"
    },
    "D:\\atomic-react-components\\lib\\core\\utils\\url.js": {
      "path": "D:\\atomic-react-components\\lib\\core\\utils\\url.js",
      "statementMap": {
        "0": { "start": { "line": 1, "column": 37 }, "end": { "line": 8, "column": 1 } },
        "1": { "start": { "line": 2, "column": 22 }, "end": { "line": 2, "column": 24 } },
        "2": { "start": { "line": 3, "column": 15 }, "end": { "line": 3, "column": 33 } },
        "3": { "start": { "line": 4, "column": 2 }, "end": { "line": 6, "column": 3 } },
        "4": { "start": { "line": 4, "column": 15 }, "end": { "line": 4, "column": 16 } },
        "5": { "start": { "line": 4, "column": 22 }, "end": { "line": 4, "column": 33 } },
        "6": { "start": { "line": 5, "column": 4 }, "end": { "line": 5, "column": 53 } },
        "7": { "start": { "line": 7, "column": 2 }, "end": { "line": 7, "column": 31 } },
        "8": { "start": { "line": 10, "column": 24 }, "end": { "line": 20, "column": 1 } },
        "9": { "start": { "line": 11, "column": 2 }, "end": { "line": 18, "column": 3 } },
        "10": { "start": { "line": 12, "column": 32 }, "end": { "line": 12, "column": 39 } },
        "11": { "start": { "line": 13, "column": 14 }, "end": { "line": 13, "column": 22 } },
        "12": { "start": { "line": 14, "column": 4 }, "end": { "line": 16, "column": 5 } },
        "13": { "start": { "line": 15, "column": 6 }, "end": { "line": 15, "column": 48 } },
        "14": { "start": { "line": 17, "column": 4 }, "end": { "line": 17, "column": 15 } },
        "15": { "start": { "line": 19, "column": 2 }, "end": { "line": 19, "column": 17 } }
      },
      "fnMap": {
        "0": {
          "name": "(anonymous_0)",
          "decl": { "start": { "line": 1, "column": 37 }, "end": { "line": 1, "column": 38 } },
          "loc": { "start": { "line": 1, "column": 53 }, "end": { "line": 8, "column": 1 } },
          "line": 1
        },
        "1": {
          "name": "(anonymous_1)",
          "decl": { "start": { "line": 10, "column": 24 }, "end": { "line": 10, "column": 25 } },
          "loc": { "start": { "line": 10, "column": 35 }, "end": { "line": 20, "column": 1 } },
          "line": 10
        }
      },
      "branchMap": {
        "0": {
          "loc": { "start": { "line": 1, "column": 38 }, "end": { "line": 1, "column": 48 } },
          "type": "default-arg",
          "locations": [
            { "start": { "line": 1, "column": 46 }, "end": { "line": 1, "column": 48 } }
          ],
          "line": 1
        },
        "1": {
          "loc": { "start": { "line": 11, "column": 2 }, "end": { "line": 18, "column": 3 } },
          "type": "if",
          "locations": [
            { "start": { "line": 11, "column": 2 }, "end": { "line": 18, "column": 3 } },
            { "start": { "line": 11, "column": 2 }, "end": { "line": 18, "column": 3 } }
          ],
          "line": 11
        },
        "2": {
          "loc": { "start": { "line": 14, "column": 4 }, "end": { "line": 16, "column": 5 } },
          "type": "if",
          "locations": [
            { "start": { "line": 14, "column": 4 }, "end": { "line": 16, "column": 5 } },
            { "start": { "line": 14, "column": 4 }, "end": { "line": 16, "column": 5 } }
          ],
          "line": 14
        }
      },
      "s": {
        "0": 0,
        "1": 0,
        "2": 0,
        "3": 0,
        "4": 0,
        "5": 0,
        "6": 0,
        "7": 0,
        "8": 0,
        "9": 0,
        "10": 0,
        "11": 0,
        "12": 0,
        "13": 0,
        "14": 0,
        "15": 0
      },
      "f": { "0": 0, "1": 0 },
      "b": { "0": [0], "1": [0, 0], "2": [0, 0] },
      "hash": "2ade50c5ba79a96e5152dde6445dd39ddf1f2f4b"
    },
    "D:\\atomic-react-components\\lib\\components\\atoms\\Anchor\\Anchor.js": {
      "path": "D:\\atomic-react-components\\lib\\components\\atoms\\Anchor\\Anchor.js",
      "statementMap": {
        "0": { "start": { "line": 24, "column": 15 }, "end": { "line": 48, "column": 1 } },
        "1": { "start": { "line": 38, "column": 2 }, "end": { "line": 47, "column": 6 } },
        "2": { "start": { "line": 50, "column": 0 }, "end": { "line": 60, "column": 2 } }
      },
      "fnMap": {
        "0": {
          "name": "(anonymous_0)",
          "decl": { "start": { "line": 24, "column": 15 }, "end": { "line": 24, "column": 16 } },
          "loc": { "start": { "line": 38, "column": 2 }, "end": { "line": 47, "column": 6 } },
          "line": 38
        },
        "1": {
          "name": "(anonymous_1)",
          "decl": { "start": { "line": 59, "column": 19 }, "end": { "line": 59, "column": 20 } },
          "loc": { "start": { "line": 59, "column": 25 }, "end": { "line": 59, "column": 27 } },
          "line": 59
        }
      },
      "branchMap": {
        "0": {
          "loc": { "start": { "line": 43, "column": 18 }, "end": { "line": 43, "column": 76 } },
          "type": "binary-expr",
          "locations": [
            { "start": { "line": 43, "column": 18 }, "end": { "line": 43, "column": 32 } },
            { "start": { "line": 43, "column": 36 }, "end": { "line": 43, "column": 76 } }
          ],
          "line": 43
        }
      },
      "s": { "0": 0, "1": 0, "2": 0 },
      "f": { "0": 0, "1": 0 },
      "b": { "0": [0, 0] },
      "hash": "a6068995b5837aa4a80e32a7a13a7f35d2acb554"
    },
    "D:\\atomic-react-components\\lib\\components\\atoms\\Anchor\\Anchor.style.js": {
      "path": "D:\\atomic-react-components\\lib\\components\\atoms\\Anchor\\Anchor.style.js",
      "statementMap": {
        "0": { "start": { "line": 5, "column": 13 }, "end": { "line": 5, "column": 50 } },
        "1": { "start": { "line": 6, "column": 13 }, "end": { "line": 6, "column": 44 } },
        "2": { "start": { "line": 7, "column": 13 }, "end": { "line": 7, "column": 45 } },
        "3": { "start": { "line": 9, "column": 15 }, "end": { "line": 9, "column": 45 } },
        "4": { "start": { "line": 14, "column": 14 }, "end": { "line": 14, "column": 64 } }
      },
      "fnMap": {
        "0": {
          "name": "(anonymous_0)",
          "decl": { "start": { "line": 5, "column": 4 }, "end": { "line": 5, "column": 5 } },
          "loc": { "start": { "line": 5, "column": 13 }, "end": { "line": 5, "column": 50 } },
          "line": 5
        },
        "1": {
          "name": "(anonymous_1)",
          "decl": { "start": { "line": 6, "column": 4 }, "end": { "line": 6, "column": 5 } },
          "loc": { "start": { "line": 6, "column": 13 }, "end": { "line": 6, "column": 44 } },
          "line": 6
        },
        "2": {
          "name": "(anonymous_2)",
          "decl": { "start": { "line": 7, "column": 4 }, "end": { "line": 7, "column": 5 } },
          "loc": { "start": { "line": 7, "column": 13 }, "end": { "line": 7, "column": 45 } },
          "line": 7
        },
        "3": {
          "name": "(anonymous_3)",
          "decl": { "start": { "line": 9, "column": 6 }, "end": { "line": 9, "column": 7 } },
          "loc": { "start": { "line": 9, "column": 15 }, "end": { "line": 9, "column": 45 } },
          "line": 9
        },
        "4": {
          "name": "(anonymous_4)",
          "decl": { "start": { "line": 14, "column": 4 }, "end": { "line": 14, "column": 5 } },
          "loc": { "start": { "line": 14, "column": 14 }, "end": { "line": 14, "column": 64 } },
          "line": 14
        }
      },
      "branchMap": {
        "0": {
          "loc": { "start": { "line": 14, "column": 14 }, "end": { "line": 14, "column": 64 } },
          "type": "cond-expr",
          "locations": [
            { "start": { "line": 14, "column": 38 }, "end": { "line": 14, "column": 59 } },
            { "start": { "line": 14, "column": 62 }, "end": { "line": 14, "column": 64 } }
          ],
          "line": 14
        }
      },
      "s": { "0": 0, "1": 0, "2": 0, "3": 0, "4": 0 },
      "f": { "0": 0, "1": 0, "2": 0, "3": 0, "4": 0 },
      "b": { "0": [0, 0] },
      "hash": "d877f95b3e21a920f26e353a078e404a7a648600"
    },
    "D:\\atomic-react-components\\lib\\components\\atoms\\Anchor\\index.js": {
      "path": "D:\\atomic-react-components\\lib\\components\\atoms\\Anchor\\index.js",
      "statementMap": {},
      "fnMap": {},
      "branchMap": {},
      "s": {},
      "f": {},
      "b": {},
      "hash": "3ce1993243067005b9a96bf29961cbf8fe38b6ee"
    },
    "D:\\atomic-react-components\\lib\\components\\atoms\\FieldError\\FieldError.js": {
      "path": "D:\\atomic-react-components\\lib\\components\\atoms\\FieldError\\FieldError.js",
      "statementMap": {
        "0": { "start": { "line": 17, "column": 19 }, "end": { "line": 37, "column": 1 } },
        "1": { "start": { "line": 25, "column": 2 }, "end": { "line": 36, "column": 4 } },
        "2": { "start": { "line": 39, "column": 0 }, "end": { "line": 44, "column": 2 } }
      },
      "fnMap": {
        "0": {
          "name": "(anonymous_0)",
          "decl": { "start": { "line": 17, "column": 19 }, "end": { "line": 17, "column": 20 } },
          "loc": { "start": { "line": 24, "column": 19 }, "end": { "line": 37, "column": 1 } },
          "line": 24
        }
      },
      "branchMap": {
        "0": {
          "loc": { "start": { "line": 30, "column": 20 }, "end": { "line": 30, "column": 59 } },
          "type": "cond-expr",
          "locations": [
            { "start": { "line": 30, "column": 33 }, "end": { "line": 30, "column": 54 } },
            { "start": { "line": 30, "column": 57 }, "end": { "line": 30, "column": 59 } }
          ],
          "line": 30
        },
        "1": {
          "loc": { "start": { "line": 31, "column": 20 }, "end": { "line": 31, "column": 85 } },
          "type": "binary-expr",
          "locations": [
            { "start": { "line": 31, "column": 20 }, "end": { "line": 31, "column": 34 } },
            { "start": { "line": 31, "column": 38 }, "end": { "line": 31, "column": 85 } }
          ],
          "line": 31
        }
      },
      "s": { "0": 0, "1": 0, "2": 0 },
      "f": { "0": 0 },
      "b": { "0": [0, 0], "1": [0, 0] },
      "hash": "d2fd8e8b621ec8cfbe3509b450ab6bb14dea685b"
    },
    "D:\\atomic-react-components\\lib\\components\\atoms\\FieldError\\FieldError.style.js": {
      "path": "D:\\atomic-react-components\\lib\\components\\atoms\\FieldError\\FieldError.style.js",
      "statementMap": {
        "0": { "start": { "line": 3, "column": 15 }, "end": { "line": 10, "column": 1 } },
        "1": { "start": { "line": 4, "column": 13 }, "end": { "line": 4, "column": 46 } },
        "2": { "start": { "line": 5, "column": 13 }, "end": { "line": 5, "column": 42 } },
        "3": { "start": { "line": 9, "column": 14 }, "end": { "line": 9, "column": 64 } }
      },
      "fnMap": {
        "0": {
          "name": "(anonymous_0)",
          "decl": { "start": { "line": 4, "column": 4 }, "end": { "line": 4, "column": 5 } },
          "loc": { "start": { "line": 4, "column": 13 }, "end": { "line": 4, "column": 46 } },
          "line": 4
        },
        "1": {
          "name": "(anonymous_1)",
          "decl": { "start": { "line": 5, "column": 4 }, "end": { "line": 5, "column": 5 } },
          "loc": { "start": { "line": 5, "column": 13 }, "end": { "line": 5, "column": 42 } },
          "line": 5
        },
        "2": {
          "name": "(anonymous_2)",
          "decl": { "start": { "line": 9, "column": 4 }, "end": { "line": 9, "column": 5 } },
          "loc": { "start": { "line": 9, "column": 14 }, "end": { "line": 9, "column": 64 } },
          "line": 9
        }
      },
      "branchMap": {
        "0": {
          "loc": { "start": { "line": 9, "column": 14 }, "end": { "line": 9, "column": 64 } },
          "type": "cond-expr",
          "locations": [
            { "start": { "line": 9, "column": 38 }, "end": { "line": 9, "column": 59 } },
            { "start": { "line": 9, "column": 62 }, "end": { "line": 9, "column": 64 } }
          ],
          "line": 9
        }
      },
      "s": { "0": 0, "1": 0, "2": 0, "3": 0 },
      "f": { "0": 0, "1": 0, "2": 0 },
      "b": { "0": [0, 0] },
      "hash": "9227e25d3db128de1b02e0bc0e64253b2c9ba6b4"
    },
    "D:\\atomic-react-components\\lib\\components\\atoms\\FieldError\\index.js": {
      "path": "D:\\atomic-react-components\\lib\\components\\atoms\\FieldError\\index.js",
      "statementMap": {},
      "fnMap": {},
      "branchMap": {},
      "s": {},
      "f": {},
      "b": {},
      "hash": "983a20a3683bf6a7a137844cf8ed7abc60c611bf"
    },
    "D:\\atomic-react-components\\lib\\components\\atoms\\Heading\\Heading.js": {
      "path": "D:\\atomic-react-components\\lib\\components\\atoms\\Heading\\Heading.js",
      "statementMap": {
        "0": { "start": { "line": 17, "column": 16 }, "end": { "line": 32, "column": 1 } },
        "1": { "start": { "line": 25, "column": 2 }, "end": { "line": 31, "column": 16 } },
        "2": { "start": { "line": 34, "column": 0 }, "end": { "line": 38, "column": 2 } }
      },
      "fnMap": {
        "0": {
          "name": "(anonymous_0)",
          "decl": { "start": { "line": 17, "column": 16 }, "end": { "line": 17, "column": 17 } },
          "loc": { "start": { "line": 25, "column": 2 }, "end": { "line": 31, "column": 16 } },
          "line": 25
        }
      },
      "branchMap": {
        "0": {
          "loc": { "start": { "line": 20, "column": 2 }, "end": { "line": 20, "column": 20 } },
          "type": "default-arg",
          "locations": [
            { "start": { "line": 20, "column": 16 }, "end": { "line": 20, "column": 20 } }
          ],
          "line": 20
        },
        "1": {
          "loc": { "start": { "line": 27, "column": 18 }, "end": { "line": 27, "column": 94 } },
          "type": "binary-expr",
          "locations": [
            { "start": { "line": 27, "column": 18 }, "end": { "line": 27, "column": 32 } },
            { "start": { "line": 27, "column": 36 }, "end": { "line": 27, "column": 94 } }
          ],
          "line": 27
        }
      },
      "s": { "0": 0, "1": 0, "2": 0 },
      "f": { "0": 0 },
      "b": { "0": [0], "1": [0, 0] },
      "hash": "972f9eeb3ceab76b75e453f4a6fb1187d4c43550"
    },
    "D:\\atomic-react-components\\lib\\components\\atoms\\Heading\\Heading.style.js": {
      "path": "D:\\atomic-react-components\\lib\\components\\atoms\\Heading\\Heading.style.js",
      "statementMap": {
        "0": { "start": { "line": 5, "column": 4 }, "end": { "line": 16, "column": 5 } },
        "1": { "start": { "line": 7, "column": 8 }, "end": { "line": 7, "column": 46 } },
        "2": { "start": { "line": 9, "column": 8 }, "end": { "line": 9, "column": 46 } },
        "3": { "start": { "line": 11, "column": 8 }, "end": { "line": 11, "column": 46 } },
        "4": { "start": { "line": 13, "column": 8 }, "end": { "line": 13, "column": 46 } },
        "5": { "start": { "line": 15, "column": 8 }, "end": { "line": 15, "column": 51 } },
        "6": { "start": { "line": 18, "column": 14 }, "end": { "line": 18, "column": 64 } }
      },
      "fnMap": {
        "0": {
          "name": "(anonymous_0)",
          "decl": { "start": { "line": 4, "column": 4 }, "end": { "line": 4, "column": 5 } },
          "loc": { "start": { "line": 4, "column": 13 }, "end": { "line": 17, "column": 3 } },
          "line": 4
        },
        "1": {
          "name": "(anonymous_1)",
          "decl": { "start": { "line": 18, "column": 4 }, "end": { "line": 18, "column": 5 } },
          "loc": { "start": { "line": 18, "column": 14 }, "end": { "line": 18, "column": 64 } },
          "line": 18
        }
      },
      "branchMap": {
        "0": {
          "loc": { "start": { "line": 5, "column": 4 }, "end": { "line": 16, "column": 5 } },
          "type": "switch",
          "locations": [
            { "start": { "line": 6, "column": 6 }, "end": { "line": 7, "column": 46 } },
            { "start": { "line": 8, "column": 6 }, "end": { "line": 9, "column": 46 } },
            { "start": { "line": 10, "column": 6 }, "end": { "line": 11, "column": 46 } },
            { "start": { "line": 12, "column": 6 }, "end": { "line": 13, "column": 46 } },
            { "start": { "line": 14, "column": 6 }, "end": { "line": 15, "column": 51 } }
          ],
          "line": 5
        },
        "1": {
          "loc": { "start": { "line": 18, "column": 14 }, "end": { "line": 18, "column": 64 } },
          "type": "cond-expr",
          "locations": [
            { "start": { "line": 18, "column": 38 }, "end": { "line": 18, "column": 59 } },
            { "start": { "line": 18, "column": 62 }, "end": { "line": 18, "column": 64 } }
          ],
          "line": 18
        }
      },
      "s": { "0": 0, "1": 0, "2": 0, "3": 0, "4": 0, "5": 0, "6": 0 },
      "f": { "0": 0, "1": 0 },
      "b": { "0": [0, 0, 0, 0, 0], "1": [0, 0] },
      "hash": "47c8e2aaa95fe89677b99cd8d1958cbe8078c038"
    },
    "D:\\atomic-react-components\\lib\\components\\atoms\\Heading\\index.js": {
      "path": "D:\\atomic-react-components\\lib\\components\\atoms\\Heading\\index.js",
      "statementMap": {},
      "fnMap": {},
      "branchMap": {},
      "s": {},
      "f": {},
      "b": {},
      "hash": "95a9575ef7e7d43a4e16ae093340336eb8f5b01a"
    },
    "D:\\atomic-react-components\\lib\\components\\atoms\\Image\\Image.js": {
      "path": "D:\\atomic-react-components\\lib\\components\\atoms\\Image\\Image.js",
      "statementMap": {
        "0": { "start": { "line": 22, "column": 14 }, "end": { "line": 54, "column": 1 } },
        "1": { "start": { "line": 35, "column": 2 }, "end": { "line": 53, "column": 4 } },
        "2": { "start": { "line": 49, "column": 12 }, "end": { "line": 49, "column": 46 } },
        "3": { "start": { "line": 56, "column": 0 }, "end": { "line": 63, "column": 2 } }
      },
      "fnMap": {
        "0": {
          "name": "(anonymous_0)",
          "decl": { "start": { "line": 22, "column": 14 }, "end": { "line": 22, "column": 15 } },
          "loc": { "start": { "line": 35, "column": 2 }, "end": { "line": 53, "column": 4 } },
          "line": 35
        },
        "1": {
          "name": "(anonymous_1)",
          "decl": { "start": { "line": 47, "column": 10 }, "end": { "line": 47, "column": 11 } },
          "loc": { "start": { "line": 47, "column": 19 }, "end": { "line": 50, "column": 11 } },
          "line": 47
        }
      },
      "branchMap": {
        "0": {
          "loc": { "start": { "line": 38, "column": 12 }, "end": { "line": 38, "column": 26 } },
          "type": "binary-expr",
          "locations": [
            { "start": { "line": 38, "column": 12 }, "end": { "line": 38, "column": 18 } },
            { "start": { "line": 38, "column": 22 }, "end": { "line": 38, "column": 26 } }
          ],
          "line": 38
        },
        "1": {
          "loc": { "start": { "line": 39, "column": 11 }, "end": { "line": 39, "column": 24 } },
          "type": "binary-expr",
          "locations": [
            { "start": { "line": 39, "column": 11 }, "end": { "line": 39, "column": 16 } },
            { "start": { "line": 39, "column": 20 }, "end": { "line": 39, "column": 24 } }
          ],
          "line": 39
        },
        "2": {
          "loc": { "start": { "line": 43, "column": 18 }, "end": { "line": 43, "column": 72 } },
          "type": "binary-expr",
          "locations": [
            { "start": { "line": 43, "column": 18 }, "end": { "line": 43, "column": 32 } },
            { "start": { "line": 43, "column": 36 }, "end": { "line": 43, "column": 72 } }
          ],
          "line": 43
        },
        "3": {
          "loc": { "start": { "line": 46, "column": 6 }, "end": { "line": 51, "column": 14 } },
          "type": "cond-expr",
          "locations": [
            { "start": { "line": 47, "column": 10 }, "end": { "line": 50, "column": 11 } },
            { "start": { "line": 51, "column": 10 }, "end": { "line": 51, "column": 14 } }
          ],
          "line": 46
        }
      },
      "s": { "0": 0, "1": 0, "2": 0, "3": 0 },
      "f": { "0": 0, "1": 0 },
      "b": { "0": [0, 0], "1": [0, 0], "2": [0, 0], "3": [0, 0] },
      "hash": "29be486cfeee96140b9cbd18b2c2ef25dd5f3436"
    },
    "D:\\atomic-react-components\\lib\\components\\atoms\\Image\\Image.style.js": {
      "path": "D:\\atomic-react-components\\lib\\components\\atoms\\Image\\Image.style.js",
      "statementMap": {
        "0": { "start": { "line": 3, "column": 20 }, "end": { "line": 7, "column": 1 } },
        "1": { "start": { "line": 6, "column": 14 }, "end": { "line": 6, "column": 64 } }
      },
      "fnMap": {
        "0": {
          "name": "(anonymous_0)",
          "decl": { "start": { "line": 6, "column": 4 }, "end": { "line": 6, "column": 5 } },
          "loc": { "start": { "line": 6, "column": 14 }, "end": { "line": 6, "column": 64 } },
          "line": 6
        }
      },
      "branchMap": {
        "0": {
          "loc": { "start": { "line": 6, "column": 14 }, "end": { "line": 6, "column": 64 } },
          "type": "cond-expr",
          "locations": [
            { "start": { "line": 6, "column": 38 }, "end": { "line": 6, "column": 59 } },
            { "start": { "line": 6, "column": 62 }, "end": { "line": 6, "column": 64 } }
          ],
          "line": 6
        }
      },
      "s": { "0": 0, "1": 0 },
      "f": { "0": 0 },
      "b": { "0": [0, 0] },
      "hash": "786b45a84f226390a2dc09b59d962544677e3cb6"
    },
    "D:\\atomic-react-components\\lib\\components\\atoms\\Image\\index.js": {
      "path": "D:\\atomic-react-components\\lib\\components\\atoms\\Image\\index.js",
      "statementMap": {},
      "fnMap": {},
      "branchMap": {},
      "s": {},
      "f": {},
      "b": {},
      "hash": "956f879366b0592f421e023b167f9ce72217c15a"
    },
    "D:\\atomic-react-components\\lib\\components\\atoms\\Input\\Input.js": {
      "path": "D:\\atomic-react-components\\lib\\components\\atoms\\Input\\Input.js",
      "statementMap": {
        "0": { "start": { "line": 18, "column": 14 }, "end": { "line": 40, "column": 1 } },
        "1": { "start": { "line": 29, "column": 2 }, "end": { "line": 39, "column": 4 } },
        "2": { "start": { "line": 42, "column": 0 }, "end": { "line": 49, "column": 2 } }
      },
      "fnMap": {
        "0": {
          "name": "(anonymous_0)",
          "decl": { "start": { "line": 18, "column": 14 }, "end": { "line": 18, "column": 15 } },
          "loc": { "start": { "line": 29, "column": 2 }, "end": { "line": 39, "column": 4 } },
          "line": 29
        }
      },
      "branchMap": {
        "0": {
          "loc": { "start": { "line": 37, "column": 18 }, "end": { "line": 37, "column": 59 } },
          "type": "binary-expr",
          "locations": [
            { "start": { "line": 37, "column": 18 }, "end": { "line": 37, "column": 32 } },
            { "start": { "line": 37, "column": 36 }, "end": { "line": 37, "column": 59 } }
          ],
          "line": 37
        }
      },
      "s": { "0": 0, "1": 0, "2": 0 },
      "f": { "0": 0 },
      "b": { "0": [0, 0] },
      "hash": "7e5e1eed195bfc0e776d7d3a4ad944ac2cbd8620"
    },
    "D:\\atomic-react-components\\lib\\components\\atoms\\Input\\Input.style.js": {
      "path": "D:\\atomic-react-components\\lib\\components\\atoms\\Input\\Input.style.js",
      "statementMap": {
        "0": { "start": { "line": 3, "column": 15 }, "end": { "line": 20, "column": 1 } },
        "1": { "start": { "line": 4, "column": 13 }, "end": { "line": 9, "column": 3 } },
        "2": { "start": { "line": 12, "column": 4 }, "end": { "line": 17, "column": 10 } },
        "3": { "start": { "line": 19, "column": 14 }, "end": { "line": 19, "column": 64 } }
      },
      "fnMap": {
        "0": {
          "name": "(anonymous_0)",
          "decl": { "start": { "line": 4, "column": 4 }, "end": { "line": 4, "column": 5 } },
          "loc": { "start": { "line": 4, "column": 13 }, "end": { "line": 9, "column": 3 } },
          "line": 4
        },
        "1": {
          "name": "(anonymous_1)",
          "decl": { "start": { "line": 11, "column": 4 }, "end": { "line": 11, "column": 5 } },
          "loc": { "start": { "line": 12, "column": 4 }, "end": { "line": 17, "column": 10 } },
          "line": 12
        },
        "2": {
          "name": "(anonymous_2)",
          "decl": { "start": { "line": 19, "column": 4 }, "end": { "line": 19, "column": 5 } },
          "loc": { "start": { "line": 19, "column": 14 }, "end": { "line": 19, "column": 64 } },
          "line": 19
        }
      },
      "branchMap": {
        "0": {
          "loc": { "start": { "line": 12, "column": 4 }, "end": { "line": 17, "column": 10 } },
          "type": "cond-expr",
          "locations": [
            { "start": { "line": 13, "column": 8 }, "end": { "line": 16, "column": 5 } },
            { "start": { "line": 17, "column": 8 }, "end": { "line": 17, "column": 10 } }
          ],
          "line": 12
        },
        "1": {
          "loc": { "start": { "line": 19, "column": 14 }, "end": { "line": 19, "column": 64 } },
          "type": "cond-expr",
          "locations": [
            { "start": { "line": 19, "column": 38 }, "end": { "line": 19, "column": 59 } },
            { "start": { "line": 19, "column": 62 }, "end": { "line": 19, "column": 64 } }
          ],
          "line": 19
        }
      },
      "s": { "0": 0, "1": 0, "2": 0, "3": 0 },
      "f": { "0": 0, "1": 0, "2": 0 },
      "b": { "0": [0, 0], "1": [0, 0] },
      "hash": "49a4d2d3a39f9e0afae24a08fcfd52233b2a02d2"
    },
    "D:\\atomic-react-components\\lib\\components\\atoms\\Input\\index.js": {
      "path": "D:\\atomic-react-components\\lib\\components\\atoms\\Input\\index.js",
      "statementMap": {},
      "fnMap": {},
      "branchMap": {},
      "s": {},
      "f": {},
      "b": {},
      "hash": "f5ee3f8b9147cf7e74e3557fbf67e5a652c4fd26"
    },
    "D:\\atomic-react-components\\lib\\components\\atoms\\Label\\Label.js": {
      "path": "D:\\atomic-react-components\\lib\\components\\atoms\\Label\\Label.js",
      "statementMap": {
        "0": { "start": { "line": 14, "column": 14 }, "end": { "line": 25, "column": 1 } },
        "1": { "start": { "line": 17, "column": 2 }, "end": { "line": 24, "column": 10 } },
        "2": { "start": { "line": 27, "column": 0 }, "end": { "line": 30, "column": 2 } }
      },
      "fnMap": {
        "0": {
          "name": "(anonymous_0)",
          "decl": { "start": { "line": 14, "column": 14 }, "end": { "line": 14, "column": 15 } },
          "loc": { "start": { "line": 17, "column": 2 }, "end": { "line": 24, "column": 10 } },
          "line": 17
        }
      },
      "branchMap": {
        "0": {
          "loc": { "start": { "line": 20, "column": 18 }, "end": { "line": 20, "column": 88 } },
          "type": "binary-expr",
          "locations": [
            { "start": { "line": 20, "column": 18 }, "end": { "line": 20, "column": 32 } },
            { "start": { "line": 20, "column": 36 }, "end": { "line": 20, "column": 88 } }
          ],
          "line": 20
        }
      },
      "s": { "0": 0, "1": 0, "2": 0 },
      "f": { "0": 0 },
      "b": { "0": [0, 0] },
      "hash": "ab779f00787adaf3f5d368cd2d9e5e5b77f8d3e4"
    },
    "D:\\atomic-react-components\\lib\\components\\atoms\\Label\\index.js": {
      "path": "D:\\atomic-react-components\\lib\\components\\atoms\\Label\\index.js",
      "statementMap": {},
      "fnMap": {},
      "branchMap": {},
      "s": {},
      "f": {},
      "b": {},
      "hash": "7d153bd139e22c3c8a9d7e9390a0a32bde09a0d5"
    },
    "D:\\atomic-react-components\\lib\\components\\atoms\\Para\\Para.js": {
      "path": "D:\\atomic-react-components\\lib\\components\\atoms\\Para\\Para.js",
      "statementMap": {
        "0": { "start": { "line": 15, "column": 13 }, "end": { "line": 27, "column": 1 } },
        "1": { "start": { "line": 16, "column": 22 }, "end": { "line": 20, "column": 8 } },
        "2": { "start": { "line": 22, "column": 2 }, "end": { "line": 26, "column": 4 } },
        "3": { "start": { "line": 29, "column": 0 }, "end": { "line": 33, "column": 2 } }
      },
      "fnMap": {
        "0": {
          "name": "(anonymous_0)",
          "decl": { "start": { "line": 15, "column": 13 }, "end": { "line": 15, "column": 14 } },
          "loc": { "start": { "line": 15, "column": 99 }, "end": { "line": 27, "column": 1 } },
          "line": 15
        }
      },
      "branchMap": {
        "0": {
          "loc": { "start": { "line": 16, "column": 22 }, "end": { "line": 20, "column": 8 } },
          "type": "cond-expr",
          "locations": [
            { "start": { "line": 17, "column": 6 }, "end": { "line": 19, "column": 7 } },
            { "start": { "line": 20, "column": 6 }, "end": { "line": 20, "column": 8 } }
          ],
          "line": 16
        }
      },
      "s": { "0": 0, "1": 0, "2": 0, "3": 0 },
      "f": { "0": 0 },
      "b": { "0": [0, 0] },
      "hash": "3b52842da495fc3deb3b0921bb1aecb42afd0eda"
    },
    "D:\\atomic-react-components\\lib\\components\\atoms\\Para\\Para.style.js": {
      "path": "D:\\atomic-react-components\\lib\\components\\atoms\\Para\\Para.style.js",
      "statementMap": {},
      "fnMap": {},
      "branchMap": {},
      "s": {},
      "f": {},
      "b": {},
      "hash": "f57e5b61f78b8b8b5edfb2e83303187770043317"
    },
    "D:\\atomic-react-components\\lib\\components\\atoms\\Para\\index.js": {
      "path": "D:\\atomic-react-components\\lib\\components\\atoms\\Para\\index.js",
      "statementMap": {},
      "fnMap": {},
      "branchMap": {},
      "s": {},
      "f": {},
      "b": {},
      "hash": "8ca332fbb88baeaaa28a7743784116e2ee4ff6f7"
    },
    "D:\\atomic-react-components\\lib\\core\\utils\\noop.js": {
      "path": "D:\\atomic-react-components\\lib\\core\\utils\\noop.js",
      "statementMap": {
        "0": { "start": { "line": 1, "column": 20 }, "end": { "line": 1, "column": 36 } },
        "1": { "start": { "line": 1, "column": 26 }, "end": { "line": 1, "column": 36 } },
        "2": { "start": { "line": 1, "column": 32 }, "end": { "line": 1, "column": 36 } }
      },
      "fnMap": {
        "0": {
          "name": "(anonymous_0)",
          "decl": { "start": { "line": 1, "column": 20 }, "end": { "line": 1, "column": 21 } },
          "loc": { "start": { "line": 1, "column": 26 }, "end": { "line": 1, "column": 36 } },
          "line": 1
        },
        "1": {
          "name": "(anonymous_1)",
          "decl": { "start": { "line": 1, "column": 26 }, "end": { "line": 1, "column": 27 } },
          "loc": { "start": { "line": 1, "column": 32 }, "end": { "line": 1, "column": 36 } },
          "line": 1
        }
      },
      "branchMap": {},
      "s": { "0": 0, "1": 0, "2": 0 },
      "f": { "0": 0, "1": 0 },
      "b": {},
      "hash": "c89129cffd6b5a9b55322bdd3c6c7969babda675"
    },
    "D:\\atomic-react-components\\lib\\components\\atoms\\Select\\Select.js": {
      "path": "D:\\atomic-react-components\\lib\\components\\atoms\\Select\\Select.js",
      "statementMap": {
        "0": { "start": { "line": 18, "column": 15 }, "end": { "line": 45, "column": 1 } },
        "1": { "start": { "line": 29, "column": 2 }, "end": { "line": 44, "column": 11 } },
        "2": { "start": { "line": 40, "column": 6 }, "end": { "line": 42, "column": 15 } },
        "3": { "start": { "line": 47, "column": 0 }, "end": { "line": 53, "column": 2 } }
      },
      "fnMap": {
        "0": {
          "name": "(anonymous_0)",
          "decl": { "start": { "line": 18, "column": 15 }, "end": { "line": 18, "column": 16 } },
          "loc": { "start": { "line": 29, "column": 2 }, "end": { "line": 44, "column": 11 } },
          "line": 29
        },
        "1": {
          "name": "(anonymous_1)",
          "decl": { "start": { "line": 39, "column": 17 }, "end": { "line": 39, "column": 18 } },
          "loc": { "start": { "line": 40, "column": 6 }, "end": { "line": 42, "column": 15 } },
          "line": 40
        }
      },
      "branchMap": {
        "0": {
          "loc": { "start": { "line": 35, "column": 18 }, "end": { "line": 35, "column": 64 } },
          "type": "binary-expr",
          "locations": [
            { "start": { "line": 35, "column": 18 }, "end": { "line": 35, "column": 32 } },
            { "start": { "line": 35, "column": 36 }, "end": { "line": 35, "column": 64 } }
          ],
          "line": 35
        },
        "1": {
          "loc": { "start": { "line": 38, "column": 5 }, "end": { "line": 38, "column": 59 } },
          "type": "binary-expr",
          "locations": [
            { "start": { "line": 38, "column": 5 }, "end": { "line": 38, "column": 16 } },
            { "start": { "line": 38, "column": 20 }, "end": { "line": 38, "column": 59 } }
          ],
          "line": 38
        }
      },
      "s": { "0": 0, "1": 0, "2": 0, "3": 0 },
      "f": { "0": 0, "1": 0 },
      "b": { "0": [0, 0], "1": [0, 0] },
      "hash": "2094ec41a1810f145da3befe8f03b3c6353be31a"
    },
    "D:\\atomic-react-components\\lib\\components\\atoms\\Select\\index.js": {
      "path": "D:\\atomic-react-components\\lib\\components\\atoms\\Select\\index.js",
      "statementMap": {},
      "fnMap": {},
      "branchMap": {},
      "s": {},
      "f": {},
      "b": {},
      "hash": "89c8d974fd4f04ad7ddd59d65dee21018cceba0c"
    },
    "D:\\atomic-react-components\\lib\\components\\atoms\\Textarea\\Textarea.js": {
      "path": "D:\\atomic-react-components\\lib\\components\\atoms\\Textarea\\Textarea.js",
      "statementMap": {
        "0": { "start": { "line": 22, "column": 17 }, "end": { "line": 44, "column": 1 } },
        "1": { "start": { "line": 33, "column": 2 }, "end": { "line": 43, "column": 4 } },
        "2": { "start": { "line": 46, "column": 0 }, "end": { "line": 53, "column": 2 } }
      },
      "fnMap": {
        "0": {
          "name": "(anonymous_0)",
          "decl": { "start": { "line": 22, "column": 17 }, "end": { "line": 22, "column": 18 } },
          "loc": { "start": { "line": 33, "column": 2 }, "end": { "line": 43, "column": 4 } },
          "line": 33
        }
      },
      "branchMap": {
        "0": {
          "loc": { "start": { "line": 41, "column": 18 }, "end": { "line": 41, "column": 66 } },
          "type": "binary-expr",
          "locations": [
            { "start": { "line": 41, "column": 18 }, "end": { "line": 41, "column": 32 } },
            { "start": { "line": 41, "column": 36 }, "end": { "line": 41, "column": 66 } }
          ],
          "line": 41
        }
      },
      "s": { "0": 0, "1": 0, "2": 0 },
      "f": { "0": 0 },
      "b": { "0": [0, 0] },
      "hash": "3fca6a81f93819562b93412516daa5571045b761"
    },
    "D:\\atomic-react-components\\lib\\components\\atoms\\Textarea\\Textarea.style.js": {
      "path": "D:\\atomic-react-components\\lib\\components\\atoms\\Textarea\\Textarea.style.js",
      "statementMap": {
        "0": { "start": { "line": 3, "column": 15 }, "end": { "line": 24, "column": 1 } },
        "1": { "start": { "line": 4, "column": 13 }, "end": { "line": 9, "column": 3 } },
        "2": { "start": { "line": 10, "column": 21 }, "end": { "line": 10, "column": 43 } },
        "3": { "start": { "line": 16, "column": 4 }, "end": { "line": 21, "column": 10 } },
        "4": { "start": { "line": 23, "column": 14 }, "end": { "line": 23, "column": 64 } }
      },
      "fnMap": {
        "0": {
          "name": "(anonymous_0)",
          "decl": { "start": { "line": 4, "column": 4 }, "end": { "line": 4, "column": 5 } },
          "loc": { "start": { "line": 4, "column": 13 }, "end": { "line": 9, "column": 3 } },
          "line": 4
        },
        "1": {
          "name": "(anonymous_1)",
          "decl": { "start": { "line": 10, "column": 12 }, "end": { "line": 10, "column": 13 } },
          "loc": { "start": { "line": 10, "column": 21 }, "end": { "line": 10, "column": 43 } },
          "line": 10
        },
        "2": {
          "name": "(anonymous_2)",
          "decl": { "start": { "line": 15, "column": 4 }, "end": { "line": 15, "column": 5 } },
          "loc": { "start": { "line": 16, "column": 4 }, "end": { "line": 21, "column": 10 } },
          "line": 16
        },
        "3": {
          "name": "(anonymous_3)",
          "decl": { "start": { "line": 23, "column": 4 }, "end": { "line": 23, "column": 5 } },
          "loc": { "start": { "line": 23, "column": 14 }, "end": { "line": 23, "column": 64 } },
          "line": 23
        }
      },
      "branchMap": {
        "0": {
          "loc": { "start": { "line": 10, "column": 21 }, "end": { "line": 10, "column": 43 } },
          "type": "binary-expr",
          "locations": [
            { "start": { "line": 10, "column": 21 }, "end": { "line": 10, "column": 33 } },
            { "start": { "line": 10, "column": 37 }, "end": { "line": 10, "column": 43 } }
          ],
          "line": 10
        },
        "1": {
          "loc": { "start": { "line": 16, "column": 4 }, "end": { "line": 21, "column": 10 } },
          "type": "cond-expr",
          "locations": [
            { "start": { "line": 17, "column": 8 }, "end": { "line": 20, "column": 5 } },
            { "start": { "line": 21, "column": 8 }, "end": { "line": 21, "column": 10 } }
          ],
          "line": 16
        },
        "2": {
          "loc": { "start": { "line": 23, "column": 14 }, "end": { "line": 23, "column": 64 } },
          "type": "cond-expr",
          "locations": [
            { "start": { "line": 23, "column": 38 }, "end": { "line": 23, "column": 59 } },
            { "start": { "line": 23, "column": 62 }, "end": { "line": 23, "column": 64 } }
          ],
          "line": 23
        }
      },
      "s": { "0": 0, "1": 0, "2": 0, "3": 0, "4": 0 },
      "f": { "0": 0, "1": 0, "2": 0, "3": 0 },
      "b": { "0": [0, 0], "1": [0, 0], "2": [0, 0] },
      "hash": "c97e41e3188fa1944f0bc2f5e9e7908dc107ead2"
    },
    "D:\\atomic-react-components\\lib\\components\\atoms\\Textarea\\index.js": {
      "path": "D:\\atomic-react-components\\lib\\components\\atoms\\Textarea\\index.js",
      "statementMap": {},
      "fnMap": {},
      "branchMap": {},
      "s": {},
      "f": {},
      "b": {},
      "hash": "9a6f7a774aafd958a6a13fc3af7227e89facb5a2"
    },
    "D:\\atomic-react-components\\lib\\components\\atoms\\Select\\Select.style.js": {
      "path": "D:\\atomic-react-components\\lib\\components\\atoms\\Select\\Select.style.js",
      "statementMap": {
        "0": { "start": { "line": 3, "column": 15 }, "end": { "line": 22, "column": 1 } },
        "1": { "start": { "line": 5, "column": 13 }, "end": { "line": 10, "column": 3 } },
        "2": { "start": { "line": 14, "column": 4 }, "end": { "line": 19, "column": 10 } },
        "3": { "start": { "line": 21, "column": 14 }, "end": { "line": 21, "column": 64 } }
      },
      "fnMap": {
        "0": {
          "name": "(anonymous_0)",
          "decl": { "start": { "line": 5, "column": 4 }, "end": { "line": 5, "column": 5 } },
          "loc": { "start": { "line": 5, "column": 13 }, "end": { "line": 10, "column": 3 } },
          "line": 5
        },
        "1": {
          "name": "(anonymous_1)",
          "decl": { "start": { "line": 13, "column": 4 }, "end": { "line": 13, "column": 5 } },
          "loc": { "start": { "line": 14, "column": 4 }, "end": { "line": 19, "column": 10 } },
          "line": 14
        },
        "2": {
          "name": "(anonymous_2)",
          "decl": { "start": { "line": 21, "column": 4 }, "end": { "line": 21, "column": 5 } },
          "loc": { "start": { "line": 21, "column": 14 }, "end": { "line": 21, "column": 64 } },
          "line": 21
        }
      },
      "branchMap": {
        "0": {
          "loc": { "start": { "line": 14, "column": 4 }, "end": { "line": 19, "column": 10 } },
          "type": "cond-expr",
          "locations": [
            { "start": { "line": 15, "column": 8 }, "end": { "line": 18, "column": 5 } },
            { "start": { "line": 19, "column": 8 }, "end": { "line": 19, "column": 10 } }
          ],
          "line": 14
        },
        "1": {
          "loc": { "start": { "line": 21, "column": 14 }, "end": { "line": 21, "column": 64 } },
          "type": "cond-expr",
          "locations": [
            { "start": { "line": 21, "column": 38 }, "end": { "line": 21, "column": 59 } },
            { "start": { "line": 21, "column": 62 }, "end": { "line": 21, "column": 64 } }
          ],
          "line": 21
        }
      },
      "s": { "0": 0, "1": 0, "2": 0, "3": 0 },
      "f": { "0": 0, "1": 0, "2": 0 },
      "b": { "0": [0, 0], "1": [0, 0] },
      "hash": "2b365e8c8f01a215eb6308c4719bd9d1fa9d3f6c"
    },
    "D:\\atomic-react-components\\lib\\components\\molecules\\ArticleThumbnail\\ArticleThumbnail.style.js": {
      "path": "D:\\atomic-react-components\\lib\\components\\molecules\\ArticleThumbnail\\ArticleThumbnail.style.js",
      "statementMap": {
        "0": { "start": { "line": 3, "column": 15 }, "end": { "line": 8, "column": 1 } }
      },
      "fnMap": {},
      "branchMap": {},
      "s": { "0": 0 },
      "f": {},
      "b": {},
      "hash": "fc4109aea7d045d828c27ff9b40deddf9ae2bfe8"
    },
    "D:\\atomic-react-components\\lib\\components\\molecules\\ArticleThumbnail\\index.js": {
      "path": "D:\\atomic-react-components\\lib\\components\\molecules\\ArticleThumbnail\\index.js",
      "statementMap": {},
      "fnMap": {},
      "branchMap": {},
      "s": {},
      "f": {},
      "b": {},
      "hash": "0965bd36b5bfa45c9290e5bd7039d3695caea78a"
    },
    "D:\\atomic-react-components\\lib\\components\\molecules\\ArticleThumbnail\\ArticleThumbnail.js": {
      "path": "D:\\atomic-react-components\\lib\\components\\molecules\\ArticleThumbnail\\ArticleThumbnail.js",
      "statementMap": {
        "0": { "start": { "line": 15, "column": 25 }, "end": { "line": 15, "column": 96 } },
        "1": { "start": { "line": 15, "column": 52 }, "end": { "line": 15, "column": 96 } },
        "2": { "start": { "line": 17, "column": 25 }, "end": { "line": 38, "column": 1 } },
        "3": { "start": { "line": 24, "column": 19 }, "end": { "line": 24, "column": 39 } },
        "4": { "start": { "line": 25, "column": 2 }, "end": { "line": 27, "column": 3 } },
        "5": { "start": { "line": 26, "column": 4 }, "end": { "line": 26, "column": 59 } },
        "6": { "start": { "line": 28, "column": 2 }, "end": { "line": 31, "column": 3 } },
        "7": { "start": { "line": 29, "column": 25 }, "end": { "line": 29, "column": 71 } },
        "8": { "start": { "line": 30, "column": 4 }, "end": { "line": 30, "column": 94 } },
        "9": { "start": { "line": 33, "column": 2 }, "end": { "line": 37, "column": 4 } },
        "10": { "start": { "line": 40, "column": 0 }, "end": { "line": 42, "column": 2 } }
      },
      "fnMap": {
        "0": {
          "name": "(anonymous_0)",
          "decl": { "start": { "line": 15, "column": 25 }, "end": { "line": 15, "column": 26 } },
          "loc": { "start": { "line": 15, "column": 52 }, "end": { "line": 15, "column": 96 } },
          "line": 15
        },
        "1": {
          "name": "(anonymous_1)",
          "decl": { "start": { "line": 17, "column": 25 }, "end": { "line": 17, "column": 26 } },
          "loc": { "start": { "line": 23, "column": 19 }, "end": { "line": 38, "column": 1 } },
          "line": 23
        }
      },
      "branchMap": {
        "0": {
          "loc": { "start": { "line": 25, "column": 2 }, "end": { "line": 27, "column": 3 } },
          "type": "if",
          "locations": [
            { "start": { "line": 25, "column": 2 }, "end": { "line": 27, "column": 3 } },
            { "start": { "line": 25, "column": 2 }, "end": { "line": 27, "column": 3 } }
          ],
          "line": 25
        },
        "1": {
          "loc": { "start": { "line": 25, "column": 6 }, "end": { "line": 25, "column": 36 } },
          "type": "binary-expr",
          "locations": [
            { "start": { "line": 25, "column": 6 }, "end": { "line": 25, "column": 21 } },
            { "start": { "line": 25, "column": 25 }, "end": { "line": 25, "column": 36 } }
          ],
          "line": 25
        },
        "2": {
          "loc": { "start": { "line": 28, "column": 2 }, "end": { "line": 31, "column": 3 } },
          "type": "if",
          "locations": [
            { "start": { "line": 28, "column": 2 }, "end": { "line": 31, "column": 3 } },
            { "start": { "line": 28, "column": 2 }, "end": { "line": 31, "column": 3 } }
          ],
          "line": 28
        }
      },
      "s": {
        "0": 0,
        "1": 0,
        "2": 0,
        "3": 0,
        "4": 0,
        "5": 0,
        "6": 0,
        "7": 0,
        "8": 0,
        "9": 0,
        "10": 0
      },
      "f": { "0": 0, "1": 0 },
      "b": { "0": [0, 0], "1": [0, 0], "2": [0, 0] },
      "hash": "138dd05191560556a82fb29b077bda7973a8ef3e"
    },
    "D:\\atomic-react-components\\lib\\components\\molecules\\Breadcrumb\\Breadcrumb.style.js": {
      "path": "D:\\atomic-react-components\\lib\\components\\molecules\\Breadcrumb\\Breadcrumb.style.js",
      "statementMap": {
        "0": { "start": { "line": 4, "column": 14 }, "end": { "line": 4, "column": 64 } }
      },
      "fnMap": {
        "0": {
          "name": "(anonymous_0)",
          "decl": { "start": { "line": 4, "column": 4 }, "end": { "line": 4, "column": 5 } },
          "loc": { "start": { "line": 4, "column": 14 }, "end": { "line": 4, "column": 64 } },
          "line": 4
        }
      },
      "branchMap": {
        "0": {
          "loc": { "start": { "line": 4, "column": 14 }, "end": { "line": 4, "column": 64 } },
          "type": "cond-expr",
          "locations": [
            { "start": { "line": 4, "column": 38 }, "end": { "line": 4, "column": 59 } },
            { "start": { "line": 4, "column": 62 }, "end": { "line": 4, "column": 64 } }
          ],
          "line": 4
        }
      },
      "s": { "0": 0 },
      "f": { "0": 0 },
      "b": { "0": [0, 0] },
      "hash": "eaad32571fe1f48506122a4cb5558342d11db7fd"
    },
    "D:\\atomic-react-components\\lib\\components\\molecules\\Breadcrumb\\index.js": {
      "path": "D:\\atomic-react-components\\lib\\components\\molecules\\Breadcrumb\\index.js",
      "statementMap": {},
      "fnMap": {},
      "branchMap": {},
      "s": {},
      "f": {},
      "b": {},
      "hash": "3e0bebc3fb50a46dcba2dfc8f1cde7754044a362"
    },
    "D:\\atomic-react-components\\lib\\components\\molecules\\Form\\Form.js": {
      "path": "D:\\atomic-react-components\\lib\\components\\molecules\\Form\\Form.js",
      "statementMap": {
        "0": { "start": { "line": 31, "column": 14 }, "end": { "line": 37, "column": 3 } },
        "1": { "start": { "line": 35, "column": 4 }, "end": { "line": 35, "column": 56 } },
        "2": { "start": { "line": 35, "column": 29 }, "end": { "line": 35, "column": 56 } },
        "3": { "start": { "line": 36, "column": 4 }, "end": { "line": 36, "column": 67 } },
        "4": { "start": { "line": 39, "column": 20 }, "end": { "line": 39, "column": 33 } },
        "5": { "start": { "line": 41, "column": 17 }, "end": { "line": 41, "column": 22 } },
        "6": { "start": { "line": 43, "column": 17 }, "end": { "line": 43, "column": 27 } },
        "7": { "start": { "line": 45, "column": 22 }, "end": { "line": 45, "column": 37 } },
        "8": { "start": { "line": 47, "column": 18 }, "end": { "line": 47, "column": 29 } },
        "9": { "start": { "line": 49, "column": 20 }, "end": { "line": 49, "column": 33 } },
        "10": { "start": { "line": 66, "column": 8 }, "end": { "line": 66, "column": 18 } },
        "11": { "start": { "line": 68, "column": 4 }, "end": { "line": 85, "column": 6 } },
        "12": { "start": { "line": 79, "column": 10 }, "end": { "line": 82, "column": 24 } },
        "13": { "start": { "line": 89, "column": 0 }, "end": { "line": 99, "column": 2 } }
      },
      "fnMap": {
        "0": {
          "name": "(anonymous_0)",
          "decl": { "start": { "line": 31, "column": 14 }, "end": { "line": 31, "column": 15 } },
          "loc": { "start": { "line": 34, "column": 7 }, "end": { "line": 37, "column": 3 } },
          "line": 34
        },
        "1": {
          "name": "(anonymous_1)",
          "decl": { "start": { "line": 51, "column": 2 }, "end": { "line": 51, "column": 3 } },
          "loc": { "start": { "line": 51, "column": 11 }, "end": { "line": 86, "column": 3 } },
          "line": 51
        },
        "2": {
          "name": "(anonymous_2)",
          "decl": { "start": { "line": 78, "column": 9 }, "end": { "line": 78, "column": 10 } },
          "loc": { "start": { "line": 79, "column": 10 }, "end": { "line": 82, "column": 24 } },
          "line": 79
        }
      },
      "branchMap": {
        "0": {
          "loc": { "start": { "line": 32, "column": 4 }, "end": { "line": 32, "column": 47 } },
          "type": "default-arg",
          "locations": [
            { "start": { "line": 32, "column": 43 }, "end": { "line": 32, "column": 47 } }
          ],
          "line": 32
        },
        "1": {
          "loc": { "start": { "line": 33, "column": 4 }, "end": { "line": 33, "column": 42 } },
          "type": "default-arg",
          "locations": [
[...]
          ],
          "line": 27
        },
        "1": {
          "loc": { "start": { "line": 34, "column": 22 }, "end": { "line": 34, "column": 57 } },
          "type": "binary-expr",
          "locations": [
            { "start": { "line": 34, "column": 22 }, "end": { "line": 34, "column": 35 } },
            { "start": { "line": 34, "column": 39 }, "end": { "line": 34, "column": 57 } }
          ],
          "line": 34
        },
        "2": {
          "loc": { "start": { "line": 37, "column": 20 }, "end": { "line": 37, "column": 74 } },
          "type": "if",
          "locations": [
            { "start": { "line": 37, "column": 20 }, "end": { "line": 37, "column": 74 } },
            { "start": { "line": 37, "column": 20 }, "end": { "line": 37, "column": 74 } }
          ],
          "line": 37
        }
      },
      "s": {
        "0": 0,
        "1": 0,
        "2": 0,
        "3": 0,
        "4": 0,
        "5": 0,
        "6": 0,
        "7": 0,
        "8": 0,
        "9": 0,
        "10": 0
      },
      "f": { "0": 0, "1": 0, "2": 0, "3": 0, "4": 0 },
      "b": { "0": [0, 0], "1": [0, 0], "2": [0, 0] },
      "hash": "7ba05e4936463c84cfcb94084d6ba981e5b0d2ac"
    },
    "D:\\atomic-react-components\\lib\\components\\molecules\\Form\\FieldSelect\\FieldSelect.style.js": {
      "path": "D:\\atomic-react-components\\lib\\components\\molecules\\Form\\FieldSelect\\FieldSelect.style.js",
      "statementMap": {
        "0": { "start": { "line": 3, "column": 15 }, "end": { "line": 10, "column": 1 } },
        "1": { "start": { "line": 4, "column": 28 }, "end": { "line": 4, "column": 54 } },
        "2": { "start": { "line": 8, "column": 30 }, "end": { "line": 8, "column": 59 } }
      },
      "fnMap": {
        "0": {
          "name": "(anonymous_0)",
          "decl": { "start": { "line": 4, "column": 19 }, "end": { "line": 4, "column": 20 } },
          "loc": { "start": { "line": 4, "column": 28 }, "end": { "line": 4, "column": 54 } },
          "line": 4
        },
        "1": {
          "name": "(anonymous_1)",
          "decl": { "start": { "line": 8, "column": 21 }, "end": { "line": 8, "column": 22 } },
          "loc": { "start": { "line": 8, "column": 30 }, "end": { "line": 8, "column": 59 } },
          "line": 8
        }
      },
      "branchMap": {},
      "s": { "0": 0, "1": 0, "2": 0 },
      "f": { "0": 0, "1": 0 },
      "b": {},
      "hash": "2aa1e51a97b23d0b006a787d99b2394e9029b2f2"
    },
    "D:\\atomic-react-components\\lib\\components\\molecules\\Form\\FieldSelect\\index.js": {
      "path": "D:\\atomic-react-components\\lib\\components\\molecules\\Form\\FieldSelect\\index.js",
      "statementMap": {},
      "fnMap": {},
      "branchMap": {},
      "s": {},
      "f": {},
      "b": {},
      "hash": "f82d2a0ef9d4de1a563322b5e33b84018caf4f05"
    },
    "D:\\atomic-react-components\\lib\\components\\molecules\\Form\\FieldSelect\\FieldSelect.js": {
      "path": "D:\\atomic-react-components\\lib\\components\\molecules\\Form\\FieldSelect\\FieldSelect.js",
      "statementMap": {
        "0": { "start": { "line": 21, "column": 20 }, "end": { "line": 52, "column": 1 } },
        "1": { "start": { "line": 31, "column": 2 }, "end": { "line": 51, "column": 8 } },
        "2": { "start": { "line": 37, "column": 33 }, "end": { "line": 37, "column": 37 } },
        "3": { "start": { "line": 38, "column": 8 }, "end": { "line": 47, "column": 10 } },
        "4": { "start": { "line": 43, "column": 14 }, "end": { "line": 43, "column": 30 } },
        "5": { "start": { "line": 44, "column": 14 }, "end": { "line": 44, "column": 68 } },
        "6": { "start": { "line": 44, "column": 50 }, "end": { "line": 44, "column": 68 } },
        "7": { "start": { "line": 54, "column": 0 }, "end": { "line": 58, "column": 2 } }
      },
      "fnMap": {
        "0": {
          "name": "(anonymous_0)",
          "decl": { "start": { "line": 21, "column": 20 }, "end": { "line": 21, "column": 21 } },
          "loc": { "start": { "line": 31, "column": 2 }, "end": { "line": 51, "column": 8 } },
          "line": 31
        },
        "1": {
          "name": "(anonymous_1)",
          "decl": { "start": { "line": 36, "column": 7 }, "end": { "line": 36, "column": 8 } },
          "loc": { "start": { "line": 36, "column": 28 }, "end": { "line": 48, "column": 7 } },
          "line": 36
        },
        "2": {
          "name": "(anonymous_2)",
          "decl": { "start": { "line": 42, "column": 22 }, "end": { "line": 42, "column": 23 } },
          "loc": { "start": { "line": 42, "column": 27 }, "end": { "line": 45, "column": 13 } },
          "line": 42
        }
      },
      "branchMap": {
        "0": {
          "loc": { "start": { "line": 44, "column": 14 }, "end": { "line": 44, "column": 68 } },
          "type": "if",
          "locations": [
            { "start": { "line": 44, "column": 14 }, "end": { "line": 44, "column": 68 } },
            { "start": { "line": 44, "column": 14 }, "end": { "line": 44, "column": 68 } }
          ],
          "line": 44
        }
      },
      "s": { "0": 0, "1": 0, "2": 0, "3": 0, "4": 0, "5": 0, "6": 0, "7": 0 },
      "f": { "0": 0, "1": 0, "2": 0 },
      "b": { "0": [0, 0] },
      "hash": "d8c272c64e6b3119d22564071aaefb37d7a47f86"
    },
    "D:\\atomic-react-components\\lib\\components\\molecules\\Form\\FieldTextarea\\FieldTextarea.js": {
      "path": "D:\\atomic-react-components\\lib\\components\\molecules\\Form\\FieldTextarea\\FieldTextarea.js",
      "statementMap": {
        "0": { "start": { "line": 23, "column": 22 }, "end": { "line": 53, "column": 1 } },
        "1": { "start": { "line": 32, "column": 2 }, "end": { "line": 52, "column": 8 } },
        "2": { "start": { "line": 38, "column": 33 }, "end": { "line": 38, "column": 37 } },
        "3": { "start": { "line": 39, "column": 8 }, "end": { "line": 48, "column": 10 } },
        "4": { "start": { "line": 44, "column": 14 }, "end": { "line": 44, "column": 30 } },
        "5": { "start": { "line": 45, "column": 14 }, "end": { "line": 45, "column": 68 } },
        "6": { "start": { "line": 45, "column": 50 }, "end": { "line": 45, "column": 68 } },
        "7": { "start": { "line": 55, "column": 0 }, "end": { "line": 60, "column": 2 } }
      },
      "fnMap": {
        "0": {
          "name": "(anonymous_0)",
          "decl": { "start": { "line": 23, "column": 22 }, "end": { "line": 23, "column": 23 } },
          "loc": { "start": { "line": 32, "column": 2 }, "end": { "line": 52, "column": 8 } },
          "line": 32
        },
        "1": {
          "name": "(anonymous_1)",
          "decl": { "start": { "line": 37, "column": 7 }, "end": { "line": 37, "column": 8 } },
          "loc": { "start": { "line": 37, "column": 28 }, "end": { "line": 49, "column": 7 } },
          "line": 37
        },
        "2": {
          "name": "(anonymous_2)",
          "decl": { "start": { "line": 43, "column": 22 }, "end": { "line": 43, "column": 23 } },
          "loc": { "start": { "line": 43, "column": 27 }, "end": { "line": 46, "column": 13 } },
          "line": 43
        }
      },
      "branchMap": {
        "0": {
          "loc": { "start": { "line": 45, "column": 14 }, "end": { "line": 45, "column": 68 } },
          "type": "if",
          "locations": [
            { "start": { "line": 45, "column": 14 }, "end": { "line": 45, "column": 68 } },
            { "start": { "line": 45, "column": 14 }, "end": { "line": 45, "column": 68 } }
          ],
          "line": 45
        }
      },
      "s": { "0": 0, "1": 0, "2": 0, "3": 0, "4": 0, "5": 0, "6": 0, "7": 0 },
      "f": { "0": 0, "1": 0, "2": 0 },
      "b": { "0": [0, 0] },
      "hash": "11226eb1b0da417a430a5fd0033f2fa91d8f0d94"
    },
    "D:\\atomic-react-components\\lib\\components\\molecules\\Form\\FieldTextarea\\FieldTextarea.style.js": {
      "path": "D:\\atomic-react-components\\lib\\components\\molecules\\Form\\FieldTextarea\\FieldTextarea.style.js",
      "statementMap": {
        "0": { "start": { "line": 3, "column": 15 }, "end": { "line": 11, "column": 1 } },
        "1": { "start": { "line": 4, "column": 28 }, "end": { "line": 4, "column": 54 } },
        "2": { "start": { "line": 9, "column": 30 }, "end": { "line": 9, "column": 59 } }
      },
      "fnMap": {
        "0": {
          "name": "(anonymous_0)",
          "decl": { "start": { "line": 4, "column": 19 }, "end": { "line": 4, "column": 20 } },
          "loc": { "start": { "line": 4, "column": 28 }, "end": { "line": 4, "column": 54 } },
          "line": 4
        },
        "1": {
          "name": "(anonymous_1)",
          "decl": { "start": { "line": 9, "column": 21 }, "end": { "line": 9, "column": 22 } },
          "loc": { "start": { "line": 9, "column": 30 }, "end": { "line": 9, "column": 59 } },
          "line": 9
        }
      },
      "branchMap": {},
      "s": { "0": 0, "1": 0, "2": 0 },
      "f": { "0": 0, "1": 0 },
      "b": {},
      "hash": "220bfc431b26a98cbb92efc72316bde5599bc7ad"
    },
    "D:\\atomic-react-components\\lib\\components\\molecules\\Form\\FieldTextarea\\index.js": {
      "path": "D:\\atomic-react-components\\lib\\components\\molecules\\Form\\FieldTextarea\\index.js",
      "statementMap": {},
      "fnMap": {},
      "branchMap": {},
      "s": {},
      "f": {},
      "b": {},
      "hash": "980cccafe600bc413e4772f0b48f36bcfdf61c79"
    },
    "D:\\atomic-react-components\\lib\\components\\molecules\\Popover\\types\\index.js": {
      "path": "D:\\atomic-react-components\\lib\\components\\molecules\\Popover\\types\\index.js",
      "statementMap": {},
      "fnMap": {},
      "branchMap": {},
      "s": {},
      "f": {},
      "b": {},
      "hash": "2842e4356db3fd3e3a2bfd5643854258342f0806"
    },
    "D:\\atomic-react-components\\lib\\components\\molecules\\Tabs\\Tab\\Tab.style.js": {
      "path": "D:\\atomic-react-components\\lib\\components\\molecules\\Tabs\\Tab\\Tab.style.js",
      "statementMap": {
        "0": { "start": { "line": 5, "column": 31 }, "end": { "line": 5, "column": 63 } },
        "1": { "start": { "line": 6, "column": 14 }, "end": { "line": 6, "column": 97 } },
        "2": { "start": { "line": 7, "column": 14 }, "end": { "line": 7, "column": 64 } }
      },
      "fnMap": {
        "0": {
          "name": "(anonymous_0)",
          "decl": { "start": { "line": 5, "column": 22 }, "end": { "line": 5, "column": 23 } },
          "loc": { "start": { "line": 5, "column": 31 }, "end": { "line": 5, "column": 63 } },
          "line": 5
        },
        "1": {
          "name": "(anonymous_1)",
          "decl": { "start": { "line": 6, "column": 4 }, "end": { "line": 6, "column": 5 } },
          "loc": { "start": { "line": 6, "column": 14 }, "end": { "line": 6, "column": 97 } },
          "line": 6
        },
        "2": {
          "name": "(anonymous_2)",
          "decl": { "start": { "line": 7, "column": 4 }, "end": { "line": 7, "column": 5 } },
          "loc": { "start": { "line": 7, "column": 14 }, "end": { "line": 7, "column": 64 } },
          "line": 7
        }
      },
      "branchMap": {
        "0": {
          "loc": { "start": { "line": 6, "column": 14 }, "end": { "line": 6, "column": 97 } },
          "type": "cond-expr",
          "locations": [
            { "start": { "line": 6, "column": 33 }, "end": { "line": 6, "column": 92 } },
            { "start": { "line": 6, "column": 95 }, "end": { "line": 6, "column": 97 } }
          ],
          "line": 6
        },
        "1": {
          "loc": { "start": { "line": 7, "column": 14 }, "end": { "line": 7, "column": 64 } },
          "type": "cond-expr",
          "locations": [
            { "start": { "line": 7, "column": 38 }, "end": { "line": 7, "column": 59 } },
            { "start": { "line": 7, "column": 62 }, "end": { "line": 7, "column": 64 } }
          ],
          "line": 7
        }
      },
      "s": { "0": 0, "1": 0, "2": 0 },
      "f": { "0": 0, "1": 0, "2": 0 },
      "b": { "0": [0, 0], "1": [0, 0] },
      "hash": "ec72122953e084cdc6696a3c8350fc1086fe0755"
    },
    "D:\\atomic-react-components\\lib\\components\\molecules\\Tabs\\Tab\\index.js": {
      "path": "D:\\atomic-react-components\\lib\\components\\molecules\\Tabs\\Tab\\index.js",
      "statementMap": {},
      "fnMap": {},
      "branchMap": {},
      "s": {},
      "f": {},
      "b": {},
      "hash": "ebc55f4f0358056d3d3cadac1b49cc46f5909f60"
    },
    "D:\\atomic-react-components\\lib\\components\\molecules\\Tabs\\TabPanel\\TabPanel.js": {
      "path": "D:\\atomic-react-components\\lib\\components\\molecules\\Tabs\\TabPanel\\TabPanel.js",
      "statementMap": {
        "0": { "start": { "line": 22, "column": 17 }, "end": { "line": 35, "column": 1 } },
        "1": { "start": { "line": 23, "column": 2 }, "end": { "line": 34, "column": 8 } },
        "2": { "start": { "line": 37, "column": 0 }, "end": { "line": 40, "column": 2 } }
      },
      "fnMap": {
        "0": {
          "name": "(anonymous_0)",
          "decl": { "start": { "line": 22, "column": 17 }, "end": { "line": 22, "column": 18 } },
          "loc": { "start": { "line": 23, "column": 2 }, "end": { "line": 34, "column": 8 } },
          "line": 23
        }
      },
      "branchMap": {},
      "s": { "0": 0, "1": 0, "2": 0 },
      "f": { "0": 0 },
      "b": {},
      "hash": "e6562174cd7a2dcf9789ec79d861fa254480a158"
    },
    "D:\\atomic-react-components\\lib\\components\\molecules\\Tabs\\Tab\\Tab.js": {
      "path": "D:\\atomic-react-components\\lib\\components\\molecules\\Tabs\\Tab\\Tab.js",
      "statementMap": {
        "0": { "start": { "line": 25, "column": 12 }, "end": { "line": 50, "column": 1 } },
        "1": { "start": { "line": 35, "column": 2 }, "end": { "line": 49, "column": 7 } },
        "2": { "start": { "line": 41, "column": 18 }, "end": { "line": 41, "column": 35 } },
        "3": { "start": { "line": 42, "column": 20 }, "end": { "line": 42, "column": 32 } },
        "4": { "start": { "line": 52, "column": 0 }, "end": { "line": 55, "column": 2 } }
      },
      "fnMap": {
        "0": {
          "name": "(anonymous_0)",
          "decl": { "start": { "line": 25, "column": 12 }, "end": { "line": 25, "column": 13 } },
          "loc": { "start": { "line": 35, "column": 2 }, "end": { "line": 49, "column": 7 } },
          "line": 35
        },
        "1": {
          "name": "(anonymous_1)",
          "decl": { "start": { "line": 41, "column": 13 }, "end": { "line": 41, "column": 14 } },
          "loc": { "start": { "line": 41, "column": 18 }, "end": { "line": 41, "column": 35 } },
          "line": 41
        },
        "2": {
          "name": "(anonymous_2)",
          "decl": { "start": { "line": 42, "column": 15 }, "end": { "line": 42, "column": 16 } },
          "loc": { "start": { "line": 42, "column": 20 }, "end": { "line": 42, "column": 32 } },
          "line": 42
        }
      },
      "branchMap": {
        "0": {
          "loc": { "start": { "line": 43, "column": 14 }, "end": { "line": 43, "column": 33 } },
          "type": "cond-expr",
          "locations": [
            { "start": { "line": 43, "column": 27 }, "end": { "line": 43, "column": 28 } },
            { "start": { "line": 43, "column": 31 }, "end": { "line": 43, "column": 33 } }
          ],
          "line": 43
        }
      },
      "s": { "0": 0, "1": 0, "2": 0, "3": 0, "4": 0 },
      "f": { "0": 0, "1": 0, "2": 0 },
      "b": { "0": [0, 0] },
      "hash": "8891130c333c863bea4aec13f668ed9911186469"
    },
    "D:\\atomic-react-components\\lib\\components\\molecules\\Tabs\\TabPanel\\TabPanel.style.js": {
      "path": "D:\\atomic-react-components\\lib\\components\\molecules\\Tabs\\TabPanel\\TabPanel.style.js",
      "statementMap": {
        "0": { "start": { "line": 6, "column": 14 }, "end": { "line": 6, "column": 55 } },
        "1": { "start": { "line": 7, "column": 14 }, "end": { "line": 7, "column": 64 } }
      },
      "fnMap": {
        "0": {
          "name": "(anonymous_0)",
          "decl": { "start": { "line": 6, "column": 4 }, "end": { "line": 6, "column": 5 } },
          "loc": { "start": { "line": 6, "column": 14 }, "end": { "line": 6, "column": 55 } },
          "line": 6
        },
        "1": {
          "name": "(anonymous_1)",
          "decl": { "start": { "line": 7, "column": 4 }, "end": { "line": 7, "column": 5 } },
          "loc": { "start": { "line": 7, "column": 14 }, "end": { "line": 7, "column": 64 } },
          "line": 7
        }
      },
      "branchMap": {
        "0": {
          "loc": { "start": { "line": 6, "column": 14 }, "end": { "line": 6, "column": 55 } },
          "type": "cond-expr",
          "locations": [
            { "start": { "line": 6, "column": 33 }, "end": { "line": 6, "column": 50 } },
            { "start": { "line": 6, "column": 53 }, "end": { "line": 6, "column": 55 } }
          ],
          "line": 6
        },
        "1": {
          "loc": { "start": { "line": 7, "column": 14 }, "end": { "line": 7, "column": 64 } },
          "type": "cond-expr",
          "locations": [
            { "start": { "line": 7, "column": 38 }, "end": { "line": 7, "column": 59 } },
            { "start": { "line": 7, "column": 62 }, "end": { "line": 7, "column": 64 } }
          ],
          "line": 7
        }
      },
      "s": { "0": 0, "1": 0 },
      "f": { "0": 0, "1": 0 },
      "b": { "0": [0, 0], "1": [0, 0] },
      "hash": "19fd0bad03de7bc29dfdebbdb345c282f9fa20ca"
    },
    "D:\\atomic-react-components\\lib\\components\\molecules\\Tabs\\TabPanel\\index.js": {
      "path": "D:\\atomic-react-components\\lib\\components\\molecules\\Tabs\\TabPanel\\index.js",
      "statementMap": {},
      "fnMap": {},
      "branchMap": {},
      "s": {},
      "f": {},
      "b": {},
      "hash": "de046189cf6675a590d9410b96bd254829266377"
    },
    "D:\\atomic-react-components\\lib\\components\\molecules\\Tabs\\types\\index.js": {
      "path": "D:\\atomic-react-components\\lib\\components\\molecules\\Tabs\\types\\index.js",
      "statementMap": {},
      "fnMap": {},
      "branchMap": {},
      "s": {},
      "f": {},
      "b": {},
      "hash": "a266f0ca73a010877ed2fafb06b00e444173dc42"
    },
    "D:\\atomic-react-components\\lib\\components\\molecules\\Toast\\types\\index.js": {
      "path": "D:\\atomic-react-components\\lib\\components\\molecules\\Toast\\types\\index.js",
      "statementMap": {},
      "fnMap": {},
      "branchMap": {},
      "s": {},
      "f": {},
      "b": {},
      "hash": "84f15464f88c118db3c4de5cb5cc5cf32f73813f"
    },
    "D:\\atomic-react-components\\lib\\core\\utils\\getDisplayName.js": {
      "path": "D:\\atomic-react-components\\lib\\core\\utils\\getDisplayName.js",
      "statementMap": {
        "0": { "start": { "line": 1, "column": 30 }, "end": { "line": 3, "column": 1 } },
        "1": { "start": { "line": 2, "column": 2 }, "end": { "line": 2, "column": 78 } }
      },
      "fnMap": {
        "0": {
          "name": "(anonymous_0)",
          "decl": { "start": { "line": 1, "column": 30 }, "end": { "line": 1, "column": 31 } },
          "loc": { "start": { "line": 1, "column": 50 }, "end": { "line": 3, "column": 1 } },
          "line": 1
        }
      },
      "branchMap": {
        "0": {
          "loc": { "start": { "line": 2, "column": 9 }, "end": { "line": 2, "column": 77 } },
          "type": "binary-expr",
          "locations": [
            { "start": { "line": 2, "column": 9 }, "end": { "line": 2, "column": 37 } },
            { "start": { "line": 2, "column": 41 }, "end": { "line": 2, "column": 62 } },
            { "start": { "line": 2, "column": 66 }, "end": { "line": 2, "column": 77 } }
          ],
          "line": 2
        }
      },
      "s": { "0": 0, "1": 0 },
      "f": { "0": 0 },
      "b": { "0": [0, 0, 0] },
      "hash": "b8a6f9f13cb1807fd556cb642e83906b6e3084e0"
    }
  }
}
