{
  "numFailedTestSuites": 0,
  "numFailedTests": 0,
  "numPassedTestSuites": 34,
  "numPassedTests": 78,
  "numPendingTestSuites": 0,
  "numPendingTests": 0,
  "numRuntimeErrorTestSuites": 0,
  "numTodoTests": 0,
  "numTotalTestSuites": 34,
  "numTotalTests": 78,
  "openHandles": [],
  "snapshot": {
    "added": 0,
    "didUpdate": false,
    "failure": false,
    "filesAdded": 0,
    "filesRemoved": 0,
    "filesRemovedList": [],
    "filesUnmatched": 0,
    "filesUpdated": 0,
    "matched": 42,
    "total": 42,
    "unchecked": 0,
    "uncheckedKeysByFile": [],
    "unmatched": 0,
    "updated": 0
  },
  "startTime": 1575452852463,
  "success": true,
  "testResults": [
    {
      "assertionResults": [
        {
          "ancestorTitles": ["FieldSelect"],
          "failureMessages": [],
          "fullName": "FieldSelect should render correctly",
          "location": null,
          "status": "passed",
          "title": "should render correctly"
        }
      ],
      "endTime": 1575452863789,
      "message": "",
      "name": "C:\\Users\\ritgupta5\\Desktop\\atomVideo\\atomic-react-components\\lib\\components\\molecules\\Form\\FieldSelect\\tests\\FieldSelect.style.test.js",
      "startTime": 1575452861687,
      "status": "passed",
      "summary": ""
    },
    {
      "assertionResults": [
        {
          "ancestorTitles": ["<VideoVanilla />"],
          "failureMessages": [],
          "fullName": "<VideoVanilla /> should have video tag",
          "location": null,
          "status": "passed",
          "title": "should have video tag"
        },
        {
          "ancestorTitles": ["<VideoVanilla />"],
          "failureMessages": [],
          "fullName": "<VideoVanilla /> should have source tag",
          "location": null,
          "status": "passed",
          "title": "should have source tag"
        },
        {
          "ancestorTitles": ["<VideoVanilla />"],
          "failureMessages": [],
          "fullName": "<VideoVanilla /> should have src attribute in source tag",
          "location": null,
          "status": "passed",
          "title": "should have src attribute in source tag"
        },
        {
          "ancestorTitles": ["<VideoVanilla />"],
          "failureMessages": [],
          "fullName": "<VideoVanilla /> should be autoplay but need to be mute",
          "location": null,
          "status": "passed",
          "title": "should be autoplay but need to be mute"
        },
        {
          "ancestorTitles": ["<VideoVanilla />"],
          "failureMessages": [],
          "fullName": "<VideoVanilla /> should render correctly",
          "location": null,
          "status": "passed",
          "title": "should render correctly"
        }
      ],
      "endTime": 1575452863827,
      "message": "",
      "name": "C:\\Users\\ritgupta5\\Desktop\\atomVideo\\atomic-react-components\\lib\\components\\atoms\\Video\\tests\\Video.test.js",
      "startTime": 1575452860742,
      "status": "passed",
      "summary": ""
    },
    {
      "assertionResults": [
        {
          "ancestorTitles": ["<Tabs />"],
          "failureMessages": [],
          "fullName": "<Tabs /> should render correctly",
          "location": null,
          "status": "passed",
          "title": "should render correctly"
        },
        {
          "ancestorTitles": ["<Tabs /> functional behavior"],
          "failureMessages": [],
          "fullName": "<Tabs /> functional behavior should have minimum dom structure for the tests below",
          "location": null,
          "status": "passed",
          "title": "should have minimum dom structure for the tests below"
        },
        {
          "ancestorTitles": ["<Tabs /> functional behavior"],
          "failureMessages": [],
          "fullName": "<Tabs /> functional behavior should change the tab panel and execute callback on closed tab click",
          "location": null,
          "status": "passed",
          "title": "should change the tab panel and execute callback on closed tab click"
        }
      ],
      "endTime": 1575452863861,
      "message": "",
      "name": "C:\\Users\\ritgupta5\\Desktop\\atomVideo\\atomic-react-components\\lib\\components\\molecules\\Tabs\\tests\\Tabs.test.js",
      "startTime": 1575452861571,
      "status": "passed",
      "summary": ""
    },
    {
      "assertionResults": [
        {
          "ancestorTitles": ["Form Component"],
          "failureMessages": [],
          "fullName": "Form Component should render select tag correctly",
          "location": null,
          "status": "passed",
          "title": "should render select tag correctly"
        },
        {
          "ancestorTitles": ["Form Component"],
          "failureMessages": [],
          "fullName": "Form Component should render input text field",
          "location": null,
          "status": "passed",
          "title": "should render input text field"
        },
        {
          "ancestorTitles": ["Form Component"],
          "failureMessages": [],
          "fullName": "Form Component should render select field",
          "location": null,
          "status": "passed",
          "title": "should render select field"
        },
        {
          "ancestorTitles": ["Form Component"],
          "failureMessages": [],
          "fullName": "Form Component should render input field with yupValidationSchema",
          "location": null,
          "status": "passed",
          "title": "should render input field with yupValidationSchema"
        },
        {
          "ancestorTitles": ["Form Component"],
          "failureMessages": [],
          "fullName": "Form Component should render input field with no validation",
          "location": null,
          "status": "passed",
          "title": "should render input field with no validation"
        },
        {
          "ancestorTitles": ["Form Component"],
          "failureMessages": [],
          "fullName": "Form Component getSchema should return null if no params are passed",
          "location": null,
          "status": "passed",
          "title": "getSchema should return null if no params are passed"
        }
      ],
      "endTime": 1575452863944,
      "message": "",
      "name": "C:\\Users\\ritgupta5\\Desktop\\atomVideo\\atomic-react-components\\lib\\components\\molecules\\Form\\tests\\Form.test.js",
      "startTime": 1575452861213,
      "status": "passed",
      "summary": ""
    },
    {
      "assertionResults": [
        {
          "ancestorTitles": ["FieldInput Component"],
          "failureMessages": [],
          "fullName": "FieldInput Component should render correctly",
          "location": null,
          "status": "passed",
          "title": "should render correctly"
        },
        {
          "ancestorTitles": ["FieldInput Component"],
          "failureMessages": [],
          "fullName": "FieldInput Component should render label correctly",
          "location": null,
          "status": "passed",
          "title": "should render label correctly"
        },
        {
          "ancestorTitles": ["FieldInput Component"],
          "failureMessages": [],
          "fullName": "FieldInput Component should render select tag",
          "location": null,
          "status": "passed",
          "title": "should render select tag"
        }
      ],
      "endTime": 1575452864151,
      "message": "",
      "name": "C:\\Users\\ritgupta5\\Desktop\\atomVideo\\atomic-react-components\\lib\\components\\molecules\\Form\\FieldSelect\\tests\\FieldSelect.test.js",
      "startTime": 1575452862035,
      "status": "passed",
      "summary": ""
    },
    {
      "assertionResults": [
        {
          "ancestorTitles": ["FieldTextarea Component"],
          "failureMessages": [],
          "fullName": "FieldTextarea Component should render correctly",
          "location": null,
          "status": "passed",
          "title": "should render correctly"
        },
        {
          "ancestorTitles": ["FieldTextarea Component"],
          "failureMessages": [],
          "fullName": "FieldTextarea Component should render label correctly",
          "location": null,
          "status": "passed",
          "title": "should render label correctly"
        },
        {
          "ancestorTitles": ["FieldTextarea Component"],
          "failureMessages": [],
          "fullName": "FieldTextarea Component should render textarea tag",
          "location": null,
          "status": "passed",
          "title": "should render textarea tag"
        }
      ],
      "endTime": 1575452864347,
      "message": "",
      "name": "C:\\Users\\ritgupta5\\Desktop\\atomVideo\\atomic-react-components\\lib\\components\\molecules\\Form\\FieldTextarea\\tests\\FieldTextarea.test.js",
      "startTime": 1575452862169,
      "status": "passed",
      "summary": ""
    },
    {
      "assertionResults": [
        {
          "ancestorTitles": ["FieldInput"],
          "failureMessages": [],
          "fullName": "FieldInput should render correctly",
          "location": null,
          "status": "passed",
          "title": "should render correctly"
        }
      ],
      "endTime": 1575452864661,
      "message": "",
      "name": "C:\\Users\\ritgupta5\\Desktop\\atomVideo\\atomic-react-components\\lib\\components\\molecules\\Form\\FieldInput\\tests\\FieldInput.style.test.js",
      "startTime": 1575452864283,
      "status": "passed",
      "summary": ""
    },
    {
      "assertionResults": [
        {
          "ancestorTitles": ["Input Styled component"],
          "failureMessages": [],
          "fullName": "Input Styled component should render correctly",
          "location": null,
          "status": "passed",
          "title": "should render correctly"
        }
      ],
      "endTime": 1575452864745,
      "message": "",
      "name": "C:\\Users\\ritgupta5\\Desktop\\atomVideo\\atomic-react-components\\lib\\components\\atoms\\Input\\tests\\Input.style.test.js",
      "startTime": 1575452864374,
      "status": "passed",
      "summary": ""
    },
    {
      "assertionResults": [
        {
          "ancestorTitles": ["InputChoiceVanilla Component"],
          "failureMessages": [],
          "fullName": "InputChoiceVanilla Component should render Radio button correctly",
          "location": null,
          "status": "passed",
          "title": "should render Radio button correctly"
        },
        {
          "ancestorTitles": ["InputChoiceVanilla Component"],
          "failureMessages": [],
          "fullName": "InputChoiceVanilla Component should render checkbox correctly",
          "location": null,
          "status": "passed",
          "title": "should render checkbox correctly"
        },
        {
          "ancestorTitles": ["InputChoiceVanilla Component"],
          "failureMessages": [],
          "fullName": "InputChoiceVanilla Component should render disabled",
          "location": null,
          "status": "passed",
          "title": "should render disabled"
        },
        {
          "ancestorTitles": ["InputChoiceVanilla Component"],
          "failureMessages": [],
          "fullName": "InputChoiceVanilla Component should render checked",
          "location": null,
          "status": "passed",
          "title": "should render checked"
        }
      ],
      "endTime": 1575452864943,
      "message": "",
      "name": "C:\\Users\\ritgupta5\\Desktop\\atomVideo\\atomic-react-components\\lib\\components\\molecules\\InputChoice\\tests\\InputChoice.test.js",
      "startTime": 1575452864592,
      "status": "passed",
      "summary": ""
    },
    {
      "assertionResults": [
        {
          "ancestorTitles": ["FieldTextarea"],
          "failureMessages": [],
          "fullName": "FieldTextarea should render correctly",
          "location": null,
          "status": "passed",
          "title": "should render correctly"
        }
      ],
      "endTime": 1575452864951,
      "message": "",
      "name": "C:\\Users\\ritgupta5\\Desktop\\atomVideo\\atomic-react-components\\lib\\components\\molecules\\Form\\FieldTextarea\\tests\\FieldTextarea.style.test.js",
      "startTime": 1575452864298,
      "status": "passed",
      "summary": ""
    },
    {
      "assertionResults": [
        {
          "ancestorTitles": ["InputChoice"],
          "failureMessages": [],
          "fullName": "InputChoice should render radio correctly",
          "location": null,
          "status": "passed",
          "title": "should render radio correctly"
        },
        {
          "ancestorTitles": ["InputChoice"],
          "failureMessages": [],
          "fullName": "InputChoice should render checkbox correctly",
          "location": null,
          "status": "passed",
          "title": "should render checkbox correctly"
        }
      ],
      "endTime": 1575452865011,
      "message": "",
      "name": "C:\\Users\\ritgupta5\\Desktop\\atomVideo\\atomic-react-components\\lib\\components\\molecules\\InputChoice\\tests\\InputChoice.style.test.js",
      "startTime": 1575452864593,
      "status": "passed",
      "summary": ""
    },
    {
      "assertionResults": [
        {
          "ancestorTitles": ["Button Component"],
          "failureMessages": [],
          "fullName": "Button Component should render correctly",
          "location": null,
          "status": "passed",
          "title": "should render correctly"
        },
        {
          "ancestorTitles": ["Button Component"],
          "failureMessages": [],
          "fullName": "Button Component should render disabled",
          "location": null,
          "status": "passed",
          "title": "should render disabled"
        },
        {
          "ancestorTitles": ["Button Component"],
          "failureMessages": [],
          "fullName": "Button Component should render title element",
          "location": null,
          "status": "passed",
          "title": "should render title element"
        },
        {
          "ancestorTitles": ["Button Component"],
          "failureMessages": [],
          "fullName": "Button Component should render aria attribute element",
          "location": null,
          "status": "passed",
          "title": "should render aria attribute element"
        },
        {
          "ancestorTitles": ["Button Component"],
          "failureMessages": [],
          "fullName": "Button Component should check the data attribute of button",
          "location": null,
          "status": "passed",
          "title": "should check the data attribute of button"
        }
      ],
      "endTime": 1575452865166,
      "message": "",
      "name": "C:\\Users\\ritgupta5\\Desktop\\atomVideo\\atomic-react-components\\lib\\components\\atoms\\Button\\tests\\Button.test.js",
      "startTime": 1575452864803,
      "status": "passed",
      "summary": ""
    },
    {
      "assertionResults": [
        {
          "ancestorTitles": ["<Popover /> Rendering"],
          "failureMessages": [],
          "fullName": "<Popover /> Rendering should render correctly",
          "location": null,
          "status": "passed",
          "title": "should render correctly"
        },
        {
          "ancestorTitles": ["Popover functional behavior"],
          "failureMessages": [],
          "fullName": "Popover functional behavior Should have Close Button By Default and can be closed",
          "location": null,
          "status": "passed",
          "title": "Should have Close Button By Default and can be closed"
        },
        {
          "ancestorTitles": ["Popover functional behavior"],
          "failureMessages": [],
          "fullName": "Popover functional behavior Should open By Default when isVisible set to true",
          "location": null,
          "status": "passed",
          "title": "Should open By Default when isVisible set to true"
        },
        {
          "ancestorTitles": ["Popover functional behavior"],
          "failureMessages": [],
          "fullName": "Popover functional behavior Should open and close on Trigger and X button click",
          "location": null,
          "status": "passed",
          "title": "Should open and close on Trigger and X button click"
        }
      ],
      "endTime": 1575452865476,
      "message": "",
      "name": "C:\\Users\\ritgupta5\\Desktop\\atomVideo\\atomic-react-components\\lib\\components\\molecules\\Popover\\tests\\Popover.test.js",
      "startTime": 1575452865046,
      "status": "passed",
      "summary": ""
    },
    {
      "assertionResults": [
        {
          "ancestorTitles": ["Button"],
          "failureMessages": [],
          "fullName": "Button should render correctly",
          "location": null,
          "status": "passed",
          "title": "should render correctly"
        }
      ],
      "endTime": 1575452865508,
      "message": "",
      "name": "C:\\Users\\ritgupta5\\Desktop\\atomVideo\\atomic-react-components\\lib\\components\\atoms\\Button\\tests\\Button.style.test.js",
      "startTime": 1575452865196,
      "status": "passed",
      "summary": ""
    },
    {
      "assertionResults": [
        {
          "ancestorTitles": ["<Breadcrumb />"],
          "failureMessages": [],
          "fullName": "<Breadcrumb /> should render correctly",
          "location": null,
          "status": "passed",
          "title": "should render correctly"
        }
      ],
      "endTime": 1575452865642,
      "message": "",
      "name": "C:\\Users\\ritgupta5\\Desktop\\atomVideo\\atomic-react-components\\lib\\components\\molecules\\Breadcrumb\\tests\\Breadcrumb.test.js",
      "startTime": 1575452860981,
      "status": "passed",
      "summary": ""
    },
    {
      "assertionResults": [
        {
          "ancestorTitles": ["FieldInput Component"],
          "failureMessages": [],
          "fullName": "FieldInput Component should render correctly",
          "location": null,
          "status": "passed",
          "title": "should render correctly"
        },
        {
          "ancestorTitles": ["FieldInput Component"],
          "failureMessages": [],
          "fullName": "FieldInput Component should render label correctly",
          "location": null,
          "status": "passed",
          "title": "should render label correctly"
        },
        {
          "ancestorTitles": ["FieldInput Component"],
          "failureMessages": [],
          "fullName": "FieldInput Component should render Input component with proper type",
          "location": null,
          "status": "passed",
          "title": "should render Input component with proper type"
        }
      ],
      "endTime": 1575452865731,
      "message": "",
      "name": "C:\\Users\\ritgupta5\\Desktop\\atomVideo\\atomic-react-components\\lib\\components\\molecules\\Form\\FieldInput\\tests\\FieldInput.test.js",
      "startTime": 1575452865360,
      "status": "passed",
      "summary": ""
    },
    {
      "assertionResults": [
        {
          "ancestorTitles": ["Select Styled component"],
          "failureMessages": [],
          "fullName": "Select Styled component should render correctly",
          "location": null,
          "status": "passed",
          "title": "should render correctly"
        }
      ],
      "endTime": 1575452865775,
      "message": "",
      "name": "C:\\Users\\ritgupta5\\Desktop\\atomVideo\\atomic-react-components\\lib\\components\\atoms\\Select\\tests\\Select.style.test.js",
      "startTime": 1575452865458,
      "status": "passed",
      "summary": ""
    },
    {
      "assertionResults": [
        {
          "ancestorTitles": ["Anchor Component"],
          "failureMessages": [],
          "fullName": "Anchor Component should render correctly and match snapshot",
          "location": null,
          "status": "passed",
          "title": "should render correctly and match snapshot"
        },
        {
          "ancestorTitles": ["Anchor Component"],
          "failureMessages": [],
          "fullName": "Anchor Component Should handle on typeahead focuson Events",
          "location": null,
          "status": "passed",
          "title": "Should handle on typeahead focuson Events"
        },
        {
          "ancestorTitles": ["Anchor Component"],
          "failureMessages": [],
          "fullName": "Anchor Component should check the data attribute of anchor",
          "location": null,
          "status": "passed",
          "title": "should check the data attribute of anchor"
        }
      ],
      "endTime": 1575452865792,
      "message": "",
      "name": "C:\\Users\\ritgupta5\\Desktop\\atomVideo\\atomic-react-components\\lib\\components\\atoms\\Anchor\\tests\\Anchor.test.js",
      "startTime": 1575452865414,
      "status": "passed",
      "summary": ""
    },
    {
      "assertionResults": [
        {
          "ancestorTitles": ["<Tab />"],
          "failureMessages": [],
          "fullName": "<Tab /> should render correctly",
          "location": null,
          "status": "passed",
          "title": "should render correctly"
        }
      ],
      "endTime": 1575452865942,
      "message": "",
      "name": "C:\\Users\\ritgupta5\\Desktop\\atomVideo\\atomic-react-components\\lib\\components\\molecules\\Tabs\\Tab\\tests\\Tab.test.js",
      "startTime": 1575452865591,
      "status": "passed",
      "summary": ""
    },
    {
      "assertionResults": [
        {
          "ancestorTitles": ["<ArticleThumbnail />"],
          "failureMessages": [],
          "fullName": "<ArticleThumbnail /> should render correctly with Readmore",
          "location": null,
          "status": "passed",
          "title": "should render correctly with Readmore"
        },
        {
          "ancestorTitles": ["<ArticleThumbnail />"],
          "failureMessages": [],
          "fullName": "<ArticleThumbnail /> should render correctly with full clickable thumb",
          "location": null,
          "status": "passed",
          "title": "should render correctly with full clickable thumb"
        }
      ],
      "endTime": 1575452866279,
      "message": "",
      "name": "C:\\Users\\ritgupta5\\Desktop\\atomVideo\\atomic-react-components\\lib\\components\\molecules\\ArticleThumbnail\\tests\\ArticleThumbnail.test.js",
      "startTime": 1575452865951,
      "status": "passed",
      "summary": ""
    },
    {
      "assertionResults": [
        {
          "ancestorTitles": ["Image Component"],
          "failureMessages": [],
          "fullName": "Image Component should render correctly and match snapshots",
          "location": null,
          "status": "passed",
          "title": "should render correctly and match snapshots"
        },
        {
          "ancestorTitles": ["Image Component"],
          "failureMessages": [],
          "fullName": "Image Component should change image src on error",
          "location": null,
          "status": "passed",
          "title": "should change image src on error"
        },
        {
          "ancestorTitles": ["Image Component"],
          "failureMessages": [],
          "fullName": "Image Component should check the data attribute of image",
          "location": null,
          "status": "passed",
          "title": "should check the data attribute of image"
        },
        {
          "ancestorTitles": ["Image Component"],
          "failureMessages": [],
          "fullName": "Image Component should check the default locator of image",
          "location": null,
          "status": "passed",
          "title": "should check the default locator of image"
        }
      ],
      "endTime": 1575452866327,
      "message": "",
      "name": "C:\\Users\\ritgupta5\\Desktop\\atomVideo\\atomic-react-components\\lib\\components\\atoms\\Image\\tests\\Image.test.js",
      "startTime": 1575452866024,
      "status": "passed",
      "summary": ""
    },
    {
      "assertionResults": [
        {
          "ancestorTitles": ["Heading Component"],
          "failureMessages": [],
          "fullName": "Heading Component should render correctly and match snapshot",
          "location": null,
          "status": "passed",
          "title": "should render correctly and match snapshot"
        },
        {
          "ancestorTitles": ["Heading Component"],
          "failureMessages": [],
          "fullName": "Heading Component should check the custom locator of heading",
          "location": null,
          "status": "passed",
          "title": "should check the custom locator of heading"
        },
        {
          "ancestorTitles": ["Heading Component"],
          "failureMessages": [],
          "fullName": "Heading Component should check the default locator of heading",
          "location": null,
          "status": "passed",
          "title": "should check the default locator of heading"
        }
      ],
      "endTime": 1575452866464,
      "message": "",
      "name": "C:\\Users\\ritgupta5\\Desktop\\atomVideo\\atomic-react-components\\lib\\components\\atoms\\Heading\\tests\\Heading.test.js",
      "startTime": 1575452866152,
      "status": "passed",
      "summary": ""
    },
    {
      "assertionResults": [
        {
          "ancestorTitles": ["Modal Component"],
          "failureMessages": [],
          "fullName": "Modal Component should render Modal correctly",
          "location": null,
          "status": "passed",
          "title": "should render Modal correctly"
        }
      ],
      "endTime": 1575452866475,
      "message": "",
      "name": "C:\\Users\\ritgupta5\\Desktop\\atomVideo\\atomic-react-components\\lib\\components\\molecules\\Modal\\tests\\Modal.test.js",
      "startTime": 1575452866087,
      "status": "passed",
      "summary": ""
    },
    {
      "assertionResults": [
        {
          "ancestorTitles": ["Select Styled component"],
          "failureMessages": [],
          "fullName": "Select Styled component should render correctly",
          "location": null,
          "status": "passed",
          "title": "should render correctly"
        }
      ],
      "endTime": 1575452866474,
      "message": "",
      "name": "C:\\Users\\ritgupta5\\Desktop\\atomVideo\\atomic-react-components\\lib\\components\\atoms\\Textarea\\tests\\Textarea.style.test.js",
      "startTime": 1575452866107,
      "status": "passed",
      "summary": ""
    },
    {
      "assertionResults": [
        {
          "ancestorTitles": ["FieldError Component"],
          "failureMessages": [],
          "fullName": "FieldError Component should render correctly",
          "location": null,
          "status": "passed",
          "title": "should render correctly"
        },
        {
          "ancestorTitles": ["FieldError Component"],
          "failureMessages": [],
          "fullName": "FieldError Component should check the element locator of field error",
          "location": null,
          "status": "passed",
          "title": "should check the element locator of field error"
        },
        {
          "ancestorTitles": ["FieldError Component"],
          "failureMessages": [],
          "fullName": "FieldError Component should check the default slnid of field error",
          "location": null,
          "status": "passed",
          "title": "should check the default slnid of field error"
        }
      ],
      "endTime": 1575452866576,
      "message": "",
      "name": "C:\\Users\\ritgupta5\\Desktop\\atomVideo\\atomic-react-components\\lib\\components\\atoms\\FieldError\\tests\\FieldError.test.js",
      "startTime": 1575452866202,
      "status": "passed",
      "summary": ""
    },
    {
      "assertionResults": [
        {
          "ancestorTitles": ["Select Component"],
          "failureMessages": [],
          "fullName": "Select Component should render correctly",
          "location": null,
          "status": "passed",
          "title": "should render correctly"
        },
        {
          "ancestorTitles": ["Select Component"],
          "failureMessages": [],
          "fullName": "Select Component should check the data attribute of dropdown/select",
          "location": null,
          "status": "passed",
          "title": "should check the data attribute of dropdown/select"
        }
      ],
      "endTime": 1575452866592,
      "message": "",
      "name": "C:\\Users\\ritgupta5\\Desktop\\atomVideo\\atomic-react-components\\lib\\components\\atoms\\Select\\tests\\Select.test.js",
      "startTime": 1575452866343,
      "status": "passed",
      "summary": ""
    },
    {
      "assertionResults": [
        {
          "ancestorTitles": ["Para Component"],
          "failureMessages": [],
          "fullName": "Para Component should render correctly and match snapshot",
          "location": null,
          "status": "passed",
          "title": "should render correctly and match snapshot"
        },
        {
          "ancestorTitles": ["Para Component"],
          "failureMessages": [],
          "fullName": "Para Component should check the data attribute of para",
          "location": null,
          "status": "passed",
          "title": "should check the data attribute of para"
        }
      ],
      "endTime": 1575452866929,
      "message": "",
      "name": "C:\\Users\\ritgupta5\\Desktop\\atomVideo\\atomic-react-components\\lib\\components\\atoms\\Para\\tests\\Para.test.js",
      "startTime": 1575452866668,
      "status": "passed",
      "summary": ""
    },
    {
      "assertionResults": [
        {
          "ancestorTitles": ["<TabPanel />"],
          "failureMessages": [],
          "fullName": "<TabPanel /> should render correctly",
          "location": null,
          "status": "passed",
          "title": "should render correctly"
        }
      ],
      "endTime": 1575452866943,
      "message": "",
      "name": "C:\\Users\\ritgupta5\\Desktop\\atomVideo\\atomic-react-components\\lib\\components\\molecules\\Tabs\\TabPanel\\tests\\TabPanel.test.js",
      "startTime": 1575452866729,
      "status": "passed",
      "summary": ""
    },
    {
      "assertionResults": [
        {
          "ancestorTitles": ["Image Component with styles"],
          "failureMessages": [],
          "fullName": "Image Component with styles should render correctly and match snapshots",
          "location": null,
          "status": "passed",
          "title": "should render correctly and match snapshots"
        },
        {
          "ancestorTitles": ["Image Component with styles"],
          "failureMessages": [],
          "fullName": "Image Component with styles should render correctly with lazy load",
          "location": null,
          "status": "passed",
          "title": "should render correctly with lazy load"
        }
      ],
      "endTime": 1575452867060,
      "message": "",
      "name": "C:\\Users\\ritgupta5\\Desktop\\atomVideo\\atomic-react-components\\lib\\components\\atoms\\Image\\tests\\Image.style.test.js",
      "startTime": 1575452866816,
      "status": "passed",
      "summary": ""
    },
    {
      "assertionResults": [
        {
          "ancestorTitles": ["<List />"],
          "failureMessages": [],
          "fullName": "<List /> should render default view correctly",
          "location": null,
          "status": "passed",
          "title": "should render default view correctly"
        }
      ],
      "endTime": 1575452867145,
      "message": "",
      "name": "C:\\Users\\ritgupta5\\Desktop\\atomVideo\\atomic-react-components\\lib\\components\\molecules\\List\\tests\\List.test.js",
      "startTime": 1575452866896,
      "status": "passed",
      "summary": ""
    },
    {
      "assertionResults": [
        {
          "ancestorTitles": ["<Textarea />"],
          "failureMessages": [],
          "fullName": "<Textarea /> should render correctly",
          "location": null,
          "status": "passed",
          "title": "should render correctly"
        },
        {
          "ancestorTitles": ["<Textarea />"],
          "failureMessages": [],
          "fullName": "<Textarea /> should check the data attribute of textarea",
          "location": null,
          "status": "passed",
          "title": "should check the data attribute of textarea"
        }
      ],
      "endTime": 1575452867175,
      "message": "",
      "name": "C:\\Users\\ritgupta5\\Desktop\\atomVideo\\atomic-react-components\\lib\\components\\atoms\\Textarea\\tests\\Textarea.test.js",
      "startTime": 1575452866896,
      "status": "passed",
      "summary": ""
    },
    {
      "assertionResults": [
        {
          "ancestorTitles": ["Debug"],
          "failureMessages": [],
          "fullName": "Debug should render correctly",
          "location": null,
          "status": "passed",
          "title": "should render correctly"
        }
      ],
      "endTime": 1575452867192,
      "message": "",
      "name": "C:\\Users\\ritgupta5\\Desktop\\atomVideo\\atomic-react-components\\lib\\components\\molecules\\Form\\Debug\\tests\\Debug.test.js",
      "startTime": 1575452866966,
      "status": "passed",
      "summary": ""
    },
    {
      "assertionResults": [
        {
          "ancestorTitles": ["Input Component"],
          "failureMessages": [],
          "fullName": "Input Component should render correctly",
          "location": null,
          "status": "passed",
          "title": "should render correctly"
        },
        {
          "ancestorTitles": ["Input Component"],
          "failureMessages": [],
          "fullName": "Input Component should check the data attribute of input",
          "location": null,
          "status": "passed",
          "title": "should check the data attribute of input"
        }
      ],
      "endTime": 1575452867205,
      "message": "",
      "name": "C:\\Users\\ritgupta5\\Desktop\\atomVideo\\atomic-react-components\\lib\\components\\atoms\\Input\\tests\\Input.test.js",
      "startTime": 1575452866988,
      "status": "passed",
      "summary": ""
    },
    {
      "assertionResults": [
        {
          "ancestorTitles": ["Label Component"],
          "failureMessages": [],
          "fullName": "Label Component should render correctly",
          "location": null,
          "status": "passed",
          "title": "should render correctly"
        },
        {
          "ancestorTitles": ["Label Component"],
          "failureMessages": [],
          "fullName": "Label Component should check the data attribute of label",
          "location": null,
          "status": "passed",
          "title": "should check the data attribute of label"
        }
      ],
      "endTime": 1575452867330,
      "message": "",
      "name": "C:\\Users\\ritgupta5\\Desktop\\atomVideo\\atomic-react-components\\lib\\components\\atoms\\Label\\tests\\Label.test.js",
      "startTime": 1575452867226,
      "status": "passed",
      "summary": ""
    }
  ],
  "wasInterrupted": false,
  "coverageMap": {
    "C:\\Users\\ritgupta5\\Desktop\\atomVideo\\atomic-react-components\\lib\\components\\molecules\\Form\\FieldSelect\\FieldSelect.js": {
      "path": "C:\\Users\\ritgupta5\\Desktop\\atomVideo\\atomic-react-components\\lib\\components\\molecules\\Form\\FieldSelect\\FieldSelect.js",
      "statementMap": {
        "0": { "start": { "line": 21, "column": 20 }, "end": { "line": 55, "column": 1 } },
        "1": { "start": { "line": 31, "column": 2 }, "end": { "line": 54, "column": 8 } },
        "2": { "start": { "line": 39, "column": 33 }, "end": { "line": 39, "column": 37 } },
        "3": { "start": { "line": 40, "column": 8 }, "end": { "line": 49, "column": 10 } },
        "4": { "start": { "line": 45, "column": 14 }, "end": { "line": 45, "column": 30 } },
        "5": { "start": { "line": 46, "column": 14 }, "end": { "line": 46, "column": 68 } },
        "6": { "start": { "line": 46, "column": 50 }, "end": { "line": 46, "column": 68 } },
        "7": { "start": { "line": 57, "column": 0 }, "end": { "line": 61, "column": 2 } }
      },
      "fnMap": {
        "0": {
          "name": "(anonymous_0)",
          "decl": { "start": { "line": 21, "column": 20 }, "end": { "line": 21, "column": 21 } },
          "loc": { "start": { "line": 31, "column": 2 }, "end": { "line": 54, "column": 8 } },
          "line": 31
        },
        "1": {
          "name": "(anonymous_1)",
          "decl": { "start": { "line": 38, "column": 14 }, "end": { "line": 38, "column": 15 } },
          "loc": { "start": { "line": 38, "column": 35 }, "end": { "line": 50, "column": 7 } },
          "line": 38
        },
        "2": {
          "name": "(anonymous_2)",
          "decl": { "start": { "line": 44, "column": 22 }, "end": { "line": 44, "column": 23 } },
          "loc": { "start": { "line": 44, "column": 27 }, "end": { "line": 47, "column": 13 } },
          "line": 44
        }
      },
      "branchMap": {
        "0": {
          "loc": { "start": { "line": 46, "column": 14 }, "end": { "line": 46, "column": 68 } },
          "type": "if",
          "locations": [
            { "start": { "line": 46, "column": 14 }, "end": { "line": 46, "column": 68 } },
            { "start": { "line": 46, "column": 14 }, "end": { "line": 46, "column": 68 } }
          ],
          "line": 46
        }
      },
      "s": { "0": 3, "1": 3, "2": 2, "3": 2, "4": 0, "5": 0, "6": 0, "7": 3 },
      "f": { "0": 3, "1": 2, "2": 0 },
      "b": { "0": [0, 0] },
      "_coverageSchema": "43e27e138ebf9cfc5966b082cf9a028302ed4184",
      "hash": "e50d7309fcc55a577cdb42bc139667914559159a"
    },
    "C:\\Users\\ritgupta5\\Desktop\\atomVideo\\atomic-react-components\\lib\\components\\atoms\\Label\\index.js": {
      "path": "C:\\Users\\ritgupta5\\Desktop\\atomVideo\\atomic-react-components\\lib\\components\\atoms\\Label\\index.js",
      "statementMap": {},
      "fnMap": {},
      "branchMap": {},
      "s": {},
      "f": {},
      "b": {},
      "_coverageSchema": "43e27e138ebf9cfc5966b082cf9a028302ed4184",
      "hash": "7ca1f73b4109610500e544f513e35fa7832798fc"
    },
    "C:\\Users\\ritgupta5\\Desktop\\atomVideo\\atomic-react-components\\lib\\components\\atoms\\Label\\Label.js": {
      "path": "C:\\Users\\ritgupta5\\Desktop\\atomVideo\\atomic-react-components\\lib\\components\\atoms\\Label\\Label.js",
      "statementMap": {
        "0": { "start": { "line": 14, "column": 14 }, "end": { "line": 25, "column": 1 } },
        "1": { "start": { "line": 17, "column": 2 }, "end": { "line": 24, "column": 10 } },
        "2": { "start": { "line": 27, "column": 0 }, "end": { "line": 30, "column": 2 } }
      },
      "fnMap": {
        "0": {
          "name": "(anonymous_0)",
          "decl": { "start": { "line": 14, "column": 14 }, "end": { "line": 14, "column": 15 } },
          "loc": { "start": { "line": 17, "column": 2 }, "end": { "line": 24, "column": 10 } },
          "line": 17
        }
      },
      "branchMap": {
        "0": {
          "loc": { "start": { "line": 20, "column": 18 }, "end": { "line": 20, "column": 88 } },
          "type": "binary-expr",
          "locations": [
            { "start": { "line": 20, "column": 18 }, "end": { "line": 20, "column": 32 } },
            { "start": { "line": 20, "column": 36 }, "end": { "line": 20, "column": 88 } }
          ],
          "line": 20
        }
      },
      "s": { "0": 10, "1": 9, "2": 10 },
      "f": { "0": 9 },
      "b": { "0": [9, 8] },
      "_coverageSchema": "43e27e138ebf9cfc5966b082cf9a028302ed4184",
      "hash": "15d95a172c5815ab3292b8078ed52881d415e0ab"
    },
    "C:\\Users\\ritgupta5\\Desktop\\atomVideo\\atomic-react-components\\lib\\core\\utils\\elementLocator.js": {
      "path": "C:\\Users\\ritgupta5\\Desktop\\atomVideo\\atomic-react-components\\lib\\core\\utils\\elementLocator.js",
      "statementMap": {
        "0": { "start": { "line": 4, "column": 36 }, "end": { "line": 20, "column": 1 } },
        "1": { "start": { "line": 5, "column": 14 }, "end": { "line": 5, "column": 16 } },
        "2": { "start": { "line": 7, "column": 2 }, "end": { "line": 18, "column": 5 } },
        "3": { "start": { "line": 8, "column": 24 }, "end": { "line": 8, "column": 29 } },
        "4": { "start": { "line": 10, "column": 4 }, "end": { "line": 16, "column": 5 } },
        "5": { "start": { "line": 11, "column": 6 }, "end": { "line": 15, "column": 9 } },
        "6": { "start": { "line": 12, "column": 8 }, "end": { "line": 12, "column": 78 } },
        "7": { "start": { "line": 13, "column": 8 }, "end": { "line": 13, "column": 51 } },
        "8": { "start": { "line": 13, "column": 30 }, "end": { "line": 13, "column": 51 } },
        "9": { "start": { "line": 14, "column": 8 }, "end": { "line": 14, "column": 29 } },
        "10": { "start": { "line": 17, "column": 4 }, "end": { "line": 17, "column": 45 } },
        "11": { "start": { "line": 19, "column": 2 }, "end": { "line": 19, "column": 29 } }
      },
      "fnMap": {
        "0": {
          "name": "(anonymous_0)",
          "decl": { "start": { "line": 4, "column": 36 }, "end": { "line": 4, "column": 37 } },
          "loc": { "start": { "line": 4, "column": 48 }, "end": { "line": 20, "column": 1 } },
          "line": 4
        },
        "1": {
          "name": "(anonymous_1)",
          "decl": { "start": { "line": 7, "column": 34 }, "end": { "line": 7, "column": 35 } },
          "loc": { "start": { "line": 7, "column": 57 }, "end": { "line": 18, "column": 3 } },
          "line": 7
        },
        "2": {
          "name": "(anonymous_2)",
          "decl": { "start": { "line": 11, "column": 28 }, "end": { "line": 11, "column": 29 } },
          "loc": { "start": { "line": 11, "column": 51 }, "end": { "line": 15, "column": 7 } },
          "line": 11
        }
      },
      "branchMap": {
        "0": {
          "loc": { "start": { "line": 10, "column": 4 }, "end": { "line": 16, "column": 5 } },
          "type": "if",
          "locations": [
            { "start": { "line": 10, "column": 4 }, "end": { "line": 16, "column": 5 } },
            { "start": { "line": 10, "column": 4 }, "end": { "line": 16, "column": 5 } }
          ],
          "line": 10
        },
        "1": {
          "loc": { "start": { "line": 12, "column": 20 }, "end": { "line": 12, "column": 67 } },
          "type": "cond-expr",
          "locations": [
            { "start": { "line": 12, "column": 59 }, "end": { "line": 12, "column": 61 } },
            { "start": { "line": 12, "column": 64 }, "end": { "line": 12, "column": 67 } }
          ],
          "line": 12
        },
        "2": {
          "loc": { "start": { "line": 12, "column": 20 }, "end": { "line": 12, "column": 56 } },
          "type": "binary-expr",
          "locations": [
            { "start": { "line": 12, "column": 20 }, "end": { "line": 12, "column": 36 } },
            { "start": { "line": 12, "column": 40 }, "end": { "line": 12, "column": 56 } }
          ],
          "line": 12
        },
        "3": {
          "loc": { "start": { "line": 13, "column": 8 }, "end": { "line": 13, "column": 51 } },
          "type": "if",
          "locations": [
            { "start": { "line": 13, "column": 8 }, "end": { "line": 13, "column": 51 } },
            { "start": { "line": 13, "column": 8 }, "end": { "line": 13, "column": 51 } }
          ],
          "line": 13
        },
        "4": {
          "loc": { "start": { "line": 17, "column": 11 }, "end": { "line": 17, "column": 44 } },
          "type": "binary-expr",
          "locations": [
            { "start": { "line": 17, "column": 11 }, "end": { "line": 17, "column": 24 } },
            { "start": { "line": 17, "column": 28 }, "end": { "line": 17, "column": 44 } }
          ],
          "line": 17
        }
      },
      "s": {
        "0": 21,
        "1": 32,
        "2": 32,
        "3": 28,
        "4": 28,
        "5": 28,
        "6": 43,
        "7": 43,
        "8": 15,
        "9": 43,
        "10": 28,
        "11": 32
      },
      "f": { "0": 32, "1": 28, "2": 43 },
      "b": { "0": [28, 0], "1": [28, 15], "2": [43, 43], "3": [15, 28], "4": [28, 13] },
      "_coverageSchema": "43e27e138ebf9cfc5966b082cf9a028302ed4184",
      "hash": "34328b8f3b980434f3bac6c3a4fb00315b09857b"
    },
    "C:\\Users\\ritgupta5\\Desktop\\atomVideo\\atomic-react-components\\lib\\components\\atoms\\Select\\index.js": {
      "path": "C:\\Users\\ritgupta5\\Desktop\\atomVideo\\atomic-react-components\\lib\\components\\atoms\\Select\\index.js",
      "statementMap": {},
      "fnMap": {},
      "branchMap": {},
      "s": {},
      "f": {},
      "b": {},
      "_coverageSchema": "43e27e138ebf9cfc5966b082cf9a028302ed4184",
      "hash": "9a8f18db92ef2c3b23051be5c3cf90a098251e47"
    },
    "C:\\Users\\ritgupta5\\Desktop\\atomVideo\\atomic-react-components\\lib\\components\\atoms\\Select\\Select.js": {
      "path": "C:\\Users\\ritgupta5\\Desktop\\atomVideo\\atomic-react-components\\lib\\components\\atoms\\Select\\Select.js",
      "statementMap": {
        "0": { "start": { "line": 18, "column": 15 }, "end": { "line": 45, "column": 1 } },
        "1": { "start": { "line": 29, "column": 2 }, "end": { "line": 44, "column": 11 } },
        "2": { "start": { "line": 40, "column": 6 }, "end": { "line": 42, "column": 15 } },
        "3": { "start": { "line": 47, "column": 0 }, "end": { "line": 53, "column": 2 } }
      },
      "fnMap": {
        "0": {
          "name": "(anonymous_0)",
          "decl": { "start": { "line": 18, "column": 15 }, "end": { "line": 18, "column": 16 } },
          "loc": { "start": { "line": 29, "column": 2 }, "end": { "line": 44, "column": 11 } },
          "line": 29
        },
        "1": {
          "name": "(anonymous_1)",
          "decl": { "start": { "line": 39, "column": 17 }, "end": { "line": 39, "column": 18 } },
          "loc": { "start": { "line": 40, "column": 6 }, "end": { "line": 42, "column": 15 } },
          "line": 40
        }
      },
      "branchMap": {
        "0": {
          "loc": { "start": { "line": 35, "column": 18 }, "end": { "line": 35, "column": 64 } },
          "type": "binary-expr",
          "locations": [
            { "start": { "line": 35, "column": 18 }, "end": { "line": 35, "column": 32 } },
            { "start": { "line": 35, "column": 36 }, "end": { "line": 35, "column": 64 } }
          ],
          "line": 35
        },
        "1": {
          "loc": { "start": { "line": 38, "column": 5 }, "end": { "line": 38, "column": 59 } },
          "type": "binary-expr",
          "locations": [
            { "start": { "line": 38, "column": 5 }, "end": { "line": 38, "column": 16 } },
            { "start": { "line": 38, "column": 20 }, "end": { "line": 38, "column": 59 } }
          ],
          "line": 38
        }
      },
      "s": { "0": 5, "1": 5, "2": 12, "3": 5 },
      "f": { "0": 5, "1": 12 },
      "b": { "0": [5, 3], "1": [5, 0] },
      "_coverageSchema": "43e27e138ebf9cfc5966b082cf9a028302ed4184",
      "hash": "bfb66cab59f75500f8c955c656d3deb6f36ce8d3"
    },
    "C:\\Users\\ritgupta5\\Desktop\\atomVideo\\atomic-react-components\\lib\\components\\atoms\\Select\\Select.style.js": {
      "path": "C:\\Users\\ritgupta5\\Desktop\\atomVideo\\atomic-react-components\\lib\\components\\atoms\\Select\\Select.style.js",
      "statementMap": {
        "0": { "start": { "line": 3, "column": 15 }, "end": { "line": 21, "column": 1 } },
        "1": { "start": { "line": 5, "column": 25 }, "end": { "line": 5, "column": 57 } },
        "2": { "start": { "line": 6, "column": 31 }, "end": { "line": 6, "column": 59 } },
        "3": { "start": { "line": 9, "column": 20 }, "end": { "line": 9, "column": 46 } },
        "4": { "start": { "line": 13, "column": 4 }, "end": { "line": 18, "column": 10 } },
        "5": { "start": { "line": 20, "column": 14 }, "end": { "line": 20, "column": 64 } }
      },
      "fnMap": {
        "0": {
          "name": "(anonymous_0)",
          "decl": { "start": { "line": 5, "column": 16 }, "end": { "line": 5, "column": 17 } },
          "loc": { "start": { "line": 5, "column": 25 }, "end": { "line": 5, "column": 57 } },
          "line": 5
        },
        "1": {
          "name": "(anonymous_1)",
          "decl": { "start": { "line": 6, "column": 22 }, "end": { "line": 6, "column": 23 } },
          "loc": { "start": { "line": 6, "column": 31 }, "end": { "line": 6, "column": 59 } },
          "line": 6
        },
        "2": {
          "name": "(anonymous_2)",
          "decl": { "start": { "line": 9, "column": 11 }, "end": { "line": 9, "column": 12 } },
          "loc": { "start": { "line": 9, "column": 20 }, "end": { "line": 9, "column": 46 } },
          "line": 9
        },
        "3": {
          "name": "(anonymous_3)",
          "decl": { "start": { "line": 12, "column": 4 }, "end": { "line": 12, "column": 5 } },
          "loc": { "start": { "line": 13, "column": 4 }, "end": { "line": 18, "column": 10 } },
          "line": 13
        },
        "4": {
          "name": "(anonymous_4)",
          "decl": { "start": { "line": 20, "column": 4 }, "end": { "line": 20, "column": 5 } },
          "loc": { "start": { "line": 20, "column": 14 }, "end": { "line": 20, "column": 64 } },
          "line": 20
        }
      },
      "branchMap": {
        "0": {
          "loc": { "start": { "line": 13, "column": 4 }, "end": { "line": 18, "column": 10 } },
          "type": "cond-expr",
          "locations": [
            { "start": { "line": 14, "column": 8 }, "end": { "line": 17, "column": 5 } },
            { "start": { "line": 18, "column": 8 }, "end": { "line": 18, "column": 10 } }
          ],
          "line": 13
        },
        "1": {
          "loc": { "start": { "line": 20, "column": 14 }, "end": { "line": 20, "column": 64 } },
          "type": "cond-expr",
          "locations": [
            { "start": { "line": 20, "column": 38 }, "end": { "line": 20, "column": 59 } },
            { "start": { "line": 20, "column": 62 }, "end": { "line": 20, "column": 64 } }
          ],
          "line": 20
        }
      },
      "s": { "0": 5, "1": 2, "2": 2, "3": 2, "4": 2, "5": 2 },
      "f": { "0": 2, "1": 2, "2": 2, "3": 2, "4": 2 },
      "b": { "0": [0, 2], "1": [0, 2] },
      "_coverageSchema": "43e27e138ebf9cfc5966b082cf9a028302ed4184",
      "hash": "987c8cdaa32bf0bd6007fc2b613751c360aaa749"
    },
    "C:\\Users\\ritgupta5\\Desktop\\atomVideo\\atomic-react-components\\lib\\components\\atoms\\FieldError\\index.js": {
      "path": "C:\\Users\\ritgupta5\\Desktop\\atomVideo\\atomic-react-components\\lib\\components\\atoms\\FieldError\\index.js",
      "statementMap": {},
      "fnMap": {},
      "branchMap": {},
      "s": {},
      "f": {},
      "b": {},
      "_coverageSchema": "43e27e138ebf9cfc5966b082cf9a028302ed4184",
      "hash": "889d430f029f353f7ceb6ea01e16aad3d4990370"
    },
    "C:\\Users\\ritgupta5\\Desktop\\atomVideo\\atomic-react-components\\lib\\components\\atoms\\FieldError\\FieldError.js": {
      "path": "C:\\Users\\ritgupta5\\Desktop\\atomVideo\\atomic-react-components\\lib\\components\\atoms\\FieldError\\FieldError.js",
      "statementMap": {
        "0": { "start": { "line": 17, "column": 19 }, "end": { "line": 35, "column": 1 } },
        "1": { "start": { "line": 25, "column": 2 }, "end": { "line": 34, "column": 9 } },
        "2": { "start": { "line": 37, "column": 0 }, "end": { "line": 42, "column": 2 } }
      },
      "fnMap": {
        "0": {
          "name": "(anonymous_0)",
          "decl": { "start": { "line": 17, "column": 19 }, "end": { "line": 17, "column": 20 } },
          "loc": { "start": { "line": 25, "column": 2 }, "end": { "line": 34, "column": 9 } },
          "line": 25
        }
      },
      "branchMap": {
        "0": {
          "loc": { "start": { "line": 29, "column": 18 }, "end": { "line": 29, "column": 57 } },
          "type": "cond-expr",
          "locations": [
            { "start": { "line": 29, "column": 31 }, "end": { "line": 29, "column": 52 } },
            { "start": { "line": 29, "column": 55 }, "end": { "line": 29, "column": 57 } }
          ],
          "line": 29
        },
        "1": {
          "loc": { "start": { "line": 30, "column": 18 }, "end": { "line": 30, "column": 83 } },
          "type": "binary-expr",
          "locations": [
            { "start": { "line": 30, "column": 18 }, "end": { "line": 30, "column": 32 } },
            { "start": { "line": 30, "column": 36 }, "end": { "line": 30, "column": 83 } }
          ],
          "line": 30
        }
      },
      "s": { "0": 8, "1": 5, "2": 8 },
      "f": { "0": 5 },
      "b": { "0": [1, 4], "1": [5, 4] },
      "_coverageSchema": "43e27e138ebf9cfc5966b082cf9a028302ed4184",
      "hash": "de63d2a6585c718e056b31a733586456373fc671"
    },
    "C:\\Users\\ritgupta5\\Desktop\\atomVideo\\atomic-react-components\\lib\\components\\atoms\\Para\\index.js": {
      "path": "C:\\Users\\ritgupta5\\Desktop\\atomVideo\\atomic-react-components\\lib\\components\\atoms\\Para\\index.js",
      "statementMap": {},
      "fnMap": {},
      "branchMap": {},
      "s": {},
      "f": {},
      "b": {},
      "_coverageSchema": "43e27e138ebf9cfc5966b082cf9a028302ed4184",
      "hash": "6dc1a816c955bbd19490a9c6d9efe7cb3c8697d7"
    },
    "C:\\Users\\ritgupta5\\Desktop\\atomVideo\\atomic-react-components\\lib\\components\\atoms\\Para\\Para.js": {
      "path": "C:\\Users\\ritgupta5\\Desktop\\atomVideo\\atomic-react-components\\lib\\components\\atoms\\Para\\Para.js",
      "statementMap": {
        "0": { "start": { "line": 15, "column": 13 }, "end": { "line": 27, "column": 1 } },
        "1": { "start": { "line": 16, "column": 22 }, "end": { "line": 20, "column": 8 } },
        "2": { "start": { "line": 22, "column": 2 }, "end": { "line": 26, "column": 4 } },
        "3": { "start": { "line": 29, "column": 0 }, "end": { "line": 33, "column": 2 } }
      },
      "fnMap": {
        "0": {
          "name": "(anonymous_0)",
          "decl": { "start": { "line": 15, "column": 13 }, "end": { "line": 15, "column": 14 } },
          "loc": { "start": { "line": 15, "column": 99 }, "end": { "line": 27, "column": 1 } },
          "line": 15
        }
      },
      "branchMap": {
        "0": {
          "loc": { "start": { "line": 16, "column": 22 }, "end": { "line": 20, "column": 8 } },
          "type": "cond-expr",
          "locations": [
            { "start": { "line": 17, "column": 6 }, "end": { "line": 19, "column": 7 } },
            { "start": { "line": 20, "column": 6 }, "end": { "line": 20, "column": 8 } }
          ],
          "line": 16
        }
      },
      "s": { "0": 9, "1": 4, "2": 4, "3": 9 },
      "f": { "0": 4 },
      "b": { "0": [2, 2] },
      "_coverageSchema": "43e27e138ebf9cfc5966b082cf9a028302ed4184",
      "hash": "eab90253e960ef7447c149b5736278afe073f16b"
    },
    "C:\\Users\\ritgupta5\\Desktop\\atomVideo\\atomic-react-components\\lib\\components\\atoms\\Para\\Para.style.js": {
      "path": "C:\\Users\\ritgupta5\\Desktop\\atomVideo\\atomic-react-components\\lib\\components\\atoms\\Para\\Para.style.js",
      "statementMap": {
        "0": { "start": { "line": 6, "column": 26 }, "end": { "line": 6, "column": 55 } }
      },
      "fnMap": {
        "0": {
          "name": "(anonymous_0)",
          "decl": { "start": { "line": 6, "column": 17 }, "end": { "line": 6, "column": 18 } },
          "loc": { "start": { "line": 6, "column": 26 }, "end": { "line": 6, "column": 55 } },
          "line": 6
        }
      },
      "branchMap": {},
      "s": { "0": 2 },
      "f": { "0": 2 },
      "b": {},
      "_coverageSchema": "43e27e138ebf9cfc5966b082cf9a028302ed4184",
      "hash": "9b34dffb3d0c1ed758137b7682f73fab3816877c"
    },
    "C:\\Users\\ritgupta5\\Desktop\\atomVideo\\atomic-react-components\\lib\\components\\atoms\\FieldError\\FieldError.style.js": {
      "path": "C:\\Users\\ritgupta5\\Desktop\\atomVideo\\atomic-react-components\\lib\\components\\atoms\\FieldError\\FieldError.style.js",
      "statementMap": {
        "0": { "start": { "line": 3, "column": 15 }, "end": { "line": 10, "column": 1 } },
        "1": { "start": { "line": 4, "column": 13 }, "end": { "line": 4, "column": 46 } },
        "2": { "start": { "line": 5, "column": 13 }, "end": { "line": 5, "column": 42 } },
        "3": { "start": { "line": 9, "column": 14 }, "end": { "line": 9, "column": 64 } }
      },
      "fnMap": {
        "0": {
          "name": "(anonymous_0)",
          "decl": { "start": { "line": 4, "column": 4 }, "end": { "line": 4, "column": 5 } },
          "loc": { "start": { "line": 4, "column": 13 }, "end": { "line": 4, "column": 46 } },
          "line": 4
        },
        "1": {
          "name": "(anonymous_1)",
          "decl": { "start": { "line": 5, "column": 4 }, "end": { "line": 5, "column": 5 } },
          "loc": { "start": { "line": 5, "column": 13 }, "end": { "line": 5, "column": 42 } },
          "line": 5
        },
        "2": {
          "name": "(anonymous_2)",
          "decl": { "start": { "line": 9, "column": 4 }, "end": { "line": 9, "column": 5 } },
          "loc": { "start": { "line": 9, "column": 14 }, "end": { "line": 9, "column": 64 } },
          "line": 9
        }
      },
      "branchMap": {
        "0": {
          "loc": { "start": { "line": 9, "column": 14 }, "end": { "line": 9, "column": 64 } },
          "type": "cond-expr",
          "locations": [
            { "start": { "line": 9, "column": 38 }, "end": { "line": 9, "column": 59 } },
            { "start": { "line": 9, "column": 62 }, "end": { "line": 9, "column": 64 } }
          ],
          "line": 9
        }
      },
      "s": { "0": 8, "1": 0, "2": 0, "3": 0 },
      "f": { "0": 0, "1": 0, "2": 0 },
      "b": { "0": [0, 0] },
      "_coverageSchema": "43e27e138ebf9cfc5966b082cf9a028302ed4184",
      "hash": "69b15acc77a7ab15f07e0980aa0ff430f88bcebd"
    },
    "C:\\Users\\ritgupta5\\Desktop\\atomVideo\\atomic-react-components\\lib\\components\\molecules\\Form\\FieldSelect\\FieldSelect.style.js": {
      "path": "C:\\Users\\ritgupta5\\Desktop\\atomVideo\\atomic-react-components\\lib\\components\\molecules\\Form\\FieldSelect\\FieldSelect.style.js",
      "statementMap": {
        "0": { "start": { "line": 3, "column": 15 }, "end": { "line": 10, "column": 1 } }
      },
      "fnMap": {},
      "branchMap": {},
      "s": { "0": 3 },
      "f": {},
      "b": {},
      "_coverageSchema": "43e27e138ebf9cfc5966b082cf9a028302ed4184",
      "hash": "fa2a4884c718ab91bdb75bd55af0c00dc9f33b6b"
    },
    "C:\\Users\\ritgupta5\\Desktop\\atomVideo\\atomic-react-components\\lib\\components\\atoms\\Video\\index.js": {
      "path": "C:\\Users\\ritgupta5\\Desktop\\atomVideo\\atomic-react-components\\lib\\components\\atoms\\Video\\index.js",
      "statementMap": {},
      "fnMap": {},
      "branchMap": {},
      "s": {},
      "f": {},
      "b": {},
      "_coverageSchema": "43e27e138ebf9cfc5966b082cf9a028302ed4184",
      "hash": "6636781ea7899cd51a669c02ec600111199609fd"
    },
    "C:\\Users\\ritgupta5\\Desktop\\atomVideo\\atomic-react-components\\lib\\components\\atoms\\Video\\Video.js": {
      "path": "C:\\Users\\ritgupta5\\Desktop\\atomVideo\\atomic-react-components\\lib\\components\\atoms\\Video\\Video.js",
      "statementMap": {
        "0": { "start": { "line": 13, "column": 14 }, "end": { "line": 42, "column": 1 } },
        "1": { "start": { "line": 26, "column": 2 }, "end": { "line": 41, "column": 4 } },
        "2": { "start": { "line": 44, "column": 0 }, "end": { "line": 56, "column": 2 } }
      },
      "fnMap": {
        "0": {
          "name": "(anonymous_0)",
          "decl": { "start": { "line": 13, "column": 14 }, "end": { "line": 13, "column": 15 } },
          "loc": { "start": { "line": 25, "column": 19 }, "end": { "line": 42, "column": 1 } },
          "line": 25
        }
      },
      "branchMap": {},
      "s": { "0": 1, "1": 7, "2": 1 },
      "f": { "0": 7 },
      "b": {},
      "_coverageSchema": "43e27e138ebf9cfc5966b082cf9a028302ed4184",
      "hash": "043bc61bda0373afff91e9938d7bb7a51725722f"
    },
    "C:\\Users\\ritgupta5\\Desktop\\atomVideo\\atomic-react-components\\lib\\components\\atoms\\Video\\Video.style.js": {
      "path": "C:\\Users\\ritgupta5\\Desktop\\atomVideo\\atomic-react-components\\lib\\components\\atoms\\Video\\Video.style.js",
      "statementMap": {
        "0": { "start": { "line": 5, "column": 14 }, "end": { "line": 5, "column": 64 } }
      },
      "fnMap": {
        "0": {
          "name": "(anonymous_0)",
          "decl": { "start": { "line": 5, "column": 4 }, "end": { "line": 5, "column": 5 } },
          "loc": { "start": { "line": 5, "column": 14 }, "end": { "line": 5, "column": 64 } },
          "line": 5
        }
      },
      "branchMap": {
        "0": {
          "loc": { "start": { "line": 5, "column": 14 }, "end": { "line": 5, "column": 64 } },
          "type": "cond-expr",
          "locations": [
            { "start": { "line": 5, "column": 38 }, "end": { "line": 5, "column": 59 } },
            { "start": { "line": 5, "column": 62 }, "end": { "line": 5, "column": 64 } }
          ],
          "line": 5
        }
      },
      "s": { "0": 0 },
      "f": { "0": 0 },
      "b": { "0": [0, 0] },
      "_coverageSchema": "43e27e138ebf9cfc5966b082cf9a028302ed4184",
      "hash": "82f3c7e63a6e3ef0d40ea0ebe90b89d2f2021549"
    },
    "C:\\Users\\ritgupta5\\Desktop\\atomVideo\\atomic-react-components\\lib\\components\\molecules\\List\\index.js": {
      "path": "C:\\Users\\ritgupta5\\Desktop\\atomVideo\\atomic-react-components\\lib\\components\\molecules\\List\\index.js",
      "statementMap": {},
      "fnMap": {},
      "branchMap": {},
      "s": {},
      "f": {},
      "b": {},
      "_coverageSchema": "43e27e138ebf9cfc5966b082cf9a028302ed4184",
      "hash": "282430308342a8b61760e5f08446a2568d109677"
    },
    "C:\\Users\\ritgupta5\\Desktop\\atomVideo\\atomic-react-components\\lib\\components\\molecules\\List\\List.js": {
      "path": "C:\\Users\\ritgupta5\\Desktop\\atomVideo\\atomic-react-components\\lib\\components\\molecules\\List\\List.js",
      "statementMap": {
        "0": { "start": { "line": 26, "column": 13 }, "end": { "line": 30, "column": 1 } },
        "1": { "start": { "line": 27, "column": 2 }, "end": { "line": 29, "column": 13 } },
        "2": { "start": { "line": 32, "column": 0 }, "end": { "line": 41, "column": 2 } }
      },
      "fnMap": {
        "0": {
          "name": "(anonymous_0)",
          "decl": { "start": { "line": 26, "column": 13 }, "end": { "line": 26, "column": 14 } },
          "loc": { "start": { "line": 27, "column": 2 }, "end": { "line": 29, "column": 13 } },
          "line": 27
        }
      },
      "branchMap": {
        "0": {
          "loc": { "start": { "line": 26, "column": 27 }, "end": { "line": 26, "column": 42 } },
          "type": "default-arg",
          "locations": [
            { "start": { "line": 26, "column": 38 }, "end": { "line": 26, "column": 42 } }
          ],
          "line": 26
        }
      },
      "s": { "0": 3, "1": 8, "2": 3 },
      "f": { "0": 8 },
      "b": { "0": [0] },
      "_coverageSchema": "43e27e138ebf9cfc5966b082cf9a028302ed4184",
      "hash": "d6b5d84155f2ad66803c5d5625a95c11b97b9c27"
    },
    "C:\\Users\\ritgupta5\\Desktop\\atomVideo\\atomic-react-components\\lib\\components\\molecules\\List\\List.style.js": {
      "path": "C:\\Users\\ritgupta5\\Desktop\\atomVideo\\atomic-react-components\\lib\\components\\molecules\\List\\List.style.js",
      "statementMap": {
        "0": { "start": { "line": 4, "column": 25 }, "end": { "line": 4, "column": 50 } },
        "1": { "start": { "line": 6, "column": 30 }, "end": { "line": 6, "column": 55 } },
        "2": { "start": { "line": 9, "column": 4 }, "end": { "line": 15, "column": 10 } },
        "3": { "start": { "line": 18, "column": 4 }, "end": { "line": 24, "column": 10 } },
        "4": { "start": { "line": 27, "column": 4 }, "end": { "line": 32, "column": 10 } },
        "5": { "start": { "line": 35, "column": 4 }, "end": { "line": 42, "column": 10 } },
        "6": { "start": { "line": 45, "column": 4 }, "end": { "line": 61, "column": 10 } },
        "7": { "start": { "line": 63, "column": 14 }, "end": { "line": 63, "column": 64 } }
      },
      "fnMap": {
        "0": {
          "name": "(anonymous_0)",
          "decl": { "start": { "line": 4, "column": 16 }, "end": { "line": 4, "column": 17 } },
          "loc": { "start": { "line": 4, "column": 25 }, "end": { "line": 4, "column": 50 } },
          "line": 4
        },
        "1": {
          "name": "(anonymous_1)",
          "decl": { "start": { "line": 6, "column": 21 }, "end": { "line": 6, "column": 22 } },
          "loc": { "start": { "line": 6, "column": 30 }, "end": { "line": 6, "column": 55 } },
          "line": 6
        },
        "2": {
          "name": "(anonymous_2)",
          "decl": { "start": { "line": 8, "column": 4 }, "end": { "line": 8, "column": 5 } },
          "loc": { "start": { "line": 9, "column": 4 }, "end": { "line": 15, "column": 10 } },
          "line": 9
        },
        "3": {
          "name": "(anonymous_3)",
          "decl": { "start": { "line": 17, "column": 4 }, "end": { "line": 17, "column": 5 } },
          "loc": { "start": { "line": 18, "column": 4 }, "end": { "line": 24, "column": 10 } },
          "line": 18
        },
        "4": {
          "name": "(anonymous_4)",
          "decl": { "start": { "line": 26, "column": 4 }, "end": { "line": 26, "column": 5 } },
          "loc": { "start": { "line": 27, "column": 4 }, "end": { "line": 32, "column": 10 } },
          "line": 27
        },
        "5": {
          "name": "(anonymous_5)",
          "decl": { "start": { "line": 34, "column": 4 }, "end": { "line": 34, "column": 5 } },
          "loc": { "start": { "line": 35, "column": 4 }, "end": { "line": 42, "column": 10 } },
          "line": 35
        },
        "6": {
          "name": "(anonymous_6)",
          "decl": { "start": { "line": 44, "column": 4 }, "end": { "line": 44, "column": 5 } },
          "loc": { "start": { "line": 45, "column": 4 }, "end": { "line": 61, "column": 10 } },
          "line": 45
        },
        "7": {
          "name": "(anonymous_7)",
          "decl": { "start": { "line": 63, "column": 4 }, "end": { "line": 63, "column": 5 } },
          "loc": { "start": { "line": 63, "column": 14 }, "end": { "line": 63, "column": 64 } },
          "line": 63
        }
      },
      "branchMap": {
        "0": {
          "loc": { "start": { "line": 9, "column": 4 }, "end": { "line": 15, "column": 10 } },
          "type": "cond-expr",
          "locations": [
            { "start": { "line": 10, "column": 8 }, "end": { "line": 14, "column": 7 } },
            { "start": { "line": 15, "column": 8 }, "end": { "line": 15, "column": 10 } }
          ],
          "line": 9
        },
        "1": {
          "loc": { "start": { "line": 18, "column": 4 }, "end": { "line": 24, "column": 10 } },
          "type": "cond-expr",
          "locations": [
            { "start": { "line": 19, "column": 8 }, "end": { "line": 23, "column": 7 } },
            { "start": { "line": 24, "column": 8 }, "end": { "line": 24, "column": 10 } }
          ],
          "line": 18
        },
        "2": {
          "loc": { "start": { "line": 27, "column": 4 }, "end": { "line": 32, "column": 10 } },
          "type": "cond-expr",
          "locations": [
            { "start": { "line": 28, "column": 8 }, "end": { "line": 31, "column": 7 } },
            { "start": { "line": 32, "column": 8 }, "end": { "line": 32, "column": 10 } }
          ],
          "line": 27
        },
        "3": {
          "loc": { "start": { "line": 35, "column": 4 }, "end": { "line": 42, "column": 10 } },
          "type": "cond-expr",
          "locations": [
            { "start": { "line": 36, "column": 8 }, "end": { "line": 41, "column": 7 } },
            { "start": { "line": 42, "column": 8 }, "end": { "line": 42, "column": 10 } }
          ],
          "line": 35
        },
        "4": {
          "loc": { "start": { "line": 45, "column": 4 }, "end": { "line": 61, "column": 10 } },
          "type": "cond-expr",
          "locations": [
            { "start": { "line": 46, "column": 8 }, "end": { "line": 60, "column": 7 } },
            { "start": { "line": 61, "column": 8 }, "end": { "line": 61, "column": 10 } }
          ],
          "line": 45
        },
        "5": {
          "loc": { "start": { "line": 63, "column": 14 }, "end": { "line": 63, "column": 64 } },
          "type": "cond-expr",
          "locations": [
            { "start": { "line": 63, "column": 38 }, "end": { "line": 63, "column": 59 } },
            { "start": { "line": 63, "column": 62 }, "end": { "line": 63, "column": 64 } }
          ],
          "line": 63
        }
      },
      "s": { "0": 7, "1": 7, "2": 7, "3": 7, "4": 7, "5": 7, "6": 7, "7": 7 },
      "f": { "0": 7, "1": 7, "2": 7, "3": 7, "4": 7, "5": 7, "6": 7, "7": 7 },
      "b": { "0": [0, 7], "1": [3, 4], "2": [3, 4], "3": [3, 4], "4": [0, 7], "5": [0, 7] },
      "_coverageSchema": "43e27e138ebf9cfc5966b082cf9a028302ed4184",
      "hash": "9ba3e43b090bccb6a626660ede6e710be14fffd4"
    },
    "C:\\Users\\ritgupta5\\Desktop\\atomVideo\\atomic-react-components\\lib\\components\\molecules\\Tabs\\index.js": {
      "path": "C:\\Users\\ritgupta5\\Desktop\\atomVideo\\atomic-react-components\\lib\\components\\molecules\\Tabs\\index.js",
      "statementMap": {},
      "fnMap": {},
      "branchMap": {},
      "s": {},
      "f": {},
      "b": {},
      "_coverageSchema": "43e27e138ebf9cfc5966b082cf9a028302ed4184",
      "hash": "a47d00c03b86256fa6a47e3ff672fbe3c37fb4d4"
    },
    "C:\\Users\\ritgupta5\\Desktop\\atomVideo\\atomic-react-components\\lib\\components\\molecules\\Tabs\\Tabs.js": {
      "path": "C:\\Users\\ritgupta5\\Desktop\\atomVideo\\atomic-react-components\\lib\\components\\molecules\\Tabs\\Tabs.js",
      "statementMap": {
        "0": { "start": { "line": 19, "column": 4 }, "end": { "line": 19, "column": 17 } },
        "1": { "start": { "line": 20, "column": 4 }, "end": { "line": 20, "column": 63 } },
        "2": { "start": { "line": 24, "column": 37 }, "end": { "line": 24, "column": 47 } },
        "3": { "start": { "line": 25, "column": 4 }, "end": { "line": 25, "column": 37 } },
        "4": { "start": { "line": 28, "column": 20 }, "end": { "line": 36, "column": 3 } },
        "5": { "start": { "line": 29, "column": 28 }, "end": { "line": 29, "column": 38 } },
        "6": { "start": { "line": 30, "column": 4 }, "end": { "line": 32, "column": 7 } },
        "7": { "start": { "line": 33, "column": 4 }, "end": { "line": 35, "column": 5 } },
        "8": { "start": { "line": 34, "column": 6 }, "end": { "line": 34, "column": 25 } },
        "9": { "start": { "line": 38, "column": 13 }, "end": { "line": 47, "column": 3 } },
        "10": { "start": { "line": 39, "column": 4 }, "end": { "line": 39, "column": 23 } },
        "11": { "start": { "line": 40, "column": 30 }, "end": { "line": 40, "column": 40 } },
        "12": { "start": { "line": 42, "column": 4 }, "end": { "line": 44, "column": 5 } },
        "13": { "start": { "line": 43, "column": 6 }, "end": { "line": 43, "column": 13 } },
        "14": { "start": { "line": 46, "column": 4 }, "end": { "line": 46, "column": 32 } },
        "15": { "start": { "line": 49, "column": 15 }, "end": { "line": 70, "column": 3 } },
        "16": { "start": { "line": 50, "column": 4 }, "end": { "line": 54, "column": 5 } },
        "17": { "start": { "line": 51, "column": 6 }, "end": { "line": 51, "column": 25 } },
        "18": { "start": { "line": 53, "column": 6 }, "end": { "line": 53, "column": 13 } },
        "19": { "start": { "line": 56, "column": 30 }, "end": { "line": 56, "column": 40 } },
        "20": { "start": { "line": 57, "column": 28 }, "end": { "line": 57, "column": 38 } },
        "21": { "start": { "line": 61, "column": 4 }, "end": { "line": 67, "column": 5 } },
        "22": { "start": { "line": 62, "column": 6 }, "end": { "line": 62, "column": 38 } },
        "23": { "start": { "line": 63, "column": 11 }, "end": { "line": 67, "column": 5 } },
        "24": { "start": { "line": 64, "column": 6 }, "end": { "line": 64, "column": 38 } },
        "25": { "start": { "line": 66, "column": 6 }, "end": { "line": 66, "column": 13 } },
        "26": { "start": { "line": 69, "column": 4 }, "end": { "line": 69, "column": 38 } },
        "27": { "start": { "line": 82, "column": 8 }, "end": { "line": 82, "column": 18 } },
        "28": { "start": { "line": 83, "column": 30 }, "end": { "line": 83, "column": 40 } },
        "29": { "start": { "line": 84, "column": 24 }, "end": { "line": 88, "column": 5 } },
        "30": { "start": { "line": 89, "column": 4 }, "end": { "line": 124, "column": 6 } },
        "31": { "start": { "line": 95, "column": 16 }, "end": { "line": 105, "column": 22 } },
        "32": { "start": { "line": 112, "column": 14 }, "end": { "line": 120, "column": 25 } },
        "33": { "start": { "line": 128, "column": 0 }, "end": { "line": 136, "column": 2 } }
      },
      "fnMap": {
        "0": {
          "name": "(anonymous_0)",
          "decl": { "start": { "line": 18, "column": 2 }, "end": { "line": 18, "column": 3 } },
          "loc": { "start": { "line": 18, "column": 21 }, "end": { "line": 21, "column": 3 } },
          "line": 18
        },
        "1": {
          "name": "(anonymous_1)",
          "decl": { "start": { "line": 23, "column": 2 }, "end": { "line": 23, "column": 3 } },
          "loc": { "start": { "line": 23, "column": 24 }, "end": { "line": 26, "column": 3 } },
          "line": 23
        },
        "2": {
          "name": "(anonymous_2)",
          "decl": { "start": { "line": 28, "column": 20 }, "end": { "line": 28, "column": 21 } },
          "loc": { "start": { "line": 28, "column": 39 }, "end": { "line": 36, "column": 3 } },
          "line": 28
        },
        "3": {
          "name": "(anonymous_3)",
          "decl": { "start": { "line": 38, "column": 13 }, "end": { "line": 38, "column": 14 } },
          "loc": { "start": { "line": 38, "column": 53 }, "end": { "line": 47, "column": 3 } },
          "line": 38
        },
        "4": {
          "name": "(anonymous_4)",
          "decl": { "start": { "line": 49, "column": 15 }, "end": { "line": 49, "column": 16 } },
          "loc": { "start": { "line": 49, "column": 48 }, "end": { "line": 70, "column": 3 } },
          "line": 49
        },
        "5": {
          "name": "(anonymous_5)",
          "decl": { "start": { "line": 72, "column": 2 }, "end": { "line": 72, "column": 3 } },
          "loc": { "start": { "line": 72, "column": 11 }, "end": { "line": 125, "column": 3 } },
          "line": 72
        },
        "6": {
          "name": "(anonymous_6)",
          "decl": { "start": { "line": 94, "column": 30 }, "end": { "line": 94, "column": 31 } },
          "loc": { "start": { "line": 95, "column": 16 }, "end": { "line": 105, "column": 22 } },
          "line": 95
        },
        "7": {
          "name": "(anonymous_7)",
          "decl": { "start": { "line": 111, "column": 28 }, "end": { "line": 111, "column": 29 } },
          "loc": { "start": { "line": 112, "column": 14 }, "end": { "line": 120, "column": 25 } },
          "line": 112
        }
      },
      "branchMap": {
        "0": {
          "loc": { "start": { "line": 25, "column": 11 }, "end": { "line": 25, "column": 36 } },
          "type": "binary-expr",
          "locations": [
            { "start": { "line": 25, "column": 11 }, "end": { "line": 25, "column": 31 } },
            { "start": { "line": 25, "column": 35 }, "end": { "line": 25, "column": 36 } }
          ],
          "line": 25
        },
        "1": {
          "loc": { "start": { "line": 33, "column": 4 }, "end": { "line": 35, "column": 5 } },
          "type": "if",
          "locations": [
            { "start": { "line": 33, "column": 4 }, "end": { "line": 35, "column": 5 } },
            { "start": { "line": 33, "column": 4 }, "end": { "line": 35, "column": 5 } }
          ],
          "line": 33
        },
        "2": {
          "loc": { "start": { "line": 42, "column": 4 }, "end": { "line": 44, "column": 5 } },
          "type": "if",
          "locations": [
            { "start": { "line": 42, "column": 4 }, "end": { "line": 44, "column": 5 } },
            { "start": { "line": 42, "column": 4 }, "end": { "line": 44, "column": 5 } }
          ],
          "line": 42
        },
        "3": {
          "loc": { "start": { "line": 50, "column": 4 }, "end": { "line": 54, "column": 5 } },
          "type": "if",
          "locations": [
            { "start": { "line": 50, "column": 4 }, "end": { "line": 54, "column": 5 } },
            { "start": { "line": 50, "column": 4 }, "end": { "line": 54, "column": 5 } }
          ],
          "line": 50
        },
        "4": {
          "loc": { "start": { "line": 50, "column": 8 }, "end": { "line": 50, "column": 53 } },
          "type": "binary-expr",
          "locations": [
            { "start": { "line": 50, "column": 8 }, "end": { "line": 50, "column": 28 } },
            { "start": { "line": 50, "column": 32 }, "end": { "line": 50, "column": 53 } }
          ],
          "line": 50
        },
        "5": {
          "loc": { "start": { "line": 61, "column": 4 }, "end": { "line": 67, "column": 5 } },
          "type": "if",
          "locations": [
            { "start": { "line": 61, "column": 4 }, "end": { "line": 67, "column": 5 } },
            { "start": { "line": 61, "column": 4 }, "end": { "line": 67, "column": 5 } }
          ],
          "line": 61
        },
        "6": {
          "loc": { "start": { "line": 61, "column": 8 }, "end": { "line": 61, "column": 49 } },
          "type": "binary-expr",
          "locations": [
            { "start": { "line": 61, "column": 8 }, "end": { "line": 61, "column": 28 } },
            { "start": { "line": 61, "column": 32 }, "end": { "line": 61, "column": 49 } }
          ],
          "line": 61
        },
        "7": {
          "loc": { "start": { "line": 63, "column": 11 }, "end": { "line": 67, "column": 5 } },
          "type": "if",
          "locations": [
            { "start": { "line": 63, "column": 11 }, "end": { "line": 67, "column": 5 } },
            { "start": { "line": 63, "column": 11 }, "end": { "line": 67, "column": 5 } }
          ],
          "line": 63
        },
        "8": {
          "loc": { "start": { "line": 63, "column": 15 }, "end": { "line": 63, "column": 78 } },
          "type": "binary-expr",
          "locations": [
            { "start": { "line": 63, "column": 15 }, "end": { "line": 63, "column": 36 } },
            { "start": { "line": 63, "column": 40 }, "end": { "line": 63, "column": 78 } }
          ],
          "line": 63
        },
        "9": {
          "loc": { "start": { "line": 93, "column": 13 }, "end": { "line": 106, "column": 16 } },
          "type": "binary-expr",
          "locations": [
            { "start": { "line": 93, "column": 13 }, "end": { "line": 93, "column": 24 } },
            { "start": { "line": 94, "column": 14 }, "end": { "line": 106, "column": 16 } }
          ],
          "line": 93
        },
        "10": {
          "loc": { "start": { "line": 96, "column": 29 }, "end": { "line": 96, "column": 52 } },
          "type": "binary-expr",
          "locations": [
            { "start": { "line": 96, "column": 29 }, "end": { "line": 96, "column": 46 } },
            { "start": { "line": 96, "column": 50 }, "end": { "line": 96, "column": 52 } }
          ],
          "line": 96
        },
        "11": {
[...]
          "name": "(anonymous_1)",
          "decl": { "start": { "line": 17, "column": 25 }, "end": { "line": 17, "column": 26 } },
          "loc": { "start": { "line": 23, "column": 19 }, "end": { "line": 38, "column": 1 } },
          "line": 23
        }
      },
      "branchMap": {
        "0": {
          "loc": { "start": { "line": 25, "column": 2 }, "end": { "line": 27, "column": 3 } },
          "type": "if",
          "locations": [
            { "start": { "line": 25, "column": 2 }, "end": { "line": 27, "column": 3 } },
            { "start": { "line": 25, "column": 2 }, "end": { "line": 27, "column": 3 } }
          ],
          "line": 25
        },
        "1": {
          "loc": { "start": { "line": 25, "column": 6 }, "end": { "line": 25, "column": 36 } },
          "type": "binary-expr",
          "locations": [
            { "start": { "line": 25, "column": 6 }, "end": { "line": 25, "column": 21 } },
            { "start": { "line": 25, "column": 25 }, "end": { "line": 25, "column": 36 } }
          ],
          "line": 25
        },
        "2": {
          "loc": { "start": { "line": 28, "column": 2 }, "end": { "line": 31, "column": 3 } },
          "type": "if",
          "locations": [
            { "start": { "line": 28, "column": 2 }, "end": { "line": 31, "column": 3 } },
            { "start": { "line": 28, "column": 2 }, "end": { "line": 31, "column": 3 } }
          ],
          "line": 28
        }
      },
      "s": {
        "0": 1,
        "1": 3,
        "2": 1,
        "3": 2,
        "4": 2,
        "5": 1,
        "6": 2,
        "7": 1,
        "8": 1,
        "9": 1,
        "10": 1
      },
      "f": { "0": 3, "1": 2 },
      "b": { "0": [1, 1], "1": [2, 1], "2": [1, 1] },
      "_coverageSchema": "43e27e138ebf9cfc5966b082cf9a028302ed4184",
      "hash": "75fee0c6d507bc6eec1f263d0dc68c4b448faafd"
    },
    "C:\\Users\\ritgupta5\\Desktop\\atomVideo\\atomic-react-components\\lib\\components\\molecules\\ArticleThumbnail\\ArticleThumbnail.style.js": {
      "path": "C:\\Users\\ritgupta5\\Desktop\\atomVideo\\atomic-react-components\\lib\\components\\molecules\\ArticleThumbnail\\ArticleThumbnail.style.js",
      "statementMap": {
        "0": { "start": { "line": 3, "column": 15 }, "end": { "line": 8, "column": 1 } }
      },
      "fnMap": {},
      "branchMap": {},
      "s": { "0": 1 },
      "f": {},
      "b": {},
      "_coverageSchema": "43e27e138ebf9cfc5966b082cf9a028302ed4184",
      "hash": "39d51a6fb57f12b67c18fa667bd91fe28c01ef24"
    },
    "C:\\Users\\ritgupta5\\Desktop\\atomVideo\\atomic-react-components\\lib\\components\\atoms\\Image\\Image.js": {
      "path": "C:\\Users\\ritgupta5\\Desktop\\atomVideo\\atomic-react-components\\lib\\components\\atoms\\Image\\Image.js",
      "statementMap": {
        "0": { "start": { "line": 22, "column": 14 }, "end": { "line": 54, "column": 1 } },
        "1": { "start": { "line": 35, "column": 2 }, "end": { "line": 53, "column": 4 } },
        "2": { "start": { "line": 49, "column": 12 }, "end": { "line": 49, "column": 46 } },
        "3": { "start": { "line": 56, "column": 0 }, "end": { "line": 63, "column": 2 } }
      },
      "fnMap": {
        "0": {
          "name": "(anonymous_0)",
          "decl": { "start": { "line": 22, "column": 14 }, "end": { "line": 22, "column": 15 } },
          "loc": { "start": { "line": 35, "column": 2 }, "end": { "line": 53, "column": 4 } },
          "line": 35
        },
        "1": {
          "name": "(anonymous_1)",
          "decl": { "start": { "line": 47, "column": 10 }, "end": { "line": 47, "column": 11 } },
          "loc": { "start": { "line": 47, "column": 19 }, "end": { "line": 50, "column": 11 } },
          "line": 47
        }
      },
      "branchMap": {
        "0": {
          "loc": { "start": { "line": 38, "column": 12 }, "end": { "line": 38, "column": 26 } },
          "type": "binary-expr",
          "locations": [
            { "start": { "line": 38, "column": 12 }, "end": { "line": 38, "column": 18 } },
            { "start": { "line": 38, "column": 22 }, "end": { "line": 38, "column": 26 } }
          ],
          "line": 38
        },
        "1": {
          "loc": { "start": { "line": 39, "column": 11 }, "end": { "line": 39, "column": 24 } },
          "type": "binary-expr",
          "locations": [
            { "start": { "line": 39, "column": 11 }, "end": { "line": 39, "column": 16 } },
            { "start": { "line": 39, "column": 20 }, "end": { "line": 39, "column": 24 } }
          ],
          "line": 39
        },
        "2": {
          "loc": { "start": { "line": 43, "column": 18 }, "end": { "line": 43, "column": 72 } },
          "type": "binary-expr",
          "locations": [
            { "start": { "line": 43, "column": 18 }, "end": { "line": 43, "column": 32 } },
            { "start": { "line": 43, "column": 36 }, "end": { "line": 43, "column": 72 } }
          ],
          "line": 43
        },
        "3": {
          "loc": { "start": { "line": 46, "column": 6 }, "end": { "line": 51, "column": 14 } },
          "type": "cond-expr",
          "locations": [
            { "start": { "line": 47, "column": 10 }, "end": { "line": 50, "column": 11 } },
            { "start": { "line": 51, "column": 10 }, "end": { "line": 51, "column": 14 } }
          ],
          "line": 46
        }
      },
      "s": { "0": 3, "1": 4, "2": 1, "3": 3 },
      "f": { "0": 4, "1": 1 },
      "b": { "0": [4, 4], "1": [4, 4], "2": [4, 1], "3": [3, 1] },
      "_coverageSchema": "43e27e138ebf9cfc5966b082cf9a028302ed4184",
      "hash": "30536bac2f3670a0cb668acda3210ebcf4ee6cf5"
    },
    "C:\\Users\\ritgupta5\\Desktop\\atomVideo\\atomic-react-components\\lib\\components\\atoms\\Image\\Image.style.js": {
      "path": "C:\\Users\\ritgupta5\\Desktop\\atomVideo\\atomic-react-components\\lib\\components\\atoms\\Image\\Image.style.js",
      "statementMap": {
        "0": { "start": { "line": 3, "column": 20 }, "end": { "line": 7, "column": 1 } },
        "1": { "start": { "line": 6, "column": 14 }, "end": { "line": 6, "column": 64 } }
      },
      "fnMap": {
        "0": {
          "name": "(anonymous_0)",
          "decl": { "start": { "line": 6, "column": 4 }, "end": { "line": 6, "column": 5 } },
          "loc": { "start": { "line": 6, "column": 14 }, "end": { "line": 6, "column": 64 } },
          "line": 6
        }
      },
      "branchMap": {
        "0": {
          "loc": { "start": { "line": 6, "column": 14 }, "end": { "line": 6, "column": 64 } },
          "type": "cond-expr",
          "locations": [
            { "start": { "line": 6, "column": 38 }, "end": { "line": 6, "column": 59 } },
            { "start": { "line": 6, "column": 62 }, "end": { "line": 6, "column": 64 } }
          ],
          "line": 6
        }
      },
      "s": { "0": 3, "1": 0 },
      "f": { "0": 0 },
      "b": { "0": [0, 0] },
      "_coverageSchema": "43e27e138ebf9cfc5966b082cf9a028302ed4184",
      "hash": "9bf7566a994cf7a73bc7b2364a50ae512de849f6"
    },
    "C:\\Users\\ritgupta5\\Desktop\\atomVideo\\atomic-react-components\\lib\\components\\atoms\\Heading\\index.js": {
      "path": "C:\\Users\\ritgupta5\\Desktop\\atomVideo\\atomic-react-components\\lib\\components\\atoms\\Heading\\index.js",
      "statementMap": {},
      "fnMap": {},
      "branchMap": {},
      "s": {},
      "f": {},
      "b": {},
      "_coverageSchema": "43e27e138ebf9cfc5966b082cf9a028302ed4184",
      "hash": "7e128978b08f29d90219e9ed0f06e601655a317e"
    },
    "C:\\Users\\ritgupta5\\Desktop\\atomVideo\\atomic-react-components\\lib\\components\\atoms\\Heading\\Heading.js": {
      "path": "C:\\Users\\ritgupta5\\Desktop\\atomVideo\\atomic-react-components\\lib\\components\\atoms\\Heading\\Heading.js",
      "statementMap": {
        "0": { "start": { "line": 17, "column": 16 }, "end": { "line": 32, "column": 1 } },
        "1": { "start": { "line": 25, "column": 2 }, "end": { "line": 31, "column": 16 } },
        "2": { "start": { "line": 34, "column": 0 }, "end": { "line": 38, "column": 2 } }
      },
      "fnMap": {
        "0": {
          "name": "(anonymous_0)",
          "decl": { "start": { "line": 17, "column": 16 }, "end": { "line": 17, "column": 17 } },
          "loc": { "start": { "line": 25, "column": 2 }, "end": { "line": 31, "column": 16 } },
          "line": 25
        }
      },
      "branchMap": {
        "0": {
          "loc": { "start": { "line": 20, "column": 2 }, "end": { "line": 20, "column": 20 } },
          "type": "default-arg",
          "locations": [
            { "start": { "line": 20, "column": 16 }, "end": { "line": 20, "column": 20 } }
          ],
          "line": 20
        },
        "1": {
          "loc": { "start": { "line": 27, "column": 18 }, "end": { "line": 27, "column": 94 } },
          "type": "binary-expr",
          "locations": [
            { "start": { "line": 27, "column": 18 }, "end": { "line": 27, "column": 32 } },
            { "start": { "line": 27, "column": 36 }, "end": { "line": 27, "column": 94 } }
          ],
          "line": 27
        }
      },
      "s": { "0": 1, "1": 3, "2": 1 },
      "f": { "0": 3 },
      "b": { "0": [0], "1": [3, 2] },
      "_coverageSchema": "43e27e138ebf9cfc5966b082cf9a028302ed4184",
      "hash": "06a64ace24e5be8697d584c4518e84383278cff8"
    },
    "C:\\Users\\ritgupta5\\Desktop\\atomVideo\\atomic-react-components\\lib\\components\\atoms\\Heading\\Heading.style.js": {
      "path": "C:\\Users\\ritgupta5\\Desktop\\atomVideo\\atomic-react-components\\lib\\components\\atoms\\Heading\\Heading.style.js",
      "statementMap": {
        "0": { "start": { "line": 5, "column": 4 }, "end": { "line": 16, "column": 5 } },
        "1": { "start": { "line": 7, "column": 8 }, "end": { "line": 7, "column": 46 } },
        "2": { "start": { "line": 9, "column": 8 }, "end": { "line": 9, "column": 46 } },
        "3": { "start": { "line": 11, "column": 8 }, "end": { "line": 11, "column": 46 } },
        "4": { "start": { "line": 13, "column": 8 }, "end": { "line": 13, "column": 46 } },
        "5": { "start": { "line": 15, "column": 8 }, "end": { "line": 15, "column": 51 } },
        "6": { "start": { "line": 18, "column": 14 }, "end": { "line": 18, "column": 64 } }
      },
      "fnMap": {
        "0": {
          "name": "(anonymous_0)",
          "decl": { "start": { "line": 4, "column": 4 }, "end": { "line": 4, "column": 5 } },
          "loc": { "start": { "line": 4, "column": 13 }, "end": { "line": 17, "column": 3 } },
          "line": 4
        },
        "1": {
          "name": "(anonymous_1)",
          "decl": { "start": { "line": 18, "column": 4 }, "end": { "line": 18, "column": 5 } },
          "loc": { "start": { "line": 18, "column": 14 }, "end": { "line": 18, "column": 64 } },
          "line": 18
        }
      },
      "branchMap": {
        "0": {
          "loc": { "start": { "line": 5, "column": 4 }, "end": { "line": 16, "column": 5 } },
          "type": "switch",
          "locations": [
            { "start": { "line": 6, "column": 6 }, "end": { "line": 7, "column": 46 } },
            { "start": { "line": 8, "column": 6 }, "end": { "line": 9, "column": 46 } },
            { "start": { "line": 10, "column": 6 }, "end": { "line": 11, "column": 46 } },
            { "start": { "line": 12, "column": 6 }, "end": { "line": 13, "column": 46 } },
            { "start": { "line": 14, "column": 6 }, "end": { "line": 15, "column": 51 } }
          ],
          "line": 5
        },
        "1": {
          "loc": { "start": { "line": 18, "column": 14 }, "end": { "line": 18, "column": 64 } },
          "type": "cond-expr",
          "locations": [
            { "start": { "line": 18, "column": 38 }, "end": { "line": 18, "column": 59 } },
            { "start": { "line": 18, "column": 62 }, "end": { "line": 18, "column": 64 } }
          ],
          "line": 18
        }
      },
      "s": { "0": 0, "1": 0, "2": 0, "3": 0, "4": 0, "5": 0, "6": 0 },
      "f": { "0": 0, "1": 0 },
      "b": { "0": [0, 0, 0, 0, 0], "1": [0, 0] },
      "_coverageSchema": "43e27e138ebf9cfc5966b082cf9a028302ed4184",
      "hash": "3bb48fb6301eca799736794755014871698dcc02"
    },
    "C:\\Users\\ritgupta5\\Desktop\\atomVideo\\atomic-react-components\\lib\\components\\molecules\\Modal\\Modal.js": {
      "path": "C:\\Users\\ritgupta5\\Desktop\\atomVideo\\atomic-react-components\\lib\\components\\molecules\\Modal\\Modal.js",
      "statementMap": {
        "0": { "start": { "line": 54, "column": 14 }, "end": { "line": 102, "column": 1 } },
        "1": { "start": { "line": 78, "column": 2 }, "end": { "line": 101, "column": 4 } },
        "2": { "start": { "line": 104, "column": 0 }, "end": { "line": 125, "column": 2 } },
        "3": { "start": { "line": 121, "column": 24 }, "end": { "line": 121, "column": 49 } }
      },
      "fnMap": {
        "0": {
          "name": "(anonymous_0)",
          "decl": { "start": { "line": 54, "column": 14 }, "end": { "line": 54, "column": 15 } },
          "loc": { "start": { "line": 78, "column": 2 }, "end": { "line": 101, "column": 4 } },
          "line": 78
        },
        "1": {
          "name": "(anonymous_1)",
          "decl": { "start": { "line": 121, "column": 18 }, "end": { "line": 121, "column": 19 } },
          "loc": { "start": { "line": 121, "column": 24 }, "end": { "line": 121, "column": 49 } },
          "line": 121
        }
      },
      "branchMap": {
        "0": {
          "loc": { "start": { "line": 121, "column": 24 }, "end": { "line": 121, "column": 49 } },
          "type": "binary-expr",
          "locations": [
            { "start": { "line": 121, "column": 24 }, "end": { "line": 121, "column": 32 } },
            { "start": { "line": 121, "column": 36 }, "end": { "line": 121, "column": 49 } }
          ],
          "line": 121
        }
      },
      "s": { "0": 1, "1": 1, "2": 1, "3": 0 },
      "f": { "0": 1, "1": 0 },
      "b": { "0": [0, 0] },
      "_coverageSchema": "43e27e138ebf9cfc5966b082cf9a028302ed4184",
      "hash": "e733939c0f73b08088e59a4f11f4fcdd0a9993db"
    },
    "C:\\Users\\ritgupta5\\Desktop\\atomVideo\\atomic-react-components\\lib\\components\\molecules\\Modal\\Modal.style.js": {
      "path": "C:\\Users\\ritgupta5\\Desktop\\atomVideo\\atomic-react-components\\lib\\components\\molecules\\Modal\\Modal.style.js",
      "statementMap": {
        "0": { "start": { "line": 3, "column": 15 }, "end": { "line": 5, "column": 1 } },
        "1": { "start": { "line": 4, "column": 14 }, "end": { "line": 4, "column": 64 } }
      },
      "fnMap": {
        "0": {
          "name": "(anonymous_0)",
          "decl": { "start": { "line": 4, "column": 4 }, "end": { "line": 4, "column": 5 } },
          "loc": { "start": { "line": 4, "column": 14 }, "end": { "line": 4, "column": 64 } },
          "line": 4
        }
      },
      "branchMap": {
        "0": {
          "loc": { "start": { "line": 4, "column": 14 }, "end": { "line": 4, "column": 64 } },
          "type": "cond-expr",
          "locations": [
            { "start": { "line": 4, "column": 38 }, "end": { "line": 4, "column": 59 } },
            { "start": { "line": 4, "column": 62 }, "end": { "line": 4, "column": 64 } }
          ],
          "line": 4
        }
      },
      "s": { "0": 1, "1": 0 },
      "f": { "0": 0 },
      "b": { "0": [0, 0] },
      "_coverageSchema": "43e27e138ebf9cfc5966b082cf9a028302ed4184",
      "hash": "56f0589130ed546d39928a6c4a5a7fbed066444b"
    },
    "C:\\Users\\ritgupta5\\Desktop\\atomVideo\\atomic-react-components\\lib\\core\\utils\\getDisplayName.js": {
      "path": "C:\\Users\\ritgupta5\\Desktop\\atomVideo\\atomic-react-components\\lib\\core\\utils\\getDisplayName.js",
      "statementMap": {
        "0": { "start": { "line": 1, "column": 30 }, "end": { "line": 3, "column": 1 } },
        "1": { "start": { "line": 2, "column": 2 }, "end": { "line": 2, "column": 78 } }
      },
      "fnMap": {
        "0": {
          "name": "(anonymous_0)",
          "decl": { "start": { "line": 1, "column": 30 }, "end": { "line": 1, "column": 31 } },
          "loc": { "start": { "line": 1, "column": 50 }, "end": { "line": 3, "column": 1 } },
          "line": 1
        }
      },
      "branchMap": {
        "0": {
          "loc": { "start": { "line": 2, "column": 9 }, "end": { "line": 2, "column": 77 } },
          "type": "binary-expr",
          "locations": [
            { "start": { "line": 2, "column": 9 }, "end": { "line": 2, "column": 37 } },
            { "start": { "line": 2, "column": 41 }, "end": { "line": 2, "column": 62 } },
            { "start": { "line": 2, "column": 66 }, "end": { "line": 2, "column": 77 } }
          ],
          "line": 2
        }
      },
      "s": { "0": 0, "1": 0 },
      "f": { "0": 0 },
      "b": { "0": [0, 0, 0] },
      "hash": "24552ee52b5d3a05e06f8fb1b3893209a2b774af"
    },
    "C:\\Users\\ritgupta5\\Desktop\\atomVideo\\atomic-react-components\\lib\\components\\molecules\\Popover\\types\\index.js": {
      "path": "C:\\Users\\ritgupta5\\Desktop\\atomVideo\\atomic-react-components\\lib\\components\\molecules\\Popover\\types\\index.js",
      "statementMap": {},
      "fnMap": {},
      "branchMap": {},
      "s": {},
      "f": {},
      "b": {},
      "hash": "6974efdd74c0d1bb17a0907d9480ccfe13322963"
    },
    "C:\\Users\\ritgupta5\\Desktop\\atomVideo\\atomic-react-components\\lib\\components\\atoms\\Image\\index.js": {
      "path": "C:\\Users\\ritgupta5\\Desktop\\atomVideo\\atomic-react-components\\lib\\components\\atoms\\Image\\index.js",
      "statementMap": {},
      "fnMap": {},
      "branchMap": {},
      "s": {},
      "f": {},
      "b": {},
      "hash": "30b3a2ecf94941bd15007da8161c467e9e4f0cdd"
    },
    "C:\\Users\\ritgupta5\\Desktop\\atomVideo\\atomic-react-components\\lib\\components\\molecules\\Modal\\index.js": {
      "path": "C:\\Users\\ritgupta5\\Desktop\\atomVideo\\atomic-react-components\\lib\\components\\molecules\\Modal\\index.js",
      "statementMap": {},
      "fnMap": {},
      "branchMap": {},
      "s": {},
      "f": {},
      "b": {},
      "hash": "e882d6685d1e474e664020a8a8d3c178a1e483d4"
    },
    "C:\\Users\\ritgupta5\\Desktop\\atomVideo\\atomic-react-components\\lib\\components\\atoms\\Video\\types\\index.js": {
      "path": "C:\\Users\\ritgupta5\\Desktop\\atomVideo\\atomic-react-components\\lib\\components\\atoms\\Video\\types\\index.js",
      "statementMap": {},
      "fnMap": {},
      "branchMap": {},
      "s": {},
      "f": {},
      "b": {},
      "hash": "57d3ce332d4cc135b668ab1d992a9fc6fb207166"
    },
    "C:\\Users\\ritgupta5\\Desktop\\atomVideo\\atomic-react-components\\lib\\components\\molecules\\ArticleThumbnail\\types\\index.js": {
      "path": "C:\\Users\\ritgupta5\\Desktop\\atomVideo\\atomic-react-components\\lib\\components\\molecules\\ArticleThumbnail\\types\\index.js",
      "statementMap": {},
      "fnMap": {},
      "branchMap": {},
      "s": {},
      "f": {},
      "b": {},
      "hash": "e7be37ebe23c888f8d95d48d56d42af0a992c81c"
    },
    "C:\\Users\\ritgupta5\\Desktop\\atomVideo\\atomic-react-components\\lib\\components\\molecules\\Breadcrumb\\types\\index.js": {
      "path": "C:\\Users\\ritgupta5\\Desktop\\atomVideo\\atomic-react-components\\lib\\components\\molecules\\Breadcrumb\\types\\index.js",
      "statementMap": {},
      "fnMap": {},
      "branchMap": {},
      "s": {},
      "f": {},
      "b": {},
      "hash": "d335ad30357b1ae415e74f93e9e52fe1ccba2be2"
    },
    "C:\\Users\\ritgupta5\\Desktop\\atomVideo\\atomic-react-components\\lib\\components\\molecules\\Tabs\\types\\index.js": {
      "path": "C:\\Users\\ritgupta5\\Desktop\\atomVideo\\atomic-react-components\\lib\\components\\molecules\\Tabs\\types\\index.js",
      "statementMap": {},
      "fnMap": {},
      "branchMap": {},
      "s": {},
      "f": {},
      "b": {},
      "hash": "33a472aadf3d832db108c23d515006c1651560f2"
    }
  }
}
