{"numFailedTestSuites":0,"numFailedTests":0,"numPassedTestSuites":30,"numPassedTests":72,"numPendingTestSuites":0,"numPendingTests":6,"numRuntimeErrorTestSuites":0,"numTodoTests":0,"numTotalTestSuites":30,"numTotalTests":78,"openHandles":[],"snapshot":{"added":0,"didUpdate":false,"failure":false,"filesAdded":0,"filesRemoved":0,"filesRemovedList":[],"filesUnmatched":0,"filesUpdated":0,"matched":38,"total":38,"unchecked":0,"uncheckedKeysByFile":[],"unmatched":0,"updated":0},"startTime":1575827154919,"success":true,"testResults":[{"assertionResults":[{"ancestorTitles":["FieldInput Component"],"failureMessages":[],"fullName":"FieldInput Component should render correctly","location":null,"status":"passed","title":"should render correctly"},{"ancestorTitles":["FieldInput Component"],"failureMessages":[],"fullName":"FieldInput Component should render label correctly","location":null,"status":"pending","title":"should render label correctly"},{"ancestorTitles":["FieldInput Component"],"failureMessages":[],"fullName":"FieldInput Component should render Input component with proper type","location":null,"status":"pending","title":"should render Input component with proper type"}],"endTime":1575827165761,"message":"","name":"C:\\Users\\user\\Documents\\projects\\atomic-react-components\\lib\\components\\molecules\\Form\\FieldInput\\tests\\FieldInput.test.js","startTime":1575827163117,"status":"passed","summary":""},{"assertionResults":[{"ancestorTitles":["Form Component"],"failureMessages":[],"fullName":"Form Component should render select tag correctly","location":null,"status":"passed","title":"should render select tag correctly"},{"ancestorTitles":["Form Component"],"failureMessages":[],"fullName":"Form Component should render input text field","location":null,"status":"passed","title":"should render input text field"},{"ancestorTitles":["Form Component"],"failureMessages":[],"fullName":"Form Component should render select field","location":null,"status":"passed","title":"should render select field"},{"ancestorTitles":["Form Component"],"failureMessages":[],"fullName":"Form Component should render input field with yupValidationSchema","location":null,"status":"passed","title":"should render input field with yupValidationSchema"},{"ancestorTitles":["Form Component"],"failureMessages":[],"fullName":"Form Component should render input field with no validation","location":null,"status":"passed","title":"should render input field with no validation"},{"ancestorTitles":["Form Component"],"failureMessages":[],"fullName":"Form Component getSchema should return null if no params are passed","location":null,"status":"passed","title":"getSchema should return null if no params are passed"}],"endTime":1575827165980,"message":"","name":"C:\\Users\\user\\Documents\\projects\\atomic-react-components\\lib\\components\\molecules\\Form\\tests\\Form.test.js","startTime":1575827162886,"status":"passed","summary":""},{"assertionResults":[{"ancestorTitles":["Table"],"failureMessages":[],"fullName":"Table should render correctly","location":null,"status":"passed","title":"should render correctly"},{"ancestorTitles":["Table"],"failureMessages":[],"fullName":"Table should have table component","location":null,"status":"passed","title":"should have table component"},{"ancestorTitles":["Table"],"failureMessages":[],"fullName":"Table should have thead component","location":null,"status":"passed","title":"should have thead component"},{"ancestorTitles":["Table"],"failureMessages":[],"fullName":"Table should have tbody component","location":null,"status":"passed","title":"should have tbody component"},{"ancestorTitles":["Table"],"failureMessages":[],"fullName":"Table should have th is equal to number of columns","location":null,"status":"passed","title":"should have th is equal to number of columns"},{"ancestorTitles":["Table"],"failureMessages":[],"fullName":"Table should have tr is equal to number of data rows","location":null,"status":"passed","title":"should have tr is equal to number of data rows"},{"ancestorTitles":["Table"],"failureMessages":[],"fullName":"Table should loop through each row and check the content","location":null,"status":"passed","title":"should loop through each row and check the content"},{"ancestorTitles":["Column"],"failureMessages":[],"fullName":"Column should render correctly","location":null,"status":"passed","title":"should render correctly"},{"ancestorTitles":["Column"],"failureMessages":[],"fullName":"Column should have em tag","location":null,"status":"passed","title":"should have em tag"},{"ancestorTitles":["Column"],"failureMessages":[],"fullName":"Column should have label value","location":null,"status":"passed","title":"should have label value"}],"endTime":1575827167199,"message":"","name":"C:\\Users\\user\\Documents\\projects\\atomic-react-components\\lib\\components\\molecules\\Table\\tests\\Table.test.js","startTime":1575827166399,"status":"passed","summary":""},{"assertionResults":[{"ancestorTitles":["FieldTextarea Component"],"failureMessages":[],"fullName":"FieldTextarea Component should render correctly","location":null,"status":"passed","title":"should render correctly"},{"ancestorTitles":["FieldTextarea Component"],"failureMessages":[],"fullName":"FieldTextarea Component should render label correctly","location":null,"status":"pending","title":"should render label correctly"},{"ancestorTitles":["FieldTextarea Component"],"failureMessages":[],"fullName":"FieldTextarea Component should render textarea tag","location":null,"status":"pending","title":"should render textarea tag"}],"endTime":1575827167229,"message":"","name":"C:\\Users\\user\\Documents\\projects\\atomic-react-components\\lib\\components\\molecules\\Form\\FieldTextarea\\tests\\FieldTextarea.test.js","startTime":1575827166651,"status":"passed","summary":""},{"assertionResults":[{"ancestorTitles":["InputChoiceVanilla Component"],"failureMessages":[],"fullName":"InputChoiceVanilla Component should render Radio button correctly","location":null,"status":"passed","title":"should render Radio button correctly"},{"ancestorTitles":["InputChoiceVanilla Component"],"failureMessages":[],"fullName":"InputChoiceVanilla Component should render checkbox correctly","location":null,"status":"passed","title":"should render checkbox correctly"},{"ancestorTitles":["InputChoiceVanilla Component"],"failureMessages":[],"fullName":"InputChoiceVanilla Component should render disabled","location":null,"status":"passed","title":"should render disabled"},{"ancestorTitles":["InputChoiceVanilla Component"],"failureMessages":[],"fullName":"InputChoiceVanilla Component should render checked","location":null,"status":"passed","title":"should render checked"}],"endTime":1575827168424,"message":"","name":"C:\\Users\\user\\Documents\\projects\\atomic-react-components\\lib\\components\\molecules\\InputChoice\\tests\\InputChoice.test.js","startTime":1575827167899,"status":"passed","summary":""},{"assertionResults":[{"ancestorTitles":["<Breadcrumb />"],"failureMessages":[],"fullName":"<Breadcrumb /> should render correctly","location":null,"status":"passed","title":"should render correctly"}],"endTime":1575827168605,"message":"","name":"C:\\Users\\user\\Documents\\projects\\atomic-react-components\\lib\\components\\molecules\\Breadcrumb\\tests\\Breadcrumb.test.js","startTime":1575827163134,"status":"passed","summary":""},{"assertionResults":[{"ancestorTitles":["<Tabs />"],"failureMessages":[],"fullName":"<Tabs /> should render correctly","location":null,"status":"passed","title":"should render correctly"},{"ancestorTitles":["<Tabs /> functional behavior"],"failureMessages":[],"fullName":"<Tabs /> functional behavior should have minimum dom structure for the tests below","location":null,"status":"passed","title":"should have minimum dom structure for the tests below"},{"ancestorTitles":["<Tabs /> functional behavior"],"failureMessages":[],"fullName":"<Tabs /> functional behavior should change the tab panel and execute callback on closed tab click","location":null,"status":"passed","title":"should change the tab panel and execute callback on closed tab click"}],"endTime":1575827168738,"message":"","name":"C:\\Users\\user\\Documents\\projects\\atomic-react-components\\lib\\components\\molecules\\Tabs\\tests\\Tabs.test.js","startTime":1575827167865,"status":"passed","summary":""},{"assertionResults":[{"ancestorTitles":["Image Component"],"failureMessages":[],"fullName":"Image Component should render correctly and match snapshots","location":null,"status":"passed","title":"should render correctly and match snapshots"},{"ancestorTitles":["Image Component"],"failureMessages":[],"fullName":"Image Component should change image src on error","location":null,"status":"passed","title":"should change image src on error"},{"ancestorTitles":["Image Component"],"failureMessages":[],"fullName":"Image Component should check the data attribute of image","location":null,"status":"passed","title":"should check the data attribute of image"},{"ancestorTitles":["Image Component"],"failureMessages":[],"fullName":"Image Component should check the default locator of image","location":null,"status":"passed","title":"should check the default locator of image"}],"endTime":1575827169419,"message":"","name":"C:\\Users\\user\\Documents\\projects\\atomic-react-components\\lib\\components\\atoms\\Image\\tests\\Image.test.js","startTime":1575827168982,"status":"passed","summary":""},{"assertionResults":[{"ancestorTitles":["<Tab />"],"failureMessages":[],"fullName":"<Tab /> should render correctly","location":null,"status":"passed","title":"should render correctly"}],"endTime":1575827169801,"message":"","name":"C:\\Users\\user\\Documents\\projects\\atomic-react-components\\lib\\components\\molecules\\Tabs\\Tab\\tests\\Tab.test.js","startTime":1575827169243,"status":"passed","summary":""},{"assertionResults":[{"ancestorTitles":["<Popover /> Rendering"],"failureMessages":[],"fullName":"<Popover /> Rendering should render correctly","location":null,"status":"passed","title":"should render correctly"},{"ancestorTitles":["Popover functional behavior"],"failureMessages":[],"fullName":"Popover functional behavior Should have Close Button By Default and can be closed","location":null,"status":"passed","title":"Should have Close Button By Default and can be closed"},{"ancestorTitles":["Popover functional behavior"],"failureMessages":[],"fullName":"Popover functional behavior Should open By Default when isVisible set to true","location":null,"status":"passed","title":"Should open By Default when isVisible set to true"},{"ancestorTitles":["Popover functional behavior"],"failureMessages":[],"fullName":"Popover functional behavior Should open and close on Trigger and X button click","location":null,"status":"passed","title":"Should open and close on Trigger and X button click"}],"endTime":1575827169861,"message":"","name":"C:\\Users\\user\\Documents\\projects\\atomic-react-components\\lib\\components\\molecules\\Popover\\tests\\Popover.test.js","startTime":1575827169321,"status":"passed","summary":""},{"assertionResults":[{"ancestorTitles":["Select Styled component"],"failureMessages":[],"fullName":"Select Styled component should render correctly","location":null,"status":"passed","title":"should render correctly"}],"endTime":1575827170417,"message":"","name":"C:\\Users\\user\\Documents\\projects\\atomic-react-components\\lib\\components\\atoms\\Select\\tests\\Select.style.test.js","startTime":1575827169928,"status":"passed","summary":""},{"assertionResults":[{"ancestorTitles":["Button Component"],"failureMessages":[],"fullName":"Button Component should render correctly","location":null,"status":"passed","title":"should render correctly"},{"ancestorTitles":["Button Component"],"failureMessages":[],"fullName":"Button Component should render disabled","location":null,"status":"passed","title":"should render disabled"},{"ancestorTitles":["Button Component"],"failureMessages":[],"fullName":"Button Component should render title element","location":null,"status":"passed","title":"should render title element"},{"ancestorTitles":["Button Component"],"failureMessages":[],"fullName":"Button Component should render aria attribute element","location":null,"status":"passed","title":"should render aria attribute element"},{"ancestorTitles":["Button Component"],"failureMessages":[],"fullName":"Button Component should check the data attribute of button","location":null,"status":"passed","title":"should check the data attribute of button"}],"endTime":1575827170911,"message":"","name":"C:\\Users\\user\\Documents\\projects\\atomic-react-components\\lib\\components\\atoms\\Button\\tests\\Button.test.js","startTime":1575827170390,"status":"passed","summary":""},{"assertionResults":[{"ancestorTitles":["<ArticleThumbnail />"],"failureMessages":[],"fullName":"<ArticleThumbnail /> should render correctly with Readmore","location":null,"status":"passed","title":"should render correctly with Readmore"},{"ancestorTitles":["<ArticleThumbnail />"],"failureMessages":[],"fullName":"<ArticleThumbnail /> should render correctly with full clickable thumb","location":null,"status":"passed","title":"should render correctly with full clickable thumb"}],"endTime":1575827170936,"message":"","name":"C:\\Users\\user\\Documents\\projects\\atomic-react-components\\lib\\components\\molecules\\ArticleThumbnail\\tests\\ArticleThumbnail.test.js","startTime":1575827170370,"status":"passed","summary":""},{"assertionResults":[{"ancestorTitles":["Anchor Component"],"failureMessages":[],"fullName":"Anchor Component should render correctly and match snapshot","location":null,"status":"passed","title":"should render correctly and match snapshot"},{"ancestorTitles":["Anchor Component"],"failureMessages":[],"fullName":"Anchor Component Should handle on typeahead focuson Events","location":null,"status":"passed","title":"Should handle on typeahead focuson Events"},{"ancestorTitles":["Anchor Component"],"failureMessages":[],"fullName":"Anchor Component should check the data attribute of anchor","location":null,"status":"passed","title":"should check the data attribute of anchor"}],"endTime":1575827171320,"message":"","name":"C:\\Users\\user\\Documents\\projects\\atomic-react-components\\lib\\components\\atoms\\Anchor\\tests\\Anchor.test.js","startTime":1575827170896,"status":"passed","summary":""},{"assertionResults":[{"ancestorTitles":["Modal Component"],"failureMessages":[],"fullName":"Modal Component should render Modal correctly","location":null,"status":"passed","title":"should render Modal correctly"}],"endTime":1575827171861,"message":"","name":"C:\\Users\\user\\Documents\\projects\\atomic-react-components\\lib\\components\\molecules\\Modal\\tests\\Modal.test.js","startTime":1575827171408,"status":"passed","summary":""},{"assertionResults":[{"ancestorTitles":["Select Styled component"],"failureMessages":[],"fullName":"Select Styled component should render correctly","location":null,"status":"passed","title":"should render correctly"}],"endTime":1575827172165,"message":"","name":"C:\\Users\\user\\Documents\\projects\\atomic-react-components\\lib\\components\\atoms\\Textarea\\tests\\Textarea.style.test.js","startTime":1575827171576,"status":"passed","summary":""},{"assertionResults":[{"ancestorTitles":["Image Component with styles"],"failureMessages":[],"fullName":"Image Component with styles should render correctly and match snapshots","location":null,"status":"passed","title":"should render correctly and match snapshots"},{"ancestorTitles":["Image Component with styles"],"failureMessages":[],"fullName":"Image Component with styles should render correctly with lazy load","location":null,"status":"passed","title":"should render correctly with lazy load"}],"endTime":1575827172190,"message":"","name":"C:\\Users\\user\\Documents\\projects\\atomic-react-components\\lib\\components\\atoms\\Image\\tests\\Image.style.test.js","startTime":1575827171802,"status":"passed","summary":""},{"assertionResults":[{"ancestorTitles":["Select Component"],"failureMessages":[],"fullName":"Select Component should render correctly","location":null,"status":"passed","title":"should render correctly"},{"ancestorTitles":["Select Component"],"failureMessages":[],"fullName":"Select Component should check the data attribute of dropdown/select","location":null,"status":"passed","title":"should check the data attribute of dropdown/select"}],"endTime":1575827172743,"message":"","name":"C:\\Users\\user\\Documents\\projects\\atomic-react-components\\lib\\components\\atoms\\Select\\tests\\Select.test.js","startTime":1575827172356,"status":"passed","summary":""},{"assertionResults":[{"ancestorTitles":["Input Styled component"],"failureMessages":[],"fullName":"Input Styled component should render correctly","location":null,"status":"passed","title":"should render correctly"}],"endTime":1575827173108,"message":"","name":"C:\\Users\\user\\Documents\\projects\\atomic-react-components\\lib\\components\\atoms\\Input\\tests\\Input.style.test.js","startTime":1575827172666,"status":"passed","summary":""},{"assertionResults":[{"ancestorTitles":["Button"],"failureMessages":[],"fullName":"Button should render correctly","location":null,"status":"passed","title":"should render correctly"}],"endTime":1575827173255,"message":"","name":"C:\\Users\\user\\Documents\\projects\\atomic-react-components\\lib\\components\\atoms\\Button\\tests\\Button.style.test.js","startTime":1575827172711,"status":"passed","summary":""},{"assertionResults":[{"ancestorTitles":["<TabPanel />"],"failureMessages":[],"fullName":"<TabPanel /> should render correctly","location":null,"status":"passed","title":"should render correctly"}],"endTime":1575827173625,"message":"","name":"C:\\Users\\user\\Documents\\projects\\atomic-react-components\\lib\\components\\molecules\\Tabs\\TabPanel\\tests\\TabPanel.test.js","startTime":1575827173238,"status":"passed","summary":""},{"assertionResults":[{"ancestorTitles":["Debug"],"failureMessages":[],"fullName":"Debug should render correctly","location":null,"status":"passed","title":"should render correctly"}],"endTime":1575827173952,"message":"","name":"C:\\Users\\user\\Documents\\projects\\atomic-react-components\\lib\\components\\molecules\\Form\\Debug\\tests\\Debug.test.js","startTime":1575827173584,"status":"passed","summary":""},{"assertionResults":[{"ancestorTitles":["Para Component"],"failureMessages":[],"fullName":"Para Component should render correctly and match snapshot","location":null,"status":"passed","title":"should render correctly and match snapshot"},{"ancestorTitles":["Para Component"],"failureMessages":[],"fullName":"Para Component should check the data attribute of para","location":null,"status":"passed","title":"should check the data attribute of para"}],"endTime":1575827174304,"message":"","name":"C:\\Users\\user\\Documents\\projects\\atomic-react-components\\lib\\components\\atoms\\Para\\tests\\Para.test.js","startTime":1575827173813,"status":"passed","summary":""},{"assertionResults":[{"ancestorTitles":["Label Component"],"failureMessages":[],"fullName":"Label Component should render correctly","location":null,"status":"passed","title":"should render correctly"},{"ancestorTitles":["Label Component"],"failureMessages":[],"fullName":"Label Component should check the data attribute of label","location":null,"status":"passed","title":"should check the data attribute of label"}],"endTime":1575827174471,"message":"","name":"C:\\Users\\user\\Documents\\projects\\atomic-react-components\\lib\\components\\atoms\\Label\\tests\\Label.test.js","startTime":1575827174110,"status":"passed","summary":""},{"assertionResults":[{"ancestorTitles":["<Textarea />"],"failureMessages":[],"fullName":"<Textarea /> should render correctly","location":null,"status":"passed","title":"should render correctly"},{"ancestorTitles":["<Textarea />"],"failureMessages":[],"fullName":"<Textarea /> should check the data attribute of textarea","location":null,"status":"passed","title":"should check the data attribute of textarea"}],"endTime":1575827174762,"message":"","name":"C:\\Users\\user\\Documents\\projects\\atomic-react-components\\lib\\components\\atoms\\Textarea\\tests\\Textarea.test.js","startTime":1575827174390,"status":"passed","summary":""},{"assertionResults":[{"ancestorTitles":["<List />"],"failureMessages":[],"fullName":"<List /> should render default view correctly","location":null,"status":"passed","title":"should render default view correctly"}],"endTime":1575827175261,"message":"","name":"C:\\Users\\user\\Documents\\projects\\atomic-react-components\\lib\\components\\molecules\\List\\tests\\List.test.js","startTime":1575827174925,"status":"passed","summary":""},{"assertionResults":[{"ancestorTitles":["Heading Component"],"failureMessages":[],"fullName":"Heading Component should render correctly and match snapshot","location":null,"status":"passed","title":"should render correctly and match snapshot"},{"ancestorTitles":["Heading Component"],"failureMessages":[],"fullName":"Heading Component should check the custom locator of heading","location":null,"status":"passed","title":"should check the custom locator of heading"},{"ancestorTitles":["Heading Component"],"failureMessages":[],"fullName":"Heading Component should check the default locator of heading","location":null,"status":"passed","title":"should check the default locator of heading"}],"endTime":1575827175289,"message":"","name":"C:\\Users\\user\\Documents\\projects\\atomic-react-components\\lib\\components\\atoms\\Heading\\tests\\Heading.test.js","startTime":1575827174838,"status":"passed","summary":""},{"assertionResults":[{"ancestorTitles":["FieldInput Component"],"failureMessages":[],"fullName":"FieldInput Component should render correctly","location":null,"status":"passed","title":"should render correctly"},{"ancestorTitles":["FieldInput Component"],"failureMessages":[],"fullName":"FieldInput Component should render label correctly","location":null,"status":"pending","title":"should render label correctly"},{"ancestorTitles":["FieldInput Component"],"failureMessages":[],"fullName":"FieldInput Component should render select tag","location":null,"status":"pending","title":"should render select tag"}],"endTime":1575827175697,"message":"","name":"C:\\Users\\user\\Documents\\projects\\atomic-react-components\\lib\\components\\molecules\\Form\\FieldSelect\\tests\\FieldSelect.test.js","startTime":1575827175204,"status":"passed","summary":""},{"assertionResults":[{"ancestorTitles":["Input Component"],"failureMessages":[],"fullName":"Input Component should render correctly","location":null,"status":"passed","title":"should render correctly"},{"ancestorTitles":["Input Component"],"failureMessages":[],"fullName":"Input Component should check the data attribute of input","location":null,"status":"passed","title":"should check the data attribute of input"}],"endTime":1575827176033,"message":"","name":"C:\\Users\\user\\Documents\\projects\\atomic-react-components\\lib\\components\\atoms\\Input\\tests\\Input.test.js","startTime":1575827175740,"status":"passed","summary":""},{"assertionResults":[{"ancestorTitles":["FieldError Component"],"failureMessages":[],"fullName":"FieldError Component should render correctly","location":null,"status":"passed","title":"should render correctly"},{"ancestorTitles":["FieldError Component"],"failureMessages":[],"fullName":"FieldError Component should check the element locator of field error","location":null,"status":"passed","title":"should check the element locator of field error"},{"ancestorTitles":["FieldError Component"],"failureMessages":[],"fullName":"FieldError Component should check the default slnid of field error","location":null,"status":"passed","title":"should check the default slnid of field error"}],"endTime":1575827176190,"message":"","name":"C:\\Users\\user\\Documents\\projects\\atomic-react-components\\lib\\components\\atoms\\FieldError\\tests\\FieldError.test.js","startTime":1575827175833,"status":"passed","summary":""}],"wasInterrupted":false,"coverageMap":{"C:\\Users\\user\\Documents\\projects\\atomic-react-components\\lib\\components\\molecules\\Form\\FieldInput\\FieldInput.js":{"path":"C:\\Users\\user\\Documents\\projects\\atomic-react-components\\lib\\components\\molecules\\Form\\FieldInput\\FieldInput.js","statementMap":{"0":{"start":{"line":25,"column":19},"end":{"line":66,"column":1}},"1":{"start":{"line":37,"column":2},"end":{"line":65,"column":4}},"2":{"start":{"line":45,"column":47},"end":{"line":45,"column":51}},"3":{"start":{"line":46,"column":10},"end":{"line":60,"column":12}},"4":{"start":{"line":52,"column":16},"end":{"line":52,"column":32}},"5":{"start":{"line":53,"column":16},"end":{"line":53,"column":70}},"6":{"start":{"line":53,"column":52},"end":{"line":53,"column":70}},"7":{"start":{"line":56,"column":16},"end":{"line":56,"column":30}},"8":{"start":{"line":57,"column":16},"end":{"line":57,"column":66}},"9":{"start":{"line":57,"column":50},"end":{"line":57,"column":66}},"10":{"start":{"line":68,"column":0},"end":{"line":77,"column":2}}},"fnMap":{"0":{"name":"(anonymous_0)","decl":{"start":{"line":25,"column":19},"end":{"line":25,"column":20}},"loc":{"start":{"line":36,"column":19},"end":{"line":66,"column":1}},"line":36},"1":{"name":"(anonymous_1)","decl":{"start":{"line":44,"column":9},"end":{"line":44,"column":10}},"loc":{"start":{"line":44,"column":30},"end":{"line":61,"column":9}},"line":44},"2":{"name":"(anonymous_2)","decl":{"start":{"line":51,"column":24},"end":{"line":51,"column":25}},"loc":{"start":{"line":51,"column":29},"end":{"line":54,"column":15}},"line":51},"3":{"name":"(anonymous_3)","decl":{"start":{"line":55,"column":22},"end":{"line":55,"column":23}},"loc":{"start":{"line":55,"column":27},"end":{"line":58,"column":15}},"line":55}},"branchMap":{"0":{"loc":{"start":{"line":53,"column":16},"end":{"line":53,"column":70}},"type":"if","locations":[{"start":{"line":53,"column":16},"end":{"line":53,"column":70}},{"start":{"line":53,"column":16},"end":{"line":53,"column":70}}],"line":53},"1":{"loc":{"start":{"line":57,"column":16},"end":{"line":57,"column":66}},"type":"if","locations":[{"start":{"line":57,"column":16},"end":{"line":57,"column":66}},{"start":{"line":57,"column":16},"end":{"line":57,"column":66}}],"line":57}},"s":{"0":2,"1":2,"2":1,"3":1,"4":0,"5":0,"6":0,"7":0,"8":0,"9":0,"10":2},"f":{"0":2,"1":1,"2":0,"3":0},"b":{"0":[0,0],"1":[0,0]},"_coverageSchema":"43e27e138ebf9cfc5966b082cf9a028302ed4184","hash":"76e45b9dff3b8531d2214c684096cf70dbd049ac"},"C:\\Users\\user\\Documents\\projects\\atomic-react-components\\lib\\components\\atoms\\Input\\index.js":{"path":"C:\\Users\\user\\Documents\\projects\\atomic-react-components\\lib\\components\\atoms\\Input\\index.js","statementMap":{},"fnMap":{},"branchMap":{},"s":{},"f":{},"b":{},"_coverageSchema":"43e27e138ebf9cfc5966b082cf9a028302ed4184","hash":"3c1d904439b7770c270e11f3953e83d69eb5ec36"},"C:\\Users\\user\\Documents\\projects\\atomic-react-components\\lib\\components\\atoms\\Input\\Input.js":{"path":"C:\\Users\\user\\Documents\\projects\\atomic-react-components\\lib\\components\\atoms\\Input\\Input.js","statementMap":{"0":{"start":{"line":18,"column":14},"end":{"line":40,"column":1}},"1":{"start":{"line":29,"column":2},"end":{"line":39,"column":4}},"2":{"start":{"line":42,"column":0},"end":{"line":49,"column":2}}},"fnMap":{"0":{"name":"(anonymous_0)","decl":{"start":{"line":18,"column":14},"end":{"line":18,"column":15}},"loc":{"start":{"line":29,"column":2},"end":{"line":39,"column":4}},"line":29}},"branchMap":{"0":{"loc":{"start":{"line":37,"column":18},"end":{"line":37,"column":59}},"type":"binary-expr","locations":[{"start":{"line":37,"column":18},"end":{"line":37,"column":32}},{"start":{"line":37,"column":36},"end":{"line":37,"column":59}}],"line":37}},"s":{"0":5,"1":3,"2":5},"f":{"0":3},"b":{"0":[3,1]},"_coverageSchema":"43e27e138ebf9cfc5966b082cf9a028302ed4184","hash":"9e2b2a46a357ca05270d23b9179daf5f0f6c75cb"},"C:\\Users\\user\\Documents\\projects\\atomic-react-components\\lib\\components\\atoms\\Input\\Input.style.js":{"path":"C:\\Users\\user\\Documents\\projects\\atomic-react-components\\lib\\components\\atoms\\Input\\Input.style.js","statementMap":{"0":{"start":{"line":3,"column":15},"end":{"line":20,"column":1}},"1":{"start":{"line":4,"column":13},"end":{"line":9,"column":3}},"2":{"start":{"line":12,"column":4},"end":{"line":17,"column":10}},"3":{"start":{"line":19,"column":14},"end":{"line":19,"column":64}}},"fnMap":{"0":{"name":"(anonymous_0)","decl":{"start":{"line":4,"column":4},"end":{"line":4,"column":5}},"loc":{"start":{"line":4,"column":13},"end":{"line":9,"column":3}},"line":4},"1":{"name":"(anonymous_1)","decl":{"start":{"line":11,"column":4},"end":{"line":11,"column":5}},"loc":{"start":{"line":12,"column":4},"end":{"line":17,"column":10}},"line":12},"2":{"name":"(anonymous_2)","decl":{"start":{"line":19,"column":4},"end":{"line":19,"column":5}},"loc":{"start":{"line":19,"column":14},"end":{"line":19,"column":64}},"line":19}},"branchMap":{"0":{"loc":{"start":{"line":12,"column":4},"end":{"line":17,"column":10}},"type":"cond-expr","locations":[{"start":{"line":13,"column":8},"end":{"line":16,"column":5}},{"start":{"line":17,"column":8},"end":{"line":17,"column":10}}],"line":12},"1":{"loc":{"start":{"line":19,"column":14},"end":{"line":19,"column":64}},"type":"cond-expr","locations":[{"start":{"line":19,"column":38},"end":{"line":19,"column":59}},{"start":{"line":19,"column":62},"end":{"line":19,"column":64}}],"line":19}},"s":{"0":5,"1":1,"2":1,"3":1},"f":{"0":1,"1":1,"2":1},"b":{"0":[0,1],"1":[0,1]},"_coverageSchema":"43e27e138ebf9cfc5966b082cf9a028302ed4184","hash":"b2a07514541e6db14ba691cc8c34079ee0a191c4"},"C:\\Users\\user\\Documents\\projects\\atomic-react-components\\lib\\components\\atoms\\FieldError\\index.js":{"path":"C:\\Users\\user\\Documents\\projects\\atomic-react-components\\lib\\components\\atoms\\FieldError\\index.js","statementMap":{},"fnMap":{},"branchMap":{},"s":{},"f":{},"b":{},"_coverageSchema":"43e27e138ebf9cfc5966b082cf9a028302ed4184","hash":"8128fd667962e510b5addaf6118ff99c098987dc"},"C:\\Users\\user\\Documents\\projects\\atomic-react-components\\lib\\components\\atoms\\FieldError\\FieldError.js":{"path":"C:\\Users\\user\\Documents\\projects\\atomic-react-components\\lib\\components\\atoms\\FieldError\\FieldError.js","statementMap":{"0":{"start":{"line":17,"column":19},"end":{"line":37,"column":1}},"1":{"start":{"line":25,"column":2},"end":{"line":36,"column":4}},"2":{"start":{"line":39,"column":0},"end":{"line":44,"column":2}}},"fnMap":{"0":{"name":"(anonymous_0)","decl":{"start":{"line":17,"column":19},"end":{"line":17,"column":20}},"loc":{"start":{"line":24,"column":19},"end":{"line":37,"column":1}},"line":24}},"branchMap":{"0":{"loc":{"start":{"line":30,"column":20},"end":{"line":30,"column":59}},"type":"cond-expr","locations":[{"start":{"line":30,"column":33},"end":{"line":30,"column":54}},{"start":{"line":30,"column":57},"end":{"line":30,"column":59}}],"line":30},"1":{"loc":{"start":{"line":31,"column":20},"end":{"line":31,"column":85}},"type":"binary-expr","locations":[{"start":{"line":31,"column":20},"end":{"line":31,"column":34}},{"start":{"line":31,"column":38},"end":{"line":31,"column":85}}],"line":31}},"s":{"0":5,"1":5,"2":5},"f":{"0":5},"b":{"0":[1,4],"1":[5,4]},"_coverageSchema":"43e27e138ebf9cfc5966b082cf9a028302ed4184","hash":"b7921bd46b18d152897702d8b1159ae2075df108"},"C:\\Users\\user\\Documents\\projects\\atomic-react-components\\lib\\components\\atoms\\Para\\index.js":{"path":"C:\\Users\\user\\Documents\\projects\\atomic-react-components\\lib\\components\\atoms\\Para\\index.js","statementMap":{},"fnMap":{},"branchMap":{},"s":{},"f":{},"b":{},"_coverageSchema":"43e27e138ebf9cfc5966b082cf9a028302ed4184","hash":"9759f8f54a8f9befa5e2bc77a2fa81a6f372699a"},"C:\\Users\\user\\Documents\\projects\\atomic-react-components\\lib\\components\\atoms\\Para\\Para.js":{"path":"C:\\Users\\user\\Documents\\projects\\atomic-react-components\\lib\\components\\atoms\\Para\\Para.js","statementMap":{"0":{"start":{"line":15,"column":13},"end":{"line":27,"column":1}},"1":{"start":{"line":16,"column":22},"end":{"line":20,"column":8}},"2":{"start":{"line":22,"column":2},"end":{"line":26,"column":4}},"3":{"start":{"line":29,"column":0},"end":{"line":33,"column":2}}},"fnMap":{"0":{"name":"(anonymous_0)","decl":{"start":{"line":15,"column":13},"end":{"line":15,"column":14}},"loc":{"start":{"line":15,"column":99},"end":{"line":27,"column":1}},"line":15}},"branchMap":{"0":{"loc":{"start":{"line":16,"column":22},"end":{"line":20,"column":8}},"type":"cond-expr","locations":[{"start":{"line":17,"column":6},"end":{"line":19,"column":7}},{"start":{"line":20,"column":6},"end":{"line":20,"column":8}}],"line":16}},"s":{"0":6,"1":4,"2":4,"3":6},"f":{"0":4},"b":{"0":[2,2]},"_coverageSchema":"43e27e138ebf9cfc5966b082cf9a028302ed4184","hash":"b7ebfe0ac1f36c7ce417f4f3dc9a53dc1ae6de91"},"C:\\Users\\user\\Documents\\projects\\atomic-react-components\\lib\\components\\atoms\\Para\\Para.style.js":{"path":"C:\\Users\\user\\Documents\\projects\\atomic-react-components\\lib\\components\\atoms\\Para\\Para.style.js","statementMap":{},"fnMap":{},"branchMap":{},"s":{},"f":{},"b":{},"_coverageSchema":"43e27e138ebf9cfc5966b082cf9a028302ed4184","hash":"879e7410fcddfa1115a9a176b2ce1f4657453584"},"C:\\Users\\user\\Documents\\projects\\atomic-react-components\\lib\\core\\utils\\elementLocator.js":{"path":"C:\\Users\\user\\Documents\\projects\\atomic-react-components\\lib\\core\\utils\\elementLocator.js","statementMap":{"0":{"start":{"line":4,"column":36},"end":{"line":20,"column":1}},"1":{"start":{"line":5,"column":14},"end":{"line":5,"column":16}},"2":{"start":{"line":7,"column":2},"end":{"line":18,"column":5}},"3":{"start":{"line":8,"column":24},"end":{"line":8,"column":29}},"4":{"start":{"line":10,"column":4},"end":{"line":16,"column":5}},"5":{"start":{"line":11,"column":6},"end":{"line":15,"column":9}},"6":{"start":{"line":12,"column":8},"end":{"line":12,"column":78}},"7":{"start":{"line":13,"column":8},"end":{"line":13,"column":51}},"8":{"start":{"line":13,"column":30},"end":{"line":13,"column":51}},"9":{"start":{"line":14,"column":8},"end":{"line":14,"column":29}},"10":{"start":{"line":17,"column":4},"end":{"line":17,"column":45}},"11":{"start":{"line":19,"column":2},"end":{"line":19,"column":29}}},"fnMap":{"0":{"name":"(anonymous_0)","decl":{"start":{"line":4,"column":36},"end":{"line":4,"column":37}},"loc":{"start":{"line":4,"column":48},"end":{"line":20,"column":1}},"line":4},"1":{"name":"(anonymous_1)","decl":{"start":{"line":7,"column":34},"end":{"line":7,"column":35}},"loc":{"start":{"line":7,"column":57},"end":{"line":18,"column":3}},"line":7},"2":{"name":"(anonymous_2)","decl":{"start":{"line":11,"column":28},"end":{"line":11,"column":29}},"loc":{"start":{"line":11,"column":51},"end":{"line":15,"column":7}},"line":11}},"branchMap":{"0":{"loc":{"start":{"line":10,"column":4},"end":{"line":16,"column":5}},"type":"if","locations":[{"start":{"line":10,"column":4},"end":{"line":16,"column":5}},{"start":{"line":10,"column":4},"end":{"line":16,"column":5}}],"line":10},"1":{"loc":{"start":{"line":12,"column":20},"end":{"line":12,"column":67}},"type":"cond-expr","locations":[{"start":{"line":12,"column":59},"end":{"line":12,"column":61}},{"start":{"line":12,"column":64},"end":{"line":12,"column":67}}],"line":12},"2":{"loc":{"start":{"line":12,"column":20},"end":{"line":12,"column":56}},"type":"binary-expr","locations":[{"start":{"line":12,"column":20},"end":{"line":12,"column":36}},{"start":{"line":12,"column":40},"end":{"line":12,"column":56}}],"line":12},"3":{"loc":{"start":{"line":13,"column":8},"end":{"line":13,"column":51}},"type":"if","locations":[{"start":{"line":13,"column":8},"end":{"line":13,"column":51}},{"start":{"line":13,"column":8},"end":{"line":13,"column":51}}],"line":13},"4":{"loc":{"start":{"line":17,"column":11},"end":{"line":17,"column":44}},"type":"binary-expr","locations":[{"start":{"line":17,"column":11},"end":{"line":17,"column":24}},{"start":{"line":17,"column":28},"end":{"line":17,"column":44}}],"line":17}},"s":{"0":17,"1":26,"2":26,"3":25,"4":25,"5":25,"6":38,"7":38,"8":13,"9":38,"10":25,"11":26},"f":{"0":26,"1":25,"2":38},"b":{"0":[25,0],"1":[25,13],"2":[38,38],"3":[13,25],"4":[25,12]},"_coverageSchema":"43e27e138ebf9cfc5966b082cf9a028302ed4184","hash":"bcb75452bef6a7a051a2603928582500fa4ce7c9"},"C:\\Users\\user\\Documents\\projects\\atomic-react-components\\lib\\components\\atoms\\FieldError\\FieldError.style.js":{"path":"C:\\Users\\user\\Documents\\projects\\atomic-react-components\\lib\\components\\atoms\\FieldError\\FieldError.style.js","statementMap":{"0":{"start":{"line":3,"column":15},"end":{"line":10,"column":1}},"1":{"start":{"line":4,"column":13},"end":{"line":4,"column":46}},"2":{"start":{"line":5,"column":13},"end":{"line":5,"column":42}},"3":{"start":{"line":9,"column":14},"end":{"line":9,"column":64}}},"fnMap":{"0":{"name":"(anonymous_0)","decl":{"start":{"line":4,"column":4},"end":{"line":4,"column":5}},"loc":{"start":{"line":4,"column":13},"end":{"line":4,"column":46}},"line":4},"1":{"name":"(anonymous_1)","decl":{"start":{"line":5,"column":4},"end":{"line":5,"column":5}},"loc":{"start":{"line":5,"column":13},"end":{"line":5,"column":42}},"line":5},"2":{"name":"(anonymous_2)","decl":{"start":{"line":9,"column":4},"end":{"line":9,"column":5}},"loc":{"start":{"line":9,"column":14},"end":{"line":9,"column":64}},"line":9}},"branchMap":{"0":{"loc":{"start":{"line":9,"column":14},"end":{"line":9,"column":64}},"type":"cond-expr","locations":[{"start":{"line":9,"column":38},"end":{"line":9,"column":59}},{"start":{"line":9,"column":62},"end":{"line":9,"column":64}}],"line":9}},"s":{"0":5,"1":0,"2":0,"3":0},"f":{"0":0,"1":0,"2":0},"b":{"0":[0,0]},"_coverageSchema":"43e27e138ebf9cfc5966b082cf9a028302ed4184","hash":"547899ef1c4dd389c5c1ce1ec3cb9d26c920c848"},"C:\\Users\\user\\Documents\\projects\\atomic-react-components\\lib\\components\\atoms\\Label\\index.js":{"path":"C:\\Users\\user\\Documents\\projects\\atomic-react-components\\lib\\components\\atoms\\Label\\index.js","statementMap":{},"fnMap":{},"branchMap":{},"s":{},"f":{},"b":{},"_coverageSchema":"43e27e138ebf9cfc5966b082cf9a028302ed4184","hash":"5560f4d509ad32ff561625c19dce3423e07662ea"},"C:\\Users\\user\\Documents\\projects\\atomic-react-components\\lib\\components\\atoms\\Label\\Label.js":{"path":"C:\\Users\\user\\Documents\\projects\\atomic-react-components\\lib\\components\\atoms\\Label\\Label.js","statementMap":{"0":{"start":{"line":14,"column":14},"end":{"line":25,"column":1}},"1":{"start":{"line":17,"column":2},"end":{"line":24,"column":10}},"2":{"start":{"line":27,"column":0},"end":{"line":30,"column":2}}},"fnMap":{"0":{"name":"(anonymous_0)","decl":{"start":{"line":14,"column":14},"end":{"line":14,"column":15}},"loc":{"start":{"line":17,"column":2},"end":{"line":24,"column":10}},"line":17}},"branchMap":{"0":{"loc":{"start":{"line":20,"column":18},"end":{"line":20,"column":88}},"type":"binary-expr","locations":[{"start":{"line":20,"column":18},"end":{"line":20,"column":32}},{"start":{"line":20,"column":36},"end":{"line":20,"column":88}}],"line":20}},"s":{"0":6,"1":3,"2":6},"f":{"0":3},"b":{"0":[3,2]},"_coverageSchema":"43e27e138ebf9cfc5966b082cf9a028302ed4184","hash":"933592130f8d9f3db4483899bf6072128be861be"},"C:\\Users\\user\\Documents\\projects\\atomic-react-components\\lib\\components\\molecules\\Form\\FieldInput\\FieldInput.style.js":{"path":"C:\\Users\\user\\Documents\\projects\\atomic-react-components\\lib\\components\\molecules\\Form\\FieldInput\\FieldInput.style.js","statementMap":{"0":{"start":{"line":3,"column":15},"end":{"line":11,"column":1}},"1":{"start":{"line":4,"column":28},"end":{"line":4,"column":54}},"2":{"start":{"line":9,"column":30},"end":{"line":9,"column":59}}},"fnMap":{"0":{"name":"(anonymous_0)","decl":{"start":{"line":4,"column":19},"end":{"line":4,"column":20}},"loc":{"start":{"line":4,"column":28},"end":{"line":4,"column":54}},"line":4},"1":{"name":"(anonymous_1)","decl":{"start":{"line":9,"column":21},"end":{"line":9,"column":22}},"loc":{"start":{"line":9,"column":30},"end":{"line":9,"column":59}},"line":9}},"branchMap":{},"s":{"0":2,"1":1,"2":1},"f":{"0":1,"1":1},"b":{},"_coverageSchema":"43e27e138ebf9cfc5966b082cf9a028302ed4184","hash":"1bcc113b47018d7db4e1cd43514165df7795907c"},"C:\\Users\\user\\Documents\\projects\\atomic-react-components\\lib\\components\\molecules\\Form\\index.js":{"path":"C:\\Users\\user\\Documents\\projects\\atomic-react-components\\lib\\components\\molecules\\Form\\index.js","statementMap":{},"fnMap":{},"branchMap":{},"s":{},"f":{},"b":{},"_coverageSchema":"43e27e138ebf9cfc5966b082cf9a028302ed4184","hash":"7200b63c3738a4645e0a6cd5305421144e9060da"},"C:\\Users\\user\\Documents\\projects\\atomic-react-components\\lib\\components\\molecules\\Form\\Form.js":{"path":"C:\\Users\\user\\Documents\\projects\\atomic-react-components\\lib\\components\\molecules\\Form\\Form.js","statementMap":{"0":{"start":{"line":31,"column":14},"end":{"line":37,"column":3}},"1":{"start":{"line":35,"column":4},"end":{"line":35,"column":56}},"2":{"start":{"line":35,"column":29},"end":{"line":35,"column":56}},"3":{"start":{"line":36,"column":4},"end":{"line":36,"column":67}},"4":{"start":{"line":39,"column":20},"end":{"line":39,"column":33}},"5":{"start":{"line":41,"column":17},"end":{"line":41,"column":22}},"6":{"start":{"line":43,"column":17},"end":{"line":43,"column":27}},"7":{"start":{"line":45,"column":22},"end":{"line":45,"column":37}},"8":{"start":{"line":47,"column":18},"end":{"line":47,"column":29}},"9":{"start":{"line":49,"column":20},"end":{"line":49,"column":33}},"10":{"start":{"line":66,"column":8},"end":{"line":66,"column":18}},"11":{"start":{"line":68,"column":4},"end":{"line":85,"column":6}},"12":{"start":{"line":79,"column":10},"end":{"line":82,"column":24}},"13":{"start":{"line":89,"column":0},"end":{"line":99,"column":2}}},"fnMap":{"0":{"name":"(anonymous_0)","decl":{"start":{"line":31,"column":14},"end":{"line":31,"column":15}},"loc":{"start":{"line":34,"column":7},"end":{"line":37,"column":3}},"line":34},"1":{"name":"(anonymous_1)","decl":{"start":{"line":51,"column":2},"end":{"line":51,"column":3}},"loc":{"start":{"line":51,"column":11},"end":{"line":86,"column":3}},"line":51},"2":{"name":"(anonymous_2)","decl":{"start":{"line":78,"column":9},"end":{"line":78,"column":10}},"loc":{"start":{"line":79,"column":10},"end":{"line":82,"column":24}},"line":79}},"branchMap":{"0":{"loc":{"start":{"line":32,"column":4},"end":{"line":32,"column":47}},"type":"default-arg","locations":[{"start":{"line":32,"column":43},"end":{"line":32,"column":47}}],"line":32},"1":{"loc":{"start":{"line":33,"column":4},"end":{"line":33,"column":42}},"type":"default-arg","locations":[{"start":{"line":33,"column":38},"end":{"line":33,"column":42}}],"line":33},"2":{"loc":{"start":{"line":35,"column":4},"end":{"line":35,"column":56}},"type":"if","locations":[{"start":{"line":35,"column":4},"end":{"line":35,"column":56}},{"start":{"line":35,"column":4},"end":{"line":35,"column":56}}],"line":35},"3":{"loc":{"start":{"line":36,"column":11},"end":{"line":36,"column":66}},"type":"cond-expr","locations":[{"start":{"line":36,"column":30},"end":{"line":36,"column":59}},{"start":{"line":36,"column":62},"end":{"line":36,"column":66}}],"line":36},"4":{"loc":{"start":{"line":81,"column":13},"end":{"line":81,"column":31}},"type":"binary-expr","locations":[{"start":{"line":81,"column":13},"end":{"line":81,"column":18}},{"start":{"line":81,"column":22},"end":{"line":81,"column":31}}],"line":81}},"s":{"0":6,"1":7,"2":1,"3":6,"4":1,"5":1,"6":1,"7":1,"8":1,"9":1,"10":6,"11":6,"12":1,"13":1},"f":{"0":7,"1":6,"2":1},"b":{"0":[1],"1":[1],"2":[1,6],"3":[3,3],"4":[1,0]},"_coverageSchema":"43e27e138ebf9cfc5966b082cf9a028302ed4184","hash":"aca92a4683d2e845bef6b9f706979bf97b20c8de"},"C:\\Users\\user\\Documents\\projects\\atomic-react-components\\lib\\core\\utils\\buildValidationSchema.js":{"path":"C:\\Users\\user\\Documents\\projects\\atomic-react-components\\lib\\core\\utils\\buildValidationSchema.js","statementMap":{"0":{"start":{"line":40,"column":27},"end":{"line":53,"column":1}},"1":{"start":{"line":41,"column":15},"end":{"line":41,"column":26}},"2":{"start":{"line":42,"column":25},"end":{"line":42,"column":42}},"3":{"start":{"line":45,"column":2},"end":{"line":50,"column":5}},"4":{"start":{"line":47,"column":6},"end":{"line":47,"column":84}},"5":{"start":{"line":49,"column":4},"end":{"line":49,"column":49}},"6":{"start":{"line":52,"column":2},"end":{"line":52,"column":16}},"7":{"start":{"line":59,"column":27},"end":{"line":74,"column":1}},"8":{"start":{"line":60,"column":17},"end":{"line":60,"column":19}},"9":{"start":{"line":61,"column":2},"end":{"line":73,"column":3}},"10":{"start":{"line":63,"column":25},"end":{"line":63,"column":47}},"11":{"start":{"line":65,"column":4},"end":{"line":68,"column":7}},"12":{"start":{"line":66,"column":20},"end":{"line":66,"column":40}},"13":{"start":{"line":67,"column":6},"end":{"line":67,"column":52}},"14":{"start":{"line":70,"column":4},"end":{"line":70,"column":38}},"15":{"start":{"line":72,"column":4},"end":{"line":72,"column":18}}},"fnMap":{"0":{"name":"(anonymous_0)","decl":{"start":{"line":40,"column":27},"end":{"line":40,"column":28}},"loc":{"start":{"line":40,"column":61},"end":{"line":53,"column":1}},"line":40},"1":{"name":"(anonymous_1)","decl":{"start":{"line":45,"column":25},"end":{"line":45,"column":26}},"loc":{"start":{"line":45,"column":38},"end":{"line":50,"column":3}},"line":45},"2":{"name":"(anonymous_2)","decl":{"start":{"line":59,"column":27},"end":{"line":59,"column":28}},"loc":{"start":{"line":59,"column":50},"end":{"line":74,"column":1}},"line":59},"3":{"name":"(anonymous_3)","decl":{"start":{"line":65,"column":25},"end":{"line":65,"column":26}},"loc":{"start":{"line":65,"column":38},"end":{"line":68,"column":5}},"line":65}},"branchMap":{"0":{"loc":{"start":{"line":40,"column":30},"end":{"line":40,"column":45}},"type":"default-arg","locations":[{"start":{"line":40,"column":37},"end":{"line":40,"column":45}}],"line":40},"1":{"loc":{"start":{"line":47,"column":6},"end":{"line":47,"column":84}},"type":"cond-expr","locations":[{"start":{"line":47,"column":44},"end":{"line":47,"column":66}},{"start":{"line":47,"column":69},"end":{"line":47,"column":84}}],"line":47}},"s":{"0":1,"1":6,"2":6,"3":6,"4":15,"5":15,"6":6,"7":1,"8":3,"9":3,"10":3,"11":3,"12":6,"13":6,"14":3,"15":0},"f":{"0":6,"1":15,"2":3,"3":6},"b":{"0":[6],"1":[9,6]},"_coverageSchema":"43e27e138ebf9cfc5966b082cf9a028302ed4184","hash":"f38701d83b08c9a19b28246b06327b590eb2294d"},"C:\\Users\\user\\Documents\\projects\\atomic-react-components\\lib\\core\\utils\\noop.js":{"path":"C:\\Users\\user\\Documents\\projects\\atomic-react-components\\lib\\core\\utils\\noop.js","statementMap":{"0":{"start":{"line":1,"column":20},"end":{"line":1,"column":36}},"1":{"start":{"line":1,"column":26},"end":{"line":1,"column":36}},"2":{"start":{"line":1,"column":32},"end":{"line":1,"column":36}}},"fnMap":{"0":{"name":"(anonymous_0)","decl":{"start":{"line":1,"column":20},"end":{"line":1,"column":21}},"loc":{"start":{"line":1,"column":26},"end":{"line":1,"column":36}},"line":1},"1":{"name":"(anonymous_1)","decl":{"start":{"line":1,"column":26},"end":{"line":1,"column":27}},"loc":{"start":{"line":1,"column":32},"end":{"line":1,"column":36}},"line":1}},"branchMap":{},"s":{"0":2,"1":0,"2":0},"f":{"0":0,"1":0},"b":{},"_coverageSchema":"43e27e138ebf9cfc5966b082cf9a028302ed4184","hash":"7fe8888b6a08776e8a8b2435b7c0681692ec0947"},"C:\\Users\\user\\Documents\\projects\\atomic-react-components\\lib\\components\\molecules\\Form\\Debug\\index.js":{"path":"C:\\Users\\user\\Documents\\projects\\atomic-react-components\\lib\\components\\molecules\\Form\\Debug\\index.js","statementMap":{},"fnMap":{},"branchMap":{},"s":{},"f":{},"b":{},"_coverageSchema":"43e27e138ebf9cfc5966b082cf9a028302ed4184","hash":"a89b7a52bb8b70ee3a7056380fee7247e9863b8a"},"C:\\Users\\user\\Documents\\projects\\atomic-react-components\\lib\\components\\molecules\\Form\\Debug\\Debug.js":{"path":"C:\\Users\\user\\Documents\\projects\\atomic-react-components\\lib\\components\\molecules\\Form\\Debug\\Debug.js","statementMap":{"0":{"start":{"line":4,"column":21},"end":{"line":43,"column":1}},"1":{"start":{"line":5,"column":2},"end":{"line":42,"column":8}},"2":{"start":{"line":31,"column":8},"end":{"line":39,"column":14}}},"fnMap":{"0":{"name":"(anonymous_0)","decl":{"start":{"line":4,"column":21},"end":{"line":4,"column":22}},"loc":{"start":{"line":5,"column":2},"end":{"line":42,"column":8}},"line":5},"1":{"name":"(anonymous_1)","decl":{"start":{"line":30,"column":7},"end":{"line":30,"column":8}},"loc":{"start":{"line":31,"column":8},"end":{"line":39,"column":14}},"line":31}},"branchMap":{},"s":{"0":2,"1":1,"2":0},"f":{"0":1,"1":0},"b":{},"_coverageSchema":"43e27e138ebf9cfc5966b082cf9a028302ed4184","hash":"ad2ba69f370216c3a94a04754e6baf206a48e9c5"},"C:\\Users\\user\\Documents\\projects\\atomic-react-components\\lib\\components\\molecules\\Form\\FieldInput\\index.js":{"path":"C:\\Users\\user\\Documents\\projects\\atomic-react-components\\lib\\components\\molecules\\Form\\FieldInput\\index.js","statementMap":{},"fnMap":{},"branchMap":{},"s":{},"f":{},"b":{},"_coverageSchema":"43e27e138ebf9cfc5966b082cf9a028302ed4184","hash":"9b15871dfc2acb5ec280ccc36aca298da0e44bec"},"C:\\Users\\user\\Documents\\projects\\atomic-react-components\\lib\\components\\molecules\\Form\\FieldSelect\\index.js":{"path":"C:\\Users\\user\\Documents\\projects\\atomic-react-components\\lib\\components\\molecules\\Form\\FieldSelect\\index.js","statementMap":{},"fnMap":{},"branchMap":{},"s":{},"f":{},"b":{},"_coverageSchema":"43e27e138ebf9cfc5966b082cf9a028302ed4184","hash":"819b01b6aa7895e600835571e46bd9613da820e1"},"C:\\Users\\user\\Documents\\projects\\atomic-react-components\\lib\\components\\molecules\\Form\\FieldSelect\\FieldSelect.js":{"path":"C:\\Users\\user\\Documents\\projects\\atomic-react-components\\lib\\components\\molecules\\Form\\FieldSelect\\FieldSelect.js","statementMap":{"0":{"start":{"line":21,"column":20},"end":{"line":52,"column":1}},"1":{"start":{"line":31,"column":2},"end":{"line":51,"column":8}},"2":{"start":{"line":37,"column":33},"end":{"line":37,"column":37}},"3":{"start":{"line":38,"column":8},"end":{"line":47,"column":10}},"4":{"start":{"line":43,"column":14},"end":{"line":43,"column":30}},"5":{"start":{"line":44,"column":14},"end":{"line":44,"column":68}},"6":{"start":{"line":44,"column":50},"end":{"line":44,"column":68}},"7":{"start":{"line":54,"column":0},"end":{"line":58,"column":2}}},"fnMap":{"0":{"name":"(anonymous_0)","decl":{"start":{"line":21,"column":20},"end":{"line":21,"column":21}},"loc":{"start":{"line":31,"column":2},"end":{"line":51,"column":8}},"line":31},"1":{"name":"(anonymous_1)","decl":{"start":{"line":36,"column":7},"end":{"line":36,"column":8}},"loc":{"start":{"line":36,"column":28},"end":{"line":48,"column":7}},"line":36},"2":{"name":"(anonymous_2)","decl":{"start":{"line":42,"column":22},"end":{"line":42,"column":23}},"loc":{"start":{"line":42,"column":27},"end":{"line":45,"column":13}},"line":42}},"branchMap":{"0":{"loc":{"start":{"line":44,"column":14},"end":{"line":44,"column":68}},"type":"if","locations":[{"start":{"line":44,"column":14},"end":{"line":44,"column":68}},{"start":{"line":44,"column":14},"end":{"line":44,"column":68}}],"line":44}},"s":{"0":2,"1":1,"2":0,"3":0,"4":0,"5":0,"6":0,"7":2},"f":{"0":1,"1":0,"2":0},"b":{"0":[0,0]},"_coverageSchema":"43e27e138ebf9cfc5966b082cf9a028302ed4184","hash":"11cbbb2a6eb970c87a6a069cbf661204f8fae097"},"C:\\Users\\user\\Documents\\projects\\atomic-react-components\\lib\\components\\atoms\\Select\\index.js":{"path":"C:\\Users\\user\\Documents\\projects\\atomic-react-components\\lib\\components\\atoms\\Select\\index.js","statementMap":{},"fnMap":{},"branchMap":{},"s":{},"f":{},"b":{},"_coverageSchema":"43e27e138ebf9cfc5966b082cf9a028302ed4184","hash":"43f0081baa42519dfd204df39e1af0f37a01e73b"},"C:\\Users\\user\\Documents\\projects\\atomic-react-components\\lib\\components\\atoms\\Select\\Select.js":{"path":"C:\\Users\\user\\Documents\\projects\\atomic-react-components\\lib\\components\\atoms\\Select\\Select.js","statementMap":{"0":{"start":{"line":18,"column":15},"end":{"line":45,"column":1}},"1":{"start":{"line":29,"column":2},"end":{"line":44,"column":11}},"2":{"start":{"line":40,"column":6},"end":{"line":42,"column":15}},"3":{"start":{"line":47,"column":0},"end":{"line":53,"column":2}}},"fnMap":{"0":{"name":"(anonymous_0)","decl":{"start":{"line":18,"column":15},"end":{"line":18,"column":16}},"loc":{"start":{"line":29,"column":2},"end":{"line":44,"column":11}},"line":29},"1":{"name":"(anonymous_1)","decl":{"start":{"line":39,"column":17},"end":{"line":39,"column":18}},"loc":{"start":{"line":40,"column":6},"end":{"line":42,"column":15}},"line":40}},"branchMap":{"0":{"loc":{"start":{"line":35,"column":18},"end":{"line":35,"column":64}},"type":"binary-expr","locations":[{"start":{"line":35,"column":18},"end":{"line":35,"column":32}},{"start":{"line":35,"column":36},"end":{"line":35,"column":64}}],"line":35},"1":{"loc":{"start":{"line":38,"column":5},"end":{"line":38,"column":59}},"type":"binary-expr","locations":[{"start":{"line":38,"column":5},"end":{"line":38,"column":16}},{"start":{"line":38,"column":20},"end":{"line":38,"column":59}}],"line":38}},"s":{"0":4,"1":3,"2":6,"3":4},"f":{"0":3,"1":6},"b":{"0":[3,1],"1":[3,0]},"_coverageSchema":"43e27e138ebf9cfc5966b082cf9a028302ed4184","hash":"d374183258dc969c4edf787e2873fce4f93fd033"},"C:\\Users\\user\\Documents\\projects\\atomic-react-components\\lib\\components\\atoms\\Select\\Select.style.js":{"path":"C:\\Users\\user\\Documents\\projects\\atomic-react-components\\lib\\components\\atoms\\Select\\Select.style.js","statementMap":{"0":{"start":{"line":3,"column":15},"end":{"line":22,"column":1}},"1":{"start":{"line":5,"column":13},"end":{"line":10,"column":3}},"2":{"start":{"line":14,"column":4},"end":{"line":19,"column":10}},"3":{"start":{"line":21,"column":14},"end":{"line":21,"column":64}}},"fnMap":{"0":{"name":"(anonymous_0)","decl":{"start":{"line":5,"column":4},"end":{"line":5,"column":5}},"loc":{"start":{"line":5,"column":13},"end":{"line":10,"column":3}},"line":5},"1":{"name":"(anonymous_1)","decl":{"start":{"line":13,"column":4},"end":{"line":13,"column":5}},"loc":{"start":{"line":14,"column":4},"end":{"line":19,"column":10}},"line":14},"2":{"name":"(anonymous_2)","decl":{"start":{"line":21,"column":4},"end":{"line":21,"column":5}},"loc":{"start":{"line":21,"column":14},"end":{"line":21,"column":64}},"line":21}},"branchMap":{"0":{"loc":{"start":{"line":14,"column":4},"end":{"line":19,"column":10}},"type":"cond-expr","locations":[{"start":{"line":15,"column":8},"end":{"line":18,"column":5}},{"start":{"line":19,"column":8},"end":{"line":19,"column":10}}],"line":14},"1":{"loc":{"start":{"line":21,"column":14},"end":{"line":21,"column":64}},"type":"cond-expr","locations":[{"start":{"line":21,"column":38},"end":{"line":21,"column":59}},{"start":{"line":21,"column":62},"end":{"line":21,"column":64}}],"line":21}},"s":{"0":4,"1":0,"2":0,"3":0},"f":{"0":0,"1":0,"2":0},"b":{"0":[0,0],"1":[0,0]},"_coverageSchema":"43e27e138ebf9cfc5966b082cf9a028302ed4184","hash":"fc2ba3a300d7bac47318f25ea6f33d50ca9238c2"},"C:\\Users\\user\\Documents\\projects\\atomic-react-components\\lib\\components\\molecules\\Form\\FieldSelect\\FieldSelect.style.js":{"path":"C:\\Users\\user\\Documents\\projects\\atomic-react-components\\lib\\components\\molecules\\Form\\FieldSelect\\FieldSelect.style.js","statementMap":{"0":{"start":{"line":3,"column":15},"end":{"line":10,"column":1}},"1":{"start":{"line":4,"column":28},"end":{"line":4,"column":54}},"2":{"start":{"line":8,"column":30},"end":{"line":8,"column":59}}},"fnMap":{"0":{"name":"(anonymous_0)","decl":{"start":{"line":4,"column":19},"end":{"line":4,"column":20}},"loc":{"start":{"line":4,"column":28},"end":{"line":4,"column":54}},"line":4},"1":{"name":"(anonymous_1)","decl":{"start":{"line":8,"column":21},"end":{"line":8,"column":22}},"loc":{"start":{"line":8,"column":30},"end":{"line":8,"column":59}},"line":8}},"branchMap":{},"s":{"0":2,"1":0,"2":0},"f":{"0":0,"1":0},"b":{},"_coverageSchema":"43e27e138ebf9cfc5966b082cf9a028302ed4184","hash":"c89ed1b9e8afdef61f8f313acecd7d45a4bbcc37"},"C:\\Users\\user\\Documents\\projects\\atomic-react-components\\lib\\components\\molecules\\Form\\FieldTextarea\\index.js":{"path":"C:\\Users\\user\\Documents\\projects\\atomic-react-components\\lib\\components\\molecules\\Form\\FieldTextarea\\index.js","statementMap":{},"fnMap":{},"branchMap":{},"s":{},"f":{},"b":{},"_coverageSchema":"43e27e138ebf9cfc5966b082cf9a028302ed4184","hash":"b5d4160a4ea19091e6a123ac111a67b08eafb14d"},"C:\\Users\\user\\Documents\\projects\\atomic-react-components\\lib\\components\\molecules\\Form\\FieldTextarea\\FieldTextarea.js":{"path":"C:\\Users\\user\\Documents\\projects\\atomic-react-components\\lib\\components\\molecules\\Form\\FieldTextarea\\FieldTextarea.js","statementMap":{"0":{"start":{"line":23,"column":22},"end":{"line":53,"column":1}},"1":{"start":{"line":32,"column":2},"end":{"line":52,"column":8}},"2":{"start":{"line":38,"column":33},"end":{"line":38,"column":37}},"3":{"start":{"line":39,"column":8},"end":{"line":48,"column":10}},"4":{"start":{"line":44,"column":14},"end":{"line":44,"column":30}},"5":{"start":{"line":45,"column":14},"end":{"line":45,"column":68}},"6":{"start":{"line":45,"column":50},"end":{"line":45,"column":68}},"7":{"start":{"line":55,"column":0},"end":{"line":60,"column":2}}},"fnMap":{"0":{"name":"(anonymous_0)","decl":{"start":{"line":23,"column":22},"end":{"line":23,"column":23}},"loc":{"start":{"line":32,"column":2},"end":{"line":52,"column":8}},"line":32},"1":{"name":"(anonymous_1)","decl":{"start":{"line":37,"column":7},"end":{"line":37,"column":8}},"loc":{"start":{"line":37,"column":28},"end":{"line":49,"column":7}},"line":37},"2":{"name":"(anonymous_2)","decl":{"start":{"line":43,"column":22},"end":{"line":43,"column":23}},"loc":{"start":{"line":43,"column":27},"end":{"line":46,"column":13}},"line":43}},"branchMap":{"0":{"loc":{"start":{"line":45,"column":14},"end":{"line":45,"column":68}},"type":"if","locations":[{"start":{"line":45,"column":14},"end":{"line":45,"column":68}},{"start":{"line":45,"column":14},"end":{"line":45,"column":68}}],"line":45}},"s":{"0":2,"1":1,"2":0,"3":0,"4":0,"5":0,"6":0,"7":2},"f":{"0":1,"1":0,"2":0},"b":{"0":[0,0]},"_coverageSchema":"43e27e138ebf9cfc5966b082cf9a028302ed4184","hash":"70472f0900ea4363d98871352af7649edb90803e"},"C:\\Users\\user\\Documents\\projects\\atomic-react-components\\lib\\components\\atoms\\Textarea\\index.js":{"path":"C:\\Users\\user\\Documents\\projects\\atomic-react-components\\lib\\components\\atoms\\Textarea\\index.js","statementMap":{},"fnMap":{},"branchMap":{},"s":{},"f":{},"b":{},"_coverageSchema":"43e27e138ebf9cfc5966b082cf9a028302ed4184","hash":"3b9fc44ac281f5ebed9ff1d3aa4f6df71337c904"},"C:\\Users\\user\\Documents\\projects\\atomic-react-components\\lib\\components\\atoms\\Textarea\\Textarea.js":{"path":"C:\\Users\\user\\Documents\\projects\\atomic-react-components\\lib\\components\\atoms\\Textarea\\Textarea.js","statementMap":{"0":{"start":{"line":22,"column":17},"end":{"line":44,"column":1}},"1":{"start":{"line":33,"column":2},"end":{"line":43,"column":4}},"2":{"start":{"line":46,"column":0},"end":{"line":53,"column":2}}},"fnMap":{"0":{"name":"(anonymous_0)","decl":{"start":{"line":22,"column":17},"end":{"line":22,"column":18}},"loc":{"start":{"line":33,"column":2},"end":{"line":43,"column":4}},"line":33}},"branchMap":{"0":{"loc":{"start":{"line":41,"column":18},"end":{"line":41,"column":66}},"type":"binary-expr","locations":[{"start":{"line":41,"column":18},"end":{"line":41,"column":32}},{"start":{"line":41,"column":36},"end":{"line":41,"column":66}}],"line":41}},"s":{"0":4,"1":3,"2":4},"f":{"0":3},"b":{"0":[3,0]},"_coverageSchema":"43e27e138ebf9cfc5966b082cf9a028302ed4184","hash":"09d463324dbf8cf7821d36298685de091eab1da9"},"C:\\Users\\user\\Documents\\projects\\atomic-react-components\\lib\\components\\atoms\\Textarea\\Textarea.style.js":{"path":"C:\\Users\\user\\Documents\\projects\\atomic-react-components\\lib\\components\\atoms\\Textarea\\Textarea.style.js","statementMap":{"0":{"start":{"line":3,"column":15},"end":{"line":24,"column":1}},"1":{"start":{"line":4,"column":13},"end":{"line":9,"column":3}},"2":{"start":{"line":10,"column":21},"end":{"line":10,"column":43}},"3":{"start":{"line":16,"column":4},"end":{"line":21,"column":10}},"4":{"start":{"line":23,"column":14},"end":{"line":23,"column":64}}},"fnMap":{"0":{"name":"(anonymous_0)","decl":{"start":{"line":4,"column":4},"end":{"line":4,"column":5}},"loc":{"start":{"line":4,"column":13},"end":{"line":9,"column":3}},"line":4},"1":{"name":"(anonymous_1)","decl":{"start":{"line":10,"column":12},"end":{"line":10,"column":13}},"loc":{"start":{"line":10,"column":21},"end":{"line":10,"column":43}},"line":10},"2":{"name":"(anonymous_2)","decl":{"start":{"line":15,"column":4},"end":{"line":15,"column":5}},"loc":{"start":{"line":16,"column":4},"end":{"line":21,"column":10}},"line":16},"3":{"name":"(anonymous_3)","decl":{"start":{"line":23,"column":4},"end":{"line":23,"column":5}},"loc":{"start":{"line":23,"column":14},"end":{"line":23,"column":64}},"line":23}},"branchMap":{"0":{"loc":{"start":{"line":10,"column":21},"end":{"line":10,"column":43}},"type":"binary-expr","locations":[{"start":{"line":10,"column":21},"end":{"line":10,"column":33}},{"start":{"line":10,"column":37},"end":{"line":10,"column":43}}],"line":10},"1":{"loc":{"start":{"line":16,"column":4},"end":{"line":21,"column":10}},"type":"cond-expr","locations":[{"start":{"line":17,"column":8},"end":{"line":20,"column":5}},{"start":{"line":21,"column":8},"end":{"line":21,"column":10}}],"line":16},"2":{"loc":{"start":{"line":23,"column":14},"end":{"line":23,"column":64}},"type":"cond-expr","locations":[{"start":{"line":23,"column":38},"end":{"line":23,"column":59}},{"start":{"line":23,"column":62},"end":{"line":23,"column":64}}],"line":23}},"s":{"0":4,"1":0,"2":0,"3":0,"4":0},"f":{"0":0,"1":0,"2":0,"3":0},"b":{"0":[0,0],"1":[0,0],"2":[0,0]},"_coverageSchema":"43e27e138ebf9cfc5966b082cf9a028302ed4184","hash":"a92a68716f5b66ba1ec86c85660c360b78cef684"},"C:\\Users\\user\\Documents\\projects\\atomic-react-components\\lib\\components\\molecules\\Form\\FieldTextarea\\FieldTextarea.style.js":{"path":"C:\\Users\\user\\Documents\\projects\\atomic-react-components\\lib\\components\\molecules\\Form\\FieldTextarea\\FieldTextarea.style.js","statementMap":{"0":{"start":{"line":3,"column":15},"end":{"line":11,"column":1}},"1":{"start":{"line":4,"column":28},"end":{"line":4,"column":54}},"2":{"start":{"line":9,"column":30},"end":{"line":9,"column":59}}},"fnMap":{"0":{"name":"(anonymous_0)","decl":{"start":{"line":4,"column":19},"end":{"line":4,"column":20}},"loc":{"start":{"line":4,"column":28},"end":{"line":4,"column":54}},"line":4},"1":{"name":"(anonymous_1)","decl":{"start":{"line":9,"column":21},"end":{"line":9,"column":22}},"loc":{"start":{"line":9,"column":30},"end":{"line":9,"column":59}},"line":9}},"branchMap":{},"s":{"0":2,"1":0,"2":0},"f":{"0":0,"1":0},"b":{},"_coverageSchema":"43e27e138ebf9cfc5966b082cf9a028302ed4184","hash":"778327d1e47b82611a4d0a29c642a9de02408597"},"C:\\Users\\user\\Documents\\projects\\atomic-react-components\\lib\\components\\molecules\\Form\\FieldRadioGroup\\index.js":{"path":"C:\\Users\\user\\Documents\\projects\\atomic-react-components\\lib\\components\\molecules\\Form\\FieldRadioGroup\\index.js","statementMap":{},"fnMap":{},"branchMap":{},"s":{},"f":{},"b":{},"_coverageSchema":"43e27e138ebf9cfc5966b082cf9a028302ed4184","hash":"f322654905c3d5ff811193ac154f9042f4fc855c"},"C:\\Users\\user\\Documents\\projects\\atomic-react-components\\lib\\components\\molecules\\Form\\FieldRadioGroup\\FieldRadioGroup.js":{"path":"C:\\Users\\user\\Documents\\projects\\atomic-react-components\\lib\\components\\molecules\\Form\\FieldRadioGroup\\FieldRadioGroup.js","statementMap":{"0":{"start":{"line":22,"column":24},"end":{"line":50,"column":1}},"1":{"start":{"line":23,"column":2},"end":{"line":49,"column":15}},"2":{"start":{"line":25,"column":6},"end":{"line":47,"column":12}},"3":{"start":{"line":27,"column":10},"end":{"line":44,"column":18}},"4":{"start":{"line":29,"column":39},"end":{"line":29,"column":43}},"5":{"start":{"line":30,"column":35},"end":{"line":30,"column":45}},"6":{"start":{"line":31,"column":14},"end":{"line":42,"column":16}},"7":{"start":{"line":36,"column":20},"end":{"line":36,"column":36}},"8":{"start":{"line":37,"column":20},"end":{"line":37,"column":74}},"9":{"start":{"line":37,"column":56},"end":{"line":37,"column":74}},"10":{"start":{"line":52,"column":0},"end":{"line":55,"column":2}}},"fnMap":{"0":{"name":"(anonymous_0)","decl":{"start":{"line":22,"column":24},"end":{"line":22,"column":25}},"loc":{"start":{"line":23,"column":2},"end":{"line":49,"column":15}},"line":23},"1":{"name":"(anonymous_1)","decl":{"start":{"line":24,"column":5},"end":{"line":24,"column":6}},"loc":{"start":{"line":25,"column":6},"end":{"line":47,"column":12}},"line":25},"2":{"name":"(anonymous_2)","decl":{"start":{"line":26,"column":29},"end":{"line":26,"column":30}},"loc":{"start":{"line":27,"column":10},"end":{"line":44,"column":18}},"line":27},"3":{"name":"(anonymous_3)","decl":{"start":{"line":28,"column":13},"end":{"line":28,"column":14}},"loc":{"start":{"line":28,"column":34},"end":{"line":43,"column":13}},"line":28},"4":{"name":"(anonymous_4)","decl":{"start":{"line":35,"column":28},"end":{"line":35,"column":29}},"loc":{"start":{"line":35,"column":33},"end":{"line":38,"column":19}},"line":35}},"branchMap":{"0":{"loc":{"start":{"line":27,"column":22},"end":{"line":27,"column":57}},"type":"binary-expr","locations":[{"start":{"line":27,"column":22},"end":{"line":27,"column":35}},{"start":{"line":27,"column":39},"end":{"line":27,"column":57}}],"line":27},"1":{"loc":{"start":{"line":34,"column":22},"end":{"line":34,"column":57}},"type":"binary-expr","locations":[{"start":{"line":34,"column":22},"end":{"line":34,"column":35}},{"start":{"line":34,"column":39},"end":{"line":34,"column":57}}],"line":34},"2":{"loc":{"start":{"line":37,"column":20},"end":{"line":37,"column":74}},"type":"if","locations":[{"start":{"line":37,"column":20},"end":{"line":37,"column":74}},{"start":{"line":37,"column":20},"end":{"line":37,"column":74}}],"line":37}},"s":{"0":1,"1":0,"2":0,"3":0,"4":0,"5":0,"6":0,"7":0,"8":0,"9":0,"10":1},"f":{"0":0,"1":0,"2":0,"3":0,"4":0},"b":{"0":[0,0],"1":[0,0],"2":[0,0]},"_coverageSchema":"43e27e138ebf9cfc5966b082cf9a028302ed4184","hash":"0a4dfdab540ae447fbe7ffb5562fe4aca695db2f"},"C:\\Users\\user\\Documents\\projects\\atomic-react-components\\lib\\components\\molecules\\InputChoice\\index.js":{"path":"C:\\Users\\user\\Documents\\projects\\atomic-react-components\\lib\\components\\molecules\\InputChoice\\index.js","statementMap":{},"fnMap":{},"branchMap":{},"s":{},"f":{},"b":{},"_coverageSchema":"43e27e138ebf9cfc5966b082cf9a028302ed4184","hash":"0cba481b5a246fafdac4b6c78ded7751c77c33cf"},"C:\\Users\\user\\Documents\\projects\\atomic-react-components\\lib\\components\\molecules\\InputChoice\\InputChoice.js":{"path":"C:\\Users\\user\\Documents\\projects\\atomic-react-components\\lib\\components\\molecules\\InputChoice\\InputChoice.js","statementMap":{"0":{"start":{"line":22,"column":20},"end":{"line":52,"column":1}},"1":{"start":{"line":35,"column":2},"end":{"line":51,"column":10}},"2":{"start":{"line":54,"column":0},"end":{"line":62,"column":2}}},"fnMap":{"0":{"name":"(anonymous_0)","decl":{"start":{"line":22,"column":20},"end":{"line":22,"column":21}},"loc":{"start":{"line":35,"column":2},"end":{"line":51,"column":10}},"line":35}},"branchMap":{"0":{"loc":{"start":{"line":50,"column":10},"end":{"line":50,"column":27}},"type":"binary-expr","locations":[{"start":{"line":50,"column":10},"end":{"line":50,"column":18}},{"start":{"line":50,"column":22},"end":{"line":50,"column":27}}],"line":50}},"s":{"0":2,"1":7,"2":2},"f":{"0":7},"b":{"0":[7,7]},"_coverageSchema":"43e27e138ebf9cfc5966b082cf9a028302ed4184","hash":"7d3aa9b24db659da11b1b15266f873aa11ccf188"},"C:\\Users\\user\\Documents\\projects\\atomic-react-components\\lib\\components\\molecules\\InputChoice\\InputChoice.style.js":{"path":"C:\\Users\\user\\Documents\\projects\\atomic-react-components\\lib\\components\\molecules\\InputChoice\\InputChoice.style.js","statementMap":{"0":{"start":{"line":3,"column":15},"end":{"line":68,"column":1}},"1":{"start":{"line":4,"column":14},"end":{"line":4,"column":71}},"2":{"start":{"line":10,"column":15},"end":{"line":10,"column":47}},"3":{"start":{"line":11,"column":16},"end":{"line":11,"column":71}},"4":{"start":{"line":12,"column":15},"end":{"line":12,"column":46}},"5":{"start":{"line":13,"column":15},"end":{"line":13,"column":71}},"6":{"start":{"line":20,"column":17},"end":{"line":20,"column":48}},"7":{"start":{"line":27,"column":8},"end":{"line":33,"column":7}},"8":{"start":{"line":36,"column":8},"end":{"line":39,"column":7}},"9":{"start":{"line":44,"column":6},"end":{"line":44,"column":90}},"10":{"start":{"line":48,"column":8},"end":{"line":50,"column":11}},"11":{"start":{"line":55,"column":4},"end":{"line":67,"column":3}}},"fnMap":{"0":{"name":"(anonymous_0)","decl":{"start":{"line":4,"column":4},"end":{"line":4,"column":5}},"loc":{"start":{"line":4,"column":14},"end":{"line":4,"column":71}},"line":4},"1":{"name":"(anonymous_1)","decl":{"start":{"line":10,"column":6},"end":{"line":10,"column":7}},"loc":{"start":{"line":10,"column":15},"end":{"line":10,"column":47}},"line":10},"2":{"name":"(anonymous_2)","decl":{"start":{"line":11,"column":6},"end":{"line":11,"column":7}},"loc":{"start":{"line":11,"column":16},"end":{"line":11,"column":71}},"line":11},"3":{"name":"(anonymous_3)","decl":{"start":{"line":12,"column":6},"end":{"line":12,"column":7}},"loc":{"start":{"line":12,"column":15},"end":{"line":12,"column":46}},"line":12},"4":{"name":"(anonymous_4)","decl":{"start":{"line":13,"column":6},"end":{"line":13,"column":7}},"loc":{"start":{"line":13,"column":15},"end":{"line":13,"column":71}},"line":13},"5":{"name":"(anonymous_5)","decl":{"start":{"line":20,"column":8},"end":{"line":20,"column":9}},"loc":{"start":{"line":20,"column":17},"end":{"line":20,"column":48}},"line":20},"6":{"name":"(anonymous_6)","decl":{"start":{"line":26,"column":8},"end":{"line":26,"column":9}},"loc":{"start":{"line":27,"column":8},"end":{"line":33,"column":7}},"line":27},"7":{"name":"(anonymous_7)","decl":{"start":{"line":35,"column":8},"end":{"line":35,"column":9}},"loc":{"start":{"line":36,"column":8},"end":{"line":39,"column":7}},"line":36},"8":{"name":"(anonymous_8)","decl":{"start":{"line":43,"column":6},"end":{"line":43,"column":7}},"loc":{"start":{"line":44,"column":6},"end":{"line":44,"column":90}},"line":44},"9":{"name":"(anonymous_9)","decl":{"start":{"line":47,"column":8},"end":{"line":47,"column":9}},"loc":{"start":{"line":48,"column":8},"end":{"line":50,"column":11}},"line":48},"10":{"name":"(anonymous_10)","decl":{"start":{"line":54,"column":4},"end":{"line":54,"column":5}},"loc":{"start":{"line":55,"column":4},"end":{"line":67,"column":3}},"line":55}},"branchMap":{"0":{"loc":{"start":{"line":4,"column":14},"end":{"line":4,"column":71}},"type":"cond-expr","locations":[{"start":{"line":4,"column":31},"end":{"line":4,"column":50}},{"start":{"line":4,"column":53},"end":{"line":4,"column":71}}],"line":4},"1":{"loc":{"start":{"line":11,"column":16},"end":{"line":11,"column":71}},"type":"cond-expr","locations":[{"start":{"line":11,"column":33},"end":{"line":11,"column":66}},{"start":{"line":11,"column":69},"end":{"line":11,"column":71}}],"line":11},"2":{"loc":{"start":{"line":13,"column":15},"end":{"line":13,"column":71}},"type":"binary-expr","locations":[{"start":{"line":13,"column":15},"end":{"line":13,"column":37}},{"start":{"line":13,"column":41},"end":{"line":13,"column":71}}],"line":13},"3":{"loc":{"start":{"line":27,"column":8},"end":{"line":33,"column":7}},"type":"binary-expr","locations":[{"start":{"line":27,"column":8},"end":{"line":27,"column":33}},{"start":{"line":28,"column":8},"end":{"line":33,"column":7}}],"line":27},"4":{"loc":{"start":{"line":36,"column":8},"end":{"line":39,"column":7}},"type":"binary-expr","locations":[{"start":{"line":36,"column":8},"end":{"line":36,"column":30}},{"start":{"line":37,"column":8},"end":{"line":39,"column":7}}],"line":36},"5":{"loc":{"start":{"line":44,"column":6},"end":{"line":44,"column":90}},"type":"cond-expr","locations":[{"start":{"line":44,"column":23},"end":{"line":44,"column":56}},{"start":{"line":44,"column":59},"end":{"line":44,"column":90}}],"line":44},"6":{"loc":{"start":{"line":49,"column":10},"end":{"line":49,"column":92}},"type":"cond-expr","locations":[{"start":{"line":49,"column":27},"end":{"line":49,"column":58}},{"start":{"line":49,"column":61},"end":{"line":49,"column":92}}],"line":49},"7":{"loc":{"start":{"line":55,"column":4},"end":{"line":67,"column":3}},"type":"cond-expr","locations":[{"start":{"line":56,"column":8},"end":{"line":62,"column":3}},{"start":{"line":63,"column":8},"end":{"line":67,"column":3}}],"line":55}},"s":{"0":2,"1":0,"2":0,"3":0,"4":0,"5":0,"6":0,"7":0,"8":0,"9":0,"10":0,"11":0},"f":{"0":0,"1":0,"2":0,"3":0,"4":0,"5":0,"6":0,"7":0,"8":0,"9":0,"10":0},"b":{"0":[0,0],"1":[0,0],"2":[0,0],"3":[0,0],"4":[0,0],"5":[0,0],"6":[0,0],"7":[0,0]},"_coverageSchema":"43e27e138ebf9cfc5966b082cf9a028302ed4184","hash":"f0a0d80f66de18780295fb7a4d69bb456e9d0e3d"},"C:\\Users\\user\\Documents\\projects\\atomic-react-components\\lib\\components\\molecules\\Form\\FieldRadioGroup\\FieldRadioGroup.style.js":{"path":"C:\\Users\\user\\Documents\\projects\\atomic-react-components\\lib\\components\\molecules\\Form\\FieldRadioGroup\\FieldRadioGroup.style.js","statementMap":{"0":{"start":{"line":3,"column":15},"end":{"line":5,"column":1}},"1":{"start":{"line":4,"column":28},"end":{"line":4,"column":54}}},"fnMap":{"0":{"name":"(anonymous_0)","decl":{"start":{"line":4,"column":19},"end":{"line":4,"column":20}},"loc":{"start":{"line":4,"column":28},"end":{"line":4,"column":54}},"line":4}},"branchMap":{},"s":{"0":1,"1":0},"f":{"0":0},"b":{},"_coverageSchema":"43e27e138ebf9cfc5966b082cf9a028302ed4184","hash":"9315407f8dabfb5cd6bc16fb3ff5a69fa9089fdf"},"C:\\Users\\user\\Documents\\projects\\atomic-react-components\\lib\\components\\molecules\\Form\\FieldCheckbox\\index.js":{"path":"C:\\Users\\user\\Documents\\projects\\atomic-react-components\\lib\\components\\molecules\\Form\\FieldCheckbox\\index.js","statementMap":{},"fnMap":{},"branchMap":{},"s":{},"f":{},"b":{},"_coverageSchema":"43e27e138ebf9cfc5966b082cf9a028302ed4184","hash":"5c34f744dda023dbe4b48d452a7c6f273d204392"},"C:\\Users\\user\\Documents\\projects\\atomic-react-components\\lib\\components\\molecules\\Form\\FieldCheckbox\\FieldCheckbox.js":{"path":"C:\\Users\\user\\Documents\\projects\\atomic-react-components\\lib\\components\\molecules\\Form\\FieldCheckbox\\FieldCheckbox.js","statementMap":{"0":{"start":{"line":17,"column":22},"end":{"line":38,"column":1}},"1":{"start":{"line":18,"column":2},"end":{"line":37,"column":8}},"2":{"start":{"line":21,"column":33},"end":{"line":21,"column":37}},"3":{"start":{"line":22,"column":8},"end":{"line":33,"column":10}},"4":{"start":{"line":29,"column":14},"end":{"line":29,"column":30}},"5":{"start":{"line":30,"column":14},"end":{"line":30,"column":68}},"6":{"start":{"line":30,"column":50},"end":{"line":30,"column":68}},"7":{"start":{"line":40,"column":0},"end":{"line":44,"column":2}}},"fnMap":{"0":{"name":"(anonymous_0)","decl":{"start":{"line":17,"column":22},"end":{"line":17,"column":23}},"loc":{"start":{"line":18,"column":2},"end":{"line":37,"column":8}},"line":18},"1":{"name":"(anonymous_1)","decl":{"start":{"line":20,"column":7},"end":{"line":20,"column":8}},"loc":{"start":{"line":20,"column":28},"end":{"line":34,"column":7}},"line":20},"2":{"name":"(anonymous_2)","decl":{"start":{"line":28,"column":22},"end":{"line":28,"column":23}},"loc":{"start":{"line":28,"column":27},"end":{"line":31,"column":13}},"line":28}},"branchMap":{"0":{"loc":{"start":{"line":25,"column":16},"end":{"line":25,"column":26}},"type":"binary-expr","locations":[{"start":{"line":25,"column":16},"end":{"line":25,"column":18}},{"start":{"line":25,"column":22},"end":{"line":25,"column":26}}],"line":25},"1":{"loc":{"start":{"line":30,"column":14},"end":{"line":30,"column":68}},"type":"if","locations":[{"start":{"line":30,"column":14},"end":{"line":30,"column":68}},{"start":{"line":30,"column":14},"end":{"line":30,"column":68}}],"line":30}},"s":{"0":1,"1":0,"2":0,"3":0,"4":0,"5":0,"6":0,"7":1},"f":{"0":0,"1":0,"2":0},"b":{"0":[0,0],"1":[0,0]},"_coverageSchema":"43e27e138ebf9cfc5966b082cf9a028302ed4184","hash":"91cfb5206ad7690d085bb873f5b5f7c466ac8f40"},"C:\\Users\\user\\Documents\\projects\\atomic-react-components\\lib\\components\\molecules\\Form\\FieldCheckbox\\FieldCheckbox.style.js":{"path":"C:\\Users\\user\\Documents\\projects\\atomic-react-components\\lib\\components\\molecules\\Form\\FieldCheckbox\\FieldCheckbox.style.js","statementMap":{"0":{"start":{"line":3,"column":15},"end":{"line":5,"column":1}}},"fnMap":{},"branchMap":{},"s":{"0":1},"f":{},"b":{},"_coverageSchema":"43e27e138ebf9cfc5966b082cf9a028302ed4184","hash":"1b7365c1a66bc524c39df0a8c12e873afcb53352"},"C:\\Users\\user\\Documents\\projects\\atomic-react-components\\lib\\components\\atoms\\Button\\index.js":{"path":"C:\\Users\\user\\Documents\\projects\\atomic-react-components\\lib\\components\\atoms\\Button\\index.js","statementMap":{},"fnMap":{},"branchMap":{},"s":{},"f":{},"b":{},"_coverageSchema":"43e27e138ebf9cfc5966b082cf9a028302ed4184","hash":"5f76f9b485592a8127eea7a014b1558a4bd32ebb"},"C:\\Users\\user\\Documents\\projects\\atomic-react-components\\lib\\components\\atoms\\Button\\Button.js":{"path":"C:\\Users\\user\\Documents\\projects\\atomic-react-components\\lib\\components\\atoms\\Button\\Button.js","statementMap":{"0":{"start":{"line":22,"column":15},"end":{"line":45,"column":1}},"1":{"start":{"line":35,"column":2},"end":{"line":44,"column":11}},"2":{"start":{"line":47,"column":0},"end":{"line":57,"column":2}}},"fnMap":{"0":{"name":"(anonymous_0)","decl":{"start":{"line":22,"column":15},"end":{"line":22,"column":16}},"loc":{"start":{"line":35,"column":2},"end":{"line":44,"column":11}},"line":35}},"branchMap":{"0":{"loc":{"start":{"line":36,"column":16},"end":{"line":36,"column":33}},"type":"binary-expr","locations":[{"start":{"line":36,"column":16},"end":{"line":36,"column":25}},{"start":{"line":36,"column":29},"end":{"line":36,"column":33}}],"line":36},"1":{"loc":{"start":{"line":40,"column":18},"end":{"line":40,"column":86}},"type":"binary-expr","locations":[{"start":{"line":40,"column":18},"end":{"line":40,"column":32}},{"start":{"line":40,"column":36},"end":{"line":40,"column":86}}],"line":40}},"s":{"0":3,"1":10,"2":3},"f":{"0":10},"b":{"0":[10,9],"1":[10,9]},"_coverageSchema":"43e27e138ebf9cfc5966b082cf9a028302ed4184","hash":"d67c7860e6a1bb1e79a97c8f6ad829049c20e129"},"C:\\Users\\user\\Documents\\projects\\atomic-react-components\\lib\\components\\atoms\\Button\\Button.style.js":{"path":"C:\\Users\\user\\Documents\\projects\\atomic-react-components\\lib\\components\\atoms\\Button\\Button.style.js","statementMap":{"0":{"start":{"line":3,"column":21},"end":{"line":29,"column":1}},"1":{"start":{"line":8,"column":22},"end":{"line":8,"column":64}},"2":{"start":{"line":9,"column":13},"end":{"line":13,"column":3}},"3":{"start":{"line":14,"column":13},"end":{"line":14,"column":69}},"4":{"start":{"line":16,"column":4},"end":{"line":21,"column":10}},"5":{"start":{"line":22,"column":13},"end"
[...]
oms\\Image\\Image.style.js","statementMap":{"0":{"start":{"line":3,"column":20},"end":{"line":7,"column":1}},"1":{"start":{"line":6,"column":14},"end":{"line":6,"column":64}}},"fnMap":{"0":{"name":"(anonymous_0)","decl":{"start":{"line":6,"column":4},"end":{"line":6,"column":5}},"loc":{"start":{"line":6,"column":14},"end":{"line":6,"column":64}},"line":6}},"branchMap":{"0":{"loc":{"start":{"line":6,"column":14},"end":{"line":6,"column":64}},"type":"cond-expr","locations":[{"start":{"line":6,"column":38},"end":{"line":6,"column":59}},{"start":{"line":6,"column":62},"end":{"line":6,"column":64}}],"line":6}},"s":{"0":3,"1":0},"f":{"0":0},"b":{"0":[0,0]},"_coverageSchema":"43e27e138ebf9cfc5966b082cf9a028302ed4184","hash":"f6b5dfe3892da0430ff41381bc6d7d750b142f9a"},"C:\\Users\\user\\Documents\\projects\\atomic-react-components\\lib\\components\\molecules\\Popover\\index.js":{"path":"C:\\Users\\user\\Documents\\projects\\atomic-react-components\\lib\\components\\molecules\\Popover\\index.js","statementMap":{},"fnMap":{},"branchMap":{},"s":{},"f":{},"b":{},"_coverageSchema":"43e27e138ebf9cfc5966b082cf9a028302ed4184","hash":"6dbe6b80006c10e12119e78d67e156b32c8cb343"},"C:\\Users\\user\\Documents\\projects\\atomic-react-components\\lib\\components\\molecules\\Popover\\Popover.js":{"path":"C:\\Users\\user\\Documents\\projects\\atomic-react-components\\lib\\components\\molecules\\Popover\\Popover.js","statementMap":{"0":{"start":{"line":20,"column":51},"end":{"line":20,"column":62}},"1":{"start":{"line":23,"column":4},"end":{"line":23,"column":17}},"2":{"start":{"line":28,"column":4},"end":{"line":28,"column":40}},"3":{"start":{"line":37,"column":4},"end":{"line":37,"column":75}},"4":{"start":{"line":39,"column":26},"end":{"line":39,"column":36}},"5":{"start":{"line":40,"column":4},"end":{"line":44,"column":5}},"6":{"start":{"line":41,"column":6},"end":{"line":43,"column":9}},"7":{"start":{"line":52,"column":4},"end":{"line":52,"column":78}},"8":{"start":{"line":61,"column":23},"end":{"line":73,"column":3}},"9":{"start":{"line":62,"column":15},"end":{"line":62,"column":23}},"10":{"start":{"line":63,"column":4},"end":{"line":72,"column":5}},"11":{"start":{"line":69,"column":6},"end":{"line":71,"column":9}},"12":{"start":{"line":80,"column":16},"end":{"line":84,"column":3}},"13":{"start":{"line":81,"column":4},"end":{"line":83,"column":7}},"14":{"start":{"line":91,"column":10},"end":{"line":95,"column":3}},"15":{"start":{"line":92,"column":4},"end":{"line":94,"column":7}},"16":{"start":{"line":98,"column":81},"end":{"line":98,"column":91}},"17":{"start":{"line":99,"column":28},"end":{"line":99,"column":38}},"18":{"start":{"line":106,"column":20},"end":{"line":106,"column":89}},"19":{"start":{"line":108,"column":4},"end":{"line":127,"column":6}},"20":{"start":{"line":131,"column":0},"end":{"line":134,"column":2}}},"fnMap":{"0":{"name":"(anonymous_0)","decl":{"start":{"line":22,"column":2},"end":{"line":22,"column":3}},"loc":{"start":{"line":22,"column":21},"end":{"line":29,"column":3}},"line":22},"1":{"name":"(anonymous_1)","decl":{"start":{"line":36,"column":2},"end":{"line":36,"column":3}},"loc":{"start":{"line":36,"column":22},"end":{"line":45,"column":3}},"line":36},"2":{"name":"(anonymous_2)","decl":{"start":{"line":51,"column":2},"end":{"line":51,"column":3}},"loc":{"start":{"line":51,"column":25},"end":{"line":53,"column":3}},"line":51},"3":{"name":"(anonymous_3)","decl":{"start":{"line":61,"column":23},"end":{"line":61,"column":24}},"loc":{"start":{"line":61,"column":42},"end":{"line":73,"column":3}},"line":61},"4":{"name":"(anonymous_4)","decl":{"start":{"line":80,"column":16},"end":{"line":80,"column":17}},"loc":{"start":{"line":80,"column":22},"end":{"line":84,"column":3}},"line":80},"5":{"name":"(anonymous_5)","decl":{"start":{"line":91,"column":10},"end":{"line":91,"column":11}},"loc":{"start":{"line":91,"column":16},"end":{"line":95,"column":3}},"line":91},"6":{"name":"(anonymous_6)","decl":{"start":{"line":97,"column":2},"end":{"line":97,"column":3}},"loc":{"start":{"line":97,"column":11},"end":{"line":128,"column":3}},"line":97}},"branchMap":{"0":{"loc":{"start":{"line":40,"column":4},"end":{"line":44,"column":5}},"type":"if","locations":[{"start":{"line":40,"column":4},"end":{"line":44,"column":5}},{"start":{"line":40,"column":4},"end":{"line":44,"column":5}}],"line":40},"1":{"loc":{"start":{"line":63,"column":4},"end":{"line":72,"column":5}},"type":"if","locations":[{"start":{"line":63,"column":4},"end":{"line":72,"column":5}},{"start":{"line":63,"column":4},"end":{"line":72,"column":5}}],"line":63},"2":{"loc":{"start":{"line":64,"column":6},"end":{"line":67,"column":43}},"type":"binary-expr","locations":[{"start":{"line":64,"column":6},"end":{"line":64,"column":21}},{"start":{"line":65,"column":6},"end":{"line":65,"column":29}},{"start":{"line":66,"column":6},"end":{"line":66,"column":24}},{"start":{"line":67,"column":6},"end":{"line":67,"column":43}}],"line":64},"3":{"loc":{"start":{"line":106,"column":20},"end":{"line":106,"column":89}},"type":"binary-expr","locations":[{"start":{"line":106,"column":20},"end":{"line":106,"column":27}},{"start":{"line":106,"column":31},"end":{"line":106,"column":89}}],"line":106},"4":{"loc":{"start":{"line":115,"column":9},"end":{"line":125,"column":9}},"type":"binary-expr","locations":[{"start":{"line":115,"column":9},"end":{"line":115,"column":20}},{"start":{"line":116,"column":10},"end":{"line":124,"column":16}}],"line":115},"5":{"loc":{"start":{"line":117,"column":13},"end":{"line":121,"column":13}},"type":"binary-expr","locations":[{"start":{"line":117,"column":13},"end":{"line":117,"column":33}},{"start":{"line":118,"column":14},"end":{"line":120,"column":23}}],"line":117},"6":{"loc":{"start":{"line":122,"column":13},"end":{"line":122,"column":82}},"type":"binary-expr","locations":[{"start":{"line":122,"column":13},"end":{"line":122,"column":26}},{"start":{"line":122,"column":30},"end":{"line":122,"column":82}}],"line":122}},"s":{"0":5,"1":5,"2":5,"3":5,"4":5,"5":5,"6":2,"7":0,"8":5,"9":0,"10":0,"11":0,"12":5,"13":1,"14":5,"15":1,"16":9,"17":9,"18":9,"19":9,"20":1},"f":{"0":5,"1":5,"2":0,"3":0,"4":1,"5":1,"6":9},"b":{"0":[2,3],"1":[0,0],"2":[0,0,0,0],"3":[9,8],"4":[9,3],"5":[3,3],"6":[3,3]},"_coverageSchema":"43e27e138ebf9cfc5966b082cf9a028302ed4184","hash":"973df9245b03e0c10f16e77e2ac61102347a4b61"},"C:\\Users\\user\\Documents\\projects\\atomic-react-components\\lib\\components\\molecules\\Popover\\Popover.style.js":{"path":"C:\\Users\\user\\Documents\\projects\\atomic-react-components\\lib\\components\\molecules\\Popover\\Popover.style.js","statementMap":{"0":{"start":{"line":14,"column":14},"end":{"line":14,"column":64}}},"fnMap":{"0":{"name":"(anonymous_0)","decl":{"start":{"line":14,"column":4},"end":{"line":14,"column":5}},"loc":{"start":{"line":14,"column":14},"end":{"line":14,"column":64}},"line":14}},"branchMap":{"0":{"loc":{"start":{"line":14,"column":14},"end":{"line":14,"column":64}},"type":"cond-expr","locations":[{"start":{"line":14,"column":38},"end":{"line":14,"column":59}},{"start":{"line":14,"column":62},"end":{"line":14,"column":64}}],"line":14}},"s":{"0":0},"f":{"0":0},"b":{"0":[0,0]},"_coverageSchema":"43e27e138ebf9cfc5966b082cf9a028302ed4184","hash":"b650cf11e32bdff7b84280ca353f36d694cfc1cb"},"C:\\Users\\user\\Documents\\projects\\atomic-react-components\\lib\\components\\molecules\\ArticleThumbnail\\index.js":{"path":"C:\\Users\\user\\Documents\\projects\\atomic-react-components\\lib\\components\\molecules\\ArticleThumbnail\\index.js","statementMap":{},"fnMap":{},"branchMap":{},"s":{},"f":{},"b":{},"_coverageSchema":"43e27e138ebf9cfc5966b082cf9a028302ed4184","hash":"3bdc669d2046c4506970f12be90b7a0e60e34bda"},"C:\\Users\\user\\Documents\\projects\\atomic-react-components\\lib\\components\\molecules\\ArticleThumbnail\\ArticleThumbnail.js":{"path":"C:\\Users\\user\\Documents\\projects\\atomic-react-components\\lib\\components\\molecules\\ArticleThumbnail\\ArticleThumbnail.js","statementMap":{"0":{"start":{"line":15,"column":25},"end":{"line":15,"column":96}},"1":{"start":{"line":15,"column":52},"end":{"line":15,"column":96}},"2":{"start":{"line":17,"column":25},"end":{"line":38,"column":1}},"3":{"start":{"line":24,"column":19},"end":{"line":24,"column":39}},"4":{"start":{"line":25,"column":2},"end":{"line":27,"column":3}},"5":{"start":{"line":26,"column":4},"end":{"line":26,"column":59}},"6":{"start":{"line":28,"column":2},"end":{"line":31,"column":3}},"7":{"start":{"line":29,"column":25},"end":{"line":29,"column":71}},"8":{"start":{"line":30,"column":4},"end":{"line":30,"column":94}},"9":{"start":{"line":33,"column":2},"end":{"line":37,"column":4}},"10":{"start":{"line":40,"column":0},"end":{"line":42,"column":2}}},"fnMap":{"0":{"name":"(anonymous_0)","decl":{"start":{"line":15,"column":25},"end":{"line":15,"column":26}},"loc":{"start":{"line":15,"column":52},"end":{"line":15,"column":96}},"line":15},"1":{"name":"(anonymous_1)","decl":{"start":{"line":17,"column":25},"end":{"line":17,"column":26}},"loc":{"start":{"line":23,"column":19},"end":{"line":38,"column":1}},"line":23}},"branchMap":{"0":{"loc":{"start":{"line":25,"column":2},"end":{"line":27,"column":3}},"type":"if","locations":[{"start":{"line":25,"column":2},"end":{"line":27,"column":3}},{"start":{"line":25,"column":2},"end":{"line":27,"column":3}}],"line":25},"1":{"loc":{"start":{"line":25,"column":6},"end":{"line":25,"column":36}},"type":"binary-expr","locations":[{"start":{"line":25,"column":6},"end":{"line":25,"column":21}},{"start":{"line":25,"column":25},"end":{"line":25,"column":36}}],"line":25},"2":{"loc":{"start":{"line":28,"column":2},"end":{"line":31,"column":3}},"type":"if","locations":[{"start":{"line":28,"column":2},"end":{"line":31,"column":3}},{"start":{"line":28,"column":2},"end":{"line":31,"column":3}}],"line":28}},"s":{"0":1,"1":3,"2":1,"3":2,"4":2,"5":1,"6":2,"7":1,"8":1,"9":1,"10":1},"f":{"0":3,"1":2},"b":{"0":[1,1],"1":[2,1],"2":[1,1]},"_coverageSchema":"43e27e138ebf9cfc5966b082cf9a028302ed4184","hash":"3cf4689639af7983c5ba08c6baf1b8c8be0794cb"},"C:\\Users\\user\\Documents\\projects\\atomic-react-components\\lib\\components\\molecules\\ArticleThumbnail\\ArticleThumbnail.style.js":{"path":"C:\\Users\\user\\Documents\\projects\\atomic-react-components\\lib\\components\\molecules\\ArticleThumbnail\\ArticleThumbnail.style.js","statementMap":{"0":{"start":{"line":3,"column":15},"end":{"line":8,"column":1}}},"fnMap":{},"branchMap":{},"s":{"0":1},"f":{},"b":{},"_coverageSchema":"43e27e138ebf9cfc5966b082cf9a028302ed4184","hash":"0c9885bcf56fdfbb73171efe5f502d8aa58baf67"},"C:\\Users\\user\\Documents\\projects\\atomic-react-components\\lib\\components\\molecules\\Modal\\Modal.js":{"path":"C:\\Users\\user\\Documents\\projects\\atomic-react-components\\lib\\components\\molecules\\Modal\\Modal.js","statementMap":{"0":{"start":{"line":54,"column":14},"end":{"line":102,"column":1}},"1":{"start":{"line":78,"column":2},"end":{"line":101,"column":4}},"2":{"start":{"line":104,"column":0},"end":{"line":125,"column":2}},"3":{"start":{"line":121,"column":24},"end":{"line":121,"column":49}}},"fnMap":{"0":{"name":"(anonymous_0)","decl":{"start":{"line":54,"column":14},"end":{"line":54,"column":15}},"loc":{"start":{"line":78,"column":2},"end":{"line":101,"column":4}},"line":78},"1":{"name":"(anonymous_1)","decl":{"start":{"line":121,"column":18},"end":{"line":121,"column":19}},"loc":{"start":{"line":121,"column":24},"end":{"line":121,"column":49}},"line":121}},"branchMap":{"0":{"loc":{"start":{"line":121,"column":24},"end":{"line":121,"column":49}},"type":"binary-expr","locations":[{"start":{"line":121,"column":24},"end":{"line":121,"column":32}},{"start":{"line":121,"column":36},"end":{"line":121,"column":49}}],"line":121}},"s":{"0":1,"1":1,"2":1,"3":0},"f":{"0":1,"1":0},"b":{"0":[0,0]},"_coverageSchema":"43e27e138ebf9cfc5966b082cf9a028302ed4184","hash":"35c5eaa405d7b59d0348a269fea6e0c82bf084fb"},"C:\\Users\\user\\Documents\\projects\\atomic-react-components\\lib\\components\\molecules\\Modal\\Modal.style.js":{"path":"C:\\Users\\user\\Documents\\projects\\atomic-react-components\\lib\\components\\molecules\\Modal\\Modal.style.js","statementMap":{"0":{"start":{"line":3,"column":15},"end":{"line":5,"column":1}},"1":{"start":{"line":4,"column":14},"end":{"line":4,"column":64}}},"fnMap":{"0":{"name":"(anonymous_0)","decl":{"start":{"line":4,"column":4},"end":{"line":4,"column":5}},"loc":{"start":{"line":4,"column":14},"end":{"line":4,"column":64}},"line":4}},"branchMap":{"0":{"loc":{"start":{"line":4,"column":14},"end":{"line":4,"column":64}},"type":"cond-expr","locations":[{"start":{"line":4,"column":38},"end":{"line":4,"column":59}},{"start":{"line":4,"column":62},"end":{"line":4,"column":64}}],"line":4}},"s":{"0":1,"1":0},"f":{"0":0},"b":{"0":[0,0]},"_coverageSchema":"43e27e138ebf9cfc5966b082cf9a028302ed4184","hash":"9c00124fc372101c7fa509ceaedfead05bdbb1aa"},"C:\\Users\\user\\Documents\\projects\\atomic-react-components\\lib\\components\\atoms\\Heading\\index.js":{"path":"C:\\Users\\user\\Documents\\projects\\atomic-react-components\\lib\\components\\atoms\\Heading\\index.js","statementMap":{},"fnMap":{},"branchMap":{},"s":{},"f":{},"b":{},"_coverageSchema":"43e27e138ebf9cfc5966b082cf9a028302ed4184","hash":"6661155b842bb3a0a8259012eff8364071aaeeca"},"C:\\Users\\user\\Documents\\projects\\atomic-react-components\\lib\\components\\atoms\\Heading\\Heading.js":{"path":"C:\\Users\\user\\Documents\\projects\\atomic-react-components\\lib\\components\\atoms\\Heading\\Heading.js","statementMap":{"0":{"start":{"line":17,"column":16},"end":{"line":32,"column":1}},"1":{"start":{"line":25,"column":2},"end":{"line":31,"column":16}},"2":{"start":{"line":34,"column":0},"end":{"line":38,"column":2}}},"fnMap":{"0":{"name":"(anonymous_0)","decl":{"start":{"line":17,"column":16},"end":{"line":17,"column":17}},"loc":{"start":{"line":25,"column":2},"end":{"line":31,"column":16}},"line":25}},"branchMap":{"0":{"loc":{"start":{"line":20,"column":2},"end":{"line":20,"column":20}},"type":"default-arg","locations":[{"start":{"line":20,"column":16},"end":{"line":20,"column":20}}],"line":20},"1":{"loc":{"start":{"line":27,"column":18},"end":{"line":27,"column":94}},"type":"binary-expr","locations":[{"start":{"line":27,"column":18},"end":{"line":27,"column":32}},{"start":{"line":27,"column":36},"end":{"line":27,"column":94}}],"line":27}},"s":{"0":1,"1":3,"2":1},"f":{"0":3},"b":{"0":[0],"1":[3,2]},"_coverageSchema":"43e27e138ebf9cfc5966b082cf9a028302ed4184","hash":"63dff9d4f77ae5e5bf94193cc85374c744d321b4"},"C:\\Users\\user\\Documents\\projects\\atomic-react-components\\lib\\components\\atoms\\Heading\\Heading.style.js":{"path":"C:\\Users\\user\\Documents\\projects\\atomic-react-components\\lib\\components\\atoms\\Heading\\Heading.style.js","statementMap":{"0":{"start":{"line":5,"column":4},"end":{"line":16,"column":5}},"1":{"start":{"line":7,"column":8},"end":{"line":7,"column":46}},"2":{"start":{"line":9,"column":8},"end":{"line":9,"column":46}},"3":{"start":{"line":11,"column":8},"end":{"line":11,"column":46}},"4":{"start":{"line":13,"column":8},"end":{"line":13,"column":46}},"5":{"start":{"line":15,"column":8},"end":{"line":15,"column":51}},"6":{"start":{"line":18,"column":14},"end":{"line":18,"column":64}}},"fnMap":{"0":{"name":"(anonymous_0)","decl":{"start":{"line":4,"column":4},"end":{"line":4,"column":5}},"loc":{"start":{"line":4,"column":13},"end":{"line":17,"column":3}},"line":4},"1":{"name":"(anonymous_1)","decl":{"start":{"line":18,"column":4},"end":{"line":18,"column":5}},"loc":{"start":{"line":18,"column":14},"end":{"line":18,"column":64}},"line":18}},"branchMap":{"0":{"loc":{"start":{"line":5,"column":4},"end":{"line":16,"column":5}},"type":"switch","locations":[{"start":{"line":6,"column":6},"end":{"line":7,"column":46}},{"start":{"line":8,"column":6},"end":{"line":9,"column":46}},{"start":{"line":10,"column":6},"end":{"line":11,"column":46}},{"start":{"line":12,"column":6},"end":{"line":13,"column":46}},{"start":{"line":14,"column":6},"end":{"line":15,"column":51}}],"line":5},"1":{"loc":{"start":{"line":18,"column":14},"end":{"line":18,"column":64}},"type":"cond-expr","locations":[{"start":{"line":18,"column":38},"end":{"line":18,"column":59}},{"start":{"line":18,"column":62},"end":{"line":18,"column":64}}],"line":18}},"s":{"0":0,"1":0,"2":0,"3":0,"4":0,"5":0,"6":0},"f":{"0":0,"1":0},"b":{"0":[0,0,0,0,0],"1":[0,0]},"_coverageSchema":"43e27e138ebf9cfc5966b082cf9a028302ed4184","hash":"4134c5313fff12280d355c7e8aad9504f34143dc"},"C:\\Users\\user\\Documents\\projects\\atomic-react-components\\lib\\components\\atoms\\Image\\index.js":{"path":"C:\\Users\\user\\Documents\\projects\\atomic-react-components\\lib\\components\\atoms\\Image\\index.js","statementMap":{},"fnMap":{},"branchMap":{},"s":{},"f":{},"b":{},"hash":"fae56a9aa694759ca9add56931baf447010d2a87"},"C:\\Users\\user\\Documents\\projects\\atomic-react-components\\lib\\components\\molecules\\ArticleThumbnail\\types\\index.js":{"path":"C:\\Users\\user\\Documents\\projects\\atomic-react-components\\lib\\components\\molecules\\ArticleThumbnail\\types\\index.js","statementMap":{},"fnMap":{},"branchMap":{},"s":{},"f":{},"b":{},"hash":"9486f44067dd4c035de2d7cf760f3c310451cedf"},"C:\\Users\\user\\Documents\\projects\\atomic-react-components\\lib\\components\\molecules\\Breadcrumb\\types\\index.js":{"path":"C:\\Users\\user\\Documents\\projects\\atomic-react-components\\lib\\components\\molecules\\Breadcrumb\\types\\index.js","statementMap":{},"fnMap":{},"branchMap":{},"s":{},"f":{},"b":{},"hash":"e309766263ab9358be933b681d0c5e1d080cb885"},"C:\\Users\\user\\Documents\\projects\\atomic-react-components\\lib\\core\\utils\\getDisplayName.js":{"path":"C:\\Users\\user\\Documents\\projects\\atomic-react-components\\lib\\core\\utils\\getDisplayName.js","statementMap":{"0":{"start":{"line":1,"column":30},"end":{"line":3,"column":1}},"1":{"start":{"line":2,"column":2},"end":{"line":2,"column":78}}},"fnMap":{"0":{"name":"(anonymous_0)","decl":{"start":{"line":1,"column":30},"end":{"line":1,"column":31}},"loc":{"start":{"line":1,"column":50},"end":{"line":3,"column":1}},"line":1}},"branchMap":{"0":{"loc":{"start":{"line":2,"column":9},"end":{"line":2,"column":77}},"type":"binary-expr","locations":[{"start":{"line":2,"column":9},"end":{"line":2,"column":37}},{"start":{"line":2,"column":41},"end":{"line":2,"column":62}},{"start":{"line":2,"column":66},"end":{"line":2,"column":77}}],"line":2}},"s":{"0":0,"1":0},"f":{"0":0},"b":{"0":[0,0,0]},"hash":"c7597be42905f17bb86523cd74713be23a7cde53"},"C:\\Users\\user\\Documents\\projects\\atomic-react-components\\lib\\components\\molecules\\Modal\\index.js":{"path":"C:\\Users\\user\\Documents\\projects\\atomic-react-components\\lib\\components\\molecules\\Modal\\index.js","statementMap":{},"fnMap":{},"branchMap":{},"s":{},"f":{},"b":{},"hash":"5635d688eae2241235a372f962bfc7e5fca9505b"},"C:\\Users\\user\\Documents\\projects\\atomic-react-components\\lib\\components\\molecules\\Popover\\types\\index.js":{"path":"C:\\Users\\user\\Documents\\projects\\atomic-react-components\\lib\\components\\molecules\\Popover\\types\\index.js","statementMap":{},"fnMap":{},"branchMap":{},"s":{},"f":{},"b":{},"hash":"80f0588691053ed72a92beac593ffff122b23385"},"C:\\Users\\user\\Documents\\projects\\atomic-react-components\\lib\\components\\molecules\\Table\\types\\index.js":{"path":"C:\\Users\\user\\Documents\\projects\\atomic-react-components\\lib\\components\\molecules\\Table\\types\\index.js","statementMap":{},"fnMap":{},"branchMap":{},"s":{},"f":{},"b":{},"hash":"e2e5b6f657d61c526408d4a7f7b7f4cc0c3b9d3e"},"C:\\Users\\user\\Documents\\projects\\atomic-react-components\\lib\\components\\molecules\\Tabs\\types\\index.js":{"path":"C:\\Users\\user\\Documents\\projects\\atomic-react-components\\lib\\components\\molecules\\Tabs\\types\\index.js","statementMap":{},"fnMap":{},"branchMap":{},"s":{},"f":{},"b":{},"hash":"973d2c9577827c9c8ff91e2fa1263f0cfcb3d0fa"}}}