{
  "numFailedTestSuites": 1,
  "numFailedTests": 7,
  "numPassedTestSuites": 0,
  "numPassedTests": 0,
  "numPendingTestSuites": 0,
  "numPendingTests": 0,
  "numRuntimeErrorTestSuites": 0,
  "numTodoTests": 0,
  "numTotalTestSuites": 1,
  "numTotalTests": 7,
  "openHandles": [],
  "snapshot": {
    "added": 0,
    "didUpdate": false,
    "failure": false,
    "filesAdded": 0,
    "filesRemoved": 0,
    "filesRemovedList": [],
    "filesUnmatched": 0,
    "filesUpdated": 0,
    "matched": 1,
    "total": 1,
    "unchecked": 0,
    "uncheckedKeysByFile": [],
    "unmatched": 0,
    "updated": 0
  },
  "startTime": 1576157104055,
  "success": false,
  "testResults": [
    {
      "assertionResults": [
        {
          "ancestorTitles": ["Table"],
          "failureMessages": [
            "Error: Element type is invalid: expected a string (for built-in components) or a class/function (for composite components) but got: undefined. You likely forgot to export your component from the file it's defined in, or you might have mixed up default and named imports.\n    at createFiberFromTypeAndProps (C:\\Users\\anksaini1\\Documents\\project\\atomic-react-components\\node_modules\\react-dom\\cjs\\react-dom.development.js:26629:21)\n    at createFiberFromElement (C:\\Users\\anksaini1\\Documents\\project\\atomic-react-components\\node_modules\\react-dom\\cjs\\react-dom.development.js:26652:15)\n    at createChild (C:\\Users\\anksaini1\\Documents\\project\\atomic-react-components\\node_modules\\react-dom\\cjs\\react-dom.development.js:14958:28)\n    at reconcileChildrenArray (C:\\Users\\anksaini1\\Documents\\project\\atomic-react-components\\node_modules\\react-dom\\cjs\\react-dom.development.js:15232:25)\n    at reconcileChildFibers (C:\\Users\\anksaini1\\Documents\\project\\atomic-react-components\\node_modules\\react-dom\\cjs\\react-dom.development.js:15598:14)\n    at reconcileChildren (C:\\Users\\anksaini1\\Documents\\project\\atomic-react-components\\node_modules\\react-dom\\cjs\\react-dom.development.js:18089:28)\n    at updateHostComponent (C:\\Users\\anksaini1\\Documents\\project\\atomic-react-components\\node_modules\\react-dom\\cjs\\react-dom.development.js:18611:3)\n    at beginWork$1 (C:\\Users\\anksaini1\\Documents\\project\\atomic-react-components\\node_modules\\react-dom\\cjs\\react-dom.development.js:20193:14)\n    at HTMLUnknownElement.callCallback (C:\\Users\\anksaini1\\Documents\\project\\atomic-react-components\\node_modules\\react-dom\\cjs\\react-dom.development.js:336:14)\n    at invokeEventListeners (C:\\Users\\anksaini1\\Documents\\project\\atomic-react-components\\node_modules\\jsdom\\lib\\jsdom\\living\\events\\EventTarget-impl.js:193:27)\n    at HTMLUnknownElementImpl._dispatch (C:\\Users\\anksaini1\\Documents\\project\\atomic-react-components\\node_modules\\jsdom\\lib\\jsdom\\living\\events\\EventTarget-impl.js:119:9)\n    at HTMLUnknownElementImpl.dispatchEvent (C:\\Users\\anksaini1\\Documents\\project\\atomic-react-components\\node_modules\\jsdom\\lib\\jsdom\\living\\events\\EventTarget-impl.js:82:17)\n    at HTMLUnknownElementImpl.dispatchEvent (C:\\Users\\anksaini1\\Documents\\project\\atomic-react-components\\node_modules\\jsdom\\lib\\jsdom\\living\\nodes\\HTMLElement-impl.js:30:27)\n    at HTMLUnknownElement.dispatchEvent (C:\\Users\\anksaini1\\Documents\\project\\atomic-react-components\\node_modules\\jsdom\\lib\\jsdom\\living\\generated\\EventTarget.js:157:21)\n    at Object.invokeGuardedCallbackDev (C:\\Users\\anksaini1\\Documents\\project\\atomic-react-components\\node_modules\\react-dom\\cjs\\react-dom.development.js:385:16)\n    at invokeGuardedCallback (C:\\Users\\anksaini1\\Documents\\project\\atomic-react-components\\node_modules\\react-dom\\cjs\\react-dom.development.js:440:31)\n    at beginWork$$1 (C:\\Users\\anksaini1\\Documents\\project\\atomic-react-components\\node_modules\\react-dom\\cjs\\react-dom.development.js:25780:7)\n    at performUnitOfWork (C:\\Users\\anksaini1\\Documents\\project\\atomic-react-components\\node_modules\\react-dom\\cjs\\react-dom.development.js:24698:12)\n    at workLoopSync (C:\\Users\\anksaini1\\Documents\\project\\atomic-react-components\\node_modules\\react-dom\\cjs\\react-dom.development.js:24671:22)\n    at performSyncWorkOnRoot (C:\\Users\\anksaini1\\Documents\\project\\atomic-react-components\\node_modules\\react-dom\\cjs\\react-dom.development.js:24270:11)\n    at scheduleUpdateOnFiber (C:\\Users\\anksaini1\\Documents\\project\\atomic-react-components\\node_modules\\react-dom\\cjs\\react-dom.development.js:23698:7)\n    at updateContainer (C:\\Users\\anksaini1\\Documents\\project\\atomic-react-components\\node_modules\\react-dom\\cjs\\react-dom.development.js:27103:3)\n    at C:\\Users\\anksaini1\\Documents\\project\\atomic-react-components\\node_modules\\react-dom\\cjs\\react-dom.development.js:27528:7\n    at unbatchedUpdates (C:\\Users\\anksaini1\\Documents\\project\\atomic-react-components\\node_modules\\react-dom\\cjs\\react-dom.development.js:24433:12)\n    at legacyRenderSubtreeIntoContainer (C:\\Users\\anksaini1\\Documents\\project\\atomic-react-components\\node_modules\\react-dom\\cjs\\react-dom.development.js:27527:5)\n    at Object.render (C:\\Users\\anksaini1\\Documents\\project\\atomic-react-components\\node_modules\\react-dom\\cjs\\react-dom.development.js:27608:10)\n    at fn (C:\\Users\\anksaini1\\Documents\\project\\atomic-react-components\\node_modules\\enzyme-adapter-react-16\\src\\ReactSixteenAdapter.js:430:26)\n    at C:\\Users\\anksaini1\\Documents\\project\\atomic-react-components\\node_modules\\enzyme-adapter-react-16\\src\\ReactSixteenAdapter.js:347:37\n    at batchedUpdates$1 (C:\\Users\\anksaini1\\Documents\\project\\atomic-react-components\\node_modules\\react-dom\\cjs\\react-dom.development.js:24386:12)\n    at Object.act (C:\\Users\\anksaini1\\Documents\\project\\atomic-react-components\\node_modules\\react-dom\\cjs\\react-dom-test-utils.development.js:1092:14)\n    at wrapAct (C:\\Users\\anksaini1\\Documents\\project\\atomic-react-components\\node_modules\\enzyme-adapter-react-16\\src\\ReactSixteenAdapter.js:347:13)\n    at Object.render (C:\\Users\\anksaini1\\Documents\\project\\atomic-react-components\\node_modules\\enzyme-adapter-react-16\\src\\ReactSixteenAdapter.js:416:16)\n    at new ReactWrapper (C:\\Users\\anksaini1\\Documents\\project\\atomic-react-components\\node_modules\\enzyme\\src\\ReactWrapper.js:115:16)\n    at mount (C:\\Users\\anksaini1\\Documents\\project\\atomic-react-components\\node_modules\\enzyme\\src\\mount.js:10:10)\n    at Object.<anonymous> (C:\\Users\\anksaini1\\Documents\\project\\atomic-react-components\\lib\\components\\molecules\\Table\\tests\\Table.test.js:28:15)\n    at Object.asyncJestLifecycle (C:\\Users\\anksaini1\\Documents\\project\\atomic-react-components\\node_modules\\jest-jasmine2\\build\\jasmineAsyncInstall.js:53:37)\n    at C:\\Users\\anksaini1\\Documents\\project\\atomic-react-components\\node_modules\\jest-jasmine2\\build\\queueRunner.js:43:12\n    at new Promise (<anonymous>)\n    at mapper (C:\\Users\\anksaini1\\Documents\\project\\atomic-react-components\\node_modules\\jest-jasmine2\\build\\queueRunner.js:26:19)\n    at C:\\Users\\anksaini1\\Documents\\project\\atomic-react-components\\node_modules\\jest-jasmine2\\build\\queueRunner.js:73:41\n    at processTicksAndRejections (internal/process/task_queues.js:93:5)"
          ],
          "fullName": "Table should render correctly",
          "location": null,
          "status": "failed",
          "title": "should render correctly"
        },
        {
          "ancestorTitles": ["Table"],
          "failureMessages": [
            "Error: Element type is invalid: expected a string (for built-in components) or a class/function (for composite components) but got: undefined. You likely forgot to export your component from the file it's defined in, or you might have mixed up default and named imports.\n    at createFiberFromTypeAndProps (C:\\Users\\anksaini1\\Documents\\project\\atomic-react-components\\node_modules\\react-dom\\cjs\\react-dom.development.js:26629:21)\n    at createFiberFromElement (C:\\Users\\anksaini1\\Documents\\project\\atomic-react-components\\node_modules\\react-dom\\cjs\\react-dom.development.js:26652:15)\n    at createChild (C:\\Users\\anksaini1\\Documents\\project\\atomic-react-components\\node_modules\\react-dom\\cjs\\react-dom.development.js:14958:28)\n    at reconcileChildrenArray (C:\\Users\\anksaini1\\Documents\\project\\atomic-react-components\\node_modules\\react-dom\\cjs\\react-dom.development.js:15232:25)\n    at reconcileChildFibers (C:\\Users\\anksaini1\\Documents\\project\\atomic-react-components\\node_modules\\react-dom\\cjs\\react-dom.development.js:15598:14)\n    at reconcileChildren (C:\\Users\\anksaini1\\Documents\\project\\atomic-react-components\\node_modules\\react-dom\\cjs\\react-dom.development.js:18089:28)\n    at updateHostComponent (C:\\Users\\anksaini1\\Documents\\project\\atomic-react-components\\node_modules\\react-dom\\cjs\\react-dom.development.js:18611:3)\n    at beginWork$1 (C:\\Users\\anksaini1\\Documents\\project\\atomic-react-components\\node_modules\\react-dom\\cjs\\react-dom.development.js:20193:14)\n    at HTMLUnknownElement.callCallback (C:\\Users\\anksaini1\\Documents\\project\\atomic-react-components\\node_modules\\react-dom\\cjs\\react-dom.development.js:336:14)\n    at invokeEventListeners (C:\\Users\\anksaini1\\Documents\\project\\atomic-react-components\\node_modules\\jsdom\\lib\\jsdom\\living\\events\\EventTarget-impl.js:193:27)\n    at HTMLUnknownElementImpl._dispatch (C:\\Users\\anksaini1\\Documents\\project\\atomic-react-components\\node_modules\\jsdom\\lib\\jsdom\\living\\events\\EventTarget-impl.js:119:9)\n    at HTMLUnknownElementImpl.dispatchEvent (C:\\Users\\anksaini1\\Documents\\project\\atomic-react-components\\node_modules\\jsdom\\lib\\jsdom\\living\\events\\EventTarget-impl.js:82:17)\n    at HTMLUnknownElementImpl.dispatchEvent (C:\\Users\\anksaini1\\Documents\\project\\atomic-react-components\\node_modules\\jsdom\\lib\\jsdom\\living\\nodes\\HTMLElement-impl.js:30:27)\n    at HTMLUnknownElement.dispatchEvent (C:\\Users\\anksaini1\\Documents\\project\\atomic-react-components\\node_modules\\jsdom\\lib\\jsdom\\living\\generated\\EventTarget.js:157:21)\n    at Object.invokeGuardedCallbackDev (C:\\Users\\anksaini1\\Documents\\project\\atomic-react-components\\node_modules\\react-dom\\cjs\\react-dom.development.js:385:16)\n    at invokeGuardedCallback (C:\\Users\\anksaini1\\Documents\\project\\atomic-react-components\\node_modules\\react-dom\\cjs\\react-dom.development.js:440:31)\n    at beginWork$$1 (C:\\Users\\anksaini1\\Documents\\project\\atomic-react-components\\node_modules\\react-dom\\cjs\\react-dom.development.js:25780:7)\n    at performUnitOfWork (C:\\Users\\anksaini1\\Documents\\project\\atomic-react-components\\node_modules\\react-dom\\cjs\\react-dom.development.js:24698:12)\n    at workLoopSync (C:\\Users\\anksaini1\\Documents\\project\\atomic-react-components\\node_modules\\react-dom\\cjs\\react-dom.development.js:24671:22)\n    at performSyncWorkOnRoot (C:\\Users\\anksaini1\\Documents\\project\\atomic-react-components\\node_modules\\react-dom\\cjs\\react-dom.development.js:24270:11)\n    at scheduleUpdateOnFiber (C:\\Users\\anksaini1\\Documents\\project\\atomic-react-components\\node_modules\\react-dom\\cjs\\react-dom.development.js:23698:7)\n    at updateContainer (C:\\Users\\anksaini1\\Documents\\project\\atomic-react-components\\node_modules\\react-dom\\cjs\\react-dom.development.js:27103:3)\n    at C:\\Users\\anksaini1\\Documents\\project\\atomic-react-components\\node_modules\\react-dom\\cjs\\react-dom.development.js:27528:7\n    at unbatchedUpdates (C:\\Users\\anksaini1\\Documents\\project\\atomic-react-components\\node_modules\\react-dom\\cjs\\react-dom.development.js:24433:12)\n    at legacyRenderSubtreeIntoContainer (C:\\Users\\anksaini1\\Documents\\project\\atomic-react-components\\node_modules\\react-dom\\cjs\\react-dom.development.js:27527:5)\n    at Object.render (C:\\Users\\anksaini1\\Documents\\project\\atomic-react-components\\node_modules\\react-dom\\cjs\\react-dom.development.js:27608:10)\n    at fn (C:\\Users\\anksaini1\\Documents\\project\\atomic-react-components\\node_modules\\enzyme-adapter-react-16\\src\\ReactSixteenAdapter.js:430:26)\n    at C:\\Users\\anksaini1\\Documents\\project\\atomic-react-components\\node_modules\\enzyme-adapter-react-16\\src\\ReactSixteenAdapter.js:347:37\n    at batchedUpdates$1 (C:\\Users\\anksaini1\\Documents\\project\\atomic-react-components\\node_modules\\react-dom\\cjs\\react-dom.development.js:24386:12)\n    at Object.act (C:\\Users\\anksaini1\\Documents\\project\\atomic-react-components\\node_modules\\react-dom\\cjs\\react-dom-test-utils.development.js:1092:14)\n    at wrapAct (C:\\Users\\anksaini1\\Documents\\project\\atomic-react-components\\node_modules\\enzyme-adapter-react-16\\src\\ReactSixteenAdapter.js:347:13)\n    at Object.render (C:\\Users\\anksaini1\\Documents\\project\\atomic-react-components\\node_modules\\enzyme-adapter-react-16\\src\\ReactSixteenAdapter.js:416:16)\n    at new ReactWrapper (C:\\Users\\anksaini1\\Documents\\project\\atomic-react-components\\node_modules\\enzyme\\src\\ReactWrapper.js:115:16)\n    at mount (C:\\Users\\anksaini1\\Documents\\project\\atomic-react-components\\node_modules\\enzyme\\src\\mount.js:10:10)\n    at Object.<anonymous> (C:\\Users\\anksaini1\\Documents\\project\\atomic-react-components\\lib\\components\\molecules\\Table\\tests\\Table.test.js:28:15)\n    at Object.asyncJestLifecycle (C:\\Users\\anksaini1\\Documents\\project\\atomic-react-components\\node_modules\\jest-jasmine2\\build\\jasmineAsyncInstall.js:53:37)\n    at C:\\Users\\anksaini1\\Documents\\project\\atomic-react-components\\node_modules\\jest-jasmine2\\build\\queueRunner.js:43:12\n    at new Promise (<anonymous>)\n    at mapper (C:\\Users\\anksaini1\\Documents\\project\\atomic-react-components\\node_modules\\jest-jasmine2\\build\\queueRunner.js:26:19)\n    at C:\\Users\\anksaini1\\Documents\\project\\atomic-react-components\\node_modules\\jest-jasmine2\\build\\queueRunner.js:73:41\n    at processTicksAndRejections (internal/process/task_queues.js:93:5)",
            "TypeError: Cannot read property 'length' of undefined\n    at Object.<anonymous> (C:\\Users\\anksaini1\\Documents\\project\\atomic-react-components\\lib\\components\\molecules\\Table\\tests\\Table.test.js:49:18)\n    at Object.asyncJestTest (C:\\Users\\anksaini1\\Documents\\project\\atomic-react-components\\node_modules\\jest-jasmine2\\build\\jasmineAsyncInstall.js:102:37)\n    at C:\\Users\\anksaini1\\Documents\\project\\atomic-react-components\\node_modules\\jest-jasmine2\\build\\queueRunner.js:43:12\n    at new Promise (<anonymous>)\n    at mapper (C:\\Users\\anksaini1\\Documents\\project\\atomic-react-components\\node_modules\\jest-jasmine2\\build\\queueRunner.js:26:19)\n    at C:\\Users\\anksaini1\\Documents\\project\\atomic-react-components\\node_modules\\jest-jasmine2\\build\\queueRunner.js:73:41\n    at processTicksAndRejections (internal/process/task_queues.js:93:5)"
          ],
          "fullName": "Table should have table component",
          "location": null,
          "status": "failed",
          "title": "should have table component"
        },
        {
          "ancestorTitles": ["Table"],
          "failureMessages": [
            "Error: Element type is invalid: expected a string (for built-in components) or a class/function (for composite components) but got: undefined. You likely forgot to export your component from the file it's defined in, or you might have mixed up default and named imports.\n    at createFiberFromTypeAndProps (C:\\Users\\anksaini1\\Documents\\project\\atomic-react-components\\node_modules\\react-dom\\cjs\\react-dom.development.js:26629:21)\n    at createFiberFromElement (C:\\Users\\anksaini1\\Documents\\project\\atomic-react-components\\node_modules\\react-dom\\cjs\\react-dom.development.js:26652:15)\n    at createChild (C:\\Users\\anksaini1\\Documents\\project\\atomic-react-components\\node_modules\\react-dom\\cjs\\react-dom.development.js:14958:28)\n    at reconcileChildrenArray (C:\\Users\\anksaini1\\Documents\\project\\atomic-react-components\\node_modules\\react-dom\\cjs\\react-dom.development.js:15232:25)\n    at reconcileChildFibers (C:\\Users\\anksaini1\\Documents\\project\\atomic-react-components\\node_modules\\react-dom\\cjs\\react-dom.development.js:15598:14)\n    at reconcileChildren (C:\\Users\\anksaini1\\Documents\\project\\atomic-react-components\\node_modules\\react-dom\\cjs\\react-dom.development.js:18089:28)\n    at updateHostComponent (C:\\Users\\anksaini1\\Documents\\project\\atomic-react-components\\node_modules\\react-dom\\cjs\\react-dom.development.js:18611:3)\n    at beginWork$1 (C:\\Users\\anksaini1\\Documents\\project\\atomic-react-components\\node_modules\\react-dom\\cjs\\react-dom.development.js:20193:14)\n    at HTMLUnknownElement.callCallback (C:\\Users\\anksaini1\\Documents\\project\\atomic-react-components\\node_modules\\react-dom\\cjs\\react-dom.development.js:336:14)\n    at invokeEventListeners (C:\\Users\\anksaini1\\Documents\\project\\atomic-react-components\\node_modules\\jsdom\\lib\\jsdom\\living\\events\\EventTarget-impl.js:193:27)\n    at HTMLUnknownElementImpl._dispatch (C:\\Users\\anksaini1\\Documents\\project\\atomic-react-components\\node_modules\\jsdom\\lib\\jsdom\\living\\events\\EventTarget-impl.js:119:9)\n    at HTMLUnknownElementImpl.dispatchEvent (C:\\Users\\anksaini1\\Documents\\project\\atomic-react-components\\node_modules\\jsdom\\lib\\jsdom\\living\\events\\EventTarget-impl.js:82:17)\n    at HTMLUnknownElementImpl.dispatchEvent (C:\\Users\\anksaini1\\Documents\\project\\atomic-react-components\\node_modules\\jsdom\\lib\\jsdom\\living\\nodes\\HTMLElement-impl.js:30:27)\n    at HTMLUnknownElement.dispatchEvent (C:\\Users\\anksaini1\\Documents\\project\\atomic-react-components\\node_modules\\jsdom\\lib\\jsdom\\living\\generated\\EventTarget.js:157:21)\n    at Object.invokeGuardedCallbackDev (C:\\Users\\anksaini1\\Documents\\project\\atomic-react-components\\node_modules\\react-dom\\cjs\\react-dom.development.js:385:16)\n    at invokeGuardedCallback (C:\\Users\\anksaini1\\Documents\\project\\atomic-react-components\\node_modules\\react-dom\\cjs\\react-dom.development.js:440:31)\n    at beginWork$$1 (C:\\Users\\anksaini1\\Documents\\project\\atomic-react-components\\node_modules\\react-dom\\cjs\\react-dom.development.js:25780:7)\n    at performUnitOfWork (C:\\Users\\anksaini1\\Documents\\project\\atomic-react-components\\node_modules\\react-dom\\cjs\\react-dom.development.js:24698:12)\n    at workLoopSync (C:\\Users\\anksaini1\\Documents\\project\\atomic-react-components\\node_modules\\react-dom\\cjs\\react-dom.development.js:24671:22)\n    at performSyncWorkOnRoot (C:\\Users\\anksaini1\\Documents\\project\\atomic-react-components\\node_modules\\react-dom\\cjs\\react-dom.development.js:24270:11)\n    at scheduleUpdateOnFiber (C:\\Users\\anksaini1\\Documents\\project\\atomic-react-components\\node_modules\\react-dom\\cjs\\react-dom.development.js:23698:7)\n    at updateContainer (C:\\Users\\anksaini1\\Documents\\project\\atomic-react-components\\node_modules\\react-dom\\cjs\\react-dom.development.js:27103:3)\n    at C:\\Users\\anksaini1\\Documents\\project\\atomic-react-components\\node_modules\\react-dom\\cjs\\react-dom.development.js:27528:7\n    at unbatchedUpdates (C:\\Users\\anksaini1\\Documents\\project\\atomic-react-components\\node_modules\\react-dom\\cjs\\react-dom.development.js:24433:12)\n    at legacyRenderSubtreeIntoContainer (C:\\Users\\anksaini1\\Documents\\project\\atomic-react-components\\node_modules\\react-dom\\cjs\\react-dom.development.js:27527:5)\n    at Object.render (C:\\Users\\anksaini1\\Documents\\project\\atomic-react-components\\node_modules\\react-dom\\cjs\\react-dom.development.js:27608:10)\n    at fn (C:\\Users\\anksaini1\\Documents\\project\\atomic-react-components\\node_modules\\enzyme-adapter-react-16\\src\\ReactSixteenAdapter.js:430:26)\n    at C:\\Users\\anksaini1\\Documents\\project\\atomic-react-components\\node_modules\\enzyme-adapter-react-16\\src\\ReactSixteenAdapter.js:347:37\n    at batchedUpdates$1 (C:\\Users\\anksaini1\\Documents\\project\\atomic-react-components\\node_modules\\react-dom\\cjs\\react-dom.development.js:24386:12)\n    at Object.act (C:\\Users\\anksaini1\\Documents\\project\\atomic-react-components\\node_modules\\react-dom\\cjs\\react-dom-test-utils.development.js:1092:14)\n    at wrapAct (C:\\Users\\anksaini1\\Documents\\project\\atomic-react-components\\node_modules\\enzyme-adapter-react-16\\src\\ReactSixteenAdapter.js:347:13)\n    at Object.render (C:\\Users\\anksaini1\\Documents\\project\\atomic-react-components\\node_modules\\enzyme-adapter-react-16\\src\\ReactSixteenAdapter.js:416:16)\n    at new ReactWrapper (C:\\Users\\anksaini1\\Documents\\project\\atomic-react-components\\node_modules\\enzyme\\src\\ReactWrapper.js:115:16)\n    at mount (C:\\Users\\anksaini1\\Documents\\project\\atomic-react-components\\node_modules\\enzyme\\src\\mount.js:10:10)\n    at Object.<anonymous> (C:\\Users\\anksaini1\\Documents\\project\\atomic-react-components\\lib\\components\\molecules\\Table\\tests\\Table.test.js:28:15)\n    at Object.asyncJestLifecycle (C:\\Users\\anksaini1\\Documents\\project\\atomic-react-components\\node_modules\\jest-jasmine2\\build\\jasmineAsyncInstall.js:53:37)\n    at C:\\Users\\anksaini1\\Documents\\project\\atomic-react-components\\node_modules\\jest-jasmine2\\build\\queueRunner.js:43:12\n    at new Promise (<anonymous>)\n    at mapper (C:\\Users\\anksaini1\\Documents\\project\\atomic-react-components\\node_modules\\jest-jasmine2\\build\\queueRunner.js:26:19)\n    at C:\\Users\\anksaini1\\Documents\\project\\atomic-react-components\\node_modules\\jest-jasmine2\\build\\queueRunner.js:73:41\n    at processTicksAndRejections (internal/process/task_queues.js:93:5)",
            "TypeError: Cannot read property 'length' of undefined\n    at Object.<anonymous> (C:\\Users\\anksaini1\\Documents\\project\\atomic-react-components\\lib\\components\\molecules\\Table\\tests\\Table.test.js:52:18)\n    at Object.asyncJestTest (C:\\Users\\anksaini1\\Documents\\project\\atomic-react-components\\node_modules\\jest-jasmine2\\build\\jasmineAsyncInstall.js:102:37)\n    at C:\\Users\\anksaini1\\Documents\\project\\atomic-react-components\\node_modules\\jest-jasmine2\\build\\queueRunner.js:43:12\n    at new Promise (<anonymous>)\n    at mapper (C:\\Users\\anksaini1\\Documents\\project\\atomic-react-components\\node_modules\\jest-jasmine2\\build\\queueRunner.js:26:19)\n    at C:\\Users\\anksaini1\\Documents\\project\\atomic-react-components\\node_modules\\jest-jasmine2\\build\\queueRunner.js:73:41\n    at processTicksAndRejections (internal/process/task_queues.js:93:5)"
          ],
          "fullName": "Table should have thead component",
          "location": null,
          "status": "failed",
          "title": "should have thead component"
        },
        {
          "ancestorTitles": ["Table"],
          "failureMessages": [
            "Error: Element type is invalid: expected a string (for built-in components) or a class/function (for composite components) but got: undefined. You likely forgot to export your component from the file it's defined in, or you might have mixed up default and named imports.\n    at createFiberFromTypeAndProps (C:\\Users\\anksaini1\\Documents\\project\\atomic-react-components\\node_modules\\react-dom\\cjs\\react-dom.development.js:26629:21)\n    at createFiberFromElement (C:\\Users\\anksaini1\\Documents\\project\\atomic-react-components\\node_modules\\react-dom\\cjs\\react-dom.development.js:26652:15)\n    at createChild (C:\\Users\\anksaini1\\Documents\\project\\atomic-react-components\\node_modules\\react-dom\\cjs\\react-dom.development.js:14958:28)\n    at reconcileChildrenArray (C:\\Users\\anksaini1\\Documents\\project\\atomic-react-components\\node_modules\\react-dom\\cjs\\react-dom.development.js:15232:25)\n    at reconcileChildFibers (C:\\Users\\anksaini1\\Documents\\project\\atomic-react-components\\node_modules\\react-dom\\cjs\\react-dom.development.js:15598:14)\n    at reconcileChildren (C:\\Users\\anksaini1\\Documents\\project\\atomic-react-components\\node_modules\\react-dom\\cjs\\react-dom.development.js:18089:28)\n    at updateHostComponent (C:\\Users\\anksaini1\\Documents\\project\\atomic-react-components\\node_modules\\react-dom\\cjs\\react-dom.development.js:18611:3)\n    at beginWork$1 (C:\\Users\\anksaini1\\Documents\\project\\atomic-react-components\\node_modules\\react-dom\\cjs\\react-dom.development.js:20193:14)\n    at HTMLUnknownElement.callCallback (C:\\Users\\anksaini1\\Documents\\project\\atomic-react-components\\node_modules\\react-dom\\cjs\\react-dom.development.js:336:14)\n    at invokeEventListeners (C:\\Users\\anksaini1\\Documents\\project\\atomic-react-components\\node_modules\\jsdom\\lib\\jsdom\\living\\events\\EventTarget-impl.js:193:27)\n    at HTMLUnknownElementImpl._dispatch (C:\\Users\\anksaini1\\Documents\\project\\atomic-react-components\\node_modules\\jsdom\\lib\\jsdom\\living\\events\\EventTarget-impl.js:119:9)\n    at HTMLUnknownElementImpl.dispatchEvent (C:\\Users\\anksaini1\\Documents\\project\\atomic-react-components\\node_modules\\jsdom\\lib\\jsdom\\living\\events\\EventTarget-impl.js:82:17)\n    at HTMLUnknownElementImpl.dispatchEvent (C:\\Users\\anksaini1\\Documents\\project\\atomic-react-components\\node_modules\\jsdom\\lib\\jsdom\\living\\nodes\\HTMLElement-impl.js:30:27)\n    at HTMLUnknownElement.dispatchEvent (C:\\Users\\anksaini1\\Documents\\project\\atomic-react-components\\node_modules\\jsdom\\lib\\jsdom\\living\\generated\\EventTarget.js:157:21)\n    at Object.invokeGuardedCallbackDev (C:\\Users\\anksaini1\\Documents\\project\\atomic-react-components\\node_modules\\react-dom\\cjs\\react-dom.development.js:385:16)\n    at invokeGuardedCallback (C:\\Users\\anksaini1\\Documents\\project\\atomic-react-components\\node_modules\\react-dom\\cjs\\react-dom.development.js:440:31)\n    at beginWork$$1 (C:\\Users\\anksaini1\\Documents\\project\\atomic-react-components\\node_modules\\react-dom\\cjs\\react-dom.development.js:25780:7)\n    at performUnitOfWork (C:\\Users\\anksaini1\\Documents\\project\\atomic-react-components\\node_modules\\react-dom\\cjs\\react-dom.development.js:24698:12)\n    at workLoopSync (C:\\Users\\anksaini1\\Documents\\project\\atomic-react-components\\node_modules\\react-dom\\cjs\\react-dom.development.js:24671:22)\n    at performSyncWorkOnRoot (C:\\Users\\anksaini1\\Documents\\project\\atomic-react-components\\node_modules\\react-dom\\cjs\\react-dom.development.js:24270:11)\n    at scheduleUpdateOnFiber (C:\\Users\\anksaini1\\Documents\\project\\atomic-react-components\\node_modules\\react-dom\\cjs\\react-dom.development.js:23698:7)\n    at updateContainer (C:\\Users\\anksaini1\\Documents\\project\\atomic-react-components\\node_modules\\react-dom\\cjs\\react-dom.development.js:27103:3)\n    at C:\\Users\\anksaini1\\Documents\\project\\atomic-react-components\\node_modules\\react-dom\\cjs\\react-dom.development.js:27528:7\n    at unbatchedUpdates (C:\\Users\\anksaini1\\Documents\\project\\atomic-react-components\\node_modules\\react-dom\\cjs\\react-dom.development.js:24433:12)\n    at legacyRenderSubtreeIntoContainer (C:\\Users\\anksaini1\\Documents\\project\\atomic-react-components\\node_modules\\react-dom\\cjs\\react-dom.development.js:27527:5)\n    at Object.render (C:\\Users\\anksaini1\\Documents\\project\\atomic-react-components\\node_modules\\react-dom\\cjs\\react-dom.development.js:27608:10)\n    at fn (C:\\Users\\anksaini1\\Documents\\project\\atomic-react-components\\node_modules\\enzyme-adapter-react-16\\src\\ReactSixteenAdapter.js:430:26)\n    at C:\\Users\\anksaini1\\Documents\\project\\atomic-react-components\\node_modules\\enzyme-adapter-react-16\\src\\ReactSixteenAdapter.js:347:37\n    at batchedUpdates$1 (C:\\Users\\anksaini1\\Documents\\project\\atomic-react-components\\node_modules\\react-dom\\cjs\\react-dom.development.js:24386:12)\n    at Object.act (C:\\Users\\anksaini1\\Documents\\project\\atomic-react-components\\node_modules\\react-dom\\cjs\\react-dom-test-utils.development.js:1092:14)\n    at wrapAct (C:\\Users\\anksaini1\\Documents\\project\\atomic-react-components\\node_modules\\enzyme-adapter-react-16\\src\\ReactSixteenAdapter.js:347:13)\n    at Object.render (C:\\Users\\anksaini1\\Documents\\project\\atomic-react-components\\node_modules\\enzyme-adapter-react-16\\src\\ReactSixteenAdapter.js:416:16)\n    at new ReactWrapper (C:\\Users\\anksaini1\\Documents\\project\\atomic-react-components\\node_modules\\enzyme\\src\\ReactWrapper.js:115:16)\n    at mount (C:\\Users\\anksaini1\\Documents\\project\\atomic-react-components\\node_modules\\enzyme\\src\\mount.js:10:10)\n    at Object.<anonymous> (C:\\Users\\anksaini1\\Documents\\project\\atomic-react-components\\lib\\components\\molecules\\Table\\tests\\Table.test.js:28:15)\n    at Object.asyncJestLifecycle (C:\\Users\\anksaini1\\Documents\\project\\atomic-react-components\\node_modules\\jest-jasmine2\\build\\jasmineAsyncInstall.js:53:37)\n    at C:\\Users\\anksaini1\\Documents\\project\\atomic-react-components\\node_modules\\jest-jasmine2\\build\\queueRunner.js:43:12\n    at new Promise (<anonymous>)\n    at mapper (C:\\Users\\anksaini1\\Documents\\project\\atomic-react-components\\node_modules\\jest-jasmine2\\build\\queueRunner.js:26:19)\n    at C:\\Users\\anksaini1\\Documents\\project\\atomic-react-components\\node_modules\\jest-jasmine2\\build\\queueRunner.js:73:41\n    at processTicksAndRejections (internal/process/task_queues.js:93:5)",
            "TypeError: Cannot read property 'length' of undefined\n    at Object.<anonymous> (C:\\Users\\anksaini1\\Documents\\project\\atomic-react-components\\lib\\components\\molecules\\Table\\tests\\Table.test.js:55:18)\n    at Object.asyncJestTest (C:\\Users\\anksaini1\\Documents\\project\\atomic-react-components\\node_modules\\jest-jasmine2\\build\\jasmineAsyncInstall.js:102:37)\n    at C:\\Users\\anksaini1\\Documents\\project\\atomic-react-components\\node_modules\\jest-jasmine2\\build\\queueRunner.js:43:12\n    at new Promise (<anonymous>)\n    at mapper (C:\\Users\\anksaini1\\Documents\\project\\atomic-react-components\\node_modules\\jest-jasmine2\\build\\queueRunner.js:26:19)\n    at C:\\Users\\anksaini1\\Documents\\project\\atomic-react-components\\node_modules\\jest-jasmine2\\build\\queueRunner.js:73:41\n    at processTicksAndRejections (internal/process/task_queues.js:93:5)"
          ],
          "fullName": "Table should have tbody component",
          "location": null,
          "status": "failed",
          "title": "should have tbody component"
        },
        {
          "ancestorTitles": ["Table"],
          "failureMessages": [
            "Error: Element type is invalid: expected a string (for built-in components) or a class/function (for composite components) but got: undefined. You likely forgot to export your component from the file it's defined in, or you might have mixed up default and named imports.\n    at createFiberFromTypeAndProps (C:\\Users\\anksaini1\\Documents\\project\\atomic-react-components\\node_modules\\react-dom\\cjs\\react-dom.development.js:26629:21)\n    at createFiberFromElement (C:\\Users\\anksaini1\\Documents\\project\\atomic-react-components\\node_modules\\react-dom\\cjs\\react-dom.development.js:26652:15)\n    at createChild (C:\\Users\\anksaini1\\Documents\\project\\atomic-react-components\\node_modules\\react-dom\\cjs\\react-dom.development.js:14958:28)\n    at reconcileChildrenArray (C:\\Users\\anksaini1\\Documents\\project\\atomic-react-components\\node_modules\\react-dom\\cjs\\react-dom.development.js:15232:25)\n    at reconcileChildFibers (C:\\Users\\anksaini1\\Documents\\project\\atomic-react-components\\node_modules\\react-dom\\cjs\\react-dom.development.js:15598:14)\n    at reconcileChildren (C:\\Users\\anksaini1\\Documents\\project\\atomic-react-components\\node_modules\\react-dom\\cjs\\react-dom.development.js:18089:28)\n    at updateHostComponent (C:\\Users\\anksaini1\\Documents\\project\\atomic-react-components\\node_modules\\react-dom\\cjs\\react-dom.development.js:18611:3)\n    at beginWork$1 (C:\\Users\\anksaini1\\Documents\\project\\atomic-react-components\\node_modules\\react-dom\\cjs\\react-dom.development.js:20193:14)\n    at HTMLUnknownElement.callCallback (C:\\Users\\anksaini1\\Documents\\project\\atomic-react-components\\node_modules\\react-dom\\cjs\\react-dom.development.js:336:14)\n    at invokeEventListeners (C:\\Users\\anksaini1\\Documents\\project\\atomic-react-components\\node_modules\\jsdom\\lib\\jsdom\\living\\events\\EventTarget-impl.js:193:27)\n    at HTMLUnknownElementImpl._dispatch (C:\\Users\\anksaini1\\Documents\\project\\atomic-react-components\\node_modules\\jsdom\\lib\\jsdom\\living\\events\\EventTarget-impl.js:119:9)\n    at HTMLUnknownElementImpl.dispatchEvent (C:\\Users\\anksaini1\\Documents\\project\\atomic-react-components\\node_modules\\jsdom\\lib\\jsdom\\living\\events\\EventTarget-impl.js:82:17)\n    at HTMLUnknownElementImpl.dispatchEvent (C:\\Users\\anksaini1\\Documents\\project\\atomic-react-components\\node_modules\\jsdom\\lib\\jsdom\\living\\nodes\\HTMLElement-impl.js:30:27)\n    at HTMLUnknownElement.dispatchEvent (C:\\Users\\anksaini1\\Documents\\project\\atomic-react-components\\node_modules\\jsdom\\lib\\jsdom\\living\\generated\\EventTarget.js:157:21)\n    at Object.invokeGuardedCallbackDev (C:\\Users\\anksaini1\\Documents\\project\\atomic-react-components\\node_modules\\react-dom\\cjs\\react-dom.development.js:385:16)\n    at invokeGuardedCallback (C:\\Users\\anksaini1\\Documents\\project\\atomic-react-components\\node_modules\\react-dom\\cjs\\react-dom.development.js:440:31)\n    at beginWork$$1 (C:\\Users\\anksaini1\\Documents\\project\\atomic-react-components\\node_modules\\react-dom\\cjs\\react-dom.development.js:25780:7)\n    at performUnitOfWork (C:\\Users\\anksaini1\\Documents\\project\\atomic-react-components\\node_modules\\react-dom\\cjs\\react-dom.development.js:24698:12)\n    at workLoopSync (C:\\Users\\anksaini1\\Documents\\project\\atomic-react-components\\node_modules\\react-dom\\cjs\\react-dom.development.js:24671:22)\n    at performSyncWorkOnRoot (C:\\Users\\anksaini1\\Documents\\project\\atomic-react-components\\node_modules\\react-dom\\cjs\\react-dom.development.js:24270:11)\n    at scheduleUpdateOnFiber (C:\\Users\\anksaini1\\Documents\\project\\atomic-react-components\\node_modules\\react-dom\\cjs\\react-dom.development.js:23698:7)\n    at updateContainer (C:\\Users\\anksaini1\\Documents\\project\\atomic-react-components\\node_modules\\react-dom\\cjs\\react-dom.development.js:27103:3)\n    at C:\\Users\\anksaini1\\Documents\\project\\atomic-react-components\\node_modules\\react-dom\\cjs\\react-dom.development.js:27528:7\n    at unbatchedUpdates (C:\\Users\\anksaini1\\Documents\\project\\atomic-react-components\\node_modules\\react-dom\\cjs\\react-dom.development.js:24433:12)\n    at legacyRenderSubtreeIntoContainer (C:\\Users\\anksaini1\\Documents\\project\\atomic-react-components\\node_modules\\react-dom\\cjs\\react-dom.development.js:27527:5)\n    at Object.render (C:\\Users\\anksaini1\\Documents\\project\\atomic-react-components\\node_modules\\react-dom\\cjs\\react-dom.development.js:27608:10)\n    at fn (C:\\Users\\anksaini1\\Documents\\project\\atomic-react-components\\node_modules\\enzyme-adapter-react-16\\src\\ReactSixteenAdapter.js:430:26)\n    at C:\\Users\\anksaini1\\Documents\\project\\atomic-react-components\\node_modules\\enzyme-adapter-react-16\\src\\ReactSixteenAdapter.js:347:37\n    at batchedUpdates$1 (C:\\Users\\anksaini1\\Documents\\project\\atomic-react-components\\node_modules\\react-dom\\cjs\\react-dom.development.js:24386:12)\n    at Object.act (C:\\Users\\anksaini1\\Documents\\project\\atomic-react-components\\node_modules\\react-dom\\cjs\\react-dom-test-utils.development.js:1092:14)\n    at wrapAct (C:\\Users\\anksaini1\\Documents\\project\\atomic-react-components\\node_modules\\enzyme-adapter-react-16\\src\\ReactSixteenAdapter.js:347:13)\n    at Object.render (C:\\Users\\anksaini1\\Documents\\project\\atomic-react-components\\node_modules\\enzyme-adapter-react-16\\src\\ReactSixteenAdapter.js:416:16)\n    at new ReactWrapper (C:\\Users\\anksaini1\\Documents\\project\\atomic-react-components\\node_modules\\enzyme\\src\\ReactWrapper.js:115:16)\n    at mount (C:\\Users\\anksaini1\\Documents\\project\\atomic-react-components\\node_modules\\enzyme\\src\\mount.js:10:10)\n    at Object.<anonymous> (C:\\Users\\anksaini1\\Documents\\project\\atomic-react-components\\lib\\components\\molecules\\Table\\tests\\Table.test.js:28:15)\n    at Object.asyncJestLifecycle (C:\\Users\\anksaini1\\Documents\\project\\atomic-react-components\\node_modules\\jest-jasmine2\\build\\jasmineAsyncInstall.js:53:37)\n    at C:\\Users\\anksaini1\\Documents\\project\\atomic-react-components\\node_modules\\jest-jasmine2\\build\\queueRunner.js:43:12\n    at new Promise (<anonymous>)\n    at mapper (C:\\Users\\anksaini1\\Documents\\project\\atomic-react-components\\node_modules\\jest-jasmine2\\build\\queueRunner.js:26:19)\n    at C:\\Users\\anksaini1\\Documents\\project\\atomic-react-components\\node_modules\\jest-jasmine2\\build\\queueRunner.js:73:41\n    at processTicksAndRejections (internal/process/task_queues.js:93:5)",
            "TypeError: Cannot read property 'length' of undefined\n    at Object.<anonymous> (C:\\Users\\anksaini1\\Documents\\project\\atomic-react-components\\lib\\components\\molecules\\Table\\tests\\Table.test.js:58:20)\n    at Object.asyncJestTest (C:\\Users\\anksaini1\\Documents\\project\\atomic-react-components\\node_modules\\jest-jasmine2\\build\\jasmineAsyncInstall.js:102:37)\n    at C:\\Users\\anksaini1\\Documents\\project\\atomic-react-components\\node_modules\\jest-jasmine2\\build\\queueRunner.js:43:12\n    at new Promise (<anonymous>)\n    at mapper (C:\\Users\\anksaini1\\Documents\\project\\atomic-react-components\\node_modules\\jest-jasmine2\\build\\queueRunner.js:26:19)\n    at C:\\Users\\anksaini1\\Documents\\project\\atomic-react-components\\node_modules\\jest-jasmine2\\build\\queueRunner.js:73:41\n    at processTicksAndRejections (internal/process/task_queues.js:93:5)"
          ],
          "fullName": "Table should have th is equal to number of columns",
          "location": null,
          "status": "failed",
          "title": "should have th is equal to number of columns"
        },
        {
          "ancestorTitles": ["Table"],
          "failureMessages": [
            "Error: Element type is invalid: expected a string (for built-in components) or a class/function (for composite components) but got: undefined. You likely forgot to export your component from the file it's defined in, or you might have mixed up default and named imports.\n    at createFiberFromTypeAndProps (C:\\Users\\anksaini1\\Documents\\project\\atomic-react-components\\node_modules\\react-dom\\cjs\\react-dom.development.js:26629:21)\n    at createFiberFromElement (C:\\Users\\anksaini1\\Documents\\project\\atomic-react-components\\node_modules\\react-dom\\cjs\\react-dom.development.js:26652:15)\n    at createChild (C:\\Users\\anksaini1\\Documents\\project\\atomic-react-components\\node_modules\\react-dom\\cjs\\react-dom.development.js:14958:28)\n    at reconcileChildrenArray (C:\\Users\\anksaini1\\Documents\\project\\atomic-react-components\\node_modules\\react-dom\\cjs\\react-dom.development.js:15232:25)\n    at reconcileChildFibers (C:\\Users\\anksaini1\\Documents\\project\\atomic-react-components\\node_modules\\react-dom\\cjs\\react-dom.development.js:15598:14)\n    at reconcileChildren (C:\\Users\\anksaini1\\Documents\\project\\atomic-react-components\\node_modules\\react-dom\\cjs\\react-dom.development.js:18089:28)\n    at updateHostComponent (C:\\Users\\anksaini1\\Documents\\project\\atomic-react-components\\node_modules\\react-dom\\cjs\\react-dom.development.js:18611:3)\n    at beginWork$1 (C:\\Users\\anksaini1\\Documents\\project\\atomic-react-components\\node_modules\\react-dom\\cjs\\react-dom.development.js:20193:14)\n    at HTMLUnknownElement.callCallback (C:\\Users\\anksaini1\\Documents\\project\\atomic-react-components\\node_modules\\react-dom\\cjs\\react-dom.development.js:336:14)\n    at invokeEventListeners (C:\\Users\\anksaini1\\Documents\\project\\atomic-react-components\\node_modules\\jsdom\\lib\\jsdom\\living\\events\\EventTarget-impl.js:193:27)\n    at HTMLUnknownElementImpl._dispatch (C:\\Users\\anksaini1\\Documents\\project\\atomic-react-components\\node_modules\\jsdom\\lib\\jsdom\\living\\events\\EventTarget-impl.js:119:9)\n    at HTMLUnknownElementImpl.dispatchEvent (C:\\Users\\anksaini1\\Documents\\project\\atomic-react-components\\node_modules\\jsdom\\lib\\jsdom\\living\\events\\EventTarget-impl.js:82:17)\n    at HTMLUnknownElementImpl.dispatchEvent (C:\\Users\\anksaini1\\Documents\\project\\atomic-react-components\\node_modules\\jsdom\\lib\\jsdom\\living\\nodes\\HTMLElement-impl.js:30:27)\n    at HTMLUnknownElement.dispatchEvent (C:\\Users\\anksaini1\\Documents\\project\\atomic-react-components\\node_modules\\jsdom\\lib\\jsdom\\living\\generated\\EventTarget.js:157:21)\n    at Object.invokeGuardedCallbackDev (C:\\Users\\anksaini1\\Documents\\project\\atomic-react-components\\node_modules\\react-dom\\cjs\\react-dom.development.js:385:16)\n    at invokeGuardedCallback (C:\\Users\\anksaini1\\Documents\\project\\atomic-react-components\\node_modules\\react-dom\\cjs\\react-dom.development.js:440:31)\n    at beginWork$$1 (C:\\Users\\anksaini1\\Documents\\project\\atomic-react-components\\node_modules\\react-dom\\cjs\\react-dom.development.js:25780:7)\n    at performUnitOfWork (C:\\Users\\anksaini1\\Documents\\project\\atomic-react-components\\node_modules\\react-dom\\cjs\\react-dom.development.js:24698:12)\n    at workLoopSync (C:\\Users\\anksaini1\\Documents\\project\\atomic-react-components\\node_modules\\react-dom\\cjs\\react-dom.development.js:24671:22)\n    at performSyncWorkOnRoot (C:\\Users\\anksaini1\\Documents\\project\\atomic-react-components\\node_modules\\react-dom\\cjs\\react-dom.development.js:24270:11)\n    at scheduleUpdateOnFiber (C:\\Users\\anksaini1\\Documents\\project\\atomic-react-components\\node_modules\\react-dom\\cjs\\react-dom.development.js:23698:7)\n    at updateContainer (C:\\Users\\anksaini1\\Documents\\project\\atomic-react-components\\node_modules\\react-dom\\cjs\\react-dom.development.js:27103:3)\n    at C:\\Users\\anksaini1\\Documents\\project\\atomic-react-components\\node_modules\\react-dom\\cjs\\react-dom.development.js:27528:7\n    at unbatchedUpdates (C:\\Users\\anksaini1\\Documents\\project\\atomic-react-components\\node_modules\\react-dom\\cjs\\react-dom.development.js:24433:12)\n    at legacyRenderSubtreeIntoContainer (C:\\Users\\anksaini1\\Documents\\project\\atomic-react-components\\node_modules\\react-dom\\cjs\\react-dom.development.js:27527:5)\n    at Object.render (C:\\Users\\anksaini1\\Documents\\project\\atomic-react-components\\node_modules\\react-dom\\cjs\\react-dom.development.js:27608:10)\n    at fn (C:\\Users\\anksaini1\\Documents\\project\\atomic-react-components\\node_modules\\enzyme-adapter-react-16\\src\\ReactSixteenAdapter.js:430:26)\n    at C:\\Users\\anksaini1\\Documents\\project\\atomic-react-components\\node_modules\\enzyme-adapter-react-16\\src\\ReactSixteenAdapter.js:347:37\n    at batchedUpdates$1 (C:\\Users\\anksaini1\\Documents\\project\\atomic-react-components\\node_modules\\react-dom\\cjs\\react-dom.development.js:24386:12)\n    at Object.act (C:\\Users\\anksaini1\\Documents\\project\\atomic-react-components\\node_modules\\react-dom\\cjs\\react-dom-test-utils.development.js:1092:14)\n    at wrapAct (C:\\Users\\anksaini1\\Documents\\project\\atomic-react-components\\node_modules\\enzyme-adapter-react-16\\src\\ReactSixteenAdapter.js:347:13)\n    at Object.render (C:\\Users\\anksaini1\\Documents\\project\\atomic-react-components\\node_modules\\enzyme-adapter-react-16\\src\\ReactSixteenAdapter.js:416:16)\n    at new ReactWrapper (C:\\Users\\anksaini1\\Documents\\project\\atomic-react-components\\node_modules\\enzyme\\src\\ReactWrapper.js:115:16)\n    at mount (C:\\Users\\anksaini1\\Documents\\project\\atomic-react-components\\node_modules\\enzyme\\src\\mount.js:10:10)\n    at Object.<anonymous> (C:\\Users\\anksaini1\\Documents\\project\\atomic-react-components\\lib\\components\\molecules\\Table\\tests\\Table.test.js:28:15)\n    at Object.asyncJestLifecycle (C:\\Users\\anksaini1\\Documents\\project\\atomic-react-components\\node_modules\\jest-jasmine2\\build\\jasmineAsyncInstall.js:53:37)\n    at C:\\Users\\anksaini1\\Documents\\project\\atomic-react-components\\node_modules\\jest-jasmine2\\build\\queueRunner.js:43:12\n    at new Promise (<anonymous>)\n    at mapper (C:\\Users\\anksaini1\\Documents\\project\\atomic-react-components\\node_modules\\jest-jasmine2\\build\\queueRunner.js:26:19)\n    at C:\\Users\\anksaini1\\Documents\\project\\atomic-react-components\\node_modules\\jest-jasmine2\\build\\queueRunner.js:73:41\n    at processTicksAndRejections (internal/process/task_queues.js:93:5)",
            "Error: \u001b[2mexpect(\u001b[22m\u001b[31mreceived\u001b[39m\u001b[2m).\u001b[22mtoHaveLength\u001b[2m(\u001b[22m\u001b[32mexpected\u001b[39m\u001b[2m)\u001b[22m\n\n\u001b[1mMatcher error\u001b[22m: \u001b[31mreceived\u001b[39m value must have a length property whose value must be a number\n\nReceived has value: \u001b[31mundefined\u001b[39m\n    at Object.<anonymous> (C:\\Users\\anksaini1\\Documents\\project\\atomic-react-components\\lib\\components\\molecules\\Table\\tests\\Table.test.js:61:18)\n    at Object.asyncJestTest (C:\\Users\\anksaini1\\Documents\\project\\atomic-react-components\\node_modules\\jest-jasmine2\\build\\jasmineAsyncInstall.js:102:37)\n    at C:\\Users\\anksaini1\\Documents\\project\\atomic-react-components\\node_modules\\jest-jasmine2\\build\\queueRunner.js:43:12\n    at new Promise (<anonymous>)\n    at mapper (C:\\Users\\anksaini1\\Documents\\project\\atomic-react-components\\node_modules\\jest-jasmine2\\build\\queueRunner.js:26:19)\n    at C:\\Users\\anksaini1\\Documents\\project\\atomic-react-components\\node_modules\\jest-jasmine2\\build\\queueRunner.js:73:41\n    at processTicksAndRejections (internal/process/task_queues.js:93:5)"
          ],
          "fullName": "Table should have tr is equal to number of data rows",
          "location": null,
          "status": "failed",
          "title": "should have tr is equal to number of data rows"
        },
        {
          "ancestorTitles": ["Table"],
          "failureMessages": [
            "Error: Element type is invalid: expected a string (for built-in components) or a class/function (for composite components) but got: undefined. You likely forgot to export your component from the file it's defined in, or you might have mixed up default and named imports.\n    at createFiberFromTypeAndProps (C:\\Users\\anksaini1\\Documents\\project\\atomic-react-components\\node_modules\\react-dom\\cjs\\react-dom.development.js:26629:21)\n    at createFiberFromElement (C:\\Users\\anksaini1\\Documents\\project\\atomic-react-components\\node_modules\\react-dom\\cjs\\react-dom.development.js:26652:15)\n    at createChild (C:\\Users\\anksaini1\\Documents\\project\\atomic-react-components\\node_modules\\react-dom\\cjs\\react-dom.development.js:14958:28)\n    at reconcileChildrenArray (C:\\Users\\anksaini1\\Documents\\project\\atomic-react-components\\node_modules\\react-dom\\cjs\\react-dom.development.js:15232:25)\n    at reconcileChildFibers (C:\\Users\\anksaini1\\Documents\\project\\atomic-react-components\\node_modules\\react-dom\\cjs\\react-dom.development.js:15598:14)\n    at reconcileChildren (C:\\Users\\anksaini1\\Documents\\project\\atomic-react-components\\node_modules\\react-dom\\cjs\\react-dom.development.js:18089:28)\n    at updateHostComponent (C:\\Users\\anksaini1\\Documents\\project\\atomic-react-components\\node_modules\\react-dom\\cjs\\react-dom.development.js:18611:3)\n    at beginWork$1 (C:\\Users\\anksaini1\\Documents\\project\\atomic-react-components\\node_modules\\react-dom\\cjs\\react-dom.development.js:20193:14)\n    at HTMLUnknownElement.callCallback (C:\\Users\\anksaini1\\Documents\\project\\atomic-react-components\\node_modules\\react-dom\\cjs\\react-dom.development.js:336:14)\n    at invokeEventListeners (C:\\Users\\anksaini1\\Documents\\project\\atomic-react-components\\node_modules\\jsdom\\lib\\jsdom\\living\\events\\EventTarget-impl.js:193:27)\n    at HTMLUnknownElementImpl._dispatch (C:\\Users\\anksaini1\\Documents\\project\\atomic-react-components\\node_modules\\jsdom\\lib\\jsdom\\living\\events\\EventTarget-impl.js:119:9)\n    at HTMLUnknownElementImpl.dispatchEvent (C:\\Users\\anksaini1\\Documents\\project\\atomic-react-components\\node_modules\\jsdom\\lib\\jsdom\\living\\events\\EventTarget-impl.js:82:17)\n    at HTMLUnknownElementImpl.dispatchEvent (C:\\Users\\anksaini1\\Documents\\project\\atomic-react-components\\node_modules\\jsdom\\lib\\jsdom\\living\\nodes\\HTMLElement-impl.js:30:27)\n    at HTMLUnknownElement.dispatchEvent (C:\\Users\\anksaini1\\Documents\\project\\atomic-react-components\\node_modules\\jsdom\\lib\\jsdom\\living\\generated\\EventTarget.js:157:21)\n    at Object.invokeGuardedCallbackDev (C:\\Users\\anksaini1\\Documents\\project\\atomic-react-components\\node_modules\\react-dom\\cjs\\react-dom.development.js:385:16)\n    at invokeGuardedCallback (C:\\Users\\anksaini1\\Documents\\project\\atomic-react-components\\node_modules\\react-dom\\cjs\\react-dom.development.js:440:31)\n    at beginWork$$1 (C:\\Users\\anksaini1\\Documents\\project\\atomic-react-components\\node_modules\\react-dom\\cjs\\react-dom.development.js:25780:7)\n    at performUnitOfWork (C:\\Users\\anksaini1\\Documents\\project\\atomic-react-components\\node_modules\\react-dom\\cjs\\react-dom.development.js:24698:12)\n    at workLoopSync (C:\\Users\\anksaini1\\Documents\\project\\atomic-react-components\\node_modules\\react-dom\\cjs\\react-dom.development.js:24671:22)\n    at performSyncWorkOnRoot (C:\\Users\\anksaini1\\Documents\\project\\atomic-react-components\\node_modules\\react-dom\\cjs\\react-dom.development.js:24270:11)\n    at scheduleUpdateOnFiber (C:\\Users\\anksaini1\\Documents\\project\\atomic-react-components\\node_modules\\react-dom\\cjs\\react-dom.development.js:23698:7)\n    at updateContainer (C:\\Users\\anksaini1\\Documents\\project\\atomic-react-components\\node_modules\\react-dom\\cjs\\react-dom.development.js:27103:3)\n    at C:\\Users\\anksaini1\\Documents\\project\\atomic-react-components\\node_modules\\react-dom\\cjs\\react-dom.development.js:27528:7\n    at unbatchedUpdates (C:\\Users\\anksaini1\\Documents\\project\\atomic-react-components\\node_modules\\react-dom\\cjs\\react-dom.development.js:24433:12)\n    at legacyRenderSubtreeIntoContainer (C:\\Users\\anksaini1\\Documents\\project\\atomic-react-components\\node_modules\\react-dom\\cjs\\react-dom.development.js:27527:5)\n    at Object.render (C:\\Users\\anksaini1\\Documents\\project\\atomic-react-components\\node_modules\\react-dom\\cjs\\react-dom.development.js:27608:10)\n    at fn (C:\\Users\\anksaini1\\Documents\\project\\atomic-react-components\\node_modules\\enzyme-adapter-react-16\\src\\ReactSixteenAdapter.js:430:26)\n    at C:\\Users\\anksaini1\\Documents\\project\\atomic-react-components\\node_modules\\enzyme-adapter-react-16\\src\\ReactSixteenAdapter.js:347:37\n    at batchedUpdates$1 (C:\\Users\\anksaini1\\Documents\\project\\atomic-react-components\\node_modules\\react-dom\\cjs\\react-dom.development.js:24386:12)\n    at Object.act (C:\\Users\\anksaini1\\Documents\\project\\atomic-react-components\\node_modules\\react-dom\\cjs\\react-dom-test-utils.development.js:1092:14)\n    at wrapAct (C:\\Users\\anksaini1\\Documents\\project\\atomic-react-components\\node_modules\\enzyme-adapter-react-16\\src\\ReactSixteenAdapter.js:347:13)\n    at Object.render (C:\\Users\\anksaini1\\Documents\\project\\atomic-react-components\\node_modules\\enzyme-adapter-react-16\\src\\ReactSixteenAdapter.js:416:16)\n    at new ReactWrapper (C:\\Users\\anksaini1\\Documents\\project\\atomic-react-components\\node_modules\\enzyme\\src\\ReactWrapper.js:115:16)\n    at mount (C:\\Users\\anksaini1\\Documents\\project\\atomic-react-components\\node_modules\\enzyme\\src\\mount.js:10:10)\n    at Object.<anonymous> (C:\\Users\\anksaini1\\Documents\\project\\atomic-react-components\\lib\\components\\molecules\\Table\\tests\\Table.test.js:28:15)\n    at Object.asyncJestLifecycle (C:\\Users\\anksaini1\\Documents\\project\\atomic-react-components\\node_modules\\jest-jasmine2\\build\\jasmineAsyncInstall.js:53:37)\n    at C:\\Users\\anksaini1\\Documents\\project\\atomic-react-components\\node_modules\\jest-jasmine2\\build\\queueRunner.js:43:12\n    at new Promise (<anonymous>)\n    at mapper (C:\\Users\\anksaini1\\Documents\\project\\atomic-react-components\\node_modules\\jest-jasmine2\\build\\queueRunner.js:26:19)\n    at C:\\Users\\anksaini1\\Documents\\project\\atomic-react-components\\node_modules\\jest-jasmine2\\build\\queueRunner.js:73:41\n    at processTicksAndRejections (internal/process/task_queues.js:93:5)",
            "TypeError: Cannot read property 'forEach' of undefined\n    at Object.<anonymous> (C:\\Users\\anksaini1\\Documents\\project\\atomic-react-components\\lib\\components\\molecules\\Table\\tests\\Table.test.js:64:10)\n    at Object.asyncJestTest (C:\\Users\\anksaini1\\Documents\\project\\atomic-react-components\\node_modules\\jest-jasmine2\\build\\jasmineAsyncInstall.js:102:37)\n    at C:\\Users\\anksaini1\\Documents\\project\\atomic-react-components\\node_modules\\jest-jasmine2\\build\\queueRunner.js:43:12\n    at new Promise (<anonymous>)\n    at mapper (C:\\Users\\anksaini1\\Documents\\project\\atomic-react-components\\node_modules\\jest-jasmine2\\build\\queueRunner.js:26:19)\n    at C:\\Users\\anksaini1\\Documents\\project\\atomic-react-components\\node_modules\\jest-jasmine2\\build\\queueRunner.js:73:41\n    at processTicksAndRejections (internal/process/task_queues.js:93:5)"
          ],
          "fullName": "Table should loop through each row and check the content",
          "location": null,
          "status": "failed",
          "title": "should loop through each row and check the content"
        }
      ],
      "endTime": 1576157108813,
      "message": "\u001b[1m\u001b[31m  \u001b[1m● \u001b[1mTable › should render correctly\u001b[39m\u001b[22m\n\n    Element type is invalid: expected a string (for built-in components) or a class/function (for composite components) but got: undefined. You likely forgot to export your component from the file it's defined in, or you might have mixed up default and named imports.\n\u001b[2m\u001b[22m\n\u001b[2m    \u001b[0m \u001b[90m 26 | \u001b[39m  ]\u001b[33m;\u001b[39m\u001b[0m\u001b[22m\n\u001b[2m    \u001b[0m \u001b[90m 27 | \u001b[39m  beforeEach(() \u001b[33m=>\u001b[39m {\u001b[0m\u001b[22m\n\u001b[2m    \u001b[0m\u001b[31m\u001b[1m>\u001b[2m\u001b[39m\u001b[90m 28 | \u001b[39m    wrapper \u001b[33m=\u001b[39m mount(\u001b[0m\u001b[22m\n\u001b[2m    \u001b[0m \u001b[90m    | \u001b[39m              \u001b[31m\u001b[1m^\u001b[2m\u001b[39m\u001b[0m\u001b[22m\n\u001b[2m    \u001b[0m \u001b[90m 29 | \u001b[39m      \u001b[33m<\u001b[39m\u001b[33mTableVanilla\u001b[39m data\u001b[33m=\u001b[39m{data}\u001b[33m>\u001b[39m\u001b[0m\u001b[22m\n\u001b[2m    \u001b[0m \u001b[90m 30 | \u001b[39m        \u001b[33m<\u001b[39m\u001b[33mTableVanilla\u001b[39m\u001b[33m.\u001b[39m\u001b[33mCells\u001b[39m dataMappingKey\u001b[33m=\u001b[39m\u001b[32m\"name\"\u001b[39m render\u001b[33m=\u001b[39m{{ content\u001b[33m:\u001b[39m \u001b[32m'Dessert (100g serving)'\u001b[39m }} \u001b[33m/\u001b[39m\u001b[33m>\u001b[39m\u001b[0m\u001b[22m\n\u001b[2m    \u001b[0m \u001b[90m 31 | \u001b[39m        \u001b[33m<\u001b[39m\u001b[33mTableVanilla\u001b[39m\u001b[33m.\u001b[39m\u001b[33mCells\u001b[39m dataMappingKey\u001b[33m=\u001b[39m\u001b[32m\"calories\"\u001b[39m render\u001b[33m=\u001b[39m{{ content\u001b[33m:\u001b[39m \u001b[32m'Calories'\u001b[39m }} \u001b[33m/\u001b[39m\u001b[33m>\u001b[39m\u001b[0m\u001b[22m\n\u001b[2m\u001b[22m\n\u001b[2m      \u001b[2mat createFiberFromTypeAndProps (\u001b[2mnode_modules/react-dom/cjs/react-dom.development.js\u001b[2m:26629:21)\u001b[2m\u001b[22m\n\u001b[2m      \u001b[2mat createFiberFromElement (\u001b[2mnode_modules/react-dom/cjs/react-dom.development.js\u001b[2m:26652:15)\u001b[2m\u001b[22m\n\u001b[2m      \u001b[2mat createChild (\u001b[2mnode_modules/react-dom/cjs/react-dom.development.js\u001b[2m:14958:28)\u001b[2m\u001b[22m\n\u001b[2m      \u001b[2mat reconcileChildrenArray (\u001b[2mnode_modules/react-dom/cjs/react-dom.development.js\u001b[2m:15232:25)\u001b[2m\u001b[22m\n\u001b[2m      \u001b[2mat reconcileChildFibers (\u001b[2mnode_modules/react-dom/cjs/react-dom.development.js\u001b[2m:15598:14)\u001b[2m\u001b[22m\n\u001b[2m      \u001b[2mat reconcileChildren (\u001b[2mnode_modules/react-dom/cjs/react-dom.development.js\u001b[2m:18089:28)\u001b[2m\u001b[22m\n\u001b[2m      \u001b[2mat updateHostComponent (\u001b[2mnode_modules/react-dom/cjs/react-dom.development.js\u001b[2m:18611:3)\u001b[2m\u001b[22m\n\u001b[2m      \u001b[2mat beginWork$1 (\u001b[2mnode_modules/react-dom/cjs/react-dom.development.js\u001b[2m:20193:14)\u001b[2m\u001b[22m\n\u001b[2m      \u001b[2mat HTMLUnknownElement.callCallback (\u001b[2mnode_modules/react-dom/cjs/react-dom.development.js\u001b[2m:336:14)\u001b[2m\u001b[22m\n\u001b[2m      \u001b[2mat invokeEventListeners (\u001b[2mnode_modules/jsdom/lib/jsdom/living/events/EventTarget-impl.js\u001b[2m:193:27)\u001b[2m\u001b[22m\n\u001b[2m      \u001b[2mat HTMLUnknownElementImpl._dispatch (\u001b[2mnode_modules/jsdom/lib/jsdom/living/events/EventTarget-impl.js\u001b[2m:119:9)\u001b[2m\u001b[22m\n\u001b[2m      \u001b[2mat HTMLUnknownElementImpl.dispatchEvent (\u001b[2mnode_modules/jsdom/lib/jsdom/living/events/EventTarget-impl.js\u001b[2m:82:17)\u001b[2m\u001b[22m\n\u001b[2m      \u001b[2mat HTMLUnknownElementImpl.dispatchEvent (\u001b[2mnode_modules/jsdom/lib/jsdom/living/nodes/HTMLElement-impl.js\u001b[2m:30:27)\u001b[2m\u001b[22m\n\u001b[2m      \u001b[2mat HTMLUnknownElement.dispatchEvent (\u001b[2mnode_modules/jsdom/lib/jsdom/living/generated/EventTarget.js\u001b[2m:157:21)\u001b[2m\u001b[22m\n\u001b[2m      \u001b[2mat Object.invokeGuardedCallbackDev (\u001b[2mnode_modules/react-dom/cjs/react-dom.development.js\u001b[2m:385:16)\u001b[2m\u001b[22m\n\u001b[2m      \u001b[2mat invokeGuardedCallback (\u001b[2mnode_modules/react-dom/cjs/react-dom.development.js\u001b[2m:440:31)\u001b[2m\u001b[22m\n\u001b[2m      \u001b[2mat beginWork$$1 (\u001b[2mnode_modules/react-dom/cjs/react-dom.development.js\u001b[2m:25780:7)\u001b[2m\u001b[22m\n\u001b[2m      \u001b[2mat performUnitOfWork (\u001b[2mnode_modules/react-dom/cjs/react-dom.development.js\u001b[2m:24698:12)\u001b[2m\u001b[22m\n\u001b[2m      \u001b[2mat workLoopSync (\u001b[2mnode_modules/react-dom/cjs/react-dom.development.js\u001b[2m:24671:22)\u001b[2m\u001b[22m\n\u001b[2m      \u001b[2mat performSyncWorkOnRoot (\u001b[2mnode_modules/react-dom/cjs/react-dom.development.js\u001b[2m:24270:11)\u001b[2m\u001b[22m\n\u001b[2m      \u001b[2mat scheduleUpdateOnFiber (\u001b[2mnode_modules/react-dom/cjs/react-dom.development.js\u001b[2m:23698:7)\u001b[2m\u001b[22m\n\u001b[2m      \u001b[2mat updateContainer (\u001b[2mnode_modules/react-dom/cjs/react-dom.development.js\u001b[2m:27103:3)\u001b[2m\u001b[22m\n\u001b[2m      \u001b[2mat \u001b[2mnode_modules/react-dom/cjs/react-dom.development.js\u001b[2m:27528:7\u001b[2m\u001b[22m\n\u001b[2m      \u001b[2mat unbatchedUpdates (\u001b[2mnode_modules/react-dom/cjs/react-dom.development.js\u001b[2m:24433:12)\u001b[2m\u001b[22m\n\u001b[2m      \u001b[2mat legacyRenderSubtreeIntoContainer (\u001b[2mnode_modules/react-dom/cjs/react-dom.development.js\u001b[2m:27527:5)\u001b[2m\u001b[22m\n\u001b[2m      \u001b[2mat Object.render (\u001b[2mnode_modules/react-dom/cjs/react-dom.development.js\u001b[2m:27608:10)\u001b[2m\u001b[22m\n\u001b[2m      \u001b[2mat fn (\u001b[2mnode_modules/enzyme-adapter-react-16/src/ReactSixteenAdapter.js\u001b[2m:430:26)\u001b[2m\u001b[22m\n\u001b[2m      \u001b[2mat \u001b[2mnode_modules/enzyme-adapter-react-16/src/ReactSixteenAdapter.js\u001b[2m:347:37\u001b[2m\u001b[22m\n\u001b[2m      \u001b[2mat batchedUpdates$1 (\u001b[2mnode_modules/react-dom/cjs/react-dom.development.js\u001b[2m:24386:12)\u001b[2m\u001b[22m\n\u001b[2m      \u001b[2mat Object.act (\u001b[2mnode_modules/react-dom/cjs/react-dom-test-utils.development.js\u001b[2m:1092:14)\u001b[2m\u001b[22m\n\u001b[2m      \u001b[2mat wrapAct (\u001b[2mnode_modules/enzyme-adapter-react-16/src/ReactSixteenAdapter.js\u001b[2m:347:13)\u001b[2m\u001b[22m\n\u001b[2m      \u001b[2mat Object.render (\u001b[2mnode_modules/enzyme-adapter-react-16/src/ReactSixteenAdapter.js\u001b[2m:416:16)\u001b[2m\u001b[22m\n\u001b[2m      \u001b[2mat new ReactWrapper (\u001b[2mnode_modules/enzyme/src/ReactWrapper.js\u001b[2m:115:16)\u001b[2m\u001b[22m\n\u001b[2m      \u001b[2mat mount (\u001b[2mnode_modules/enzyme/src/mount.js\u001b[2m:10:10)\u001b[2m\u001b[22m\n\u001b[2m      \u001b[2mat Object.<anonymous> (\u001b[2m\u001b[0m\u001b[36mlib/components/molecules/Table/tests/Table.test.js\u001b[39m\u001b[0m\u001b[2m:28:15)\u001b[2m\u001b[22m\n\n\u001b[1m\u001b[31m  \u001b[1m● \u001b[1mTable › should have table component\u001b[39m\u001b[22m\n\n    Element type is invalid: expected a string (for built-in components) or a class/function (for composite components) but got: undefined. You likely forgot to export your component from the file it's defined in, or you might have mixed up default and named imports.\n\u001b[2m\u001b[22m\n\u001b[2m    \u001b[0m \u001b[90m 26 | \u001b[39m  ]\u001b[33m;\u001b[39m\u001b[0m\u001b[22m\n\u001b[2m    \u001b[0m \u001b[90m 27 | \u001b[39m  beforeEach(() \u001b[33m=>\u001b[39m {\u001b[0m\u001b[22m\n\u001b[2m    \u001b[0m\u001b[31m\u001b[1m>\u001b[2m\u001b[39m\u001b[90m 28 | \u001b[39m    wrapper \u001b[33m=\u001b[39m mount(\u001b[0m\u001b[22m\n\u001b[2m    \u001b[0m \u001b[90m    | \u001b[39m              \u001b[31m\u001b[1m^\u001b[2m\u001b[39m\u001b[0m\u001b[22m\n\u001b[2m    \u001b[0m \u001b[90m 29 | \u001b[39m      \u001b[33m<\u001b[39m\u001b[33mTableVanilla\u001b[39m data\u001b[33m=\u001b[39m{data}\u001b[33m>\u001b[39m\u001b[0m\u001b[22m\n\u001b[2m    \u001b[0m \u001b[90m 30 | \u001b[39m        \u001b[33m<\u001b[39m\u001b[33mTableVanilla\u001b[39m\u001b[33m.\u001b[39m\u001b[33mCells\u001b[39m dataMappingKey\u001b[33m=\u001b[39m\u001b[32m\"name\"\u001b[39m render\u001b[33m=\u001b[39m{{ content\u001b[33m:\u001b[39m \u001b[32m'Dessert (100g serving)'\u001b[39m }} \u001b[33m/\u001b[39m\u001b[33m>\u001b[39m\u001b[0m\u001b[22m\n\u001b[2m    \u001b[0m \u001b[90m 31 | \u001b[39m        \u001b[33m<\u001b[39m\u001b[33mTableVanilla\u001b[39m\u001b[33m.\u001b[39m\u001b[33mCells\u001b[39m dataMappingKey\u001b[33m=\u001b[39m\u001b[32m\"calories\"\u001b[39m render\u001b[33m=\u001b[39m{{ content\u001b[33m:\u001b[39m \u001b[32m'Calories'\u001b[39m }} \u001b[33m/\u001b[39m\u001b[33m>\u001b[39m\u001b[0m\u001b[22m\n\u001b[2m\u001b[22m\n\u001b[2m      \u001b[2mat createFiberFromTypeAndProps (\u001b[2mnode_modules/react-dom/cjs/react-dom.development.js\u001b[2m:26629:21)\u001b[2m\u001b[22m\n\u001b[2m      \u001b[2mat createFiberFromElement (\u001b[2mnode_modules/react-dom/cjs/react-dom.development.js\u001b[2m:26652:15)\u001b[2m\u001b[22m\n\u001b[2m      \u001b[2mat createChild (\u001b[2mnode_modules/react-dom/cjs/react-dom.development.js\u001b[2m:14958:28)\u001b[2m\u001b[22m\n\u001b[2m      \u001b[2mat reconcileChildrenArray (\u001b[2mnode_modules/react-dom/cjs/react-dom.development.js\u001b[2m:15232:25)\u001b[2m\u001b[22m\n\u001b[2m      \u001b[2mat reconcileChildFibers (\u001b[2mnode_modules/react-dom/cjs/react-dom.development.js\u001b[2m:15598:14)\u001b[2m\u001b[22m\n\u001b[2m      \u001b[2mat reconcileChildren (\u001b[2mnode_modules/react-dom/cjs/react-dom.development.js\u001b[2m:18089:28)\u001b[2m\u001b[22m\n\u001b[2m      \u001b[2mat updateHostComponent (\u001b[2mnode_modules/react-dom/cjs/react-dom.development.js\u001b[2m:18611:3)\u001b[2m\u001b[22m\n\u001b[2m      \u001b[2mat beginWork$1 (\u001b[2mnode_modules/react-dom/cjs/react-dom.development.js\u001b[2m:20193:14)\u001b[2m\u001b[22m\n\u001b[2m      \u001b[2mat HTMLUnknownElement.callCallback (\u001b[2mnode_modules/react-dom/cjs/react-dom.development.js\u001b[2m:336:14)\u001b[2m\u001b[22m\n\u001b[2m      \u001b[2mat invokeEventListeners (\u001b[2mnode_modules/jsdom/lib/jsdom/living/events/EventTarget-impl.js\u001b[2m:193:27)\u001b[2m\u001b[22m\n\u001b[2m      \u001b[2mat HTMLUnknownElementImpl._dispatch (\u001b[2mnode_modules/jsdom/lib/jsdom/living/events/EventTarget-impl.js\u001b[2m:119:9)\u001b[2m\u001b[22m\n\u001b[2m      \u001b[2mat HTMLUnknownElementImpl.dispatchEvent (\u001b[2mnode_modules/jsdom/lib/jsdom/living/events/EventTarget-impl.js\u001b[2m:82:17)\u001b[2m\u001b[22m\n\u001b[2m      \u001b[2mat HTMLUnknownElementImpl.dispatchEvent (\u001b[2mnode_modules/jsdom/lib/jsdom/living/nodes/HTMLElement-impl.js\u001b[2m:30:27)\u001b[2m\u001b[22m\n\u001b[2m      \u001b[2mat HTMLUnknownElement.dispatchEvent (\u001b[2mnode_modules/jsdom/lib/jsdom/living/generated/EventTarget.js\u001b[2m:157:21)\u001b[2m\u001b[22m\n\u001b[2m      \u001b[2mat Object.invokeGuardedCallbackDev (\u001b[2mnode_modules/react-dom/cjs/react-dom.development.js\u001b[2m:385:16)\u001b[2m\u001b[22m\n\u001b[2m      \u001b[2mat invokeGuardedCallback (\u001b[2mnode_modules/react-dom/cjs/react-dom.development.js\u001b[2m:440:31)\u001b[2m\u001b[22m\n\u001b[2m      \u001b[2mat beginWork$$1 (\u001b[2mnode_modules/react-dom/cjs/react-dom.development.js\u001b[2m:25780:7)\u001b[2m\u001b[22m\n\u001b[2m      \u001b[2mat performUnitOfWork (\u001b[2mnode_modules/react-dom/cjs/react-dom.development.js\u001b[2m:24698:12)\u001b[2m\u001b[22m\n\u001b[2m      \u001b[2mat workLoopSync (\u001b[2mnode_modules/react-dom/cjs/react-dom.development.js\u001b[2m:24671:22)\u001b[2m\u001b[22m\n\u001b[2m      \u001b[2mat performSyncWorkOnRoot (\u001b[2mnode_modules/react-dom/cjs/react-dom.development.js\u001b[2m:24270:11)\u001b[2m\u001b[22m\n\u001b[2m      \u001b[2mat scheduleUpdateOnFiber (\u001b[2mnode_modules/react-dom/cjs/react-dom.development.js\u001b[2m:23698:7)\u001b[2m\u001b[22m\n\u001b[2m      \u001b[2mat updateContainer (\u001b[2mnode_modules/react-dom/cjs/react-dom.development.js\u001b[2m:27103:3)\u001b[2m\u001b[22m\n\u001b[2m      \u001b[2mat \u001b[2mnode_modules/react-dom/cjs/react-dom.development.js\u001b[2m:27528:7\u001b[2m\u001b[22m\n\u001b[2m      \u001b[2mat unbatchedUpdates (\u001b[2mnode_modules/react-dom/cjs/react-dom.development.js\u001b[2m:24433:12)\u001b[2m\u001b[22m\n\u001b[2m      \u001b[2mat legacyRenderSubtreeIntoContainer (\u001b[2mnode_modules/react-dom/cjs/react-dom.development.js\u001b[2m:27527:5)\u001b[2m\u001b[22m\n\u001b[2m      \u001b[2mat Object.render (\u001b[2mnode_modules/react-dom/cjs/react-dom.development.js\u001b[2m:27608:10)\u001b[2m\u001b[22m\n\u001b[2m      \u001b[2mat fn (\u001b[2mnode_modules/enzyme-adapter-react-16/src/ReactSixteenAdapter.js\u001b[2m:430:26)\u001b[2m\u001b[22m\n\u001b[2m      \u001b[2mat \u001b[2mnode_modules/enzyme-adapter-react-16/src/ReactSixteenAdapter.js\u001b[2m:347:37\u001b[2m\u001b[22m\n\u001b[2m      \u001b[2mat batchedUpdates$1 (\u001b[2mnode_modules/react-dom/cjs/react-dom.development.js\u001b[2m:24386:12)\u001b[2m\u001b[22m\n\u001b[2m      \u001b[2mat Object.act (\u001b[2mnode_modules/react-dom/cjs/react-dom-test-utils.development.js\u001b[2m:1092:14)\u001b[2m\u001b[22m\n\u001b[2m      \u001b[2mat wrapAct (\u001b[2mnode_modules/enzyme-adapter-react-16/src/ReactSixteenAdapter.js\u001b[2m:347:13)\u001b[2m\u001b[22m\n\u001b[2m      \u001b[2mat Object.render (\u001b[2mnode_modules/enzyme-adapter-react-16/src/ReactSixteenAdapter.js\u001b[2m:416:16)\u001b[2m\u001b[22m\n\u001b[2m      \u001b[2mat new ReactWrapper (\u001b[2mnode_modules/enzyme/src/ReactWrapper.js\u001b[2m:115:16)\u001b[2m\u001b[22m\n\u001b[2m      \u001b[2mat mount (\u001b[2mnode_modules/enzyme/src/mount.js\u001b[2m:10:10)\u001b[2m\u001b[22m\n\u001b[2m      \u001b[2mat Object.<anonymous> (\u001b[2m\u001b[0m\u001b[36mlib/components/molecules/Table/tests/Table.test.js\u001b[39m\u001b[0m\u001b[2m:28:15)\u001b[2m\u001b[22m\n\n\u001b[1m\u001b[31m  \u001b[1m● \u001b[1mTable › should have table component\u001b[39m\u001b[22m\n\n    TypeError: Cannot read property 'length' of undefined\n\u001b[2m\u001b[22m\n\u001b[2m    \u001b[0m \u001b[90m 47 | \u001b[39m\u001b[0m\u001b[22m\n\u001b[2m    \u001b[0m \u001b[90m 48 | \u001b[39m  it(\u001b[32m'should have table component'\u001b[39m\u001b[33m,\u001b[39m () \u001b[33m=>\u001b[39m {\u001b[0m\u001b[22m\n\u001b[2m    \u001b[0m\u001b[31m\u001b[1m>\u001b[2m\u001b[39m\u001b[90m 49 | \u001b[39m    expect(table\u001b[33m.\u001b[39mlength)\u001b[33m.\u001b[39mtoEqual(\u001b[35m1\u001b[39m)\u001b[33m;\u001b[39m\u001b[0m\u001b[22m\n\u001b[2m    \u001b[0m \u001b[90m    | \u001b[39m                 \u001b[31m\u001b[1m^\u001b[2m\u001b[39m\u001b[0m\u001b[22m\n\u001b[2m    \u001b[0m \u001b[90m 50 | \u001b[39m  })\u001b[33m;\u001b[39m\u001b[0m\u001b[22m\n\u001b[2m    \u001b[0m \u001b[90m 51 | \u001b[39m  it(\u001b[32m'should have thead component'\u001b[39m\u001b[33m,\u001b[39m () \u001b[33m=>\u001b[39m {\u001b[0m\u001b[22m\n\u001b[2m    \u001b[0m \u001b[90m 52 | \u001b[39m    expect(thead\u001b[33m.\u001b[39mlength)\u001b[33m.\u001b[39mtoEqual(\u001b[35m1\u001b[39m)\u001b[33m;\u001b[39m\u001b[0m\u001b[22m\n\u001b[2m\u001b[22m\n\u001b[2m      \u001b[2mat Object.<anonymous> (\u001b[2m\u001b[0m\u001b[36mlib/components/molecules/Table/tests/Table.test.js\u001b[39m\u001b[0m\u001b[2m:49:18)\u001b[2m\u001b[22m\n\n\u001b[1m\u001b[31m  \u001b[1m● \u001b[1mTable › should have thead component\u001b[39m\u001b[22m\n\n    Element type is invalid: expected a string (for built-in components) or a class/function (for composite components) but got: undefined. You likely forgot to export your component from the file it's defined in, or you might have mixed up default and named imports.\n\u001b[2m\u001b[22m\n\u001b[2m    \u001b[0m \u001b[90m 26 | \u001b[39m  ]\u001b[33m;\u001b[39m\u001b[0m\u001b[22m\n\u001b[2m    \u001b[0m \u001b[90m 27 | \u001b[39m  beforeEach(() \u001b[33m=>\u001b[39m {\u001b[0m\u001b[22m\n\u001b[2m    \u001b[0m\u001b[31m\u001b[1m>\u001b[2m\u001b[39m\u001b[90m 28 | \u001b[39m    wrapper \u001b[33m=\u001b[39m mount(\u001b[0m\u001b[22m\n\u001b[2m    \u001b[0m \u001b[90m    | \u001b[39m              \u001b[31m\u001b[1m^\u001b[2m\u001b[39m\u001b[0m\u001b[22m\n\u001b[2m    \u001b[0m \u001b[90m 29 | \u001b[39m      \u001b[33m<\u001b[39m\u001b[33mTableVanilla\u001b[39m data\u001b[33m=\u001b[39m{data}\u001b[33m>\u001b[39m\u001b[0m\u001b[22m\n\u001b[2m    \u001b[0m \u001b[90m 30 | \u001b[39m        \u001b[33m<\u001b[39m\u001b[33mTableVanilla\u001b[39m\u001b[33m.\u001b[39m\u001b[33mCells\u001b[39m dataMappingKey\u001b[33m=\u001b[39m\u001b[32m\"name\"\u001b[39m render\u001b[33m=\u001b[39m{{ content\u001b[33m:\u001b[39m \u001b[32m'Dessert (100g serving)'\u001b[39m }} \u001b[33m/\u001b[39m\u001b[33m>\u001b[39m\u001b[0m\u001b[22m\n\u001b[2m    \u001b[0m \u001b[90m 31 | \u001b[39m        \u001b[33m<\u001b[39m\u001b[33mTableVanilla\u001b[39m\u001b[33m.\u001b[39m\u001b[33mCells\u001b[39m dataMappingKey\u001b[33m=\u001b[39m\u001b[32m\"calories\"\u001b[39m render\u001b[33m=\u001b[39m{{ content\u001b[33m:\u001b[39m \u001b[32m'Calories'\u001b[39m }} \u001b[33m/\u001b[39m\u001b[33m>\u001b[39m\u001b[0m\u001b[22m\n\u001b[2m\u001b[22m\n\u001b[2m      \u001b[2mat createFiberFromTypeAndProps (\u001b[2mnode_modules/react-dom/cjs/react-dom.development.js\u001b[2m:26629:21)\u001b[2m\u001b[22m\n\u001b[2m      \u001b[2mat createFiberFromElement (\u001b[2mnode_modules/react-dom/cjs/react-dom.development.js\u001b[2m:26652:15)\u001b[2m\u001b[22m\n\u001b[2m      \u001b[2mat createChild (\u001b[2mnode_modules/react-dom/cjs/react-dom.development.js\u001b[2m:14958:28)\u001b[2m\u001b[22m\n\u001b[2m      \u001b[2mat reconcileChildrenArray (\u001b[2mnode_modules/react-dom/cjs/react-dom.development.js\u001b[2m:15232:25)\u001b[2m\u001b[22m\n\u001b[2m      \u001b[2mat reconcileChildFibers (\u001b[2mnode_modules/react-dom/cjs/react-dom.development.js\u001b[2m:15598:14)\u001b[2m\u001b[22m\n\u001b[2m      \u001b[2mat reconcileChildren (\u001b[2mnode_modules/react-dom/cjs/react-dom.development.js\u001b[2m:18089:28)\u001b[2m\u001b[22m\n\u001b[2m      \u001b[2mat updateHostComponent (\u001b[2mnode_modules/react-dom/cjs/react-dom.development.js\u001b[2m:18611:3)\u001b[2m\u001b[22m\n\u001b[2m      \u001b[2mat beginWork$1 (\u001b[2mnode_modules/react-dom/cjs/react-dom.development.js\u001b[2m:20193:14)\u001b[2m\u001b[22m\n\u001b[2m      \u001b[2mat HTMLUnknownElement.callCallback (\u001b[2mnode_modules/react-dom/cjs/react-dom.development.js\u001b[2m:336:14)\u001b[2m\u001b[22m\n\u001b[2m      \u001b[2mat invokeEventListeners (\u001b[2mnode_modules/jsdom/lib/jsdom/living/events/EventTarget-impl.js\u001b[2m:193:27)\u001b[2m\u001b[22m\n\u001b[2m      \u001b[2mat HTMLUnknownElementImpl._dispatch (\u001b[2mnode_modules/jsdom/lib/jsdom/living/events/EventTarget-impl.js\u001b[2m:119:9)\u001b[2m\u001b[22m\n\u001b[2m      \u001b[2mat HTMLUnknownElementImpl.dispatchEvent (\u001b[2mnode_modules/jsdom/lib/jsdom/living/events/EventTarget-impl.js\u001b[2m:82:17)\u001b[2m\u001b[22m\n\u001b[2m      \u001b[2mat HTMLUnknownElementImpl.dispatchEvent (\u001b[2mnode_modules/jsdom/lib/jsdom/living/nodes/HTMLElement-impl.js\u001b[2m:30:27)\u001b[2m\u001b[22m\n\u001b[2m      \u001b[2mat HTMLUnknownElement.dispatchEvent (\u001b[2mnode_modules/jsdom/lib/jsdom/living/generated/EventTarget.js\u001b[2m:157:21)\u001b[2m\u001b[22m\n\u001b[2m      \u001b[2mat Object.invokeGuardedCallbackDev (\u001b[2mnode_modules/react-dom/cjs/react-dom.development.js\u001b[2m:385:16)\u001b[2m\u001b[22m\n\u001b[2m      \u001b[2mat invokeGuardedCallback (\u001b[2mnode_modules/react-dom/cjs/react-dom.development.js\u001b[2m:440:31)\u001b[2m\u001b[22m\n\u001b[2m      \u001b[2mat beginWork$$1 (\u001b[2mnode_modules/react-dom/cjs/react-dom.development.js\u001b[2m:25780:7)\u001b[2m\u001b[22m\n\u001b[2m      \u001b[2mat performUnitOfWork (\u001b[2mnode_modules/react-dom/cjs/react-dom.development.js\u001b[2m:24698:12)\u001b[2m\u001b[22m\n\u001b[2m      \u001b[2mat workLoopSync (\u001b[2mnode_modules/react-dom/cjs/react-dom.development.js\u001b[2m:24671:22)\u001b[2m\u001b[22m\n\u001b[2m      \u001b[2mat performSyncWorkOnRoot (\u001b[2mnode_modules/react-dom/cjs/react-dom.development.js\u001b[2m:24270:11)\u001b[2m\u001b[22m\n\u001b[2m      \u001b[2mat scheduleUpdateOnFiber (\u001b[2mnode_modules/react-dom/cjs/react-dom.development.js\u001b[2m:23698:7)\u001b[2m\u001b[22m\n\u001b[2m      \u001b[2mat updateContainer (\u001b[2mnode_modules/react-dom/cjs/react-dom.development.js\u001b[2m:27103:3)\u001b[2m\u001b[22m\n\u001b[2m      \u001b[2mat \u001b[2mnode_modules/react-dom/cjs/react-dom.development.js\u001b[2m:27528:7\u001b[2m\u001b[22m\n\u001b[2m      \u001b[2mat unbatchedUpdates (\u001b[2mnode_modules/react-dom/cjs/react-dom.development.js\u001b[2m:24433:12)\u001b[2m\u001b[22m\n\u001b[2m      \u001b[2mat legacyRenderSubtreeIntoContainer (\u001b[2mnode_modules/react-dom/cjs/react-dom.development.js\u001b[2m:27527:5)\u001b[2m\u001b[22m\n\u001b[2m      \u001b[2mat Object.render (\u001b[2mnode_modules/react-dom/cjs/react-dom.development.js\u001b[2m:27608:10)\u001b[2m\u001b[22m\n\u001b[2m      \u001b[2mat fn (\u001b[2mnode_modules/enzyme-adapter-react-16/src/ReactSixteenAdapter.js\u001b[2m:430:26)\u001b[2m\u001b[22m\n\u001b[2m      \u001b[2mat \u001b[2mnode_modules/enzyme-adapter-react-16/src/ReactSixteenAdapter.js\u001b[2m:347:37\u001b[2m\u001b[22m\n\u001b[2m      \u001b[2mat batchedUpdates$1 (\u001b[2mnode_modules/react-dom/cjs/react-dom.development.js\u001b[2m:24386:12)\u001b[2m\u001b[22m\n\u001b[2m      \u001b[2mat Object.act (\u001b[2mnode_modules/react-dom/cjs/react-dom-test-utils.development.js\u001b[2m:1092:14)\u001b[2m\u001b[22m\n\u001b[2m      \u001b[2mat wrapAct (\u001b[2mnode_modules/enzyme-adapter-react-16/src/ReactSixteenAdapter.js\u001b[2m:347:13)\u001b[2m\u001b[22m\n\u001b[2m      \u001b[2mat Object.render (\u001b[2mnode_modules/enzyme-adapter-react-16/src/ReactSixteenAdapter.js\u001b[2m:416:16)\u001b[2m\u001b[22m\n\u001b[2m      \u001b[2mat new ReactWrapper (\u001b[2mnode_modules/enzyme/src/ReactWrapper.js\u001b[2m:115:16)\u001b[2m\u001b[22m\n\u001b[2m      \u001b[2mat mount (\u001b[2mnode_modules/enzyme/src/mount.js\u001b[2m:10:10)\u001b[2m\u001b[22m\n\u001b[2m      \u001b[2mat Object.<anonymous> (\u001b[2m\u001b[0m\u001b[36mlib/components/molecules/Table/tests/Table.test.js\u001b[39m\u001b[0m\u001b[2m:28:15)\u001b[2m\u001b[22m\n\n\u001b[1m\u001b[31m  \u001b[1m● \u001b[1mTable › should have thead component\u001b[39m\u001b[22m\n\n    TypeError: Cannot read property 'length' of undefined\n\u001b[2m\u001b[22m\n\u001b[2m    \u001b[0m \u001b[90m 50 | \u001b[39m  })\u001b[33m;\u001b[39m\u001b[0m\u001b[22m\n\u001b[2m    \u001b[0m \u001b[90m 51 | \u001b[39m  it(\u001b[32m'should have thead component'\u001b[39m\u001b[33m,\u001b[39m () \u001b[33m=>\u001b[39m {\u001b[0m\u001b[22m\n\u001b[2m    \u001b[0m\u001b[31m\u001b[1m>\u001b[2m\u001b[39m\u001b[90m 52 | \u001b[39m    expect(thead\u001b[33m.\u001b[39mlength)\u001b[33m.\u001b[39mtoEqual(\u001b[35m1\u001b[39m)\u001b[33m;\u001b[39m\u001b[0m\u001b[22m\n\u001b[2m    \u001b[0m \u001b[90m    | \u001b[39m                 \u001b[31m\u001b[1m^\u001b[2m\u001b[39m\u001b[0m\u001b[22m\n\u001b[2m    \u001b[0m \u001b[90m 53 | \u001b[39m  })\u001b[33m;\u001b[39m\u001b[0m\u001b[22m\n\u001b[2m    \u001b[0m \u001b[90m 54 | \u001b[39m  it(\u001b[32m'should have tbody component'\u001b[39m\u001b[33m,\u001b[39m () \u001b[33m=>\u001b[39m {\u001b[0m\u001b[22m\n\u001b[2m    \u001b[0m \u001b[90m 55 | \u001b[39m    expect(tbody\u001b[33m.\u001b[39mlength)\u001b[33m.\u001b[39mtoEqual(\u001b[35m1\u001b[39m)\u001b[33m;\u001b[39m\u001b[0m\u001b[22m\n\u001b[2m\u001b[22m\n\u001b[2m      \u001b[2mat Object.<anonymous> (\u001b[2m\u001b[0m\u001b[36mlib/components/molecules/Table/tests/Table.test.js\u001b[39m\u001b[0m\u001b[2m:52:18)\u001b[2m\u001b[22m\n\n\u001b[1m\u001b[31m  \u001b[1m● \u001b[1mTable › should have tbody component\u001b[39m\u001b[22m\n\n    Element type is invalid: expected a string (for built-in components) or a class/function (for composite components) but got: undefined. You likely forgot to export your component from the file it's defined in, or you might have mixed up default and named imports.\n\u001b[2m\u001b[22m\n\u001b[2m    \u001b[0m \u001b[90m 26 | \u001b[39m  ]\u001b[33m;\u001b[39m\u001b[0m\u001b[22m\n\u001b[2m    \u001b[0m \u001b[90m 27 | \u001b[39m  beforeEach(() \u001b[33m=>\u001b[39m {\u001b[0m\u001b[22m\n\u001b[2m    \u001b[0m\u001b[31m\u001b[1m>\u001b[2m\u001b[39m\u001b[90m 28 | \u001b[39m    wrapper \u001b[33m=\u001b[39m mount(\u001b[0m\u001b[22m\n\u001b[2m    \u001b[0m \u001b[90m    | \u001b[39m              \u001b[31m\u001b[1m^\u001b[2m\u001b[39m\u001b[0m\u001b[22m\n\u001b[2m    \u001b[0m \u001b[90m 29 | \u001b[39m      \u001b[33m<\u001b[39m\u001b[33mTableVanilla\u001b[39m data\u001b[33m=\u001b[39m{data}\u001b[33m>\u001b[39m\u001b[0m\u001b[22m\n\u001b[2m    \u001b[0m \u001b[90m 30 | \u001b[39m        \u001b[33m<\u001b[39m\u001b[33mTable
[...]
        "2": { "start": { "line": 37, "column": 0 }, "end": { "line": 40, "column": 2 } }
      },
      "fnMap": {
        "0": {
          "name": "(anonymous_0)",
          "decl": { "start": { "line": 22, "column": 17 }, "end": { "line": 22, "column": 18 } },
          "loc": { "start": { "line": 23, "column": 2 }, "end": { "line": 34, "column": 8 } },
          "line": 23
        }
      },
      "branchMap": {},
      "s": { "0": 0, "1": 0, "2": 0 },
      "f": { "0": 0 },
      "b": {},
      "hash": "0e2649295aa0aec450ad4e006dae64d0f2493833"
    },
    "C:\\Users\\anksaini1\\Documents\\project\\atomic-react-components\\lib\\components\\molecules\\Tabs\\types\\index.js": {
      "path": "C:\\Users\\anksaini1\\Documents\\project\\atomic-react-components\\lib\\components\\molecules\\Tabs\\types\\index.js",
      "statementMap": {},
      "fnMap": {},
      "branchMap": {},
      "s": {},
      "f": {},
      "b": {},
      "hash": "e35c405b1eb7787ed8a7a542d3d4f8c94954d6b4"
    },
    "C:\\Users\\anksaini1\\Documents\\project\\atomic-react-components\\lib\\components\\molecules\\Tabs\\Tab\\Tab.style.js": {
      "path": "C:\\Users\\anksaini1\\Documents\\project\\atomic-react-components\\lib\\components\\molecules\\Tabs\\Tab\\Tab.style.js",
      "statementMap": {
        "0": { "start": { "line": 5, "column": 31 }, "end": { "line": 5, "column": 63 } },
        "1": { "start": { "line": 6, "column": 14 }, "end": { "line": 6, "column": 97 } },
        "2": { "start": { "line": 7, "column": 14 }, "end": { "line": 7, "column": 64 } }
      },
      "fnMap": {
        "0": {
          "name": "(anonymous_0)",
          "decl": { "start": { "line": 5, "column": 22 }, "end": { "line": 5, "column": 23 } },
          "loc": { "start": { "line": 5, "column": 31 }, "end": { "line": 5, "column": 63 } },
          "line": 5
        },
        "1": {
          "name": "(anonymous_1)",
          "decl": { "start": { "line": 6, "column": 4 }, "end": { "line": 6, "column": 5 } },
          "loc": { "start": { "line": 6, "column": 14 }, "end": { "line": 6, "column": 97 } },
          "line": 6
        },
        "2": {
          "name": "(anonymous_2)",
          "decl": { "start": { "line": 7, "column": 4 }, "end": { "line": 7, "column": 5 } },
          "loc": { "start": { "line": 7, "column": 14 }, "end": { "line": 7, "column": 64 } },
          "line": 7
        }
      },
      "branchMap": {
        "0": {
          "loc": { "start": { "line": 6, "column": 14 }, "end": { "line": 6, "column": 97 } },
          "type": "cond-expr",
          "locations": [
            { "start": { "line": 6, "column": 33 }, "end": { "line": 6, "column": 92 } },
            { "start": { "line": 6, "column": 95 }, "end": { "line": 6, "column": 97 } }
          ],
          "line": 6
        },
        "1": {
          "loc": { "start": { "line": 7, "column": 14 }, "end": { "line": 7, "column": 64 } },
          "type": "cond-expr",
          "locations": [
            { "start": { "line": 7, "column": 38 }, "end": { "line": 7, "column": 59 } },
            { "start": { "line": 7, "column": 62 }, "end": { "line": 7, "column": 64 } }
          ],
          "line": 7
        }
      },
      "s": { "0": 0, "1": 0, "2": 0 },
      "f": { "0": 0, "1": 0, "2": 0 },
      "b": { "0": [0, 0], "1": [0, 0] },
      "hash": "823d07828802782b93d32dd6de7fcf10df6861b5"
    },
    "C:\\Users\\anksaini1\\Documents\\project\\atomic-react-components\\lib\\components\\molecules\\Tabs\\Tabs.js": {
      "path": "C:\\Users\\anksaini1\\Documents\\project\\atomic-react-components\\lib\\components\\molecules\\Tabs\\Tabs.js",
      "statementMap": {
        "0": { "start": { "line": 19, "column": 4 }, "end": { "line": 19, "column": 17 } },
        "1": { "start": { "line": 20, "column": 4 }, "end": { "line": 20, "column": 63 } },
        "2": { "start": { "line": 24, "column": 37 }, "end": { "line": 24, "column": 47 } },
        "3": { "start": { "line": 25, "column": 4 }, "end": { "line": 25, "column": 37 } },
        "4": { "start": { "line": 28, "column": 20 }, "end": { "line": 36, "column": 3 } },
        "5": { "start": { "line": 29, "column": 28 }, "end": { "line": 29, "column": 38 } },
        "6": { "start": { "line": 30, "column": 4 }, "end": { "line": 32, "column": 7 } },
        "7": { "start": { "line": 33, "column": 4 }, "end": { "line": 35, "column": 5 } },
        "8": { "start": { "line": 34, "column": 6 }, "end": { "line": 34, "column": 25 } },
        "9": { "start": { "line": 38, "column": 13 }, "end": { "line": 47, "column": 3 } },
        "10": { "start": { "line": 39, "column": 4 }, "end": { "line": 39, "column": 23 } },
        "11": { "start": { "line": 40, "column": 30 }, "end": { "line": 40, "column": 40 } },
        "12": { "start": { "line": 42, "column": 4 }, "end": { "line": 44, "column": 5 } },
        "13": { "start": { "line": 43, "column": 6 }, "end": { "line": 43, "column": 13 } },
        "14": { "start": { "line": 46, "column": 4 }, "end": { "line": 46, "column": 32 } },
        "15": { "start": { "line": 49, "column": 15 }, "end": { "line": 70, "column": 3 } },
        "16": { "start": { "line": 50, "column": 4 }, "end": { "line": 54, "column": 5 } },
        "17": { "start": { "line": 51, "column": 6 }, "end": { "line": 51, "column": 25 } },
        "18": { "start": { "line": 53, "column": 6 }, "end": { "line": 53, "column": 13 } },
        "19": { "start": { "line": 56, "column": 30 }, "end": { "line": 56, "column": 40 } },
        "20": { "start": { "line": 57, "column": 28 }, "end": { "line": 57, "column": 38 } },
        "21": { "start": { "line": 61, "column": 4 }, "end": { "line": 67, "column": 5 } },
        "22": { "start": { "line": 62, "column": 6 }, "end": { "line": 62, "column": 38 } },
        "23": { "start": { "line": 63, "column": 11 }, "end": { "line": 67, "column": 5 } },
        "24": { "start": { "line": 64, "column": 6 }, "end": { "line": 64, "column": 38 } },
        "25": { "start": { "line": 66, "column": 6 }, "end": { "line": 66, "column": 13 } },
        "26": { "start": { "line": 69, "column": 4 }, "end": { "line": 69, "column": 38 } },
        "27": { "start": { "line": 82, "column": 8 }, "end": { "line": 82, "column": 18 } },
        "28": { "start": { "line": 83, "column": 30 }, "end": { "line": 83, "column": 40 } },
        "29": { "start": { "line": 84, "column": 24 }, "end": { "line": 88, "column": 5 } },
        "30": { "start": { "line": 89, "column": 4 }, "end": { "line": 124, "column": 6 } },
        "31": { "start": { "line": 95, "column": 16 }, "end": { "line": 105, "column": 22 } },
        "32": { "start": { "line": 112, "column": 14 }, "end": { "line": 120, "column": 25 } },
        "33": { "start": { "line": 128, "column": 0 }, "end": { "line": 136, "column": 2 } }
      },
      "fnMap": {
        "0": {
          "name": "(anonymous_0)",
          "decl": { "start": { "line": 18, "column": 2 }, "end": { "line": 18, "column": 3 } },
          "loc": { "start": { "line": 18, "column": 21 }, "end": { "line": 21, "column": 3 } },
          "line": 18
        },
        "1": {
          "name": "(anonymous_1)",
          "decl": { "start": { "line": 23, "column": 2 }, "end": { "line": 23, "column": 3 } },
          "loc": { "start": { "line": 23, "column": 24 }, "end": { "line": 26, "column": 3 } },
          "line": 23
        },
        "2": {
          "name": "(anonymous_2)",
          "decl": { "start": { "line": 28, "column": 20 }, "end": { "line": 28, "column": 21 } },
          "loc": { "start": { "line": 28, "column": 39 }, "end": { "line": 36, "column": 3 } },
          "line": 28
        },
        "3": {
          "name": "(anonymous_3)",
          "decl": { "start": { "line": 38, "column": 13 }, "end": { "line": 38, "column": 14 } },
          "loc": { "start": { "line": 38, "column": 53 }, "end": { "line": 47, "column": 3 } },
          "line": 38
        },
        "4": {
          "name": "(anonymous_4)",
          "decl": { "start": { "line": 49, "column": 15 }, "end": { "line": 49, "column": 16 } },
          "loc": { "start": { "line": 49, "column": 48 }, "end": { "line": 70, "column": 3 } },
          "line": 49
        },
        "5": {
          "name": "(anonymous_5)",
          "decl": { "start": { "line": 72, "column": 2 }, "end": { "line": 72, "column": 3 } },
          "loc": { "start": { "line": 72, "column": 11 }, "end": { "line": 125, "column": 3 } },
          "line": 72
        },
        "6": {
          "name": "(anonymous_6)",
          "decl": { "start": { "line": 94, "column": 30 }, "end": { "line": 94, "column": 31 } },
          "loc": { "start": { "line": 95, "column": 16 }, "end": { "line": 105, "column": 22 } },
          "line": 95
        },
        "7": {
          "name": "(anonymous_7)",
          "decl": { "start": { "line": 111, "column": 28 }, "end": { "line": 111, "column": 29 } },
          "loc": { "start": { "line": 112, "column": 14 }, "end": { "line": 120, "column": 25 } },
          "line": 112
        }
      },
      "branchMap": {
        "0": {
          "loc": { "start": { "line": 25, "column": 11 }, "end": { "line": 25, "column": 36 } },
          "type": "binary-expr",
          "locations": [
            { "start": { "line": 25, "column": 11 }, "end": { "line": 25, "column": 31 } },
            { "start": { "line": 25, "column": 35 }, "end": { "line": 25, "column": 36 } }
          ],
          "line": 25
        },
        "1": {
          "loc": { "start": { "line": 33, "column": 4 }, "end": { "line": 35, "column": 5 } },
          "type": "if",
          "locations": [
            { "start": { "line": 33, "column": 4 }, "end": { "line": 35, "column": 5 } },
            { "start": { "line": 33, "column": 4 }, "end": { "line": 35, "column": 5 } }
          ],
          "line": 33
        },
        "2": {
          "loc": { "start": { "line": 42, "column": 4 }, "end": { "line": 44, "column": 5 } },
          "type": "if",
          "locations": [
            { "start": { "line": 42, "column": 4 }, "end": { "line": 44, "column": 5 } },
            { "start": { "line": 42, "column": 4 }, "end": { "line": 44, "column": 5 } }
          ],
          "line": 42
        },
        "3": {
          "loc": { "start": { "line": 50, "column": 4 }, "end": { "line": 54, "column": 5 } },
          "type": "if",
          "locations": [
            { "start": { "line": 50, "column": 4 }, "end": { "line": 54, "column": 5 } },
            { "start": { "line": 50, "column": 4 }, "end": { "line": 54, "column": 5 } }
          ],
          "line": 50
        },
        "4": {
          "loc": { "start": { "line": 50, "column": 8 }, "end": { "line": 50, "column": 53 } },
          "type": "binary-expr",
          "locations": [
            { "start": { "line": 50, "column": 8 }, "end": { "line": 50, "column": 28 } },
            { "start": { "line": 50, "column": 32 }, "end": { "line": 50, "column": 53 } }
          ],
          "line": 50
        },
        "5": {
          "loc": { "start": { "line": 61, "column": 4 }, "end": { "line": 67, "column": 5 } },
          "type": "if",
          "locations": [
            { "start": { "line": 61, "column": 4 }, "end": { "line": 67, "column": 5 } },
            { "start": { "line": 61, "column": 4 }, "end": { "line": 67, "column": 5 } }
          ],
          "line": 61
        },
        "6": {
          "loc": { "start": { "line": 61, "column": 8 }, "end": { "line": 61, "column": 49 } },
          "type": "binary-expr",
          "locations": [
            { "start": { "line": 61, "column": 8 }, "end": { "line": 61, "column": 28 } },
            { "start": { "line": 61, "column": 32 }, "end": { "line": 61, "column": 49 } }
          ],
          "line": 61
        },
        "7": {
          "loc": { "start": { "line": 63, "column": 11 }, "end": { "line": 67, "column": 5 } },
          "type": "if",
          "locations": [
            { "start": { "line": 63, "column": 11 }, "end": { "line": 67, "column": 5 } },
            { "start": { "line": 63, "column": 11 }, "end": { "line": 67, "column": 5 } }
          ],
          "line": 63
        },
        "8": {
          "loc": { "start": { "line": 63, "column": 15 }, "end": { "line": 63, "column": 78 } },
          "type": "binary-expr",
          "locations": [
            { "start": { "line": 63, "column": 15 }, "end": { "line": 63, "column": 36 } },
            { "start": { "line": 63, "column": 40 }, "end": { "line": 63, "column": 78 } }
          ],
          "line": 63
        },
        "9": {
          "loc": { "start": { "line": 93, "column": 13 }, "end": { "line": 106, "column": 16 } },
          "type": "binary-expr",
          "locations": [
            { "start": { "line": 93, "column": 13 }, "end": { "line": 93, "column": 24 } },
            { "start": { "line": 94, "column": 14 }, "end": { "line": 106, "column": 16 } }
          ],
          "line": 93
        },
        "10": {
          "loc": { "start": { "line": 96, "column": 29 }, "end": { "line": 96, "column": 52 } },
          "type": "binary-expr",
          "locations": [
            { "start": { "line": 96, "column": 29 }, "end": { "line": 96, "column": 46 } },
            { "start": { "line": 96, "column": 50 }, "end": { "line": 96, "column": 52 } }
          ],
          "line": 96
        },
        "11": {
          "loc": { "start": { "line": 110, "column": 11 }, "end": { "line": 121, "column": 14 } },
          "type": "binary-expr",
          "locations": [
            { "start": { "line": 110, "column": 11 }, "end": { "line": 110, "column": 22 } },
            { "start": { "line": 111, "column": 12 }, "end": { "line": 121, "column": 14 } }
          ],
          "line": 110
        },
        "12": {
          "loc": { "start": { "line": 113, "column": 27 }, "end": { "line": 113, "column": 52 } },
          "type": "binary-expr",
          "locations": [
            { "start": { "line": 113, "column": 27 }, "end": { "line": 113, "column": 46 } },
            { "start": { "line": 113, "column": 50 }, "end": { "line": 113, "column": 52 } }
          ],
          "line": 113
        }
      },
      "s": {
        "0": 0,
        "1": 0,
        "2": 0,
        "3": 0,
        "4": 0,
        "5": 0,
        "6": 0,
        "7": 0,
        "8": 0,
        "9": 0,
        "10": 0,
        "11": 0,
        "12": 0,
        "13": 0,
        "14": 0,
        "15": 0,
        "16": 0,
        "17": 0,
        "18": 0,
        "19": 0,
        "20": 0,
        "21": 0,
        "22": 0,
        "23": 0,
        "24": 0,
        "25": 0,
        "26": 0,
        "27": 0,
        "28": 0,
        "29": 0,
        "30": 0,
        "31": 0,
        "32": 0,
        "33": 0
      },
      "f": { "0": 0, "1": 0, "2": 0, "3": 0, "4": 0, "5": 0, "6": 0, "7": 0 },
      "b": {
        "0": [0, 0],
        "1": [0, 0],
        "2": [0, 0],
        "3": [0, 0],
        "4": [0, 0],
        "5": [0, 0],
        "6": [0, 0],
        "7": [0, 0],
        "8": [0, 0],
        "9": [0, 0],
        "10": [0, 0],
        "11": [0, 0],
        "12": [0, 0]
      },
      "hash": "905085608788e70a35d6c9e5c960da426ec56be7"
    },
    "C:\\Users\\anksaini1\\Documents\\project\\atomic-react-components\\lib\\components\\molecules\\Popover\\types\\index.js": {
      "path": "C:\\Users\\anksaini1\\Documents\\project\\atomic-react-components\\lib\\components\\molecules\\Popover\\types\\index.js",
      "statementMap": {},
      "fnMap": {},
      "branchMap": {},
      "s": {},
      "f": {},
      "b": {},
      "hash": "8afdf2f7e2cc4dbe62e0debe6e628975b2c24c85"
    },
    "C:\\Users\\anksaini1\\Documents\\project\\atomic-react-components\\lib\\components\\molecules\\Tabs\\TabPanel\\TabPanel.style.js": {
      "path": "C:\\Users\\anksaini1\\Documents\\project\\atomic-react-components\\lib\\components\\molecules\\Tabs\\TabPanel\\TabPanel.style.js",
      "statementMap": {
        "0": { "start": { "line": 6, "column": 14 }, "end": { "line": 6, "column": 55 } },
        "1": { "start": { "line": 7, "column": 14 }, "end": { "line": 7, "column": 64 } }
      },
      "fnMap": {
        "0": {
          "name": "(anonymous_0)",
          "decl": { "start": { "line": 6, "column": 4 }, "end": { "line": 6, "column": 5 } },
          "loc": { "start": { "line": 6, "column": 14 }, "end": { "line": 6, "column": 55 } },
          "line": 6
        },
        "1": {
          "name": "(anonymous_1)",
          "decl": { "start": { "line": 7, "column": 4 }, "end": { "line": 7, "column": 5 } },
          "loc": { "start": { "line": 7, "column": 14 }, "end": { "line": 7, "column": 64 } },
          "line": 7
        }
      },
      "branchMap": {
        "0": {
          "loc": { "start": { "line": 6, "column": 14 }, "end": { "line": 6, "column": 55 } },
          "type": "cond-expr",
          "locations": [
            { "start": { "line": 6, "column": 33 }, "end": { "line": 6, "column": 50 } },
            { "start": { "line": 6, "column": 53 }, "end": { "line": 6, "column": 55 } }
          ],
          "line": 6
        },
        "1": {
          "loc": { "start": { "line": 7, "column": 14 }, "end": { "line": 7, "column": 64 } },
          "type": "cond-expr",
          "locations": [
            { "start": { "line": 7, "column": 38 }, "end": { "line": 7, "column": 59 } },
            { "start": { "line": 7, "column": 62 }, "end": { "line": 7, "column": 64 } }
          ],
          "line": 7
        }
      },
      "s": { "0": 0, "1": 0 },
      "f": { "0": 0, "1": 0 },
      "b": { "0": [0, 0], "1": [0, 0] },
      "hash": "5022a5ce401ef697984eb99ae84f2a215fef3a9f"
    },
    "C:\\Users\\anksaini1\\Documents\\project\\atomic-react-components\\lib\\components\\molecules\\Tabs\\Tab\\Tab.js": {
      "path": "C:\\Users\\anksaini1\\Documents\\project\\atomic-react-components\\lib\\components\\molecules\\Tabs\\Tab\\Tab.js",
      "statementMap": {
        "0": { "start": { "line": 25, "column": 12 }, "end": { "line": 50, "column": 1 } },
        "1": { "start": { "line": 35, "column": 2 }, "end": { "line": 49, "column": 7 } },
        "2": { "start": { "line": 41, "column": 18 }, "end": { "line": 41, "column": 35 } },
        "3": { "start": { "line": 42, "column": 20 }, "end": { "line": 42, "column": 32 } },
        "4": { "start": { "line": 52, "column": 0 }, "end": { "line": 55, "column": 2 } }
      },
      "fnMap": {
        "0": {
          "name": "(anonymous_0)",
          "decl": { "start": { "line": 25, "column": 12 }, "end": { "line": 25, "column": 13 } },
          "loc": { "start": { "line": 35, "column": 2 }, "end": { "line": 49, "column": 7 } },
          "line": 35
        },
        "1": {
          "name": "(anonymous_1)",
          "decl": { "start": { "line": 41, "column": 13 }, "end": { "line": 41, "column": 14 } },
          "loc": { "start": { "line": 41, "column": 18 }, "end": { "line": 41, "column": 35 } },
          "line": 41
        },
        "2": {
          "name": "(anonymous_2)",
          "decl": { "start": { "line": 42, "column": 15 }, "end": { "line": 42, "column": 16 } },
          "loc": { "start": { "line": 42, "column": 20 }, "end": { "line": 42, "column": 32 } },
          "line": 42
        }
      },
      "branchMap": {
        "0": {
          "loc": { "start": { "line": 43, "column": 14 }, "end": { "line": 43, "column": 33 } },
          "type": "cond-expr",
          "locations": [
            { "start": { "line": 43, "column": 27 }, "end": { "line": 43, "column": 28 } },
            { "start": { "line": 43, "column": 31 }, "end": { "line": 43, "column": 33 } }
          ],
          "line": 43
        }
      },
      "s": { "0": 0, "1": 0, "2": 0, "3": 0, "4": 0 },
      "f": { "0": 0, "1": 0, "2": 0 },
      "b": { "0": [0, 0] },
      "hash": "5c9222eae9dd3b2b0175def916a10d3de5cab6de"
    }
  }
}
