{"numFailedTestSuites":0,"numFailedTests":0,"numPassedTestSuites":1,"numPassedTests":7,"numPendingTestSuites":0,"numPendingTests":0,"numRuntimeErrorTestSuites":0,"numTodoTests":0,"numTotalTestSuites":1,"numTotalTests":7,"openHandles":[],"snapshot":{"added":0,"didUpdate":false,"failure":false,"filesAdded":0,"filesRemoved":0,"filesRemovedList":[],"filesUnmatched":0,"filesUpdated":0,"matched":1,"total":1,"unchecked":0,"uncheckedKeysByFile":[],"unmatched":0,"updated":0},"startTime":1577961546831,"success":false,"testResults":[{"assertionResults":[{"ancestorTitles":["<Pagination />"],"failureMessages":[],"fullName":"<Pagination /> should render correctly","location":null,"status":"passed","title":"should render correctly"},{"ancestorTitles":["<Pagination />"],"failureMessages":[],"fullName":"<Pagination /> should render `.pagination` component","location":null,"status":"passed","title":"should render `.pagination` component"},{"ancestorTitles":["<Pagination />"],"failureMessages":[],"fullName":"<Pagination /> should render an `.last`","location":null,"status":"passed","title":"should render an `.last`"},{"ancestorTitles":["<Pagination />"],"failureMessages":[],"fullName":"<Pagination /> should render a `firstLabel`","location":null,"status":"passed","title":"should render a `firstLabel`"},{"ancestorTitles":["<Pagination />"],"failureMessages":[],"fullName":"<Pagination /> should render a `lastLabel`","location":null,"status":"passed","title":"should render a `lastLabel`"},{"ancestorTitles":["<Pagination />"],"failureMessages":[],"fullName":"<Pagination /> should test click event on first button","location":null,"status":"passed","title":"should test click event on first button"},{"ancestorTitles":["<Pagination />"],"failureMessages":[],"fullName":"<Pagination /> should test click event on last button","location":null,"status":"passed","title":"should test click event on last button"}],"endTime":1577961547881,"message":"","name":"/Users/visjha/Desktop/learning/learning-in-project/atomic-react-components/lib/components/molecules/Pagination/tests/Pagination.test.js","startTime":1577961547105,"status":"passed","summary":""}],"wasInterrupted":false,"coverageMap":{"/Users/visjha/Desktop/learning/learning-in-project/atomic-react-components/lib/components/molecules/Pagination/Pagination.js":{"path":"/Users/visjha/Desktop/learning/learning-in-project/atomic-react-components/lib/components/molecules/Pagination/Pagination.js","statementMap":{"0":{"start":{"line":14,"column":19},"end":{"line":223,"column":1}},"1":{"start":{"line":35,"column":40},"end":{"line":35,"column":52}},"2":{"start":{"line":36,"column":38},"end":{"line":36,"column":59}},"3":{"start":{"line":37,"column":64},"end":{"line":37,"column":79}},"4":{"start":{"line":38,"column":56},"end":{"line":38,"column":71}},"5":{"start":{"line":40,"column":20},"end":{"line":40,"column":26}},"6":{"start":{"line":41,"column":21},"end":{"line":41,"column":28}},"7":{"start":{"line":47,"column":20},"end":{"line":57,"column":3}},"8":{"start":{"line":48,"column":12},"end":{"line":48,"column":16}},"9":{"start":{"line":49,"column":18},"end":{"line":49,"column":20}},"10":{"start":{"line":51,"column":4},"end":{"line":54,"column":5}},"11":{"start":{"line":52,"column":6},"end":{"line":52,"column":20}},"12":{"start":{"line":53,"column":6},"end":{"line":53,"column":16}},"13":{"start":{"line":56,"column":4},"end":{"line":56,"column":17}},"14":{"start":{"line":59,"column":2},"end":{"line":70,"column":9}},"15":{"start":{"line":60,"column":18},"end":{"line":60,"column":20}},"16":{"start":{"line":61,"column":12},"end":{"line":61,"column":13}},"17":{"start":{"line":62,"column":4},"end":{"line":65,"column":54}},"18":{"start":{"line":63,"column":6},"end":{"line":63,"column":13}},"19":{"start":{"line":64,"column":6},"end":{"line":64,"column":20}},"20":{"start":{"line":66,"column":4},"end":{"line":66,"column":26}},"21":{"start":{"line":67,"column":4},"end":{"line":69,"column":5}},"22":{"start":{"line":68,"column":6},"end":{"line":68,"column":23}},"23":{"start":{"line":72,"column":27},"end":{"line":123,"column":3}},"24":{"start":{"line":77,"column":23},"end":{"line":77,"column":56}},"25":{"start":{"line":78,"column":25},"end":{"line":78,"column":47}},"26":{"start":{"line":79,"column":24},"end":{"line":79,"column":40}},"27":{"start":{"line":81,"column":4},"end":{"line":120,"column":5}},"28":{"start":{"line":82,"column":24},"end":{"line":82,"column":64}},"29":{"start":{"line":83,"column":22},"end":{"line":83,"column":75}},"30":{"start":{"line":85,"column":18},"end":{"line":85,"column":47}},"31":{"start":{"line":92,"column":27},"end":{"line":92,"column":40}},"32":{"start":{"line":93,"column":28},"end":{"line":93,"column":52}},"33":{"start":{"line":94,"column":26},"end":{"line":94,"column":59}},"34":{"start":{"line":96,"column":6},"end":{"line":117,"column":7}},"35":{"start":{"line":99,"column":29},"end":{"line":99,"column":78}},"36":{"start":{"line":100,"column":10},"end":{"line":100,"column":55}},"37":{"start":{"line":101,"column":10},"end":{"line":101,"column":16}},"38":{"start":{"line":106,"column":29},"end":{"line":106,"column":74}},"39":{"start":{"line":107,"column":10},"end":{"line":107,"column":56}},"40":{"start":{"line":108,"column":10},"end":{"line":108,"column":16}},"41":{"start":{"line":114,"column":10},"end":{"line":114,"column":52}},"42":{"start":{"line":115,"column":10},"end":{"line":115,"column":16}},"43":{"start":{"line":119,"column":6},"end":{"line":119,"column":39}},"44":{"start":{"line":122,"column":4},"end":{"line":122,"column":36}},"45":{"start":{"line":125,"column":2},"end":{"line":128,"column":19}},"46":{"start":{"line":126,"column":4},"end":{"line":126,"column":49}},"47":{"start":{"line":127,"column":4},"end":{"line":127,"column":62}},"48":{"start":{"line":130,"column":28},"end":{"line":134,"column":3}},"49":{"start":{"line":131,"column":28},"end":{"line":131,"column":49}},"50":{"start":{"line":132,"column":29},"end":{"line":132,"column":55}},"51":{"start":{"line":133,"column":4},"end":{"line":133,"column":80}},"52":{"start":{"line":136,"column":28},"end":{"line":141,"column":3}},"53":{"start":{"line":137,"column":4},"end":{"line":137,"column":24}},"54":{"start":{"line":138,"column":4},"end":{"line":140,"column":5}},"55":{"start":{"line":139,"column":6},"end":{"line":139,"column":25}},"56":{"start":{"line":143,"column":29},"end":{"line":146,"column":3}},"57":{"start":{"line":144,"column":21},"end":{"line":144,"column":35}},"58":{"start":{"line":145,"column":4},"end":{"line":145,"column":32}},"59":{"start":{"line":148,"column":30},"end":{"line":151,"column":3}},"60":{"start":{"line":149,"column":25},"end":{"line":149,"column":39}},"61":{"start":{"line":150,"column":4},"end":{"line":150,"column":36}},"62":{"start":{"line":153,"column":22},"end":{"line":156,"column":3}},"63":{"start":{"line":154,"column":22},"end":{"line":154,"column":23}},"64":{"start":{"line":155,"column":4},"end":{"line":155,"column":33}},"65":{"start":{"line":158,"column":21},"end":{"line":161,"column":3}},"66":{"start":{"line":159,"column":21},"end":{"line":159,"column":39}},"67":{"start":{"line":160,"column":4},"end":{"line":160,"column":32}},"68":{"start":{"line":163,"column":30},"end":{"line":171,"column":3}},"69":{"start":{"line":164,"column":4},"end":{"line":169,"column":5}},"70":{"start":{"line":165,"column":6},"end":{"line":168,"column":9}},"71":{"start":{"line":170,"column":4},"end":{"line":170,"column":17}},"72":{"start":{"line":173,"column":16},"end":{"line":173,"column":34}},"73":{"start":{"line":175,"column":2},"end":{"line":222,"column":4}},"74":{"start":{"line":225,"column":0},"end":{"line":247,"column":2}}},"fnMap":{"0":{"name":"(anonymous_0)","decl":{"start":{"line":14,"column":19},"end":{"line":14,"column":20}},"loc":{"start":{"line":34,"column":19},"end":{"line":223,"column":1}},"line":34},"1":{"name":"(anonymous_1)","decl":{"start":{"line":47,"column":20},"end":{"line":47,"column":21}},"loc":{"start":{"line":47,"column":44},"end":{"line":57,"column":3}},"line":47},"2":{"name":"(anonymous_2)","decl":{"start":{"line":59,"column":12},"end":{"line":59,"column":13}},"loc":{"start":{"line":59,"column":18},"end":{"line":70,"column":3}},"line":59},"3":{"name":"(anonymous_3)","decl":{"start":{"line":72,"column":27},"end":{"line":72,"column":28}},"loc":{"start":{"line":72,"column":33},"end":{"line":123,"column":3}},"line":72},"4":{"name":"(anonymous_4)","decl":{"start":{"line":125,"column":12},"end":{"line":125,"column":13}},"loc":{"start":{"line":125,"column":18},"end":{"line":128,"column":3}},"line":125},"5":{"name":"(anonymous_5)","decl":{"start":{"line":130,"column":28},"end":{"line":130,"column":29}},"loc":{"start":{"line":130,"column":34},"end":{"line":134,"column":3}},"line":130},"6":{"name":"(anonymous_6)","decl":{"start":{"line":136,"column":28},"end":{"line":136,"column":29}},"loc":{"start":{"line":136,"column":36},"end":{"line":141,"column":3}},"line":136},"7":{"name":"(anonymous_7)","decl":{"start":{"line":143,"column":29},"end":{"line":143,"column":30}},"loc":{"start":{"line":143,"column":35},"end":{"line":146,"column":3}},"line":143},"8":{"name":"(anonymous_8)","decl":{"start":{"line":148,"column":30},"end":{"line":148,"column":31}},"loc":{"start":{"line":148,"column":36},"end":{"line":151,"column":3}},"line":148},"9":{"name":"(anonymous_9)","decl":{"start":{"line":153,"column":22},"end":{"line":153,"column":23}},"loc":{"start":{"line":153,"column":28},"end":{"line":156,"column":3}},"line":153},"10":{"name":"(anonymous_10)","decl":{"start":{"line":158,"column":21},"end":{"line":158,"column":22}},"loc":{"start":{"line":158,"column":27},"end":{"line":161,"column":3}},"line":158},"11":{"name":"(anonymous_11)","decl":{"start":{"line":163,"column":30},"end":{"line":163,"column":31}},"loc":{"start":{"line":163,"column":36},"end":{"line":171,"column":3}},"line":163}},"branchMap":{"0":{"loc":{"start":{"line":47,"column":31},"end":{"line":47,"column":39}},"type":"default-arg","locations":[{"start":{"line":47,"column":38},"end":{"line":47,"column":39}}],"line":47},"1":{"loc":{"start":{"line":67,"column":4},"end":{"line":69,"column":5}},"type":"if","locations":[{"start":{"line":67,"column":4},"end":{"line":69,"column":5}},{"start":{"line":67,"column":4},"end":{"line":69,"column":5}}],"line":67},"2":{"loc":{"start":{"line":81,"column":4},"end":{"line":120,"column":5}},"type":"if","locations":[{"start":{"line":81,"column":4},"end":{"line":120,"column":5}},{"start":{"line":81,"column":4},"end":{"line":120,"column":5}}],"line":81},"3":{"loc":{"start":{"line":96,"column":6},"end":{"line":117,"column":7}},"type":"switch","locations":[{"start":{"line":98,"column":8},"end":{"line":102,"column":9}},{"start":{"line":105,"column":8},"end":{"line":109,"column":9}},{"start":{"line":112,"column":8},"end":{"line":112,"column":43}},{"start":{"line":113,"column":8},"end":{"line":116,"column":9}}],"line":96},"4":{"loc":{"start":{"line":98,"column":13},"end":{"line":98,"column":43}},"type":"binary-expr","locations":[{"start":{"line":98,"column":13},"end":{"line":98,"column":25}},{"start":{"line":98,"column":29},"end":{"line":98,"column":43}}],"line":98},"5":{"loc":{"start":{"line":105,"column":13},"end":{"line":105,"column":43}},"type":"binary-expr","locations":[{"start":{"line":105,"column":13},"end":{"line":105,"column":26}},{"start":{"line":105,"column":30},"end":{"line":105,"column":43}}],"line":105},"6":{"loc":{"start":{"line":112,"column":13},"end":{"line":112,"column":42}},"type":"binary-expr","locations":[{"start":{"line":112,"column":13},"end":{"line":112,"column":25}},{"start":{"line":112,"column":29},"end":{"line":112,"column":42}}],"line":112},"7":{"loc":{"start":{"line":133,"column":11},"end":{"line":133,"column":79}},"type":"binary-expr","locations":[{"start":{"line":133,"column":11},"end":{"line":133,"column":15}},{"start":{"line":133,"column":19},"end":{"line":133,"column":30}},{"start":{"line":133,"column":34},"end":{"line":133,"column":79}}],"line":133},"8":{"loc":{"start":{"line":138,"column":4},"end":{"line":140,"column":5}},"type":"if","locations":[{"start":{"line":138,"column":4},"end":{"line":140,"column":5}},{"start":{"line":138,"column":4},"end":{"line":140,"column":5}}],"line":138},"9":{"loc":{"start":{"line":164,"column":4},"end":{"line":169,"column":5}},"type":"if","locations":[{"start":{"line":164,"column":4},"end":{"line":169,"column":5}},{"start":{"line":164,"column":4},"end":{"line":169,"column":5}}],"line":164},"10":{"loc":{"start":{"line":180,"column":11},"end":{"line":191,"column":11}},"type":"binary-expr","locations":[{"start":{"line":180,"column":11},"end":{"line":180,"column":23}},{"start":{"line":181,"column":12},"end":{"line":190,"column":17}}],"line":180},"11":{"loc":{"start":{"line":208,"column":11},"end":{"line":218,"column":11}},"type":"binary-expr","locations":[{"start":{"line":208,"column":11},"end":{"line":208,"column":22}},{"start":{"line":209,"column":12},"end":{"line":217,"column":17}}],"line":208}},"s":{"0":1,"1":11,"2":11,"3":11,"4":11,"5":11,"6":11,"7":11,"8":11,"9":11,"10":11,"11":0,"12":0,"13":11,"14":11,"15":0,"16":0,"17":0,"18":0,"19":0,"20":0,"21":0,"22":0,"23":11,"24":11,"25":11,"26":11,"27":11,"28":0,"29":0,"30":0,"31":0,"32":0,"33":0,"34":0,"35":0,"36":0,"37":0,"38":0,"39":0,"40":0,"41":0,"42":0,"43":0,"44":11,"45":11,"46":0,"47":0,"48":11,"49":4,"50":4,"51":4,"52":11,"53":2,"54":2,"55":2,"56":11,"57":0,"58":0,"59":11,"60":0,"61":0,"62":11,"63":1,"64":1,"65":11,"66":1,"67":1,"68":11,"69":11,"70":4,"71":7,"72":11,"73":11,"74":1},"f":{"0":11,"1":11,"2":0,"3":11,"4":0,"5":4,"6":2,"7":0,"8":0,"9":1,"10":1,"11":11},"b":{"0":[11],"1":[0,0],"2":[0,11],"3":[0,0,0,0],"4":[0,0],"5":[0,0],"6":[0,0],"7":[4,4,0],"8":[2,0],"9":[4,7],"10":[11,11],"11":[11,11]},"_coverageSchema":"43e27e138ebf9cfc5966b082cf9a028302ed4184","hash":"d96543835392e916fa7457d0d7677ce13d1f74e2"}}}