{
  "numFailedTestSuites": 0,
  "numFailedTests": 0,
  "numPassedTestSuites": 50,
  "numPassedTests": 230,
  "numPendingTestSuites": 0,
  "numPendingTests": 0,
  "numRuntimeErrorTestSuites": 0,
  "numTodoTests": 0,
  "numTotalTestSuites": 50,
  "numTotalTests": 230,
  "openHandles": [],
  "snapshot": {
    "added": 0,
    "didUpdate": false,
    "failure": false,
    "filesAdded": 0,
    "filesRemoved": 0,
    "filesRemovedList": [],
    "filesUnmatched": 0,
    "filesUpdated": 0,
    "matched": 58,
    "total": 58,
    "unchecked": 0,
    "uncheckedKeysByFile": [],
    "unmatched": 0,
    "updated": 0
  },
  "startTime": 1585290041128,
  "success": true,
  "testResults": [
    {
      "assertionResults": [
        {
          "ancestorTitles": ["Image Component with styles"],
          "failureMessages": [],
          "fullName": "Image Component with styles should render correctly and match snapshots",
          "location": null,
          "status": "passed",
          "title": "should render correctly and match snapshots"
        },
        {
          "ancestorTitles": ["Image Component with styles"],
          "failureMessages": [],
          "fullName": "Image Component with styles should render correctly with lazy load",
          "location": null,
          "status": "passed",
          "title": "should render correctly with lazy load"
        }
      ],
      "endTime": 1585290046942,
      "message": "",
      "name": "/Users/achjain/projects/atomic-react-components/lib/components/atoms/Image/tests/Image.style.test.js",
      "startTime": 1585290042540,
      "status": "passed",
      "summary": ""
    },
    {
      "assertionResults": [
        {
          "ancestorTitles": ["Select Styled component"],
          "failureMessages": [],
          "fullName": "Select Styled component should render correctly",
          "location": null,
          "status": "passed",
          "title": "should render correctly"
        }
      ],
      "endTime": 1585290047093,
      "message": "",
      "name": "/Users/achjain/projects/atomic-react-components/lib/components/atoms/Textarea/tests/Textarea.style.test.js",
      "startTime": 1585290042558,
      "status": "passed",
      "summary": ""
    },
    {
      "assertionResults": [
        {
          "ancestorTitles": ["Button"],
          "failureMessages": [],
          "fullName": "Button should render correctly",
          "location": null,
          "status": "passed",
          "title": "should render correctly"
        }
      ],
      "endTime": 1585290047068,
      "message": "",
      "name": "/Users/achjain/projects/atomic-react-components/lib/components/atoms/Button/tests/Button.style.test.js",
      "startTime": 1585290042580,
      "status": "passed",
      "summary": ""
    },
    {
      "assertionResults": [
        {
          "ancestorTitles": ["Input Styled component"],
          "failureMessages": [],
          "fullName": "Input Styled component should render correctly",
          "location": null,
          "status": "passed",
          "title": "should render correctly"
        }
      ],
      "endTime": 1585290047195,
      "message": "",
      "name": "/Users/achjain/projects/atomic-react-components/lib/components/atoms/Input/tests/Input.style.test.js",
      "startTime": 1585290042590,
      "status": "passed",
      "summary": ""
    },
    {
      "assertionResults": [
        {
          "ancestorTitles": ["<Accordion />"],
          "failureMessages": [],
          "fullName": "<Accordion /> accordion renders",
          "location": null,
          "status": "passed",
          "title": "accordion renders"
        },
        {
          "ancestorTitles": ["<Accordion />"],
          "failureMessages": [],
          "fullName": "<Accordion /> should render <div/>",
          "location": null,
          "status": "passed",
          "title": "should render <div/>"
        },
        {
          "ancestorTitles": ["<Accordion />"],
          "failureMessages": [],
          "fullName": "<Accordion /> should render details",
          "location": null,
          "status": "passed",
          "title": "should render details"
        },
        {
          "ancestorTitles": ["<Accordion />"],
          "failureMessages": [],
          "fullName": "<Accordion /> should render summary",
          "location": null,
          "status": "passed",
          "title": "should render summary"
        },
        {
          "ancestorTitles": ["<Accordion />"],
          "failureMessages": [],
          "fullName": "<Accordion /> panel opens on click of header",
          "location": null,
          "status": "passed",
          "title": "panel opens on click of header"
        },
        {
          "ancestorTitles": ["<Accordion />"],
          "failureMessages": [],
          "fullName": "<Accordion /> should render correctly",
          "location": null,
          "status": "passed",
          "title": "should render correctly"
        }
      ],
      "endTime": 1585290047344,
      "message": "",
      "name": "/Users/achjain/projects/atomic-react-components/lib/components/molecules/Accordion/tests/Accordion.test.js",
      "startTime": 1585290042715,
      "status": "passed",
      "summary": ""
    },
    {
      "assertionResults": [
        {
          "ancestorTitles": ["FieldInput Component"],
          "failureMessages": [],
          "fullName": "FieldInput Component should render correctly",
          "location": null,
          "status": "passed",
          "title": "should render correctly"
        },
        {
          "ancestorTitles": ["FieldInput Component"],
          "failureMessages": [],
          "fullName": "FieldInput Component should render label correctly",
          "location": null,
          "status": "passed",
          "title": "should render label correctly"
        },
        {
          "ancestorTitles": ["FieldInput Component"],
          "failureMessages": [],
          "fullName": "FieldInput Component should render Input component with proper type",
          "location": null,
          "status": "passed",
          "title": "should render Input component with proper type"
        }
      ],
      "endTime": 1585290048335,
      "message": "",
      "name": "/Users/achjain/projects/atomic-react-components/lib/components/molecules/Form/FieldInput/tests/FieldInput.test.js",
      "startTime": 1585290042559,
      "status": "passed",
      "summary": ""
    },
    {
      "assertionResults": [
        {
          "ancestorTitles": ["FieldTextarea Component"],
          "failureMessages": [],
          "fullName": "FieldTextarea Component should render correctly",
          "location": null,
          "status": "passed",
          "title": "should render correctly"
        },
        {
          "ancestorTitles": ["FieldTextarea Component"],
          "failureMessages": [],
          "fullName": "FieldTextarea Component should render label correctly",
          "location": null,
          "status": "passed",
          "title": "should render label correctly"
        },
        {
          "ancestorTitles": ["FieldTextarea Component"],
          "failureMessages": [],
          "fullName": "FieldTextarea Component should render textarea tag",
          "location": null,
          "status": "passed",
          "title": "should render textarea tag"
        }
      ],
      "endTime": 1585290048392,
      "message": "",
      "name": "/Users/achjain/projects/atomic-react-components/lib/components/molecules/Form/FieldTextarea/tests/FieldTextarea.test.js",
      "startTime": 1585290042567,
      "status": "passed",
      "summary": ""
    },
    {
      "assertionResults": [
        {
          "ancestorTitles": ["DDFieldInput Component"],
          "failureMessages": [],
          "fullName": "DDFieldInput Component should render correctly",
          "location": null,
          "status": "passed",
          "title": "should render correctly"
        },
        {
          "ancestorTitles": ["DDFieldInput Component"],
          "failureMessages": [],
          "fullName": "DDFieldInput Component should render Input component with proper type for multiple file upload.",
          "location": null,
          "status": "passed",
          "title": "should render Input component with proper type for multiple file upload."
        },
        {
          "ancestorTitles": ["DDFieldInput Component"],
          "failureMessages": [],
          "fullName": "DDFieldInput Component should render the component with prop correctly",
          "location": null,
          "status": "passed",
          "title": "should render the component with prop correctly"
        },
        {
          "ancestorTitles": ["DDFieldInput Component"],
          "failureMessages": [],
          "fullName": "DDFieldInput Component should match the input rendered correctly on change event simulation.",
          "location": null,
          "status": "passed",
          "title": "should match the input rendered correctly on change event simulation."
        },
        {
          "ancestorTitles": ["DDFieldInput Component"],
          "failureMessages": [],
          "fullName": "DDFieldInput Component should match the input rendered correctly on blur event simulation.",
          "location": null,
          "status": "passed",
          "title": "should match the input rendered correctly on blur event simulation."
        },
        {
          "ancestorTitles": ["testing the custom hook methods for drag and drop"],
          "failureMessages": [],
          "fullName": "testing the custom hook methods for drag and drop should simulate file upload and return array",
          "location": null,
          "status": "passed",
          "title": "should simulate file upload and return array"
        },
        {
          "ancestorTitles": ["testing the custom hook methods for drag and drop"],
          "failureMessages": [],
          "fullName": "testing the custom hook methods for drag and drop should make highlight as true on drag over as mouse enters draggable area",
          "location": null,
          "status": "passed",
          "title": "should make highlight as true on drag over as mouse enters draggable area"
        },
        {
          "ancestorTitles": ["testing the custom hook methods for drag and drop"],
          "failureMessages": [],
          "fullName": "testing the custom hook methods for drag and drop should make highlight as false on drag leave as mouse leaves draggable area",
          "location": null,
          "status": "passed",
          "title": "should make highlight as false on drag leave as mouse leaves draggable area"
        },
        {
          "ancestorTitles": ["testing the custom hook methods for drag and drop"],
          "failureMessages": [],
          "fullName": "testing the custom hook methods for drag and drop should test the files addition handler when file(s) are uploaded.",
          "location": null,
          "status": "passed",
          "title": "should test the files addition handler when file(s) are uploaded."
        },
        {
          "ancestorTitles": ["testing the custom hook methods for drag and drop"],
          "failureMessages": [],
          "fullName": "testing the custom hook methods for drag and drop should apply highlight when cursor moves draggable area.",
          "location": null,
          "status": "passed",
          "title": "should apply highlight when cursor moves draggable area."
        },
        {
          "ancestorTitles": ["testing the custom hook methods for drag and drop"],
          "failureMessages": [],
          "fullName": "testing the custom hook methods for drag and drop should apply highlight when cursor moves draggable area.",
          "location": null,
          "status": "passed",
          "title": "should apply highlight when cursor moves draggable area."
        }
      ],
      "endTime": 1585290048494,
      "message": "",
      "name": "/Users/achjain/projects/atomic-react-components/lib/components/molecules/Form/DragDropInput/tests/DragDropInput.test.js",
      "startTime": 1585290042557,
      "status": "passed",
      "summary": ""
    },
    {
      "assertionResults": [
        {
          "ancestorTitles": ["Form Component"],
          "failureMessages": [],
          "fullName": "Form Component should render select tag correctly",
          "location": null,
          "status": "passed",
          "title": "should render select tag correctly"
        },
        {
          "ancestorTitles": ["Form Component"],
          "failureMessages": [],
          "fullName": "Form Component should render input text field",
          "location": null,
          "status": "passed",
          "title": "should render input text field"
        },
        {
          "ancestorTitles": ["Form Component"],
          "failureMessages": [],
          "fullName": "Form Component should render select field",
          "location": null,
          "status": "passed",
          "title": "should render select field"
        },
        {
          "ancestorTitles": ["Form Component"],
          "failureMessages": [],
          "fullName": "Form Component should render input field with yupValidationSchema",
          "location": null,
          "status": "passed",
          "title": "should render input field with yupValidationSchema"
        },
        {
          "ancestorTitles": ["Form Component"],
          "failureMessages": [],
          "fullName": "Form Component should render input field with no validation",
          "location": null,
          "status": "passed",
          "title": "should render input field with no validation"
        },
        {
          "ancestorTitles": ["Form Component"],
          "failureMessages": [],
          "fullName": "Form Component getSchema should return null if no params are passed",
          "location": null,
          "status": "passed",
          "title": "getSchema should return null if no params are passed"
        }
      ],
      "endTime": 1585290048560,
      "message": "",
      "name": "/Users/achjain/projects/atomic-react-components/lib/components/molecules/Form/tests/Form.test.js",
      "startTime": 1585290042564,
      "status": "passed",
      "summary": ""
    },
    {
      "assertionResults": [
        {
          "ancestorTitles": ["<Carousel />"],
          "failureMessages": [],
          "fullName": "<Carousel /> should render correctly",
          "location": null,
          "status": "passed",
          "title": "should render correctly"
        },
        {
          "ancestorTitles": ["<Carousel />"],
          "failureMessages": [],
          "fullName": "<Carousel /> should have slider wrapper as one child only",
          "location": null,
          "status": "passed",
          "title": "should have slider wrapper as one child only"
        },
        {
          "ancestorTitles": ["<Carousel />"],
          "failureMessages": [],
          "fullName": "<Carousel /> Children should have first slide as active initially",
          "location": null,
          "status": "passed",
          "title": "Children should have first slide as active initially"
        },
        {
          "ancestorTitles": ["<Carousel />"],
          "failureMessages": [],
          "fullName": "<Carousel /> Should display dots on using <Carousel.Dots> component only",
          "location": null,
          "status": "passed",
          "title": "Should display dots on using <Carousel.Dots> component only"
        },
        {
          "ancestorTitles": ["<Carousel />"],
          "failureMessages": [],
          "fullName": "<Carousel /> Should change slide on click dots",
          "location": null,
          "status": "passed",
          "title": "Should change slide on click dots"
        },
        {
          "ancestorTitles": ["<Carousel />"],
          "failureMessages": [],
          "fullName": "<Carousel /> Should active next slide on click next",
          "location": null,
          "status": "passed",
          "title": "Should active next slide on click next"
        },
        {
          "ancestorTitles": ["<Carousel />"],
          "failureMessages": [],
          "fullName": "<Carousel /> Should active previous slide on key press right arrow",
          "location": null,
          "status": "passed",
          "title": "Should active previous slide on key press right arrow"
        },
        {
          "ancestorTitles": ["<Carousel />"],
          "failureMessages": [],
          "fullName": "<Carousel /> Should active previous slide on click previous",
          "location": null,
          "status": "passed",
          "title": "Should active previous slide on click previous"
        },
        {
          "ancestorTitles": ["<Carousel />"],
          "failureMessages": [],
          "fullName": "<Carousel /> Should active previous slide on key press left",
          "location": null,
          "status": "passed",
          "title": "Should active previous slide on key press left"
        },
        {
          "ancestorTitles": ["<Carousel />"],
          "failureMessages": [],
          "fullName": "<Carousel /> Should display controls extract from Component",
          "location": null,
          "status": "passed",
          "title": "Should display controls extract from Component"
        },
        {
          "ancestorTitles": ["<Carousel />"],
          "failureMessages": [],
          "fullName": "<Carousel /> Should be responsive",
          "location": null,
          "status": "passed",
          "title": "Should be responsive"
        },
        {
          "ancestorTitles": ["<Carousel />"],
          "failureMessages": [],
          "fullName": "<Carousel /> Should render Controls with Controls Component",
          "location": null,
          "status": "passed",
          "title": "Should render Controls with Controls Component"
        },
        {
          "ancestorTitles": ["<Carousel />"],
          "failureMessages": [],
          "fullName": "<Carousel /> Should render Animation Controls",
          "location": null,
          "status": "passed",
          "title": "Should render Animation Controls"
        },
        {
          "ancestorTitles": ["<Carousel />"],
          "failureMessages": [],
          "fullName": "<Carousel /> Should render pause after click play animation controls",
          "location": null,
          "status": "passed",
          "title": "Should render pause after click play animation controls"
        },
        {
          "ancestorTitles": ["<Carousel />"],
          "failureMessages": [],
          "fullName": "<Carousel /> Should autoplay",
          "location": null,
          "status": "passed",
          "title": "Should autoplay"
        },
        {
          "ancestorTitles": ["<Carousel />"],
          "failureMessages": [],
          "fullName": "<Carousel /> Should stop animation on mouse enter",
          "location": null,
          "status": "passed",
          "title": "Should stop animation on mouse enter"
        }
      ],
      "endTime": 1585290049100,
      "message": "",
      "name": "/Users/achjain/projects/atomic-react-components/lib/components/molecules/Carousel/tests/Carousel.test.js",
      "startTime": 1585290042564,
      "status": "passed",
      "summary": ""
    },
    {
      "assertionResults": [
        {
          "ancestorTitles": ["Table"],
          "failureMessages": [],
          "fullName": "Table should render correctly",
          "location": null,
          "status": "passed",
          "title": "should render correctly"
        },
        {
          "ancestorTitles": ["Table"],
          "failureMessages": [],
          "fullName": "Table should have table component",
          "location": null,
          "status": "passed",
          "title": "should have table component"
        },
        {
          "ancestorTitles": ["Table"],
          "failureMessages": [],
          "fullName": "Table should have thead component",
          "location": null,
          "status": "passed",
          "title": "should have thead component"
        },
        {
          "ancestorTitles": ["Table"],
          "failureMessages": [],
          "fullName": "Table should have tbody component",
          "location": null,
          "status": "passed",
          "title": "should have tbody component"
        },
        {
          "ancestorTitles": ["Table"],
          "failureMessages": [],
          "fullName": "Table should have th is equal to number of columns",
          "location": null,
          "status": "passed",
          "title": "should have th is equal to number of columns"
        },
        {
          "ancestorTitles": ["Table"],
          "failureMessages": [],
          "fullName": "Table should have tr is equal to number of data rows",
          "location": null,
          "status": "passed",
          "title": "should have tr is equal to number of data rows"
        },
        {
          "ancestorTitles": ["Table"],
          "failureMessages": [],
          "fullName": "Table should loop through each row and check the content",
          "location": null,
          "status": "passed",
          "title": "should loop through each row and check the content"
        }
      ],
      "endTime": 1585290049277,
      "message": "",
      "name": "/Users/achjain/projects/atomic-react-components/lib/components/molecules/Table/tests/Table.test.js",
      "startTime": 1585290047245,
      "status": "passed",
      "summary": ""
    },
    {
      "assertionResults": [
        {
          "ancestorTitles": ["<Breadcrumb />"],
          "failureMessages": [],
          "fullName": "<Breadcrumb /> should render correctly",
          "location": null,
          "status": "passed",
          "title": "should render correctly"
        }
      ],
      "endTime": 1585290049421,
      "message": "",
      "name": "/Users/achjain/projects/atomic-react-components/lib/components/molecules/Breadcrumb/tests/Breadcrumb.test.js",
      "startTime": 1585290047148,
      "status": "passed",
      "summary": ""
    },
    {
      "assertionResults": [
        {
          "ancestorTitles": ["FieldInput Component"],
          "failureMessages": [],
          "fullName": "FieldInput Component should render correctly",
          "location": null,
          "status": "passed",
          "title": "should render correctly"
        },
        {
          "ancestorTitles": ["FieldInput Component"],
          "failureMessages": [],
          "fullName": "FieldInput Component should render label correctly",
          "location": null,
          "status": "passed",
          "title": "should render label correctly"
        },
        {
          "ancestorTitles": ["FieldInput Component"],
          "failureMessages": [],
          "fullName": "FieldInput Component should render select tag",
          "location": null,
          "status": "passed",
          "title": "should render select tag"
        }
      ],
      "endTime": 1585290049388,
      "message": "",
      "name": "/Users/achjain/projects/atomic-react-components/lib/components/molecules/Form/FieldSelect/tests/FieldSelect.test.js",
      "startTime": 1585290047162,
      "status": "passed",
      "summary": ""
    },
    {
      "assertionResults": [
        {
          "ancestorTitles": ["<ProgressIndicator />"],
          "failureMessages": [],
          "fullName": "<ProgressIndicator /> should render correctly",
          "location": null,
          "status": "passed",
          "title": "should render correctly"
        },
        {
          "ancestorTitles": ["<ProgressIndicator/> Component", "should render"],
          "failureMessages": [],
          "fullName": "<ProgressIndicator/> Component should render <ProgressIndicator/> Component correctly",
          "location": null,
          "status": "passed",
          "title": "<ProgressIndicator/> Component correctly"
        },
        {
          "ancestorTitles": ["<ProgressIndicator/> Component", "should render"],
          "failureMessages": [],
          "fullName": "<ProgressIndicator/> Component should render all necessary elements correctly",
          "location": null,
          "status": "passed",
          "title": "all necessary elements correctly"
        },
        {
          "ancestorTitles": [
            "<ProgressIndicator/> Component",
            "if Variation is equal to `Bar`, <ProgressIndicator/> Component should"
          ],
          "failureMessages": [],
          "fullName": "<ProgressIndicator/> Component if Variation is equal to `Bar`, <ProgressIndicator/> Component should render <li/> children",
          "location": null,
          "status": "passed",
          "title": "render <li/> children"
        },
        {
          "ancestorTitles": [
            "<ProgressIndicator/> Component",
            "if Variation is equal to `Bar`, <ProgressIndicator/> Component should"
          ],
          "failureMessages": [],
          "fullName": "<ProgressIndicator/> Component if Variation is equal to `Bar`, <ProgressIndicator/> Component should render Progress Label Value",
          "location": null,
          "status": "passed",
          "title": "render Progress Label Value"
        },
        {
          "ancestorTitles": [
            "<ProgressIndicator/> Component",
            "if Variation is equal to `Bar`, <ProgressIndicator/> Component should"
          ],
          "failureMessages": [],
          "fullName": "<ProgressIndicator/> Component if Variation is equal to `Bar`, <ProgressIndicator/> Component should calculate inactive children or Steps",
          "location": null,
          "status": "passed",
          "title": "calculate inactive children or Steps"
        },
        {
          "ancestorTitles": [
            "<ProgressIndicator/> Component",
            "if Variation is equal to `Bar`, <ProgressIndicator/> Component should"
          ],
          "failureMessages": [],
          "fullName": "<ProgressIndicator/> Component if Variation is equal to `Bar`, <ProgressIndicator/> Component should calculate completed children or Steps",
          "location": null,
          "status": "passed",
          "title": "calculate completed children or Steps"
        },
        {
          "ancestorTitles": [
            "<ProgressIndicator/> Component",
            "if Variation is equal to `Bar`, <ProgressIndicator/> Component should"
          ],
          "failureMessages": [],
          "fullName": "<ProgressIndicator/> Component if Variation is equal to `Bar`, <ProgressIndicator/> Component should calculate active children or Steps",
          "location": null,
          "status": "passed",
          "title": "calculate active children or Steps"
        },
        {
          "ancestorTitles": [
            "<ProgressIndicator/> Component",
            "if Variation is equal to `Step`, <ProgressIndicator/> Component should"
          ],
          "failureMessages": [],
          "fullName": "<ProgressIndicator/> Component if Variation is equal to `Step`, <ProgressIndicator/> Component should render <li/> children",
          "location": null,
          "status": "passed",
          "title": "render <li/> children"
        },
        {
          "ancestorTitles": [
            "<ProgressIndicator/> Component",
            "if Variation is equal to `Step`, <ProgressIndicator/> Component should"
          ],
          "failureMessages": [],
          "fullName": "<ProgressIndicator/> Component if Variation is equal to `Step`, <ProgressIndicator/> Component should not render Progress Label Value",
          "location": null,
          "status": "passed",
          "title": "not render Progress Label Value"
        }
      ],
      "endTime": 1585290049775,
      "message": "",
      "name": "/Users/achjain/projects/atomic-react-components/lib/components/molecules/ProgressIndicator/tests/ProgressIndicator.test.js",
      "startTime": 1585290048684,
      "status": "passed",
      "summary": ""
    },
    {
      "assertionResults": [
        {
          "ancestorTitles": ["<Typeahead />"],
          "failureMessages": [],
          "fullName": "<Typeahead /> should render correctly",
          "location": null,
          "status": "passed",
          "title": "should render correctly"
        },
        {
          "ancestorTitles": ["<Typeahead />"],
          "failureMessages": [],
          "fullName": "<Typeahead /> should render .typeahead-component correctly",
          "location": null,
          "status": "passed",
          "title": "should render .typeahead-component correctly"
        },
        {
          "ancestorTitles": ["<Typeahead />"],
          "failureMessages": [],
          "fullName": "<Typeahead /> should render label correctly",
          "location": null,
          "status": "passed",
          "title": "should render label correctly"
        },
        {
          "ancestorTitles": ["<Typeahead />"],
          "failureMessages": [],
          "fullName": "<Typeahead /> should render input correctly",
          "location": null,
          "status": "passed",
          "title": "should render input correctly"
        },
        {
          "ancestorTitles": ["<Typeahead />"],
          "failureMessages": [],
          "fullName": "<Typeahead /> should render search type input correctly",
          "location": null,
          "status": "passed",
          "title": "should render search type input correctly"
        },
        {
          "ancestorTitles": ["<Typeahead />"],
          "failureMessages": [],
          "fullName": "<Typeahead /> should not render List by default",
          "location": null,
          "status": "passed",
          "title": "should not render List by default"
        },
        {
          "ancestorTitles": ["<Typeahead />"],
          "failureMessages": [],
          "fullName": "<Typeahead /> should render onchange event",
          "location": null,
          "status": "passed",
          "title": "should render onchange event"
        },
        {
          "ancestorTitles": ["<Typeahead />"],
          "failureMessages": [],
          "fullName": "<Typeahead /> should render input only 1s",
          "location": null,
          "status": "passed",
          "title": "should render input only 1s"
        },
        {
          "ancestorTitles": ["<Typeahead />"],
          "failureMessages": [],
          "fullName": "<Typeahead /> should render label only 1s",
          "location": null,
          "status": "passed",
          "title": "should render label only 1s"
        },
        {
          "ancestorTitles": ["<Typeahead />"],
          "failureMessages": [],
          "fullName": "<Typeahead /> should not render list item",
          "location": null,
          "status": "passed",
          "title": "should not render list item"
        },
        {
          "ancestorTitles": ["<Typeahead />"],
          "failureMessages": [],
          "fullName": "<Typeahead /> should show list",
          "location": null,
          "status": "passed",
          "title": "should show list"
        },
        {
          "ancestorTitles": ["<Typeahead />"],
          "failureMessages": [],
          "fullName": "<Typeahead /> should return single list item",
          "location": null,
          "status": "passed",
          "title": "should return single list item"
        },
        {
          "ancestorTitles": ["<Typeahead />"],
          "failureMessages": [],
          "fullName": "<Typeahead /> should select particular list item by click",
          "location": null,
          "status": "passed",
          "title": "should select particular list item by click"
        },
        {
          "ancestorTitles": ["<Typeahead />"],
          "failureMessages": [],
          "fullName": "<Typeahead /> should render span with id `initInstr`",
          "location": null,
          "status": "passed",
          "title": "should render span with id `initInstr`"
        },
        {
          "ancestorTitles": ["<Typeahead />"],
          "failureMessages": [],
          "fullName": "<Typeahead /> should render the input with `aria-autocomplete`",
          "location": null,
          "status": "passed",
          "title": "should render the input with `aria-autocomplete`"
        },
        {
          "ancestorTitles": ["<Typeahead />"],
          "failureMessages": [],
          "fullName": "<Typeahead /> should render the input with `aria-activedescendant`",
          "location": null,
          "status": "passed",
          "title": "should render the input with `aria-activedescendant`"
        },
        {
          "ancestorTitles": ["<Typeahead />"],
          "failureMessages": [],
          "fullName": "<Typeahead /> should render the input with `aria-describedby`",
          "location": null,
          "status": "passed",
          "title": "should render the input with `aria-describedby`"
        },
        {
          "ancestorTitles": ["<Typeahead />"],
          "failureMessages": [],
          "fullName": "<Typeahead /> should render the list items with `role=\"option\"`",
          "location": null,
          "status": "passed",
          "title": "should render the list items with `role=\"option\"`"
        },
        {
          "ancestorTitles": ["<Typeahead />"],
          "failureMessages": [],
          "fullName": "<Typeahead /> should render the list items with `aria-selected`",
          "location": null,
          "status": "passed",
          "title": "should render the list items with `aria-selected`"
        },
        {
          "ancestorTitles": ["<Typeahead />"],
          "failureMessages": [],
          "fullName": "<Typeahead /> should render the list items with `id=\"selectedOption\"`",
          "location": null,
          "status": "passed",
          "title": "should render the list items with `id=\"selectedOption\"`"
        },
        {
          "ancestorTitles": ["<Typeahead />"],
          "failureMessages": [],
          "fullName": "<Typeahead /> should render the list items with `id=\"selectedOption\"`",
          "location": null,
          "status": "passed",
          "title": "should render the list items with `id=\"selectedOption\"`"
        }
      ],
      "endTime": 1585290049774,
      "message": "",
      "name": "/Users/achjain/projects/atomic-react-components/lib/components/molecules/Typeahead/tests/Typeahead.test.js",
      "startTime": 1585290047382,
      "status": "passed",
      "summary": ""
    },
    {
      "assertionResults": [
        {
          "ancestorTitles": ["<Video />"],
          "failureMessages": [],
          "fullName": "<Video /> should have video tag",
          "location": null,
          "status": "passed",
          "title": "should have video tag"
        },
        {
          "ancestorTitles": ["<Video />"],
          "failureMessages": [],
          "fullName": "<Video /> should have source tag in video",
          "location": null,
          "status": "passed",
          "title": "should have source tag in video"
        },
        {
          "ancestorTitles": ["<Video />"],
          "failureMessages": [],
          "fullName": "<Video /> should have src attribute in source tag",
          "location": null,
          "status": "passed",
          "title": "should have src attribute in source tag"
        },
        {
          "ancestorTitles": ["<Video />"],
          "failureMessages": [],
          "fullName": "<Video /> should not be autoplay",
          "location": null,
          "status": "passed",
          "title": "should not be autoplay"
        },
        {
          "ancestorTitles": ["<Video />"],
          "failureMessages": [],
          "fullName": "<Video /> should not have track element only should have Track component",
          "location": null,
          "status": "passed",
          "title": "should not have track element only should have Track component"
        },
        {
          "ancestorTitles": ["<Video />"],
          "failureMessages": [],
          "fullName": "<Video /> should have children",
          "location": null,
          "status": "passed",
          "title": "should have children"
        },
        {
          "ancestorTitles": ["<Video />"],
          "failureMessages": [],
          "fullName": "<Video /> track component without data",
          "location": null,
          "status": "passed",
          "title": "track component without data"
        },
        {
          "ancestorTitles": ["<Video />"],
          "failureMessages": [],
          "fullName": "<Video /> should render correctly",
          "location": null,
          "status": "passed",
          "title": "should render correctly"
        }
      ],
      "endTime": 1585290050017,
      "message": "",
      "name": "/Users/achjain/projects/atomic-react-components/lib/components/atoms/Video/tests/Video.test.js",
      "startTime": 1585290048796,
      "status": "passed",
      "summary": ""
    },
    {
      "assertionResults": [
        {
          "ancestorTitles": ["<Toast />"],
          "failureMessages": [],
          "fullName": "<Toast /> <Toast />should render correctly",
          "location": null,
          "status": "passed",
          "title": "<Toast />should render correctly"
        },
        {
          "ancestorTitles": ["<Toast /> Component"],
          "failureMessages": [],
          "fullName": "<Toast /> Component is rendering root div,if isVisible prop is true ",
          "location": null,
          "status": "passed",
          "title": "is rendering root div,if isVisible prop is true "
        },
        {
          "ancestorTitles": ["<Toast /> Component"],
          "failureMessages": [],
          "fullName": "<Toast /> Component not rendering root div,if isVisible prop is false",
          "location": null,
          "status": "passed",
          "title": "not rendering root div,if isVisible prop is false"
        },
        {
          "ancestorTitles": ["<Toast /> Component"],
          "failureMessages": [],
          "fullName": "<Toast /> Component is rendering all necessary elements rendered if isVisible prop is true",
          "location": null,
          "status": "passed",
          "title": "is rendering all necessary elements rendered if isVisible prop is true"
        },
        {
          "ancestorTitles": ["<Toast /> Component"],
          "failureMessages": [],
          "fullName": "<Toast /> Component is rendering ProgressBar if autoDismissTimeout is set as 0",
          "location": null,
          "status": "passed",
          "title": "is rendering ProgressBar if autoDismissTimeout is set as 0"
        },
        {
          "ancestorTitles": ["<Toast /> Component"],
          "failureMessages": [],
          "fullName": "<Toast /> Component is rendering ProgressBar if autoDismissTimeout is set as 3000",
          "location": null,
          "status": "passed",
          "title": "is rendering ProgressBar if autoDismissTimeout is set as 3000"
        },
        {
          "ancestorTitles": ["<Toast /> Component"],
          "failureMessages": [],
          "fullName": "<Toast /> Component is rendering children ",
          "location": null,
          "status": "passed",
          "title": "is rendering children "
        },
        {
          "ancestorTitles": ["<Toast /> Component is checking effects on"],
          "failureMessages": [],
          "fullName": "<Toast /> Component is checking effects on onClick event, should dismiss the toast when clicking  on click of X button click",
          "location": null,
          "status": "passed",
          "title": "onClick event, should dismiss the toast when clicking  on click of X button click"
        },
        {
          "ancestorTitles": ["<Toast /> component useeffect hook for autodismiss"],
          "failureMessages": [],
          "fullName": "<Toast /> component useeffect hook for autodismiss autodismiss after timeout",
          "location": null,
          "status": "passed",
          "title": "autodismiss after timeout"
        }
      ],
      "endTime": 1585290050078,
      "message": "",
      "name": "/Users/achjain/projects/atomic-react-components/lib/components/molecules/Toast/tests/Toast.test.js",
      "startTime": 1585290042527,
      "status": "passed",
      "summary": ""
    },
    {
      "assertionResults": [
        {
          "ancestorTitles": [
            "Test Suite 1: Check for component and it's child rendered correctly."
          ],
          "failureMessages": [],
          "fullName": "Test Suite 1: Check for component and it's child rendered correctly. should render wrapper correctly for snapshot matching.",
          "location": null,
          "status": "passed",
          "title": "should render wrapper correctly for snapshot matching."
        },
        {
          "ancestorTitles": [
            "Test Suite 1: Check for component and it's child rendered correctly."
          ],
          "failureMessages": [],
          "fullName": "Test Suite 1: Check for component and it's child rendered correctly. Cookie Disclaimer component rendered correctly.",
          "location": null,
          "status": "passed",
          "title": "Cookie Disclaimer component rendered correctly."
        },
        {
          "ancestorTitles": [
            "Test Suite 1: Check for component and it's child rendered correctly."
          ],
          "failureMessages": [],
          "fullName": "Test Suite 1: Check for component and it's child rendered correctly. should render two buttons for accepting and rejecting the consent",
          "location": null,
          "status": "passed",
          "title": "should render two buttons for accepting and rejecting the consent"
        },
        {
          "ancestorTitles": [
            "Test Suite 2: Check for component and it's child for default props correctly."
          ],
          "failureMessages": [],
          "fullName": "Test Suite 2: Check for component and it's child for default props correctly. Button props for button types to be rendered.",
          "location": null,
          "status": "passed",
          "title": "Button props for button types to be rendered."
        },
        {
          "ancestorTitles": [
            "Test Suite 2: Check for component and it's child for default props correctly."
          ],
          "failureMessages": [],
          "fullName": "Test Suite 2: Check for component and it's child for default props correctly. Button props for button types to be rendered.",
          "location": null,
          "status": "passed",
          "title": "Button props for button types to be rendered."
        },
        {
          "ancestorTitles": ["Test Suite 3: testing styled component - HOC"],
          "failureMessages": [],
          "fullName": "Test Suite 3: testing styled component - HOC should rendered the component properly when styles are being applied.",
          "location": null,
          "status": "passed",
          "title": "should rendered the component properly when styles are being applied."
        },
        {
          "ancestorTitles": [
            "Test Suite 4: testing functional behaviour of the cookie disclaimer."
          ],
          "failureMessages": [],
          "fullName": "Test Suite 4: testing functional behaviour of the cookie disclaimer. setting the isVisible variable to false",
          "location": null,
          "status": "passed",
          "title": "setting the isVisible variable to false"
        },
        {
          "ancestorTitles": [
            "Test Suite 4: testing functional behaviour of the cookie disclaimer."
          ],
          "failureMessages": [],
          "fullName": "Test Suite 4: testing functional behaviour of the cookie disclaimer. accepting the consent and dropping the cookie.",
          "location": null,
          "status": "passed",
          "title": "accepting the consent and dropping the cookie."
        },
        {
          "ancestorTitles": [
            "Test Suite 4: testing functional behaviour of the cookie disclaimer."
          ],
          "failureMessages": [],
          "fullName": "Test Suite 4: testing functional behaviour of the cookie disclaimer. rejecting the consent and dropping the cookie.",
          "location": null,
          "status": "passed",
          "title": "rejecting the consent and dropping the cookie."
        },
        {
          "ancestorTitles": [
            "Test Suite 4: testing functional behaviour of the cookie disclaimer."
          ],
          "failureMessages": [],
          "fullName": "Test Suite 4: testing functional behaviour of the cookie disclaimer. getting the disclaimer state for rendering cookie disclaimer.",
          "location": null,
          "status": "passed",
          "title": "getting the disclaimer state for rendering cookie disclaimer."
        },
        {
          "ancestorTitles": [
            "Test Suite 4: testing functional behaviour of the cookie disclaimer."
          ],
          "failureMessages": [],
          "fullName": "Test Suite 4: testing functional behaviour of the cookie disclaimer. Accept Button click simulation",
          "location": null,
          "status": "passed",
          "title": "Accept Button click simulation"
        },
        {
          "ancestorTitles": [
            "Test Suite 4: testing functional behaviour of the cookie disclaimer."
          ],
          "failureMessages": [],
          "fullName": "Test Suite 4: testing functional behaviour of the cookie disclaimer. Reject Button click simulation",
          "location": null,
          "status": "passed",
          "title": "Reject Button click simulation"
        }
      ],
      "endTime": 1585290050186,
      "message": "",
      "name": "/Users/achjain/projects/atomic-react-components/lib/components/molecules/CookieDisclaimer/tests/CookieDisclaimer.test.js",
      "startTime": 1585290048709,
      "status": "passed",
      "summary": ""
    },
    {
      "assertionResults": [
        {
          "ancestorTitles": ["<Tabs />"],
          "failureMessages": [],
          "fullName": "<Tabs /> should render correctly",
          "location": null,
          "status": "passed",
          "title": "should render correctly"
        },
        {
          "ancestorTitles": ["<Tabs /> functional behavior"],
          "failureMessages": [],
          "fullName": "<Tabs /> functional behavior should have minimum dom structure for the tests below",
          "location": null,
          "status": "passed",
          "title": "should have minimum dom structure for the tests below"
        },
        {
          "ancestorTitles": ["<Tabs /> functional behavior"],
          "failureMessages": [],
          "fullName": "<Tabs /> functional behavior should change the tab panel and execute callback on closed tab click",
          "location": null,
          "status": "passed",
          "title": "should change the tab panel and execute callback on closed tab click"
        }
      ],
      "endTime": 1585290050337,
      "message": "",
      "name": "/Users/achjain/projects/atomic-react-components/lib/components/molecules/Tabs/tests/Tabs.test.js",
      "startTime": 1585290048814,
      "status": "passed",
      "summary": ""
    },
    {
      "assertionResults": [
        {
          "ancestorTitles": ["Button Component"],
          "failureMessages": [],
          "fullName": "Button Component should render correctly",
          "location": null,
          "status": "passed",
          "title": "should render correctly"
        },
        {
          "ancestorTitles": ["Button Component"],
          "failureMessages": [],
          "fullName": "Button Component should render disabled",
          "location": null,
          "status": "passed",
          "title": "should render disabled"
        },
        {
          "ancestorTitles": ["Button Component"],
          "failureMessages": [],
          "fullName": "Button Component should render title element",
          "location": null,
          "status": "passed",
          "title": "should render title element"
        },
        {
          "ancestorTitles": ["Button Component"],
          "failureMessages": [],
          "fullName": "Button Component should render aria attribute element",
          "location": null,
          "status": "passed",
          "title": "should render aria attribute element"
        },
        {
          "ancestorTitles": ["Button Component"],
          "failureMessages": [],
          "fullName": "Button Component should check the data attribute of button",
          "location": null,
          "status": "passed",
          "title": "should check the data attribute of button"
        }
      ],
      "endTime": 1585290050363,
      "message": "",
      "name": "/Users/achjain/projects/atomic-react-components/lib/components/atoms/Button/tests/Button.test.js",
      "startTime": 1585290049158,
      "status": "passed",
      "summary": ""
    },
    {
      "assertionResults": [
        {
          "ancestorTitles": ["<ArticleThumbnail />"],
          "failureMessages": [],
          "fullName": "<ArticleThumbnail /> should render correctly with Readmore",
          "location": null,
          "status": "passed",
          "title": "should render correctly with Readmore"
        },
        {
          "ancestorTitles": ["<ArticleThumbnail />"],
          "failureMessages": [],
          "fullName": "<ArticleThumbnail /> should render correctly with full clickable thumb",
          "location": null,
          "status": "passed",
          "title": "should render correctly with full clickable thumb"
        }
      ],
      "endTime": 1585290050419,
      "message": "",
      "name": "/Users/achjain/projects/atomic-react-components/lib/components/molecules/ArticleThumbnail/tests/ArticleThumbnail.test.js",
      "startTime": 1585290049462,
      "status": "passed",
      "summary": ""
    },
    {
      "assertionResults": [
        {
          "ancestorTitles": ["<QuoteMedia />"],
          "failureMessages": [],
          "fullName": "<QuoteMedia /> Should have component heading being displayed",
          "location": null,
          "status": "passed",
          "title": "Should have component heading being displayed"
        },
        {
          "ancestorTitles": ["<QuoteMedia />"],
          "failureMessages": [],
          "fullName": "<QuoteMedia /> Should allow quote component passing",
          "location": null,
          "status": "passed",
          "title": "Should allow quote component passing"
        },
        {
          "ancestorTitles": ["<QuoteMedia />"],
          "failureMessages": [],
          "fullName": "<QuoteMedia /> Should render media Image in component body",
          "location": null,
          "status": "passed",
          "title": "Should render media Image in component body"
        },
        {
          "ancestorTitles": ["<QuoteMedia />"],
          "failureMessages": [],
          "fullName": "<QuoteMedia /> Should render correctly",
          "location": null,
          "status": "passed",
          "title": "Should render correctly"
        }
      ],
      "endTime": 1585290050614,
      "message": "",
      "name": "/Users/achjain/projects/atomic-react-components/lib/components/molecules/QuoteMedia/tests/QuoteMedia.test.js",
      "startTime": 1585290049494,
      "status": "passed",
      "summary": ""
    },
    {
      "assertionResults": [
        {
          "ancestorTitles": ["FieldInput Component"],
          "failureMessages": [],
          "fullName": "FieldInput Component should render correctly",
          "location": null,
          "status": "passed",
          "title": "should render correctly"
        },
        {
          "ancestorTitles": ["FieldInput Component"],
          "failureMessages": [],
          "fullName": "FieldInput Component should render button with type = \"button\".",
          "location": null,
          "status": "passed",
          "title": "should render button with type = \"button\"."
        },
        {
          "ancestorTitles": ["FieldInput Component"],
          "failureMessages": [],
          "fullName": "FieldInput Component should render 1st button with theme prop type, tertiary",
          "location": null,
          "status": "passed",
          "title": "should render 1st button with theme prop type, tertiary"
        },
        {
          "ancestorTitles": ["FieldInput Component"],
          "failureMessages": [],
          "fullName": "FieldInput Component should render 2nd button with theme prop type, primary",
          "location": null,
          "status": "passed",
          "title": "should render 2nd button with theme prop type, primary"
        },
        {
          "ancestorTitles": ["FieldInput Component"],
          "failureMessages": [],
          "fullName": "FieldInput Component should match the button text rendered",
          "location": null,
          "status": "passed",
          "title": "should match the button text rendered"
        },
        {
          "ancestorTitles": ["FieldInput Component"],
          "failureMessages": [],
          "fullName": "FieldInput Component should match the button text rendered for second button",
          "location": null,
          "status": "passed",
          "title": "should match the button text rendered for second button"
        },
        {
          "ancestorTitles": ["FieldInput Component"],
          "failureMessages": [],
          "fullName": "FieldInput Component should match the label rendered correctly.",
          "location": null,
          "status": "passed",
          "title": "should match the label rendered correctly."
        },
        {
          "ancestorTitles": ["FieldInput Component"],
          "failureMessages": [],
          "fullName": "FieldInput Component should match the input rendered correctly.",
          "location": null,
          "status": "passed",
          "title": "should match the input rendered correctly."
        },
        {
          "ancestorTitles": ["FieldInput Component"],
          "failureMessages": [],
          "fullName": "FieldInput Component should match the input rendered correctly on change event simulation.",
          "location": null,
          "status": "passed",
          "title": "should match the input rendered correctly on change event simulation."
        },
        {
          "ancestorTitles": ["FieldInput Component"],
          "failureMessages": [],
          "fullName": "FieldInput Component should match the input rendered correctly on blur event simulation.",
          "location": null,
          "status": "passed",
          "title": "should match the input rendered correctly on blur event simulation."
        }
      ],
      "endTime": 1585290050594,
      "message": "",
      "name": "/Users/achjain/projects/atomic-react-components/lib/components/molecules/Form/FieldFileInput/tests/FieldFileInput.test.js",
      "startTime": 1585290049301,
      "status": "passed",
      "summary": ""
    },
    {
      "assertionResults": [
        {
          "ancestorTitles": ["InputChoiceVanilla Component"],
          "failureMessages": [],
          "fullName": "InputChoiceVanilla Component should render Radio button correctly",
          "location": null,
          "status": "passed",
          "title": "should render Radio button correctly"
        },
        {
          "ancestorTitles": ["InputChoiceVanilla Component"],
          "failureMessages": [],
          "fullName": "InputChoiceVanilla Component should render checkbox correctly",
          "location": null,
          "status": "passed",
          "title": "should render checkbox correctly"
        },
        {
          "ancestorTitles": ["InputChoiceVanilla Component"],
          "failureMessages": [],
          "fullName": "InputChoiceVanilla Component should render disabled",
          "location": null,
          "status": "passed",
          "title": "should render disabled"
        },
        {
          "ancestorTitles": ["InputChoiceVanilla Component"],
          "failureMessages": [],
          "fullName": "InputChoiceVanilla Component should render checked",
          "location": null,
          "status": "passed",
          "title": "should render checked"
        }
      ],
      "endTime": 1585290050852,
      "message": "",
      "name": "/Users/achjain/projects/atomic-react-components/lib/components/molecules/InputChoice/tests/InputChoice.test.js",
      "startTime": 1585290049800,
      "status": "passed",
      "summary": ""
    },
    {
      "assertionResults": [
        {
          "ancestorTitles": ["Heading Component"],
          "failureMessages": [],
          "fullName": "Heading Component should render correctly and match snapshot",
          "location": null,
          "status": "passed",
          "title": "should render correctly and match snapshot"
        },
        {
          "ancestorTitles": ["Heading Component"],
          "failureMessages": [],
          "fullName": "Heading Component should check the custom locator of heading",
          "location": null,
          "status": "passed",
          "title": "should check the custom locator of heading"
        },
        {
          "ancestorTitles": ["Heading Component"],
          "failureMessages": [],
          "fullName": "Heading Component should check the default locator of heading",
          "location": null,
          "status": "passed",
          "title": "should check the default locator of heading"
        }
      ],
      "endTime": 1585290051004,
      "message": "",
      "name": "/Users/achjain/projects/atomic-react-components/lib/components/atoms/Heading/tests/Heading.test.js",
      "startTime": 1585290049835,
      "status": "passed",
      "summary": ""
    },
    {
      "assertionResults": [
        {
          "ancestorTitles": ["<WithScripts />"],
          "failureMessages": [],
          "fullName": "<WithScripts /> should render correctly",
          "location": null,
          "status": "passed",
          "title": "should render correctly"
        },
        {
          "ancestorTitles": ["<WithScripts />"],
          "failureMessages": [],
          "fullName": "<WithScripts /> should not render duplicate ids",
          "location": null,
          "status": "passed",
          "title": "should not render duplicate ids"
        }
      ],
      "endTime": 1585290051096,
      "message": "",
      "name": "/Users/achjain/projects/atomic-react-components/lib/components/hoc/WithScripts/tests/WithScripts.test.js",
      "startTime": 1585290050037,
      "status": "passed",
      "summary": ""
    },
    {
      "assertionResults": [
        {
          "ancestorTitles": ["<FieldToggle />"],
          "failureMessages": [],
          "fullName": "<FieldToggle /> should render correctly",
          "location": null,
          "status": "passed",
          "title": "should render correctly"
        },
        {
          "ancestorTitles": ["<FieldToggle />"],
          "failureMessages": [],
          "fullName": "<FieldToggle /> should render label correctly",
          "location": null,
          "status": "passed",
          "title": "should render label correctly"
        },
        {
          "ancestorTitles": ["<FieldToggle />"],
          "failureMessages": [],
          "fullName": "<FieldToggle /> should render label with Value correctly",
          "location": null,
          "status": "passed",
          "title": "should render label with Value correctly"
        },
        {
          "ancestorTitles": ["<FieldToggle />"],
          "failureMessages": [],
          "fullName": "<FieldToggle /> should render input correctly",
          "location": null,
          "status": "passed",
          "title": "should render input correctly"
        },
        {
          "ancestorTitles": ["<FieldToggle />"],
          "failureMessages": [],
          "fullName": "<FieldToggle /> should render disabled input",
          "location": null,
          "status": "passed",
          "title": "should render disabled input"
        },
        {
          "ancestorTitles": ["<FieldToggle />"],
          "failureMessages": [],
          "fullName": "<FieldToggle /> should tigger click event with toggle Value",
          "location": null,
          "status": "passed",
          "title": "should tigger click event with toggle Value"
        },
        {
          "ancestorTitles": ["<FieldToggle />"],
          "failureMessages": [],
          "fullName": "<FieldToggle /> should render Indicator On",
          "location": null,
          "status": "passed",
          "title": "should render Indicator On"
        },
        {
          "ancestorTitles": ["<FieldToggle />"],
          "failureMessages": [],
          "fullName": "<FieldToggle /> should tigger handleToggleCallback function",
          "location": null,
          "status": "passed",
          "title": "should tigger handleToggleCallback function"
        }
      ],
      "endTime": 1585290051053,
      "message": "",
      "name": "/Users/achjain/projects/atomic-react-components/lib/components/molecules/Form/FieldToggle/tests/FieldToggle.test.js",
      "startTime": 1585290046987,
      "status": "passed",
      "summary": ""
    },
    {
      "assertionResults": [
        {
          "ancestorTitles": ["FieldError Component"],
          "failureMessages": [],
          "fullName": "FieldError Component should render correctly",
          "location": null,
          "status": "passed",
          "title": "should render correctly"
        },
        {
          "ancestorTitles": ["FieldError Component"],
          "failureMessages": [],
          "fullName": "FieldError Component should check the element locator of field error",
          "location": null,
          "status": "passed",
          "title": "should check the element locator of field error"
        },
        {
          "ancestorTitles": ["FieldError Component"],
          "failureMessages": [],
          "fullName": "FieldError Component should check the default slnid of field error",
          "location": null,
          "status": "passed",
          "title": "should check the default slnid of field error"
        }
      ],
      "endTime": 1585290051188,
      "message": "",
      "name": "/Users/achjain/projects/atomic-react-components/lib/components/atoms/FieldError/tests/FieldError.test.js",
      "startTime": 1585290050240,
      "status": "passed",
      "summary": ""
    },
    {
      "assertionResults": [
        {
          "ancestorTitles": ["Select Styled component"],
          "failureMessages": [],
          "fullName": "Select Styled component should render correctly",
          "location": null,
          "status": "passed",
          "title": "should render correctly"
        }
      ],
      "endTime": 1585290051325,
      "message": "",
      "name": "/Users/achjain/projects/atomic-react-components/lib/components/atoms/Select/tests/Select.style.test.js",
      "startTime": 1585290050110,
      "status": "passed",
      "summary": ""
    },
    {
      "assertionResults": [
        {
          "ancestorTitles": ["Input Component"],
          "failureMessages": [],
          "fullName": "Input Component should render correctly",
          "location": null,
          "status": "passed",
          "title": "should render correctly"
        },
        {
          "ancestorTitles": ["Input Component"],
          "failureMessages": [],
          "fullName": "Input Component should check the data attribute of input",
          "location": null,
          "status": "passed",
          "title": "should check the data attribute of input"
        },
        {
          "ancestorTitles": ["File Input Component -> Unit Testing"],
          "failureMessages": [],
          "fullName": "File Input Component -> Unit Testing should render file input component correctly",
          "location": null,
          "status": "passed",
          "title": "should render file input component correctly"
        },
        {
          "ancestorTitles": ["File Input Component -> Unit Testing"],
          "failureMessages": [],
          "fullName": "File Input Component -> Unit Testing should call function on click of the input field",
          "location": null,
          "status": "passed",
          "title": "should call function on click of the input field"
        },
        {
          "ancestorTitles": ["File Input Component -> Unit Testing"],
          "failureMessages": [],
          "fullName": "File Input Component -> Unit Testing should simulate click event of the input field",
          "location": null,
          "status": "passed",
          "title": "should simulate click event of the input field"
        },
        {
          "ancestorTitles": ["File Input Component -> Unit Testing"],
          "failureMessages": [],
          "fullName": "File Input Component -> Unit Testing should render with prop \"multiple\" to distinguish multiple or single file",
          "location": null,
          "status": "passed",
          "title": "should render with prop \"multiple\" to distinguish multiple or single file"
        },
        {
          "ancestorTitles": ["File Input Component -> Unit Testing"],
          "failureMessages": [],
          "fullName": "File Input Component -> Unit Testing should render input correctly",
          "location": null,
          "status": "passed",
          "title": "should render input correctly"
        }
      ],
      "endTime": 1585290051373,
      "message": "",
      "name": "/Users/achjain/projects/atomic-react-components/lib/components/atoms/Input/tests/Input.test.js",
      "startTime": 1585290050381,
      "status": "passed",
      "summary": ""
    },
    {
      "assertionResults": [
        {
          "ancestorTitles": ["<Pagination />"],
          "failureMessages": [],
          "fullName": "<Pagination /> should render correctly",
          "location": null,
          "status": "passed",
          "title": "should render correctly"
        },
        {
          "ancestorTitles": ["<Pagination />"],
          "failureMessages": [],
          "fullName": "<Pagination /> should render `.pagination` component",
          "location": null,
          "status": "passed",
          "title": "should render `.pagination` component"
        },
        {
          "ancestorTitles": ["<Pagination />"],
          "failureMessages": [],
          "fullName": "<Pagination /> should render an `.last`",
          "location": null,
          "status": "passed",
          "title": "should render an `.last`"
        },
        {
          "ancestorTitles": ["<Pagination />"],
          "failureMessages": [],
          "fullName": "<Pagination /> should render a `firstLabel`",
          "location": null,
          "status": "passed",
          "title": "should render a `firstLabel`"
        },
        {
          "ancestorTitles": ["<Pagination />"],
          "failureMessages": [],
          "fullName": "<Pagination /> should render a `lastLabel`",
          "location": null,
          "status": "passed",
          "title": "should render a `lastLabel`"
        },
        {
          "ancestorTitles": ["<Pagination />"],
          "failureMessages": [],
          "fullName": "<Pagination /> should test click event on first button",
          "location": null,
          "status": "passed",
          "title": "should test click event on first button"
        },
        {
          "ancestorTitles": ["<Pagination />"],
          "failureMessages": [],
          "fullName": "<Pagination /> should test click event on last button",
          "location": null,
          "status": "passed",
          "title": "should test click event on last button"
        }
      ],
      "endTime": 1585290051508,
      "message": "",
      "name": "/Users/achjain/projects/atomic-react-components/lib/components/molecules/Pagination/tests/Pagination.test.js",
      "startTime": 1585290050488,
      "status": "passed",
      "summary": ""
    },
    {
      "assertionResults": [
        {
          "ancestorTitles": ["<HeroBanner />"],
          "failureMessages": [],
          "fullName": "<HeroBanner /> should render correctly",
          "location": null,
          "status": "passed",
          "title": "should render correctly"
        },
        {
          "ancestorTitles": ["<HeroBanner />"],
          "failureMessages": [],
          "fullName": "<HeroBanner /> should render a div",
          "location": null,
          "status": "passed",
          "title": "should render a div"
        },
        {
          "ancestorTitles": ["<HeroBanner />"],
          "failureMessages": [],
          "fullName": "<HeroBanner /> should render a header",
          "location": null,
          "status": "passed",
          "title": "should render a header"
        },
        {
          "ancestorTitles": ["<HeroBanner />"],
          "failureMessages": [],
          "fullName": "<HeroBanner /> should render a header with role as banner",
          "location": null,
          "status": "passed",
          "title": "should render a header with role as banner"
        },
        {
          "ancestorTitles": ["<HeroBanner />"],
          "failureMessages": [],
          "fullName": "<HeroBanner /> should render Hero Image",
          "location": null,
          "status": "passed",
          "title": "should render Hero Image"
        },
        {
          "ancestorTitles": ["<HeroBanner />"],
          "failureMessages": [],
          "fullName": "<HeroBanner /> should render children",
          "location": null,
          "status": "passed",
          "title": "should render children"
        }
      ],
      "endTime": 1585290051626,
      "message": "",
      "name": "/Users/achjain/projects/atomic-react-components/lib/components/molecules/HeroBanner/tests/HeroBanner.test.js",
      "startTime": 1585290050359,
      "status": "passed",
      "summary": ""
    },
    {
      "assertionResults": [
        {
          "ancestorTitles": ["<Blockquote />"],
          "failureMessages": [],
          "fullName": "<Blockquote /> should render blockquote",
          "location": null,
          "status": "passed",
          "title": "should render blockquote"
        },
        {
          "ancestorTitles": ["<Blockquote />"],
          "failureMessages": [],
          "fullName": "<Blockquote /> should render content",
          "location": null,
          "status": "passed",
          "title": "should render content"
        },
        {
          "ancestorTitles": ["<Blockquote />"],
          "failureMessages": [],
          "fullName": "<Blockquote /> check quoteContent value passed in",
          "location": null,
          "status": "passed",
          "title": "check quoteContent value passed in"
        },
        {
          "ancestorTitles": ["<Blockquote />"],
          "failureMessages": [],
          "fullName": "<Blockquote /> check quoteAuthor value passed in",
          "location": null,
          "status": "passed",
          "title": "check quoteAuthor value passed in"
        },
        {
          "ancestorTitles": ["<Blockquote />"],
          "failureMessages": [],
          "fullName": "<Blockquote /> should render author name",
          "location": null,
          "status": "passed",
          "title": "should render author name"
        },
        {
          "ancestorTitles": ["<Blockquote />"],
          "failureMessages": [],
          "fullName": "<Blockquote /> should render correctly",
          "location": null,
          "status": "passed",
          "title": "should render correctly"
        }
      ],
      "endTime": 1585290051709,
      "message": "",
      "name": "/Users/achjain/projects/atomic-react-components/lib/components/molecules/Blockquote/tests/Blockquote.test.js",
      "startTime": 1585290050692,
      "status": "passed",
      "summary": ""
    },
    {
      "assertionResults": [
        {
          "ancestorTitles": ["<StickyBar />"],
          "failureMessages": [],
          "fullName": "<StickyBar /> should render the List Component",
          "location": null,
          "status": "passed",
          "title": "should render the List Component"
        },
        {
          "ancestorTitles": ["<StickyBar />"],
          "failureMessages": [],
          "fullName": "<StickyBar /> should render correctly",
          "location": null,
          "status": "passed",
          "title": "should render correctly"
        }
      ],
      "endTime": 1585290051771,
      "message": "",
      "name": "/Users/achjain/projects/atomic-react-components/lib/components/molecules/StickyBar/tests/StickyBar.test.js",
      "startTime": 1585290050635,
      "status": "passed",
      "summary": ""
    },
    {
      "assertionResults": [
        {
          "ancestorTitles": ["Para Component"],
          "failureMessages": [],
          "fullName": "Para Component should render correctly and match snapshot",
          "location": null,
          "status": "passed",
          "title": "should render correctly and match snapshot"
        },
        {
          "ancestorTitles": ["Para Component"],
          "failureMessages": [],
          "fullName": "Para Component should check the data attribute of para",
          "location": null,
          "status": "passed",
          "title": "should check the data attribute of para"
        }
      ],
      "endTime": 1585290051961,
      "message": "",
      "name": "/Users/achjain/projects/atomic-react-components/lib/components/atoms/Para/tests/Para.test.js",
      "startTime": 1585290050864,
      "status": "passed",
      "summary": ""
    },
    {
      "assertionResults": [
        {
          "ancestorTitles": ["Select Component"],
          "failureMessages": [],
          "fullName": "Select Component should render correctly",
          "location": null,
          "status": "passed",
          "title": "should render correctly"
        },
        {
          "ancestorTitles": ["Select Component"],
          "failureMessages": [],
          "fullName": "Select Component should check the data attribute of dropdown/select",
          "location": null,
          "status": "passed",
          "title": "should check the data attribute of dropdown/select"
        }
      ],
      "endTime": 1585290052135,
      "message": "",
      "name": "/Users/achjain/projects/atomic-react-components/lib/components/atoms/Select/tests/Select.test.js",
      "startTime": 1585290051111,
      "status": "passed",
      "summary": ""
    },
    {
      "assertionResults": [
        {
          "ancestorTitles": ["<Popover /> Rendering"],
          "failureMessages": [],
          "fullName": "<Popover /> Rendering should render correctly",
          "location": null,
          "status": "passed",
          "title": "should render correctly"
        },
        {
          "ancestorTitles": ["Popover functional behavior"],
          "failureMessages": [],
          "fullName": "Popover functional behavior Should have Close Button By Default and can be closed",
          "location": null,
          "status": "passed",
          "title": "Should have Close Button By Default and can be closed"
        },
        {
          "ancestorTitles": ["Popover functional behavior"],
          "failureMessages": [],
          "fullName": "Popover functional behavior Should open By Default when isVisible set to true",
          "location": null,
          "status": "passed",
          "title": "Should open By Default when isVisible set to true"
        },
        {
          "ancestorTitles": ["Popover functional behavior"],
          "failureMessages": [],
          "fullName": "Popover functional behavior Should open and close on Trigger and X button click",
          "location": null,
          "status": "passed",
          "title": "Should open and close on Trigger and X button click"
        }
      ],
      "endTime": 1585290052213,
      "message": "",
      "name": "/Users/achjain/projects/atomic-react-components/lib/components/molecules/Popover/tests/Popover.test.js",
      "startTime": 1585290051029,
      "status": "passed",
      "summary": ""
    },
    {
      "assertionResults": [
        {
          "ancestorTitles": ["<Icon />"],
          "failureMessages": [],
          "fullName": "<Icon /> should render correctly",
          "location": null,
          "status": "passed",
          "title": "should render correctly"
        },
        {
          "ancestorTitles": ["<Icon />"],
          "failureMessages": [],
          "fullName": "<Icon /> should have id",
          "location": null,
          "status": "passed",
          "title": "should have id"
        }
      ],
      "endTime": 1585290052297,
      "message": "",
      "name": "/Users/achjain/projects/atomic-react-components/lib/components/atoms/Icon/tests/Icon.test.js",
      "startTime": 1585290051128,
      "status": "passed",
      "summary": ""
    },
    {
      "assertionResults": [
        {
          "ancestorTitles": ["Image Component"],
          "failureMessages": [],
          "fullName": "Image Component should render correctly and match snapshots",
          "location": null,
          "status": "passed",
          "title": "should render correctly and match snapshots"
        },
        {
          "ancestorTitles": ["Image Component"],
          "failureMessages": [],
          "fullName": "Image Component should change image src on error",
          "location": null,
          "status": "passed",
          "title": "should change image src on error"
        },
        {
          "ancestorTitles": ["Image Component"],
          "failureMessages": [],
          "fullName": "Image Component should check the data attribute of image",
          "location": null,
          "status": "passed",
          "title": "should check the data attribute of image"
        },
        {
          "ancestorTitles": ["Image Component"],
          "failureMessages": [],
          "fullName": "Image Component should check the default locator of image",
          "location": null,
          "status": "passed",
          "title": "should check the default locator of image"
        }
      ],
      "endTime": 1585290052317,
      "message": "",
      "name": "/Users/achjain/projects/atomic-react-components/lib/components/atoms/Image/tests/Image.test.js",
      "startTime": 1585290051260,
      "status": "passed",
      "summary": ""
    },
    {
      "assertionResults": [
        {
          "ancestorTitles": ["Label Component"],
          "failureMessages": [],
          "fullName": "Label Component should render correctly",
          "location": null,
          "status": "passed",
          "title": "should render correctly"
        },
        {
          "ancestorTitles": ["Label Component"],
          "failureMessages": [],
          "fullName": "Label Component should check the data attribute of label",
          "location": null,
          "status": "passed",
          "title": "should check the data attribute of label"
        }
      ],
      "endTime": 1585290052433,
      "message": "",
      "name": "/Users/achjain/projects/atomic-react-components/lib/components/atoms/Label/tests/Label.test.js",
      "startTime": 1585290051399,
      "status": "passed",
      "summary": ""
    },
    {
      "assertionResults": [
        {
          "ancestorTitles": ["<Tag />"],
[...]
      "statementMap": {
        "0": { "start": { "line": 15, "column": 12 }, "end": { "line": 51, "column": 1 } },
        "1": { "start": { "line": 23, "column": 36 }, "end": { "line": 23, "column": 56 } },
        "2": { "start": { "line": 25, "column": 20 }, "end": { "line": 30, "column": 3 } },
        "3": { "start": { "line": 26, "column": 4 }, "end": { "line": 26, "column": 24 } },
        "4": { "start": { "line": 27, "column": 4 }, "end": { "line": 29, "column": 5 } },
        "5": { "start": { "line": 28, "column": 6 }, "end": { "line": 28, "column": 27 } },
        "6": { "start": { "line": 32, "column": 2 }, "end": { "line": 50, "column": 4 } },
        "7": { "start": { "line": 53, "column": 0 }, "end": { "line": 58, "column": 2 } }
      },
      "fnMap": {
        "0": {
          "name": "(anonymous_0)",
          "decl": { "start": { "line": 15, "column": 12 }, "end": { "line": 15, "column": 13 } },
          "loc": { "start": { "line": 22, "column": 22 }, "end": { "line": 51, "column": 1 } },
          "line": 22
        },
        "1": {
          "name": "(anonymous_1)",
          "decl": { "start": { "line": 25, "column": 20 }, "end": { "line": 25, "column": 21 } },
          "loc": { "start": { "line": 25, "column": 27 }, "end": { "line": 30, "column": 3 } },
          "line": 25
        }
      },
      "branchMap": {
        "0": {
          "loc": { "start": { "line": 27, "column": 4 }, "end": { "line": 29, "column": 5 } },
          "type": "if",
          "locations": [
            { "start": { "line": 27, "column": 4 }, "end": { "line": 29, "column": 5 } },
            { "start": { "line": 27, "column": 4 }, "end": { "line": 29, "column": 5 } }
          ],
          "line": 27
        },
        "1": {
          "loc": { "start": { "line": 34, "column": 7 }, "end": { "line": 48, "column": 7 } },
          "type": "binary-expr",
          "locations": [
            { "start": { "line": 34, "column": 7 }, "end": { "line": 34, "column": 16 } },
            { "start": { "line": 35, "column": 8 }, "end": { "line": 47, "column": 15 } }
          ],
          "line": 34
        },
        "2": {
          "loc": { "start": { "line": 37, "column": 11 }, "end": { "line": 46, "column": 11 } },
          "type": "binary-expr",
          "locations": [
            { "start": { "line": 37, "column": 11 }, "end": { "line": 37, "column": 36 } },
            { "start": { "line": 38, "column": 12 }, "end": { "line": 45, "column": 21 } }
          ],
          "line": 37
        }
      },
      "s": { "0": 1, "1": 6, "2": 6, "3": 1, "4": 1, "5": 1, "6": 6, "7": 1 },
      "f": { "0": 6, "1": 1 },
      "b": { "0": [1, 0], "1": [6, 6], "2": [6, 2] },
      "_coverageSchema": "1a1c01bbd47fc00a2c39e90264f33305004495a9",
      "hash": "b00a41958eda65aca9c98e09794a23a0162291d6"
    },
    "/Users/achjain/projects/atomic-react-components/lib/components/atoms/Tag/index.js": {
      "path": "/Users/achjain/projects/atomic-react-components/lib/components/atoms/Tag/index.js",
      "statementMap": {},
      "fnMap": {},
      "branchMap": {},
      "s": {},
      "f": {},
      "b": {},
      "_coverageSchema": "1a1c01bbd47fc00a2c39e90264f33305004495a9",
      "hash": "abb3c8be362e28f53a18855e75e36cda343e7503"
    },
    "/Users/achjain/projects/atomic-react-components/lib/components/molecules/Modal/Modal.style.js": {
      "path": "/Users/achjain/projects/atomic-react-components/lib/components/molecules/Modal/Modal.style.js",
      "statementMap": {
        "0": { "start": { "line": 3, "column": 15 }, "end": { "line": 5, "column": 1 } },
        "1": { "start": { "line": 4, "column": 16 }, "end": { "line": 4, "column": 66 } }
      },
      "fnMap": {
        "0": {
          "name": "(anonymous_0)",
          "decl": { "start": { "line": 4, "column": 4 }, "end": { "line": 4, "column": 5 } },
          "loc": { "start": { "line": 4, "column": 16 }, "end": { "line": 4, "column": 66 } },
          "line": 4
        }
      },
      "branchMap": {
        "0": {
          "loc": { "start": { "line": 4, "column": 16 }, "end": { "line": 4, "column": 66 } },
          "type": "cond-expr",
          "locations": [
            { "start": { "line": 4, "column": 40 }, "end": { "line": 4, "column": 61 } },
            { "start": { "line": 4, "column": 64 }, "end": { "line": 4, "column": 66 } }
          ],
          "line": 4
        }
      },
      "s": { "0": 1, "1": 0 },
      "f": { "0": 0 },
      "b": { "0": [0, 0] },
      "_coverageSchema": "1a1c01bbd47fc00a2c39e90264f33305004495a9",
      "hash": "85134fbf951c04f8cbf19a6e6b286f0512397263"
    },
    "/Users/achjain/projects/atomic-react-components/lib/components/molecules/Modal/Modal.js": {
      "path": "/Users/achjain/projects/atomic-react-components/lib/components/molecules/Modal/Modal.js",
      "statementMap": {
        "0": { "start": { "line": 54, "column": 14 }, "end": { "line": 102, "column": 1 } },
        "1": { "start": { "line": 78, "column": 2 }, "end": { "line": 101, "column": 4 } },
        "2": { "start": { "line": 104, "column": 0 }, "end": { "line": 125, "column": 2 } },
        "3": { "start": { "line": 121, "column": 24 }, "end": { "line": 121, "column": 49 } }
      },
      "fnMap": {
        "0": {
          "name": "(anonymous_0)",
          "decl": { "start": { "line": 54, "column": 14 }, "end": { "line": 54, "column": 15 } },
          "loc": { "start": { "line": 78, "column": 2 }, "end": { "line": 101, "column": 4 } },
          "line": 78
        },
        "1": {
          "name": "(anonymous_1)",
          "decl": { "start": { "line": 121, "column": 18 }, "end": { "line": 121, "column": 19 } },
          "loc": { "start": { "line": 121, "column": 24 }, "end": { "line": 121, "column": 49 } },
          "line": 121
        }
      },
      "branchMap": {
        "0": {
          "loc": { "start": { "line": 121, "column": 24 }, "end": { "line": 121, "column": 49 } },
          "type": "binary-expr",
          "locations": [
            { "start": { "line": 121, "column": 24 }, "end": { "line": 121, "column": 32 } },
            { "start": { "line": 121, "column": 36 }, "end": { "line": 121, "column": 49 } }
          ],
          "line": 121
        }
      },
      "s": { "0": 1, "1": 1, "2": 1, "3": 0 },
      "f": { "0": 1, "1": 0 },
      "b": { "0": [0, 0] },
      "_coverageSchema": "1a1c01bbd47fc00a2c39e90264f33305004495a9",
      "hash": "ee970ab9d7a6f44347409f97226fd2c4fdc107e3"
    },
    "/Users/achjain/projects/atomic-react-components/lib/components/molecules/Skeleton/Skeleton.style.js": {
      "path": "/Users/achjain/projects/atomic-react-components/lib/components/molecules/Skeleton/Skeleton.style.js",
      "statementMap": {
        "0": { "start": { "line": 21, "column": 16 }, "end": { "line": 21, "column": 66 } }
      },
      "fnMap": {
        "0": {
          "name": "(anonymous_0)",
          "decl": { "start": { "line": 21, "column": 4 }, "end": { "line": 21, "column": 5 } },
          "loc": { "start": { "line": 21, "column": 16 }, "end": { "line": 21, "column": 66 } },
          "line": 21
        }
      },
      "branchMap": {
        "0": {
          "loc": { "start": { "line": 21, "column": 16 }, "end": { "line": 21, "column": 66 } },
          "type": "cond-expr",
          "locations": [
            { "start": { "line": 21, "column": 40 }, "end": { "line": 21, "column": 61 } },
            { "start": { "line": 21, "column": 64 }, "end": { "line": 21, "column": 66 } }
          ],
          "line": 21
        }
      },
      "s": { "0": 5 },
      "f": { "0": 5 },
      "b": { "0": [0, 5] },
      "_coverageSchema": "1a1c01bbd47fc00a2c39e90264f33305004495a9",
      "hash": "699356e939272a0a187f059bdb2c2d10f9ac9980"
    },
    "/Users/achjain/projects/atomic-react-components/lib/components/molecules/Skeleton/Skeleton.js": {
      "path": "/Users/achjain/projects/atomic-react-components/lib/components/molecules/Skeleton/Skeleton.js",
      "statementMap": {
        "0": { "start": { "line": 14, "column": 15 }, "end": { "line": 16, "column": 1 } },
        "1": { "start": { "line": 15, "column": 2 }, "end": { "line": 15, "column": 100 } },
        "2": { "start": { "line": 18, "column": 12 }, "end": { "line": 20, "column": 1 } },
        "3": { "start": { "line": 19, "column": 2 }, "end": { "line": 19, "column": 90 } },
        "4": { "start": { "line": 22, "column": 17 }, "end": { "line": 24, "column": 1 } },
        "5": { "start": { "line": 23, "column": 2 }, "end": { "line": 23, "column": 69 } },
        "6": { "start": { "line": 26, "column": 0 }, "end": { "line": 26, "column": 25 } },
        "7": { "start": { "line": 27, "column": 0 }, "end": { "line": 27, "column": 19 } },
        "8": { "start": { "line": 29, "column": 0 }, "end": { "line": 29, "column": 27 } },
        "9": { "start": { "line": 31, "column": 0 }, "end": { "line": 35, "column": 2 } },
        "10": { "start": { "line": 37, "column": 0 }, "end": { "line": 40, "column": 2 } }
      },
      "fnMap": {
        "0": {
          "name": "(anonymous_0)",
          "decl": { "start": { "line": 14, "column": 15 }, "end": { "line": 14, "column": 16 } },
          "loc": { "start": { "line": 15, "column": 2 }, "end": { "line": 15, "column": 100 } },
          "line": 15
        },
        "1": {
          "name": "(anonymous_1)",
          "decl": { "start": { "line": 18, "column": 12 }, "end": { "line": 18, "column": 13 } },
          "loc": { "start": { "line": 19, "column": 2 }, "end": { "line": 19, "column": 90 } },
          "line": 19
        },
        "2": {
          "name": "(anonymous_2)",
          "decl": { "start": { "line": 22, "column": 17 }, "end": { "line": 22, "column": 18 } },
          "loc": { "start": { "line": 23, "column": 2 }, "end": { "line": 23, "column": 69 } },
          "line": 23
        }
      },
      "branchMap": {},
      "s": {
        "0": 1,
        "1": 5,
        "2": 1,
        "3": 5,
        "4": 1,
        "5": 5,
        "6": 1,
        "7": 1,
        "8": 1,
        "9": 1,
        "10": 1
      },
      "f": { "0": 5, "1": 5, "2": 5 },
      "b": {},
      "_coverageSchema": "1a1c01bbd47fc00a2c39e90264f33305004495a9",
      "hash": "07ffa1798d5c2ac212c20657f841a608b07abd8a"
    },
    "/Users/achjain/projects/atomic-react-components/lib/components/molecules/Skeleton/index.js": {
      "path": "/Users/achjain/projects/atomic-react-components/lib/components/molecules/Skeleton/index.js",
      "statementMap": {},
      "fnMap": {},
      "branchMap": {},
      "s": {},
      "f": {},
      "b": {},
      "_coverageSchema": "1a1c01bbd47fc00a2c39e90264f33305004495a9",
      "hash": "fa6e929d324e183f24ae2bf0d7e2e5e6408a25ae"
    },
    "/Users/achjain/projects/atomic-react-components/lib/components/molecules/Typeahead/types/index.js": {
      "path": "/Users/achjain/projects/atomic-react-components/lib/components/molecules/Typeahead/types/index.js",
      "statementMap": {},
      "fnMap": {},
      "branchMap": {},
      "s": {},
      "f": {},
      "b": {}
    },
    "/Users/achjain/projects/atomic-react-components/lib/components/molecules/QuoteMedia/index.js": {
      "path": "/Users/achjain/projects/atomic-react-components/lib/components/molecules/QuoteMedia/index.js",
      "statementMap": {},
      "fnMap": {},
      "branchMap": {},
      "s": {},
      "f": {},
      "b": {}
    },
    "/Users/achjain/projects/atomic-react-components/lib/components/molecules/QuoteMedia/types/index.js": {
      "path": "/Users/achjain/projects/atomic-react-components/lib/components/molecules/QuoteMedia/types/index.js",
      "statementMap": {},
      "fnMap": {},
      "branchMap": {},
      "s": {},
      "f": {},
      "b": {}
    },
    "/Users/achjain/projects/atomic-react-components/lib/components/molecules/Table/types/index.js": {
      "path": "/Users/achjain/projects/atomic-react-components/lib/components/molecules/Table/types/index.js",
      "statementMap": {},
      "fnMap": {},
      "branchMap": {},
      "s": {},
      "f": {},
      "b": {}
    },
    "/Users/achjain/projects/atomic-react-components/lib/components/molecules/Blockquote/types/index.js": {
      "path": "/Users/achjain/projects/atomic-react-components/lib/components/molecules/Blockquote/types/index.js",
      "statementMap": {},
      "fnMap": {},
      "branchMap": {},
      "s": {},
      "f": {},
      "b": {}
    },
    "/Users/achjain/projects/atomic-react-components/lib/components/molecules/Accordion/types/index.js": {
      "path": "/Users/achjain/projects/atomic-react-components/lib/components/molecules/Accordion/types/index.js",
      "statementMap": {},
      "fnMap": {},
      "branchMap": {},
      "s": {},
      "f": {},
      "b": {}
    },
    "/Users/achjain/projects/atomic-react-components/lib/components/molecules/Pagination/types/index.js": {
      "path": "/Users/achjain/projects/atomic-react-components/lib/components/molecules/Pagination/types/index.js",
      "statementMap": {},
      "fnMap": {},
      "branchMap": {},
      "s": {},
      "f": {},
      "b": {}
    },
    "/Users/achjain/projects/atomic-react-components/lib/components/molecules/Popover/types/index.js": {
      "path": "/Users/achjain/projects/atomic-react-components/lib/components/molecules/Popover/types/index.js",
      "statementMap": {},
      "fnMap": {},
      "branchMap": {},
      "s": {},
      "f": {},
      "b": {}
    },
    "/Users/achjain/projects/atomic-react-components/lib/components/molecules/HeroBanner/types/index.js": {
      "path": "/Users/achjain/projects/atomic-react-components/lib/components/molecules/HeroBanner/types/index.js",
      "statementMap": {},
      "fnMap": {},
      "branchMap": {},
      "s": {},
      "f": {},
      "b": {}
    },
    "/Users/achjain/projects/atomic-react-components/lib/components/molecules/ProgressIndicator/types/index.js": {
      "path": "/Users/achjain/projects/atomic-react-components/lib/components/molecules/ProgressIndicator/types/index.js",
      "statementMap": {},
      "fnMap": {},
      "branchMap": {},
      "s": {},
      "f": {},
      "b": {}
    },
    "/Users/achjain/projects/atomic-react-components/lib/components/molecules/StickyBar/types/index.js": {
      "path": "/Users/achjain/projects/atomic-react-components/lib/components/molecules/StickyBar/types/index.js",
      "statementMap": {},
      "fnMap": {},
      "branchMap": {},
      "s": {},
      "f": {},
      "b": {}
    },
    "/Users/achjain/projects/atomic-react-components/lib/components/molecules/Breadcrumb/types/index.js": {
      "path": "/Users/achjain/projects/atomic-react-components/lib/components/molecules/Breadcrumb/types/index.js",
      "statementMap": {},
      "fnMap": {},
      "branchMap": {},
      "s": {},
      "f": {},
      "b": {}
    },
    "/Users/achjain/projects/atomic-react-components/lib/components/molecules/Modal/index.js": {
      "path": "/Users/achjain/projects/atomic-react-components/lib/components/molecules/Modal/index.js",
      "statementMap": {},
      "fnMap": {},
      "branchMap": {},
      "s": {},
      "f": {},
      "b": {}
    },
    "/Users/achjain/projects/atomic-react-components/lib/components/atoms/Video/types/index.js": {
      "path": "/Users/achjain/projects/atomic-react-components/lib/components/atoms/Video/types/index.js",
      "statementMap": {},
      "fnMap": {},
      "branchMap": {},
      "s": {},
      "f": {},
      "b": {}
    },
    "/Users/achjain/projects/atomic-react-components/lib/components/atoms/Track/types/index.js": {
      "path": "/Users/achjain/projects/atomic-react-components/lib/components/atoms/Track/types/index.js",
      "statementMap": {},
      "fnMap": {},
      "branchMap": {},
      "s": {},
      "f": {},
      "b": {}
    },
    "/Users/achjain/projects/atomic-react-components/lib/components/atoms/Icon/types/index.js": {
      "path": "/Users/achjain/projects/atomic-react-components/lib/components/atoms/Icon/types/index.js",
      "statementMap": {},
      "fnMap": {},
      "branchMap": {},
      "s": {},
      "f": {},
      "b": {}
    },
    "/Users/achjain/projects/atomic-react-components/lib/components/atoms/Tag/types/index.js": {
      "path": "/Users/achjain/projects/atomic-react-components/lib/components/atoms/Tag/types/index.js",
      "statementMap": {},
      "fnMap": {},
      "branchMap": {},
      "s": {},
      "f": {},
      "b": {}
    },
    "/Users/achjain/projects/atomic-react-components/lib/components/hoc/WithScripts/types/index.js": {
      "path": "/Users/achjain/projects/atomic-react-components/lib/components/hoc/WithScripts/types/index.js",
      "statementMap": {},
      "fnMap": {},
      "branchMap": {},
      "s": {},
      "f": {},
      "b": {}
    },
    "/Users/achjain/projects/atomic-react-components/lib/components/molecules/Form/FieldToggle/types/index.js": {
      "path": "/Users/achjain/projects/atomic-react-components/lib/components/molecules/Form/FieldToggle/types/index.js",
      "statementMap": {},
      "fnMap": {},
      "branchMap": {},
      "s": {},
      "f": {},
      "b": {}
    },
    "/Users/achjain/projects/atomic-react-components/lib/components/molecules/Form/FieldFileInput/types/index.js": {
      "path": "/Users/achjain/projects/atomic-react-components/lib/components/molecules/Form/FieldFileInput/types/index.js",
      "statementMap": {},
      "fnMap": {},
      "branchMap": {},
      "s": {},
      "f": {},
      "b": {}
    },
    "/Users/achjain/projects/atomic-react-components/lib/components/molecules/ArticleThumbnail/types/index.js": {
      "path": "/Users/achjain/projects/atomic-react-components/lib/components/molecules/ArticleThumbnail/types/index.js",
      "statementMap": {},
      "fnMap": {},
      "branchMap": {},
      "s": {},
      "f": {},
      "b": {}
    },
    "/Users/achjain/projects/atomic-react-components/lib/components/molecules/CookieDisclaimer/index.js": {
      "path": "/Users/achjain/projects/atomic-react-components/lib/components/molecules/CookieDisclaimer/index.js",
      "statementMap": {},
      "fnMap": {},
      "branchMap": {},
      "s": {},
      "f": {},
      "b": {}
    },
    "/Users/achjain/projects/atomic-react-components/lib/components/molecules/CookieDisclaimer/types/index.js": {
      "path": "/Users/achjain/projects/atomic-react-components/lib/components/molecules/CookieDisclaimer/types/index.js",
      "statementMap": {},
      "fnMap": {},
      "branchMap": {},
      "s": {},
      "f": {},
      "b": {}
    },
    "/Users/achjain/projects/atomic-react-components/lib/components/molecules/Toast/types/index.js": {
      "path": "/Users/achjain/projects/atomic-react-components/lib/components/molecules/Toast/types/index.js",
      "statementMap": {},
      "fnMap": {},
      "branchMap": {},
      "s": {},
      "f": {},
      "b": {}
    },
    "/Users/achjain/projects/atomic-react-components/lib/components/molecules/Form/DragDropInput/types/index.js": {
      "path": "/Users/achjain/projects/atomic-react-components/lib/components/molecules/Form/DragDropInput/types/index.js",
      "statementMap": {},
      "fnMap": {},
      "branchMap": {},
      "s": {},
      "f": {},
      "b": {}
    },
    "/Users/achjain/projects/atomic-react-components/lib/components/molecules/Tabs/types/index.js": {
      "path": "/Users/achjain/projects/atomic-react-components/lib/components/molecules/Tabs/types/index.js",
      "statementMap": {},
      "fnMap": {},
      "branchMap": {},
      "s": {},
      "f": {},
      "b": {}
    },
    "/Users/achjain/projects/atomic-react-components/lib/components/molecules/Skeleton/types/index.js": {
      "path": "/Users/achjain/projects/atomic-react-components/lib/components/molecules/Skeleton/types/index.js",
      "statementMap": {},
      "fnMap": {},
      "branchMap": {},
      "s": {},
      "f": {},
      "b": {}
    }
  }
}
