{"numFailedTestSuites":0,"numFailedTests":0,"numPassedTestSuites":47,"numPassedTests":213,"numPendingTestSuites":0,"numPendingTests":0,"numRuntimeErrorTestSuites":0,"numTodoTests":0,"numTotalTestSuites":47,"numTotalTests":213,"openHandles":[],"snapshot":{"added":0,"didUpdate":false,"failure":false,"filesAdded":0,"filesRemoved":0,"filesRemovedList":[],"filesUnmatched":0,"filesUpdated":0,"matched":54,"total":54,"unchecked":0,"uncheckedKeysByFile":[],"unmatched":0,"updated":0},"startTime":1578377968855,"success":true,"testResults":[{"assertionResults":[{"ancestorTitles":["FieldInput Component"],"failureMessages":[],"fullName":"FieldInput Component should render correctly","location":null,"status":"passed","title":"should render correctly"},{"ancestorTitles":["FieldInput Component"],"failureMessages":[],"fullName":"FieldInput Component should render label correctly","location":null,"status":"passed","title":"should render label correctly"},{"ancestorTitles":["FieldInput Component"],"failureMessages":[],"fullName":"FieldInput Component should render Input component with proper type","location":null,"status":"passed","title":"should render Input component with proper type"}],"endTime":1578377982429,"message":"","name":"C:\\Users\\amajain3\\Documents\\atomic-react-components\\lib\\components\\molecules\\Form\\FieldInput\\tests\\FieldInput.test.js","startTime":1578377979027,"status":"passed","summary":""},{"assertionResults":[{"ancestorTitles":["Form Component"],"failureMessages":[],"fullName":"Form Component should render select tag correctly","location":null,"status":"passed","title":"should render select tag correctly"},{"ancestorTitles":["Form Component"],"failureMessages":[],"fullName":"Form Component should render input text field","location":null,"status":"passed","title":"should render input text field"},{"ancestorTitles":["Form Component"],"failureMessages":[],"fullName":"Form Component should render select field","location":null,"status":"passed","title":"should render select field"},{"ancestorTitles":["Form Component"],"failureMessages":[],"fullName":"Form Component should render input field with yupValidationSchema","location":null,"status":"passed","title":"should render input field with yupValidationSchema"},{"ancestorTitles":["Form Component"],"failureMessages":[],"fullName":"Form Component should render input field with no validation","location":null,"status":"passed","title":"should render input field with no validation"},{"ancestorTitles":["Form Component"],"failureMessages":[],"fullName":"Form Component getSchema should return null if no params are passed","location":null,"status":"passed","title":"getSchema should return null if no params are passed"}],"endTime":1578377982446,"message":"","name":"C:\\Users\\amajain3\\Documents\\atomic-react-components\\lib\\components\\molecules\\Form\\tests\\Form.test.js","startTime":1578377979070,"status":"passed","summary":""},{"assertionResults":[{"ancestorTitles":["DDFieldInput Component"],"failureMessages":[],"fullName":"DDFieldInput Component should render correctly","location":null,"status":"passed","title":"should render correctly"},{"ancestorTitles":["DDFieldInput Component"],"failureMessages":[],"fullName":"DDFieldInput Component should render Input component with proper type for multiple file upload.","location":null,"status":"passed","title":"should render Input component with proper type for multiple file upload."},{"ancestorTitles":["DDFieldInput Component"],"failureMessages":[],"fullName":"DDFieldInput Component should render the component with prop correctly","location":null,"status":"passed","title":"should render the component with prop correctly"},{"ancestorTitles":["DDFieldInput Component"],"failureMessages":[],"fullName":"DDFieldInput Component should match the input rendered correctly on change event simulation.","location":null,"status":"passed","title":"should match the input rendered correctly on change event simulation."},{"ancestorTitles":["DDFieldInput Component"],"failureMessages":[],"fullName":"DDFieldInput Component should match the input rendered correctly on blur event simulation.","location":null,"status":"passed","title":"should match the input rendered correctly on blur event simulation."},{"ancestorTitles":["testing the custom hook methods for drag and drop"],"failureMessages":[],"fullName":"testing the custom hook methods for drag and drop should simulate file upload and return array","location":null,"status":"passed","title":"should simulate file upload and return array"},{"ancestorTitles":["testing the custom hook methods for drag and drop"],"failureMessages":[],"fullName":"testing the custom hook methods for drag and drop should make highlight as true on drag over as mouse enters draggable area","location":null,"status":"passed","title":"should make highlight as true on drag over as mouse enters draggable area"},{"ancestorTitles":["testing the custom hook methods for drag and drop"],"failureMessages":[],"fullName":"testing the custom hook methods for drag and drop should make highlight as false on drag leave as mouse leaves draggable area","location":null,"status":"passed","title":"should make highlight as false on drag leave as mouse leaves draggable area"},{"ancestorTitles":["testing the custom hook methods for drag and drop"],"failureMessages":[],"fullName":"testing the custom hook methods for drag and drop should test the files addition handler when file(s) are uploaded.","location":null,"status":"passed","title":"should test the files addition handler when file(s) are uploaded."},{"ancestorTitles":["testing the custom hook methods for drag and drop"],"failureMessages":[],"fullName":"testing the custom hook methods for drag and drop should apply highlight when cursor moves draggable area.","location":null,"status":"passed","title":"should apply highlight when cursor moves draggable area."},{"ancestorTitles":["testing the custom hook methods for drag and drop"],"failureMessages":[],"fullName":"testing the custom hook methods for drag and drop should apply highlight when cursor moves draggable area.","location":null,"status":"passed","title":"should apply highlight when cursor moves draggable area."}],"endTime":1578377982503,"message":"","name":"C:\\Users\\amajain3\\Documents\\atomic-react-components\\lib\\components\\molecules\\Form\\DragDropInput\\tests\\DragDropInput.test.js","startTime":1578377979171,"status":"passed","summary":""},{"assertionResults":[{"ancestorTitles":["<Carousel />"],"failureMessages":[],"fullName":"<Carousel /> should render correctly","location":null,"status":"passed","title":"should render correctly"},{"ancestorTitles":["<Carousel />"],"failureMessages":[],"fullName":"<Carousel /> should have slider wrapper as one child only","location":null,"status":"passed","title":"should have slider wrapper as one child only"},{"ancestorTitles":["<Carousel />"],"failureMessages":[],"fullName":"<Carousel /> Children should have first slide as active initially","location":null,"status":"passed","title":"Children should have first slide as active initially"},{"ancestorTitles":["<Carousel />"],"failureMessages":[],"fullName":"<Carousel /> Should display dots on using <Carousel.Dots> component only","location":null,"status":"passed","title":"Should display dots on using <Carousel.Dots> component only"},{"ancestorTitles":["<Carousel />"],"failureMessages":[],"fullName":"<Carousel /> Should change slide on click dots","location":null,"status":"passed","title":"Should change slide on click dots"},{"ancestorTitles":["<Carousel />"],"failureMessages":[],"fullName":"<Carousel /> Should active next slide on click next","location":null,"status":"passed","title":"Should active next slide on click next"},{"ancestorTitles":["<Carousel />"],"failureMessages":[],"fullName":"<Carousel /> Should active previous slide on key press right arrow","location":null,"status":"passed","title":"Should active previous slide on key press right arrow"},{"ancestorTitles":["<Carousel />"],"failureMessages":[],"fullName":"<Carousel /> Should active previous slide on click previous","location":null,"status":"passed","title":"Should active previous slide on click previous"},{"ancestorTitles":["<Carousel />"],"failureMessages":[],"fullName":"<Carousel /> Should active previous slide on key press left","location":null,"status":"passed","title":"Should active previous slide on key press left"},{"ancestorTitles":["<Carousel />"],"failureMessages":[],"fullName":"<Carousel /> Should display controls extract from Component","location":null,"status":"passed","title":"Should display controls extract from Component"},{"ancestorTitles":["<Carousel />"],"failureMessages":[],"fullName":"<Carousel /> Should be responsive","location":null,"status":"passed","title":"Should be responsive"},{"ancestorTitles":["<Carousel />"],"failureMessages":[],"fullName":"<Carousel /> Should render Controls with Controls Component","location":null,"status":"passed","title":"Should render Controls with Controls Component"},{"ancestorTitles":["<Carousel />"],"failureMessages":[],"fullName":"<Carousel /> Should render Animation Controls","location":null,"status":"passed","title":"Should render Animation Controls"},{"ancestorTitles":["<Carousel />"],"failureMessages":[],"fullName":"<Carousel /> Should render pause after click play animation controls","location":null,"status":"passed","title":"Should render pause after click play animation controls"},{"ancestorTitles":["<Carousel />"],"failureMessages":[],"fullName":"<Carousel /> Should autoplay","location":null,"status":"passed","title":"Should autoplay"},{"ancestorTitles":["<Carousel />"],"failureMessages":[],"fullName":"<Carousel /> Should stop animation on mouse enter","location":null,"status":"passed","title":"Should stop animation on mouse enter"}],"endTime":1578377982875,"message":"","name":"C:\\Users\\amajain3\\Documents\\atomic-react-components\\lib\\components\\molecules\\Carousel\\tests\\Carousel.test.js","startTime":1578377979006,"status":"passed","summary":""},{"assertionResults":[{"ancestorTitles":["<Pagination />"],"failureMessages":[],"fullName":"<Pagination /> should render correctly","location":null,"status":"passed","title":"should render correctly"},{"ancestorTitles":["<Pagination />"],"failureMessages":[],"fullName":"<Pagination /> should render `.pagination` component","location":null,"status":"passed","title":"should render `.pagination` component"},{"ancestorTitles":["<Pagination />"],"failureMessages":[],"fullName":"<Pagination /> should render an `.last`","location":null,"status":"passed","title":"should render an `.last`"},{"ancestorTitles":["<Pagination />"],"failureMessages":[],"fullName":"<Pagination /> should render a `firstLabel`","location":null,"status":"passed","title":"should render a `firstLabel`"},{"ancestorTitles":["<Pagination />"],"failureMessages":[],"fullName":"<Pagination /> should render a `lastLabel`","location":null,"status":"passed","title":"should render a `lastLabel`"},{"ancestorTitles":["<Pagination />"],"failureMessages":[],"fullName":"<Pagination /> should test click event on first button","location":null,"status":"passed","title":"should test click event on first button"},{"ancestorTitles":["<Pagination />"],"failureMessages":[],"fullName":"<Pagination /> should test click event on last button","location":null,"status":"passed","title":"should test click event on last button"}],"endTime":1578377983694,"message":"","name":"C:\\Users\\amajain3\\Documents\\atomic-react-components\\lib\\components\\molecules\\Pagination\\tests\\Pagination.test.js","startTime":1578377983077,"status":"passed","summary":""},{"assertionResults":[{"ancestorTitles":["<Accordion />"],"failureMessages":[],"fullName":"<Accordion /> accordion renders","location":null,"status":"passed","title":"accordion renders"},{"ancestorTitles":["<Accordion />"],"failureMessages":[],"fullName":"<Accordion /> should render <div/>","location":null,"status":"passed","title":"should render <div/>"},{"ancestorTitles":["<Accordion />"],"failureMessages":[],"fullName":"<Accordion /> should render details","location":null,"status":"passed","title":"should render details"},{"ancestorTitles":["<Accordion />"],"failureMessages":[],"fullName":"<Accordion /> should render summary","location":null,"status":"passed","title":"should render summary"},{"ancestorTitles":["<Accordion />"],"failureMessages":[],"fullName":"<Accordion /> panel opens on click of header","location":null,"status":"passed","title":"panel opens on click of header"},{"ancestorTitles":["<Accordion />"],"failureMessages":[],"fullName":"<Accordion /> should render correctly","location":null,"status":"passed","title":"should render correctly"}],"endTime":1578377983709,"message":"","name":"C:\\Users\\amajain3\\Documents\\atomic-react-components\\lib\\components\\molecules\\Accordion\\tests\\Accordion.test.js","startTime":1578377983126,"status":"passed","summary":""},{"assertionResults":[{"ancestorTitles":["<Breadcrumb />"],"failureMessages":[],"fullName":"<Breadcrumb /> should render correctly","location":null,"status":"passed","title":"should render correctly"}],"endTime":1578377983796,"message":"","name":"C:\\Users\\amajain3\\Documents\\atomic-react-components\\lib\\components\\molecules\\Breadcrumb\\tests\\Breadcrumb.test.js","startTime":1578377979004,"status":"passed","summary":""},{"assertionResults":[{"ancestorTitles":["FieldInput Component"],"failureMessages":[],"fullName":"FieldInput Component should render correctly","location":null,"status":"passed","title":"should render correctly"},{"ancestorTitles":["FieldInput Component"],"failureMessages":[],"fullName":"FieldInput Component should render label correctly","location":null,"status":"passed","title":"should render label correctly"},{"ancestorTitles":["FieldInput Component"],"failureMessages":[],"fullName":"FieldInput Component should render select tag","location":null,"status":"passed","title":"should render select tag"}],"endTime":1578377984001,"message":"","name":"C:\\Users\\amajain3\\Documents\\atomic-react-components\\lib\\components\\molecules\\Form\\FieldSelect\\tests\\FieldSelect.test.js","startTime":1578377983066,"status":"passed","summary":""},{"assertionResults":[{"ancestorTitles":["<Typeahead />"],"failureMessages":[],"fullName":"<Typeahead /> should render correctly","location":null,"status":"passed","title":"should render correctly"},{"ancestorTitles":["<Typeahead />"],"failureMessages":[],"fullName":"<Typeahead /> should render .typeahead-component correctly","location":null,"status":"passed","title":"should render .typeahead-component correctly"},{"ancestorTitles":["<Typeahead />"],"failureMessages":[],"fullName":"<Typeahead /> should render label correctly","location":null,"status":"passed","title":"should render label correctly"},{"ancestorTitles":["<Typeahead />"],"failureMessages":[],"fullName":"<Typeahead /> should render input correctly","location":null,"status":"passed","title":"should render input correctly"},{"ancestorTitles":["<Typeahead />"],"failureMessages":[],"fullName":"<Typeahead /> should render search type input correctly","location":null,"status":"passed","title":"should render search type input correctly"},{"ancestorTitles":["<Typeahead />"],"failureMessages":[],"fullName":"<Typeahead /> should not render List by default","location":null,"status":"passed","title":"should not render List by default"},{"ancestorTitles":["<Typeahead />"],"failureMessages":[],"fullName":"<Typeahead /> should render onchange event","location":null,"status":"passed","title":"should render onchange event"},{"ancestorTitles":["<Typeahead />"],"failureMessages":[],"fullName":"<Typeahead /> should render input only 1s","location":null,"status":"passed","title":"should render input only 1s"},{"ancestorTitles":["<Typeahead />"],"failureMessages":[],"fullName":"<Typeahead /> should render label only 1s","location":null,"status":"passed","title":"should render label only 1s"},{"ancestorTitles":["<Typeahead />"],"failureMessages":[],"fullName":"<Typeahead /> should not render list item","location":null,"status":"passed","title":"should not render list item"},{"ancestorTitles":["<Typeahead />"],"failureMessages":[],"fullName":"<Typeahead /> should show list","location":null,"status":"passed","title":"should show list"},{"ancestorTitles":["<Typeahead />"],"failureMessages":[],"fullName":"<Typeahead /> should return single list item","location":null,"status":"passed","title":"should return single list item"},{"ancestorTitles":["<Typeahead />"],"failureMessages":[],"fullName":"<Typeahead /> should select particular list item by click","location":null,"status":"passed","title":"should select particular list item by click"},{"ancestorTitles":["<Typeahead />"],"failureMessages":[],"fullName":"<Typeahead /> should render span with id `initInstr`","location":null,"status":"passed","title":"should render span with id `initInstr`"},{"ancestorTitles":["<Typeahead />"],"failureMessages":[],"fullName":"<Typeahead /> should render the input with `aria-autocomplete`","location":null,"status":"passed","title":"should render the input with `aria-autocomplete`"},{"ancestorTitles":["<Typeahead />"],"failureMessages":[],"fullName":"<Typeahead /> should render the input with `aria-activedescendant`","location":null,"status":"passed","title":"should render the input with `aria-activedescendant`"},{"ancestorTitles":["<Typeahead />"],"failureMessages":[],"fullName":"<Typeahead /> should render the input with `aria-describedby`","location":null,"status":"passed","title":"should render the input with `aria-describedby`"},{"ancestorTitles":["<Typeahead />"],"failureMessages":[],"fullName":"<Typeahead /> should render the list items with `role=\"option\"`","location":null,"status":"passed","title":"should render the list items with `role=\"option\"`"},{"ancestorTitles":["<Typeahead />"],"failureMessages":[],"fullName":"<Typeahead /> should render the list items with `aria-selected`","location":null,"status":"passed","title":"should render the list items with `aria-selected`"},{"ancestorTitles":["<Typeahead />"],"failureMessages":[],"fullName":"<Typeahead /> should render the list items with `id=\"selectedOption\"`","location":null,"status":"passed","title":"should render the list items with `id=\"selectedOption\"`"},{"ancestorTitles":["<Typeahead />"],"failureMessages":[],"fullName":"<Typeahead /> should render the list items with `id=\"selectedOption\"`","location":null,"status":"passed","title":"should render the list items with `id=\"selectedOption\"`"}],"endTime":1578377984835,"message":"","name":"C:\\Users\\amajain3\\Documents\\atomic-react-components\\lib\\components\\molecules\\Typeahead\\tests\\Typeahead.test.js","startTime":1578377983644,"status":"passed","summary":""},{"assertionResults":[{"ancestorTitles":["<FieldToggle />"],"failureMessages":[],"fullName":"<FieldToggle /> should render correctly","location":null,"status":"passed","title":"should render correctly"},{"ancestorTitles":["<FieldToggle />"],"failureMessages":[],"fullName":"<FieldToggle /> should render label correctly","location":null,"status":"passed","title":"should render label correctly"},{"ancestorTitles":["<FieldToggle />"],"failureMessages":[],"fullName":"<FieldToggle /> should render label with Value correctly","location":null,"status":"passed","title":"should render label with Value correctly"},{"ancestorTitles":["<FieldToggle />"],"failureMessages":[],"fullName":"<FieldToggle /> should render input correctly","location":null,"status":"passed","title":"should render input correctly"},{"ancestorTitles":["<FieldToggle />"],"failureMessages":[],"fullName":"<FieldToggle /> should render disabled input","location":null,"status":"passed","title":"should render disabled input"},{"ancestorTitles":["<FieldToggle />"],"failureMessages":[],"fullName":"<FieldToggle /> should tigger click event with toggle Value","location":null,"status":"passed","title":"should tigger click event with toggle Value"},{"ancestorTitles":["<FieldToggle />"],"failureMessages":[],"fullName":"<FieldToggle /> should render Indicator On","location":null,"status":"passed","title":"should render Indicator On"},{"ancestorTitles":["<FieldToggle />"],"failureMessages":[],"fullName":"<FieldToggle /> should tigger handleToggleCallback function","location":null,"status":"passed","title":"should tigger handleToggleCallback function"}],"endTime":1578377984944,"message":"","name":"C:\\Users\\amajain3\\Documents\\atomic-react-components\\lib\\components\\molecules\\Form\\FieldToggle\\tests\\FieldToggle.test.js","startTime":1578377979017,"status":"passed","summary":""},{"assertionResults":[{"ancestorTitles":["<Toast />"],"failureMessages":[],"fullName":"<Toast /> <Toast />should render correctly","location":null,"status":"passed","title":"<Toast />should render correctly"},{"ancestorTitles":["<Toast /> Component"],"failureMessages":[],"fullName":"<Toast /> Component is rendering root div,if isVisible prop is true ","location":null,"status":"passed","title":"is rendering root div,if isVisible prop is true "},{"ancestorTitles":["<Toast /> Component"],"failureMessages":[],"fullName":"<Toast /> Component not rendering root div,if isVisible prop is false","location":null,"status":"passed","title":"not rendering root div,if isVisible prop is false"},{"ancestorTitles":["<Toast /> Component"],"failureMessages":[],"fullName":"<Toast /> Component is rendering all necessary elements rendered if isVisible prop is true","location":null,"status":"passed","title":"is rendering all necessary elements rendered if isVisible prop is true"},{"ancestorTitles":["<Toast /> Component"],"failureMessages":[],"fullName":"<Toast /> Component is rendering ProgressBar if autoDismissTimeout is set as 0","location":null,"status":"passed","title":"is rendering ProgressBar if autoDismissTimeout is set as 0"},{"ancestorTitles":["<Toast /> Component"],"failureMessages":[],"fullName":"<Toast /> Component is rendering ProgressBar if autoDismissTimeout is set as 3000","location":null,"status":"passed","title":"is rendering ProgressBar if autoDismissTimeout is set as 3000"},{"ancestorTitles":["<Toast /> Component"],"failureMessages":[],"fullName":"<Toast /> Component is rendering children ","location":null,"status":"passed","title":"is rendering children "},{"ancestorTitles":["<Toast /> Component is checking effects on"],"failureMessages":[],"fullName":"<Toast /> Component is checking effects on onClick event, should dismiss the toast when clicking  on click of X button click","location":null,"status":"passed","title":"onClick event, should dismiss the toast when clicking  on click of X button click"},{"ancestorTitles":["<Toast /> component useeffect hook for autodismiss"],"failureMessages":[],"fullName":"<Toast /> component useeffect hook for autodismiss autodismiss after timeout","location":null,"status":"passed","title":"autodismiss after timeout"}],"endTime":1578377985035,"message":"","name":"C:\\Users\\amajain3\\Documents\\atomic-react-components\\lib\\components\\molecules\\Toast\\tests\\Toast.test.js","startTime":1578377979242,"status":"passed","summary":""},{"assertionResults":[{"ancestorTitles":["Test Suite 1: Check for component and it's child rendered correctly."],"failureMessages":[],"fullName":"Test Suite 1: Check for component and it's child rendered correctly. should render wrapper correctly for snapshot matching.","location":null,"status":"passed","title":"should render wrapper correctly for snapshot matching."},{"ancestorTitles":["Test Suite 1: Check for component and it's child rendered correctly."],"failureMessages":[],"fullName":"Test Suite 1: Check for component and it's child rendered correctly. Cookie Disclaimer component rendered correctly.","location":null,"status":"passed","title":"Cookie Disclaimer component rendered correctly."},{"ancestorTitles":["Test Suite 1: Check for component and it's child rendered correctly."],"failureMessages":[],"fullName":"Test Suite 1: Check for component and it's child rendered correctly. should render two buttons for accepting and rejecting the consent","location":null,"status":"passed","title":"should render two buttons for accepting and rejecting the consent"},{"ancestorTitles":["Test Suite 2: Check for component and it's child for default props correctly."],"failureMessages":[],"fullName":"Test Suite 2: Check for component and it's child for default props correctly. Button props for button types to be rendered.","location":null,"status":"passed","title":"Button props for button types to be rendered."},{"ancestorTitles":["Test Suite 2: Check for component and it's child for default props correctly."],"failureMessages":[],"fullName":"Test Suite 2: Check for component and it's child for default props correctly. Button props for button types to be rendered.","location":null,"status":"passed","title":"Button props for button types to be rendered."},{"ancestorTitles":["Test Suite 3: testing styled component - HOC"],"failureMessages":[],"fullName":"Test Suite 3: testing styled component - HOC should rendered the component properly when styles are being applied.","location":null,"status":"passed","title":"should rendered the component properly when styles are being applied."},{"ancestorTitles":["Test Suite 4: testing functional behaviour of the cookie disclaimer."],"failureMessages":[],"fullName":"Test Suite 4: testing functional behaviour of the cookie disclaimer. setting the isVisible variable to false","location":null,"status":"passed","title":"setting the isVisible variable to false"},{"ancestorTitles":["Test Suite 4: testing functional behaviour of the cookie disclaimer."],"failureMessages":[],"fullName":"Test Suite 4: testing functional behaviour of the cookie disclaimer. accepting the consent and dropping the cookie.","location":null,"status":"passed","title":"accepting the consent and dropping the cookie."},{"ancestorTitles":["Test Suite 4: testing functional behaviour of the cookie disclaimer."],"failureMessages":[],"fullName":"Test Suite 4: testing functional behaviour of the cookie disclaimer. rejecting the consent and dropping the cookie.","location":null,"status":"passed","title":"rejecting the consent and dropping the cookie."},{"ancestorTitles":["Test Suite 4: testing functional behaviour of the cookie disclaimer."],"failureMessages":[],"fullName":"Test Suite 4: testing functional behaviour of the cookie disclaimer. getting the disclaimer state for rendering cookie disclaimer.","location":null,"status":"passed","title":"getting the disclaimer state for rendering cookie disclaimer."},{"ancestorTitles":["Test Suite 4: testing functional behaviour of the cookie disclaimer."],"failureMessages":[],"fullName":"Test Suite 4: testing functional behaviour of the cookie disclaimer. Accept Button click simulation","location":null,"status":"passed","title":"Accept Button click simulation"},{"ancestorTitles":["Test Suite 4: testing functional behaviour of the cookie disclaimer."],"failureMessages":[],"fullName":"Test Suite 4: testing functional behaviour of the cookie disclaimer. Reject Button click simulation","location":null,"status":"passed","title":"Reject Button click simulation"}],"endTime":1578377985252,"message":"","name":"C:\\Users\\amajain3\\Documents\\atomic-react-components\\lib\\components\\molecules\\CookieDisclaimer\\tests\\CookieDisclaimer.test.js","startTime":1578377984361,"status":"passed","summary":""},{"assertionResults":[{"ancestorTitles":["<Tabs />"],"failureMessages":[],"fullName":"<Tabs /> should render correctly","location":null,"status":"passed","title":"should render correctly"},{"ancestorTitles":["<Tabs /> functional behavior"],"failureMessages":[],"fullName":"<Tabs /> functional behavior should have minimum dom structure for the tests below","location":null,"status":"passed","title":"should have minimum dom structure for the tests below"},{"ancestorTitles":["<Tabs /> functional behavior"],"failureMessages":[],"fullName":"<Tabs /> functional behavior should change the tab panel and execute callback on closed tab click","location":null,"status":"passed","title":"should change the tab panel and execute callback on closed tab click"}],"endTime":1578377985335,"message":"","name":"C:\\Users\\amajain3\\Documents\\atomic-react-components\\lib\\components\\molecules\\Tabs\\tests\\Tabs.test.js","startTime":1578377984397,"status":"passed","summary":""},{"assertionResults":[{"ancestorTitles":["Table"],"failureMessages":[],"fullName":"Table should render correctly","location":null,"status":"passed","title":"should render correctly"},{"ancestorTitles":["Table"],"failureMessages":[],"fullName":"Table should have table component","location":null,"status":"passed","title":"should have table component"},{"ancestorTitles":["Table"],"failureMessages":[],"fullName":"Table should have thead component","location":null,"status":"passed","title":"should have thead component"},{"ancestorTitles":["Table"],"failureMessages":[],"fullName":"Table should have tbody component","location":null,"status":"passed","title":"should have tbody component"},{"ancestorTitles":["Table"],"failureMessages":[],"fullName":"Table should have th is equal to number of columns","location":null,"status":"passed","title":"should have th is equal to number of columns"},{"ancestorTitles":["Table"],"failureMessages":[],"fullName":"Table should have tr is equal to number of data rows","location":null,"status":"passed","title":"should have tr is equal to number of data rows"},{"ancestorTitles":["Table"],"failureMessages":[],"fullName":"Table should loop through each row and check the content","location":null,"status":"passed","title":"should loop through each row and check the content"}],"endTime":1578377985534,"message":"","name":"C:\\Users\\amajain3\\Documents\\atomic-react-components\\lib\\components\\molecules\\Table\\tests\\Table.test.js","startTime":1578377984595,"status":"passed","summary":""},{"assertionResults":[{"ancestorTitles":["FieldTextarea Component"],"failureMessages":[],"fullName":"FieldTextarea Component should render correctly","location":null,"status":"passed","title":"should render correctly"},{"ancestorTitles":["FieldTextarea Component"],"failureMessages":[],"fullName":"FieldTextarea Component should render label correctly","location":null,"status":"passed","title":"should render label correctly"},{"ancestorTitles":["FieldTextarea Component"],"failureMessages":[],"fullName":"FieldTextarea Component should render textarea tag","location":null,"status":"passed","title":"should render textarea tag"}],"endTime":1578377985976,"message":"","name":"C:\\Users\\amajain3\\Documents\\atomic-react-components\\lib\\components\\molecules\\Form\\FieldTextarea\\tests\\FieldTextarea.test.js","startTime":1578377984449,"status":"passed","summary":""},{"assertionResults":[{"ancestorTitles":["<HeroBanner />"],"failureMessages":[],"fullName":"<HeroBanner /> should render correctly","location":null,"status":"passed","title":"should render correctly"},{"ancestorTitles":["<HeroBanner />"],"failureMessages":[],"fullName":"<HeroBanner /> should render a div","location":null,"status":"passed","title":"should render a div"},{"ancestorTitles":["<HeroBanner />"],"failureMessages":[],"fullName":"<HeroBanner /> should render a header","location":null,"status":"passed","title":"should render a header"},{"ancestorTitles":["<HeroBanner />"],"failureMessages":[],"fullName":"<HeroBanner /> should render a header with role as banner","location":null,"status":"passed","title":"should render a header with role as banner"},{"ancestorTitles":["<HeroBanner />"],"failureMessages":[],"fullName":"<HeroBanner /> should render Hero Image","location":null,"status":"passed","title":"should render Hero Image"},{"ancestorTitles":["<HeroBanner />"],"failureMessages":[],"fullName":"<HeroBanner /> should render children","location":null,"status":"passed","title":"should render children"}],"endTime":1578377986333,"message":"","name":"C:\\Users\\amajain3\\Documents\\atomic-react-components\\lib\\components\\molecules\\HeroBanner\\tests\\HeroBanner.test.js","startTime":1578377985671,"status":"passed","summary":""},{"assertionResults":[{"ancestorTitles":["<Video />"],"failureMessages":[],"fullName":"<Video /> should have video tag","location":null,"status":"passed","title":"should have video tag"},{"ancestorTitles":["<Video />"],"failureMessages":[],"fullName":"<Video /> should have source tag in video","location":null,"status":"passed","title":"should have source tag in video"},{"ancestorTitles":["<Video />"],"failureMessages":[],"fullName":"<Video /> should have src attribute in source tag","location":null,"status":"passed","title":"should have src attribute in source tag"},{"ancestorTitles":["<Video />"],"failureMessages":[],"fullName":"<Video /> should not be autoplay","location":null,"status":"passed","title":"should not be autoplay"},{"ancestorTitles":["<Video />"],"failureMessages":[],"fullName":"<Video /> should not have track element only should have Track component","location":null,"status":"passed","title":"should not have track element only should have Track component"},{"ancestorTitles":["<Video />"],"failureMessages":[],"fullName":"<Video /> should have children","location":null,"status":"passed","title":"should have children"},{"ancestorTitles":["<Video />"],"failureMessages":[],"fullName":"<Video /> track component without data","location":null,"status":"passed","title":"track component without data"},{"ancestorTitles":["<Video />"],"failureMessages":[],"fullName":"<Video /> should render correctly","location":null,"status":"passed","title":"should render correctly"}],"endTime":1578377986397,"message":"","name":"C:\\Users\\amajain3\\Documents\\atomic-react-components\\lib\\components\\atoms\\Video\\tests\\Video.test.js","startTime":1578377985773,"status":"passed","summary":""},{"assertionResults":[{"ancestorTitles":["FieldInput Component"],"failureMessages":[],"fullName":"FieldInput Component should render correctly","location":null,"status":"passed","title":"should render correctly"},{"ancestorTitles":["FieldInput Component"],"failureMessages":[],"fullName":"FieldInput Component should render button with type = \"button\".","location":null,"status":"passed","title":"should render button with type = \"button\"."},{"ancestorTitles":["FieldInput Component"],"failureMessages":[],"fullName":"FieldInput Component should render 1st button with theme prop type, tertiary","location":null,"status":"passed","title":"should render 1st button with theme prop type, tertiary"},{"ancestorTitles":["FieldInput Component"],"failureMessages":[],"fullName":"FieldInput Component should render 2nd button with theme prop type, primary","location":null,"status":"passed","title":"should render 2nd button with theme prop type, primary"},{"ancestorTitles":["FieldInput Component"],"failureMessages":[],"fullName":"FieldInput Component should match the button text rendered","location":null,"status":"passed","title":"should match the button text rendered"},{"ancestorTitles":["FieldInput Component"],"failureMessages":[],"fullName":"FieldInput Component should match the button text rendered for second button","location":null,"status":"passed","title":"should match the button text rendered for second button"},{"ancestorTitles":["FieldInput Component"],"failureMessages":[],"fullName":"FieldInput Component should match the label rendered correctly.","location":null,"status":"passed","title":"should match the label rendered correctly."},{"ancestorTitles":["FieldInput Component"],"failureMessages":[],"fullName":"FieldInput Component should match the input rendered correctly.","location":null,"status":"passed","title":"should match the input rendered correctly."},{"ancestorTitles":["FieldInput Component"],"failureMessages":[],"fullName":"FieldInput Component should match the input rendered correctly on change event simulation.","location":null,"status":"passed","title":"should match the input rendered correctly on change event simulation."},{"ancestorTitles":["FieldInput Component"],"failureMessages":[],"fullName":"FieldInput Component should match the input rendered correctly on blur event simulation.","location":null,"status":"passed","title":"should match the input rendered correctly on blur event simulation."}],"endTime":1578377986492,"message":"","name":"C:\\Users\\amajain3\\Documents\\atomic-react-components\\lib\\components\\molecules\\Form\\FieldFileInput\\tests\\FieldFileInput.test.js","startTime":1578377985880,"status":"passed","summary":""},{"assertionResults":[{"ancestorTitles":["<ArticleThumbnail />"],"failureMessages":[],"fullName":"<ArticleThumbnail /> should render correctly with Readmore","location":null,"status":"passed","title":"should render correctly with Readmore"},{"ancestorTitles":["<ArticleThumbnail />"],"failureMessages":[],"fullName":"<ArticleThumbnail /> should render correctly with full clickable thumb","location":null,"status":"passed","title":"should render correctly with full clickable thumb"}],"endTime":1578377986519,"message":"","name":"C:\\Users\\amajain3\\Documents\\atomic-react-components\\lib\\components\\molecules\\ArticleThumbnail\\tests\\ArticleThumbnail.test.js","startTime":1578377985946,"status":"passed","summary":""},{"assertionResults":[{"ancestorTitles":["Select Styled component"],"failureMessages":[],"fullName":"Select Styled component should render correctly","location":null,"status":"passed","title":"should render correctly"}],"endTime":1578377986657,"message":"","name":"C:\\Users\\amajain3\\Documents\\atomic-react-components\\lib\\components\\atoms\\Textarea\\tests\\Textarea.style.test.js","startTime":1578377986144,"status":"passed","summary":""},{"assertionResults":[{"ancestorTitles":["<QuoteMedia />"],"failureMessages":[],"fullName":"<QuoteMedia /> Should have component heading being displayed","location":null,"status":"passed","title":"Should have component heading being displayed"},{"ancestorTitles":["<QuoteMedia />"],"failureMessages":[],"fullName":"<QuoteMedia /> Should allow quote component passing","location":null,"status":"passed","title":"Should allow quote component passing"},{"ancestorTitles":["<QuoteMedia />"],"failureMessages":[],"fullName":"<QuoteMedia /> Should render media Image in component body","location":null,"status":"passed","title":"Should render media Image in component body"},{"ancestorTitles":["<QuoteMedia />"],"failureMessages":[],"fullName":"<QuoteMedia /> Should render correctly","location":null,"status":"passed","title":"Should render correctly"}],"endTime":1578377986672,"message":"","name":"C:\\Users\\amajain3\\Documents\\atomic-react-components\\lib\\components\\molecules\\QuoteMedia\\tests\\QuoteMedia.test.js","startTime":1578377985796,"status":"passed","summary":""},{"assertionResults":[{"ancestorTitles":["<StickyBar />"],"failureMessages":[],"fullName":"<StickyBar /> should render the List Component","location":null,"status":"passed","title":"should render the List Component"},{"ancestorTitles":["<StickyBar />"],"failureMessages":[],"fullName":"<StickyBar /> should render correctly","location":null,"status":"passed","title":"should render correctly"}],"endTime":1578377987202,"message":"","name":"C:\\Users\\amajain3\\Documents\\atomic-react-components\\lib\\components\\molecules\\StickyBar\\tests\\StickyBar.test.js","startTime":1578377986659,"status":"passed","summary":""},{"assertionResults":[{"ancestorTitles":["Input Component"],"failureMessages":[],"fullName":"Input Component should render correctly","location":null,"status":"passed","title":"should render correctly"},{"ancestorTitles":["Input Component"],"failureMessages":[],"fullName":"Input Component should check the data attribute of input","location":null,"status":"passed","title":"should check the data attribute of input"},{"ancestorTitles":["File Input Component -> Unit Testing"],"failureMessages":[],"fullName":"File Input Component -> Unit Testing should render file input component correctly","location":null,"status":"passed","title":"should render file input component correctly"},{"ancestorTitles":["File Input Component -> Unit Testing"],"failureMessages":[],"fullName":"File Input Component -> Unit Testing should call function on click of the input field","location":null,"status":"passed","title":"should call function on click of the input field"},{"ancestorTitles":["File Input Component -> Unit Testing"],"failureMessages":[],"fullName":"File Input Component -> Unit Testing should simulate click event of the input field","location":null,"status":"passed","title":"should simulate click event of the input field"},{"ancestorTitles":["File Input Component -> Unit Testing"],"failureMessages":[],"fullName":"File Input Component -> Unit Testing should render with prop \"multiple\" to distinguish multiple or single file","location":null,"status":"passed","title":"should render with prop \"multiple\" to distinguish multiple or single file"},{"ancestorTitles":["File Input Component -> Unit Testing"],"failureMessages":[],"fullName":"File Input Component -> Unit Testing should render input correctly","location":null,"status":"passed","title":"should render input correctly"}],"endTime":1578377987547,"message":"","name":"C:\\Users\\amajain3\\Documents\\atomic-react-components\\lib\\components\\atoms\\Input\\tests\\Input.test.js","startTime":1578377987039,"status":"passed","summary":""},{"assertionResults":[{"ancestorTitles":["Select Styled component"],"failureMessages":[],"fullName":"Select Styled component should render correctly","location":null,"status":"passed","title":"should render correctly"}],"endTime":1578377987641,"message":"","name":"C:\\Users\\amajain3\\Documents\\atomic-react-components\\lib\\components\\atoms\\Select\\tests\\Select.style.test.js","startTime":1578377987101,"status":"passed","summary":""},{"assertionResults":[{"ancestorTitles":["Input Styled component"],"failureMessages":[],"fullName":"Input Styled component should render correctly","location":null,"status":"passed","title":"should render correctly"}],"endTime":1578377987657,"message":"","name":"C:\\Users\\amajain3\\Documents\\atomic-react-components\\lib\\components\\atoms\\Input\\tests\\Input.style.test.js","startTime":1578377987125,"status":"passed","summary":""},{"assertionResults":[{"ancestorTitles":["<Popover /> Rendering"],"failureMessages":[],"fullName":"<Popover /> Rendering should render correctly","location":null,"status":"passed","title":"should render correctly"},{"ancestorTitles":["Popover functional behavior"],"failureMessages":[],"fullName":"Popover functional behavior Should have Close Button By Default and can be closed","location":null,"status":"passed","title":"Should have Close Button By Default and can be closed"},{"ancestorTitles":["Popover functional behavior"],"failureMessages":[],"fullName":"Popover functional behavior Should open By Default when isVisible set to true","location":null,"status":"passed","title":"Should open By Default when isVisible set to true"},{"ancestorTitles":["Popover functional behavior"],"failureMessages":[],"fullName":"Popover functional behavior Should open and close on Trigger and X button click","location":null,"status":"passed","title":"Should open and close on Trigger and X button click"}],"endTime":1578377987743,"message":"","name":"C:\\Users\\amajain3\\Documents\\atomic-react-components\\lib\\components\\molecules\\Popover\\tests\\Popover.test.js","startTime":1578377987140,"status":"passed","summary":""},{"assertionResults":[{"ancestorTitles":["Image Component with styles"],"failureMessages":[],"fullName":"Image Component with styles should render correctly and match snapshots","location":null,"status":"passed","title":"should render correctly and match snapshots"},{"ancestorTitles":["Image Component with styles"],"failureMessages":[],"fullName":"Image Component with styles should render correctly with lazy load","location":null,"status":"passed","title":"should render correctly with lazy load"}],"endTime":1578377987782,"message":"","name":"C:\\Users\\amajain3\\Documents\\atomic-react-components\\lib\\components\\atoms\\Image\\tests\\Image.style.test.js","startTime":1578377987229,"status":"passed","summary":""},{"assertionResults":[{"ancestorTitles":["Button"],"failureMessages":[],"fullName":"Button should render correctly","location":null,"status":"passed","title":"should render correctly"}],"endTime":1578377987940,"message":"","name":"C:\\Users\\amajain3\\Documents\\atomic-react-components\\lib\\components\\atoms\\Button\\tests\\Button.style.test.js","startTime":1578377987296,"status":"passed","summary":""},{"assertionResults":[{"ancestorTitles":["<Tag />"],"failureMessages":[],"fullName":"<Tag /> should render correctly","location":null,"status":"passed","title":"should render correctly"},{"ancestorTitles":["<Tag />"],"failureMessages":[],"fullName":"<Tag /> should render provided text","location":null,"status":"passed","title":"should render provided text"},{"ancestorTitles":["<Tag />"],"failureMessages":[],"fullName":"<Tag /> should control remove button availability through prop","location":null,"status":"passed","title":"should control remove button availability through prop"},{"ancestorTitles":["<Tag />"],"failureMessages":[],"fullName":"<Tag /> should call parent method on remove if available","location":null,"status":"passed","title":"should call parent method on remove if available"}],"endTime":1578377988456,"message":"","name":"C:\\Users\\amajain3\\Documents\\atomic-react-components\\lib\\components\\atoms\\Tag\\tests\\Tag.test.js","startTime":1578377988014,"status":"passed","summary":""},{"assertionResults":[{"ancestorTitles":["Button Component"],"failureMessages":[],"fullName":"Button Component should render correctly","location":null,"status":"passed","title":"should render correctly"},{"ancestorTitles":["Button Component"],"failureMessages":[],"fullName":"Button Component should render disabled","location":null,"status":"passed","title":"should render disabled"},{"ancestorTitles":["Button Component"],"failureMessages":[],"fullName":"Button Component should render title element","location":null,"status":"passed","title":"should render title element"},{"ancestorTitles":["Button Component"],"failureMessages":[],"fullName":"Button Component should render aria attribute element","location":null,"status":"passed","title":"should render aria attribute element"},{"ancestorTitles":["Button Component"],"failureMessages":[],"fullName":"Button Component should check the data attribute of button","location":null,"status":"passed","title":"should check the data attribute of button"}],"endTime":1578377988655,"message":"","name":"C:\\Users\\amajain3\\Documents\\atomic-react-components\\lib\\components\\atoms\\Button\\tests\\Button.test.js","startTime":1578377988247,"status":"passed","summary":""},{"assertionResults":[{"ancestorTitles":["InputChoiceVanilla Component"],"failureMessages":[],"fullName":"InputChoiceVanilla Component should render Radio button correctly","location":null,"status":"passed","title":"should render Radio button correctly"},{"ancestorTitles":["InputChoiceVanilla Component"],"failureMessages":[],"fullName":"InputChoiceVanilla Component should render checkbox correctly","location":null,"status":"passed","title":"should render checkbox correctly"},{"ancestorTitles":["InputChoiceVanilla Component"],"failureMessages":[],"fullName":"InputChoiceVanilla Component should render disabled","location":null,"status":"passed","title":"should render disabled"},{"ancestorTitles":["InputChoiceVanilla Component"],"failureMessages":[],"fullName":"InputChoiceVanilla Component should render checked","location":null,"status":"passed","title":"should render checked"}],"endTime":1578377988690,"message":"","name":"C:\\Users\\amajain3\\Documents\\atomic-react-components\\lib\\components\\molecules\\InputChoice\\tests\\InputChoice.test.js","startTime":1578377988278,"status":"passed","summary":""},{"assertionResults":[{"ancestorTitles":["<Blockquote />"],"failureMessages":[],"fullName":"<Blockquote /> should render blockquote","location":null,"status":"passed","title":"should render blockquote"},{"ancestorTitles":["<Blockquote />"],"failureMessages":[],"fullName":"<Blockquote /> should render content","location":null,"status":"passed","title":"should render content"},{"ancestorTitles":["<Blockquote />"],"failureMessages":[],"fullName":"<Blockquote /> check quoteContent value passed in","location":null,"status":"passed","title":"check quoteContent value passed in"},{"ancestorTitles":["<Blockquote />"],"failureMessages":[],"fullName":"<Blockquote /> check quoteAuthor value passed in","location":null,"status":"passed","title":"check quoteAuthor value passed in"},{"ancestorTitles":["<Blockquote />"],"failureMessages":[],"fullName":"<Blockquote /> should render author name","location":null,"status":"passed","title":"should render author name"},{"ancestorTitles":["<Blockquote />"],"failureMessages":[],"fullName":"<Blockquote /> should render correctly","location":null,"status":"passed","title":"should render correctly"}],"endTime":1578377988723,"message":"","name":"C:\\Users\\amajain3\\Documents\\atomic-react-components\\lib\\components\\molecules\\Blockquote\\tests\\Blockquote.test.js","startTime":1578377988315,"status":"passed","summary":""},{"assertionResults":[{"ancestorTitles":["Label Component"],"failureMessages":[],"fullName":"Label Component should render correctly","location":null,"status":"passed","title":"should render correctly"},{"ancestorTitles":["Label Component"],"failureMessages":[],"fullName":"Label Component should check the data attribute of label","location":null,"status":"passed","title":"should check the data attribute of label"}],"endTime":1578377988743,"message":"","name":"C:\\Users\\amajain3\\Documents\\atomic-react-components\\lib\\components\\atoms\\Label\\tests\\Label.test.js","startTime":1578377988360,"status":"passed","summary":""},{"assertionResults":[{"ancestorTitles":["Modal Component"],"failureMessages":[],"fullName":"Modal Component should render Modal correctly","location":null,"status":"passed","title":"should render Modal correctly"}],"endTime":1578377988748,"message":"","name":"C:\\Users\\amajain3\\Documents\\atomic-react-components\\lib\\components\\molecules\\Modal\\tests\\Modal.test.js","startTime":1578377988274,"status":"passed","summary":""},{"assertionResults":[{"ancestorTitles":["Select Component"],"failureMessages":[],"fullName":"Select Component should render correctly","location":null,"status":"passed","title":"should render correctly"},{"ancestorTitles":["Select Component"],"failureMessages":[],"fullName":"Select Component should check the data attribute of dropdown/select","location":null,"status":"passed","title":"should check the data attribute of dropdown/select"}],"endTime":1578377988935,"message":"","name":"C:\\Users\\amajain3\\Documents\\atomic-react-components\\lib\\components\\atoms\\Select\\tests\\Select.test.js","startTime":1578377988478,"status":"passed","summary":""},{"assertionResults":[{"ancestorTitles":["<List />"],"failureMessages":[],"fullName":"<List /> should render default view correctly","location":null,"status":"passed","title":"should render default view correctly"}],"endTime":1578377989461,"message":"","name":"C:\\Users\\amajain3\\Documents\\atomic-react-components\\lib\\components\\molecules\\List\\tests\\List.test.js","startTime":1578377989093,"status":"passed","summary":""},{"assertionResults":[{"ancestorTitles":["Heading Component"],"failureMessages":[],"fullName":"Heading Component should render correctly and match snapshot","location":null,"status":"passed","title":"should render correctly and match snapshot"},{"ancestorTitles":["Heading Component"],"failureMessages":[],"fullName":"Heading Component should check the custom locator of heading","location":null,"status":"passed","title":"should check the custom locator of heading"},{"ancestorTitles":["Heading Component"],"failureMessages":[],"fullName":"Heading Component should check the default locator of heading","location":null,"status":"passed","title":"should check the default locator of heading"}],"endTime":1578377989672,"message":"","name":"C:\\Users\\amajain3\\Documents\\atomic-react-components\\lib\\components\\atoms\\Heading\\tests\\Heading.test.js","startTime":1578377989233,"status":"passed","summary":""},{"assertionResults":[{"ancestorTitles":["<TabPanel />"],"failureMessages":[],"fullName":"<TabPanel /> should render correctly","location":null,"status":"passed","title":"should render correctly"}],"endTime":1578377989683,"message":"","name":"C:\\Users\\amajain3\\Documents\\atomic-react-components\\lib\\components\\molecules\\Tabs\\TabPanel\\tests\\TabPanel.test.js","startTime":1578377989297,"status":"passed","summary":""},{"assertionResults":[{"ancestorTitles":["<Icon />"],"failureMessages":[],"fullName":"<Icon /> should render correctly","location":null,"status":"passed","title":"should render correctly"},{"ancestorTitles":["<Icon />"],"failureMessages":[],"fullName":"<Icon /> should have id","location":null,"status":"passed","title":"should have id"}],"endTime":1578377989756,"message":"","name":"C:\\Users\\amajain3\\Documents\\atomic-react-components\\lib\\components\\atoms\\Icon\\tests\\Icon.test.js","startTime":1578377989328,"status":"passed","summary":""},{"assertionResults":[{"ancestorTitles":["Para Component"],"failureMessages":[],"fullName":"Para Component should render correctly and match snapshot","location":null,"status":"passed","title":"should render correctly and match snapshot"},{"ancestorTitles":["Para Component"],"failureMessages":[],"fullName":"Para Component should check the data attribute of para","location":null,"status":"passed","title":"should check the data attribute of para"}],"endTime":1578377989792,"message":"","name":"C:\\Users\\amajain3\\Documents\\atomic-react-components\\lib\\components\\atoms\\Para\\tests\\Para.test.js","startTime":1578377989352,"status":"passed","summary":""},{"assertionResults":[{"ancestorTitles":["FieldError Component"],"failureMessages":[],"fullName":"FieldError Component should render correctly","location":null,"status":"passed","title":"should render correctly"},{"ancestorTitles":["FieldError Component"],"failureMessages":[],"fullName":"FieldError Component should check the element locator of field error","location":null,"status":"passed","title":"should check the element locator of field error"},{"ancestorTitles":["FieldError Component"],"failureMessages":[],"fullName":"FieldError Component should check the default slnid of field error","location":null,"status":"passed","title":"should check the default slnid of field error"}],"endTime":1578377989798,"message":"","name":"C:\\Users\\amajain3\\Documents\\atomic-react-components\\lib\\components\\atoms\\FieldError\\tests\\FieldError.test.js","startTime":1578377989338,"status":"passed","summary":""},{"assertionResults":[{"ancestorTitles":["<Textarea />"],"failureMessages":[],"fullName":"<Textarea /> should render correctly","location":null,"status":"passed","title":"should render correctly"},{"ancestorTitles":["<Textarea />"],"failureMessages":[],"fullName":"<Textarea /> should check the data attribute of textarea","location":null,"status":"passed","title":"should check the data attribute of textarea"}],"endTime":1578377990022,"message":"","name":"C:\\Users\\amajain3\\Documents\\atomic-react-components\\lib\\components\\atoms\\Textarea\\tests\\Textarea.test.js","startTime":1578377989529,"status":"passed","summary":""},{"assertionResults":[{"ancestorTitles":["<Tab />"],"failureMessages":[],"fullName":"<Tab /> should render correctly","location":null,"status":"passed","title":"should render correctly"}],"endTime":1578377990358,"message":"","name":"C:\\Users\\amajain3\\Documents\\atomic-react-components\\lib\\components\\molecules\\Tabs\\Tab\\tests\\Tab.test.js","startTime":1578377990055,"status":"passed","summary":""},{"assertionResults":[{"ancestorTitles":["<Track />"],"failureMessages":[],"fullName":"<Track /> should render correctly","location":null,"status":"passed","title":"should render correctly"}],"endTime":1578377990441,"message":"","name":"C:\\Users\\amajain3\\Documents\\atomic-react-components\\lib\\components\\atoms\\Track\\tests\\Track.test.js","startTime":1578377990182,"status":"passed","summary":""},{"assertionResults":[{"ancestorTitles":["Anchor Component"],"failureMessages":[],"fullName":"Anchor Component should render correctly and match snapshot","location":null,"status":"passed","title":"should render correctly and match snapshot"},{"ancestorTitles":["Anchor Component"],"failureMessages":[],"fullName":"Anchor Component Should handle on typeahead focuson Events","location":null,"status":"passed","title":"Should handle on typeahead focuson Events"},{"ancestorTitles":["Anchor Component"],"failureMessages":[],"fullName":"Anchor Component should check the data attribute of anchor","location":null,"status":"passed","title":"should check the data attribute of anchor"}],"endTime":1578377990511,"message":"","name":"C:\\Users\\amajain3\\Documents\\atomic-react-components\\lib\\components\\atoms\\Anchor\\tests\\Anchor.test.js","startTime":1578377990192,"status":"passed","summary":""},{"assertionResults":[{"ancestorTitles":["Debug"],"failureMessages":[],"fullName":"Debug should render correctly","location":null,"status":"passed","title":"should render correctly"}],"endTime":1578377990541,"message":"","name":"C:\\Users\\amajain3\\Documents\\atomic-react-components\\lib\\components\\molecules\\Form\\Debug\\tests\\Debug.test.js","startTime":1578377990250,"status":"passed","summary":""},{"assertionResults":[{"ancestorTitles":["Image Component"],"failureMessages":[],"fullName":"Image Component should render correctly and match snapshots","location":null,"status":"passed","title":"should render correctly and match snapshots"},{"ancestorTitles":["Image Component"],"failureMessages":[],"fullName":"Image Component should change image src on error","location":null,"status":"passed","title":"should change image src on error"},{"ancestorTitles":["Image Component"],"failureMessages":[],"fullName":"Image Component should check the data attribute of image","location":null,"status":"passed","title":"should check the data attribute of image"},{"ancestorTitles":["Image Component"],"failureMessages":[],"fullName":"Image Component should check the default locator of image","location":null,"status":"passed","title":"should check the default locator of image"}],"endTime":1578377990578,"message":"","name":"C:\\Users\\amajain3\\Documents\\atomic-react-components\\lib\\components\\atoms\\Image\\tests\\Image.test.js","startTime":1578377990231,"status":"passed","summary":""}],"wasInterrupted":false,"coverageMap":{"C:\\Users\\amajain3\\Documents\\atomic-react-components\\lib\\components\\molecules\\Form\\Form.js":{"path":"C:\\Users\\amajain3\\Documents\\atomic-react-components\\lib\\components\\molecules\\Form\\Form.js","statementMap":{"0":{"start":{"line":34,"column":14},"end":{"line":40,"column":3}},"1":{"start":{"line":38,"column":4},"end":{"line":38,"column":56}},"2":{"start":{"line":38,"column":29},"end":{"line":38,"column":56}},"3":{"start":{"line":39,"column":4},"end":{"line":39,"column":67}},"4":{"start":{"line":42,"column":20},"end":{"line":42,"column":33}},"5":{"start":{"line":44,"column":17},"end":{"line":44,"column":22}},"6":{"start":{"line":46,"column":17},"end":{"line":46,"column":27}},"7":{"start":{"line":48,"column":22},"end":{"line":48,"column":37}},"8":{"start":{"line":50,"column":18},"end":{"line":50,"column":29}},"9":{"start":{"line":52,"column":20},"end":{"line":52,"column":33}},"10":{"start":{"line":54,"column":18},"end":{"line":54,"column":29}},"11":{"start":{"line":56,"column":21},"end":{"line":56,"column":35}},"12":{"start":{"line":58,"column":18},"end":{"line":58,"column":29}},"13":{"start":{"line":75,"column":8},"end":{"line":75,"column":18}},"14":{"start":{"line":76,"column":4},"end":{"line":93,"column":6}},"15":{"start":{"line":87,"column":10},"end":{"line":90,"column":24}},"16":{"start":{"line":97,"column":0},"end":{"line":107,"column":2}}},"fnMap":{"0":{"name":"(anonymous_0)","decl":{"start":{"line":34,"column":14},"end":{"line":34,"column":15}},"loc":{"start":{"line":37,"column":7},"end":{"line":40,"column":3}},"line":37},"1":{"name":"(anonymous_1)","decl":{"start":{"line":60,"column":2},"end":{"line":60,"column":3}},"loc":{"start":{"line":60,"column":11},"end":{"line":94,"column":3}},"line":60},"2":{"name":"(anonymous_2)","decl":{"start":{"line":86,"column":9},"end":{"line":86,"column":10}},"loc":{"start":{"line":87,"column":10},"end":{"line":90,"column":24}},"line":87}},"branchMap":{"0":{"loc":{"start":{"line":35,"column":4},"end":{"line":35,"column":47}},"type":"default-arg","locations":[{"start":{"line":35,"column":43},"end":{"line":35,"column":47}}],"line":35},"1":{"loc":{"start":{"line":36,"column":4},"end":{"line":36,"column":42}},"type":"default-arg","locations":[{"start":{"line":36,"column":38},"end":{"line":36,"column":42}}],"line":36},"2":{"loc":{"start":{"line":38,"column":4},"end":{"line":38,"column":56}},"type":"if","locations":[{"start":{"line":38,"column":4},"end":{"line":38,"column":56}},{"start":{"line":38,"column":4},"end":{"line":38,"column":56}}],"line":38},"3":{"loc":{"start":{"line":39,"column":11},"end":{"line":39,"column":66}},"type":"cond-expr","locations":[{"start":{"line":39,"column":30},"end":{"line":39,"column":59}},{"start":{"line":39,"column":62},"end":{"line":39,"column":66}}],"line":39},"4":{"loc":{"start":{"line":89,"column":13},"end":{"line":89,"column":31}},"type":"binary-expr","locations":[{"start":{"line":89,"column":13},"end":{"line":89,"column":18}},{"start":{"line":89,"column":22},"end":{"line":89,"column":31}}],"line":89}},"s":{"0":20,"1":21,"2":1,"3":20,"4":6,"5":6,"6":6,"7":6,"8":6,"9":6,"10":6,"11":6,"12":6,"13":20,"14":20,"15":14,"16":6},"f":{"0":21,"1":20,"2":14},"b":{"0":[1],"1":[1],"2":[1,20],"3":[3,17],"4":[14,0]},"_coverageSchema":"43e27e138ebf9cfc5966b082cf9a028302ed4184","hash":"1097a3dd9d00785fde998d5eeddd5da2b7372f8b"},"C:\\Users\\amajain3\\Documents\\atomic-react-components\\lib\\core\\utils\\buildValidationSchema.js":{"path":"C:\\Users\\amajain3\\Documents\\atomic-react-components\\lib\\core\\utils\\buildValidationSchema.js","statementMap":{"0":{"start":{"line":40,"column":27},"end":{"line":53,"column":1}},"1":{"start":{"line":41,"column":15},"end":{"line":41,"column":26}},"2":{"start":{"line":42,"column":25},"end":{"line":42,"column":42}},"3":{"start":{"line":45,"column":2},"end":{"line":50,"column":5}},"4":{"start":{"line":47,"column":6},"end":{"line":47,"column":84}},"5":{"start":{"line":49,"column":4},"end":{"line":49,"column":49}},"6":{"start":{"line":52,"column":2},"end":{"line":52,"column":16}},"7":{"start":{"line":59,"column":27},"end":{"line":74,"column":1}},"8":{"start":{"line":60,"column":17},"end":{"line":60,"column":19}},"9":{"start":{"line":61,"column":2},"end":{"line":73,"column":3}},"10":{"start":{"line":63,"column":25},"end":{"line":63,"column":47}},"11":{"start":{"line":65,"column":4},"end":{"line":68,"column":7}},"12":{"start":{"line":66,"column":20},"end":{"line":66,"column":40}},"13":{"start":{"line":67,"column":6},"end":{"line":67,"column":52}},"14":{"start":{"line":70,"column":4},"end":{"line":70,"column":38}},"15":{"start":{"line":72,"column":4},"end":{"line":72,"column":18}}},"fnMap":{"0":{"name":"(anonymous_0)","decl":{"start":{"line":40,"column":27},"end":{"line":40,"column":28}},"loc":{"start":{"line":40,"column":61},"end":{"line":53,"column":1}},"line":40},"1":{"name":"(anonymous_1)","decl":{"start":{"line":45,"column":25},"end":{"line":45,"column":26}},"loc":{"start":{"line":45,"column":38},"end":{"line":50,"column":3}},"line":45},"2":{"name":"(anonymous_2)","decl":{"start":{"line":59,"column":27},"end":{"line":59,"column":28}},"loc":{"start":{"line":59,"column":50},"end":{"line":74,"column":1}},"line":59},"3":{"name":"(anonymous_3)","decl":{"start":{"line":65,"column":25},"end":{"line":65,"column":26}},"loc":{"start":{"line":65,"column":38},"end":{"line":68,"column":5}},"line":65}},"branchMap":{"0":{"loc":{"start":{"line":40,"column":30},"end":{"line":40,"column":45}},"type":"default-arg","locations":[{"start":{"line":40,"column":37},"end":{"line":40,"column":45}}],"line":40},"1":{"loc":{"start":{"line":47,"column":6},"end":{"line":47,"column":84}},"type":"cond-expr","locations":[{"start":{"line":47,"column":44},"end":{"line":47,"column":66}},{"start":{"line":47,"column":69},"end":{"line":47,"column":84}}],"line":47}},"s":{"0":6,"1":6,"2":6,"3":6,"4":15,"5":15,"6":6,"7":6,"8":3,"9":3,"10":3,"11":3,"12":6,"13":6,"14":3,"15":0},"f":{"0":6,"1":15,"2":3,"3":6},"b":{"0":[6],"1":[9,6]},"_coverageSchema":"43e27e138ebf9cfc5966b082cf9a028302ed4184","hash":"43c59f4cb6dc29cfe7bf7f5f7c5051efb6cf1d6d"},"C:\\Users\\amajain3\\Documents\\atomic-react-components\\lib\\core\\utils\\noop.js":{"path":"C:\\Users\\amajain3\\Documents\\atomic-react-components\\lib\\core\\utils\\noop.js","statementMap":{"0":{"start":{"line":1,"column":20},"end":{"line":1,"column":36}},"1":{"start":{"line":1,"column":26},"end":{"line":1,"column":36}},"2":{"start":{"line":1,"column":32},"end":{"line":1,"column":36}}},"fnMap":{"0":{"name":"(anonymous_0)","decl":{"start":{"line":1,"column":20},"end":{"line":1,"column":21}},"loc":{"start":{"line":1,"column":26},"end":{"line":1,"column":36}},"line":1},"1":{"name":"(anonymous_1)","decl":{"start":{"line":1,"column":26},"end":{"line":1,"column":27}},"loc":{"start":{"line":1,"column":32},"end":{"line":1,"column":36}},"line":1}},"branchMap":{},"s":{"0":7,"1":0,"2":0},"f":{"0":0,"1":0},"b":{},"_coverageSchema":"43e27e138ebf9cfc5966b082cf9a028302ed4184","hash":"56361c545e1afcbac16ab5dd276e76ac77caaf15"},"C:\\Users\\amajain3\\Documents\\atomic-react-components\\lib\\components\\molecules\\Form\\Debug\\index.js":{"path":"C:\\Users\\amajain3\\Documents\\atomic-react-components\\lib\\components\\molecules\\Form\\Debug\\index.js","statementMap":{},"fnMap":{},"branchMap":{},"s":{},"f":{},"b":{},"_coverageSchema":"43e27e138ebf9cfc5966b082cf9a028302ed4184","hash":"b3557fb6dbb634d27f37a96c6f75985984a060d2"},"C:\\Users\\amajain3\\Documents\\atomic-react-components\\lib\\components\\molecules\\Form\\Debug\\Debug.js":{"path":"C:\\Users\\amajain3\\Documents\\atomic-react-components\\lib\\components\\molecules\\Form\\Debug\\Debug.js","statementMap":{"0":{"start":{"line":4,"column":21},"end":{"line":43,"column":1}},"1":{"start":{"line":5,"column":2},"end":{"line":42,"column":8}},"2":{"start":{"line":31,"column":8},"end":{"line":39,"column":14}}},"fnMap":{"0":{"name":"(anonymous_0)","decl":{"start":{"line":4,"column":21},"end":{"line":4,"column":22}},"loc":{"start":{"line":5,"column":2},"end":{"line":42,"column":8}},"line":5},"1":{"name":"(anonymous_1)","decl":{"start":{"line":30,"column":7},"end":{"line":30,"column":8}},"loc":{"start":{"line":31,"column":8},"end":{"line":39,"column":14}},"line":31}},"branchMap":{},"s":{"0":7,"1":1,"2":0},"f":{"0":1,"1":0},"b":{},"_coverageSchema":"43e27e138ebf9cfc5966b082cf9a028302ed4184","hash":"5d3238e26f7e8bdd389f9d9d675c2c1e12add10a"},"C:\\Users\\amajain3\\Documents\\atomic-react-components\\lib\\components\\molecules\\Form\\FieldInput\\index.js":{"path":"C:\\Users\\amajain3\\Documents\\atomic-react-components\\lib\\components\\molecules\\Form\\FieldInput\\index.js","statementMap":{},"fnMap":{},"branchMap":{},"s":{},"f":{},"b":{},"_coverageSchema":"43e27e138ebf9cfc5966b082cf9a028302ed4184","hash":"e37817cd85d5ef823977028f3cfca51f63bdec5e"},"C:\\Users\\amajain3\\Documents\\atomic-react-components\\lib\\components\\molecules\\Form\\FieldInput\\FieldInput.js":{"path":"C:\\Users\\amajain3\\Documents\\atomic-react-components\\lib\\components\\molecules\\Form\\FieldInput\\FieldInput.js","statementMap":{"0":{"start":{"line":28,"column":19},"end":{"line":77,"column":1}},"1":{"start":{"line":41,"column":18},"end":{"line":41,"column":42}},"2":{"start":{"line":42,"column":2},"end":{"line":76,"column":4}},"3":{"start":{"line":50,"column":47},"end":{"line":50,"column":51}},"4":{"start":{"line":51,"column":10},"end":{"line":66,"column":12}},"5":{"start":{"line":58,"column":16},"end":{"line":58,"column":32}},"6":{"start":{"line":59,"column":16},"end":{"line":59,"column":70}},"7":{"start":{"line":59,"column":52},"end":{"line":59,"column":70}},"8":{"start":{"line":62,"column":16},"end":{"line":62,"column":30}},"9":{"start":{"line":63,"column":16},"end":{"line":63,"column":66}},"10":{"start":{"line":63,"column":50},"end":{"line":63,"column":66}},"11":{"start":{"line":79,"column":0},"end":{"line":89,"column":2}}},"fnMap":{"0":{"name":"(anonymous_0)","decl":{"start":{"line":28,"column":19},"end":{"line":28,"column":20}},"loc":{"start":{"line":40,"column":19},"end":{"line":77,"column":1}},"line":40},"1":{"name":"(anonymous_1)","decl":{"start":{"line":49,"column":9},"end":{"line":49,"column":10}},"loc":{"start":{"line":49,"column":30},"end":{"line":67,"column":9}},"line":49},"2":{"name":"(anonymous_2)","decl":{"start":{"line":57,"column":24},"end":{"line":57,"column":25}},"loc":{"start":{"line":57,"column":29},"end":{"line":60,"column":15}},"line":57},"3":{"name":"(anonymous_3)","decl":{"start":{"line":61,"column":22},"end":{"line":61,"column":23}},"loc":{"start":{"line":61,"column":27},"end":{"line":64,"column":15}},"line":61}},"branchMap":{"0":{"loc":{"start":{"line":41,"column":18},"end":{"line":41,"column":42}},"type":"binary-expr","locations":[{"start":{"line":41,"column":18},"end":{"line":41,"column":20}},{"start":{"line":41,"column":24},"end":{"line":41,"column":42}}],"line":41},"1":{"loc":{"start":{"line":56,"column":32},"end":{"line":56,"column":88}},"type":"cond-expr","locations":[{"start":{"line":56,"column":57},"end":{"line":56,"column":81}},{"start":{"line":56,"column":84},"end":{"line":56,"column":88}}],"line":56},"2":{"loc":{"start":{"line":59,"column":16},"end":{"line":59,"column":70}},"type":"if","locations":[{"start":{"line":59,"column":16},"end":{"line":59,"column":70}},{"start":{"line":59,"column":16},"end":{"line":59,"column":70}}],"line":59},"3":{"loc":{"start":{"line":63,"column":16},"end":{"line":63,"column":66}},"type":"if","locations":[{"start":{"line":63,"column":16},"end":{"line":63,"column":66}},{"start":{"line":63,"column":16},"end":{"line":63,"column":66}}],"line":63},"4":{"loc":{"start":{"line":69,"column":7},"end":{"line":73,"column":7}},"type":"cond-expr","locations":[{"start":{"line":70,"column":8},"end":{"line":70,"column":75}},{"start":{"line":72,"column":8},"end":{"line":72,"column":10}}],"line":69}},"s":{"0":6,"1":4,"2":4,"3":3,"4":3,"5":0,"6":0,"7":0,"8":0,"9":0,"10":0,"11":6},"f":{"0":4,"1":3,"2":0,"3":0},"b":{"0":[4,3],"1":[1,2],"2":[0,0],"3":[0,0],"4":[1,3]},"_coverageSchema":"43e27e138ebf9cfc5966b082cf9a028302ed4184","hash":"9cf39aba7d1e5c0ff0d0473ba19ed4658665de50"},"C:\\Users\\amajain3\\Documents\\atomic-react-components\\lib\\components\\atoms\\Input\\index.js":{"path":"C:\\Users\\amajain3\\Documents\\atomic-react-components\\lib\\components\\atoms\\Input\\index.js","statementMap":{},"fnMap":{},"branchMap":{},"s":{},"f":{},"b":{},"_coverageSchema":"43e27e138ebf9cfc5966b082cf9a028302ed4184","hash":"10a7d4d9a2c4558ea9b460a7b63fab9d65104c58"},"C:\\Users\\amajain3\\Documents\\atomic-react-components\\lib\\components\\atoms\\Input\\Input.js":{"path":"C:\\Users\\amajain3\\Documents\\atomic-react-components\\lib\\components\\atoms\\Input\\Input.js","statementMap":{"0":{"start":{"line":19,"column":14},"end":{"line":37,"column":1}},"1":{"start":{"line":24,"column":4},"end":{"line":35,"column":6}},"2":{"start":{"line":38,"column":0},"end":{"line":45,"column":2}}},"fnMap":{"0":{"name":"(anonymous_0)","decl":{"start":{"line":20,"column":2},"end":{"line":20,"column":3}},"loc":{"start":{"line":24,"column":4},"end":{"line":35,"column":6}},"line":24}},"branchMap":{"0":{"loc":{"start":{"line":31,"column":13},"end":{"line":31,"column":48}},"type":"cond-expr","locations":[{"start":{"line":31,"column":31},"end":{"line":31,"column":36}},{"start":{"line":31,"column":39},"end":{"line":31,"column":48}}],"line":31},"1":{"loc":{"start":{"line":33,"column":20},"end":{"line":33,"column":61}},"type":"binary-expr","locations":[{"start":{"line":33,"column":20},"end":{"line":33,"column":34}},{"start":{"line":33,"column":38},"end":{"line":33,"column":61}}],"line":33}},"s":{"0":11,"1":49,"2":11},"f":{"0":49},"b":{"0":[43,6],"1":[49,42]},"_coverageSchema":"43e27e138ebf9cfc5966b082cf9a028302ed4184","hash":"20c772e618025aaa9a997c80a4538db0bca3d548"},"C:\\Users\\amajain3\\Documents\\atomic-react-components\\lib\\components\\atoms\\Input\\Input.style.js":{"path":"C:\\Users\\amajain3\\Documents\\atomic-react-components\\lib\\components\\atoms\\Input\\Input.style.js","statementMap":{"0":{"start":{"line":3,"column":15},"end":{"line":20,"column":1}},"1":{"start":{"line":4,"column":13},"end":{"line":9,"column":3}},"2":{"start":{"line":12,"column":4},"end":{"line":17,"column":10}},"3":{"start":{"line":19,"column":14},"end":{"line":19,"column":64}}},"fnMap":{"0":{"name":"(anonymous_0)","decl":{"start":{"line":4,"column":4},"end":{"line":4,"column":5}},"loc":{"start":{"line":4,"column":13},"end":{"line":9,"column":3}},"line":4},"1":{"name":"(anonymous_1)","decl":{"start":{"line":11,"column":4},"end":{"line":11,"column":5}},"loc":{"start":{"line":12,"column":4},"end":{"line":17,"column":10}},"line":12},"2":{"name":"(anonymous_2)","decl":{"start":{"line":19,"column":4},"end":{"line":19,"column":5}},"loc":{"start":{"line":19,"column":14},"end":{"line":19,"column":64}},"line":19}},"branchMap":{"0":{"loc":{"start":{"line":12,"column":4},"end":{"line":17,"column":10}},"type":"cond-expr","locations":[{"start":{"line":13,"column":8},"end":{"line":16,"column":5}},{"start":{"line":17,"column":8},"end":{"line":17,"column":10}}],"line":12},"1":{"loc":{"start":{"line":19,"column":14},"end":{"line":19,"column":64}},"type":"cond-expr","locations":[{"start":{"line":19,"column":38},"end":{"line":19,"column":59}},{"start":{"line":19,"column":62},"end":{"line":19,"column":64}}],"line":19}},"s":{"0":11,"1":42,"2":42,"3":42},"f":{"0":42,"1":42,"2":42},"b":{"0":[1,41],"1":[0,42]},"_coverageSchema":"43e27e138ebf9cfc5966b082cf9a028302ed4184","hash":"ec8ac784e1bb8ed49b551a7a0314558b8827086f"},"C:\\Users\\amajain3\\Documents\\atomic-react-components\\lib\\components\\atoms\\FieldError\\index.js":{"path":"C:\\Users\\amajain3\\Documents\\atomic-react-components\\lib\\components\\atoms\\FieldError\\index.js","statementMap":{},"fnMap":{},"branchMap":{},"s":{},"f":{},"b":{},"_coverageSchema":"43e27e138ebf9cfc5966b082cf9a028302ed4184","hash":"6f7d5f55e8900d65daf0324919e978cebf38d147"},"C:\\Users\\amajain3\\Documents\\atomic-react-components\\lib\\components\\atoms\\FieldError\\FieldError.js":{"path":"C:\\Users\\amajain3\\Documents\\atomic-react-components\\lib\\components\\atoms\\FieldError\\FieldError.js","statementMap":{"0":{"start":{"line":17,"column":19},"end":{"line":37,"column":1}},"1":{"start":{"line":25,"column":2},"end":{"line":36,"column":4}},"2":{"start":{"line":39,"column":0},"end":{"line":44,"column":2}}},"fnMap":{"0":{"name":"(anonymous_0)","decl":{"start":{"line":17,"column":19},"end":{"line":17,"column":20}},"loc":{"start":{"line":24,"column":19},"end":{"line":37,"column":1}},"line":24}},"branchMap":{"0":{"loc":{"start":{"line":30,"column":20},"end":{"line":30,"column":59}},"type":"cond-expr","locations":[{"start":{"line":30,"column":33},"end":{"line":30,"column":54}},{"start":{"line":30,"column":57},"end":{"line":30,"column":59}}],"line":30},"1":{"loc":{"start":{"line":31,"column":20},"end":{"line":31,"column":85}},"type":"binary-expr","locations":[{"start":{"line":31,"column":20},"end":{"line":31,"column":34}},{"start":{"line":31,"column":38},"end":{"line":31,"column":85}}],"line":31}},"s":{"0":7,"1":5,"2":7},"f":{"0":5},"b":{"0":[1,4],"1":[5,4]},"_coverageSchema":"43e27e138ebf9cfc5966b082cf9a028302ed4184","hash":"9040ed843f431501fb1ff908bf5e96ae43e6978a"},"C:\\Users\\amajain3\\Documents\\atomic-react-components\\lib\\components\\atoms\\Para\\index.js":{"path":"C:\\Users\\amajain3\\Documents\\atomic-react-components\\lib\\components\\atoms\\Para\\index.js","statementMap":{},"fnMap":{},"branchMap":{},"s":{},"f":{},"b":{},"_coverageSchema":"43e27e138ebf9cfc5966b082cf9a028302ed4184","hash":"61309cd7de8f377046853bcc9a8adf5c63e7b3e9"},"C:\\Users\\amajain3\\Documents\\atomic-react-components\\lib\\components\\atoms\\Para\\Para.js":{"path":"C:\\Users\\amajain3\\Documents\\atomic-react-components\\lib\\components\\atoms\\Para\\Para.js","statementMap":{"0":{"start":{"line":15,"column":13},"end":{"line":27,"column":1}},"1":{"start":{"line":16,"column":22},"end":{"line":20,"column":8}},"2":{"start":{"line":22,"column":2},"end":{"line":26,"column":4}},"3":{"start":{"line":29,"column":0},"end":{"line":33,"column":2}}},"fnMap":{"0":{"name":"(anonymous_0)","decl":{"start":{"line":15,"column":13},"end":{"line":15,"column":14}},"loc":{"start":{"line":15,"column":99},"end":{"line":27,"column":1}},"line":15}},"branchMap":{"0":{"loc":{"start":{"line":16,"column":22},"end":{"line":20,"column":8}},"type":"cond-expr","locations":[{"start":{"line":17,"column":6},"end":{"line":19,"column":7}},{"start":{"line":20,"column":6},"end":{"line":20,"column":8}}],"line":16}},"s":{"0":11,"1":5,"2":5,"3":11},"f":{"0":5},"b":{"0":[2,3]},"_coverageSchema":"43e27e138ebf9cfc5966b082cf9a028302ed4184","hash":"ef6b0bdce81623e1eacde56723c61d9af7378db0"},"C:\\Users\\amajain3\\Documents\\atomic-react-components\\lib\\components\\atoms\\Para\\Para.style.js":{"path":"C:\\Users\\amajain3\\Documents\\atomic-react-components\\lib\\components\\atoms\\Para\\Para.style.js","statementMap":{},"fnMap":{},"branchMap":{},"s":{},"f":{},"b":{},"_coverageSchema":"43e27e138ebf9cfc5966b082cf9a028302ed4184","hash":"4e0fedf17bde352ed732e4841bff9a19484f6392"},"C:\\Users\\amajain3\\Documents\\atomic-react-components\\lib\\core\\utils\\elementLocator.js":{"path":"C:\\Users\\amajain3\\Documents\\atomic-react-components\\lib\\core\\utils\\elementLocator.js","statementMap":{"0":{"start":{"line":4,"column":36},"end":{"line":20,"column":1}},"1":{"start":{"line":5,"column":14},"end":{"line":5,"column":16}},"2":{"start":{"line":7,"column":2},"end":{"line":18,"column":5}},"3":{"start":{"line":8,"column":24},"end":{"line":8,"column":29}},"4":{"start":{"line":10,"column":4},"end":{"line":16,"column":5}},"5":{"start":{"line":11,"column":6},"end":{"line":15,"column":9}},"6":{"start":{"line":12,"column":8},"end":{"line":12,"column":78}},"7":{"start":{"line":13,"column":8},"end":{"line":13,"column":51}},"8":{"start":{"line":13,"column":30},"end":{"line":13,"column":51}},"9":{"start":{"line":14,"column":8},"end":{"line":14,"column":29}},"10":{"start":{"line":17,"column":4},"end":{"line":17,"column":45}},"11":{"start":{"line":19,"column":2},"end":{"line":19,"column":29}}},"fnMap":{"0":{"name":"(anonymous_0)","decl":{"start":{"line":4,"column":36},"end":{"line":4,"column":37}},"loc":{"start":{"line":4,"column":48},"end":{"line":20,"column":1}},"line":4},"1":{"name":"(anonymous_1)","decl":{"start":{"line":7,"column":34},"end":{"line":7,"column":35}},"loc":{"start":{"line":7,"column":57},"end":{"line":18,"column":3}},"line":7},"2":{"name":"(anonymous_2)","decl":{"start":{"line":11,"column":28},"end":{"line":11,"column":29}},"loc":{"start":{"line":11,"column":51},"end":{"line":15,"column":7}},"line":11}},"branchMap":{"0":{"loc":{"start":{"line":10,"column":4},"end":{"line":16,"column":5}},"type":"if","locations":[{"start":{"line":10,"column":4},"end":{"line":16,"column":5}},{"start":{"line":10,"column":4},"end":{"line":16,"column":5}}],"line":10},"1":{"loc":{"start":{"line":12,"column":20},"end":{"line":12,"column":67}},"type":"cond-expr","locations":[{"start":{"line":12,"column":59},"end":{"line":12,"column":61}},{"
[...]
:{"line":45,"column":3}},"line":36},"2":{"name":"(anonymous_2)","decl":{"start":{"line":51,"column":2},"end":{"line":51,"column":3}},"loc":{"start":{"line":51,"column":25},"end":{"line":53,"column":3}},"line":51},"3":{"name":"(anonymous_3)","decl":{"start":{"line":61,"column":23},"end":{"line":61,"column":24}},"loc":{"start":{"line":61,"column":42},"end":{"line":73,"column":3}},"line":61},"4":{"name":"(anonymous_4)","decl":{"start":{"line":80,"column":16},"end":{"line":80,"column":17}},"loc":{"start":{"line":80,"column":22},"end":{"line":84,"column":3}},"line":80},"5":{"name":"(anonymous_5)","decl":{"start":{"line":91,"column":10},"end":{"line":91,"column":11}},"loc":{"start":{"line":91,"column":16},"end":{"line":95,"column":3}},"line":91},"6":{"name":"(anonymous_6)","decl":{"start":{"line":97,"column":2},"end":{"line":97,"column":3}},"loc":{"start":{"line":97,"column":11},"end":{"line":128,"column":3}},"line":97}},"branchMap":{"0":{"loc":{"start":{"line":40,"column":4},"end":{"line":44,"column":5}},"type":"if","locations":[{"start":{"line":40,"column":4},"end":{"line":44,"column":5}},{"start":{"line":40,"column":4},"end":{"line":44,"column":5}}],"line":40},"1":{"loc":{"start":{"line":63,"column":4},"end":{"line":72,"column":5}},"type":"if","locations":[{"start":{"line":63,"column":4},"end":{"line":72,"column":5}},{"start":{"line":63,"column":4},"end":{"line":72,"column":5}}],"line":63},"2":{"loc":{"start":{"line":64,"column":6},"end":{"line":67,"column":43}},"type":"binary-expr","locations":[{"start":{"line":64,"column":6},"end":{"line":64,"column":21}},{"start":{"line":65,"column":6},"end":{"line":65,"column":29}},{"start":{"line":66,"column":6},"end":{"line":66,"column":24}},{"start":{"line":67,"column":6},"end":{"line":67,"column":43}}],"line":64},"3":{"loc":{"start":{"line":106,"column":20},"end":{"line":106,"column":89}},"type":"binary-expr","locations":[{"start":{"line":106,"column":20},"end":{"line":106,"column":27}},{"start":{"line":106,"column":31},"end":{"line":106,"column":89}}],"line":106},"4":{"loc":{"start":{"line":115,"column":9},"end":{"line":125,"column":9}},"type":"binary-expr","locations":[{"start":{"line":115,"column":9},"end":{"line":115,"column":20}},{"start":{"line":116,"column":10},"end":{"line":124,"column":16}}],"line":115},"5":{"loc":{"start":{"line":117,"column":13},"end":{"line":121,"column":13}},"type":"binary-expr","locations":[{"start":{"line":117,"column":13},"end":{"line":117,"column":33}},{"start":{"line":118,"column":14},"end":{"line":120,"column":23}}],"line":117},"6":{"loc":{"start":{"line":122,"column":13},"end":{"line":122,"column":82}},"type":"binary-expr","locations":[{"start":{"line":122,"column":13},"end":{"line":122,"column":26}},{"start":{"line":122,"column":30},"end":{"line":122,"column":82}}],"line":122}},"s":{"0":5,"1":5,"2":5,"3":5,"4":5,"5":5,"6":2,"7":0,"8":5,"9":0,"10":0,"11":0,"12":5,"13":1,"14":5,"15":1,"16":9,"17":9,"18":9,"19":9,"20":1},"f":{"0":5,"1":5,"2":0,"3":0,"4":1,"5":1,"6":9},"b":{"0":[2,3],"1":[0,0],"2":[0,0,0,0],"3":[9,8],"4":[9,3],"5":[3,3],"6":[3,3]},"_coverageSchema":"43e27e138ebf9cfc5966b082cf9a028302ed4184","hash":"03d7c1a67fbe8a0061e79df9373a4d58ab19bd4e"},"C:\\Users\\amajain3\\Documents\\atomic-react-components\\lib\\components\\molecules\\Popover\\Popover.style.js":{"path":"C:\\Users\\amajain3\\Documents\\atomic-react-components\\lib\\components\\molecules\\Popover\\Popover.style.js","statementMap":{"0":{"start":{"line":14,"column":14},"end":{"line":14,"column":64}}},"fnMap":{"0":{"name":"(anonymous_0)","decl":{"start":{"line":14,"column":4},"end":{"line":14,"column":5}},"loc":{"start":{"line":14,"column":14},"end":{"line":14,"column":64}},"line":14}},"branchMap":{"0":{"loc":{"start":{"line":14,"column":14},"end":{"line":14,"column":64}},"type":"cond-expr","locations":[{"start":{"line":14,"column":38},"end":{"line":14,"column":59}},{"start":{"line":14,"column":62},"end":{"line":14,"column":64}}],"line":14}},"s":{"0":0},"f":{"0":0},"b":{"0":[0,0]},"_coverageSchema":"43e27e138ebf9cfc5966b082cf9a028302ed4184","hash":"d5e1c3b81484926bd97a8308ce1a1f0065bd10e9"},"C:\\Users\\amajain3\\Documents\\atomic-react-components\\lib\\components\\atoms\\Tag\\index.js":{"path":"C:\\Users\\amajain3\\Documents\\atomic-react-components\\lib\\components\\atoms\\Tag\\index.js","statementMap":{},"fnMap":{},"branchMap":{},"s":{},"f":{},"b":{},"_coverageSchema":"43e27e138ebf9cfc5966b082cf9a028302ed4184","hash":"23ff9a4764fd7c837a37d26bba7acf189d7ede69"},"C:\\Users\\amajain3\\Documents\\atomic-react-components\\lib\\components\\atoms\\Tag\\Tag.js":{"path":"C:\\Users\\amajain3\\Documents\\atomic-react-components\\lib\\components\\atoms\\Tag\\Tag.js","statementMap":{"0":{"start":{"line":15,"column":12},"end":{"line":51,"column":1}},"1":{"start":{"line":23,"column":36},"end":{"line":23,"column":56}},"2":{"start":{"line":25,"column":20},"end":{"line":30,"column":3}},"3":{"start":{"line":26,"column":4},"end":{"line":26,"column":24}},"4":{"start":{"line":27,"column":4},"end":{"line":29,"column":5}},"5":{"start":{"line":28,"column":6},"end":{"line":28,"column":27}},"6":{"start":{"line":32,"column":2},"end":{"line":50,"column":4}},"7":{"start":{"line":53,"column":0},"end":{"line":58,"column":2}}},"fnMap":{"0":{"name":"(anonymous_0)","decl":{"start":{"line":15,"column":12},"end":{"line":15,"column":13}},"loc":{"start":{"line":22,"column":22},"end":{"line":51,"column":1}},"line":22},"1":{"name":"(anonymous_1)","decl":{"start":{"line":25,"column":20},"end":{"line":25,"column":21}},"loc":{"start":{"line":25,"column":25},"end":{"line":30,"column":3}},"line":25}},"branchMap":{"0":{"loc":{"start":{"line":27,"column":4},"end":{"line":29,"column":5}},"type":"if","locations":[{"start":{"line":27,"column":4},"end":{"line":29,"column":5}},{"start":{"line":27,"column":4},"end":{"line":29,"column":5}}],"line":27},"1":{"loc":{"start":{"line":34,"column":7},"end":{"line":48,"column":7}},"type":"binary-expr","locations":[{"start":{"line":34,"column":7},"end":{"line":34,"column":16}},{"start":{"line":35,"column":8},"end":{"line":47,"column":15}}],"line":34},"2":{"loc":{"start":{"line":37,"column":11},"end":{"line":46,"column":11}},"type":"binary-expr","locations":[{"start":{"line":37,"column":11},"end":{"line":37,"column":36}},{"start":{"line":38,"column":12},"end":{"line":45,"column":21}}],"line":37}},"s":{"0":1,"1":6,"2":6,"3":1,"4":1,"5":1,"6":6,"7":1},"f":{"0":6,"1":1},"b":{"0":[1,0],"1":[6,6],"2":[6,2]},"_coverageSchema":"43e27e138ebf9cfc5966b082cf9a028302ed4184","hash":"633b1df02ef490b33888263fe2cf7bd285ef16d3"},"C:\\Users\\amajain3\\Documents\\atomic-react-components\\lib\\components\\atoms\\Tag\\Tag.style.js":{"path":"C:\\Users\\amajain3\\Documents\\atomic-react-components\\lib\\components\\atoms\\Tag\\Tag.style.js","statementMap":{"0":{"start":{"line":6,"column":22},"end":{"line":6,"column":48}},"1":{"start":{"line":8,"column":13},"end":{"line":12,"column":3}},"2":{"start":{"line":18,"column":14},"end":{"line":18,"column":64}}},"fnMap":{"0":{"name":"(anonymous_0)","decl":{"start":{"line":6,"column":13},"end":{"line":6,"column":14}},"loc":{"start":{"line":6,"column":22},"end":{"line":6,"column":48}},"line":6},"1":{"name":"(anonymous_1)","decl":{"start":{"line":8,"column":4},"end":{"line":8,"column":5}},"loc":{"start":{"line":8,"column":13},"end":{"line":12,"column":3}},"line":8},"2":{"name":"(anonymous_2)","decl":{"start":{"line":18,"column":4},"end":{"line":18,"column":5}},"loc":{"start":{"line":18,"column":14},"end":{"line":18,"column":64}},"line":18}},"branchMap":{"0":{"loc":{"start":{"line":18,"column":14},"end":{"line":18,"column":64}},"type":"cond-expr","locations":[{"start":{"line":18,"column":38},"end":{"line":18,"column":59}},{"start":{"line":18,"column":62},"end":{"line":18,"column":64}}],"line":18}},"s":{"0":0,"1":0,"2":0},"f":{"0":0,"1":0,"2":0},"b":{"0":[0,0]},"_coverageSchema":"43e27e138ebf9cfc5966b082cf9a028302ed4184","hash":"74dc097b0103cbdee695f5d905acc35024586b88"},"C:\\Users\\amajain3\\Documents\\atomic-react-components\\lib\\components\\molecules\\Modal\\Modal.js":{"path":"C:\\Users\\amajain3\\Documents\\atomic-react-components\\lib\\components\\molecules\\Modal\\Modal.js","statementMap":{"0":{"start":{"line":54,"column":14},"end":{"line":102,"column":1}},"1":{"start":{"line":78,"column":2},"end":{"line":101,"column":4}},"2":{"start":{"line":104,"column":0},"end":{"line":125,"column":2}},"3":{"start":{"line":121,"column":24},"end":{"line":121,"column":49}}},"fnMap":{"0":{"name":"(anonymous_0)","decl":{"start":{"line":54,"column":14},"end":{"line":54,"column":15}},"loc":{"start":{"line":78,"column":2},"end":{"line":101,"column":4}},"line":78},"1":{"name":"(anonymous_1)","decl":{"start":{"line":121,"column":18},"end":{"line":121,"column":19}},"loc":{"start":{"line":121,"column":24},"end":{"line":121,"column":49}},"line":121}},"branchMap":{"0":{"loc":{"start":{"line":121,"column":24},"end":{"line":121,"column":49}},"type":"binary-expr","locations":[{"start":{"line":121,"column":24},"end":{"line":121,"column":32}},{"start":{"line":121,"column":36},"end":{"line":121,"column":49}}],"line":121}},"s":{"0":1,"1":1,"2":1,"3":0},"f":{"0":1,"1":0},"b":{"0":[0,0]},"_coverageSchema":"43e27e138ebf9cfc5966b082cf9a028302ed4184","hash":"3e628bf5238a07be4b66bdb72e92280fdf8a2245"},"C:\\Users\\amajain3\\Documents\\atomic-react-components\\lib\\components\\molecules\\Modal\\Modal.style.js":{"path":"C:\\Users\\amajain3\\Documents\\atomic-react-components\\lib\\components\\molecules\\Modal\\Modal.style.js","statementMap":{"0":{"start":{"line":3,"column":15},"end":{"line":5,"column":1}},"1":{"start":{"line":4,"column":14},"end":{"line":4,"column":64}}},"fnMap":{"0":{"name":"(anonymous_0)","decl":{"start":{"line":4,"column":4},"end":{"line":4,"column":5}},"loc":{"start":{"line":4,"column":14},"end":{"line":4,"column":64}},"line":4}},"branchMap":{"0":{"loc":{"start":{"line":4,"column":14},"end":{"line":4,"column":64}},"type":"cond-expr","locations":[{"start":{"line":4,"column":38},"end":{"line":4,"column":59}},{"start":{"line":4,"column":62},"end":{"line":4,"column":64}}],"line":4}},"s":{"0":1,"1":0},"f":{"0":0},"b":{"0":[0,0]},"_coverageSchema":"43e27e138ebf9cfc5966b082cf9a028302ed4184","hash":"8a602a1a63b49a218c55e6b70997e6c23011d7eb"},"C:\\Users\\amajain3\\Documents\\atomic-react-components\\lib\\components\\atoms\\Heading\\index.js":{"path":"C:\\Users\\amajain3\\Documents\\atomic-react-components\\lib\\components\\atoms\\Heading\\index.js","statementMap":{},"fnMap":{},"branchMap":{},"s":{},"f":{},"b":{},"_coverageSchema":"43e27e138ebf9cfc5966b082cf9a028302ed4184","hash":"062a1df92217aaf80be2b289f7cc129b9d79d77b"},"C:\\Users\\amajain3\\Documents\\atomic-react-components\\lib\\components\\molecules\\CookieDisclaimer\\index.js":{"path":"C:\\Users\\amajain3\\Documents\\atomic-react-components\\lib\\components\\molecules\\CookieDisclaimer\\index.js","statementMap":{},"fnMap":{},"branchMap":{},"s":{},"f":{},"b":{},"hash":"f13c4fd9cdc266852b777feb4ccf3a1d7dc02230"},"C:\\Users\\amajain3\\Documents\\atomic-react-components\\lib\\components\\atoms\\Icon\\types\\index.js":{"path":"C:\\Users\\amajain3\\Documents\\atomic-react-components\\lib\\components\\atoms\\Icon\\types\\index.js","statementMap":{},"fnMap":{},"branchMap":{},"s":{},"f":{},"b":{},"hash":"79ce2dbf1bc41ed11d7518a1e2668c7f43b07e45"},"C:\\Users\\amajain3\\Documents\\atomic-react-components\\lib\\components\\atoms\\Video\\types\\index.js":{"path":"C:\\Users\\amajain3\\Documents\\atomic-react-components\\lib\\components\\atoms\\Video\\types\\index.js","statementMap":{},"fnMap":{},"branchMap":{},"s":{},"f":{},"b":{},"hash":"b1ba9f2170ef9228c1d862274c113f10f7320fcd"},"C:\\Users\\amajain3\\Documents\\atomic-react-components\\lib\\components\\molecules\\ArticleThumbnail\\types\\index.js":{"path":"C:\\Users\\amajain3\\Documents\\atomic-react-components\\lib\\components\\molecules\\ArticleThumbnail\\types\\index.js","statementMap":{},"fnMap":{},"branchMap":{},"s":{},"f":{},"b":{},"hash":"dca848f95724093a4ae53fc0a90110967cb97715"},"C:\\Users\\amajain3\\Documents\\atomic-react-components\\lib\\core\\utils\\getDisplayName.js":{"path":"C:\\Users\\amajain3\\Documents\\atomic-react-components\\lib\\core\\utils\\getDisplayName.js","statementMap":{"0":{"start":{"line":1,"column":30},"end":{"line":3,"column":1}},"1":{"start":{"line":2,"column":2},"end":{"line":2,"column":78}}},"fnMap":{"0":{"name":"(anonymous_0)","decl":{"start":{"line":1,"column":30},"end":{"line":1,"column":31}},"loc":{"start":{"line":1,"column":50},"end":{"line":3,"column":1}},"line":1}},"branchMap":{"0":{"loc":{"start":{"line":2,"column":9},"end":{"line":2,"column":77}},"type":"binary-expr","locations":[{"start":{"line":2,"column":9},"end":{"line":2,"column":37}},{"start":{"line":2,"column":41},"end":{"line":2,"column":62}},{"start":{"line":2,"column":66},"end":{"line":2,"column":77}}],"line":2}},"s":{"0":0,"1":0},"f":{"0":0},"b":{"0":[0,0,0]},"hash":"4accef47ced4fab4b6d2b0a48f230d6f5048ed19"},"C:\\Users\\amajain3\\Documents\\atomic-react-components\\lib\\components\\molecules\\Accordion\\types\\index.js":{"path":"C:\\Users\\amajain3\\Documents\\atomic-react-components\\lib\\components\\molecules\\Accordion\\types\\index.js","statementMap":{},"fnMap":{},"branchMap":{},"s":{},"f":{},"b":{},"hash":"417e9d253dfecb548c2db805cb9fd88c1012e691"},"C:\\Users\\amajain3\\Documents\\atomic-react-components\\lib\\components\\molecules\\Blockquote\\types\\index.js":{"path":"C:\\Users\\amajain3\\Documents\\atomic-react-components\\lib\\components\\molecules\\Blockquote\\types\\index.js","statementMap":{},"fnMap":{},"branchMap":{},"s":{},"f":{},"b":{},"hash":"4c8446ca6c478c52daf8e7799ce8e8a20766b22a"},"C:\\Users\\amajain3\\Documents\\atomic-react-components\\lib\\components\\molecules\\Breadcrumb\\types\\index.js":{"path":"C:\\Users\\amajain3\\Documents\\atomic-react-components\\lib\\components\\molecules\\Breadcrumb\\types\\index.js","statementMap":{},"fnMap":{},"branchMap":{},"s":{},"f":{},"b":{},"hash":"cd368bee895d516008e1aa4b3658881251d82e28"},"C:\\Users\\amajain3\\Documents\\atomic-react-components\\lib\\components\\molecules\\Modal\\index.js":{"path":"C:\\Users\\amajain3\\Documents\\atomic-react-components\\lib\\components\\molecules\\Modal\\index.js","statementMap":{},"fnMap":{},"branchMap":{},"s":{},"f":{},"b":{},"hash":"6dec9efc36a724701c16794531c15c5fc0ab519d"},"C:\\Users\\amajain3\\Documents\\atomic-react-components\\lib\\components\\molecules\\CookieDisclaimer\\types\\index.js":{"path":"C:\\Users\\amajain3\\Documents\\atomic-react-components\\lib\\components\\molecules\\CookieDisclaimer\\types\\index.js","statementMap":{},"fnMap":{},"branchMap":{},"s":{},"f":{},"b":{},"hash":"0873f488bfb19c3653b28b6e2b1c56e2d6268884"},"C:\\Users\\amajain3\\Documents\\atomic-react-components\\lib\\components\\molecules\\QuoteMedia\\index.js":{"path":"C:\\Users\\amajain3\\Documents\\atomic-react-components\\lib\\components\\molecules\\QuoteMedia\\index.js","statementMap":{},"fnMap":{},"branchMap":{},"s":{},"f":{},"b":{},"hash":"dccfcf6fc8ac77d7f7b15f3ea7f476663effa821"},"C:\\Users\\amajain3\\Documents\\atomic-react-components\\lib\\components\\molecules\\HeroBanner\\types\\index.js":{"path":"C:\\Users\\amajain3\\Documents\\atomic-react-components\\lib\\components\\molecules\\HeroBanner\\types\\index.js","statementMap":{},"fnMap":{},"branchMap":{},"s":{},"f":{},"b":{},"hash":"fd7bbfe5cd247f77cbce8c1c8c8f3984538eeabf"},"C:\\Users\\amajain3\\Documents\\atomic-react-components\\lib\\components\\molecules\\Pagination\\types\\index.js":{"path":"C:\\Users\\amajain3\\Documents\\atomic-react-components\\lib\\components\\molecules\\Pagination\\types\\index.js","statementMap":{},"fnMap":{},"branchMap":{},"s":{},"f":{},"b":{},"hash":"ee686aa50b119fd999f59abacea6fd3bdebfe020"},"C:\\Users\\amajain3\\Documents\\atomic-react-components\\lib\\components\\molecules\\QuoteMedia\\types\\index.js":{"path":"C:\\Users\\amajain3\\Documents\\atomic-react-components\\lib\\components\\molecules\\QuoteMedia\\types\\index.js","statementMap":{},"fnMap":{},"branchMap":{},"s":{},"f":{},"b":{},"hash":"44210ef91eeefd16e65bff53d593efe3ae6a2295"},"C:\\Users\\amajain3\\Documents\\atomic-react-components\\lib\\components\\molecules\\Popover\\types\\index.js":{"path":"C:\\Users\\amajain3\\Documents\\atomic-react-components\\lib\\components\\molecules\\Popover\\types\\index.js","statementMap":{},"fnMap":{},"branchMap":{},"s":{},"f":{},"b":{},"hash":"5751af9b67751d978c79064c617d066092ebe855"},"C:\\Users\\amajain3\\Documents\\atomic-react-components\\lib\\components\\molecules\\StickyBar\\types\\index.js":{"path":"C:\\Users\\amajain3\\Documents\\atomic-react-components\\lib\\components\\molecules\\StickyBar\\types\\index.js","statementMap":{},"fnMap":{},"branchMap":{},"s":{},"f":{},"b":{},"hash":"eedb1fd79ad70499773f6b78bac4ba25ad16fb9e"},"C:\\Users\\amajain3\\Documents\\atomic-react-components\\lib\\components\\atoms\\Tag\\types\\index.js":{"path":"C:\\Users\\amajain3\\Documents\\atomic-react-components\\lib\\components\\atoms\\Tag\\types\\index.js","statementMap":{},"fnMap":{},"branchMap":{},"s":{},"f":{},"b":{},"hash":"fda49853b1d66cac3b263fccdbddd7627853770b"},"C:\\Users\\amajain3\\Documents\\atomic-react-components\\lib\\components\\molecules\\Tabs\\types\\index.js":{"path":"C:\\Users\\amajain3\\Documents\\atomic-react-components\\lib\\components\\molecules\\Tabs\\types\\index.js","statementMap":{},"fnMap":{},"branchMap":{},"s":{},"f":{},"b":{},"hash":"69fe34562199a133a21379379d5d44937bbc7ab1"},"C:\\Users\\amajain3\\Documents\\atomic-react-components\\lib\\components\\molecules\\Table\\types\\index.js":{"path":"C:\\Users\\amajain3\\Documents\\atomic-react-components\\lib\\components\\molecules\\Table\\types\\index.js","statementMap":{},"fnMap":{},"branchMap":{},"s":{},"f":{},"b":{},"hash":"0650bd4daf8b7cfc38c75082906f806de137ce22"},"C:\\Users\\amajain3\\Documents\\atomic-react-components\\lib\\components\\molecules\\Toast\\types\\index.js":{"path":"C:\\Users\\amajain3\\Documents\\atomic-react-components\\lib\\components\\molecules\\Toast\\types\\index.js","statementMap":{},"fnMap":{},"branchMap":{},"s":{},"f":{},"b":{},"hash":"e7d05d11bcb3adc44d3554e30990c462762e9f70"},"C:\\Users\\amajain3\\Documents\\atomic-react-components\\lib\\components\\molecules\\Typeahead\\types\\index.js":{"path":"C:\\Users\\amajain3\\Documents\\atomic-react-components\\lib\\components\\molecules\\Typeahead\\types\\index.js","statementMap":{},"fnMap":{},"branchMap":{},"s":{},"f":{},"b":{},"hash":"7a51935ad28c9e5b1575e739549d6354ec84828c"},"C:\\Users\\amajain3\\Documents\\atomic-react-components\\lib\\components\\molecules\\Form\\DragDropInput\\types\\index.js":{"path":"C:\\Users\\amajain3\\Documents\\atomic-react-components\\lib\\components\\molecules\\Form\\DragDropInput\\types\\index.js","statementMap":{},"fnMap":{},"branchMap":{},"s":{},"f":{},"b":{},"hash":"338ab50cd60798bb5558a1211e93dcdf4edb7ad4"},"C:\\Users\\amajain3\\Documents\\atomic-react-components\\lib\\components\\atoms\\Track\\types\\index.js":{"path":"C:\\Users\\amajain3\\Documents\\atomic-react-components\\lib\\components\\atoms\\Track\\types\\index.js","statementMap":{},"fnMap":{},"branchMap":{},"s":{},"f":{},"b":{},"hash":"39be90d05732f2bef377c96f37161634901210ee"},"C:\\Users\\amajain3\\Documents\\atomic-react-components\\lib\\components\\molecules\\Form\\FieldToggle\\types\\index.js":{"path":"C:\\Users\\amajain3\\Documents\\atomic-react-components\\lib\\components\\molecules\\Form\\FieldToggle\\types\\index.js","statementMap":{},"fnMap":{},"branchMap":{},"s":{},"f":{},"b":{},"hash":"f7879530d6739589e1e6d2de9a166e9c4890bbbc"},"C:\\Users\\amajain3\\Documents\\atomic-react-components\\lib\\components\\molecules\\Form\\FieldFileInput\\types\\index.js":{"path":"C:\\Users\\amajain3\\Documents\\atomic-react-components\\lib\\components\\molecules\\Form\\FieldFileInput\\types\\index.js","statementMap":{},"fnMap":{},"branchMap":{},"s":{},"f":{},"b":{},"hash":"83534688f7b39711a512051ce96624db5f8d3714"}}}