{
  "numFailedTestSuites": 0,
  "numFailedTests": 0,
  "numPassedTestSuites": 43,
  "numPassedTests": 179,
  "numPendingTestSuites": 0,
  "numPendingTests": 0,
  "numRuntimeErrorTestSuites": 0,
  "numTodoTests": 0,
  "numTotalTestSuites": 43,
  "numTotalTests": 179,
  "openHandles": [],
  "snapshot": {
    "added": 0,
    "didUpdate": true,
    "failure": false,
    "filesAdded": 0,
    "filesRemoved": 0,
    "filesRemovedList": [],
    "filesUnmatched": 0,
    "filesUpdated": 0,
    "matched": 50,
    "total": 50,
    "unchecked": 0,
    "uncheckedKeysByFile": [],
    "unmatched": 0,
    "updated": 0
  },
  "startTime": 1577790539460,
  "success": true,
  "testResults": [
    {
      "assertionResults": [
        {
          "ancestorTitles": ["Table"],
          "failureMessages": [],
          "fullName": "Table should render correctly",
          "location": null,
          "status": "passed",
          "title": "should render correctly"
        },
        {
          "ancestorTitles": ["Table"],
          "failureMessages": [],
          "fullName": "Table should have table component",
          "location": null,
          "status": "passed",
          "title": "should have table component"
        },
        {
          "ancestorTitles": ["Table"],
          "failureMessages": [],
          "fullName": "Table should have thead component",
          "location": null,
          "status": "passed",
          "title": "should have thead component"
        },
        {
          "ancestorTitles": ["Table"],
          "failureMessages": [],
          "fullName": "Table should have tbody component",
          "location": null,
          "status": "passed",
          "title": "should have tbody component"
        },
        {
          "ancestorTitles": ["Table"],
          "failureMessages": [],
          "fullName": "Table should have th is equal to number of columns",
          "location": null,
          "status": "passed",
          "title": "should have th is equal to number of columns"
        },
        {
          "ancestorTitles": ["Table"],
          "failureMessages": [],
          "fullName": "Table should have tr is equal to number of data rows",
          "location": null,
          "status": "passed",
          "title": "should have tr is equal to number of data rows"
        },
        {
          "ancestorTitles": ["Table"],
          "failureMessages": [],
          "fullName": "Table should loop through each row and check the content",
          "location": null,
          "status": "passed",
          "title": "should loop through each row and check the content"
        }
      ],
      "endTime": 1577790544662,
      "message": "",
      "name": "/Users/visjha/Desktop/learning/learning-in-project/atomic-react-components/lib/components/molecules/Table/tests/Table.test.js",
      "startTime": 1577790543185,
      "status": "passed",
      "summary": ""
    },
    {
      "assertionResults": [
        {
          "ancestorTitles": ["<Typeahead />"],
          "failureMessages": [],
          "fullName": "<Typeahead /> should render correctly",
          "location": null,
          "status": "passed",
          "title": "should render correctly"
        },
        {
          "ancestorTitles": ["<Typeahead />"],
          "failureMessages": [],
          "fullName": "<Typeahead /> should render .typeahead-component correctly",
          "location": null,
          "status": "passed",
          "title": "should render .typeahead-component correctly"
        },
        {
          "ancestorTitles": ["<Typeahead />"],
          "failureMessages": [],
          "fullName": "<Typeahead /> should render label correctly",
          "location": null,
          "status": "passed",
          "title": "should render label correctly"
        },
        {
          "ancestorTitles": ["<Typeahead />"],
          "failureMessages": [],
          "fullName": "<Typeahead /> should render input correctly",
          "location": null,
          "status": "passed",
          "title": "should render input correctly"
        },
        {
          "ancestorTitles": ["<Typeahead />"],
          "failureMessages": [],
          "fullName": "<Typeahead /> should render search type input correctly",
          "location": null,
          "status": "passed",
          "title": "should render search type input correctly"
        },
        {
          "ancestorTitles": ["<Typeahead />"],
          "failureMessages": [],
          "fullName": "<Typeahead /> should not render List by default",
          "location": null,
          "status": "passed",
          "title": "should not render List by default"
        },
        {
          "ancestorTitles": ["<Typeahead />"],
          "failureMessages": [],
          "fullName": "<Typeahead /> should render onchange event",
          "location": null,
          "status": "passed",
          "title": "should render onchange event"
        },
        {
          "ancestorTitles": ["<Typeahead />"],
          "failureMessages": [],
          "fullName": "<Typeahead /> should render input only 1s",
          "location": null,
          "status": "passed",
          "title": "should render input only 1s"
        },
        {
          "ancestorTitles": ["<Typeahead />"],
          "failureMessages": [],
          "fullName": "<Typeahead /> should render label only 1s",
          "location": null,
          "status": "passed",
          "title": "should render label only 1s"
        },
        {
          "ancestorTitles": ["<Typeahead />"],
          "failureMessages": [],
          "fullName": "<Typeahead /> should not render list item",
          "location": null,
          "status": "passed",
          "title": "should not render list item"
        },
        {
          "ancestorTitles": ["<Typeahead />"],
          "failureMessages": [],
          "fullName": "<Typeahead /> should show list",
          "location": null,
          "status": "passed",
          "title": "should show list"
        },
        {
          "ancestorTitles": ["<Typeahead />"],
          "failureMessages": [],
          "fullName": "<Typeahead /> should return single list item",
          "location": null,
          "status": "passed",
          "title": "should return single list item"
        },
        {
          "ancestorTitles": ["<Typeahead />"],
          "failureMessages": [],
          "fullName": "<Typeahead /> should select particular list item by click",
          "location": null,
          "status": "passed",
          "title": "should select particular list item by click"
        },
        {
          "ancestorTitles": ["<Typeahead />"],
          "failureMessages": [],
          "fullName": "<Typeahead /> should render span with id `initInstr`",
          "location": null,
          "status": "passed",
          "title": "should render span with id `initInstr`"
        },
        {
          "ancestorTitles": ["<Typeahead />"],
          "failureMessages": [],
          "fullName": "<Typeahead /> should render the input with `aria-autocomplete`",
          "location": null,
          "status": "passed",
          "title": "should render the input with `aria-autocomplete`"
        },
        {
          "ancestorTitles": ["<Typeahead />"],
          "failureMessages": [],
          "fullName": "<Typeahead /> should render the input with `aria-activedescendant`",
          "location": null,
          "status": "passed",
          "title": "should render the input with `aria-activedescendant`"
        },
        {
          "ancestorTitles": ["<Typeahead />"],
          "failureMessages": [],
          "fullName": "<Typeahead /> should render the input with `aria-describedby`",
          "location": null,
          "status": "passed",
          "title": "should render the input with `aria-describedby`"
        },
        {
          "ancestorTitles": ["<Typeahead />"],
          "failureMessages": [],
          "fullName": "<Typeahead /> should render the list items with `role=\"option\"`",
          "location": null,
          "status": "passed",
          "title": "should render the list items with `role=\"option\"`"
        },
        {
          "ancestorTitles": ["<Typeahead />"],
          "failureMessages": [],
          "fullName": "<Typeahead /> should render the list items with `aria-selected`",
          "location": null,
          "status": "passed",
          "title": "should render the list items with `aria-selected`"
        },
        {
          "ancestorTitles": ["<Typeahead />"],
          "failureMessages": [],
          "fullName": "<Typeahead /> should render the list items with `id=\"selectedOption\"`",
          "location": null,
          "status": "passed",
          "title": "should render the list items with `id=\"selectedOption\"`"
        },
        {
          "ancestorTitles": ["<Typeahead />"],
          "failureMessages": [],
          "fullName": "<Typeahead /> should render the list items with `id=\"selectedOption\"`",
          "location": null,
          "status": "passed",
          "title": "should render the list items with `id=\"selectedOption\"`"
        }
      ],
      "endTime": 1577790544724,
      "message": "",
      "name": "/Users/visjha/Desktop/learning/learning-in-project/atomic-react-components/lib/components/molecules/Typeahead/tests/Typeahead.test.js",
      "startTime": 1577790543028,
      "status": "passed",
      "summary": ""
    },
    {
      "assertionResults": [
        {
          "ancestorTitles": ["FieldInput Component"],
          "failureMessages": [],
          "fullName": "FieldInput Component should render correctly",
          "location": null,
          "status": "passed",
          "title": "should render correctly"
        },
        {
          "ancestorTitles": ["FieldInput Component"],
          "failureMessages": [],
          "fullName": "FieldInput Component should render button with type = \"button\".",
          "location": null,
          "status": "passed",
          "title": "should render button with type = \"button\"."
        },
        {
          "ancestorTitles": ["FieldInput Component"],
          "failureMessages": [],
          "fullName": "FieldInput Component should render 1st button with theme prop type, tertiary",
          "location": null,
          "status": "passed",
          "title": "should render 1st button with theme prop type, tertiary"
        },
        {
          "ancestorTitles": ["FieldInput Component"],
          "failureMessages": [],
          "fullName": "FieldInput Component should render 2nd button with theme prop type, primary",
          "location": null,
          "status": "passed",
          "title": "should render 2nd button with theme prop type, primary"
        },
        {
          "ancestorTitles": ["FieldInput Component"],
          "failureMessages": [],
          "fullName": "FieldInput Component should match the button text rendered",
          "location": null,
          "status": "passed",
          "title": "should match the button text rendered"
        },
        {
          "ancestorTitles": ["FieldInput Component"],
          "failureMessages": [],
          "fullName": "FieldInput Component should match the button text rendered for second button",
          "location": null,
          "status": "passed",
          "title": "should match the button text rendered for second button"
        },
        {
          "ancestorTitles": ["FieldInput Component"],
          "failureMessages": [],
          "fullName": "FieldInput Component should match the label rendered correctly.",
          "location": null,
          "status": "passed",
          "title": "should match the label rendered correctly."
        },
        {
          "ancestorTitles": ["FieldInput Component"],
          "failureMessages": [],
          "fullName": "FieldInput Component should match the input rendered correctly.",
          "location": null,
          "status": "passed",
          "title": "should match the input rendered correctly."
        },
        {
          "ancestorTitles": ["FieldInput Component"],
          "failureMessages": [],
          "fullName": "FieldInput Component should match the input rendered correctly on change event simulation.",
          "location": null,
          "status": "passed",
          "title": "should match the input rendered correctly on change event simulation."
        },
        {
          "ancestorTitles": ["FieldInput Component"],
          "failureMessages": [],
          "fullName": "FieldInput Component should match the input rendered correctly on blur event simulation.",
          "location": null,
          "status": "passed",
          "title": "should match the input rendered correctly on blur event simulation."
        }
      ],
      "endTime": 1577790544719,
      "message": "",
      "name": "/Users/visjha/Desktop/learning/learning-in-project/atomic-react-components/lib/components/molecules/Form/FieldFileInput/tests/FieldFileInput.test.js",
      "startTime": 1577790543255,
      "status": "passed",
      "summary": ""
    },
    {
      "assertionResults": [
        {
          "ancestorTitles": ["DDFieldInput Component"],
          "failureMessages": [],
          "fullName": "DDFieldInput Component should render correctly",
          "location": null,
          "status": "passed",
          "title": "should render correctly"
        },
        {
          "ancestorTitles": ["DDFieldInput Component"],
          "failureMessages": [],
          "fullName": "DDFieldInput Component should render Input component with proper type for multiple file upload.",
          "location": null,
          "status": "passed",
          "title": "should render Input component with proper type for multiple file upload."
        },
        {
          "ancestorTitles": ["DDFieldInput Component"],
          "failureMessages": [],
          "fullName": "DDFieldInput Component should render the component with prop correctly",
          "location": null,
          "status": "passed",
          "title": "should render the component with prop correctly"
        },
        {
          "ancestorTitles": ["DDFieldInput Component"],
          "failureMessages": [],
          "fullName": "DDFieldInput Component should match the input rendered correctly on change event simulation.",
          "location": null,
          "status": "passed",
          "title": "should match the input rendered correctly on change event simulation."
        },
        {
          "ancestorTitles": ["DDFieldInput Component"],
          "failureMessages": [],
          "fullName": "DDFieldInput Component should match the input rendered correctly on blur event simulation.",
          "location": null,
          "status": "passed",
          "title": "should match the input rendered correctly on blur event simulation."
        },
        {
          "ancestorTitles": ["testing the custom hook methods for drag and drop"],
          "failureMessages": [],
          "fullName": "testing the custom hook methods for drag and drop should simulate file upload and return array",
          "location": null,
          "status": "passed",
          "title": "should simulate file upload and return array"
        },
        {
          "ancestorTitles": ["testing the custom hook methods for drag and drop"],
          "failureMessages": [],
          "fullName": "testing the custom hook methods for drag and drop should make highlight as true on drag over as mouse enters draggable area",
          "location": null,
          "status": "passed",
          "title": "should make highlight as true on drag over as mouse enters draggable area"
        },
        {
          "ancestorTitles": ["testing the custom hook methods for drag and drop"],
          "failureMessages": [],
          "fullName": "testing the custom hook methods for drag and drop should make highlight as false on drag leave as mouse leaves draggable area",
          "location": null,
          "status": "passed",
          "title": "should make highlight as false on drag leave as mouse leaves draggable area"
        },
        {
          "ancestorTitles": ["testing the custom hook methods for drag and drop"],
          "failureMessages": [],
          "fullName": "testing the custom hook methods for drag and drop should test the files addition handler when file(s) are uploaded.",
          "location": null,
          "status": "passed",
          "title": "should test the files addition handler when file(s) are uploaded."
        },
        {
          "ancestorTitles": ["testing the custom hook methods for drag and drop"],
          "failureMessages": [],
          "fullName": "testing the custom hook methods for drag and drop should apply highlight when cursor moves draggable area.",
          "location": null,
          "status": "passed",
          "title": "should apply highlight when cursor moves draggable area."
        },
        {
          "ancestorTitles": ["testing the custom hook methods for drag and drop"],
          "failureMessages": [],
          "fullName": "testing the custom hook methods for drag and drop should apply highlight when cursor moves draggable area.",
          "location": null,
          "status": "passed",
          "title": "should apply highlight when cursor moves draggable area."
        }
      ],
      "endTime": 1577790545071,
      "message": "",
      "name": "/Users/visjha/Desktop/learning/learning-in-project/atomic-react-components/lib/components/molecules/Form/DragDropInput/tests/DragDropInput.test.js",
      "startTime": 1577790543140,
      "status": "passed",
      "summary": ""
    },
    {
      "assertionResults": [
        {
          "ancestorTitles": ["FieldInput Component"],
          "failureMessages": [],
          "fullName": "FieldInput Component should render correctly",
          "location": null,
          "status": "passed",
          "title": "should render correctly"
        },
        {
          "ancestorTitles": ["FieldInput Component"],
          "failureMessages": [],
          "fullName": "FieldInput Component should render label correctly",
          "location": null,
          "status": "passed",
          "title": "should render label correctly"
        },
        {
          "ancestorTitles": ["FieldInput Component"],
          "failureMessages": [],
          "fullName": "FieldInput Component should render Input component with proper type",
          "location": null,
          "status": "passed",
          "title": "should render Input component with proper type"
        }
      ],
      "endTime": 1577790545139,
      "message": "",
      "name": "/Users/visjha/Desktop/learning/learning-in-project/atomic-react-components/lib/components/molecules/Form/FieldInput/tests/FieldInput.test.js",
      "startTime": 1577790543102,
      "status": "passed",
      "summary": ""
    },
    {
      "assertionResults": [
        {
          "ancestorTitles": ["<Tabs />"],
          "failureMessages": [],
          "fullName": "<Tabs /> should render correctly",
          "location": null,
          "status": "passed",
          "title": "should render correctly"
        },
        {
          "ancestorTitles": ["<Tabs /> functional behavior"],
          "failureMessages": [],
          "fullName": "<Tabs /> functional behavior should have minimum dom structure for the tests below",
          "location": null,
          "status": "passed",
          "title": "should have minimum dom structure for the tests below"
        },
        {
          "ancestorTitles": ["<Tabs /> functional behavior"],
          "failureMessages": [],
          "fullName": "<Tabs /> functional behavior should change the tab panel and execute callback on closed tab click",
          "location": null,
          "status": "passed",
          "title": "should change the tab panel and execute callback on closed tab click"
        }
      ],
      "endTime": 1577790545743,
      "message": "",
      "name": "/Users/visjha/Desktop/learning/learning-in-project/atomic-react-components/lib/components/molecules/Tabs/tests/Tabs.test.js",
      "startTime": 1577790545226,
      "status": "passed",
      "summary": ""
    },
    {
      "assertionResults": [
        {
          "ancestorTitles": ["FieldInput Component"],
          "failureMessages": [],
          "fullName": "FieldInput Component should render correctly",
          "location": null,
          "status": "passed",
          "title": "should render correctly"
        },
        {
          "ancestorTitles": ["FieldInput Component"],
          "failureMessages": [],
          "fullName": "FieldInput Component should render label correctly",
          "location": null,
          "status": "passed",
          "title": "should render label correctly"
        },
        {
          "ancestorTitles": ["FieldInput Component"],
          "failureMessages": [],
          "fullName": "FieldInput Component should render select tag",
          "location": null,
          "status": "passed",
          "title": "should render select tag"
        }
      ],
      "endTime": 1577790545914,
      "message": "",
      "name": "/Users/visjha/Desktop/learning/learning-in-project/atomic-react-components/lib/components/molecules/Form/FieldSelect/tests/FieldSelect.test.js",
      "startTime": 1577790545275,
      "status": "passed",
      "summary": ""
    },
    {
      "assertionResults": [
        {
          "ancestorTitles": ["<QuoteMedia />"],
          "failureMessages": [],
          "fullName": "<QuoteMedia /> Should have component heading being displayed",
          "location": null,
          "status": "passed",
          "title": "Should have component heading being displayed"
        },
        {
          "ancestorTitles": ["<QuoteMedia />"],
          "failureMessages": [],
          "fullName": "<QuoteMedia /> Should allow quote component passing",
          "location": null,
          "status": "passed",
          "title": "Should allow quote component passing"
        },
        {
          "ancestorTitles": ["<QuoteMedia />"],
          "failureMessages": [],
          "fullName": "<QuoteMedia /> Should render media Image in component body",
          "location": null,
          "status": "passed",
          "title": "Should render media Image in component body"
        },
        {
          "ancestorTitles": ["<QuoteMedia />"],
          "failureMessages": [],
          "fullName": "<QuoteMedia /> Should render correctly",
          "location": null,
          "status": "passed",
          "title": "Should render correctly"
        }
      ],
      "endTime": 1577790545937,
      "message": "",
      "name": "/Users/visjha/Desktop/learning/learning-in-project/atomic-react-components/lib/components/molecules/QuoteMedia/tests/QuoteMedia.test.js",
      "startTime": 1577790545520,
      "status": "passed",
      "summary": ""
    },
    {
      "assertionResults": [
        {
          "ancestorTitles": ["<Video />"],
          "failureMessages": [],
          "fullName": "<Video /> should have video tag",
          "location": null,
          "status": "passed",
          "title": "should have video tag"
        },
        {
          "ancestorTitles": ["<Video />"],
          "failureMessages": [],
          "fullName": "<Video /> should have source tag in video",
          "location": null,
          "status": "passed",
          "title": "should have source tag in video"
        },
        {
          "ancestorTitles": ["<Video />"],
          "failureMessages": [],
          "fullName": "<Video /> should have src attribute in source tag",
          "location": null,
          "status": "passed",
          "title": "should have src attribute in source tag"
        },
        {
          "ancestorTitles": ["<Video />"],
          "failureMessages": [],
          "fullName": "<Video /> should not be autoplay",
          "location": null,
          "status": "passed",
          "title": "should not be autoplay"
        },
        {
          "ancestorTitles": ["<Video />"],
          "failureMessages": [],
          "fullName": "<Video /> should not have track element only should have Track component",
          "location": null,
          "status": "passed",
          "title": "should not have track element only should have Track component"
        },
        {
          "ancestorTitles": ["<Video />"],
          "failureMessages": [],
          "fullName": "<Video /> should have children",
          "location": null,
          "status": "passed",
          "title": "should have children"
        },
        {
          "ancestorTitles": ["<Video />"],
          "failureMessages": [],
          "fullName": "<Video /> track component without data",
          "location": null,
          "status": "passed",
          "title": "track component without data"
        },
        {
          "ancestorTitles": ["<Video />"],
          "failureMessages": [],
          "fullName": "<Video /> should render correctly",
          "location": null,
          "status": "passed",
          "title": "should render correctly"
        }
      ],
      "endTime": 1577790546030,
      "message": "",
      "name": "/Users/visjha/Desktop/learning/learning-in-project/atomic-react-components/lib/components/atoms/Video/tests/Video.test.js",
      "startTime": 1577790545559,
      "status": "passed",
      "summary": ""
    },
    {
      "assertionResults": [
        {
          "ancestorTitles": ["<StickyBar />"],
          "failureMessages": [],
          "fullName": "<StickyBar /> should render the List Component",
          "location": null,
          "status": "passed",
          "title": "should render the List Component"
        },
        {
          "ancestorTitles": ["<StickyBar />"],
          "failureMessages": [],
          "fullName": "<StickyBar /> should render correctly",
          "location": null,
          "status": "passed",
          "title": "should render correctly"
        }
      ],
      "endTime": 1577790546442,
      "message": "",
      "name": "/Users/visjha/Desktop/learning/learning-in-project/atomic-react-components/lib/components/molecules/StickyBar/tests/StickyBar.test.js",
      "startTime": 1577790546193,
      "status": "passed",
      "summary": ""
    },
    {
      "assertionResults": [
        {
          "ancestorTitles": ["Modal Component"],
          "failureMessages": [],
          "fullName": "Modal Component should render Modal correctly",
          "location": null,
          "status": "passed",
          "title": "should render Modal correctly"
        }
      ],
      "endTime": 1577790546607,
      "message": "",
      "name": "/Users/visjha/Desktop/learning/learning-in-project/atomic-react-components/lib/components/molecules/Modal/tests/Modal.test.js",
      "startTime": 1577790546367,
      "status": "passed",
      "summary": ""
    },
    {
      "assertionResults": [
        {
          "ancestorTitles": ["<Tag />"],
          "failureMessages": [],
          "fullName": "<Tag /> should render correctly",
          "location": null,
          "status": "passed",
          "title": "should render correctly"
        },
        {
          "ancestorTitles": ["<Tag />"],
          "failureMessages": [],
          "fullName": "<Tag /> should render provided text",
          "location": null,
          "status": "passed",
          "title": "should render provided text"
        },
        {
          "ancestorTitles": ["<Tag />"],
          "failureMessages": [],
          "fullName": "<Tag /> should control remove button availability through prop",
          "location": null,
          "status": "passed",
          "title": "should control remove button availability through prop"
        },
        {
          "ancestorTitles": ["<Tag />"],
          "failureMessages": [],
          "fullName": "<Tag /> should call parent method on remove if available",
          "location": null,
          "status": "passed",
          "title": "should call parent method on remove if available"
        }
      ],
      "endTime": 1577790546667,
      "message": "",
      "name": "/Users/visjha/Desktop/learning/learning-in-project/atomic-react-components/lib/components/atoms/Tag/tests/Tag.test.js",
      "startTime": 1577790546389,
      "status": "passed",
      "summary": ""
    },
    {
      "assertionResults": [
        {
          "ancestorTitles": ["<FieldToggle />"],
          "failureMessages": [],
          "fullName": "<FieldToggle /> should render correctly",
          "location": null,
          "status": "passed",
          "title": "should render correctly"
        },
        {
          "ancestorTitles": ["<FieldToggle />"],
          "failureMessages": [],
          "fullName": "<FieldToggle /> should render label correctly",
          "location": null,
          "status": "passed",
          "title": "should render label correctly"
        },
        {
          "ancestorTitles": ["<FieldToggle />"],
          "failureMessages": [],
          "fullName": "<FieldToggle /> should render label with Value correctly",
          "location": null,
          "status": "passed",
          "title": "should render label with Value correctly"
        },
        {
          "ancestorTitles": ["<FieldToggle />"],
          "failureMessages": [],
          "fullName": "<FieldToggle /> should render input correctly",
          "location": null,
          "status": "passed",
          "title": "should render input correctly"
        },
        {
          "ancestorTitles": ["<FieldToggle />"],
          "failureMessages": [],
          "fullName": "<FieldToggle /> should render disabled input",
          "location": null,
          "status": "passed",
          "title": "should render disabled input"
        },
        {
          "ancestorTitles": ["<FieldToggle />"],
          "failureMessages": [],
          "fullName": "<FieldToggle /> should tigger click event with toggle Value",
          "location": null,
          "status": "passed",
          "title": "should tigger click event with toggle Value"
        },
        {
          "ancestorTitles": ["<FieldToggle />"],
          "failureMessages": [],
          "fullName": "<FieldToggle /> should render Indicator On",
          "location": null,
          "status": "passed",
          "title": "should render Indicator On"
        },
        {
          "ancestorTitles": ["<FieldToggle />"],
          "failureMessages": [],
          "fullName": "<FieldToggle /> should tigger handleToggleCallback function",
          "location": null,
          "status": "passed",
          "title": "should tigger handleToggleCallback function"
        }
      ],
      "endTime": 1577790546758,
      "message": "",
      "name": "/Users/visjha/Desktop/learning/learning-in-project/atomic-react-components/lib/components/molecules/Form/FieldToggle/tests/FieldToggle.test.js",
      "startTime": 1577790543136,
      "status": "passed",
      "summary": ""
    },
    {
      "assertionResults": [
        {
          "ancestorTitles": ["<Breadcrumb />"],
          "failureMessages": [],
          "fullName": "<Breadcrumb /> should render correctly",
          "location": null,
          "status": "passed",
          "title": "should render correctly"
        }
      ],
      "endTime": 1577790546856,
      "message": "",
      "name": "/Users/visjha/Desktop/learning/learning-in-project/atomic-react-components/lib/components/molecules/Breadcrumb/tests/Breadcrumb.test.js",
      "startTime": 1577790545180,
      "status": "passed",
      "summary": ""
    },
    {
      "assertionResults": [
        {
          "ancestorTitles": ["Form Component"],
          "failureMessages": [],
          "fullName": "Form Component should render select tag correctly",
          "location": null,
          "status": "passed",
          "title": "should render select tag correctly"
        },
        {
          "ancestorTitles": ["Form Component"],
          "failureMessages": [],
          "fullName": "Form Component should render input text field",
          "location": null,
          "status": "passed",
          "title": "should render input text field"
        },
        {
          "ancestorTitles": ["Form Component"],
          "failureMessages": [],
          "fullName": "Form Component should render select field",
          "location": null,
          "status": "passed",
          "title": "should render select field"
        },
        {
          "ancestorTitles": ["Form Component"],
          "failureMessages": [],
          "fullName": "Form Component should render input field with yupValidationSchema",
          "location": null,
          "status": "passed",
          "title": "should render input field with yupValidationSchema"
        },
        {
          "ancestorTitles": ["Form Component"],
          "failureMessages": [],
          "fullName": "Form Component should render input field with no validation",
          "location": null,
          "status": "passed",
          "title": "should render input field with no validation"
        },
        {
          "ancestorTitles": ["Form Component"],
          "failureMessages": [],
          "fullName": "Form Component getSchema should return null if no params are passed",
          "location": null,
          "status": "passed",
          "title": "getSchema should return null if no params are passed"
        }
      ],
      "endTime": 1577790546911,
      "message": "",
      "name": "/Users/visjha/Desktop/learning/learning-in-project/atomic-react-components/lib/components/molecules/Form/tests/Form.test.js",
      "startTime": 1577790546177,
      "status": "passed",
      "summary": ""
    },
    {
      "assertionResults": [
        {
          "ancestorTitles": ["Input Component"],
          "failureMessages": [],
          "fullName": "Input Component should render correctly",
          "location": null,
          "status": "passed",
          "title": "should render correctly"
        },
        {
          "ancestorTitles": ["Input Component"],
          "failureMessages": [],
          "fullName": "Input Component should check the data attribute of input",
          "location": null,
          "status": "passed",
          "title": "should check the data attribute of input"
        },
        {
          "ancestorTitles": ["File Input Component -> Unit Testing"],
          "failureMessages": [],
          "fullName": "File Input Component -> Unit Testing should render file input component correctly",
          "location": null,
          "status": "passed",
          "title": "should render file input component correctly"
        },
        {
          "ancestorTitles": ["File Input Component -> Unit Testing"],
          "failureMessages": [],
          "fullName": "File Input Component -> Unit Testing should call function on click of the input field",
          "location": null,
          "status": "passed",
          "title": "should call function on click of the input field"
        },
        {
          "ancestorTitles": ["File Input Component -> Unit Testing"],
          "failureMessages": [],
          "fullName": "File Input Component -> Unit Testing should simulate click event of the input field",
          "location": null,
          "status": "passed",
          "title": "should simulate click event of the input field"
        },
        {
          "ancestorTitles": ["File Input Component -> Unit Testing"],
          "failureMessages": [],
          "fullName": "File Input Component -> Unit Testing should render with prop \"multiple\" to distinguish multiple or single file",
          "location": null,
          "status": "passed",
          "title": "should render with prop \"multiple\" to distinguish multiple or single file"
        },
        {
          "ancestorTitles": ["File Input Component -> Unit Testing"],
          "failureMessages": [],
          "fullName": "File Input Component -> Unit Testing should render input correctly",
          "location": null,
          "status": "passed",
          "title": "should render input correctly"
        }
      ],
      "endTime": 1577790547188,
      "message": "",
      "name": "/Users/visjha/Desktop/learning/learning-in-project/atomic-react-components/lib/components/atoms/Input/tests/Input.test.js",
      "startTime": 1577790546774,
      "status": "passed",
      "summary": ""
    },
    {
      "assertionResults": [
        {
          "ancestorTitles": ["<Toast />"],
          "failureMessages": [],
          "fullName": "<Toast /> <Toast />should render correctly",
          "location": null,
          "status": "passed",
          "title": "<Toast />should render correctly"
        },
        {
          "ancestorTitles": ["<Toast /> Component"],
          "failureMessages": [],
          "fullName": "<Toast /> Component is rendering root div,if isVisible prop is true ",
          "location": null,
          "status": "passed",
          "title": "is rendering root div,if isVisible prop is true "
        },
        {
          "ancestorTitles": ["<Toast /> Component"],
          "failureMessages": [],
          "fullName": "<Toast /> Component not rendering root div,if isVisible prop is false",
          "location": null,
          "status": "passed",
          "title": "not rendering root div,if isVisible prop is false"
        },
        {
          "ancestorTitles": ["<Toast /> Component"],
          "failureMessages": [],
          "fullName": "<Toast /> Component is rendering all necessary elements rendered if isVisible prop is true",
          "location": null,
          "status": "passed",
          "title": "is rendering all necessary elements rendered if isVisible prop is true"
        },
        {
          "ancestorTitles": ["<Toast /> Component"],
          "failureMessages": [],
          "fullName": "<Toast /> Component is rendering ProgressBar if autoDismissTimeout is set as 0",
          "location": null,
          "status": "passed",
          "title": "is rendering ProgressBar if autoDismissTimeout is set as 0"
        },
        {
          "ancestorTitles": ["<Toast /> Component"],
          "failureMessages": [],
          "fullName": "<Toast /> Component is rendering ProgressBar if autoDismissTimeout is set as 3000",
          "location": null,
          "status": "passed",
          "title": "is rendering ProgressBar if autoDismissTimeout is set as 3000"
        },
        {
          "ancestorTitles": ["<Toast /> Component"],
          "failureMessages": [],
          "fullName": "<Toast /> Component is rendering children ",
          "location": null,
          "status": "passed",
          "title": "is rendering children "
        },
        {
          "ancestorTitles": ["<Toast /> Component is checking effects on"],
          "failureMessages": [],
          "fullName": "<Toast /> Component is checking effects on onClick event, should dismiss the toast when clicking  on click of X button click",
          "location": null,
          "status": "passed",
          "title": "onClick event, should dismiss the toast when clicking  on click of X button click"
        },
        {
          "ancestorTitles": ["<Toast /> component useeffect hook for autodismiss"],
          "failureMessages": [],
          "fullName": "<Toast /> component useeffect hook for autodismiss autodismiss after timeout",
          "location": null,
          "status": "passed",
          "title": "autodismiss after timeout"
        }
      ],
      "endTime": 1577790547212,
      "message": "",
      "name": "/Users/visjha/Desktop/learning/learning-in-project/atomic-react-components/lib/components/molecules/Toast/tests/Toast.test.js",
      "startTime": 1577790542961,
      "status": "passed",
      "summary": ""
    },
    {
      "assertionResults": [
        {
          "ancestorTitles": ["Select Styled component"],
          "failureMessages": [],
          "fullName": "Select Styled component should render correctly",
          "location": null,
          "status": "passed",
          "title": "should render correctly"
        }
      ],
      "endTime": 1577790547382,
      "message": "",
      "name": "/Users/visjha/Desktop/learning/learning-in-project/atomic-react-components/lib/components/atoms/Textarea/tests/Textarea.style.test.js",
      "startTime": 1577790547057,
      "status": "passed",
      "summary": ""
    },
    {
      "assertionResults": [
        {
          "ancestorTitles": ["<Popover /> Rendering"],
          "failureMessages": [],
          "fullName": "<Popover /> Rendering should render correctly",
          "location": null,
          "status": "passed",
          "title": "should render correctly"
        },
        {
          "ancestorTitles": ["Popover functional behavior"],
          "failureMessages": [],
          "fullName": "Popover functional behavior Should have Close Button By Default and can be closed",
          "location": null,
          "status": "passed",
          "title": "Should have Close Button By Default and can be closed"
        },
        {
          "ancestorTitles": ["Popover functional behavior"],
          "failureMessages": [],
          "fullName": "Popover functional behavior Should open By Default when isVisible set to true",
          "location": null,
          "status": "passed",
          "title": "Should open By Default when isVisible set to true"
        },
        {
          "ancestorTitles": ["Popover functional behavior"],
          "failureMessages": [],
          "fullName": "Popover functional behavior Should open and close on Trigger and X button click",
          "location": null,
          "status": "passed",
          "title": "Should open and close on Trigger and X button click"
        }
      ],
      "endTime": 1577790547456,
      "message": "",
      "name": "/Users/visjha/Desktop/learning/learning-in-project/atomic-react-components/lib/components/molecules/Popover/tests/Popover.test.js",
      "startTime": 1577790547092,
      "status": "passed",
      "summary": ""
    },
    {
      "assertionResults": [
        {
          "ancestorTitles": ["FieldTextarea Component"],
          "failureMessages": [],
          "fullName": "FieldTextarea Component should render correctly",
          "location": null,
          "status": "passed",
          "title": "should render correctly"
        },
        {
          "ancestorTitles": ["FieldTextarea Component"],
          "failureMessages": [],
          "fullName": "FieldTextarea Component should render label correctly",
          "location": null,
          "status": "passed",
          "title": "should render label correctly"
        },
        {
          "ancestorTitles": ["FieldTextarea Component"],
          "failureMessages": [],
          "fullName": "FieldTextarea Component should render textarea tag",
          "location": null,
          "status": "passed",
          "title": "should render textarea tag"
        }
      ],
      "endTime": 1577790547611,
      "message": "",
      "name": "/Users/visjha/Desktop/learning/learning-in-project/atomic-react-components/lib/components/molecules/Form/FieldTextarea/tests/FieldTextarea.test.js",
      "startTime": 1577790547071,
      "status": "passed",
      "summary": ""
    },
    {
      "assertionResults": [
        {
          "ancestorTitles": ["Input Styled component"],
          "failureMessages": [],
          "fullName": "Input Styled component should render correctly",
          "location": null,
          "status": "passed",
          "title": "should render correctly"
        }
      ],
      "endTime": 1577790547722,
      "message": "",
      "name": "/Users/visjha/Desktop/learning/learning-in-project/atomic-react-components/lib/components/atoms/Input/tests/Input.style.test.js",
      "startTime": 1577790547433,
      "status": "passed",
      "summary": ""
    },
    {
      "assertionResults": [
        {
          "ancestorTitles": ["<TabPanel />"],
          "failureMessages": [],
          "fullName": "<TabPanel /> should render correctly",
          "location": null,
          "status": "passed",
          "title": "should render correctly"
        }
      ],
      "endTime": 1577790547765,
      "message": "",
      "name": "/Users/visjha/Desktop/learning/learning-in-project/atomic-react-components/lib/components/molecules/Tabs/TabPanel/tests/TabPanel.test.js",
      "startTime": 1577790547569,
      "status": "passed",
      "summary": ""
    },
    {
      "assertionResults": [
        {
          "ancestorTitles": ["Button Component"],
          "failureMessages": [],
          "fullName": "Button Component should render correctly",
          "location": null,
          "status": "passed",
          "title": "should render correctly"
        },
        {
          "ancestorTitles": ["Button Component"],
          "failureMessages": [],
          "fullName": "Button Component should render disabled",
          "location": null,
          "status": "passed",
          "title": "should render disabled"
        },
        {
          "ancestorTitles": ["Button Component"],
          "failureMessages": [],
          "fullName": "Button Component should render title element",
          "location": null,
          "status": "passed",
          "title": "should render title element"
        },
        {
          "ancestorTitles": ["Button Component"],
          "failureMessages": [],
          "fullName": "Button Component should render aria attribute element",
          "location": null,
          "status": "passed",
          "title": "should render aria attribute element"
        },
        {
          "ancestorTitles": ["Button Component"],
          "failureMessages": [],
          "fullName": "Button Component should check the data attribute of button",
          "location": null,
          "status": "passed",
          "title": "should check the data attribute of button"
        }
      ],
      "endTime": 1577790547918,
      "message": "",
      "name": "/Users/visjha/Desktop/learning/learning-in-project/atomic-react-components/lib/components/atoms/Button/tests/Button.test.js",
      "startTime": 1577790547482,
      "status": "passed",
      "summary": ""
    },
    {
      "assertionResults": [
        {
          "ancestorTitles": ["Heading Component"],
          "failureMessages": [],
          "fullName": "Heading Component should render correctly and match snapshot",
          "location": null,
          "status": "passed",
          "title": "should render correctly and match snapshot"
        },
        {
          "ancestorTitles": ["Heading Component"],
          "failureMessages": [],
          "fullName": "Heading Component should check the custom locator of heading",
          "location": null,
          "status": "passed",
          "title": "should check the custom locator of heading"
        },
        {
          "ancestorTitles": ["Heading Component"],
          "failureMessages": [],
          "fullName": "Heading Component should check the default locator of heading",
          "location": null,
          "status": "passed",
          "title": "should check the default locator of heading"
        }
      ],
      "endTime": 1577790548033,
      "message": "",
      "name": "/Users/visjha/Desktop/learning/learning-in-project/atomic-react-components/lib/components/atoms/Heading/tests/Heading.test.js",
      "startTime": 1577790547719,
      "status": "passed",
      "summary": ""
    },
    {
      "assertionResults": [
        {
          "ancestorTitles": ["Anchor Component"],
          "failureMessages": [],
          "fullName": "Anchor Component should render correctly and match snapshot",
          "location": null,
          "status": "passed",
          "title": "should render correctly and match snapshot"
        },
        {
          "ancestorTitles": ["Anchor Component"],
          "failureMessages": [],
          "fullName": "Anchor Component Should handle on typeahead focuson Events",
          "location": null,
          "status": "passed",
          "title": "Should handle on typeahead focuson Events"
        },
        {
          "ancestorTitles": ["Anchor Component"],
          "failureMessages": [],
          "fullName": "Anchor Component should check the data attribute of anchor",
          "location": null,
          "status": "passed",
          "title": "should check the data attribute of anchor"
        }
      ],
      "endTime": 1577790548095,
      "message": "",
      "name": "/Users/visjha/Desktop/learning/learning-in-project/atomic-react-components/lib/components/atoms/Anchor/tests/Anchor.test.js",
      "startTime": 1577790547827,
      "status": "passed",
      "summary": ""
    },
    {
      "assertionResults": [
        {
          "ancestorTitles": ["Para Component"],
          "failureMessages": [],
          "fullName": "Para Component should render correctly and match snapshot",
          "location": null,
          "status": "passed",
          "title": "should render correctly and match snapshot"
        },
        {
          "ancestorTitles": ["Para Component"],
          "failureMessages": [],
          "fullName": "Para Component should check the data attribute of para",
          "location": null,
          "status": "passed",
          "title": "should check the data attribute of para"
        }
      ],
      "endTime": 1577790548250,
      "message": "",
      "name": "/Users/visjha/Desktop/learning/learning-in-project/atomic-react-components/lib/components/atoms/Para/tests/Para.test.js",
      "startTime": 1577790547963,
      "status": "passed",
      "summary": ""
    },
    {
      "assertionResults": [
        {
          "ancestorTitles": ["Button"],
          "failureMessages": [],
          "fullName": "Button should render correctly",
          "location": null,
          "status": "passed",
          "title": "should render correctly"
        }
      ],
      "endTime": 1577790548363,
      "message": "",
      "name": "/Users/visjha/Desktop/learning/learning-in-project/atomic-react-components/lib/components/atoms/Button/tests/Button.style.test.js",
      "startTime": 1577790548128,
      "status": "passed",
      "summary": ""
    },
    {
      "assertionResults": [
        {
          "ancestorTitles": ["<ArticleThumbnail />"],
          "failureMessages": [],
          "fullName": "<ArticleThumbnail /> should render correctly with Readmore",
          "location": null,
          "status": "passed",
          "title": "should render correctly with Readmore"
        },
        {
          "ancestorTitles": ["<ArticleThumbnail />"],
          "failureMessages": [],
          "fullName": "<ArticleThumbnail /> should render correctly with full clickable thumb",
          "location": null,
          "status": "passed",
          "title": "should render correctly with full clickable thumb"
        }
      ],
      "endTime": 1577790548420,
      "message": "",
      "name": "/Users/visjha/Desktop/learning/learning-in-project/atomic-react-components/lib/components/molecules/ArticleThumbnail/tests/ArticleThumbnail.test.js",
      "startTime": 1577790548143,
      "status": "passed",
      "summary": ""
    },
    {
      "assertionResults": [
        {
          "ancestorTitles": ["<Icon />"],
          "failureMessages": [],
          "fullName": "<Icon /> should render correctly",
          "location": null,
          "status": "passed",
          "title": "should render correctly"
        },
        {
          "ancestorTitles": ["<Icon />"],
          "failureMessages": [],
          "fullName": "<Icon /> should have id",
          "location": null,
          "status": "passed",
          "title": "should have id"
        }
      ],
      "endTime": 1577790548568,
      "message": "",
      "name": "/Users/visjha/Desktop/learning/learning-in-project/atomic-react-components/lib/components/atoms/Icon/tests/Icon.test.js",
      "startTime": 1577790548292,
      "status": "passed",
      "summary": ""
    },
    {
      "assertionResults": [
        {
          "ancestorTitles": ["Select Styled component"],
          "failureMessages": [],
          "fullName": "Select Styled component should render correctly",
          "location": null,
          "status": "passed",
          "title": "should render correctly"
        }
      ],
      "endTime": 1577790548654,
      "message": "",
      "name": "/Users/visjha/Desktop/learning/learning-in-project/atomic-react-components/lib/components/atoms/Select/tests/Select.style.test.js",
      "startTime": 1577790548398,
      "status": "passed",
      "summary": ""
    },
    {
      "assertionResults": [
        {
          "ancestorTitles": ["<Blockquote />"],
          "failureMessages": [],
          "fullName": "<Blockquote /> should render blockquote",
          "location": null,
          "status": "passed",
          "title": "should render blockquote"
        },
        {
          "ancestorTitles": ["<Blockquote />"],
          "failureMessages": [],
          "fullName": "<Blockquote /> should render content",
          "location": null,
          "status": "passed",
          "title": "should render content"
        },
        {
          "ancestorTitles": ["<Blockquote />"],
          "failureMessages": [],
          "fullName": "<Blockquote /> check quoteContent value passed in",
          "location": null,
          "status": "passed",
          "title": "check quoteContent value passed in"
        },
        {
          "ancestorTitles": ["<Blockquote />"],
          "failureMessages": [],
          "fullName": "<Blockquote /> check quoteAuthor value passed in",
          "location": null,
          "status": "passed",
          "title": "check quoteAuthor value passed in"
        },
        {
          "ancestorTitles": ["<Blockquote />"],
          "failureMessages": [],
          "fullName": "<Blockquote /> should render author name",
          "location": null,
          "status": "passed",
          "title": "should render author name"
        },
        {
          "ancestorTitles": ["<Blockquote />"],
          "failureMessages": [],
          "fullName": "<Blockquote /> should render correctly",
          "location": null,
          "status": "passed",
          "title": "should render correctly"
        }
      ],
      "endTime": 1577790548749,
      "message": "",
      "name": "/Users/visjha/Desktop/learning/learning-in-project/atomic-react-components/lib/components/molecules/Blockquote/tests/Blockquote.test.js",
      "startTime": 1577790548474,
      "status": "passed",
      "summary": ""
    },
    {
      "assertionResults": [
        {
          "ancestorTitles": ["<Pagination />"],
          "failureMessages": [],
          "fullName": "<Pagination /> should render correctly",
          "location": null,
          "status": "passed",
          "title": "should render correctly"
        },
        {
          "ancestorTitles": ["<Pagination />"],
          "failureMessages": [],
          "fullName": "<Pagination /> should render `.pagination` component",
          "location": null,
          "status": "passed",
          "title": "should render `.pagination` component"
        },
        {
          "ancestorTitles": ["<Pagination />"],
          "failureMessages": [],
          "fullName": "<Pagination /> should render an `.last`",
          "location": null,
          "status": "passed",
          "title": "should render an `.last`"
        },
        {
          "ancestorTitles": ["<Pagination />"],
          "failureMessages": [],
          "fullName": "<Pagination /> should render an `.previous`",
          "location": null,
          "status": "passed",
          "title": "should render an `.previous`"
        },
        {
          "ancestorTitles": ["<Pagination />"],
          "failureMessages": [],
          "fullName": "<Pagination /> should render an `.next`",
          "location": null,
          "status": "passed",
          "title": "should render an `.next`"
        },
        {
          "ancestorTitles": ["<Pagination />"],
          "failureMessages": [],
          "fullName": "<Pagination /> should render a `firstLabel`",
          "location": null,
          "status": "passed",
          "title": "should render a `firstLabel`"
        },
        {
          "ancestorTitles": ["<Pagination />"],
          "failureMessages": [],
          "fullName": "<Pagination /> should render a `nextLabel`",
          "location": null,
          "status": "passed",
          "title": "should render a `nextLabel`"
        },
        {
          "ancestorTitles": ["<Pagination />"],
          "failureMessages": [],
          "fullName": "<Pagination /> should render a `lastLabel`",
          "location": null,
          "status": "passed",
          "title": "should render a `lastLabel`"
        },
        {
          "ancestorTitles": ["<Pagination />"],
          "failureMessages": [],
          "fullName": "<Pagination /> should render a `previousLabel`",
          "location": null,
          "status": "passed",
          "title": "should render a `previousLabel`"
        },
        {
          "ancestorTitles": ["<Pagination />"],
          "failureMessages": [],
          "fullName": "<Pagination /> should test click event on first button",
          "location": null,
          "status": "passed",
          "title": "should test click event on first button"
        },
        {
          "ancestorTitles": ["<Pagination />"],
          "failureMessages": [],
          "fullName": "<Pagination /> should test click event on next button",
          "location": null,
          "status": "passed",
          "title": "should test click event on next button"
        },
        {
          "ancestorTitles": ["<Pagination />"],
          "failureMessages": [],
          "fullName": "<Pagination /> should test click event on last button",
          "location": null,
          "status": "passed",
          "title": "should test click event on last button"
        },
        {
          "ancestorTitles": ["<Pagination />"],
          "failureMessages": [],
          "fullName": "<Pagination /> should test click event on previous button",
          "location": null,
          "status": "passed",
          "title": "should test click event on previous button"
        }
      ],
      "endTime": 1577790548877,
      "message": "",
      "name": "/Users/visjha/Desktop/learning/learning-in-project/atomic-react-components/lib/components/molecules/Pagination/tests/Pagination.test.js",
      "startTime": 1577790547083,
      "status": "passed",
      "summary": ""
    },
    {
      "assertionResults": [
        {
          "ancestorTitles": ["Image Component with styles"],
          "failureMessages": [],
          "fullName": "Image Component with styles should render correctly and match snapshots",
          "location": null,
          "status": "passed",
          "title": "should render correctly and match snapshots"
        },
        {
          "ancestorTitles": ["Image Component with styles"],
          "failureMessages": [],
          "fullName": "Image Component with styles should render correctly with lazy load",
          "location": null,
          "status": "passed",
          "title": "should render correctly with lazy load"
        }
      ],
      "endTime": 1577790548893,
      "message": "",
      "name": "/Users/visjha/Desktop/learning/learning-in-project/atomic-react-components/lib/components/atoms/Image/tests/Image.style.test.js",
      "startTime": 1577790548627,
      "status": "passed",
      "summary": ""
    },
    {
      "assertionResults": [
        {
          "ancestorTitles": ["<Textarea />"],
          "failureMessages": [],
          "fullName": "<Textarea /> should render correctly",
          "location": null,
          "status": "passed",
          "title": "should render correctly"
        },
        {
          "ancestorTitles": ["<Textarea />"],
          "failureMessages": [],
          "fullName": "<Textarea /> should check the data attribute of textarea",
          "location": null,
          "status": "passed",
          "title": "should check the data attribute of textarea"
        }
      ],
      "endTime": 1577790549016,
      "message": "",
      "name": "/Users/visjha/Desktop/learning/learning-in-project/atomic-react-components/lib/components/atoms/Textarea/tests/Textarea.test.js",
      "startTime": 1577790548720,
      "status": "passed",
      "summary": ""
    },
    {
      "assertionResults": [
        {
          "ancestorTitles": ["FieldError Component"],
          "failureMessages": [],
          "fullName": "FieldError Component should render correctly",
          "location": null,
          "status": "passed",
          "title": "should render correctly"
        },
        {
          "ancestorTitles": ["FieldError Component"],
          "failureMessages": [],
          "fullName": "FieldError Component should check the element locator of field error",
          "location": null,
          "status": "passed",
          "title": "should check the element locator of field error"
        },
        {
          "ancestorTitles": ["FieldError Component"],
          "failureMessages": [],
          "fullName": "FieldError Component should check the default slnid of field error",
          "location": null,
          "status": "passed",
          "title": "should check the default slnid of field error"
        }
      ],
      "endTime": 1577790549068,
      "message": "",
      "name": "/Users/visjha/Desktop/learning/learning-in-project/atomic-react-components/lib/components/atoms/FieldError/tests/FieldError.test.js",
      "startTime": 1577790548791,
      "status": "passed",
      "summary": ""
    },
    {
      "assertionResults": [
        {
          "ancestorTitles": ["Select Component"],
          "failureMessages": [],
          "fullName": "Select Component should render correctly",
          "location": null,
          "status": "passed",
          "title": "should render correctly"
        },
        {
          "ancestorTitles": ["Select Component"],
          "failureMessages": [],
          "fullName": "Select Component should check the data attribute of dropdown/select",
          "location": null,
          "status": "passed",
          "title": "should check the data attribute of dropdown/select"
        }
      ],
      "endTime": 1577790549248,
      "message": "",
      "name": "/Users/visjha/Desktop/learning/learning-in-project/atomic-react-components/lib/components/atoms/Select/tests/Select.test.js",
      "startTime": 1577790549061,
      "status": "passed",
      "summary": ""
    },
    {
      "assertionResults": [
        {
          "ancestorTitles": ["InputChoiceVanilla Component"],
          "failureMessages": [],
          "fullName": "InputChoiceVanilla Component should render Radio button correctly",
          "location": null,
          "status": "passed",
          "title": "should render Radio button correctly"
        },
        {
          "ancestorTitles": ["InputChoiceVanilla Component"],
          "failureMessages": [],
          "fullName": "InputChoiceVanilla Component should render checkbox correctly",
          "location": null,
          "status": "passed",
          "title": "should render checkbox correctly"
        },
        {
          "ancestorTitles": ["InputChoiceVanilla Component"],
          "failureMessages": [],
          "fullName": "InputChoiceVanilla Component should render disabled",
          "location": null,
          "status": "passed",
          "title": "should render disabled"
        },
        {
          "ancestorTitles": ["InputChoiceVanilla Component"],
          "failureMessages": [],
          "fullName": "InputChoiceVanilla Component should render checked",
          "location": null,
          "status": "passed",
          "title": "should render checked"
        }
      ],
      "endTime": 1577790549293,
      "message": "",
      "name": "/Users/visjha/Desktop/learning/learning-in-project/atomic-react-components/lib/components/molecules/InputChoice/tests/InputChoice.test.js",
      "startTime": 1577790548984,
      "status": "passed",
      "summary": ""
    },
    {
      "assertionResults": [
        {
          "ancestorTitles": ["<Tab />"],
          "failureMessages": [],
          "fullName": "<Tab /> should render correctly",
          "location": null,
          "status": "passed",
          "title": "should render correctly"
        }
      ],
      "endTime": 1577790549339,
      "message": "",
      "name": "/Users/visjha/Desktop/learning/learning-in-project/atomic-react-components/lib/components/molecules/Tabs/Tab/tests/Tab.test.js",
      "startTime": 1577790549100,
      "status": "passed",
      "summary": ""
    },
    {
      "assertionResults": [
        {
          "ancestorTitles": ["Debug"],
          "failureMessages": [],
          "fullName": "Debug should render correctly",
          "location": null,
          "status": "passed",
          "title": "should render correctly"
        }
      ],
      "endTime": 1577790549421,
      "message": "",
      "name": "/Users/visjha/Desktop/learning/learning-in-project/atomic-react-components/lib/components/molecules/Form/Debug/tests/Debug.test.js",
      "startTime": 1577790549242,
      "status": "passed",
      "summary": ""
    },
    {
      "assertionResults": [
        {
          "ancestorTitles": ["Label Component"],
          "failureMessages": [],
          "fullName": "Label Component should render correctly",
          "location": null,
          "status": "passed",
          "title": "should render correctly"
        },
        {
          "ancestorTitles": ["Label Component"],
          "failureMessages": [],
          "fullName": "Label Component should check the data attribute of label",
          "location": null,
          "status": "passed",
          "title": "should check the data attribute of label"
        }
      ],
      "endTime": 1577790549449,
      "message": "",
      "name": "/Users/visjha/Desktop/learning/learning-in-project/atomic-react-components/lib/components/atoms/Label/tests/Label.test.js",
      "startTime": 1577790549274,
      "status": "passed",
      "summary": ""
    },
    {
      "assertionResults": [
        {
          "ancestorTitles": ["<Track />"],
          "failureMessages": [],
          "fullName": "<Track /> should render correctly",
          "location": null,
          "status": "passed",
          "title": "should render correctly"
        }
      ],
      "endTime": 1577790549496,
      "message": "",
      "name": "/Users/visjha/Desktop/learning/learning-in-project/atomic-react-components/lib/components/atoms/Track/tests/Track.test.js",
      "startTime": 1577790549356,
      "status": "passed",
      "summary": ""
    },
    {
      "assertionResults": [
        {
          "ancestorTitles": ["Image Component"],
          "failureMessages": [],
          "fullName": "Image Component should render correctly and match snapshots",
          "location": null,
          "status": "passed",
          "title": "should render correctly and match snapshots"
        },
        {
          "ancestorTitles": ["Image Component"],
          "failureMessages": [],
          "fullName": "Image Component should change image src on error",
          "location": null,
          "status": "passed",
          "title": "should change image src on error"
        },
        {
          "ancestorTitles": ["Image Component"],
          "failureMessages": [],
          "fullName": "Image Component should check the data attribute of image",
          "location": null,
          "status": "passed",
          "title": "should check the data attribute of image"
        },
        {
          "ancestorTitles": ["Image Component"],
          "failureMessages": [],
          "fullName": "Image Component should check the default locator of image",
          "location": null,
          "status": "passed",
          "title": "should check the default locator of image"
        }
      ],
      "endTime": 1577790549503,
      "message": "",
      "name": "/Users/visjha/Desktop/learning/learning-in-project/atomic-react-components/lib/components/atoms/Image/tests/Image.test.js",
      "startTime": 1577790549337,
      "status": "passed",
      "summary": ""
    },
    {
      "assertionResults": [
        {
          "ancestorTitles": ["<List />"],
          "failureMessages": [],
          "fullName": "<List /> should render default view correctly",
          "location": null,
          "status": "passed",
          "title": "should render default view correctly"
        }
      ],
      "endTime": 1577790549602,
      "message": "",
      "name": "/Users/visjha/Desktop/learning/learning-in-project/atomic-react-components/lib/components/molecules/List/tests/List.test.js",
      "startTime": 1577790549502,
      "status": "passed",
      "summary": ""
    }
  ],
  "wasInterrupted": false,
  "coverageMap": {
    "/Users/visjha/Desktop/learning/learning-in-project/atomic-react-components/lib/components/molecules/Table/index.js": {
      "path": "/Users/visjha/Desktop/learning/learning-in-project/atomic-react-components/lib/components/molecules/Table/index.js",
      "statementMap": {},
      "fnMap": {},
      "branchMap": {},
      "s": {},
      "f": {},
      "b": {},
      "_coverageSchema": "43e27e138ebf9cfc5966b082cf9a028302ed4184",
      "hash": "9587864819f03e93b9f405be1e8e7bf89ad686fe"
    },
    "/Users/visjha/Desktop/learning/learning-in-project/atomic-react-components/lib/components/molecules/Table/Table.js": {
      "path": "/Users/visjha/Desktop/learning/learning-in-project/atomic-react-components/lib/components/molecules/Table/Table.js",
      "statementMap": {
        "0": { "start": { "line": 9, "column": 13 }, "end": { "line": 9, "column": 61 } },
        "1": { "start": { "line": 9, "column": 42 }, "end": { "line": 9, "column": 61 } },
        "2": { "start": { "line": 11, "column": 13 }, "end": { "line": 18, "column": 1 } },
        "3": { "start": { "line": 12, "column": 53 }, "end": { "line": 12, "column": 67 } },
        "4": { "start": { "line": 13, "column": 2 }, "end": { "line": 17, "column": 4 } },
        "5": { "start": { "line": 20, "column": 14 }, "end": { "line": 57, "column": 1 } },
        "6": { "start": { "line": 21, "column": 16 }, "end": { "line": 21, "column": 48 } },
        "7": { "start": { "line": 22, "column": 2 }, "end": { "line": 56, "column": 4 } },
        "8": { "start": { "line": 27, "column": 12 }, "end": { "line": 34, "column": 17 } },
        "9": { "start": { "line": 30, "column": 16 }, "end": { "line": 32, "column": 23 } },
        "10": { "start": { "line": 44, "column": 14 }, "end": { "line": 50, "column": 19 } },
        "11": { "start": { "line": 46, "column": 18 }, "end": { "line": 48, "column": 25 } },
        "12": { "start": { "line": 59, "column": 0 }, "end": { "line": 59, "column": 18 } },
        "13": { "start": { "line": 61, "column": 0 }, "end": { "line": 64, "column": 2 } }
      },
      "fnMap": {
        "0": {
          "name": "(anonymous_0)",
          "decl": { "start": { "line": 9, "column": 13 }, "end": { "line": 9, "column": 14 } },
          "loc": { "start": { "line": 9, "column": 42 }, "end": { "line": 9, "column": 61 } },
          "line": 9
        },
        "1": {
          "name": "(anonymous_1)",
          "decl": { "start": { "line": 11, "column": 13 }, "end": { "line": 11, "column": 14 } },
          "loc": { "start": { "line": 11, "column": 48 }, "end": { "line": 18, "column": 1 } },
          "line": 11
        },
        "2": {
          "name": "(anonymous_2)",
          "decl": { "start": { "line": 20, "column": 14 }, "end": { "line": 20, "column": 15 } },
          "loc": { "start": { "line": 20, "column": 81 }, "end": { "line": 57, "column": 1 } },
          "line": 20
        },
        "3": {
          "name": "(anonymous_3)",
          "decl": { "start": { "line": 26, "column": 21 }, "end": { "line": 26, "column": 22 } },
          "loc": { "start": { "line": 27, "column": 12 }, "end": { "line": 34, "column": 17 } },
          "line": 27
        },
        "4": {
          "name": "(anonymous_4)",
          "decl": { "start": { "line": 29, "column": 24 }, "end": { "line": 29, "column": 25 } },
          "loc": { "start": { "line": 30, "column": 16 }, "end": { "line": 32, "column": 23 } },
          "line": 30
        },
        "5": {
          "name": "(anonymous_5)",
          "decl": { "start": { "line": 43, "column": 22 }, "end": { "line": 43, "column": 23 } },
          "loc": { "start": { "line": 44, "column": 14 }, "end": { "line": 50, "column": 19 } },
          "line": 44
        },
        "6": {
          "name": "(anonymous_6)",
          "decl": { "start": { "line": 45, "column": 27 }, "end": { "line": 45, "column": 28 } },
          "loc": { "start": { "line": 46, "column": 18 }, "end": { "line": 48, "column": 25 } },
          "line": 46
        }
      },
      "branchMap": {
        "0": {
          "loc": { "start": { "line": 15, "column": 7 }, "end": { "line": 15, "column": 91 } },
          "type": "cond-expr",
          "locations": [
            { "start": { "line": 15, "column": 44 }, "end": { "line": 15, "column": 64 } },
            { "start": { "line": 15, "column": 67 }, "end": { "line": 15, "column": 91 } }
          ],
          "line": 15
        },
        "1": {
          "loc": { "start": { "line": 24, "column": 7 }, "end": { "line": 54, "column": 7 } },
          "type": "cond-expr",
          "locations": [
            { "start": { "line": 25, "column": 8 }, "end": { "line": 36, "column": 16 } },
            { "start": { "line": 38, "column": 8 }, "end": { "line": 53, "column": 11 } }
          ],
          "line": 24
        }
      },
      "s": {
        "0": 1,
        "1": 35,
        "2": 1,
        "3": 455,
        "4": 455,
        "5": 1,
        "6": 7,
        "7": 7,
        "8": 0,
        "9": 0,
        "10": 91,
        "11": 455,
        "12": 1,
        "13": 1
      },
      "f": { "0": 35, "1": 455, "2": 7, "3": 0, "4": 0, "5": 91, "6": 455 },
      "b": { "0": [455, 0], "1": [0, 7] },
      "_coverageSchema": "43e27e138ebf9cfc5966b082cf9a028302ed4184",
      "hash": "74866b88c36d2952fb8dd8b65d27490b11a23ed3"
    },
    "/Users/visjha/Desktop/learning/learning-in-project/atomic-react-components/lib/components/molecules/Table/Table.style.js": {
      "path": "/Users/visjha/Desktop/learning/learning-in-project/atomic-react-components/lib/components/molecules/Table/Table.style.js",
      "statementMap": {
        "0": { "start": { "line": 4, "column": 29 }, "end": { "line": 4, "column": 54 } },
        "1": { "start": { "line": 5, "column": 13 }, "end": { "line": 5, "column": 47 } },
        "2": { "start": { "line": 10, "column": 15 }, "end": { "line": 10, "column": 49 } },
        "3": { "start": { "line": 12, "column": 14 }, "end": { "line": 12, "column": 64 } }
      },
      "fnMap": {
        "0": {
          "name": "(anonymous_0)",
          "decl": { "start": { "line": 4, "column": 20 }, "end": { "line": 4, "column": 21 } },
          "loc": { "start": { "line": 4, "column": 29 }, "end": { "line": 4, "column": 54 } },
          "line": 4
        },
        "1": {
          "name": "(anonymous_1)",
          "decl": { "start": { "line": 5, "column": 4 }, "end": { "line": 5, "column": 5 } },
          "loc": { "start": { "line": 5, "column": 13 }, "end": { "line": 5, "column": 47 } },
          "line": 5
        },
        "2": {
          "name": "(anonymous_2)",
          "decl": { "start": { "line": 10, "column": 6 }, "end": { "line": 10, "column": 7 } },
          "loc": { "start": { "line": 10, "column": 15 }, "end": { "line": 10, "column": 49 } },
          "line": 10
        },
        "3": {
          "name": "(anonymous_3)",
          "decl": { "start": { "line": 12, "column": 4 }, "end": { "line": 12, "column": 5 } },
          "loc": { "start": { "line": 12, "column": 14 }, "end": { "line": 12, "column": 64 } },
          "line": 12
        }
      },
      "branchMap": {
        "0": {
          "loc": { "start": { "line": 12, "column": 14 }, "end": { "line": 12, "column": 64 } },
          "type": "cond-expr",
          "locations": [
            { "start": { "line": 12, "column": 38 }, "end": { "line": 12, "column": 59 } },
            { "start": { "line": 12, "column": 62 }, "end": { "line": 12, "column": 64 } }
          ],
          "line": 12
        }
      },
      "s": { "0": 0, "1": 0, "2": 0, "3": 0 },
      "f": { "0": 0, "1": 0, "2": 0, "3": 0 },
      "b": { "0": [0, 0] },
      "_coverageSchema": "43e27e138ebf9cfc5966b082cf9a028302ed4184",
      "hash": "e1831f7d0d2b871608be87d1f7ac36ff188db5c1"
    },
    "/Users/visjha/Desktop/learning/learning-in-project/atomic-react-components/lib/components/molecules/Typeahead/index.js": {
      "path": "/Users/visjha/Desktop/learning/learning-in-project/atomic-react-components/lib/components/molecules/Typeahead/index.js",
      "statementMap": {},
      "fnMap": {},
      "branchMap": {},
      "s": {},
      "f": {},
      "b": {},
      "_coverageSchema": "43e27e138ebf9cfc5966b082cf9a028302ed4184",
      "hash": "7c79e9ca2980855ad584f5843fc340849697a78b"
    },
    "/Users/visjha/Desktop/learning/learning-in-project/atomic-react-components/lib/components/molecules/Typeahead/Typeahead.js": {
      "path": "/Users/visjha/Desktop/learning/learning-in-project/atomic-react-components/lib/components/molecules/Typeahead/Typeahead.js",
      "statementMap": {
        "0": { "start": { "line": 19, "column": 18 }, "end": { "line": 208, "column": 1 } },
        "1": { "start": { "line": 36, "column": 47 }, "end": { "line": 36, "column": 59 } },
        "2": { "start": { "line": 37, "column": 42 }, "end": { "line": 37, "column": 54 } },
        "3": { "start": { "line": 39, "column": 2 }, "end": { "line": 44, "column": 5 } },
        "4": { "start": { "line": 40, "column": 20 }, "end": { "line": 40, "column": 64 } },
        "5": { "start": { "line": 41, "column": 4 }, "end": { "line": 43, "column": 5 } },
        "6": { "start": { "line": 42, "column": 6 }, "end": { "line": 42, "column": 69 } },
        "7": { "start": { "line": 46, "column": 28 }, "end": { "line": 48, "column": 3 } },
        "8": { "start": { "line": 47, "column": 4 }, "end": { "line": 47, "column": 54 } },
        "9": { "start": { "line": 55, "column": 29 }, "end": { "line": 60, "column": 3 } },
        "10": { "start": { "line": 57, "column": 6 }, "end": { "line": 58, "column": 93 } },
        "11": { "start": { "line": 58, "column": 34 }, "end": { "line": 58, "column": 92 } },
        "12": { "start": { "line": 59, "column": 4 }, "end": { "line": 59, "column": 27 } },
        "13": { "start": { "line": 66, "column": 22 }, "end": { "line": 68, "column": 3 } },
        "14": { "start": { "line": 67, "column": 4 }, "end": { "line": 67, "column": 33 } },
        "15": { "start": { "line": 74, "column": 23 }, "end": { "line": 92, "column": 3 } },
        "16": { "start": { "line": 75, "column": 4 }, "end": { "line": 77, "column": 5 } },
        "17": { "start": { "line": 76, "column": 6 }, "end": { "line": 76, "column": 25 } },
        "18": { "start": { "line": 78, "column": 33 }, "end": { "line": 78, "column": 41 } },
        "19": { "start": { "line": 79, "column": 26 }, "end": { "line": 79, "column": 33 } },
[...]
          "line": 87
        },
        "9": {
          "name": "(anonymous_9)",
          "decl": { "start": { "line": 92, "column": 30 }, "end": { "line": 92, "column": 31 } },
          "loc": { "start": { "line": 92, "column": 36 }, "end": { "line": 100, "column": 3 } },
          "line": 92
        }
      },
      "branchMap": {
        "0": {
          "loc": { "start": { "line": 49, "column": 4 }, "end": { "line": 51, "column": 5 } },
          "type": "if",
          "locations": [
            { "start": { "line": 49, "column": 4 }, "end": { "line": 51, "column": 5 } },
            { "start": { "line": 49, "column": 4 }, "end": { "line": 51, "column": 5 } }
          ],
          "line": 49
        },
        "1": {
          "loc": { "start": { "line": 62, "column": 11 }, "end": { "line": 62, "column": 79 } },
          "type": "binary-expr",
          "locations": [
            { "start": { "line": 62, "column": 11 }, "end": { "line": 62, "column": 15 } },
            { "start": { "line": 62, "column": 19 }, "end": { "line": 62, "column": 30 } },
            { "start": { "line": 62, "column": 34 }, "end": { "line": 62, "column": 79 } }
          ],
          "line": 62
        },
        "2": {
          "loc": { "start": { "line": 67, "column": 4 }, "end": { "line": 69, "column": 5 } },
          "type": "if",
          "locations": [
            { "start": { "line": 67, "column": 4 }, "end": { "line": 69, "column": 5 } },
            { "start": { "line": 67, "column": 4 }, "end": { "line": 69, "column": 5 } }
          ],
          "line": 67
        },
        "3": {
          "loc": { "start": { "line": 93, "column": 4 }, "end": { "line": 98, "column": 5 } },
          "type": "if",
          "locations": [
            { "start": { "line": 93, "column": 4 }, "end": { "line": 98, "column": 5 } },
            { "start": { "line": 93, "column": 4 }, "end": { "line": 98, "column": 5 } }
          ],
          "line": 93
        },
        "4": {
          "loc": { "start": { "line": 107, "column": 11 }, "end": { "line": 118, "column": 11 } },
          "type": "binary-expr",
          "locations": [
            { "start": { "line": 107, "column": 11 }, "end": { "line": 107, "column": 23 } },
            { "start": { "line": 108, "column": 12 }, "end": { "line": 117, "column": 17 } }
          ],
          "line": 107
        },
        "5": {
          "loc": { "start": { "line": 119, "column": 11 }, "end": { "line": 129, "column": 11 } },
          "type": "binary-expr",
          "locations": [
            { "start": { "line": 119, "column": 11 }, "end": { "line": 119, "column": 26 } },
            { "start": { "line": 120, "column": 12 }, "end": { "line": 128, "column": 17 } }
          ],
          "line": 119
        },
        "6": {
          "loc": { "start": { "line": 139, "column": 11 }, "end": { "line": 149, "column": 11 } },
          "type": "binary-expr",
          "locations": [
            { "start": { "line": 139, "column": 11 }, "end": { "line": 139, "column": 22 } },
            { "start": { "line": 140, "column": 12 }, "end": { "line": 148, "column": 17 } }
          ],
          "line": 139
        },
        "7": {
          "loc": { "start": { "line": 150, "column": 11 }, "end": { "line": 160, "column": 11 } },
          "type": "binary-expr",
          "locations": [
            { "start": { "line": 150, "column": 11 }, "end": { "line": 150, "column": 22 } },
            { "start": { "line": 151, "column": 12 }, "end": { "line": 159, "column": 17 } }
          ],
          "line": 150
        }
      },
      "s": {
        "0": 1,
        "1": 21,
        "2": 21,
        "3": 21,
        "4": 21,
        "5": 21,
        "6": 0,
        "7": 0,
        "8": 0,
        "9": 0,
        "10": 0,
        "11": 0,
        "12": 0,
        "13": 0,
        "14": 21,
        "15": 0,
        "16": 0,
        "17": 21,
        "18": 8,
        "19": 8,
        "20": 8,
        "21": 21,
        "22": 4,
        "23": 4,
        "24": 4,
        "25": 21,
        "26": 1,
        "27": 1,
        "28": 21,
        "29": 1,
        "30": 1,
        "31": 21,
        "32": 1,
        "33": 1,
        "34": 21,
        "35": 1,
        "36": 1,
        "37": 21,
        "38": 21,
        "39": 8,
        "40": 13,
        "41": 21,
        "42": 1
      },
      "f": { "0": 21, "1": 0, "2": 0, "3": 8, "4": 4, "5": 1, "6": 1, "7": 1, "8": 1, "9": 21 },
      "b": {
        "0": [0, 0],
        "1": [8, 8, 0],
        "2": [4, 0],
        "3": [8, 13],
        "4": [21, 21],
        "5": [21, 21],
        "6": [21, 21],
        "7": [21, 21]
      },
      "_coverageSchema": "43e27e138ebf9cfc5966b082cf9a028302ed4184",
      "hash": "927917c8c27693adf91d3b41a51c412b16334484"
    },
    "/Users/visjha/Desktop/learning/learning-in-project/atomic-react-components/lib/components/molecules/Pagination/Pagination.style.js": {
      "path": "/Users/visjha/Desktop/learning/learning-in-project/atomic-react-components/lib/components/molecules/Pagination/Pagination.style.js",
      "statementMap": {
        "0": { "start": { "line": 7, "column": 23 }, "end": { "line": 7, "column": 51 } },
        "1": { "start": { "line": 11, "column": 15 }, "end": { "line": 11, "column": 47 } },
        "2": { "start": { "line": 13, "column": 14 }, "end": { "line": 13, "column": 64 } }
      },
      "fnMap": {
        "0": {
          "name": "(anonymous_0)",
          "decl": { "start": { "line": 7, "column": 14 }, "end": { "line": 7, "column": 15 } },
          "loc": { "start": { "line": 7, "column": 23 }, "end": { "line": 7, "column": 51 } },
          "line": 7
        },
        "1": {
          "name": "(anonymous_1)",
          "decl": { "start": { "line": 11, "column": 6 }, "end": { "line": 11, "column": 7 } },
          "loc": { "start": { "line": 11, "column": 15 }, "end": { "line": 11, "column": 47 } },
          "line": 11
        },
        "2": {
          "name": "(anonymous_2)",
          "decl": { "start": { "line": 13, "column": 4 }, "end": { "line": 13, "column": 5 } },
          "loc": { "start": { "line": 13, "column": 14 }, "end": { "line": 13, "column": 64 } },
          "line": 13
        }
      },
      "branchMap": {
        "0": {
          "loc": { "start": { "line": 13, "column": 14 }, "end": { "line": 13, "column": 64 } },
          "type": "cond-expr",
          "locations": [
            { "start": { "line": 13, "column": 38 }, "end": { "line": 13, "column": 59 } },
            { "start": { "line": 13, "column": 62 }, "end": { "line": 13, "column": 64 } }
          ],
          "line": 13
        }
      },
      "s": { "0": 0, "1": 0, "2": 0 },
      "f": { "0": 0, "1": 0, "2": 0 },
      "b": { "0": [0, 0] },
      "_coverageSchema": "43e27e138ebf9cfc5966b082cf9a028302ed4184",
      "hash": "4df164154efd5de4faba9d99c1246499076a0c1c"
    },
    "/Users/visjha/Desktop/learning/learning-in-project/atomic-react-components/lib/components/molecules/Pagination/PaginationList.js": {
      "path": "/Users/visjha/Desktop/learning/learning-in-project/atomic-react-components/lib/components/molecules/Pagination/PaginationList.js",
      "statementMap": {
        "0": { "start": { "line": 4, "column": 23 }, "end": { "line": 19, "column": 1 } },
        "1": { "start": { "line": 5, "column": 2 }, "end": { "line": 18, "column": 4 } },
        "2": { "start": { "line": 8, "column": 6 }, "end": { "line": 16, "column": 11 } },
        "3": { "start": { "line": 11, "column": 25 }, "end": { "line": 11, "column": 50 } }
      },
      "fnMap": {
        "0": {
          "name": "(anonymous_0)",
          "decl": { "start": { "line": 4, "column": 23 }, "end": { "line": 4, "column": 24 } },
          "loc": { "start": { "line": 4, "column": 92 }, "end": { "line": 19, "column": 1 } },
          "line": 4
        },
        "1": {
          "name": "(anonymous_1)",
          "decl": { "start": { "line": 7, "column": 20 }, "end": { "line": 7, "column": 21 } },
          "loc": { "start": { "line": 8, "column": 6 }, "end": { "line": 16, "column": 11 } },
          "line": 8
        },
        "2": {
          "name": "(anonymous_2)",
          "decl": { "start": { "line": 11, "column": 19 }, "end": { "line": 11, "column": 20 } },
          "loc": { "start": { "line": 11, "column": 25 }, "end": { "line": 11, "column": 50 } },
          "line": 11
        }
      },
      "branchMap": {
        "0": {
          "loc": { "start": { "line": 6, "column": 4 }, "end": { "line": 17, "column": 6 } },
          "type": "binary-expr",
          "locations": [
            { "start": { "line": 6, "column": 4 }, "end": { "line": 6, "column": 15 } },
            { "start": { "line": 7, "column": 4 }, "end": { "line": 17, "column": 6 } }
          ],
          "line": 6
        },
        "1": {
          "loc": { "start": { "line": 12, "column": 21 }, "end": { "line": 12, "column": 58 } },
          "type": "cond-expr",
          "locations": [
            { "start": { "line": 12, "column": 45 }, "end": { "line": 12, "column": 53 } },
            { "start": { "line": 12, "column": 56 }, "end": { "line": 12, "column": 58 } }
          ],
          "line": 12
        }
      },
      "s": { "0": 1, "1": 0, "2": 0, "3": 0 },
      "f": { "0": 0, "1": 0, "2": 0 },
      "b": { "0": [0, 0], "1": [0, 0] },
      "_coverageSchema": "43e27e138ebf9cfc5966b082cf9a028302ed4184",
      "hash": "034354ed4aaa32cc722bea3f73fb61625c70e5b9"
    },
    "/Users/visjha/Desktop/learning/learning-in-project/atomic-react-components/lib/components/molecules/Tabs/types/index.js": {
      "path": "/Users/visjha/Desktop/learning/learning-in-project/atomic-react-components/lib/components/molecules/Tabs/types/index.js",
      "statementMap": {},
      "fnMap": {},
      "branchMap": {},
      "s": {},
      "f": {},
      "b": {},
      "hash": "42edcec51a8e58d17724060e03262bad3e5e20ed"
    },
    "/Users/visjha/Desktop/learning/learning-in-project/atomic-react-components/lib/components/molecules/Typeahead/types/index.js": {
      "path": "/Users/visjha/Desktop/learning/learning-in-project/atomic-react-components/lib/components/molecules/Typeahead/types/index.js",
      "statementMap": {},
      "fnMap": {},
      "branchMap": {},
      "s": {},
      "f": {},
      "b": {},
      "hash": "9694071b1348c2316e53453541ee6ba0f050adc9"
    },
    "/Users/visjha/Desktop/learning/learning-in-project/atomic-react-components/lib/components/molecules/Toast/types/index.js": {
      "path": "/Users/visjha/Desktop/learning/learning-in-project/atomic-react-components/lib/components/molecules/Toast/types/index.js",
      "statementMap": {},
      "fnMap": {},
      "branchMap": {},
      "s": {},
      "f": {},
      "b": {},
      "hash": "19b9159de751188d4c63d8a169385dba261c6bbd"
    },
    "/Users/visjha/Desktop/learning/learning-in-project/atomic-react-components/lib/components/molecules/Form/FieldToggle/types/index.js": {
      "path": "/Users/visjha/Desktop/learning/learning-in-project/atomic-react-components/lib/components/molecules/Form/FieldToggle/types/index.js",
      "statementMap": {},
      "fnMap": {},
      "branchMap": {},
      "s": {},
      "f": {},
      "b": {},
      "hash": "0b519aad5818124de5f552c26aea637fb2bac25c"
    },
    "/Users/visjha/Desktop/learning/learning-in-project/atomic-react-components/lib/components/molecules/Popover/types/index.js": {
      "path": "/Users/visjha/Desktop/learning/learning-in-project/atomic-react-components/lib/components/molecules/Popover/types/index.js",
      "statementMap": {},
      "fnMap": {},
      "branchMap": {},
      "s": {},
      "f": {},
      "b": {},
      "hash": "9d6f16616663e2066a6facdb2f25f7a4fd2bd1b2"
    },
    "/Users/visjha/Desktop/learning/learning-in-project/atomic-react-components/lib/components/molecules/Form/DragDropInput/types/index.js": {
      "path": "/Users/visjha/Desktop/learning/learning-in-project/atomic-react-components/lib/components/molecules/Form/DragDropInput/types/index.js",
      "statementMap": {},
      "fnMap": {},
      "branchMap": {},
      "s": {},
      "f": {},
      "b": {},
      "hash": "efebcd35c8e84b8e2865fb061c93b73e91fcbb38"
    },
    "/Users/visjha/Desktop/learning/learning-in-project/atomic-react-components/lib/components/molecules/QuoteMedia/types/index.js": {
      "path": "/Users/visjha/Desktop/learning/learning-in-project/atomic-react-components/lib/components/molecules/QuoteMedia/types/index.js",
      "statementMap": {},
      "fnMap": {},
      "branchMap": {},
      "s": {},
      "f": {},
      "b": {},
      "hash": "653b47d2f97b7594f1c4dea16aff0f320669c7c0"
    },
    "/Users/visjha/Desktop/learning/learning-in-project/atomic-react-components/lib/components/molecules/QuoteMedia/index.js": {
      "path": "/Users/visjha/Desktop/learning/learning-in-project/atomic-react-components/lib/components/molecules/QuoteMedia/index.js",
      "statementMap": {},
      "fnMap": {},
      "branchMap": {},
      "s": {},
      "f": {},
      "b": {},
      "hash": "e6b28cf7ecaacc5931cba898c24f67216990bdf9"
    },
    "/Users/visjha/Desktop/learning/learning-in-project/atomic-react-components/lib/components/molecules/Table/types/index.js": {
      "path": "/Users/visjha/Desktop/learning/learning-in-project/atomic-react-components/lib/components/molecules/Table/types/index.js",
      "statementMap": {},
      "fnMap": {},
      "branchMap": {},
      "s": {},
      "f": {},
      "b": {},
      "hash": "16b0f5eb484bc60273d3ec74433e0000e24cc317"
    },
    "/Users/visjha/Desktop/learning/learning-in-project/atomic-react-components/lib/core/utils/getDisplayName.js": {
      "path": "/Users/visjha/Desktop/learning/learning-in-project/atomic-react-components/lib/core/utils/getDisplayName.js",
      "statementMap": {
        "0": { "start": { "line": 1, "column": 30 }, "end": { "line": 3, "column": 1 } },
        "1": { "start": { "line": 2, "column": 2 }, "end": { "line": 2, "column": 78 } }
      },
      "fnMap": {
        "0": {
          "name": "(anonymous_0)",
          "decl": { "start": { "line": 1, "column": 30 }, "end": { "line": 1, "column": 31 } },
          "loc": { "start": { "line": 1, "column": 50 }, "end": { "line": 3, "column": 1 } },
          "line": 1
        }
      },
      "branchMap": {
        "0": {
          "loc": { "start": { "line": 2, "column": 9 }, "end": { "line": 2, "column": 77 } },
          "type": "binary-expr",
          "locations": [
            { "start": { "line": 2, "column": 9 }, "end": { "line": 2, "column": 37 } },
            { "start": { "line": 2, "column": 41 }, "end": { "line": 2, "column": 62 } },
            { "start": { "line": 2, "column": 66 }, "end": { "line": 2, "column": 77 } }
          ],
          "line": 2
        }
      },
      "s": { "0": 0, "1": 0 },
      "f": { "0": 0 },
      "b": { "0": [0, 0, 0] },
      "hash": "5921e6c73722a47d83ad40c5903874f95d9bc66a"
    },
    "/Users/visjha/Desktop/learning/learning-in-project/atomic-react-components/lib/components/molecules/Form/FieldFileInput/types/index.js": {
      "path": "/Users/visjha/Desktop/learning/learning-in-project/atomic-react-components/lib/components/molecules/Form/FieldFileInput/types/index.js",
      "statementMap": {},
      "fnMap": {},
      "branchMap": {},
      "s": {},
      "f": {},
      "b": {},
      "hash": "2542d53debdbe5beb8ed4ef3b44e428204c6b080"
    },
    "/Users/visjha/Desktop/learning/learning-in-project/atomic-react-components/lib/components/molecules/Pagination/types/index.js": {
      "path": "/Users/visjha/Desktop/learning/learning-in-project/atomic-react-components/lib/components/molecules/Pagination/types/index.js",
      "statementMap": {},
      "fnMap": {},
      "branchMap": {},
      "s": {},
      "f": {},
      "b": {},
      "hash": "750e472c702a51048022b8fdcec1e0cc30e86730"
    },
    "/Users/visjha/Desktop/learning/learning-in-project/atomic-react-components/lib/components/molecules/Blockquote/types/index.js": {
      "path": "/Users/visjha/Desktop/learning/learning-in-project/atomic-react-components/lib/components/molecules/Blockquote/types/index.js",
      "statementMap": {},
      "fnMap": {},
      "branchMap": {},
      "s": {},
      "f": {},
      "b": {},
      "hash": "d05710d153bbe0cb02096b329f9bb2f55d1544df"
    },
    "/Users/visjha/Desktop/learning/learning-in-project/atomic-react-components/lib/components/atoms/Video/types/index.js": {
      "path": "/Users/visjha/Desktop/learning/learning-in-project/atomic-react-components/lib/components/atoms/Video/types/index.js",
      "statementMap": {},
      "fnMap": {},
      "branchMap": {},
      "s": {},
      "f": {},
      "b": {},
      "hash": "15ecff3a50f84b7de27a11bf5b2469f3752bda4a"
    },
    "/Users/visjha/Desktop/learning/learning-in-project/atomic-react-components/lib/components/molecules/Modal/index.js": {
      "path": "/Users/visjha/Desktop/learning/learning-in-project/atomic-react-components/lib/components/molecules/Modal/index.js",
      "statementMap": {},
      "fnMap": {},
      "branchMap": {},
      "s": {},
      "f": {},
      "b": {},
      "hash": "6753f85f2966df90699002a5b5c5f722ddec4771"
    },
    "/Users/visjha/Desktop/learning/learning-in-project/atomic-react-components/lib/components/atoms/Track/types/index.js": {
      "path": "/Users/visjha/Desktop/learning/learning-in-project/atomic-react-components/lib/components/atoms/Track/types/index.js",
      "statementMap": {},
      "fnMap": {},
      "branchMap": {},
      "s": {},
      "f": {},
      "b": {},
      "hash": "5c0fba963763a113d1b5a1f5c5a33dac143b7962"
    },
    "/Users/visjha/Desktop/learning/learning-in-project/atomic-react-components/lib/components/molecules/Breadcrumb/types/index.js": {
      "path": "/Users/visjha/Desktop/learning/learning-in-project/atomic-react-components/lib/components/molecules/Breadcrumb/types/index.js",
      "statementMap": {},
      "fnMap": {},
      "branchMap": {},
      "s": {},
      "f": {},
      "b": {},
      "hash": "f9b9390dd7a712e01a20af07ce4bc1aaee9073fa"
    },
    "/Users/visjha/Desktop/learning/learning-in-project/atomic-react-components/lib/components/atoms/Icon/types/index.js": {
      "path": "/Users/visjha/Desktop/learning/learning-in-project/atomic-react-components/lib/components/atoms/Icon/types/index.js",
      "statementMap": {},
      "fnMap": {},
      "branchMap": {},
      "s": {},
      "f": {},
      "b": {},
      "hash": "92f3f3fc9ae86e1c8fd02a04ad61924770f02fef"
    },
    "/Users/visjha/Desktop/learning/learning-in-project/atomic-react-components/lib/components/molecules/StickyBar/types/index.js": {
      "path": "/Users/visjha/Desktop/learning/learning-in-project/atomic-react-components/lib/components/molecules/StickyBar/types/index.js",
      "statementMap": {},
      "fnMap": {},
      "branchMap": {},
      "s": {},
      "f": {},
      "b": {},
      "hash": "c06ca6a69a09cf300befc90505388446300b7f84"
    },
    "/Users/visjha/Desktop/learning/learning-in-project/atomic-react-components/lib/components/atoms/Tag/types/index.js": {
      "path": "/Users/visjha/Desktop/learning/learning-in-project/atomic-react-components/lib/components/atoms/Tag/types/index.js",
      "statementMap": {},
      "fnMap": {},
      "branchMap": {},
      "s": {},
      "f": {},
      "b": {},
      "hash": "5f1da315f36fbb433f92d7daece7512bc97942d0"
    },
    "/Users/visjha/Desktop/learning/learning-in-project/atomic-react-components/lib/components/molecules/ArticleThumbnail/types/index.js": {
      "path": "/Users/visjha/Desktop/learning/learning-in-project/atomic-react-components/lib/components/molecules/ArticleThumbnail/types/index.js",
      "statementMap": {},
      "fnMap": {},
      "branchMap": {},
      "s": {},
      "f": {},
      "b": {},
      "hash": "37ed3d8af5209f368d6660ff973c7025f4f2ce0a"
    }
  }
}
