{
  "numFailedTestSuites": 0,
  "numFailedTests": 0,
  "numPassedTestSuites": 31,
  "numPassedTests": 70,
  "numPendingTestSuites": 0,
  "numPendingTests": 6,
  "numRuntimeErrorTestSuites": 0,
  "numTodoTests": 0,
  "numTotalTestSuites": 31,
  "numTotalTests": 76,
  "openHandles": [],
  "snapshot": {
    "added": 0,
    "didUpdate": true,
    "failure": false,
    "filesAdded": 0,
    "filesRemoved": 0,
    "filesRemovedList": [],
    "filesUnmatched": 0,
    "filesUpdated": 0,
    "matched": 38,
    "total": 38,
    "unchecked": 0,
    "uncheckedKeysByFile": [],
    "unmatched": 0,
    "updated": 0
  },
  "startTime": 1575982016769,
  "success": true,
  "testResults": [
    {
      "assertionResults": [
        {
          "ancestorTitles": ["FieldInput Component"],
          "failureMessages": [],
          "fullName": "FieldInput Component should render correctly",
          "location": null,
          "status": "passed",
          "title": "should render correctly"
        },
        {
          "ancestorTitles": ["FieldInput Component"],
          "failureMessages": [],
          "fullName": "FieldInput Component should render label correctly",
          "location": null,
          "status": "pending",
          "title": "should render label correctly"
        },
        {
          "ancestorTitles": ["FieldInput Component"],
          "failureMessages": [],
          "fullName": "FieldInput Component should render select tag",
          "location": null,
          "status": "pending",
          "title": "should render select tag"
        }
      ],
      "endTime": 1575982041720,
      "message": "",
      "name": "C:\\Data Backup\\js\\React\\demo-project-3\\atomic-react-components\\lib\\components\\molecules\\Form\\FieldSelect\\tests\\FieldSelect.test.js",
      "startTime": 1575982034700,
      "status": "passed",
      "summary": ""
    },
    {
      "assertionResults": [
        {
          "ancestorTitles": ["<Blockquote />"],
          "failureMessages": [],
          "fullName": "<Blockquote /> check quoteProp value passed in",
          "location": null,
          "status": "passed",
          "title": "check quoteProp value passed in"
        },
        {
          "ancestorTitles": ["<Blockquote />"],
          "failureMessages": [],
          "fullName": "<Blockquote /> should render blockquote",
          "location": null,
          "status": "passed",
          "title": "should render blockquote"
        },
        {
          "ancestorTitles": ["<Blockquote />"],
          "failureMessages": [],
          "fullName": "<Blockquote /> should render content",
          "location": null,
          "status": "passed",
          "title": "should render content"
        },
        {
          "ancestorTitles": ["<Blockquote />"],
          "failureMessages": [],
          "fullName": "<Blockquote /> should render author name",
          "location": null,
          "status": "passed",
          "title": "should render author name"
        },
        {
          "ancestorTitles": ["<Blockquote />"],
          "failureMessages": [],
          "fullName": "<Blockquote /> should render correctly",
          "location": null,
          "status": "passed",
          "title": "should render correctly"
        }
      ],
      "endTime": 1575982041836,
      "message": "",
      "name": "C:\\Data Backup\\js\\React\\demo-project-3\\atomic-react-components\\lib\\components\\atoms\\Blockquote\\tests\\Blockquote.test.js",
      "startTime": 1575982038207,
      "status": "passed",
      "summary": ""
    },
    {
      "assertionResults": [
        {
          "ancestorTitles": ["<QuoteMedia />"],
          "failureMessages": [],
          "fullName": "<QuoteMedia /> check props passed in",
          "location": null,
          "status": "passed",
          "title": "check props passed in"
        },
        {
          "ancestorTitles": ["<QuoteMedia />"],
          "failureMessages": [],
          "fullName": "<QuoteMedia /> check props passed in",
          "location": null,
          "status": "passed",
          "title": "check props passed in"
        },
        {
          "ancestorTitles": ["<QuoteMedia />"],
          "failureMessages": [],
          "fullName": "<QuoteMedia /> should render correctly",
          "location": null,
          "status": "passed",
          "title": "should render correctly"
        }
      ],
      "endTime": 1575982042939,
      "message": "",
      "name": "C:\\Data Backup\\js\\React\\demo-project-3\\atomic-react-components\\lib\\components\\molecules\\QuoteMedia\\tests\\QuoteMedia.test.js",
      "startTime": 1575982042375,
      "status": "passed",
      "summary": ""
    },
    {
      "assertionResults": [
        {
          "ancestorTitles": ["FieldInput Component"],
          "failureMessages": [],
          "fullName": "FieldInput Component should render correctly",
          "location": null,
          "status": "passed",
          "title": "should render correctly"
        },
        {
          "ancestorTitles": ["FieldInput Component"],
          "failureMessages": [],
          "fullName": "FieldInput Component should render label correctly",
          "location": null,
          "status": "pending",
          "title": "should render label correctly"
        },
        {
          "ancestorTitles": ["FieldInput Component"],
          "failureMessages": [],
          "fullName": "FieldInput Component should render Input component with proper type",
          "location": null,
          "status": "pending",
          "title": "should render Input component with proper type"
        }
      ],
      "endTime": 1575982044247,
      "message": "",
      "name": "C:\\Data Backup\\js\\React\\demo-project-3\\atomic-react-components\\lib\\components\\molecules\\Form\\FieldInput\\tests\\FieldInput.test.js",
      "startTime": 1575982043575,
      "status": "passed",
      "summary": ""
    },
    {
      "assertionResults": [
        {
          "ancestorTitles": ["Form Component"],
          "failureMessages": [],
          "fullName": "Form Component should render select tag correctly",
          "location": null,
          "status": "passed",
          "title": "should render select tag correctly"
        },
        {
          "ancestorTitles": ["Form Component"],
          "failureMessages": [],
          "fullName": "Form Component should render input text field",
          "location": null,
          "status": "passed",
          "title": "should render input text field"
        },
        {
          "ancestorTitles": ["Form Component"],
          "failureMessages": [],
          "fullName": "Form Component should render select field",
          "location": null,
          "status": "passed",
          "title": "should render select field"
        },
        {
          "ancestorTitles": ["Form Component"],
          "failureMessages": [],
          "fullName": "Form Component should render input field with yupValidationSchema",
          "location": null,
          "status": "passed",
          "title": "should render input field with yupValidationSchema"
        },
        {
          "ancestorTitles": ["Form Component"],
          "failureMessages": [],
          "fullName": "Form Component should render input field with no validation",
          "location": null,
          "status": "passed",
          "title": "should render input field with no validation"
        },
        {
          "ancestorTitles": ["Form Component"],
          "failureMessages": [],
          "fullName": "Form Component getSchema should return null if no params are passed",
          "location": null,
          "status": "passed",
          "title": "getSchema should return null if no params are passed"
        }
      ],
      "endTime": 1575982044433,
      "message": "",
      "name": "C:\\Data Backup\\js\\React\\demo-project-3\\atomic-react-components\\lib\\components\\molecules\\Form\\tests\\Form.test.js",
      "startTime": 1575982042462,
      "status": "passed",
      "summary": ""
    },
    {
      "assertionResults": [
        {
          "ancestorTitles": ["FieldTextarea Component"],
          "failureMessages": [],
          "fullName": "FieldTextarea Component should render correctly",
          "location": null,
          "status": "passed",
          "title": "should render correctly"
        },
        {
          "ancestorTitles": ["FieldTextarea Component"],
          "failureMessages": [],
          "fullName": "FieldTextarea Component should render label correctly",
          "location": null,
          "status": "pending",
          "title": "should render label correctly"
        },
        {
          "ancestorTitles": ["FieldTextarea Component"],
          "failureMessages": [],
          "fullName": "FieldTextarea Component should render textarea tag",
          "location": null,
          "status": "pending",
          "title": "should render textarea tag"
        }
      ],
      "endTime": 1575982045454,
      "message": "",
      "name": "C:\\Data Backup\\js\\React\\demo-project-3\\atomic-react-components\\lib\\components\\molecules\\Form\\FieldTextarea\\tests\\FieldTextarea.test.js",
      "startTime": 1575982044826,
      "status": "passed",
      "summary": ""
    },
    {
      "assertionResults": [
        {
          "ancestorTitles": ["<Tabs />"],
          "failureMessages": [],
          "fullName": "<Tabs /> should render correctly",
          "location": null,
          "status": "passed",
          "title": "should render correctly"
        },
        {
          "ancestorTitles": ["<Tabs /> functional behavior"],
          "failureMessages": [],
          "fullName": "<Tabs /> functional behavior should have minimum dom structure for the tests below",
          "location": null,
          "status": "passed",
          "title": "should have minimum dom structure for the tests below"
        },
        {
          "ancestorTitles": ["<Tabs /> functional behavior"],
          "failureMessages": [],
          "fullName": "<Tabs /> functional behavior should change the tab panel and execute callback on closed tab click",
          "location": null,
          "status": "passed",
          "title": "should change the tab panel and execute callback on closed tab click"
        }
      ],
      "endTime": 1575982046058,
      "message": "",
      "name": "C:\\Data Backup\\js\\React\\demo-project-3\\atomic-react-components\\lib\\components\\molecules\\Tabs\\tests\\Tabs.test.js",
      "startTime": 1575982045122,
      "status": "passed",
      "summary": ""
    },
    {
      "assertionResults": [
        {
          "ancestorTitles": ["<Breadcrumb />"],
          "failureMessages": [],
          "fullName": "<Breadcrumb /> should render correctly",
          "location": null,
          "status": "passed",
          "title": "should render correctly"
        }
      ],
      "endTime": 1575982046421,
      "message": "",
      "name": "C:\\Data Backup\\js\\React\\demo-project-3\\atomic-react-components\\lib\\components\\molecules\\Breadcrumb\\tests\\Breadcrumb.test.js",
      "startTime": 1575982035660,
      "status": "passed",
      "summary": ""
    },
    {
      "assertionResults": [
        {
          "ancestorTitles": ["Button Component"],
          "failureMessages": [],
          "fullName": "Button Component should render correctly",
          "location": null,
          "status": "passed",
          "title": "should render correctly"
        },
        {
          "ancestorTitles": ["Button Component"],
          "failureMessages": [],
          "fullName": "Button Component should render disabled",
          "location": null,
          "status": "passed",
          "title": "should render disabled"
        },
        {
          "ancestorTitles": ["Button Component"],
          "failureMessages": [],
          "fullName": "Button Component should render title element",
          "location": null,
          "status": "passed",
          "title": "should render title element"
        },
        {
          "ancestorTitles": ["Button Component"],
          "failureMessages": [],
          "fullName": "Button Component should render aria attribute element",
          "location": null,
          "status": "passed",
          "title": "should render aria attribute element"
        },
        {
          "ancestorTitles": ["Button Component"],
          "failureMessages": [],
          "fullName": "Button Component should check the data attribute of button",
          "location": null,
          "status": "passed",
          "title": "should check the data attribute of button"
        }
      ],
      "endTime": 1575982046637,
      "message": "",
      "name": "C:\\Data Backup\\js\\React\\demo-project-3\\atomic-react-components\\lib\\components\\atoms\\Button\\tests\\Button.test.js",
      "startTime": 1575982046038,
      "status": "passed",
      "summary": ""
    },
    {
      "assertionResults": [
        {
          "ancestorTitles": ["<Popover /> Rendering"],
          "failureMessages": [],
          "fullName": "<Popover /> Rendering should render correctly",
          "location": null,
          "status": "passed",
          "title": "should render correctly"
        },
        {
          "ancestorTitles": ["Popover functional behavior"],
          "failureMessages": [],
          "fullName": "Popover functional behavior Should have Close Button By Default and can be closed",
          "location": null,
          "status": "passed",
          "title": "Should have Close Button By Default and can be closed"
        },
        {
          "ancestorTitles": ["Popover functional behavior"],
          "failureMessages": [],
          "fullName": "Popover functional behavior Should open By Default when isVisible set to true",
          "location": null,
          "status": "passed",
          "title": "Should open By Default when isVisible set to true"
        },
        {
          "ancestorTitles": ["Popover functional behavior"],
          "failureMessages": [],
          "fullName": "Popover functional behavior Should open and close on Trigger and X button click",
          "location": null,
          "status": "passed",
          "title": "Should open and close on Trigger and X button click"
        }
      ],
      "endTime": 1575982047451,
      "message": "",
      "name": "C:\\Data Backup\\js\\React\\demo-project-3\\atomic-react-components\\lib\\components\\molecules\\Popover\\tests\\Popover.test.js",
      "startTime": 1575982046828,
      "status": "passed",
      "summary": ""
    },
    {
      "assertionResults": [
        {
          "ancestorTitles": ["Button"],
          "failureMessages": [],
          "fullName": "Button should render correctly",
          "location": null,
          "status": "passed",
          "title": "should render correctly"
        }
      ],
      "endTime": 1575982047784,
      "message": "",
      "name": "C:\\Data Backup\\js\\React\\demo-project-3\\atomic-react-components\\lib\\components\\atoms\\Button\\tests\\Button.style.test.js",
      "startTime": 1575982047264,
      "status": "passed",
      "summary": ""
    },
    {
      "assertionResults": [
        {
          "ancestorTitles": ["Input Styled component"],
          "failureMessages": [],
          "fullName": "Input Styled component should render correctly",
          "location": null,
          "status": "passed",
          "title": "should render correctly"
        }
      ],
      "endTime": 1575982047826,
      "message": "",
      "name": "C:\\Data Backup\\js\\React\\demo-project-3\\atomic-react-components\\lib\\components\\atoms\\Input\\tests\\Input.style.test.js",
      "startTime": 1575982047120,
      "status": "passed",
      "summary": ""
    },
    {
      "assertionResults": [
        {
          "ancestorTitles": ["InputChoiceVanilla Component"],
          "failureMessages": [],
          "fullName": "InputChoiceVanilla Component should render Radio button correctly",
          "location": null,
          "status": "passed",
          "title": "should render Radio button correctly"
        },
        {
          "ancestorTitles": ["InputChoiceVanilla Component"],
          "failureMessages": [],
          "fullName": "InputChoiceVanilla Component should render checkbox correctly",
          "location": null,
          "status": "passed",
          "title": "should render checkbox correctly"
        },
        {
          "ancestorTitles": ["InputChoiceVanilla Component"],
          "failureMessages": [],
          "fullName": "InputChoiceVanilla Component should render disabled",
          "location": null,
          "status": "passed",
          "title": "should render disabled"
        },
        {
          "ancestorTitles": ["InputChoiceVanilla Component"],
          "failureMessages": [],
          "fullName": "InputChoiceVanilla Component should render checked",
          "location": null,
          "status": "passed",
          "title": "should render checked"
        }
      ],
      "endTime": 1575982048554,
      "message": "",
      "name": "C:\\Data Backup\\js\\React\\demo-project-3\\atomic-react-components\\lib\\components\\molecules\\InputChoice\\tests\\InputChoice.test.js",
      "startTime": 1575982048037,
      "status": "passed",
      "summary": ""
    },
    {
      "assertionResults": [
        {
          "ancestorTitles": ["<ArticleThumbnail />"],
          "failureMessages": [],
          "fullName": "<ArticleThumbnail /> should render correctly with Readmore",
          "location": null,
          "status": "passed",
          "title": "should render correctly with Readmore"
        },
        {
          "ancestorTitles": ["<ArticleThumbnail />"],
          "failureMessages": [],
          "fullName": "<ArticleThumbnail /> should render correctly with full clickable thumb",
          "location": null,
          "status": "passed",
          "title": "should render correctly with full clickable thumb"
        }
      ],
      "endTime": 1575982048940,
      "message": "",
      "name": "C:\\Data Backup\\js\\React\\demo-project-3\\atomic-react-components\\lib\\components\\molecules\\ArticleThumbnail\\tests\\ArticleThumbnail.test.js",
      "startTime": 1575982048358,
      "status": "passed",
      "summary": ""
    },
    {
      "assertionResults": [
        {
          "ancestorTitles": ["Modal Component"],
          "failureMessages": [],
          "fullName": "Modal Component should render Modal correctly",
          "location": null,
          "status": "passed",
          "title": "should render Modal correctly"
        }
      ],
      "endTime": 1575982049081,
      "message": "",
      "name": "C:\\Data Backup\\js\\React\\demo-project-3\\atomic-react-components\\lib\\components\\molecules\\Modal\\tests\\Modal.test.js",
      "startTime": 1575982048502,
      "status": "passed",
      "summary": ""
    },
    {
      "assertionResults": [
        {
          "ancestorTitles": ["Select Styled component"],
          "failureMessages": [],
          "fullName": "Select Styled component should render correctly",
          "location": null,
          "status": "passed",
          "title": "should render correctly"
        }
      ],
      "endTime": 1575982049656,
      "message": "",
      "name": "C:\\Data Backup\\js\\React\\demo-project-3\\atomic-react-components\\lib\\components\\atoms\\Textarea\\tests\\Textarea.style.test.js",
      "startTime": 1575982049151,
      "status": "passed",
      "summary": ""
    },
    {
      "assertionResults": [
        {
          "ancestorTitles": ["Image Component with styles"],
          "failureMessages": [],
          "fullName": "Image Component with styles should render correctly and match snapshots",
          "location": null,
          "status": "passed",
          "title": "should render correctly and match snapshots"
        },
        {
          "ancestorTitles": ["Image Component with styles"],
          "failureMessages": [],
          "fullName": "Image Component with styles should render correctly with lazy load",
          "location": null,
          "status": "passed",
          "title": "should render correctly with lazy load"
        }
      ],
      "endTime": 1575982049981,
      "message": "",
      "name": "C:\\Data Backup\\js\\React\\demo-project-3\\atomic-react-components\\lib\\components\\atoms\\Image\\tests\\Image.style.test.js",
      "startTime": 1575982049535,
      "status": "passed",
      "summary": ""
    },
    {
      "assertionResults": [
        {
          "ancestorTitles": ["FieldError Component"],
          "failureMessages": [],
          "fullName": "FieldError Component should render correctly",
          "location": null,
          "status": "passed",
          "title": "should render correctly"
        },
        {
          "ancestorTitles": ["FieldError Component"],
          "failureMessages": [],
          "fullName": "FieldError Component should check the element locator of field error",
          "location": null,
          "status": "passed",
          "title": "should check the element locator of field error"
        },
        {
          "ancestorTitles": ["FieldError Component"],
          "failureMessages": [],
          "fullName": "FieldError Component should check the default slnid of field error",
          "location": null,
          "status": "passed",
          "title": "should check the default slnid of field error"
        }
      ],
      "endTime": 1575982050272,
      "message": "",
      "name": "C:\\Data Backup\\js\\React\\demo-project-3\\atomic-react-components\\lib\\components\\atoms\\FieldError\\tests\\FieldError.test.js",
      "startTime": 1575982049683,
      "status": "passed",
      "summary": ""
    },
    {
      "assertionResults": [
        {
          "ancestorTitles": ["Heading Component"],
          "failureMessages": [],
          "fullName": "Heading Component should render correctly and match snapshot",
          "location": null,
          "status": "passed",
          "title": "should render correctly and match snapshot"
        },
        {
          "ancestorTitles": ["Heading Component"],
          "failureMessages": [],
          "fullName": "Heading Component should check the custom locator of heading",
          "location": null,
          "status": "passed",
          "title": "should check the custom locator of heading"
        },
        {
          "ancestorTitles": ["Heading Component"],
          "failureMessages": [],
          "fullName": "Heading Component should check the default locator of heading",
          "location": null,
          "status": "passed",
          "title": "should check the default locator of heading"
        }
      ],
      "endTime": 1575982050688,
      "message": "",
      "name": "C:\\Data Backup\\js\\React\\demo-project-3\\atomic-react-components\\lib\\components\\atoms\\Heading\\tests\\Heading.test.js",
      "startTime": 1575982050185,
      "status": "passed",
      "summary": ""
    },
    {
      "assertionResults": [
        {
          "ancestorTitles": ["Anchor Component"],
          "failureMessages": [],
          "fullName": "Anchor Component should render correctly and match snapshot",
          "location": null,
          "status": "passed",
          "title": "should render correctly and match snapshot"
        },
        {
          "ancestorTitles": ["Anchor Component"],
          "failureMessages": [],
          "fullName": "Anchor Component Should handle on typeahead focuson Events",
          "location": null,
          "status": "passed",
          "title": "Should handle on typeahead focuson Events"
        },
        {
          "ancestorTitles": ["Anchor Component"],
          "failureMessages": [],
          "fullName": "Anchor Component should check the data attribute of anchor",
          "location": null,
          "status": "passed",
          "title": "should check the data attribute of anchor"
        }
      ],
      "endTime": 1575982051055,
      "message": "",
      "name": "C:\\Data Backup\\js\\React\\demo-project-3\\atomic-react-components\\lib\\components\\atoms\\Anchor\\tests\\Anchor.test.js",
      "startTime": 1575982050584,
      "status": "passed",
      "summary": ""
    },
    {
      "assertionResults": [
        {
          "ancestorTitles": ["Label Component"],
          "failureMessages": [],
          "fullName": "Label Component should render correctly",
          "location": null,
          "status": "passed",
          "title": "should render correctly"
        },
        {
          "ancestorTitles": ["Label Component"],
          "failureMessages": [],
          "fullName": "Label Component should check the data attribute of label",
          "location": null,
          "status": "passed",
          "title": "should check the data attribute of label"
        }
      ],
      "endTime": 1575982051332,
      "message": "",
      "name": "C:\\Data Backup\\js\\React\\demo-project-3\\atomic-react-components\\lib\\components\\atoms\\Label\\tests\\Label.test.js",
      "startTime": 1575982050893,
      "status": "passed",
      "summary": ""
    },
    {
      "assertionResults": [
        {
          "ancestorTitles": ["Para Component"],
          "failureMessages": [],
          "fullName": "Para Component should render correctly and match snapshot",
          "location": null,
          "status": "passed",
          "title": "should render correctly and match snapshot"
        },
        {
          "ancestorTitles": ["Para Component"],
          "failureMessages": [],
          "fullName": "Para Component should check the data attribute of para",
          "location": null,
          "status": "passed",
          "title": "should check the data attribute of para"
        }
      ],
      "endTime": 1575982051680,
      "message": "",
      "name": "C:\\Data Backup\\js\\React\\demo-project-3\\atomic-react-components\\lib\\components\\atoms\\Para\\tests\\Para.test.js",
      "startTime": 1575982051249,
      "status": "passed",
      "summary": ""
    },
    {
      "assertionResults": [
        {
          "ancestorTitles": ["<TabPanel />"],
          "failureMessages": [],
          "fullName": "<TabPanel /> should render correctly",
          "location": null,
          "status": "passed",
          "title": "should render correctly"
        }
      ],
      "endTime": 1575982052161,
      "message": "",
      "name": "C:\\Data Backup\\js\\React\\demo-project-3\\atomic-react-components\\lib\\components\\molecules\\Tabs\\TabPanel\\tests\\TabPanel.test.js",
      "startTime": 1575982051674,
      "status": "passed",
      "summary": ""
    },
    {
      "assertionResults": [
        {
          "ancestorTitles": ["Input Component"],
          "failureMessages": [],
          "fullName": "Input Component should render correctly",
          "location": null,
          "status": "passed",
          "title": "should render correctly"
        },
        {
          "ancestorTitles": ["Input Component"],
          "failureMessages": [],
          "fullName": "Input Component should check the data attribute of input",
          "location": null,
          "status": "passed",
          "title": "should check the data attribute of input"
        }
      ],
      "endTime": 1575982052421,
      "message": "",
      "name": "C:\\Data Backup\\js\\React\\demo-project-3\\atomic-react-components\\lib\\components\\atoms\\Input\\tests\\Input.test.js",
      "startTime": 1575982052024,
      "status": "passed",
      "summary": ""
    },
    {
      "assertionResults": [
        {
          "ancestorTitles": ["Select Styled component"],
          "failureMessages": [],
          "fullName": "Select Styled component should render correctly",
          "location": null,
          "status": "passed",
          "title": "should render correctly"
        }
      ],
      "endTime": 1575982052700,
      "message": "",
      "name": "C:\\Data Backup\\js\\React\\demo-project-3\\atomic-react-components\\lib\\components\\atoms\\Select\\tests\\Select.style.test.js",
      "startTime": 1575982052257,
      "status": "passed",
      "summary": ""
    },
    {
      "assertionResults": [
        {
          "ancestorTitles": ["Image Component"],
          "failureMessages": [],
          "fullName": "Image Component should render correctly and match snapshots",
          "location": null,
          "status": "passed",
          "title": "should render correctly and match snapshots"
        },
        {
          "ancestorTitles": ["Image Component"],
          "failureMessages": [],
          "fullName": "Image Component should change image src on error",
          "location": null,
          "status": "passed",
          "title": "should change image src on error"
        },
        {
          "ancestorTitles": ["Image Component"],
          "failureMessages": [],
          "fullName": "Image Component should check the data attribute of image",
          "location": null,
          "status": "passed",
          "title": "should check the data attribute of image"
        },
        {
          "ancestorTitles": ["Image Component"],
          "failureMessages": [],
          "fullName": "Image Component should check the default locator of image",
          "location": null,
          "status": "passed",
          "title": "should check the default locator of image"
        }
      ],
      "endTime": 1575982053058,
      "message": "",
      "name": "C:\\Data Backup\\js\\React\\demo-project-3\\atomic-react-components\\lib\\components\\atoms\\Image\\tests\\Image.test.js",
      "startTime": 1575982052679,
      "status": "passed",
      "summary": ""
    },
    {
      "assertionResults": [
        {
          "ancestorTitles": ["<List />"],
          "failureMessages": [],
          "fullName": "<List /> should render default view correctly",
          "location": null,
          "status": "passed",
          "title": "should render default view correctly"
        }
      ],
      "endTime": 1575982053378,
      "message": "",
      "name": "C:\\Data Backup\\js\\React\\demo-project-3\\atomic-react-components\\lib\\components\\molecules\\List\\tests\\List.test.js",
      "startTime": 1575982052975,
      "status": "passed",
      "summary": ""
    },
    {
      "assertionResults": [
        {
          "ancestorTitles": ["<Tab />"],
          "failureMessages": [],
          "fullName": "<Tab /> should render correctly",
          "location": null,
          "status": "passed",
          "title": "should render correctly"
        }
      ],
      "endTime": 1575982053611,
      "message": "",
      "name": "C:\\Data Backup\\js\\React\\demo-project-3\\atomic-react-components\\lib\\components\\molecules\\Tabs\\Tab\\tests\\Tab.test.js",
      "startTime": 1575982053208,
      "status": "passed",
      "summary": ""
    },
    {
      "assertionResults": [
        {
          "ancestorTitles": ["<Textarea />"],
          "failureMessages": [],
          "fullName": "<Textarea /> should render correctly",
          "location": null,
          "status": "passed",
          "title": "should render correctly"
        },
        {
          "ancestorTitles": ["<Textarea />"],
          "failureMessages": [],
          "fullName": "<Textarea /> should check the data attribute of textarea",
          "location": null,
          "status": "passed",
          "title": "should check the data attribute of textarea"
        }
      ],
      "endTime": 1575982053967,
      "message": "",
      "name": "C:\\Data Backup\\js\\React\\demo-project-3\\atomic-react-components\\lib\\components\\atoms\\Textarea\\tests\\Textarea.test.js",
      "startTime": 1575982053568,
      "status": "passed",
      "summary": ""
    },
    {
      "assertionResults": [
        {
          "ancestorTitles": ["Select Component"],
          "failureMessages": [],
          "fullName": "Select Component should render correctly",
          "location": null,
          "status": "passed",
          "title": "should render correctly"
        },
        {
          "ancestorTitles": ["Select Component"],
          "failureMessages": [],
          "fullName": "Select Component should check the data attribute of dropdown/select",
          "location": null,
          "status": "passed",
          "title": "should check the data attribute of dropdown/select"
        }
      ],
      "endTime": 1575982054400,
      "message": "",
      "name": "C:\\Data Backup\\js\\React\\demo-project-3\\atomic-react-components\\lib\\components\\atoms\\Select\\tests\\Select.test.js",
      "startTime": 1575982053928,
      "status": "passed",
      "summary": ""
    },
    {
      "assertionResults": [
        {
          "ancestorTitles": ["Debug"],
          "failureMessages": [],
          "fullName": "Debug should render correctly",
          "location": null,
          "status": "passed",
          "title": "should render correctly"
        }
      ],
      "endTime": 1575982054527,
      "message": "",
      "name": "C:\\Data Backup\\js\\React\\demo-project-3\\atomic-react-components\\lib\\components\\molecules\\Form\\Debug\\tests\\Debug.test.js",
      "startTime": 1575982054111,
      "status": "passed",
      "summary": ""
    }
  ],
  "wasInterrupted": false,
  "coverageMap": {
    "C:\\Data Backup\\js\\React\\demo-project-3\\atomic-react-components\\lib\\components\\molecules\\Form\\FieldSelect\\FieldSelect.js": {
      "path": "C:\\Data Backup\\js\\React\\demo-project-3\\atomic-react-components\\lib\\components\\molecules\\Form\\FieldSelect\\FieldSelect.js",
      "statementMap": {
        "0": { "start": { "line": 21, "column": 20 }, "end": { "line": 52, "column": 1 } },
        "1": { "start": { "line": 31, "column": 2 }, "end": { "line": 51, "column": 8 } },
        "2": { "start": { "line": 37, "column": 33 }, "end": { "line": 37, "column": 37 } },
        "3": { "start": { "line": 38, "column": 8 }, "end": { "line": 47, "column": 10 } },
        "4": { "start": { "line": 43, "column": 14 }, "end": { "line": 43, "column": 30 } },
        "5": { "start": { "line": 44, "column": 14 }, "end": { "line": 44, "column": 68 } },
        "6": { "start": { "line": 44, "column": 50 }, "end": { "line": 44, "column": 68 } },
        "7": { "start": { "line": 54, "column": 0 }, "end": { "line": 58, "column": 2 } }
      },
      "fnMap": {
        "0": {
          "name": "(anonymous_0)",
          "decl": { "start": { "line": 21, "column": 20 }, "end": { "line": 21, "column": 21 } },
          "loc": { "start": { "line": 31, "column": 2 }, "end": { "line": 51, "column": 8 } },
          "line": 31
        },
        "1": {
          "name": "(anonymous_1)",
          "decl": { "start": { "line": 36, "column": 7 }, "end": { "line": 36, "column": 8 } },
          "loc": { "start": { "line": 36, "column": 28 }, "end": { "line": 48, "column": 7 } },
          "line": 36
        },
        "2": {
          "name": "(anonymous_2)",
          "decl": { "start": { "line": 42, "column": 22 }, "end": { "line": 42, "column": 23 } },
          "loc": { "start": { "line": 42, "column": 27 }, "end": { "line": 45, "column": 13 } },
          "line": 42
        }
      },
      "branchMap": {
        "0": {
          "loc": { "start": { "line": 44, "column": 14 }, "end": { "line": 44, "column": 68 } },
          "type": "if",
          "locations": [
            { "start": { "line": 44, "column": 14 }, "end": { "line": 44, "column": 68 } },
            { "start": { "line": 44, "column": 14 }, "end": { "line": 44, "column": 68 } }
          ],
          "line": 44
        }
      },
      "s": { "0": 2, "1": 1, "2": 0, "3": 0, "4": 0, "5": 0, "6": 0, "7": 2 },
      "f": { "0": 1, "1": 0, "2": 0 },
      "b": { "0": [0, 0] },
      "_coverageSchema": "43e27e138ebf9cfc5966b082cf9a028302ed4184",
      "hash": "a89dd803295910f15a9a3efe63801b8d34c5b08b"
    },
    "C:\\Data Backup\\js\\React\\demo-project-3\\atomic-react-components\\lib\\components\\atoms\\Label\\index.js": {
      "path": "C:\\Data Backup\\js\\React\\demo-project-3\\atomic-react-components\\lib\\components\\atoms\\Label\\index.js",
      "statementMap": {},
      "fnMap": {},
      "branchMap": {},
      "s": {},
      "f": {},
      "b": {},
      "_coverageSchema": "43e27e138ebf9cfc5966b082cf9a028302ed4184",
      "hash": "c22fa5a16005a0750c63e5f72796205ff5f74cf5"
    },
    "C:\\Data Backup\\js\\React\\demo-project-3\\atomic-react-components\\lib\\components\\atoms\\Label\\Label.js": {
      "path": "C:\\Data Backup\\js\\React\\demo-project-3\\atomic-react-components\\lib\\components\\atoms\\Label\\Label.js",
      "statementMap": {
        "0": { "start": { "line": 14, "column": 14 }, "end": { "line": 25, "column": 1 } },
        "1": { "start": { "line": 17, "column": 2 }, "end": { "line": 24, "column": 10 } },
        "2": { "start": { "line": 27, "column": 0 }, "end": { "line": 30, "column": 2 } }
      },
      "fnMap": {
        "0": {
          "name": "(anonymous_0)",
          "decl": { "start": { "line": 14, "column": 14 }, "end": { "line": 14, "column": 15 } },
          "loc": { "start": { "line": 17, "column": 2 }, "end": { "line": 24, "column": 10 } },
          "line": 17
        }
      },
      "branchMap": {
        "0": {
          "loc": { "start": { "line": 20, "column": 18 }, "end": { "line": 20, "column": 88 } },
          "type": "binary-expr",
          "locations": [
            { "start": { "line": 20, "column": 18 }, "end": { "line": 20, "column": 32 } },
            { "start": { "line": 20, "column": 36 }, "end": { "line": 20, "column": 88 } }
          ],
          "line": 20
        }
      },
      "s": { "0": 6, "1": 3, "2": 6 },
      "f": { "0": 3 },
      "b": { "0": [3, 2] },
      "_coverageSchema": "43e27e138ebf9cfc5966b082cf9a028302ed4184",
      "hash": "15852d7137386ae6acce2e21bc693f005e563f66"
    },
    "C:\\Data Backup\\js\\React\\demo-project-3\\atomic-react-components\\lib\\core\\utils\\elementLocator.js": {
      "path": "C:\\Data Backup\\js\\React\\demo-project-3\\atomic-react-components\\lib\\core\\utils\\elementLocator.js",
      "statementMap": {
        "0": { "start": { "line": 4, "column": 36 }, "end": { "line": 20, "column": 1 } },
        "1": { "start": { "line": 5, "column": 14 }, "end": { "line": 5, "column": 16 } },
        "2": { "start": { "line": 7, "column": 2 }, "end": { "line": 18, "column": 5 } },
        "3": { "start": { "line": 8, "column": 24 }, "end": { "line": 8, "column": 29 } },
        "4": { "start": { "line": 10, "column": 4 }, "end": { "line": 16, "column": 5 } },
        "5": { "start": { "line": 11, "column": 6 }, "end": { "line": 15, "column": 9 } },
        "6": { "start": { "line": 12, "column": 8 }, "end": { "line": 12, "column": 78 } },
        "7": { "start": { "line": 13, "column": 8 }, "end": { "line": 13, "column": 51 } },
        "8": { "start": { "line": 13, "column": 30 }, "end": { "line": 13, "column": 51 } },
        "9": { "start": { "line": 14, "column": 8 }, "end": { "line": 14, "column": 29 } },
        "10": { "start": { "line": 17, "column": 4 }, "end": { "line": 17, "column": 45 } },
        "11": { "start": { "line": 19, "column": 2 }, "end": { "line": 19, "column": 29 } }
      },
      "fnMap": {
        "0": {
          "name": "(anonymous_0)",
          "decl": { "start": { "line": 4, "column": 36 }, "end": { "line": 4, "column": 37 } },
          "loc": { "start": { "line": 4, "column": 48 }, "end": { "line": 20, "column": 1 } },
          "line": 4
        },
        "1": {
          "name": "(anonymous_1)",
          "decl": { "start": { "line": 7, "column": 34 }, "end": { "line": 7, "column": 35 } },
          "loc": { "start": { "line": 7, "column": 57 }, "end": { "line": 18, "column": 3 } },
          "line": 7
        },
        "2": {
          "name": "(anonymous_2)",
          "decl": { "start": { "line": 11, "column": 28 }, "end": { "line": 11, "column": 29 } },
          "loc": { "start": { "line": 11, "column": 51 }, "end": { "line": 15, "column": 7 } },
          "line": 11
        }
      },
      "branchMap": {
        "0": {
          "loc": { "start": { "line": 10, "column": 4 }, "end": { "line": 16, "column": 5 } },
          "type": "if",
          "locations": [
            { "start": { "line": 10, "column": 4 }, "end": { "line": 16, "column": 5 } },
            { "start": { "line": 10, "column": 4 }, "end": { "line": 16, "column": 5 } }
          ],
          "line": 10
        },
        "1": {
          "loc": { "start": { "line": 12, "column": 20 }, "end": { "line": 12, "column": 67 } },
          "type": "cond-expr",
          "locations": [
            { "start": { "line": 12, "column": 59 }, "end": { "line": 12, "column": 61 } },
            { "start": { "line": 12, "column": 64 }, "end": { "line": 12, "column": 67 } }
          ],
          "line": 12
        },
        "2": {
          "loc": { "start": { "line": 12, "column": 20 }, "end": { "line": 12, "column": 56 } },
          "type": "binary-expr",
          "locations": [
            { "start": { "line": 12, "column": 20 }, "end": { "line": 12, "column": 36 } },
            { "start": { "line": 12, "column": 40 }, "end": { "line": 12, "column": 56 } }
          ],
          "line": 12
        },
        "3": {
          "loc": { "start": { "line": 13, "column": 8 }, "end": { "line": 13, "column": 51 } },
          "type": "if",
          "locations": [
            { "start": { "line": 13, "column": 8 }, "end": { "line": 13, "column": 51 } },
            { "start": { "line": 13, "column": 8 }, "end": { "line": 13, "column": 51 } }
          ],
          "line": 13
        },
        "4": {
          "loc": { "start": { "line": 17, "column": 11 }, "end": { "line": 17, "column": 44 } },
          "type": "binary-expr",
          "locations": [
            { "start": { "line": 17, "column": 11 }, "end": { "line": 17, "column": 24 } },
            { "start": { "line": 17, "column": 28 }, "end": { "line": 17, "column": 44 } }
          ],
          "line": 17
        }
      },
      "s": {
        "0": 18,
        "1": 26,
        "2": 26,
        "3": 25,
        "4": 25,
        "5": 25,
        "6": 38,
        "7": 38,
        "8": 13,
        "9": 38,
        "10": 25,
        "11": 26
      },
      "f": { "0": 26, "1": 25, "2": 38 },
      "b": { "0": [25, 0], "1": [25, 13], "2": [38, 38], "3": [13, 25], "4": [25, 12] },
      "_coverageSchema": "43e27e138ebf9cfc5966b082cf9a028302ed4184",
      "hash": "18d32d42b80e6f55df18924e60fc8ff4fcd95737"
    },
    "C:\\Data Backup\\js\\React\\demo-project-3\\atomic-react-components\\lib\\components\\atoms\\Select\\index.js": {
      "path": "C:\\Data Backup\\js\\React\\demo-project-3\\atomic-react-components\\lib\\components\\atoms\\Select\\index.js",
      "statementMap": {},
      "fnMap": {},
      "branchMap": {},
      "s": {},
      "f": {},
      "b": {},
      "_coverageSchema": "43e27e138ebf9cfc5966b082cf9a028302ed4184",
      "hash": "2dafa1974f850d1e05e8be4d9a62d503879277de"
    },
    "C:\\Data Backup\\js\\React\\demo-project-3\\atomic-react-components\\lib\\components\\atoms\\Select\\Select.js": {
      "path": "C:\\Data Backup\\js\\React\\demo-project-3\\atomic-react-components\\lib\\components\\atoms\\Select\\Select.js",
      "statementMap": {
        "0": { "start": { "line": 18, "column": 15 }, "end": { "line": 45, "column": 1 } },
        "1": { "start": { "line": 29, "column": 2 }, "end": { "line": 44, "column": 11 } },
        "2": { "start": { "line": 40, "column": 6 }, "end": { "line": 42, "column": 15 } },
        "3": { "start": { "line": 47, "column": 0 }, "end": { "line": 53, "column": 2 } }
      },
      "fnMap": {
        "0": {
          "name": "(anonymous_0)",
          "decl": { "start": { "line": 18, "column": 15 }, "end": { "line": 18, "column": 16 } },
          "loc": { "start": { "line": 29, "column": 2 }, "end": { "line": 44, "column": 11 } },
          "line": 29
        },
        "1": {
          "name": "(anonymous_1)",
          "decl": { "start": { "line": 39, "column": 17 }, "end": { "line": 39, "column": 18 } },
          "loc": { "start": { "line": 40, "column": 6 }, "end": { "line": 42, "column": 15 } },
          "line": 40
        }
      },
      "branchMap": {
        "0": {
          "loc": { "start": { "line": 35, "column": 18 }, "end": { "line": 35, "column": 64 } },
          "type": "binary-expr",
          "locations": [
            { "start": { "line": 35, "column": 18 }, "end": { "line": 35, "column": 32 } },
            { "start": { "line": 35, "column": 36 }, "end": { "line": 35, "column": 64 } }
          ],
          "line": 35
        },
        "1": {
          "loc": { "start": { "line": 38, "column": 5 }, "end": { "line": 38, "column": 59 } },
          "type": "binary-expr",
          "locations": [
            { "start": { "line": 38, "column": 5 }, "end": { "line": 38, "column": 16 } },
            { "start": { "line": 38, "column": 20 }, "end": { "line": 38, "column": 59 } }
          ],
          "line": 38
        }
      },
      "s": { "0": 4, "1": 3, "2": 6, "3": 4 },
      "f": { "0": 3, "1": 6 },
      "b": { "0": [3, 1], "1": [3, 0] },
      "_coverageSchema": "43e27e138ebf9cfc5966b082cf9a028302ed4184",
      "hash": "9a2ddc6c495aba2620eb05c2c94e11df24539414"
    },
    "C:\\Data Backup\\js\\React\\demo-project-3\\atomic-react-components\\lib\\components\\atoms\\Select\\Select.style.js": {
      "path": "C:\\Data Backup\\js\\React\\demo-project-3\\atomic-react-components\\lib\\components\\atoms\\Select\\Select.style.js",
      "statementMap": {
        "0": { "start": { "line": 3, "column": 15 }, "end": { "line": 22, "column": 1 } },
        "1": { "start": { "line": 5, "column": 13 }, "end": { "line": 10, "column": 3 } },
        "2": { "start": { "line": 14, "column": 4 }, "end": { "line": 19, "column": 10 } },
        "3": { "start": { "line": 21, "column": 14 }, "end": { "line": 21, "column": 64 } }
      },
      "fnMap": {
        "0": {
          "name": "(anonymous_0)",
          "decl": { "start": { "line": 5, "column": 4 }, "end": { "line": 5, "column": 5 } },
          "loc": { "start": { "line": 5, "column": 13 }, "end": { "line": 10, "column": 3 } },
          "line": 5
        },
        "1": {
          "name": "(anonymous_1)",
          "decl": { "start": { "line": 13, "column": 4 }, "end": { "line": 13, "column": 5 } },
          "loc": { "start": { "line": 14, "column": 4 }, "end": { "line": 19, "column": 10 } },
          "line": 14
        },
        "2": {
          "name": "(anonymous_2)",
          "decl": { "start": { "line": 21, "column": 4 }, "end": { "line": 21, "column": 5 } },
          "loc": { "start": { "line": 21, "column": 14 }, "end": { "line": 21, "column": 64 } },
          "line": 21
        }
      },
      "branchMap": {
        "0": {
          "loc": { "start": { "line": 14, "column": 4 }, "end": { "line": 19, "column": 10 } },
          "type": "cond-expr",
          "locations": [
            { "start": { "line": 15, "column": 8 }, "end": { "line": 18, "column": 5 } },
            { "start": { "line": 19, "column": 8 }, "end": { "line": 19, "column": 10 } }
          ],
          "line": 14
        },
        "1": {
          "loc": { "start": { "line": 21, "column": 14 }, "end": { "line": 21, "column": 64 } },
          "type": "cond-expr",
          "locations": [
            { "start": { "line": 21, "column": 38 }, "end": { "line": 21, "column": 59 } },
            { "start": { "line": 21, "column": 62 }, "end": { "line": 21, "column": 64 } }
          ],
          "line": 21
        }
      },
      "s": { "0": 4, "1": 0, "2": 0, "3": 0 },
      "f": { "0": 0, "1": 0, "2": 0 },
      "b": { "0": [0, 0], "1": [0, 0] },
      "_coverageSchema": "43e27e138ebf9cfc5966b082cf9a028302ed4184",
      "hash": "6a26864b50e8348ae33d5a991099aee97c963f8a"
    },
    "C:\\Data Backup\\js\\React\\demo-project-3\\atomic-react-components\\lib\\components\\atoms\\FieldError\\index.js": {
      "path": "C:\\Data Backup\\js\\React\\demo-project-3\\atomic-react-components\\lib\\components\\atoms\\FieldError\\index.js",
      "statementMap": {},
      "fnMap": {},
      "branchMap": {},
      "s": {},
      "f": {},
      "b": {},
      "_coverageSchema": "43e27e138ebf9cfc5966b082cf9a028302ed4184",
      "hash": "889866ddd4238c1b06228dfea834c94a5d4e914a"
    },
    "C:\\Data Backup\\js\\React\\demo-project-3\\atomic-react-components\\lib\\components\\atoms\\FieldError\\FieldError.js": {
      "path": "C:\\Data Backup\\js\\React\\demo-project-3\\atomic-react-components\\lib\\components\\atoms\\FieldError\\FieldError.js",
      "statementMap": {
        "0": { "start": { "line": 17, "column": 19 }, "end": { "line": 37, "column": 1 } },
        "1": { "start": { "line": 25, "column": 2 }, "end": { "line": 36, "column": 4 } },
        "2": { "start": { "line": 39, "column": 0 }, "end": { "line": 44, "column": 2 } }
      },
      "fnMap": {
        "0": {
          "name": "(anonymous_0)",
          "decl": { "start": { "line": 17, "column": 19 }, "end": { "line": 17, "column": 20 } },
          "loc": { "start": { "line": 24, "column": 19 }, "end": { "line": 37, "column": 1 } },
          "line": 24
        }
      },
      "branchMap": {
        "0": {
          "loc": { "start": { "line": 30, "column": 20 }, "end": { "line": 30, "column": 59 } },
          "type": "cond-expr",
          "locations": [
            { "start": { "line": 30, "column": 33 }, "end": { "line": 30, "column": 54 } },
            { "start": { "line": 30, "column": 57 }, "end": { "line": 30, "column": 59 } }
          ],
          "line": 30
        },
        "1": {
          "loc": { "start": { "line": 31, "column": 20 }, "end": { "line": 31, "column": 85 } },
          "type": "binary-expr",
          "locations": [
            { "start": { "line": 31, "column": 20 }, "end": { "line": 31, "column": 34 } },
            { "start": { "line": 31, "column": 38 }, "end": { "line": 31, "column": 85 } }
          ],
          "line": 31
        }
      },
      "s": { "0": 5, "1": 5, "2": 5 },
      "f": { "0": 5 },
      "b": { "0": [1, 4], "1": [5, 4] },
      "_coverageSchema": "43e27e138ebf9cfc5966b082cf9a028302ed4184",
      "hash": "ae0c0436286686c1b8d88710a7e8606b5218e83c"
    },
    "C:\\Data Backup\\js\\React\\demo-project-3\\atomic-react-components\\lib\\components\\atoms\\Para\\index.js": {
      "path": "C:\\Data Backup\\js\\React\\demo-project-3\\atomic-react-components\\lib\\components\\atoms\\Para\\index.js",
      "statementMap": {},
      "fnMap": {},
      "branchMap": {},
      "s": {},
      "f": {},
      "b": {},
      "_coverageSchema": "43e27e138ebf9cfc5966b082cf9a028302ed4184",
      "hash": "f5a03399084a0f4940e7d4cd52b7b146f27c4121"
    },
    "C:\\Data Backup\\js\\React\\demo-project-3\\atomic-react-components\\lib\\components\\atoms\\Para\\Para.js": {
      "path": "C:\\Data Backup\\js\\React\\demo-project-3\\atomic-react-components\\lib\\components\\atoms\\Para\\Para.js",
      "statementMap": {
        "0": { "start": { "line": 15, "column": 13 }, "end": { "line": 27, "column": 1 } },
        "1": { "start": { "line": 16, "column": 22 }, "end": { "line": 20, "column": 8 } },
        "2": { "start": { "line": 22, "column": 2 }, "end": { "line": 26, "column": 4 } },
        "3": { "start": { "line": 29, "column": 0 }, "end": { "line": 33, "column": 2 } }
      },
      "fnMap": {
        "0": {
          "name": "(anonymous_0)",
          "decl": { "start": { "line": 15, "column": 13 }, "end": { "line": 15, "column": 14 } },
          "loc": { "start": { "line": 15, "column": 99 }, "end": { "line": 27, "column": 1 } },
          "line": 15
        }
      },
      "branchMap": {
        "0": {
          "loc": { "start": { "line": 16, "column": 22 }, "end": { "line": 20, "column": 8 } },
          "type": "cond-expr",
          "locations": [
            { "start": { "line": 17, "column": 6 }, "end": { "line": 19, "column": 7 } },
            { "start": { "line": 20, "column": 6 }, "end": { "line": 20, "column": 8 } }
          ],
          "line": 16
        }
      },
      "s": { "0": 6, "1": 4, "2": 4, "3": 6 },
      "f": { "0": 4 },
      "b": { "0": [2, 2] },
      "_coverageSchema": "43e27e138ebf9cfc5966b082cf9a028302ed4184",
      "hash": "6b8a38e344de980e2b3cc2d97585f34c6776243a"
    },
    "C:\\Data Backup\\js\\React\\demo-project-3\\atomic-react-components\\lib\\components\\atoms\\Para\\Para.style.js": {
      "path": "C:\\Data Backup\\js\\React\\demo-project-3\\atomic-react-components\\lib\\components\\atoms\\Para\\Para.style.js",
      "statementMap": {},
      "fnMap": {},
      "branchMap": {},
      "s": {},
      "f": {},
      "b": {},
      "_coverageSchema": "43e27e138ebf9cfc5966b082cf9a028302ed4184",
      "hash": "7ae093e4b5d9a67a7f9c20aa416cebf588bc8c5f"
    },
    "C:\\Data Backup\\js\\React\\demo-project-3\\atomic-react-components\\lib\\components\\atoms\\FieldError\\FieldError.style.js": {
      "path": "C:\\Data Backup\\js\\React\\demo-project-3\\atomic-react-components\\lib\\components\\atoms\\FieldError\\FieldError.style.js",
      "statementMap": {
        "0": { "start": { "line": 3, "column": 15 }, "end": { "line": 10, "column": 1 } },
        "1": { "start": { "line": 4, "column": 13 }, "end": { "line": 4, "column": 46 } },
        "2": { "start": { "line": 5, "column": 13 }, "end": { "line": 5, "column": 42 } },
        "3": { "start": { "line": 9, "column": 14 }, "end": { "line": 9, "column": 64 } }
      },
      "fnMap": {
        "0": {
          "name": "(anonymous_0)",
          "decl": { "start": { "line": 4, "column": 4 }, "end": { "line": 4, "column": 5 } },
          "loc": { "start": { "line": 4, "column": 13 }, "end": { "line": 4, "column": 46 } },
          "line": 4
        },
        "1": {
          "name": "(anonymous_1)",
          "decl": { "start": { "line": 5, "column": 4 }, "end": { "line": 5, "column": 5 } },
          "loc": { "start": { "line": 5, "column": 13 }, "end": { "line": 5, "column": 42 } },
          "line": 5
        },
        "2": {
          "name": "(anonymous_2)",
          "decl": { "start": { "line": 9, "column": 4 }, "end": { "line": 9, "column": 5 } },
          "loc": { "start": { "line": 9, "column": 14 }, "end": { "line": 9, "column": 64 } },
          "line": 9
        }
      },
      "branchMap": {
        "0": {
          "loc": { "start": { "line": 9, "column": 14 }, "end": { "line": 9, "column": 64 } },
          "type": "cond-expr",
          "locations": [
            { "start": { "line": 9, "column": 38 }, "end": { "line": 9, "column": 59 } },
            { "start": { "line": 9, "column": 62 }, "end": { "line": 9, "column": 64 } }
          ],
          "line": 9
        }
      },
      "s": { "0": 5, "1": 0, "2": 0, "3": 0 },
      "f": { "0": 0, "1": 0, "2": 0 },
      "b": { "0": [0, 0] },
      "_coverageSchema": "43e27e138ebf9cfc5966b082cf9a028302ed4184",
      "hash": "55e5199eacb4fb068017d231bc242c026aa6fd90"
    },
    "C:\\Data Backup\\js\\React\\demo-project-3\\atomic-react-components\\lib\\components\\molecules\\Form\\FieldSelect\\FieldSelect.style.js": {
      "path": "C:\\Data Backup\\js\\React\\demo-project-3\\atomic-react-components\\lib\\components\\molecules\\Form\\FieldSelect\\FieldSelect.style.js",
      "statementMap": {
        "0": { "start": { "line": 3, "column": 15 }, "end": { "line": 10, "column": 1 } },
        "1": { "start": { "line": 4, "column": 28 }, "end": { "line": 4, "column": 54 } },
        "2": { "start": { "line": 8, "column": 30 }, "end": { "line": 8, "column": 59 } }
      },
      "fnMap": {
        "0": {
          "name": "(anonymous_0)",
          "decl": { "start": { "line": 4, "column": 19 }, "end": { "line": 4, "column": 20 } },
          "loc": { "start": { "line": 4, "column": 28 }, "end": { "line": 4, "column": 54 } },
          "line": 4
        },
        "1": {
          "name": "(anonymous_1)",
          "decl": { "start": { "line": 8, "column": 21 }, "end": { "line": 8, "column": 22 } },
          "loc": { "start": { "line": 8, "column": 30 }, "end": { "line": 8, "column": 59 } },
          "line": 8
        }
      },
      "branchMap": {},
      "s": { "0": 2, "1": 0, "2": 0 },
      "f": { "0": 0, "1": 0 },
      "b": {},
      "_coverageSchema": "43e27e138ebf9cfc5966b082cf9a028302ed4184",
      "hash": "bb797e843794149a1a93d0d35201813d301cd41e"
    },
    "C:\\Data Backup\\js\\React\\demo-project-3\\atomic-react-components\\lib\\components\\atoms\\Blockquote\\Blockquote.js": {
      "path": "C:\\Data Backup\\js\\React\\demo-project-3\\atomic-react-components\\lib\\components\\atoms\\Blockquote\\Blockquote.js",
      "statementMap": {
        "0": { "start": { "line": 13, "column": 19 }, "end": { "line": 18, "column": 1 } },
        "1": { "start": { "line": 14, "column": 2 }, "end": { "line": 17, "column": 15 } },
        "2": { "start": { "line": 20, "column": 0 }, "end": { "line": 24, "column": 2 } }
      },
      "fnMap": {
        "0": {
          "name": "(anonymous_0)",
          "decl": { "start": { "line": 13, "column": 19 }, "end": { "line": 13, "column": 20 } },
          "loc": { "start": { "line": 14, "column": 2 }, "end": { "line": 17, "column": 15 } },
          "line": 14
        }
      },
      "branchMap": {},
      "s": { "0": 2, "1": 5, "2": 2 },
      "f": { "0": 5 },
      "b": {},
      "_coverageSchema": "43e27e138ebf9cfc5966b082cf9a028302ed4184",
      "hash": "b7019d82546b9f510fc45635bb4e26c150163504"
    },
    "C:\\Data Backup\\js\\React\\demo-project-3\\atomic-react-components\\lib\\components\\atoms\\Blockquote\\Blockquote.style.js": {
      "path": "C:\\Data Backup\\js\\React\\demo-project-3\\atomic-react-components\\lib\\components\\atoms\\Blockquote\\Blockquote.style.js",
      "statementMap": {
        "0": { "start": { "line": 3, "column": 15 }, "end": { "line": 34, "column": 1 } },
        "1": { "start": { "line": 5, "column": 13 }, "end": { "line": 7, "column": 5 } },
        "2": { "start": { "line": 9, "column": 15 }, "end": { "line": 12, "column": 7 } },
        "3": { "start": { "line": 16, "column": 15 }, "end": { "line": 19, "column": 5 } },
        "4": { "start": { "line": 27, "column": 15 }, "end": { "line": 31, "column": 5 } },
        "5": { "start": { "line": 33, "column": 14 }, "end": { "line": 33, "column": 64 } }
      },
      "fnMap": {
        "0": {
          "name": "(anonymous_0)",
          "decl": { "start": { "line": 5, "column": 4 }, "end": { "line": 5, "column": 5 } },
          "loc": { "start": { "line": 5, "column": 13 }, "end": { "line": 7, "column": 5 } },
          "line": 5
        },
        "1": {
          "name": "(anonymous_1)",
          "decl": { "start": { "line": 9, "column": 6 }, "end": { "line": 9, "column": 7 } },
          "loc": { "start": { "line": 9, "column": 15 }, "end": { "line": 12, "column": 7 } },
          "line": 9
        },
        "2": {
          "name": "(anonymous_2)",
          "decl": { "start": { "line": 16, "column": 6 }, "end": { "line": 16, "column": 7 } },
          "loc": { "start": { "line": 16, "column": 15 }, "end": { "line": 19, "column": 5 } },
          "line": 16
        },
        "3": {
          "name": "(anonymous_3)",
          "decl": { "start": { "line": 27, "column": 6 }, "end": { "line": 27, "column": 7 } },
          "loc": { "start": { "line": 27, "column": 15 }, "end": { "line": 31, "column": 5 } },
          "line": 27
        },
        "4": {
          "name": "(anonymous_4)",
          "decl": { "start": { "line": 33, "column": 4 }, "end": { "line": 33, "column": 5 } },
          "loc": { "start": { "line": 33, "column": 14 }, "end": { "line": 33, "column": 64 } },
          "line": 33
        }
      },
      "branchMap": {
        "0": {
          "loc": { "start": { "line": 33, "column": 14 }, "end": { "line": 33, "column": 64 } },
          "type": "cond-expr",
          "locations": [
            { "start": { "line": 33, "column": 38 }, "end": { "line": 33, "column": 59 } },
            { "start": { "line": 33, "column": 62 }, "end": { "line": 33, "column": 64 } }
          ],
          "line": 33
        }
      },
      "s": { "0": 2, "1": 0, "2": 0, "3": 0, "4": 0, "5": 0 },
      "f": { "0": 0, "1": 0, "2": 0, "3": 0, "4": 0 },
      "b": { "0": [0, 0] },
      "_coverageSchema": "43e27e138ebf9cfc5966b082cf9a028302ed4184",
      "hash": "d069f701308339d0dc067f2c6ef1600cd930c3c5"
    },
    "C:\\Data Backup\\js\\React\\demo-project-3\\atomic-react-components\\lib\\components\\molecules\\QuoteMedia\\QuoteMedia.js": {
      "path": "C:\\Data Backup\\js\\React\\demo-project-3\\atomic-react-components\\lib\\components\\molecules\\QuoteMedia\\QuoteMedia.js",
      "statementMap": {
        "0": { "start": { "line": 16, "column": 19 }, "end": { "line": 35, "column": 1 } },
        "1": { "start": { "line": 26, "column": 2 }, "end": { "line": 34, "column": 8 } },
        "2": { "start": { "line": 37, "column": 0 }, "end": { "line": 41, "column": 2 } }
      },
      "fnMap": {
        "0": {
          "name": "(anonymous_0)",
          "decl": { "start": { "line": 16, "column": 19 }, "end": { "line": 16, "column": 20 } },
          "loc": { "start": { "line": 26, "column": 2 }, "end": { "line": 34, "column": 8 } },
          "line": 26
        }
      },
      "branchMap": {
        "0": {
          "loc": { "start": { "line": 30, "column": 20 }, "end": { "line": 30, "column": 63 } },
          "type": "cond-expr",
          "locations": [
            { "start": { "line": 30, "column": 44 }, "end": { "line": 30, "column": 53 } },
            { "start": { "line": 30, "column": 56 }, "end": { "line": 30, "column": 63 } }
          ],
          "line": 30
        },
        "1": {
          "loc": { "start": { "line": 30, "column": 20 }, "end": { "line": 30, "column": 41 } },
          "type": "binary-expr",
          "locations": [
            { "start": { "line": 30, "column": 20 }, "end": { "line": 30, "column": 28 } },
            { "start": { "line": 30, "column": 32 }, "end": { "line": 30, "column": 41 } }
          ],
          "line": 30
        },
        "2": {
          "loc": { "start": { "line": 31, "column": 7 }, "end": { "line": 31, "column": 76 } },
          "type": "binary-expr",
          "locations": [
            { "start": { "line": 31, "column": 7 }, "end": { "line": 31, "column": 16 } },
            { "start": { "line": 31, "column": 20 }, "end": { "line": 31, "column": 76 } }
          ],
          "line": 31
        },
        "3": {
          "loc": { "start": { "line": 32, "column": 7 }, "end": { "line": 32, "column": 58 } },
          "type": "binary-expr",
          "locations": [
            { "start": { "line": 32, "column": 7 }, "end": { "line": 32, "column": 15 } },
            { "start": { "line": 32, "column": 19 }, "end": { "line": 32, "column": 58 } }
          ],
          "line": 32
        }
      },
      "s": { "0": 1, "1": 3, "2": 1 },
      "f": { "0": 3 },
      "b": { "0": [0, 3], "1": [3, 0], "2": [3, 3], "3": [3, 0] },
      "_coverageSchema": "43e27e138ebf9cfc5966b082cf9a028302ed4184",
      "hash": "1c032e029214f02c157852db9a769c4cc8dd368b"
    },
    "C:\\Data Backup\\js\\React\\demo-project-3\\atomic-react-components\\lib\\components\\molecules\\QuoteMedia\\QuoteMedia.style.js": {
      "path": "C:\\Data Backup\\js\\React\\demo-project-3\\atomic-react-components\\lib\\components\\molecules\\QuoteMedia\\QuoteMedia.style.js",
      "statementMap": {
        "0": { "start": { "line": 3, "column": 15 }, "end": { "line": 22, "column": 1 } },
        "1": { "start": { "line": 9, "column": 15 }, "end": { "line": 12, "column": 5 } },
        "2": { "start": { "line": 16, "column": 15 }, "end": { "line": 18, "column": 3 } },
        "3": { "start": { "line": 21, "column": 14 }, "end": { "line": 21, "column": 64 } }
      },
      "fnMap": {
        "0": {
          "name": "(anonymous_0)",
          "decl": { "start": { "line": 9, "column": 6 }, "end": { "line": 9, "column": 7 } },
          "loc": { "start": { "line": 9, "column": 15 }, "end": { "line": 12, "column": 5 } },
          "line": 9
        },
        "1": {
          "name": "(anonymous_1)",
          "decl": { "start": { "line": 16, "column": 6 }, "end": { "line": 16, "column": 7 } },
          "loc": { "start": { "line": 16, "column": 15 }, "end": { "line": 18, "column": 3 } },
          "line": 16
        },
        "2": {
          "name": "(anonymous_2)",
          "decl": { "start": { "line": 21, "column": 4 }, "end": { "line": 21, "column": 5 } },
          "loc": { "start": { "line": 21, "column": 14 }, "end": { "line": 21, "column": 64 } },
          "line": 21
        }
      },
      "branchMap": {
        "0": {
          "loc": { "start": { "line": 21, "column": 14 }, "end": { "line": 21, "column": 64 } },
          "type": "cond-expr",
          "locations": [
            { "start": { "line": 21, "column": 38 }, "end": { "line": 21, "column": 59 } },
            { "start": { "line": 21, "column": 62 }, "end": { "line": 21, "column": 64 } }
          ],
          "line": 21
        }
      },
      "s": { "0": 1, "1": 0, "2": 0, "3": 0 },
      "f": { "0": 0, "1": 0, "2": 0 },
      "b": { "0": [0, 0] },
      "_coverageSchema": "43e27e138ebf9cfc5966b082cf9a028302ed4184",
      "hash": "808a30d1adf3bd4b43048d3312d5be9071fd9c83"
    },
    "C:\\Data Backup\\js\\React\\demo-project-3\\atomic-react-components\\lib\\components\\atoms\\Heading\\Heading.js": {
      "path": "C:\\Data Backup\\js\\React\\demo-project-3\\atomic-react-components\\lib\\components\\atoms\\Heading\\Heading.js",
      "statementMap": {
        "0": { "start": { "line": 17, "column": 16 }, "end": { "line": 32, "column": 1 } },
        "1": { "start": { "line": 25, "column": 2 }, "end": { "line": 31, "column": 16 } },
        "2": { "start": { "line": 34, "column": 0 }, "end": { "line": 38, "column": 2 } }
      },
      "fnMap": {
        "0": {
          "name": "(anonymous_0)",
          "decl": { "start": { "line": 17, "column": 16 }, "end": { "line": 17, "column": 17 } },
          "loc": { "start": { "line": 25, "column": 2 }, "end": { "line": 31, "column": 16 } },
          "line": 25
        }
      },
      "branchMap": {
        "0": {
          "loc": { "start": { "line": 20, "column": 2 }, "end": { "line": 20, "column": 20 } },
          "type": "default-arg",
          "locations": [
            { "start": { "line": 20, "column": 16 }, "end": { "line": 20, "column": 20 } }
          ],
          "line": 20
        },
        "1": {
          "loc": { "start": { "line": 27, "column": 18 }, "end": { "line": 27, "column": 94 } },
          "type": "binary-expr",
          "locations": [
            { "start": { "line": 27, "column": 18 }, "end": { "line": 27, "column": 32 } },
            { "start": { "line": 27, "column": 36 }, "end": { "line": 27, "column": 94 } }
          ],
          "line": 27
        }
      },
      "s": { "0": 2, "1": 3, "2": 2 },
      "f": { "0": 3 },
      "b": { "0": [0], "1": [3, 2] },
      "_coverageSchema": "43e27e138ebf9cfc5966b082cf9a028302ed4184",
      "hash": "88b58b46518b8f71c93ba638720b6f9186ec3fd2"
    },
    "C:\\Data Backup\\js\\React\\demo-project-3\\atomic-react-components\\lib\\components\\atoms\\Heading\\Heading.style.js": {
      "path": "C:\\Data Backup\\js\\React\\demo-project-3\\atomic-react-components\\lib\\components\\atoms\\Heading\\Heading.style.js",
      "statementMap": {
        "0": { "start": { "line": 5, "column": 4 }, "end": { "line": 16, "column": 5 } },
        "1": { "start": { "line": 7, "column": 8 }, "end": { "line": 7, "column": 46 } },
        "2": { "start": { "line": 9, "column": 8 }, "end": { "line": 9, "column": 46 } },
        "3": { "start": { "line": 11, "column": 8 }, "end": { "line": 11, "column": 46 } },
        "4": { "start": { "line": 13, "column": 8 }, "end": { "line": 13, "column": 46 } },
        "5": { "start": { "line": 15, "column": 8 }, "end": { "line": 15, "column": 51 } },
        "6": { "start": { "line": 18, "column": 14 }, "end": { "line": 18, "column": 64 } }
      },
      "fnMap": {
        "0": {
          "name": "(anonymous_0)",
          "decl": { "start": { "line": 4, "column": 4 }, "end": { "line": 4, "column": 5 } },
          "loc": { "start": { "line": 4, "column": 13 }, "end": { "line": 17, "column": 3 } },
          "line": 4
        },
        "1": {
          "name": "(anonymous_1)",
          "decl": { "start": { "line": 18, "column": 4 }, "end": { "line": 18, "column": 5 } },
          "loc": { "start": { "line": 18, "column": 14 }, "end": { "line": 18, "column": 64 } },
          "line": 18
        }
      },
      "branchMap": {
        "0": {
          "loc": { "start": { "line": 5, "column": 4 }, "end": { "line": 16, "column": 5 } },
          "type": "switch",
          "locations": [
            { "start": { "line": 6, "column": 6 }, "end": { "line": 7, "column": 46 } },
            { "start": { "line": 8, "column": 6 }, "end": { "line": 9, "column": 46 } },
            { "start": { "line": 10, "column": 6 }, "end": { "line": 11, "column": 46 } },
            { "start": { "line": 12, "column": 6 }, "end": { "line": 13, "column": 46 } },
            { "start": { "line": 14, "column": 6 }, "end": { "line": 15, "column": 51 } }
          ],
          "line": 5
        },
        "1": {
          "loc": { "start": { "line": 18, "column": 14 }, "end": { "line": 18, "column": 64 } },
          "type": "cond-expr",
          "locations": [
            { "start": { "line": 18, "column": 38 }, "end": { "line": 18, "column": 59 } },
            { "start": { "line": 18, "column": 62 }, "end": { "line": 18, "column": 64 } }
          ],
          "line": 18
        }
      },
      "s": { "0": 0, "1": 0, "2": 0, "3": 0, "4": 0, "5": 0, "6": 0 },
      "f": { "0": 0, "1": 0 },
      "b": { "0": [0, 0, 0, 0, 0], "1": [0, 0] },
      "_coverageSchema": "43e27e138ebf9cfc5966b082cf9a028302ed4184",
      "hash": "93ac27e230f868e36e0261f4248c14bb9fe70829"
    },
    "C:\\Data Backup\\js\\React\\demo-project-3\\atomic-react-components\\lib\\components\\molecules\\Form\\FieldInput\\FieldInput.js": {
      "path": "C:\\Data Backup\\js\\React\\demo-project-3\\atomic-react-components\\lib\\components\\molecules\\Form\\FieldInput\\FieldInput.js",
      "statementMap": {
        "0": { "start": { "line": 28, "column": 19 }, "end": { "line": 77, "column": 1 } },
        "1": { "start": { "line": 41, "column": 18 }, "end": { "line": 41, "column": 42 } },
        "2": { "start": { "line": 42, "column": 2 }, "end": { "line": 76, "column": 4 } },
        "3": { "start": { "line": 50, "column": 47 }, "end": { "line": 50, "column": 51 } },
        "4": { "start": { "line": 51, "column": 10 }, "end": { "line": 66, "column": 12 } },
        "5": { "start": { "line": 58, "column": 16 }, "end": { "line": 58, "column": 32 } },
        "6": { "start": { "line": 59, "column": 16 }, "end": { "line": 59, "column": 70 } },
        "7": { "start": { "line": 59, "column": 52 }, "end": { "line": 59, "column": 70 } },
        "8": { "start": { "line": 62, "column": 16 }, "end": { "line": 62, "column": 30 } },
        "9": { "start": { "line": 63, "column": 16 }, "end": { "line": 63, "column": 66 } },
        "10": { "start": { "line": 63, "column": 50 }, "end": { "line": 63, "column": 66 } },
        "11": { "start": { "line": 79, "column": 0 }, "end": { "line": 89, "column": 2 } }
      },
      "fnMap": {
        "0": {
          "name": "(anonymous_0)",
          "decl": { "start": { "line": 28, "column": 19 }, "end": { "line": 28, "column": 20 } },
          "loc": { "start": { "line": 40, "column": 19 }, "end": { "line": 77, "column": 1 } },
          "line": 40
        },
        "1": {
          "name": "(anonymous_1)",
          "decl": { "start": { "line": 49, "column": 9 }, "end": { "line": 49, "column": 10 } },
          "loc": { "start": { "line": 49, "column": 30 }, "end": { "line": 67, "column": 9 } },
          "line": 49
        },
        "2": {
          "name": "(anonymous_2)",
          "decl": { "start": { "line": 57, "column": 24 }, "end": { "line": 57, "column": 25 } },
          "loc": { "start": { "line": 57, "column": 29 }, "end": { "line": 60, "column": 15 } },
          "line": 57
        },
        "3": {
          "name": "(anonymous_3)",
          "decl": { "start": { "line": 61, "column": 22 }, "end": { "line": 61, "column": 23 } },
          "loc": { "start": { "line": 61, "column": 27 }, "end": { "line": 64, "column": 15 } },
          "line": 61
        }
      },
      "branchMap": {
        "0": {
          "loc": { "start": { "line": 41, "column": 18 }, "end": { "line": 41, "column": 42 } },
          "type": "binary-expr",
          "locations": [
            { "start": { "line": 41, "column": 18 }, "end": { "line": 41, "column": 20 } },
            { "start": { "line": 41, "column": 24 }, "end": { "line": 41, "column": 42 } }
          ],
          "line": 41
        },
        "1": {
          "loc": { "start": { "line": 56, "column": 32 }, "end": { "line": 56, "column": 88 } },
          "type": "cond-expr",
          "locations": [
            { "start": { "line": 56, "column": 57 }, "end": { "line": 56, "column": 81 } },
            { "start": { "line": 56, "column": 84 }, "end": { "line": 56, "column": 88 } }
          ],
          "line": 56
        },
        "2": {
          "loc": { "start": { "line": 59, "column": 16 }, "end": { "line": 59, "column": 70 } },
          "type": "if",
          "locations": [
            { "start": { "line": 59, "column": 16 }, "end": { "line": 59, "column": 70 } },
            { "start": { "line": 59, "column": 16 }, "end": { "line": 59, "column": 70 } }
          ],
          "line": 59
        },
        "3": {
          "loc": { "start": { "line": 63, "column": 16 }, "end": { "line": 63, "column": 66 } },
          "type": "if",
          "locations": [
            { "start": { "line": 63, "column": 16 }, "end": { "line": 63, "column": 66 } },
            { "start": { "line": 63, "column": 16 }, "end": { "line": 63, "column": 66 } }
          ],
          "line": 63
        },
        "4": {
          "loc": { "start": { "line": 69, "column": 7 }, "end": { "line": 73, "column": 7 } },
          "type": "cond-expr",
          "locations": [
            { "start": { "line": 70, "column": 8 }, "end": { "line": 70, "column": 75 } },
            { "start": { "line": 72, "column": 8 }, "end": { "line": 72, "column": 10 } }
          ],
          "line": 69
        }
      },
      "s": {
        "0": 2,
        "1": 2,
        "2": 2,
        "3": 1,
        "4": 1,
        "5": 0,
        "6": 0,
        "7": 0,
        "8": 0,
        "9": 0,
        "10": 0,
        "11": 2
      },
      "f": { "0": 2, "1": 1, "2": 0, "3": 0 },
      "b": { "0": [2, 2], "1": [0, 1], "2": [0, 0], "3": [0, 0], "4": [0, 2] },
      "_coverageSchema": "43e27e138ebf9cfc5966b082cf9a028302ed4184",
      "hash": "a08249b126dda5bb633faf6e56402cf1f73af6c1"
    },
    "C:\\Data Backup\\js\\React\\demo-project-3\\atomic-react-components\\lib\\components\\atoms\\Input\\index.js": {
      "path": "C:\\Data Backup\\js\\React\\demo-project-3\\atomic-react-components\\lib\\components\\atoms\\Input\\index.js",
      "statementMap": {},
      "fnMap": {},
      "branchMap": {},
      "s": {},
      "f": {},
      "b": {},
      "_coverageSchema": "43e27e138ebf9cfc5966b082cf9a028302ed4184",
      "hash": "6e3b8bfd1b194fcc0c2f2cef171222b73bba1a46"
    },
    "C:\\Data Backup\\js\\React\\demo-project-3\\atomic-react-components\\lib\\components\\atoms\\Input\\Input.js": {
      "path": "C:\\Data Backup\\js\\React\\demo-project-3\\atomic-react-components\\lib\\components\\atoms\\Input\\Input.js",
      "statementMap": {
        "0": { "start": { "line": 18, "column": 14 }, "end": { "line": 40, "column": 1 } },
        "1": { "start": { "line": 29, "column": 2 }, "end": { "line": 39, "column": 4 } },
        "2": { "start": { "line": 42, "column": 0 }, "end": { "line": 49, "column": 2 } }
      },
      "fnMap": {
        "0": {
          "name": "(anonymous_0)",
          "decl": { "start": { "line": 18, "column": 14 }, "end": { "line": 18, "column": 15 } },
          "loc": { "start": { "line": 29, "column": 2 }, "end": { "line": 39, "column": 4 } },
          "line": 29
        }
      },
      "branchMap": {
        "0": {
          "loc": { "start": { "line": 37, "column": 18 }, "end": { "line": 37, "column": 59 } },
          "type": "binary-expr",
          "locations": [
            { "start": { "line": 37, "column": 18 }, "end": { "line": 37, "column": 32 } },
            { "start": { "line": 37, "column": 36 }, "end": { "line": 37, "column": 59 } }
          ],
          "line": 37
        }
      },
      "s": { "0": 5, "1": 3, "2": 5 },
      "f": { "0": 3 },
      "b": { "0": [3, 1] },
      "_coverageSchema": "43e27e138ebf9cfc5966b082cf9a028302ed4184",
      "hash": "d2653746ab932194c30b610c064ca2cee7923091"
    },
    "C:\\Data Backup\\js\\React\\demo-project-3\\atomic-react-components\\lib\\components\\atoms\\Input\\Input.style.js": {
      "path": "C:\\Data Backup\\js\\React\\demo-project-3\\atomic-react-components\\lib\\components\\atoms\\Input\\Input.style.js",
      "statementMap": {
        "0": { "start": { "line": 3, "column": 15 }, "end": { "line": 20, "column": 1 } },
        "1": { "start": { "line": 4, "column": 13 }, "end": { "line": 9, "column": 3 } },
        "2": { "start": { "line": 12, "column": 4 }, "end": { "line": 17, "column": 10 } },
        "3": { "start": { "line": 19, "column": 14 }, "end": { "line": 19, "column": 64 } }
      },
      "fnMap": {
        "0": {
          "name": "(anonymous_0)",
          "decl": { "start": { "line": 4, "column": 4 }, "end": { "line": 4, "column": 5 } },
          "loc": { "start": { "line": 4, "column": 13 }, "end": { "line": 9, "column": 3 } },
          "line": 4
        },
        "1": {
          "name": "(anonymous_1)",
          "decl": { "start": { "line": 11, "column": 4 }, "end": { "line": 11, "column": 5 } },
          "loc": { "start": { "line": 12, "column": 4 }, "end": { "line": 17, "column": 10 } },
          "line": 12
        },
        "2": {
          "name": "(anonymous_2)",
          "decl": { "start": { "line": 19, "column": 4 }, "end": { "line": 19, "column": 5 } },
          "loc": { "start": { "line": 19, "column": 14 }, "end": { "line": 19, "column": 64 } },
          "line": 19
        }
      },
      "branchMap": {
        "0": {
          "loc": { "start": { "line": 12, "column": 4 }, "end": { "line": 17, "column": 10 } },
          "type": "cond-expr",
          "locations": [
            { "start": { "line": 13, "column": 8 }, "end": { "line": 16, "column": 5 } },
            { "start": { "line": 17, "column": 8 }, "end": { "line": 17, "column": 10 } }
          ],
          "line": 12
        },
        "1": {
          "loc": { "start": { "line": 19, "column": 14 }, "end": { "line": 19, "column": 64 } },
          "type": "cond-expr",
          "locations": [
            { "start": { "line": 19, "column": 38 }, "end": { "line": 19, "column": 59 } },
            { "start": { "line": 19, "column": 62 }, "end": { "line": 19, "column": 64 } }
          ],
          "line": 19
        }
      },
      "s": { "0": 5, "1": 1, "2": 1, "3": 1 },
      "f": { "0": 1, "1": 1, "2": 1 },
      "b": { "0": [0, 1], "1": [0, 1] },
      "_coverageSchema": "43e27e138ebf9cfc5966b082cf9a028302ed4184",
[...]
      "statementMap": {
        "0": { "start": { "line": 14, "column": 14 }, "end": { "line": 14, "column": 64 } }
      },
      "fnMap": {
        "0": {
          "name": "(anonymous_0)",
          "decl": { "start": { "line": 14, "column": 4 }, "end": { "line": 14, "column": 5 } },
          "loc": { "start": { "line": 14, "column": 14 }, "end": { "line": 14, "column": 64 } },
          "line": 14
        }
      },
      "branchMap": {
        "0": {
          "loc": { "start": { "line": 14, "column": 14 }, "end": { "line": 14, "column": 64 } },
          "type": "cond-expr",
          "locations": [
            { "start": { "line": 14, "column": 38 }, "end": { "line": 14, "column": 59 } },
            { "start": { "line": 14, "column": 62 }, "end": { "line": 14, "column": 64 } }
          ],
          "line": 14
        }
      },
      "s": { "0": 0 },
      "f": { "0": 0 },
      "b": { "0": [0, 0] },
      "_coverageSchema": "43e27e138ebf9cfc5966b082cf9a028302ed4184",
      "hash": "d605b10eaf99a452a2698ad0ad8ecac636357f8b"
    },
    "C:\\Data Backup\\js\\React\\demo-project-3\\atomic-react-components\\lib\\components\\molecules\\ArticleThumbnail\\index.js": {
      "path": "C:\\Data Backup\\js\\React\\demo-project-3\\atomic-react-components\\lib\\components\\molecules\\ArticleThumbnail\\index.js",
      "statementMap": {},
      "fnMap": {},
      "branchMap": {},
      "s": {},
      "f": {},
      "b": {},
      "_coverageSchema": "43e27e138ebf9cfc5966b082cf9a028302ed4184",
      "hash": "1650a1116d09da3b302966c6031918cabdc04f71"
    },
    "C:\\Data Backup\\js\\React\\demo-project-3\\atomic-react-components\\lib\\components\\molecules\\ArticleThumbnail\\ArticleThumbnail.js": {
      "path": "C:\\Data Backup\\js\\React\\demo-project-3\\atomic-react-components\\lib\\components\\molecules\\ArticleThumbnail\\ArticleThumbnail.js",
      "statementMap": {
        "0": { "start": { "line": 15, "column": 25 }, "end": { "line": 15, "column": 96 } },
        "1": { "start": { "line": 15, "column": 52 }, "end": { "line": 15, "column": 96 } },
        "2": { "start": { "line": 17, "column": 25 }, "end": { "line": 38, "column": 1 } },
        "3": { "start": { "line": 24, "column": 19 }, "end": { "line": 24, "column": 39 } },
        "4": { "start": { "line": 25, "column": 2 }, "end": { "line": 27, "column": 3 } },
        "5": { "start": { "line": 26, "column": 4 }, "end": { "line": 26, "column": 59 } },
        "6": { "start": { "line": 28, "column": 2 }, "end": { "line": 31, "column": 3 } },
        "7": { "start": { "line": 29, "column": 25 }, "end": { "line": 29, "column": 71 } },
        "8": { "start": { "line": 30, "column": 4 }, "end": { "line": 30, "column": 94 } },
        "9": { "start": { "line": 33, "column": 2 }, "end": { "line": 37, "column": 4 } },
        "10": { "start": { "line": 40, "column": 0 }, "end": { "line": 42, "column": 2 } }
      },
      "fnMap": {
        "0": {
          "name": "(anonymous_0)",
          "decl": { "start": { "line": 15, "column": 25 }, "end": { "line": 15, "column": 26 } },
          "loc": { "start": { "line": 15, "column": 52 }, "end": { "line": 15, "column": 96 } },
          "line": 15
        },
        "1": {
          "name": "(anonymous_1)",
          "decl": { "start": { "line": 17, "column": 25 }, "end": { "line": 17, "column": 26 } },
          "loc": { "start": { "line": 23, "column": 19 }, "end": { "line": 38, "column": 1 } },
          "line": 23
        }
      },
      "branchMap": {
        "0": {
          "loc": { "start": { "line": 25, "column": 2 }, "end": { "line": 27, "column": 3 } },
          "type": "if",
          "locations": [
            { "start": { "line": 25, "column": 2 }, "end": { "line": 27, "column": 3 } },
            { "start": { "line": 25, "column": 2 }, "end": { "line": 27, "column": 3 } }
          ],
          "line": 25
        },
        "1": {
          "loc": { "start": { "line": 25, "column": 6 }, "end": { "line": 25, "column": 36 } },
          "type": "binary-expr",
          "locations": [
            { "start": { "line": 25, "column": 6 }, "end": { "line": 25, "column": 21 } },
            { "start": { "line": 25, "column": 25 }, "end": { "line": 25, "column": 36 } }
          ],
          "line": 25
        },
        "2": {
          "loc": { "start": { "line": 28, "column": 2 }, "end": { "line": 31, "column": 3 } },
          "type": "if",
          "locations": [
            { "start": { "line": 28, "column": 2 }, "end": { "line": 31, "column": 3 } },
            { "start": { "line": 28, "column": 2 }, "end": { "line": 31, "column": 3 } }
          ],
          "line": 28
        }
      },
      "s": {
        "0": 1,
        "1": 3,
        "2": 1,
        "3": 2,
        "4": 2,
        "5": 1,
        "6": 2,
        "7": 1,
        "8": 1,
        "9": 1,
        "10": 1
      },
      "f": { "0": 3, "1": 2 },
      "b": { "0": [1, 1], "1": [2, 1], "2": [1, 1] },
      "_coverageSchema": "43e27e138ebf9cfc5966b082cf9a028302ed4184",
      "hash": "7ca8e20847c9839177a02afda757fd76c2411646"
    },
    "C:\\Data Backup\\js\\React\\demo-project-3\\atomic-react-components\\lib\\components\\molecules\\ArticleThumbnail\\ArticleThumbnail.style.js": {
      "path": "C:\\Data Backup\\js\\React\\demo-project-3\\atomic-react-components\\lib\\components\\molecules\\ArticleThumbnail\\ArticleThumbnail.style.js",
      "statementMap": {
        "0": { "start": { "line": 3, "column": 15 }, "end": { "line": 8, "column": 1 } }
      },
      "fnMap": {},
      "branchMap": {},
      "s": { "0": 1 },
      "f": {},
      "b": {},
      "_coverageSchema": "43e27e138ebf9cfc5966b082cf9a028302ed4184",
      "hash": "a23a5a735175b8341ac77fddaee60e9e4757eb38"
    },
    "C:\\Data Backup\\js\\React\\demo-project-3\\atomic-react-components\\lib\\components\\atoms\\Image\\Image.js": {
      "path": "C:\\Data Backup\\js\\React\\demo-project-3\\atomic-react-components\\lib\\components\\atoms\\Image\\Image.js",
      "statementMap": {
        "0": { "start": { "line": 22, "column": 14 }, "end": { "line": 54, "column": 1 } },
        "1": { "start": { "line": 35, "column": 2 }, "end": { "line": 53, "column": 4 } },
        "2": { "start": { "line": 49, "column": 12 }, "end": { "line": 49, "column": 46 } },
        "3": { "start": { "line": 56, "column": 0 }, "end": { "line": 63, "column": 2 } }
      },
      "fnMap": {
        "0": {
          "name": "(anonymous_0)",
          "decl": { "start": { "line": 22, "column": 14 }, "end": { "line": 22, "column": 15 } },
          "loc": { "start": { "line": 35, "column": 2 }, "end": { "line": 53, "column": 4 } },
          "line": 35
        },
        "1": {
          "name": "(anonymous_1)",
          "decl": { "start": { "line": 47, "column": 10 }, "end": { "line": 47, "column": 11 } },
          "loc": { "start": { "line": 47, "column": 19 }, "end": { "line": 50, "column": 11 } },
          "line": 47
        }
      },
      "branchMap": {
        "0": {
          "loc": { "start": { "line": 38, "column": 12 }, "end": { "line": 38, "column": 26 } },
          "type": "binary-expr",
          "locations": [
            { "start": { "line": 38, "column": 12 }, "end": { "line": 38, "column": 18 } },
            { "start": { "line": 38, "column": 22 }, "end": { "line": 38, "column": 26 } }
          ],
          "line": 38
        },
        "1": {
          "loc": { "start": { "line": 39, "column": 11 }, "end": { "line": 39, "column": 24 } },
          "type": "binary-expr",
          "locations": [
            { "start": { "line": 39, "column": 11 }, "end": { "line": 39, "column": 16 } },
            { "start": { "line": 39, "column": 20 }, "end": { "line": 39, "column": 24 } }
          ],
          "line": 39
        },
        "2": {
          "loc": { "start": { "line": 43, "column": 18 }, "end": { "line": 43, "column": 72 } },
          "type": "binary-expr",
          "locations": [
            { "start": { "line": 43, "column": 18 }, "end": { "line": 43, "column": 32 } },
            { "start": { "line": 43, "column": 36 }, "end": { "line": 43, "column": 72 } }
          ],
          "line": 43
        },
        "3": {
          "loc": { "start": { "line": 46, "column": 6 }, "end": { "line": 51, "column": 14 } },
          "type": "cond-expr",
          "locations": [
            { "start": { "line": 47, "column": 10 }, "end": { "line": 50, "column": 11 } },
            { "start": { "line": 51, "column": 10 }, "end": { "line": 51, "column": 14 } }
          ],
          "line": 46
        }
      },
      "s": { "0": 3, "1": 4, "2": 1, "3": 3 },
      "f": { "0": 4, "1": 1 },
      "b": { "0": [4, 4], "1": [4, 4], "2": [4, 1], "3": [3, 1] },
      "_coverageSchema": "43e27e138ebf9cfc5966b082cf9a028302ed4184",
      "hash": "a611b25caf71fd31f6392dd014bc9cbc299039d6"
    },
    "C:\\Data Backup\\js\\React\\demo-project-3\\atomic-react-components\\lib\\components\\atoms\\Image\\Image.style.js": {
      "path": "C:\\Data Backup\\js\\React\\demo-project-3\\atomic-react-components\\lib\\components\\atoms\\Image\\Image.style.js",
      "statementMap": {
        "0": { "start": { "line": 3, "column": 20 }, "end": { "line": 7, "column": 1 } },
        "1": { "start": { "line": 6, "column": 14 }, "end": { "line": 6, "column": 64 } }
      },
      "fnMap": {
        "0": {
          "name": "(anonymous_0)",
          "decl": { "start": { "line": 6, "column": 4 }, "end": { "line": 6, "column": 5 } },
          "loc": { "start": { "line": 6, "column": 14 }, "end": { "line": 6, "column": 64 } },
          "line": 6
        }
      },
      "branchMap": {
        "0": {
          "loc": { "start": { "line": 6, "column": 14 }, "end": { "line": 6, "column": 64 } },
          "type": "cond-expr",
          "locations": [
            { "start": { "line": 6, "column": 38 }, "end": { "line": 6, "column": 59 } },
            { "start": { "line": 6, "column": 62 }, "end": { "line": 6, "column": 64 } }
          ],
          "line": 6
        }
      },
      "s": { "0": 3, "1": 0 },
      "f": { "0": 0 },
      "b": { "0": [0, 0] },
      "_coverageSchema": "43e27e138ebf9cfc5966b082cf9a028302ed4184",
      "hash": "ed695cb2c1fe588a3258cbc806dc2e61165bd2f0"
    },
    "C:\\Data Backup\\js\\React\\demo-project-3\\atomic-react-components\\lib\\components\\molecules\\Modal\\Modal.js": {
      "path": "C:\\Data Backup\\js\\React\\demo-project-3\\atomic-react-components\\lib\\components\\molecules\\Modal\\Modal.js",
      "statementMap": {
        "0": { "start": { "line": 54, "column": 14 }, "end": { "line": 102, "column": 1 } },
        "1": { "start": { "line": 78, "column": 2 }, "end": { "line": 101, "column": 4 } },
        "2": { "start": { "line": 104, "column": 0 }, "end": { "line": 125, "column": 2 } },
        "3": { "start": { "line": 121, "column": 24 }, "end": { "line": 121, "column": 49 } }
      },
      "fnMap": {
        "0": {
          "name": "(anonymous_0)",
          "decl": { "start": { "line": 54, "column": 14 }, "end": { "line": 54, "column": 15 } },
          "loc": { "start": { "line": 78, "column": 2 }, "end": { "line": 101, "column": 4 } },
          "line": 78
        },
        "1": {
          "name": "(anonymous_1)",
          "decl": { "start": { "line": 121, "column": 18 }, "end": { "line": 121, "column": 19 } },
          "loc": { "start": { "line": 121, "column": 24 }, "end": { "line": 121, "column": 49 } },
          "line": 121
        }
      },
      "branchMap": {
        "0": {
          "loc": { "start": { "line": 121, "column": 24 }, "end": { "line": 121, "column": 49 } },
          "type": "binary-expr",
          "locations": [
            { "start": { "line": 121, "column": 24 }, "end": { "line": 121, "column": 32 } },
            { "start": { "line": 121, "column": 36 }, "end": { "line": 121, "column": 49 } }
          ],
          "line": 121
        }
      },
      "s": { "0": 1, "1": 1, "2": 1, "3": 0 },
      "f": { "0": 1, "1": 0 },
      "b": { "0": [0, 0] },
      "_coverageSchema": "43e27e138ebf9cfc5966b082cf9a028302ed4184",
      "hash": "a4b9006e317c9e5620ede4755317540704f650fa"
    },
    "C:\\Data Backup\\js\\React\\demo-project-3\\atomic-react-components\\lib\\components\\molecules\\Modal\\Modal.style.js": {
      "path": "C:\\Data Backup\\js\\React\\demo-project-3\\atomic-react-components\\lib\\components\\molecules\\Modal\\Modal.style.js",
      "statementMap": {
        "0": { "start": { "line": 3, "column": 15 }, "end": { "line": 5, "column": 1 } },
        "1": { "start": { "line": 4, "column": 14 }, "end": { "line": 4, "column": 64 } }
      },
      "fnMap": {
        "0": {
          "name": "(anonymous_0)",
          "decl": { "start": { "line": 4, "column": 4 }, "end": { "line": 4, "column": 5 } },
          "loc": { "start": { "line": 4, "column": 14 }, "end": { "line": 4, "column": 64 } },
          "line": 4
        }
      },
      "branchMap": {
        "0": {
          "loc": { "start": { "line": 4, "column": 14 }, "end": { "line": 4, "column": 64 } },
          "type": "cond-expr",
          "locations": [
            { "start": { "line": 4, "column": 38 }, "end": { "line": 4, "column": 59 } },
            { "start": { "line": 4, "column": 62 }, "end": { "line": 4, "column": 64 } }
          ],
          "line": 4
        }
      },
      "s": { "0": 1, "1": 0 },
      "f": { "0": 0 },
      "b": { "0": [0, 0] },
      "_coverageSchema": "43e27e138ebf9cfc5966b082cf9a028302ed4184",
      "hash": "52de9d61e37596660cfea2871b4b721273797531"
    },
    "C:\\Data Backup\\js\\React\\demo-project-3\\atomic-react-components\\lib\\components\\atoms\\Heading\\index.js": {
      "path": "C:\\Data Backup\\js\\React\\demo-project-3\\atomic-react-components\\lib\\components\\atoms\\Heading\\index.js",
      "statementMap": {},
      "fnMap": {},
      "branchMap": {},
      "s": {},
      "f": {},
      "b": {},
      "_coverageSchema": "43e27e138ebf9cfc5966b082cf9a028302ed4184",
      "hash": "21b4a37ad5ea07b22cba0d799737b75ef9e07c37"
    },
    "C:\\Data Backup\\js\\React\\demo-project-3\\atomic-react-components\\lib\\core\\utils\\getDisplayName.js": {
      "path": "C:\\Data Backup\\js\\React\\demo-project-3\\atomic-react-components\\lib\\core\\utils\\getDisplayName.js",
      "statementMap": {
        "0": { "start": { "line": 1, "column": 30 }, "end": { "line": 3, "column": 1 } },
        "1": { "start": { "line": 2, "column": 2 }, "end": { "line": 2, "column": 78 } }
      },
      "fnMap": {
        "0": {
          "name": "(anonymous_0)",
          "decl": { "start": { "line": 1, "column": 30 }, "end": { "line": 1, "column": 31 } },
          "loc": { "start": { "line": 1, "column": 50 }, "end": { "line": 3, "column": 1 } },
          "line": 1
        }
      },
      "branchMap": {
        "0": {
          "loc": { "start": { "line": 2, "column": 9 }, "end": { "line": 2, "column": 77 } },
          "type": "binary-expr",
          "locations": [
            { "start": { "line": 2, "column": 9 }, "end": { "line": 2, "column": 37 } },
            { "start": { "line": 2, "column": 41 }, "end": { "line": 2, "column": 62 } },
            { "start": { "line": 2, "column": 66 }, "end": { "line": 2, "column": 77 } }
          ],
          "line": 2
        }
      },
      "s": { "0": 0, "1": 0 },
      "f": { "0": 0 },
      "b": { "0": [0, 0, 0] },
      "hash": "8df738f842776ad7e0e9fbf3d3f01feddea7f693"
    },
    "C:\\Data Backup\\js\\React\\demo-project-3\\atomic-react-components\\lib\\components\\molecules\\Modal\\index.js": {
      "path": "C:\\Data Backup\\js\\React\\demo-project-3\\atomic-react-components\\lib\\components\\molecules\\Modal\\index.js",
      "statementMap": {},
      "fnMap": {},
      "branchMap": {},
      "s": {},
      "f": {},
      "b": {},
      "hash": "c6166702c1554e4554c821a0420523067d4f5169"
    },
    "C:\\Data Backup\\js\\React\\demo-project-3\\atomic-react-components\\lib\\components\\molecules\\QuoteMedia\\index.js": {
      "path": "C:\\Data Backup\\js\\React\\demo-project-3\\atomic-react-components\\lib\\components\\molecules\\QuoteMedia\\index.js",
      "statementMap": {},
      "fnMap": {},
      "branchMap": {},
      "s": {},
      "f": {},
      "b": {},
      "hash": "b3dc0cb82521ba924fbeac9128dfd3fab3a679e1"
    },
    "C:\\Data Backup\\js\\React\\demo-project-3\\atomic-react-components\\lib\\components\\atoms\\Blockquote\\types\\index.js": {
      "path": "C:\\Data Backup\\js\\React\\demo-project-3\\atomic-react-components\\lib\\components\\atoms\\Blockquote\\types\\index.js",
      "statementMap": {},
      "fnMap": {},
      "branchMap": {},
      "s": {},
      "f": {},
      "b": {},
      "hash": "ca6ef1ca2ec1dd931c93f1fb87aba41ed3bd4d7d"
    },
    "C:\\Data Backup\\js\\React\\demo-project-3\\atomic-react-components\\lib\\components\\molecules\\ArticleThumbnail\\types\\index.js": {
      "path": "C:\\Data Backup\\js\\React\\demo-project-3\\atomic-react-components\\lib\\components\\molecules\\ArticleThumbnail\\types\\index.js",
      "statementMap": {},
      "fnMap": {},
      "branchMap": {},
      "s": {},
      "f": {},
      "b": {},
      "hash": "f17804547c0f379bc56de411bf08925e6f202695"
    },
    "C:\\Data Backup\\js\\React\\demo-project-3\\atomic-react-components\\lib\\components\\molecules\\Breadcrumb\\types\\index.js": {
      "path": "C:\\Data Backup\\js\\React\\demo-project-3\\atomic-react-components\\lib\\components\\molecules\\Breadcrumb\\types\\index.js",
      "statementMap": {},
      "fnMap": {},
      "branchMap": {},
      "s": {},
      "f": {},
      "b": {},
      "hash": "01700aadde7ba5522ccf48cf87f27fb11b2e9364"
    },
    "C:\\Data Backup\\js\\React\\demo-project-3\\atomic-react-components\\lib\\components\\atoms\\Blockquote\\index.js": {
      "path": "C:\\Data Backup\\js\\React\\demo-project-3\\atomic-react-components\\lib\\components\\atoms\\Blockquote\\index.js",
      "statementMap": {},
      "fnMap": {},
      "branchMap": {},
      "s": {},
      "f": {},
      "b": {},
      "hash": "8546a5f8cac9663b757858a6e733fabc807c6a73"
    },
    "C:\\Data Backup\\js\\React\\demo-project-3\\atomic-react-components\\lib\\components\\molecules\\QuoteMedia\\types\\index.js": {
      "path": "C:\\Data Backup\\js\\React\\demo-project-3\\atomic-react-components\\lib\\components\\molecules\\QuoteMedia\\types\\index.js",
      "statementMap": {},
      "fnMap": {},
      "branchMap": {},
      "s": {},
      "f": {},
      "b": {},
      "hash": "fb72a22db671031dd81011182851ad453a78df72"
    },
    "C:\\Data Backup\\js\\React\\demo-project-3\\atomic-react-components\\lib\\components\\molecules\\Popover\\types\\index.js": {
      "path": "C:\\Data Backup\\js\\React\\demo-project-3\\atomic-react-components\\lib\\components\\molecules\\Popover\\types\\index.js",
      "statementMap": {},
      "fnMap": {},
      "branchMap": {},
      "s": {},
      "f": {},
      "b": {},
      "hash": "5ab8009332b005f9fbf543280d34545f754944ac"
    },
    "C:\\Data Backup\\js\\React\\demo-project-3\\atomic-react-components\\lib\\components\\molecules\\Tabs\\types\\index.js": {
      "path": "C:\\Data Backup\\js\\React\\demo-project-3\\atomic-react-components\\lib\\components\\molecules\\Tabs\\types\\index.js",
      "statementMap": {},
      "fnMap": {},
      "branchMap": {},
      "s": {},
      "f": {},
      "b": {},
      "hash": "7aa36e0a3e6d33bba778bfd15e011a565073595f"
    },
    "C:\\Data Backup\\js\\React\\demo-project-3\\atomic-react-components\\lib\\components\\atoms\\Image\\index.js": {
      "path": "C:\\Data Backup\\js\\React\\demo-project-3\\atomic-react-components\\lib\\components\\atoms\\Image\\index.js",
      "statementMap": {},
      "fnMap": {},
      "branchMap": {},
      "s": {},
      "f": {},
      "b": {},
      "hash": "8d9469e2e845fa3b1fec5805f93b2d57b928f54f"
    }
  }
}
