{
  "numFailedTestSuites": 0,
  "numFailedTests": 0,
  "numPassedTestSuites": 39,
  "numPassedTests": 137,
  "numPendingTestSuites": 0,
  "numPendingTests": 0,
  "numRuntimeErrorTestSuites": 0,
  "numTodoTests": 0,
  "numTotalTestSuites": 39,
  "numTotalTests": 137,
  "openHandles": [],
  "snapshot": {
    "added": 0,
    "didUpdate": false,
    "failure": false,
    "filesAdded": 0,
    "filesRemoved": 0,
    "filesRemovedList": [],
    "filesUnmatched": 0,
    "filesUpdated": 0,
    "matched": 46,
    "total": 46,
    "unchecked": 0,
    "uncheckedKeysByFile": [],
    "unmatched": 0,
    "updated": 0
  },
  "startTime": 1578465773443,
  "success": true,
  "testResults": [
    {
      "assertionResults": [
        {
          "ancestorTitles": ["<Toast />"],
          "failureMessages": [],
          "fullName": "<Toast /> <Toast />should render correctly",
          "location": null,
          "status": "passed",
          "title": "<Toast />should render correctly"
        },
        {
          "ancestorTitles": ["<Toast /> Component"],
          "failureMessages": [],
          "fullName": "<Toast /> Component is rendering root div,if isVisible prop is true ",
          "location": null,
          "status": "passed",
          "title": "is rendering root div,if isVisible prop is true "
        },
        {
          "ancestorTitles": ["<Toast /> Component"],
          "failureMessages": [],
          "fullName": "<Toast /> Component not rendering root div,if isVisible prop is false",
          "location": null,
          "status": "passed",
          "title": "not rendering root div,if isVisible prop is false"
        },
        {
          "ancestorTitles": ["<Toast /> Component"],
          "failureMessages": [],
          "fullName": "<Toast /> Component is rendering all necessary elements rendered if isVisible prop is true",
          "location": null,
          "status": "passed",
          "title": "is rendering all necessary elements rendered if isVisible prop is true"
        },
        {
          "ancestorTitles": ["<Toast /> Component"],
          "failureMessages": [],
          "fullName": "<Toast /> Component is rendering ProgressBar if autoDismissTimeout is set as 0",
          "location": null,
          "status": "passed",
          "title": "is rendering ProgressBar if autoDismissTimeout is set as 0"
        },
        {
          "ancestorTitles": ["<Toast /> Component"],
          "failureMessages": [],
          "fullName": "<Toast /> Component is rendering ProgressBar if autoDismissTimeout is set as 3000",
          "location": null,
          "status": "passed",
          "title": "is rendering ProgressBar if autoDismissTimeout is set as 3000"
        },
        {
          "ancestorTitles": ["<Toast /> Component"],
          "failureMessages": [],
          "fullName": "<Toast /> Component is rendering children ",
          "location": null,
          "status": "passed",
          "title": "is rendering children "
        },
        {
          "ancestorTitles": ["<Toast /> Component is checking effects on"],
          "failureMessages": [],
          "fullName": "<Toast /> Component is checking effects on onClick event, should dismiss the toast when clicking  on click of X button click",
          "location": null,
          "status": "passed",
          "title": "onClick event, should dismiss the toast when clicking  on click of X button click"
        },
        {
          "ancestorTitles": ["<Toast /> component useeffect hook for autodismiss"],
          "failureMessages": [],
          "fullName": "<Toast /> component useeffect hook for autodismiss autodismiss after timeout",
          "location": null,
          "status": "passed",
          "title": "autodismiss after timeout"
        }
      ],
      "endTime": 1578465792162,
      "message": "",
      "name": "D:\\ProgressIndicator\\atomic-react-components\\lib\\components\\molecules\\Toast\\tests\\Toast.test.js",
      "startTime": 1578465784521,
      "status": "passed",
      "summary": ""
    },
    {
      "assertionResults": [
        {
          "ancestorTitles": ["<Tabs />"],
          "failureMessages": [],
          "fullName": "<Tabs /> should render correctly",
          "location": null,
          "status": "passed",
          "title": "should render correctly"
        },
        {
          "ancestorTitles": ["<Tabs /> functional behavior"],
          "failureMessages": [],
          "fullName": "<Tabs /> functional behavior should have minimum dom structure for the tests below",
          "location": null,
          "status": "passed",
          "title": "should have minimum dom structure for the tests below"
        },
        {
          "ancestorTitles": ["<Tabs /> functional behavior"],
          "failureMessages": [],
          "fullName": "<Tabs /> functional behavior should change the tab panel and execute callback on closed tab click",
          "location": null,
          "status": "passed",
          "title": "should change the tab panel and execute callback on closed tab click"
        }
      ],
      "endTime": 1578465793189,
      "message": "",
      "name": "D:\\ProgressIndicator\\atomic-react-components\\lib\\components\\molecules\\Tabs\\tests\\Tabs.test.js",
      "startTime": 1578465792576,
      "status": "passed",
      "summary": ""
    },
    {
      "assertionResults": [
        {
          "ancestorTitles": ["<ProgressIndicator />"],
          "failureMessages": [],
          "fullName": "<ProgressIndicator /> should render correctly",
          "location": null,
          "status": "passed",
          "title": "should render correctly"
        },
        {
          "ancestorTitles": ["<ProgressIndicator/> Component", "should render"],
          "failureMessages": [],
          "fullName": "<ProgressIndicator/> Component should render <ProgressIndicator/> Component correctly",
          "location": null,
          "status": "passed",
          "title": "<ProgressIndicator/> Component correctly"
        },
        {
          "ancestorTitles": [
            "<ProgressIndicator/> Component",
            "if Variation is equal to `Bar`, <ProgressIndicator/> Component should"
          ],
          "failureMessages": [],
          "fullName": "<ProgressIndicator/> Component if Variation is equal to `Bar`, <ProgressIndicator/> Component should render <li/> children",
          "location": null,
          "status": "passed",
          "title": "render <li/> children"
        },
        {
          "ancestorTitles": [
            "<ProgressIndicator/> Component",
            "if Variation is equal to `Bar`, <ProgressIndicator/> Component should"
          ],
          "failureMessages": [],
          "fullName": "<ProgressIndicator/> Component if Variation is equal to `Bar`, <ProgressIndicator/> Component should render Progress Label Value",
          "location": null,
          "status": "passed",
          "title": "render Progress Label Value"
        },
        {
          "ancestorTitles": [
            "<ProgressIndicator/> Component",
            "if Variation is equal to `Bar`, <ProgressIndicator/> Component should"
          ],
          "failureMessages": [],
          "fullName": "<ProgressIndicator/> Component if Variation is equal to `Bar`, <ProgressIndicator/> Component should calculate inactive children or Steps",
          "location": null,
          "status": "passed",
          "title": "calculate inactive children or Steps"
        },
        {
          "ancestorTitles": [
            "<ProgressIndicator/> Component",
            "if Variation is equal to `Bar`, <ProgressIndicator/> Component should"
          ],
          "failureMessages": [],
          "fullName": "<ProgressIndicator/> Component if Variation is equal to `Bar`, <ProgressIndicator/> Component should calculate completed children or Steps",
          "location": null,
          "status": "passed",
          "title": "calculate completed children or Steps"
        },
        {
          "ancestorTitles": [
            "<ProgressIndicator/> Component",
            "if Variation is equal to `Bar`, <ProgressIndicator/> Component should"
          ],
          "failureMessages": [],
          "fullName": "<ProgressIndicator/> Component if Variation is equal to `Bar`, <ProgressIndicator/> Component should calculate active children or Steps",
          "location": null,
          "status": "passed",
          "title": "calculate active children or Steps"
        },
        {
          "ancestorTitles": [
            "<ProgressIndicator/> Component",
            "if Variation is equal to `Step`, <ProgressIndicator/> Component should"
          ],
          "failureMessages": [],
          "fullName": "<ProgressIndicator/> Component if Variation is equal to `Step`, <ProgressIndicator/> Component should render <li/> children",
          "location": null,
          "status": "passed",
          "title": "render <li/> children"
        },
        {
          "ancestorTitles": [
            "<ProgressIndicator/> Component",
            "if Variation is equal to `Step`, <ProgressIndicator/> Component should"
          ],
          "failureMessages": [],
          "fullName": "<ProgressIndicator/> Component if Variation is equal to `Step`, <ProgressIndicator/> Component should not render Progress Label Value",
          "location": null,
          "status": "passed",
          "title": "not render Progress Label Value"
        }
      ],
      "endTime": 1578465794431,
      "message": "",
      "name": "D:\\ProgressIndicator\\atomic-react-components\\lib\\components\\molecules\\ProgressIndicator\\tests\\ProgressIndicator.test.js",
      "startTime": 1578465791786,
      "status": "passed",
      "summary": ""
    },
    {
      "assertionResults": [
        {
          "ancestorTitles": ["Button"],
          "failureMessages": [],
          "fullName": "Button should render correctly",
          "location": null,
          "status": "passed",
          "title": "should render correctly"
        }
      ],
      "endTime": 1578465794880,
      "message": "",
      "name": "D:\\ProgressIndicator\\atomic-react-components\\lib\\components\\atoms\\Button\\tests\\Button.style.test.js",
      "startTime": 1578465793575,
      "status": "passed",
      "summary": ""
    },
    {
      "assertionResults": [
        {
          "ancestorTitles": ["Anchor Component"],
          "failureMessages": [],
          "fullName": "Anchor Component should render correctly and match snapshot",
          "location": null,
          "status": "passed",
          "title": "should render correctly and match snapshot"
        },
        {
          "ancestorTitles": ["Anchor Component"],
          "failureMessages": [],
          "fullName": "Anchor Component Should handle on typeahead focuson Events",
          "location": null,
          "status": "passed",
          "title": "Should handle on typeahead focuson Events"
        },
        {
          "ancestorTitles": ["Anchor Component"],
          "failureMessages": [],
          "fullName": "Anchor Component should check the data attribute of anchor",
          "location": null,
          "status": "passed",
          "title": "should check the data attribute of anchor"
        }
      ],
      "endTime": 1578465795436,
      "message": "",
      "name": "D:\\ProgressIndicator\\atomic-react-components\\lib\\components\\atoms\\Anchor\\tests\\Anchor.test.js",
      "startTime": 1578465795204,
      "status": "passed",
      "summary": ""
    },
    {
      "assertionResults": [
        {
          "ancestorTitles": ["<TabPanel />"],
          "failureMessages": [],
          "fullName": "<TabPanel /> should render correctly",
          "location": null,
          "status": "passed",
          "title": "should render correctly"
        }
      ],
      "endTime": 1578465796093,
      "message": "",
      "name": "D:\\ProgressIndicator\\atomic-react-components\\lib\\components\\molecules\\Tabs\\TabPanel\\tests\\TabPanel.test.js",
      "startTime": 1578465795845,
      "status": "passed",
      "summary": ""
    },
    {
      "assertionResults": [
        {
          "ancestorTitles": ["<Breadcrumb />"],
          "failureMessages": [],
          "fullName": "<Breadcrumb /> should render correctly",
          "location": null,
          "status": "passed",
          "title": "should render correctly"
        }
      ],
      "endTime": 1578465796820,
      "message": "",
      "name": "D:\\ProgressIndicator\\atomic-react-components\\lib\\components\\molecules\\Breadcrumb\\tests\\Breadcrumb.test.js",
      "startTime": 1578465788133,
      "status": "passed",
      "summary": ""
    },
    {
      "assertionResults": [
        {
          "ancestorTitles": ["FieldInput Component"],
          "failureMessages": [],
          "fullName": "FieldInput Component should render correctly",
          "location": null,
          "status": "passed",
          "title": "should render correctly"
        },
        {
          "ancestorTitles": ["FieldInput Component"],
          "failureMessages": [],
          "fullName": "FieldInput Component should render label correctly",
          "location": null,
          "status": "passed",
          "title": "should render label correctly"
        },
        {
          "ancestorTitles": ["FieldInput Component"],
          "failureMessages": [],
          "fullName": "FieldInput Component should render Input component with proper type",
          "location": null,
          "status": "passed",
          "title": "should render Input component with proper type"
        }
      ],
      "endTime": 1578465797277,
      "message": "",
      "name": "D:\\ProgressIndicator\\atomic-react-components\\lib\\components\\molecules\\Form\\FieldInput\\tests\\FieldInput.test.js",
      "startTime": 1578465796412,
      "status": "passed",
      "summary": ""
    },
    {
      "assertionResults": [
        {
          "ancestorTitles": ["<Typeahead />"],
          "failureMessages": [],
          "fullName": "<Typeahead /> should render correctly",
          "location": null,
          "status": "passed",
          "title": "should render correctly"
        },
        {
          "ancestorTitles": ["<Typeahead />"],
          "failureMessages": [],
          "fullName": "<Typeahead /> should render .typeahead-component correctly",
          "location": null,
          "status": "passed",
          "title": "should render .typeahead-component correctly"
        },
        {
          "ancestorTitles": ["<Typeahead />"],
          "failureMessages": [],
          "fullName": "<Typeahead /> should render label correctly",
          "location": null,
          "status": "passed",
          "title": "should render label correctly"
        },
        {
          "ancestorTitles": ["<Typeahead />"],
          "failureMessages": [],
          "fullName": "<Typeahead /> should render input correctly",
          "location": null,
          "status": "passed",
          "title": "should render input correctly"
        },
        {
          "ancestorTitles": ["<Typeahead />"],
          "failureMessages": [],
          "fullName": "<Typeahead /> should render search type input correctly",
          "location": null,
          "status": "passed",
          "title": "should render search type input correctly"
        },
        {
          "ancestorTitles": ["<Typeahead />"],
          "failureMessages": [],
          "fullName": "<Typeahead /> should not render List by default",
          "location": null,
          "status": "passed",
          "title": "should not render List by default"
        },
        {
          "ancestorTitles": ["<Typeahead />"],
          "failureMessages": [],
          "fullName": "<Typeahead /> should render onchange event",
          "location": null,
          "status": "passed",
          "title": "should render onchange event"
        },
        {
          "ancestorTitles": ["<Typeahead />"],
          "failureMessages": [],
          "fullName": "<Typeahead /> should render input only 1s",
          "location": null,
          "status": "passed",
          "title": "should render input only 1s"
        },
        {
          "ancestorTitles": ["<Typeahead />"],
          "failureMessages": [],
          "fullName": "<Typeahead /> should render label only 1s",
          "location": null,
          "status": "passed",
          "title": "should render label only 1s"
        },
        {
          "ancestorTitles": ["<Typeahead />"],
          "failureMessages": [],
          "fullName": "<Typeahead /> should not render list item",
          "location": null,
          "status": "passed",
          "title": "should not render list item"
        },
        {
          "ancestorTitles": ["<Typeahead />"],
          "failureMessages": [],
          "fullName": "<Typeahead /> should show list",
          "location": null,
          "status": "passed",
          "title": "should show list"
        },
        {
          "ancestorTitles": ["<Typeahead />"],
          "failureMessages": [],
          "fullName": "<Typeahead /> should return single list item",
          "location": null,
          "status": "passed",
          "title": "should return single list item"
        },
        {
          "ancestorTitles": ["<Typeahead />"],
          "failureMessages": [],
          "fullName": "<Typeahead /> should select particular list item by click",
          "location": null,
          "status": "passed",
          "title": "should select particular list item by click"
        },
        {
          "ancestorTitles": ["<Typeahead />"],
          "failureMessages": [],
          "fullName": "<Typeahead /> should render span with id `initInstr`",
          "location": null,
          "status": "passed",
          "title": "should render span with id `initInstr`"
        },
        {
          "ancestorTitles": ["<Typeahead />"],
          "failureMessages": [],
          "fullName": "<Typeahead /> should render the input with `aria-autocomplete`",
          "location": null,
          "status": "passed",
          "title": "should render the input with `aria-autocomplete`"
        },
        {
          "ancestorTitles": ["<Typeahead />"],
          "failureMessages": [],
          "fullName": "<Typeahead /> should render the input with `aria-activedescendant`",
          "location": null,
          "status": "passed",
          "title": "should render the input with `aria-activedescendant`"
        },
        {
          "ancestorTitles": ["<Typeahead />"],
          "failureMessages": [],
          "fullName": "<Typeahead /> should render the input with `aria-describedby`",
          "location": null,
          "status": "passed",
          "title": "should render the input with `aria-describedby`"
        },
        {
          "ancestorTitles": ["<Typeahead />"],
          "failureMessages": [],
          "fullName": "<Typeahead /> should render the list items with `role=\"option\"`",
          "location": null,
          "status": "passed",
          "title": "should render the list items with `role=\"option\"`"
        },
        {
          "ancestorTitles": ["<Typeahead />"],
          "failureMessages": [],
          "fullName": "<Typeahead /> should render the list items with `aria-selected`",
          "location": null,
          "status": "passed",
          "title": "should render the list items with `aria-selected`"
        },
        {
          "ancestorTitles": ["<Typeahead />"],
          "failureMessages": [],
          "fullName": "<Typeahead /> should render the list items with `id=\"selectedOption\"`",
          "location": null,
          "status": "passed",
          "title": "should render the list items with `id=\"selectedOption\"`"
        },
        {
          "ancestorTitles": ["<Typeahead />"],
          "failureMessages": [],
          "fullName": "<Typeahead /> should render the list items with `id=\"selectedOption\"`",
          "location": null,
          "status": "passed",
          "title": "should render the list items with `id=\"selectedOption\"`"
        }
      ],
      "endTime": 1578465798397,
      "message": "",
      "name": "D:\\ProgressIndicator\\atomic-react-components\\lib\\components\\molecules\\Typeahead\\tests\\Typeahead.test.js",
      "startTime": 1578465797638,
      "status": "passed",
      "summary": ""
    },
    {
      "assertionResults": [
        {
          "ancestorTitles": ["Input Component"],
          "failureMessages": [],
          "fullName": "Input Component should render correctly",
          "location": null,
          "status": "passed",
          "title": "should render correctly"
        },
        {
          "ancestorTitles": ["Input Component"],
          "failureMessages": [],
          "fullName": "Input Component should check the data attribute of input",
          "location": null,
          "status": "passed",
          "title": "should check the data attribute of input"
        }
      ],
      "endTime": 1578465799045,
      "message": "",
      "name": "D:\\ProgressIndicator\\atomic-react-components\\lib\\components\\atoms\\Input\\tests\\Input.test.js",
      "startTime": 1578465797761,
      "status": "passed",
      "summary": ""
    },
    {
      "assertionResults": [
        {
          "ancestorTitles": ["Table"],
          "failureMessages": [],
          "fullName": "Table should render correctly",
          "location": null,
          "status": "passed",
          "title": "should render correctly"
        },
        {
          "ancestorTitles": ["Table"],
          "failureMessages": [],
          "fullName": "Table should have table component",
          "location": null,
          "status": "passed",
          "title": "should have table component"
        },
        {
          "ancestorTitles": ["Table"],
          "failureMessages": [],
          "fullName": "Table should have thead component",
          "location": null,
          "status": "passed",
          "title": "should have thead component"
        },
        {
          "ancestorTitles": ["Table"],
          "failureMessages": [],
          "fullName": "Table should have tbody component",
          "location": null,
          "status": "passed",
          "title": "should have tbody component"
        },
        {
          "ancestorTitles": ["Table"],
          "failureMessages": [],
          "fullName": "Table should have th is equal to number of columns",
          "location": null,
          "status": "passed",
          "title": "should have th is equal to number of columns"
        },
        {
          "ancestorTitles": ["Table"],
          "failureMessages": [],
          "fullName": "Table should have tr is equal to number of data rows",
          "location": null,
          "status": "passed",
          "title": "should have tr is equal to number of data rows"
        },
        {
          "ancestorTitles": ["Table"],
          "failureMessages": [],
          "fullName": "Table should loop through each row and check the content",
          "location": null,
          "status": "passed",
          "title": "should loop through each row and check the content"
        }
      ],
      "endTime": 1578465799339,
      "message": "",
      "name": "D:\\ProgressIndicator\\atomic-react-components\\lib\\components\\molecules\\Table\\tests\\Table.test.js",
      "startTime": 1578465798776,
      "status": "passed",
      "summary": ""
    },
    {
      "assertionResults": [
        {
          "ancestorTitles": ["<Tab />"],
          "failureMessages": [],
          "fullName": "<Tab /> should render correctly",
          "location": null,
          "status": "passed",
          "title": "should render correctly"
        }
      ],
      "endTime": 1578465799981,
      "message": "",
      "name": "D:\\ProgressIndicator\\atomic-react-components\\lib\\components\\molecules\\Tabs\\Tab\\tests\\Tab.test.js",
      "startTime": 1578465799700,
      "status": "passed",
      "summary": ""
    },
    {
      "assertionResults": [
        {
          "ancestorTitles": ["<Video />"],
          "failureMessages": [],
          "fullName": "<Video /> should have video tag",
          "location": null,
          "status": "passed",
          "title": "should have video tag"
        },
        {
          "ancestorTitles": ["<Video />"],
          "failureMessages": [],
          "fullName": "<Video /> should have source tag in video",
          "location": null,
          "status": "passed",
          "title": "should have source tag in video"
        },
        {
          "ancestorTitles": ["<Video />"],
          "failureMessages": [],
          "fullName": "<Video /> should have src attribute in source tag",
          "location": null,
          "status": "passed",
          "title": "should have src attribute in source tag"
        },
        {
          "ancestorTitles": ["<Video />"],
          "failureMessages": [],
          "fullName": "<Video /> should not be autoplay",
          "location": null,
          "status": "passed",
          "title": "should not be autoplay"
        },
        {
          "ancestorTitles": ["<Video />"],
          "failureMessages": [],
          "fullName": "<Video /> should not have track element only should have Track component",
          "location": null,
          "status": "passed",
          "title": "should not have track element only should have Track component"
        },
        {
          "ancestorTitles": ["<Video />"],
          "failureMessages": [],
          "fullName": "<Video /> should have children",
          "location": null,
          "status": "passed",
          "title": "should have children"
        },
        {
          "ancestorTitles": ["<Video />"],
          "failureMessages": [],
          "fullName": "<Video /> track component without data",
          "location": null,
          "status": "passed",
          "title": "track component without data"
        },
        {
          "ancestorTitles": ["<Video />"],
          "failureMessages": [],
          "fullName": "<Video /> should render correctly",
          "location": null,
          "status": "passed",
          "title": "should render correctly"
        }
      ],
      "endTime": 1578465800652,
      "message": "",
      "name": "D:\\ProgressIndicator\\atomic-react-components\\lib\\components\\atoms\\Video\\tests\\Video.test.js",
      "startTime": 1578465800300,
      "status": "passed",
      "summary": ""
    },
    {
      "assertionResults": [
        {
          "ancestorTitles": ["Form Component"],
          "failureMessages": [],
          "fullName": "Form Component should render select tag correctly",
          "location": null,
          "status": "passed",
          "title": "should render select tag correctly"
        },
        {
          "ancestorTitles": ["Form Component"],
          "failureMessages": [],
          "fullName": "Form Component should render input text field",
          "location": null,
          "status": "passed",
          "title": "should render input text field"
        },
        {
          "ancestorTitles": ["Form Component"],
          "failureMessages": [],
          "fullName": "Form Component should render select field",
          "location": null,
          "status": "passed",
          "title": "should render select field"
        },
        {
          "ancestorTitles": ["Form Component"],
          "failureMessages": [],
          "fullName": "Form Component should render input field with yupValidationSchema",
          "location": null,
          "status": "passed",
          "title": "should render input field with yupValidationSchema"
        },
        {
          "ancestorTitles": ["Form Component"],
          "failureMessages": [],
          "fullName": "Form Component should render input field with no validation",
          "location": null,
          "status": "passed",
          "title": "should render input field with no validation"
        },
        {
          "ancestorTitles": ["Form Component"],
          "failureMessages": [],
          "fullName": "Form Component getSchema should return null if no params are passed",
          "location": null,
          "status": "passed",
          "title": "getSchema should return null if no params are passed"
        }
      ],
      "endTime": 1578465801236,
      "message": "",
      "name": "D:\\ProgressIndicator\\atomic-react-components\\lib\\components\\molecules\\Form\\tests\\Form.test.js",
      "startTime": 1578465800448,
      "status": "passed",
      "summary": ""
    },
    {
      "assertionResults": [
        {
          "ancestorTitles": ["FieldTextarea Component"],
          "failureMessages": [],
          "fullName": "FieldTextarea Component should render correctly",
          "location": null,
          "status": "passed",
          "title": "should render correctly"
        },
        {
          "ancestorTitles": ["FieldTextarea Component"],
          "failureMessages": [],
          "fullName": "FieldTextarea Component should render label correctly",
          "location": null,
          "status": "passed",
          "title": "should render label correctly"
        },
        {
          "ancestorTitles": ["FieldTextarea Component"],
          "failureMessages": [],
          "fullName": "FieldTextarea Component should render textarea tag",
          "location": null,
          "status": "passed",
          "title": "should render textarea tag"
        }
      ],
      "endTime": 1578465801963,
      "message": "",
      "name": "D:\\ProgressIndicator\\atomic-react-components\\lib\\components\\molecules\\Form\\FieldTextarea\\tests\\FieldTextarea.test.js",
      "startTime": 1578465801564,
      "status": "passed",
      "summary": ""
    },
    {
      "assertionResults": [
        {
          "ancestorTitles": ["<QuoteMedia />"],
          "failureMessages": [],
          "fullName": "<QuoteMedia /> Should have component heading being displayed",
          "location": null,
          "status": "passed",
          "title": "Should have component heading being displayed"
        },
        {
          "ancestorTitles": ["<QuoteMedia />"],
          "failureMessages": [],
          "fullName": "<QuoteMedia /> Should allow quote component passing",
          "location": null,
          "status": "passed",
          "title": "Should allow quote component passing"
        },
        {
          "ancestorTitles": ["<QuoteMedia />"],
          "failureMessages": [],
          "fullName": "<QuoteMedia /> Should render media Image in component body",
          "location": null,
          "status": "passed",
          "title": "Should render media Image in component body"
        },
        {
          "ancestorTitles": ["<QuoteMedia />"],
          "failureMessages": [],
          "fullName": "<QuoteMedia /> Should render correctly",
          "location": null,
          "status": "passed",
          "title": "Should render correctly"
        }
      ],
      "endTime": 1578465802618,
      "message": "",
      "name": "D:\\ProgressIndicator\\atomic-react-components\\lib\\components\\molecules\\QuoteMedia\\tests\\QuoteMedia.test.js",
      "startTime": 1578465802285,
      "status": "passed",
      "summary": ""
    },
    {
      "assertionResults": [
        {
          "ancestorTitles": ["FieldInput Component"],
          "failureMessages": [],
          "fullName": "FieldInput Component should render correctly",
          "location": null,
          "status": "passed",
          "title": "should render correctly"
        },
        {
          "ancestorTitles": ["FieldInput Component"],
          "failureMessages": [],
          "fullName": "FieldInput Component should render label correctly",
          "location": null,
          "status": "passed",
          "title": "should render label correctly"
        },
        {
          "ancestorTitles": ["FieldInput Component"],
          "failureMessages": [],
          "fullName": "FieldInput Component should render select tag",
          "location": null,
          "status": "passed",
          "title": "should render select tag"
        }
      ],
      "endTime": 1578465803227,
      "message": "",
      "name": "D:\\ProgressIndicator\\atomic-react-components\\lib\\components\\molecules\\Form\\FieldSelect\\tests\\FieldSelect.test.js",
      "startTime": 1578465798287,
      "status": "passed",
      "summary": ""
    },
    {
      "assertionResults": [
        {
          "ancestorTitles": ["FieldError Component"],
          "failureMessages": [],
          "fullName": "FieldError Component should render correctly",
          "location": null,
          "status": "passed",
          "title": "should render correctly"
        },
        {
          "ancestorTitles": ["FieldError Component"],
          "failureMessages": [],
          "fullName": "FieldError Component should check the element locator of field error",
          "location": null,
          "status": "passed",
          "title": "should check the element locator of field error"
        },
        {
          "ancestorTitles": ["FieldError Component"],
          "failureMessages": [],
          "fullName": "FieldError Component should check the default slnid of field error",
          "location": null,
          "status": "passed",
          "title": "should check the default slnid of field error"
        }
      ],
      "endTime": 1578465804122,
      "message": "",
      "name": "D:\\ProgressIndicator\\atomic-react-components\\lib\\components\\atoms\\FieldError\\tests\\FieldError.test.js",
      "startTime": 1578465803932,
      "status": "passed",
      "summary": ""
    },
    {
      "assertionResults": [
        {
          "ancestorTitles": ["<Popover /> Rendering"],
          "failureMessages": [],
          "fullName": "<Popover /> Rendering should render correctly",
          "location": null,
          "status": "passed",
          "title": "should render correctly"
        },
        {
          "ancestorTitles": ["Popover functional behavior"],
          "failureMessages": [],
          "fullName": "Popover functional behavior Should have Close Button By Default and can be closed",
          "location": null,
          "status": "passed",
          "title": "Should have Close Button By Default and can be closed"
        },
        {
          "ancestorTitles": ["Popover functional behavior"],
          "failureMessages": [],
          "fullName": "Popover functional behavior Should open By Default when isVisible set to true",
          "location": null,
          "status": "passed",
          "title": "Should open By Default when isVisible set to true"
        },
        {
          "ancestorTitles": ["Popover functional behavior"],
          "failureMessages": [],
          "fullName": "Popover functional behavior Should open and close on Trigger and X button click",
          "location": null,
          "status": "passed",
          "title": "Should open and close on Trigger and X button click"
        }
      ],
      "endTime": 1578465804608,
      "message": "",
      "name": "D:\\ProgressIndicator\\atomic-react-components\\lib\\components\\molecules\\Popover\\tests\\Popover.test.js",
      "startTime": 1578465804391,
      "status": "passed",
      "summary": ""
    },
    {
      "assertionResults": [
        {
          "ancestorTitles": ["InputChoiceVanilla Component"],
          "failureMessages": [],
          "fullName": "InputChoiceVanilla Component should render Radio button correctly",
          "location": null,
          "status": "passed",
          "title": "should render Radio button correctly"
        },
        {
          "ancestorTitles": ["InputChoiceVanilla Component"],
          "failureMessages": [],
          "fullName": "InputChoiceVanilla Component should render checkbox correctly",
          "location": null,
          "status": "passed",
          "title": "should render checkbox correctly"
        },
        {
          "ancestorTitles": ["InputChoiceVanilla Component"],
          "failureMessages": [],
          "fullName": "InputChoiceVanilla Component should render disabled",
          "location": null,
          "status": "passed",
          "title": "should render disabled"
        },
        {
          "ancestorTitles": ["InputChoiceVanilla Component"],
          "failureMessages": [],
          "fullName": "InputChoiceVanilla Component should render checked",
          "location": null,
          "status": "passed",
          "title": "should render checked"
        }
      ],
      "endTime": 1578465804950,
      "message": "",
      "name": "D:\\ProgressIndicator\\atomic-react-components\\lib\\components\\molecules\\InputChoice\\tests\\InputChoice.test.js",
      "startTime": 1578465803616,
      "status": "passed",
      "summary": ""
    },
    {
      "assertionResults": [
        {
          "ancestorTitles": ["<StickyBar />"],
          "failureMessages": [],
          "fullName": "<StickyBar /> should render the List Component",
          "location": null,
          "status": "passed",
          "title": "should render the List Component"
        },
        {
          "ancestorTitles": ["<StickyBar />"],
          "failureMessages": [],
          "fullName": "<StickyBar /> should render correctly",
          "location": null,
          "status": "passed",
          "title": "should render correctly"
        }
      ],
      "endTime": 1578465805235,
      "message": "",
      "name": "D:\\ProgressIndicator\\atomic-react-components\\lib\\components\\molecules\\StickyBar\\tests\\StickyBar.test.js",
      "startTime": 1578465804949,
      "status": "passed",
      "summary": ""
    },
    {
      "assertionResults": [
        {
          "ancestorTitles": ["Select Styled component"],
          "failureMessages": [],
          "fullName": "Select Styled component should render correctly",
          "location": null,
          "status": "passed",
          "title": "should render correctly"
        }
      ],
      "endTime": 1578465805810,
      "message": "",
      "name": "D:\\ProgressIndicator\\atomic-react-components\\lib\\components\\atoms\\Textarea\\tests\\Textarea.style.test.js",
      "startTime": 1578465805568,
      "status": "passed",
      "summary": ""
    },
    {
      "assertionResults": [
        {
          "ancestorTitles": ["Input Styled component"],
          "failureMessages": [],
          "fullName": "Input Styled component should render correctly",
          "location": null,
          "status": "passed",
          "title": "should render correctly"
        }
      ],
      "endTime": 1578465806568,
      "message": "",
      "name": "D:\\ProgressIndicator\\atomic-react-components\\lib\\components\\atoms\\Input\\tests\\Input.style.test.js",
      "startTime": 1578465806305,
      "status": "passed",
      "summary": ""
    },
    {
      "assertionResults": [
        {
          "ancestorTitles": ["<ArticleThumbnail />"],
          "failureMessages": [],
          "fullName": "<ArticleThumbnail /> should render correctly with Readmore",
          "location": null,
          "status": "passed",
          "title": "should render correctly with Readmore"
        },
        {
          "ancestorTitles": ["<ArticleThumbnail />"],
          "failureMessages": [],
          "fullName": "<ArticleThumbnail /> should render correctly with full clickable thumb",
          "location": null,
          "status": "passed",
          "title": "should render correctly with full clickable thumb"
        }
      ],
      "endTime": 1578465807190,
      "message": "",
      "name": "D:\\ProgressIndicator\\atomic-react-components\\lib\\components\\molecules\\ArticleThumbnail\\tests\\ArticleThumbnail.test.js",
      "startTime": 1578465806905,
      "status": "passed",
      "summary": ""
    },
    {
      "assertionResults": [
        {
          "ancestorTitles": ["Select Styled component"],
          "failureMessages": [],
          "fullName": "Select Styled component should render correctly",
          "location": null,
          "status": "passed",
          "title": "should render correctly"
        }
      ],
      "endTime": 1578465807370,
      "message": "",
      "name": "D:\\ProgressIndicator\\atomic-react-components\\lib\\components\\atoms\\Select\\tests\\Select.style.test.js",
      "startTime": 1578465806096,
      "status": "passed",
      "summary": ""
    },
    {
      "assertionResults": [
        {
          "ancestorTitles": ["Image Component with styles"],
          "failureMessages": [],
          "fullName": "Image Component with styles should render correctly and match snapshots",
          "location": null,
          "status": "passed",
          "title": "should render correctly and match snapshots"
        },
        {
          "ancestorTitles": ["Image Component with styles"],
          "failureMessages": [],
          "fullName": "Image Component with styles should render correctly with lazy load",
          "location": null,
          "status": "passed",
          "title": "should render correctly with lazy load"
        }
      ],
      "endTime": 1578465807902,
      "message": "",
      "name": "D:\\ProgressIndicator\\atomic-react-components\\lib\\components\\atoms\\Image\\tests\\Image.style.test.js",
      "startTime": 1578465807692,
      "status": "passed",
      "summary": ""
    },
    {
      "assertionResults": [
        {
          "ancestorTitles": ["Heading Component"],
          "failureMessages": [],
          "fullName": "Heading Component should render correctly and match snapshot",
          "location": null,
          "status": "passed",
          "title": "should render correctly and match snapshot"
        },
        {
          "ancestorTitles": ["Heading Component"],
          "failureMessages": [],
          "fullName": "Heading Component should check the custom locator of heading",
          "location": null,
          "status": "passed",
          "title": "should check the custom locator of heading"
        },
        {
          "ancestorTitles": ["Heading Component"],
          "failureMessages": [],
          "fullName": "Heading Component should check the default locator of heading",
          "location": null,
          "status": "passed",
          "title": "should check the default locator of heading"
        }
      ],
      "endTime": 1578465808293,
      "message": "",
      "name": "D:\\ProgressIndicator\\atomic-react-components\\lib\\components\\atoms\\Heading\\tests\\Heading.test.js",
      "startTime": 1578465808067,
      "status": "passed",
      "summary": ""
    },
    {
      "assertionResults": [
        {
          "ancestorTitles": ["<Blockquote />"],
          "failureMessages": [],
          "fullName": "<Blockquote /> should render blockquote",
          "location": null,
          "status": "passed",
          "title": "should render blockquote"
        },
        {
          "ancestorTitles": ["<Blockquote />"],
          "failureMessages": [],
          "fullName": "<Blockquote /> should render content",
          "location": null,
          "status": "passed",
          "title": "should render content"
        },
        {
          "ancestorTitles": ["<Blockquote />"],
          "failureMessages": [],
          "fullName": "<Blockquote /> check quoteContent value passed in",
          "location": null,
          "status": "passed",
          "title": "check quoteContent value passed in"
        },
        {
          "ancestorTitles": ["<Blockquote />"],
          "failureMessages": [],
          "fullName": "<Blockquote /> check quoteAuthor value passed in",
          "location": null,
          "status": "passed",
          "title": "check quoteAuthor value passed in"
        },
        {
          "ancestorTitles": ["<Blockquote />"],
          "failureMessages": [],
          "fullName": "<Blockquote /> should render author name",
          "location": null,
          "status": "passed",
          "title": "should render author name"
        },
        {
          "ancestorTitles": ["<Blockquote />"],
          "failureMessages": [],
          "fullName": "<Blockquote /> should render correctly",
          "location": null,
          "status": "passed",
          "title": "should render correctly"
        }
      ],
      "endTime": 1578465808804,
      "message": "",
      "name": "D:\\ProgressIndicator\\atomic-react-components\\lib\\components\\molecules\\Blockquote\\tests\\Blockquote.test.js",
      "startTime": 1578465808582,
      "status": "passed",
      "summary": ""
    },
    {
      "assertionResults": [
        {
          "ancestorTitles": ["Button Component"],
          "failureMessages": [],
          "fullName": "Button Component should render correctly",
          "location": null,
          "status": "passed",
          "title": "should render correctly"
        },
        {
          "ancestorTitles": ["Button Component"],
          "failureMessages": [],
          "fullName": "Button Component should render disabled",
          "location": null,
          "status": "passed",
          "title": "should render disabled"
        },
        {
          "ancestorTitles": ["Button Component"],
          "failureMessages": [],
          "fullName": "Button Component should render title element",
          "location": null,
          "status": "passed",
          "title": "should render title element"
        },
        {
          "ancestorTitles": ["Button Component"],
          "failureMessages": [],
          "fullName": "Button Component should render aria attribute element",
          "location": null,
          "status": "passed",
          "title": "should render aria attribute element"
        },
        {
          "ancestorTitles": ["Button Component"],
          "failureMessages": [],
          "fullName": "Button Component should check the data attribute of button",
          "location": null,
          "status": "passed",
          "title": "should check the data attribute of button"
        }
      ],
      "endTime": 1578465809326,
      "message": "",
      "name": "D:\\ProgressIndicator\\atomic-react-components\\lib\\components\\atoms\\Button\\tests\\Button.test.js",
      "startTime": 1578465809110,
      "status": "passed",
      "summary": ""
    },
    {
      "assertionResults": [
        {
          "ancestorTitles": ["<Track />"],
          "failureMessages": [],
          "fullName": "<Track /> should render correctly",
          "location": null,
          "status": "passed",
          "title": "should render correctly"
        }
      ],
      "endTime": 1578465809716,
      "message": "",
      "name": "D:\\ProgressIndicator\\atomic-react-components\\lib\\components\\atoms\\Track\\tests\\Track.test.js",
      "startTime": 1578465809529,
      "status": "passed",
      "summary": ""
    },
    {
      "assertionResults": [
        {
          "ancestorTitles": ["Modal Component"],
          "failureMessages": [],
          "fullName": "Modal Component should render Modal correctly",
          "location": null,
          "status": "passed",
          "title": "should render Modal correctly"
        }
      ],
      "endTime": 1578465810312,
      "message": "",
      "name": "D:\\ProgressIndicator\\atomic-react-components\\lib\\components\\molecules\\Modal\\tests\\Modal.test.js",
      "startTime": 1578465810007,
      "status": "passed",
      "summary": ""
    },
    {
      "assertionResults": [
        {
          "ancestorTitles": ["<Icon />"],
          "failureMessages": [],
          "fullName": "<Icon /> should render correctly",
          "location": null,
          "status": "passed",
          "title": "should render correctly"
        },
        {
          "ancestorTitles": ["<Icon />"],
          "failureMessages": [],
          "fullName": "<Icon /> should have id",
          "location": null,
          "status": "passed",
          "title": "should have id"
        }
      ],
      "endTime": 1578465810510,
      "message": "",
      "name": "D:\\ProgressIndicator\\atomic-react-components\\lib\\components\\atoms\\Icon\\tests\\Icon.test.js",
      "startTime": 1578465810212,
      "status": "passed",
      "summary": ""
    },
    {
      "assertionResults": [
        {
          "ancestorTitles": ["Image Component"],
          "failureMessages": [],
          "fullName": "Image Component should render correctly and match snapshots",
          "location": null,
          "status": "passed",
          "title": "should render correctly and match snapshots"
        },
        {
          "ancestorTitles": ["Image Component"],
          "failureMessages": [],
          "fullName": "Image Component should change image src on error",
          "location": null,
          "status": "passed",
          "title": "should change image src on error"
        },
        {
          "ancestorTitles": ["Image Component"],
          "failureMessages": [],
          "fullName": "Image Component should check the data attribute of image",
          "location": null,
          "status": "passed",
          "title": "should check the data attribute of image"
        },
        {
          "ancestorTitles": ["Image Component"],
          "failureMessages": [],
          "fullName": "Image Component should check the default locator of image",
          "location": null,
          "status": "passed",
          "title": "should check the default locator of image"
        }
      ],
      "endTime": 1578465811033,
      "message": "",
      "name": "D:\\ProgressIndicator\\atomic-react-components\\lib\\components\\atoms\\Image\\tests\\Image.test.js",
      "startTime": 1578465810827,
      "status": "passed",
      "summary": ""
    },
    {
      "assertionResults": [
        {
          "ancestorTitles": ["Select Component"],
          "failureMessages": [],
          "fullName": "Select Component should render correctly",
          "location": null,
          "status": "passed",
          "title": "should render correctly"
        },
        {
          "ancestorTitles": ["Select Component"],
          "failureMessages": [],
          "fullName": "Select Component should check the data attribute of dropdown/select",
          "location": null,
          "status": "passed",
          "title": "should check the data attribute of dropdown/select"
        }
      ],
      "endTime": 1578465811595,
      "message": "",
      "name": "D:\\ProgressIndicator\\atomic-react-components\\lib\\components\\atoms\\Select\\tests\\Select.test.js",
      "startTime": 1578465811384,
      "status": "passed",
      "summary": ""
    },
    {
      "assertionResults": [
        {
          "ancestorTitles": ["<List />"],
          "failureMessages": [],
          "fullName": "<List /> should render default view correctly",
          "location": null,
          "status": "passed",
          "title": "should render default view correctly"
        }
      ],
      "endTime": 1578465811984,
      "message": "",
      "name": "D:\\ProgressIndicator\\atomic-react-components\\lib\\components\\molecules\\List\\tests\\List.test.js",
      "startTime": 1578465811755,
      "status": "passed",
      "summary": ""
    },
    {
      "assertionResults": [
        {
          "ancestorTitles": ["Label Component"],
          "failureMessages": [],
          "fullName": "Label Component should render correctly",
          "location": null,
          "status": "passed",
          "title": "should render correctly"
        },
        {
          "ancestorTitles": ["Label Component"],
          "failureMessages": [],
          "fullName": "Label Component should check the data attribute of label",
          "location": null,
          "status": "passed",
          "title": "should check the data attribute of label"
        }
      ],
      "endTime": 1578465812477,
      "message": "",
      "name": "D:\\ProgressIndicator\\atomic-react-components\\lib\\components\\atoms\\Label\\tests\\Label.test.js",
      "startTime": 1578465812276,
      "status": "passed",
      "summary": ""
    },
    {
      "assertionResults": [
        {
          "ancestorTitles": ["Debug"],
          "failureMessages": [],
          "fullName": "Debug should render correctly",
          "location": null,
          "status": "passed",
          "title": "should render correctly"
        }
      ],
      "endTime": 1578465812901,
      "message": "",
      "name": "D:\\ProgressIndicator\\atomic-react-components\\lib\\components\\molecules\\Form\\Debug\\tests\\Debug.test.js",
      "startTime": 1578465810665,
      "status": "passed",
      "summary": ""
    },
    {
      "assertionResults": [
        {
          "ancestorTitles": ["Para Component"],
          "failureMessages": [],
          "fullName": "Para Component should render correctly and match snapshot",
          "location": null,
          "status": "passed",
          "title": "should render correctly and match snapshot"
        },
        {
          "ancestorTitles": ["Para Component"],
          "failureMessages": [],
          "fullName": "Para Component should check the data attribute of para",
          "location": null,
          "status": "passed",
          "title": "should check the data attribute of para"
        }
      ],
      "endTime": 1578465813145,
      "message": "",
      "name": "D:\\ProgressIndicator\\atomic-react-components\\lib\\components\\atoms\\Para\\tests\\Para.test.js",
      "startTime": 1578465812937,
      "status": "passed",
      "summary": ""
    },
    {
      "assertionResults": [
        {
          "ancestorTitles": ["<Textarea />"],
          "failureMessages": [],
          "fullName": "<Textarea /> should render correctly",
          "location": null,
          "status": "passed",
          "title": "should render correctly"
        },
        {
          "ancestorTitles": ["<Textarea />"],
          "failureMessages": [],
          "fullName": "<Textarea /> should check the data attribute of textarea",
          "location": null,
          "status": "passed",
          "title": "should check the data attribute of textarea"
        }
      ],
      "endTime": 1578465814023,
      "message": "",
      "name": "D:\\ProgressIndicator\\atomic-react-components\\lib\\components\\atoms\\Textarea\\tests\\Textarea.test.js",
      "startTime": 1578465812821,
      "status": "passed",
      "summary": ""
    }
  ],
  "wasInterrupted": false,
  "coverageMap": {
    "D:\\ProgressIndicator\\atomic-react-components\\lib\\components\\molecules\\Toast\\index.js": {
      "path": "D:\\ProgressIndicator\\atomic-react-components\\lib\\components\\molecules\\Toast\\index.js",
      "statementMap": {},
      "fnMap": {},
      "branchMap": {},
      "s": {},
      "f": {},
      "b": {},
      "_coverageSchema": "43e27e138ebf9cfc5966b082cf9a028302ed4184",
      "hash": "2cdf629ea6afa3f222686007d94238de71740f77"
    },
    "D:\\ProgressIndicator\\atomic-react-components\\lib\\components\\molecules\\Toast\\Toast.js": {
      "path": "D:\\ProgressIndicator\\atomic-react-components\\lib\\components\\molecules\\Toast\\Toast.js",
      "statementMap": {
        "0": { "start": { "line": 14, "column": 14 }, "end": { "line": 53, "column": 1 } },
        "1": { "start": { "line": 19, "column": 36 }, "end": { "line": 19, "column": 61 } },
        "2": { "start": { "line": 21, "column": 2 }, "end": { "line": 31, "column": 5 } },
        "3": { "start": { "line": 26, "column": 4 }, "end": { "line": 30, "column": 5 } },
        "4": { "start": { "line": 27, "column": 6 }, "end": { "line": 29, "column": 29 } },
        "5": { "start": { "line": 28, "column": 8 }, "end": { "line": 28, "column": 28 } },
        "6": { "start": { "line": 36, "column": 16 }, "end": { "line": 38, "column": 3 } },
        "7": { "start": { "line": 37, "column": 4 }, "end": { "line": 37, "column": 29 } },
        "8": { "start": { "line": 40, "column": 2 }, "end": { "line": 52, "column": 4 } },
        "9": { "start": { "line": 55, "column": 0 }, "end": { "line": 58, "column": 2 } }
      },
      "fnMap": {
        "0": {
          "name": "(anonymous_0)",
          "decl": { "start": { "line": 14, "column": 14 }, "end": { "line": 14, "column": 15 } },
          "loc": { "start": { "line": 14, "column": 87 }, "end": { "line": 53, "column": 1 } },
          "line": 14
        },
        "1": {
          "name": "(anonymous_1)",
          "decl": { "start": { "line": 21, "column": 18 }, "end": { "line": 21, "column": 19 } },
          "loc": { "start": { "line": 21, "column": 24 }, "end": { "line": 31, "column": 3 } },
          "line": 21
        },
        "2": {
          "name": "(anonymous_2)",
          "decl": { "start": { "line": 27, "column": 17 }, "end": { "line": 27, "column": 18 } },
          "loc": { "start": { "line": 27, "column": 23 }, "end": { "line": 29, "column": 7 } },
          "line": 27
        },
        "3": {
          "name": "(anonymous_3)",
          "decl": { "start": { "line": 36, "column": 16 }, "end": { "line": 36, "column": 17 } },
          "loc": { "start": { "line": 36, "column": 22 }, "end": { "line": 38, "column": 3 } },
          "line": 36
        }
      },
      "branchMap": {
        "0": {
          "loc": { "start": { "line": 26, "column": 4 }, "end": { "line": 30, "column": 5 } },
          "type": "if",
          "locations": [
            { "start": { "line": 26, "column": 4 }, "end": { "line": 30, "column": 5 } },
            { "start": { "line": 26, "column": 4 }, "end": { "line": 30, "column": 5 } }
          ],
          "line": 26
        },
        "1": {
          "loc": { "start": { "line": 26, "column": 8 }, "end": { "line": 26, "column": 43 } },
          "type": "binary-expr",
          "locations": [
            { "start": { "line": 26, "column": 8 }, "end": { "line": 26, "column": 17 } },
            { "start": { "line": 26, "column": 21 }, "end": { "line": 26, "column": 43 } }
          ],
          "line": 26
        },
        "2": {
          "loc": { "start": { "line": 42, "column": 7 }, "end": { "line": 50, "column": 7 } },
          "type": "binary-expr",
          "locations": [
            { "start": { "line": 42, "column": 7 }, "end": { "line": 42, "column": 16 } },
            { "start": { "line": 43, "column": 8 }, "end": { "line": 49, "column": 14 } }
          ],
          "line": 42
        },
        "3": {
          "loc": { "start": { "line": 48, "column": 11 }, "end": { "line": 48, "column": 68 } },
          "type": "binary-expr",
          "locations": [
            { "start": { "line": 48, "column": 11 }, "end": { "line": 48, "column": 31 } },
            { "start": { "line": 48, "column": 35 }, "end": { "line": 48, "column": 68 } }
          ],
          "line": 48
        }
      },
      "s": { "0": 1, "1": 6, "2": 6, "3": 2, "4": 1, "5": 1, "6": 6, "7": 1, "8": 6, "9": 1 },
      "f": { "0": 6, "1": 2, "2": 1, "3": 1 },
      "b": { "0": [1, 1], "1": [2, 1], "2": [6, 4], "3": [4, 3] },
      "_coverageSchema": "43e27e138ebf9cfc5966b082cf9a028302ed4184",
      "hash": "257604fc87c74c044254e183da2a8b5cf893ee19"
    },
    "D:\\ProgressIndicator\\atomic-react-components\\lib\\components\\molecules\\Toast\\Toast.style.js": {
      "path": "D:\\ProgressIndicator\\atomic-react-components\\lib\\components\\molecules\\Toast\\Toast.style.js",
      "statementMap": {
        "0": { "start": { "line": 3, "column": 20 }, "end": { "line": 57, "column": 1 } },
        "1": { "start": { "line": 18, "column": 39 }, "end": { "line": 18, "column": 78 } },
        "2": { "start": { "line": 21, "column": 4 }, "end": { "line": 23, "column": 10 } },
        "3": { "start": { "line": 24, "column": 14 }, "end": { "line": 24, "column": 81 } },
        "4": { "start": { "line": 25, "column": 14 }, "end": { "line": 25, "column": 87 } },
        "5": { "start": { "line": 26, "column": 14 }, "end": { "line": 26, "column": 87 } },
        "6": { "start": { "line": 27, "column": 14 }, "end": { "line": 27, "column": 83 } },
        "7": { "start": { "line": 28, "column": 14 }, "end": { "line": 28, "column": 64 } },
        "8": { "start": { "line": 33, "column": 15 }, "end": { "line": 33, "column": 53 } }
      },
      "fnMap": {
        "0": {
          "name": "(anonymous_0)",
          "decl": { "start": { "line": 18, "column": 30 }, "end": { "line": 18, "column": 31 } },
          "loc": { "start": { "line": 18, "column": 39 }, "end": { "line": 18, "column": 78 } },
          "line": 18
        },
        "1": {
          "name": "(anonymous_1)",
          "decl": { "start": { "line": 20, "column": 4 }, "end": { "line": 20, "column": 5 } },
          "loc": { "start": { "line": 21, "column": 4 }, "end": { "line": 23, "column": 10 } },
          "line": 21
        },
        "2": {
          "name": "(anonymous_2)",
          "decl": { "start": { "line": 24, "column": 4 }, "end": { "line": 24, "column": 5 } },
          "loc": { "start": { "line": 24, "column": 14 }, "end": { "line": 24, "column": 81 } },
          "line": 24
        },
        "3": {
          "name": "(anonymous_3)",
          "decl": { "start": { "line": 25, "column": 4 }, "end": { "line": 25, "column": 5 } },
          "loc": { "start": { "line": 25, "column": 14 }, "end": { "line": 25, "column": 87 } },
          "line": 25
        },
        "4": {
          "name": "(anonymous_4)",
          "decl": { "start": { "line": 26, "column": 4 }, "end": { "line": 26, "column": 5 } },
          "loc": { "start": { "line": 26, "column": 14 }, "end": { "line": 26, "column": 87 } },
          "line": 26
        },
        "5": {
          "name": "(anonymous_5)",
          "decl": { "start": { "line": 27, "column": 4 }, "end": { "line": 27, "column": 5 } },
          "loc": { "start": { "line": 27, "column": 14 }, "end": { "line": 27, "column": 83 } },
          "line": 27
        },
        "6": {
          "name": "(anonymous_6)",
          "decl": { "start": { "line": 28, "column": 4 }, "end": { "line": 28, "column": 5 } },
          "loc": { "start": { "line": 28, "column": 14 }, "end": { "line": 28, "column": 64 } },
          "line": 28
        },
        "7": {
          "name": "(anonymous_7)",
          "decl": { "start": { "line": 33, "column": 6 }, "end": { "line": 33, "column": 7 } },
          "loc": { "start": { "line": 33, "column": 15 }, "end": { "line": 33, "column": 53 } },
          "line": 33
        }
      },
      "branchMap": {
        "0": {
          "loc": { "start": { "line": 21, "column": 4 }, "end": { "line": 23, "column": 10 } },
          "type": "cond-expr",
          "locations": [
            { "start": { "line": 22, "column": 8 }, "end": { "line": 22, "column": 71 } },
            { "start": { "line": 23, "column": 8 }, "end": { "line": 23, "column": 10 } }
          ],
          "line": 21
        },
        "1": {
          "loc": { "start": { "line": 24, "column": 14 }, "end": { "line": 24, "column": 81 } },
          "type": "cond-expr",
          "locations": [
            { "start": { "line": 24, "column": 43 }, "end": { "line": 24, "column": 76 } },
            { "start": { "line": 24, "column": 79 }, "end": { "line": 24, "column": 81 } }
          ],
          "line": 24
        },
        "2": {
          "loc": { "start": { "line": 25, "column": 14 }, "end": { "line": 25, "column": 87 } },
          "type": "cond-expr",
          "locations": [
            { "start": { "line": 25, "column": 46 }, "end": { "line": 25, "column": 82 } },
            { "start": { "line": 25, "column": 85 }, "end": { "line": 25, "column": 87 } }
          ],
          "line": 25
        },
        "3": {
          "loc": { "start": { "line": 26, "column": 14 }, "end": { "line": 26, "column": 87 } },
          "type": "cond-expr",
          "locations": [
            { "start": { "line": 26, "column": 46 }, "end": { "line": 26, "column": 82 } },
            { "start": { "line": 26, "column": 85 }, "end": { "line": 26, "column": 87 } }
          ],
          "line": 26
        },
        "4": {
          "loc": { "start": { "line": 27, "column": 14 }, "end": { "line": 27, "column": 83 } },
          "type": "cond-expr",
          "locations": [
            { "start": { "line": 27, "column": 44 }, "end": { "line": 27, "column": 78 } },
            { "start": { "line": 27, "column": 81 }, "end": { "line": 27, "column": 83 } }
          ],
          "line": 27
        },
        "5": {
          "loc": { "start": { "line": 28, "column": 14 }, "end": { "line": 28, "column": 64 } },
          "type": "cond-expr",
          "locations": [
            { "start": { "line": 28, "column": 38 }, "end": { "line": 28, "column": 59 } },
            { "start": { "line": 28, "column": 62 }, "end": { "line": 28, "column": 64 } }
          ],
          "line": 28
        }
      },
      "s": { "0": 1, "1": 0, "2": 0, "3": 0, "4": 0, "5": 0, "6": 0, "7": 0, "8": 0 },
      "f": { "0": 0, "1": 0, "2": 0, "3": 0, "4": 0, "5": 0, "6": 0, "7": 0 },
      "b": { "0": [0, 0], "1": [0, 0], "2": [0, 0], "3": [0, 0], "4": [0, 0], "5": [0, 0] },
      "_coverageSchema": "43e27e138ebf9cfc5966b082cf9a028302ed4184",
      "hash": "3eaae6ff3ce60f485df6f340c0cc04956c9f0f3d"
    },
    "D:\\ProgressIndicator\\atomic-react-components\\lib\\components\\atoms\\Button\\index.js": {
      "path": "D:\\ProgressIndicator\\atomic-react-components\\lib\\components\\atoms\\Button\\index.js",
      "statementMap": {},
      "fnMap": {},
      "branchMap": {},
      "s": {},
      "f": {},
      "b": {},
      "_coverageSchema": "43e27e138ebf9cfc5966b082cf9a028302ed4184",
      "hash": "2a4b0b767837c22698f6acce66a62fd5a2e306a7"
    },
    "D:\\ProgressIndicator\\atomic-react-components\\lib\\components\\atoms\\Button\\Button.js": {
      "path": "D:\\ProgressIndicator\\atomic-react-components\\lib\\components\\atoms\\Button\\Button.js",
      "statementMap": {
        "0": { "start": { "line": 23, "column": 15 }, "end": { "line": 47, "column": 1 } },
        "1": { "start": { "line": 37, "column": 2 }, "end": { "line": 46, "column": 11 } },
        "2": { "start": { "line": 49, "column": 0 }, "end": { "line": 60, "column": 2 } }
      },
      "fnMap": {
        "0": {
          "name": "(anonymous_0)",
          "decl": { "start": { "line": 23, "column": 15 }, "end": { "line": 23, "column": 16 } },
          "loc": { "start": { "line": 37, "column": 2 }, "end": { "line": 46, "column": 11 } },
          "line": 37
        }
      },
      "branchMap": {
        "0": {
          "loc": { "start": { "line": 38, "column": 16 }, "end": { "line": 38, "column": 33 } },
          "type": "binary-expr",
          "locations": [
            { "start": { "line": 38, "column": 16 }, "end": { "line": 38, "column": 25 } },
            { "start": { "line": 38, "column": 29 }, "end": { "line": 38, "column": 33 } }
          ],
          "line": 38
        },
        "1": {
          "loc": { "start": { "line": 42, "column": 18 }, "end": { "line": 42, "column": 86 } },
          "type": "binary-expr",
          "locations": [
            { "start": { "line": 42, "column": 18 }, "end": { "line": 42, "column": 32 } },
            { "start": { "line": 42, "column": 36 }, "end": { "line": 42, "column": 86 } }
          ],
          "line": 42
        }
      },
      "s": { "0": 5, "1": 51, "2": 5 },
      "f": { "0": 51 },
      "b": { "0": [51, 50], "1": [51, 50] },
      "_coverageSchema": "43e27e138ebf9cfc5966b082cf9a028302ed4184",
      "hash": "b05e9e6a092cf32d4b5578f566bdfea0c6a3c6b3"
    },
    "D:\\ProgressIndicator\\atomic-react-components\\lib\\core\\utils\\elementLocator.js": {
      "path": "D:\\ProgressIndicator\\atomic-react-components\\lib\\core\\utils\\elementLocator.js",
      "statementMap": {
        "0": { "start": { "line": 4, "column": 36 }, "end": { "line": 20, "column": 1 } },
        "1": { "start": { "line": 5, "column": 14 }, "end": { "line": 5, "column": 16 } },
        "2": { "start": { "line": 7, "column": 2 }, "end": { "line": 18, "column": 5 } },
        "3": { "start": { "line": 8, "column": 24 }, "end": { "line": 8, "column": 29 } },
        "4": { "start": { "line": 10, "column": 4 }, "end": { "line": 16, "column": 5 } },
        "5": { "start": { "line": 11, "column": 6 }, "end": { "line": 15, "column": 9 } },
        "6": { "start": { "line": 12, "column": 8 }, "end": { "line": 12, "column": 78 } },
        "7": { "start": { "line": 13, "column": 8 }, "end": { "line": 13, "column": 51 } },
        "8": { "start": { "line": 13, "column": 30 }, "end": { "line": 13, "column": 51 } },
        "9": { "start": { "line": 14, "column": 8 }, "end": { "line": 14, "column": 29 } },
        "10": { "start": { "line": 17, "column": 4 }, "end": { "line": 17, "column": 45 } },
        "11": { "start": { "line": 19, "column": 2 }, "end": { "line": 19, "column": 29 } }
      },
      "fnMap": {
        "0": {
          "name": "(anonymous_0)",
          "decl": { "start": { "line": 4, "column": 36 }, "end": { "line": 4, "column": 37 } },
          "loc": { "start": { "line": 4, "column": 48 }, "end": { "line": 20, "column": 1 } },
          "line": 4
        },
        "1": {
          "name": "(anonymous_1)",
          "decl": { "start": { "line": 7, "column": 34 }, "end": { "line": 7, "column": 35 } },
          "loc": { "start": { "line": 7, "column": 57 }, "end": { "line": 18, "column": 3 } },
          "line": 7
        },
        "2": {
          "name": "(anonymous_2)",
          "decl": { "start": { "line": 11, "column": 28 }, "end": { "line": 11, "column": 29 } },
          "loc": { "start": { "line": 11, "column": 51 }, "end": { "line": 15, "column": 7 } },
          "line": 11
        }
      },
      "branchMap": {
        "0": {
          "loc": { "start": { "line": 10, "column": 4 }, "end": { "line": 16, "column": 5 } },
          "type": "if",
          "locations": [
            { "start": { "line": 10, "column": 4 }, "end": { "line": 16, "column": 5 } },
            { "start": { "line": 10, "column": 4 }, "end": { "line": 16, "column": 5 } }
          ],
          "line": 10
        },
        "1": {
          "loc": { "start": { "line": 12, "column": 20 }, "end": { "line": 12, "column": 67 } },
          "type": "cond-expr",
          "locations": [
            { "start": { "line": 12, "column": 59 }, "end": { "line": 12, "column": 61 } },
            { "start": { "line": 12, "column": 64 }, "end": { "line": 12, "column": 67 } }
          ],
          "line": 12
        },
        "2": {
          "loc": { "start": { "line": 12, "column": 20 }, "end": { "line": 12, "column": 56 } },
          "type": "binary-expr",
          "locations": [
            { "start": { "line": 12, "column": 20 }, "end": { "line": 12, "column": 36 } },
            { "start": { "line": 12, "column": 40 }, "end": { "line": 12, "column": 56 } }
          ],
          "line": 12
        },
        "3": {
          "loc": { "start": { "line": 13, "column": 8 }, "end": { "line": 13, "column": 51 } },
          "type": "if",
          "locations": [
            { "start": { "line": 13, "column": 8 }, "end": { "line": 13, "column": 51 } },
            { "start": { "line": 13, "column": 8 }, "end": { "line": 13, "column": 51 } }
          ],
          "line": 13
        },
        "4": {
          "loc": { "start": { "line": 17, "column": 11 }, "end": { "line": 17, "column": 44 } },
          "type": "binary-expr",
          "locations": [
            { "start": { "line": 17, "column": 11 }, "end": { "line": 17, "column": 24 } },
            { "start": { "line": 17, "column": 28 }, "end": { "line": 17, "column": 44 } }
          ],
          "line": 17
        }
      },
      "s": {
        "0": 20,
        "1": 105,
        "2": 105,
        "3": 71,
        "4": 71,
        "5": 30,
        "6": 46,
        "7": 46,
        "8": 16,
        "9": 46,
        "10": 71,
        "11": 105
      },
      "f": { "0": 105, "1": 71, "2": 46 },
      "b": { "0": [30, 41], "1": [30, 16], "2": [46, 46], "3": [16, 30], "4": [71, 55] },
      "_coverageSchema": "43e27e138ebf9cfc5966b082cf9a028302ed4184",
      "hash": "1b3d2d08bc3b844b2d55607ffa96a9f3b48af49a"
    },
    "D:\\ProgressIndicator\\atomic-react-components\\lib\\components\\atoms\\Button\\Button.style.js": {
      "path": "D:\\ProgressIndicator\\atomic-react-components\\lib\\components\\atoms\\Button\\Button.style.js",
      "statementMap": {
        "0": { "start": { "line": 3, "column": 21 }, "end": { "line": 36, "column": 1 } },
        "1": { "start": { "line": 8, "column": 22 }, "end": { "line": 8, "column": 64 } },
        "2": { "start": { "line": 9, "column": 13 }, "end": { "line": 13, "column": 3 } },
        "3": { "start": { "line": 14, "column": 13 }, "end": { "line": 14, "column": 69 } },
        "4": { "start": { "line": 16, "column": 4 }, "end": { "line": 21, "column": 10 } },
        "5": { "start": { "line": 22, "column": 13 }, "end": { "line": 22, "column": 48 } },
        "6": { "start": { "line": 29, "column": 4 }, "end": { "line": 33, "column": 3 } },
        "7": { "start": { "line": 35, "column": 14 }, "end": { "line": 35, "column": 64 } }
      },
      "fnMap": {
        "0": {
          "name": "(anonymous_0)",
          "decl": { "start": { "line": 8, "column": 12 }, "end": { "line": 8, "column": 13 } },
          "loc": { "start": { "line": 8, "column": 22 }, "end": { "line": 8, "column": 64 } },
          "line": 8
        },
        "1": {
          "name": "(anonymous_1)",
          "decl": { "start": { "line": 9, "column": 4 }, "end": { "line": 9, "column": 5 } },
          "loc": { "start": { "line": 9, "column": 13 }, "end": { "line": 13, "column": 3 } },
          "line": 9
        },
        "2": {
          "name": "(anonymous_2)",
          "decl": { "start": { "line": 14, "column": 4 }, "end": { "line": 14, "column": 5 } },
          "loc": { "start": { "line": 14, "column": 13 }, "end": { "line": 14, "column": 69 } },
          "line": 14
        },
        "3": {
          "name": "(anonymous_3)",
          "decl": { "start": { "line": 15, "column": 4 }, "end": { "line": 15, "column": 5 } },
          "loc": { "start": { "line": 16, "column": 4 }, "end": { "line": 21, "column": 10 } },
          "line": 16
        },
        "4": {
          "name": "(anonymous_4)",
          "decl": { "start": { "line": 22, "column": 4 }, "end": { "line": 22, "column": 5 } },
          "loc": { "start": { "line": 22, "column": 13 }, "end": { "line": 22, "column": 48 } },
          "line": 22
        },
        "5": {
          "name": "(anonymous_5)",
          "decl": { "start": { "line": 28, "column": 4 }, "end": { "line": 28, "column": 5 } },
          "loc": { "start": { "line": 29, "column": 4 }, "end": { "line": 33, "column": 3 } },
          "line": 29
        },
        "6": {
          "name": "(anonymous_6)",
          "decl": { "start": { "line": 35, "column": 4 }, "end": { "line": 35, "column": 5 } },
          "loc": { "start": { "line": 35, "column": 14 }, "end": { "line": 35, "column": 64 } },
          "line": 35
        }
      },
      "branchMap": {
        "0": {
          "loc": { "start": { "line": 8, "column": 22 }, "end": { "line": 8, "column": 64 } },
          "type": "cond-expr",
          "locations": [
            { "start": { "line": 8, "column": 39 }, "end": { "line": 8, "column": 52 } },
            { "start": { "line": 8, "column": 55 }, "end": { "line": 8, "column": 64 } }
          ],
          "line": 8
        },
        "1": {
          "loc": { "start": { "line": 14, "column": 13 }, "end": { "line": 14, "column": 69 } },
          "type": "binary-expr",
          "locations": [
            { "start": { "line": 14, "column": 13 }, "end": { "line": 14, "column": 28 } },
            { "start": { "line": 14, "column": 32 }, "end": { "line": 14, "column": 69 } }
          ],
          "line": 14
        },
        "2": {
          "loc": { "start": { "line": 16, "column": 4 }, "end": { "line": 21, "column": 10 } },
          "type": "cond-expr",
          "locations": [
            { "start": { "line": 17, "column": 8 }, "end": { "line": 20, "column": 3 } },
            { "start": { "line": 21, "column": 8 }, "end": { "line": 21, "column": 10 } }
          ],
          "line": 16
        },
        "3": {
          "loc": { "start": { "line": 22, "column": 13 }, "end": { "line": 22, "column": 48 } },
          "type": "binary-expr",
          "locations": [
            { "start": { "line": 22, "column": 13 }, "end": { "line": 22, "column": 28 } },
            { "start": { "line": 22, "column": 32 }, "end": { "line": 22, "column": 48 } }
          ],
          "line": 22
        },
        "4": {
          "loc": { "start": { "line": 29, "column": 4 }, "end": { "line": 33, "column": 3 } },
          "type": "binary-expr",
          "locations": [
            { "start": { "line": 29, "column": 4 }, "end": { "line": 29, "column": 21 } },
            { "start": { "line": 30, "column": 4 }, "end": { "line": 33, "column": 3 } }
          ],
          "line": 29
        },
        "5": {
          "loc": { "start": { "line": 35, "column": 14 }, "end": { "line": 35, "column": 64 } },
          "type": "cond-expr",
          "locations": [
            { "start": { "line": 35, "column": 38 }, "end": { "line": 35, "column": 59 } },
            { "start": { "line": 35, "column": 62 }, "end": { "line": 35, "column": 64 } }
          ],
          "line": 35
        }
      },
      "s": { "0": 5, "1": 41, "2": 41, "3": 41, "4": 41, "5": 41, "6": 41, "7": 41 },
      "f": { "0": 41, "1": 41, "2": 41, "3": 41, "4": 41, "5": 41, "6": 41 },
      "b": { "0": [0, 41], "1": [41, 0], "2": [0, 41], "3": [41, 41], "4": [41, 41], "5": [0, 41] },
      "_coverageSchema": "43e27e138ebf9cfc5966b082cf9a028302ed4184",
      "hash": "f029c5a5e26d4bf582ba24c5415253a270c2986b"
    },
    "D:\\ProgressIndicator\\atomic-react-components\\lib\\components\\molecules\\List\\index.js": {
      "path": "D:\\ProgressIndicator\\atomic-react-components\\lib\\components\\molecules\\List\\index.js",
      "statementMap": {},
      "fnMap": {},
      "branchMap": {},
      "s": {},
      "f": {},
      "b": {},
      "_coverageSchema": "43e27e138ebf9cfc5966b082cf9a028302ed4184",
      "hash": "4afc12901112fe52f7bd5a881658e60d1bdaaea4"
    },
    "D:\\ProgressIndicator\\atomic-react-components\\lib\\components\\molecules\\List\\List.js": {
      "path": "D:\\ProgressIndicator\\atomic-react-components\\lib\\components\\molecules\\List\\List.js",
      "statementMap": {
        "0": { "start": { "line": 26, "column": 13 }, "end": { "line": 30, "column": 1 } },
        "1": { "start": { "line": 27, "column": 2 }, "end": { "line": 29, "column": 13 } },
        "2": { "start": { "line": 32, "column": 0 }, "end": { "line": 41, "column": 2 } }
      },
      "fnMap": {
        "0": {
          "name": "(anonymous_0)",
          "decl": { "start": { "line": 26, "column": 13 }, "end": { "line": 26, "column": 14 } },
          "loc": { "start": { "line": 27, "column": 2 }, "end": { "line": 29, "column": 13 } },
          "line": 27
        }
      },
      "branchMap": {
        "0": {
          "loc": { "start": { "line": 26, "column": 27 }, "end": { "line": 26, "column": 42 } },
          "type": "default-arg",
          "locations": [
            { "start": { "line": 26, "column": 38 }, "end": { "line": 26, "column": 42 } }
          ],
          "line": 26
        }
      },
      "s": { "0": 5, "1": 19, "2": 5 },
      "f": { "0": 19 },
[...]
      "statementMap": {
        "0": { "start": { "line": 15, "column": 25 }, "end": { "line": 15, "column": 96 } },
        "1": { "start": { "line": 15, "column": 52 }, "end": { "line": 15, "column": 96 } },
        "2": { "start": { "line": 17, "column": 25 }, "end": { "line": 38, "column": 1 } },
        "3": { "start": { "line": 24, "column": 19 }, "end": { "line": 24, "column": 39 } },
        "4": { "start": { "line": 25, "column": 2 }, "end": { "line": 27, "column": 3 } },
        "5": { "start": { "line": 26, "column": 4 }, "end": { "line": 26, "column": 59 } },
        "6": { "start": { "line": 28, "column": 2 }, "end": { "line": 31, "column": 3 } },
        "7": { "start": { "line": 29, "column": 25 }, "end": { "line": 29, "column": 71 } },
        "8": { "start": { "line": 30, "column": 4 }, "end": { "line": 30, "column": 94 } },
        "9": { "start": { "line": 33, "column": 2 }, "end": { "line": 37, "column": 4 } },
        "10": { "start": { "line": 40, "column": 0 }, "end": { "line": 42, "column": 2 } }
      },
      "fnMap": {
        "0": {
          "name": "(anonymous_0)",
          "decl": { "start": { "line": 15, "column": 25 }, "end": { "line": 15, "column": 26 } },
          "loc": { "start": { "line": 15, "column": 52 }, "end": { "line": 15, "column": 96 } },
          "line": 15
        },
        "1": {
          "name": "(anonymous_1)",
          "decl": { "start": { "line": 17, "column": 25 }, "end": { "line": 17, "column": 26 } },
          "loc": { "start": { "line": 23, "column": 19 }, "end": { "line": 38, "column": 1 } },
          "line": 23
        }
      },
      "branchMap": {
        "0": {
          "loc": { "start": { "line": 25, "column": 2 }, "end": { "line": 27, "column": 3 } },
          "type": "if",
          "locations": [
            { "start": { "line": 25, "column": 2 }, "end": { "line": 27, "column": 3 } },
            { "start": { "line": 25, "column": 2 }, "end": { "line": 27, "column": 3 } }
          ],
          "line": 25
        },
        "1": {
          "loc": { "start": { "line": 25, "column": 6 }, "end": { "line": 25, "column": 36 } },
          "type": "binary-expr",
          "locations": [
            { "start": { "line": 25, "column": 6 }, "end": { "line": 25, "column": 21 } },
            { "start": { "line": 25, "column": 25 }, "end": { "line": 25, "column": 36 } }
          ],
          "line": 25
        },
        "2": {
          "loc": { "start": { "line": 28, "column": 2 }, "end": { "line": 31, "column": 3 } },
          "type": "if",
          "locations": [
            { "start": { "line": 28, "column": 2 }, "end": { "line": 31, "column": 3 } },
            { "start": { "line": 28, "column": 2 }, "end": { "line": 31, "column": 3 } }
          ],
          "line": 28
        }
      },
      "s": {
        "0": 1,
        "1": 3,
        "2": 1,
        "3": 2,
        "4": 2,
        "5": 1,
        "6": 2,
        "7": 1,
        "8": 1,
        "9": 1,
        "10": 1
      },
      "f": { "0": 3, "1": 2 },
      "b": { "0": [1, 1], "1": [2, 1], "2": [1, 1] },
      "_coverageSchema": "43e27e138ebf9cfc5966b082cf9a028302ed4184",
      "hash": "d4461010237959bf0cef137a60a2935bcc6cc326"
    },
    "D:\\ProgressIndicator\\atomic-react-components\\lib\\components\\molecules\\ArticleThumbnail\\ArticleThumbnail.style.js": {
      "path": "D:\\ProgressIndicator\\atomic-react-components\\lib\\components\\molecules\\ArticleThumbnail\\ArticleThumbnail.style.js",
      "statementMap": {
        "0": { "start": { "line": 3, "column": 15 }, "end": { "line": 8, "column": 1 } }
      },
      "fnMap": {},
      "branchMap": {},
      "s": { "0": 1 },
      "f": {},
      "b": {},
      "_coverageSchema": "43e27e138ebf9cfc5966b082cf9a028302ed4184",
      "hash": "4910c1bfeccaa23675a2787c5e2ac02513c55890"
    },
    "D:\\ProgressIndicator\\atomic-react-components\\lib\\components\\atoms\\Heading\\index.js": {
      "path": "D:\\ProgressIndicator\\atomic-react-components\\lib\\components\\atoms\\Heading\\index.js",
      "statementMap": {},
      "fnMap": {},
      "branchMap": {},
      "s": {},
      "f": {},
      "b": {},
      "_coverageSchema": "43e27e138ebf9cfc5966b082cf9a028302ed4184",
      "hash": "08a5ad3d863342ff9b9f1ef2d7d5bb0154dafc74"
    },
    "D:\\ProgressIndicator\\atomic-react-components\\lib\\components\\molecules\\Modal\\Modal.js": {
      "path": "D:\\ProgressIndicator\\atomic-react-components\\lib\\components\\molecules\\Modal\\Modal.js",
      "statementMap": {
        "0": { "start": { "line": 54, "column": 14 }, "end": { "line": 102, "column": 1 } },
        "1": { "start": { "line": 78, "column": 2 }, "end": { "line": 101, "column": 4 } },
        "2": { "start": { "line": 104, "column": 0 }, "end": { "line": 125, "column": 2 } },
        "3": { "start": { "line": 121, "column": 24 }, "end": { "line": 121, "column": 49 } }
      },
      "fnMap": {
        "0": {
          "name": "(anonymous_0)",
          "decl": { "start": { "line": 54, "column": 14 }, "end": { "line": 54, "column": 15 } },
          "loc": { "start": { "line": 78, "column": 2 }, "end": { "line": 101, "column": 4 } },
          "line": 78
        },
        "1": {
          "name": "(anonymous_1)",
          "decl": { "start": { "line": 121, "column": 18 }, "end": { "line": 121, "column": 19 } },
          "loc": { "start": { "line": 121, "column": 24 }, "end": { "line": 121, "column": 49 } },
          "line": 121
        }
      },
      "branchMap": {
        "0": {
          "loc": { "start": { "line": 121, "column": 24 }, "end": { "line": 121, "column": 49 } },
          "type": "binary-expr",
          "locations": [
            { "start": { "line": 121, "column": 24 }, "end": { "line": 121, "column": 32 } },
            { "start": { "line": 121, "column": 36 }, "end": { "line": 121, "column": 49 } }
          ],
          "line": 121
        }
      },
      "s": { "0": 1, "1": 1, "2": 1, "3": 0 },
      "f": { "0": 1, "1": 0 },
      "b": { "0": [0, 0] },
      "_coverageSchema": "43e27e138ebf9cfc5966b082cf9a028302ed4184",
      "hash": "4ad91d2fde807761c7760e7ea2d5b72211308694"
    },
    "D:\\ProgressIndicator\\atomic-react-components\\lib\\components\\molecules\\Modal\\Modal.style.js": {
      "path": "D:\\ProgressIndicator\\atomic-react-components\\lib\\components\\molecules\\Modal\\Modal.style.js",
      "statementMap": {
        "0": { "start": { "line": 3, "column": 15 }, "end": { "line": 5, "column": 1 } },
        "1": { "start": { "line": 4, "column": 14 }, "end": { "line": 4, "column": 64 } }
      },
      "fnMap": {
        "0": {
          "name": "(anonymous_0)",
          "decl": { "start": { "line": 4, "column": 4 }, "end": { "line": 4, "column": 5 } },
          "loc": { "start": { "line": 4, "column": 14 }, "end": { "line": 4, "column": 64 } },
          "line": 4
        }
      },
      "branchMap": {
        "0": {
          "loc": { "start": { "line": 4, "column": 14 }, "end": { "line": 4, "column": 64 } },
          "type": "cond-expr",
          "locations": [
            { "start": { "line": 4, "column": 38 }, "end": { "line": 4, "column": 59 } },
            { "start": { "line": 4, "column": 62 }, "end": { "line": 4, "column": 64 } }
          ],
          "line": 4
        }
      },
      "s": { "0": 1, "1": 0 },
      "f": { "0": 0 },
      "b": { "0": [0, 0] },
      "_coverageSchema": "43e27e138ebf9cfc5966b082cf9a028302ed4184",
      "hash": "c87ab1a1285f855a1b9dcb68767f0beb98e45d6c"
    },
    "D:\\ProgressIndicator\\atomic-react-components\\lib\\components\\atoms\\Icon\\index.js": {
      "path": "D:\\ProgressIndicator\\atomic-react-components\\lib\\components\\atoms\\Icon\\index.js",
      "statementMap": {},
      "fnMap": {},
      "branchMap": {},
      "s": {},
      "f": {},
      "b": {},
      "_coverageSchema": "43e27e138ebf9cfc5966b082cf9a028302ed4184",
      "hash": "3782aa2a1e1f48557dd0fcb180bc5e34999e5ad6"
    },
    "D:\\ProgressIndicator\\atomic-react-components\\lib\\components\\atoms\\Icon\\Icon.js": {
      "path": "D:\\ProgressIndicator\\atomic-react-components\\lib\\components\\atoms\\Icon\\Icon.js",
      "statementMap": {
        "0": { "start": { "line": 14, "column": 13 }, "end": { "line": 20, "column": 1 } },
        "1": { "start": { "line": 15, "column": 2 }, "end": { "line": 19, "column": 4 } }
      },
      "fnMap": {
        "0": {
          "name": "(anonymous_0)",
          "decl": { "start": { "line": 14, "column": 13 }, "end": { "line": 14, "column": 14 } },
          "loc": { "start": { "line": 14, "column": 63 }, "end": { "line": 20, "column": 1 } },
          "line": 14
        }
      },
      "branchMap": {},
      "s": { "0": 1, "1": 2 },
      "f": { "0": 2 },
      "b": {},
      "_coverageSchema": "43e27e138ebf9cfc5966b082cf9a028302ed4184",
      "hash": "57739918b0ec50b5f8673040aea6192a304d5f53"
    },
    "D:\\ProgressIndicator\\atomic-react-components\\lib\\components\\atoms\\Icon\\Icon.style.js": {
      "path": "D:\\ProgressIndicator\\atomic-react-components\\lib\\components\\atoms\\Icon\\Icon.style.js",
      "statementMap": {
        "0": { "start": { "line": 9, "column": 39 }, "end": { "line": 9, "column": 66 } },
        "1": { "start": { "line": 13, "column": 23 }, "end": { "line": 13, "column": 57 } },
        "2": { "start": { "line": 14, "column": 24 }, "end": { "line": 14, "column": 60 } },
        "3": { "start": { "line": 17, "column": 14 }, "end": { "line": 17, "column": 64 } }
      },
      "fnMap": {
        "0": {
          "name": "(anonymous_0)",
          "decl": { "start": { "line": 9, "column": 30 }, "end": { "line": 9, "column": 31 } },
          "loc": { "start": { "line": 9, "column": 39 }, "end": { "line": 9, "column": 66 } },
          "line": 9
        },
        "1": {
          "name": "(anonymous_1)",
          "decl": { "start": { "line": 13, "column": 13 }, "end": { "line": 13, "column": 14 } },
          "loc": { "start": { "line": 13, "column": 23 }, "end": { "line": 13, "column": 57 } },
          "line": 13
        },
        "2": {
          "name": "(anonymous_2)",
          "decl": { "start": { "line": 14, "column": 14 }, "end": { "line": 14, "column": 15 } },
          "loc": { "start": { "line": 14, "column": 24 }, "end": { "line": 14, "column": 60 } },
          "line": 14
        },
        "3": {
          "name": "(anonymous_3)",
          "decl": { "start": { "line": 17, "column": 4 }, "end": { "line": 17, "column": 5 } },
          "loc": { "start": { "line": 17, "column": 14 }, "end": { "line": 17, "column": 64 } },
          "line": 17
        }
      },
      "branchMap": {
        "0": {
          "loc": { "start": { "line": 13, "column": 23 }, "end": { "line": 13, "column": 57 } },
          "type": "cond-expr",
          "locations": [
            { "start": { "line": 13, "column": 37 }, "end": { "line": 13, "column": 48 } },
            { "start": { "line": 13, "column": 51 }, "end": { "line": 13, "column": 57 } }
          ],
          "line": 13
        },
        "1": {
          "loc": { "start": { "line": 14, "column": 24 }, "end": { "line": 14, "column": 60 } },
          "type": "cond-expr",
          "locations": [
            { "start": { "line": 14, "column": 39 }, "end": { "line": 14, "column": 51 } },
            { "start": { "line": 14, "column": 54 }, "end": { "line": 14, "column": 60 } }
          ],
          "line": 14
        },
        "2": {
          "loc": { "start": { "line": 17, "column": 14 }, "end": { "line": 17, "column": 64 } },
          "type": "cond-expr",
          "locations": [
            { "start": { "line": 17, "column": 38 }, "end": { "line": 17, "column": 59 } },
            { "start": { "line": 17, "column": 62 }, "end": { "line": 17, "column": 64 } }
          ],
          "line": 17
        }
      },
      "s": { "0": 0, "1": 0, "2": 0, "3": 0 },
      "f": { "0": 0, "1": 0, "2": 0, "3": 0 },
      "b": { "0": [0, 0], "1": [0, 0], "2": [0, 0] },
      "_coverageSchema": "43e27e138ebf9cfc5966b082cf9a028302ed4184",
      "hash": "6e552e0c76718f91de8d0b7ab121882d9c4fec74"
    },
    "D:\\ProgressIndicator\\atomic-react-components\\lib\\core\\utils\\getDisplayName.js": {
      "path": "D:\\ProgressIndicator\\atomic-react-components\\lib\\core\\utils\\getDisplayName.js",
      "statementMap": {
        "0": { "start": { "line": 1, "column": 30 }, "end": { "line": 3, "column": 1 } },
        "1": { "start": { "line": 2, "column": 2 }, "end": { "line": 2, "column": 78 } }
      },
      "fnMap": {
        "0": {
          "name": "(anonymous_0)",
          "decl": { "start": { "line": 1, "column": 30 }, "end": { "line": 1, "column": 31 } },
          "loc": { "start": { "line": 1, "column": 50 }, "end": { "line": 3, "column": 1 } },
          "line": 1
        }
      },
      "branchMap": {
        "0": {
          "loc": { "start": { "line": 2, "column": 9 }, "end": { "line": 2, "column": 77 } },
          "type": "binary-expr",
          "locations": [
            { "start": { "line": 2, "column": 9 }, "end": { "line": 2, "column": 37 } },
            { "start": { "line": 2, "column": 41 }, "end": { "line": 2, "column": 62 } },
            { "start": { "line": 2, "column": 66 }, "end": { "line": 2, "column": 77 } }
          ],
          "line": 2
        }
      },
      "s": { "0": 0, "1": 0 },
      "f": { "0": 0 },
      "b": { "0": [0, 0, 0] },
      "hash": "19ba9683fbed08f34dcec3b55958cb19722013e2"
    },
    "D:\\ProgressIndicator\\atomic-react-components\\lib\\components\\atoms\\Icon\\types\\index.js": {
      "path": "D:\\ProgressIndicator\\atomic-react-components\\lib\\components\\atoms\\Icon\\types\\index.js",
      "statementMap": {},
      "fnMap": {},
      "branchMap": {},
      "s": {},
      "f": {},
      "b": {},
      "hash": "f42e3ab3b5ef83cdcda815cb7a282a963a82537b"
    },
    "D:\\ProgressIndicator\\atomic-react-components\\lib\\components\\atoms\\Track\\types\\index.js": {
      "path": "D:\\ProgressIndicator\\atomic-react-components\\lib\\components\\atoms\\Track\\types\\index.js",
      "statementMap": {},
      "fnMap": {},
      "branchMap": {},
      "s": {},
      "f": {},
      "b": {},
      "hash": "ce1af935eb310e83a6482e45736d521636e77a83"
    },
    "D:\\ProgressIndicator\\atomic-react-components\\lib\\components\\atoms\\Video\\types\\index.js": {
      "path": "D:\\ProgressIndicator\\atomic-react-components\\lib\\components\\atoms\\Video\\types\\index.js",
      "statementMap": {},
      "fnMap": {},
      "branchMap": {},
      "s": {},
      "f": {},
      "b": {},
      "hash": "bea68c38eed6a4844c4857723c147678335f3796"
    },
    "D:\\ProgressIndicator\\atomic-react-components\\lib\\components\\molecules\\ArticleThumbnail\\types\\index.js": {
      "path": "D:\\ProgressIndicator\\atomic-react-components\\lib\\components\\molecules\\ArticleThumbnail\\types\\index.js",
      "statementMap": {},
      "fnMap": {},
      "branchMap": {},
      "s": {},
      "f": {},
      "b": {},
      "hash": "811046b6a49ed39091bbaa1191b4a20f927a02e6"
    },
    "D:\\ProgressIndicator\\atomic-react-components\\lib\\components\\molecules\\Blockquote\\types\\index.js": {
      "path": "D:\\ProgressIndicator\\atomic-react-components\\lib\\components\\molecules\\Blockquote\\types\\index.js",
      "statementMap": {},
      "fnMap": {},
      "branchMap": {},
      "s": {},
      "f": {},
      "b": {},
      "hash": "becb2a227223a689e745a063dc99edb015beb330"
    },
    "D:\\ProgressIndicator\\atomic-react-components\\lib\\components\\molecules\\Breadcrumb\\types\\index.js": {
      "path": "D:\\ProgressIndicator\\atomic-react-components\\lib\\components\\molecules\\Breadcrumb\\types\\index.js",
      "statementMap": {},
      "fnMap": {},
      "branchMap": {},
      "s": {},
      "f": {},
      "b": {},
      "hash": "030de2cc012750127d21aa7f4c8b4a462dfabe04"
    },
    "D:\\ProgressIndicator\\atomic-react-components\\lib\\components\\molecules\\Popover\\types\\index.js": {
      "path": "D:\\ProgressIndicator\\atomic-react-components\\lib\\components\\molecules\\Popover\\types\\index.js",
      "statementMap": {},
      "fnMap": {},
      "branchMap": {},
      "s": {},
      "f": {},
      "b": {},
      "hash": "c0f827559299f50269d6ea310ff806fd6ad543da"
    },
    "D:\\ProgressIndicator\\atomic-react-components\\lib\\components\\molecules\\ProgressIndicator\\types\\index.js": {
      "path": "D:\\ProgressIndicator\\atomic-react-components\\lib\\components\\molecules\\ProgressIndicator\\types\\index.js",
      "statementMap": {},
      "fnMap": {},
      "branchMap": {},
      "s": {},
      "f": {},
      "b": {},
      "hash": "4ff0b1f56942f54cd1be3ffd9d442b380955bdb7"
    },
    "D:\\ProgressIndicator\\atomic-react-components\\lib\\components\\molecules\\QuoteMedia\\types\\index.js": {
      "path": "D:\\ProgressIndicator\\atomic-react-components\\lib\\components\\molecules\\QuoteMedia\\types\\index.js",
      "statementMap": {},
      "fnMap": {},
      "branchMap": {},
      "s": {},
      "f": {},
      "b": {},
      "hash": "c57275bdf7cb41bd9016893c5df0f5ca9991e53c"
    },
    "D:\\ProgressIndicator\\atomic-react-components\\lib\\components\\molecules\\StickyBar\\types\\index.js": {
      "path": "D:\\ProgressIndicator\\atomic-react-components\\lib\\components\\molecules\\StickyBar\\types\\index.js",
      "statementMap": {},
      "fnMap": {},
      "branchMap": {},
      "s": {},
      "f": {},
      "b": {},
      "hash": "e756f9a917f3ead72378461b43506be0a46a18fd"
    },
    "D:\\ProgressIndicator\\atomic-react-components\\lib\\components\\molecules\\Table\\types\\index.js": {
      "path": "D:\\ProgressIndicator\\atomic-react-components\\lib\\components\\molecules\\Table\\types\\index.js",
      "statementMap": {},
      "fnMap": {},
      "branchMap": {},
      "s": {},
      "f": {},
      "b": {},
      "hash": "885f0d26d43bf1b1f8aadb6321e9332f587b63e8"
    },
    "D:\\ProgressIndicator\\atomic-react-components\\lib\\components\\molecules\\Tabs\\types\\index.js": {
      "path": "D:\\ProgressIndicator\\atomic-react-components\\lib\\components\\molecules\\Tabs\\types\\index.js",
      "statementMap": {},
      "fnMap": {},
      "branchMap": {},
      "s": {},
      "f": {},
      "b": {},
      "hash": "7e1cfefa438972566b31ba0d36ee66c057006414"
    },
    "D:\\ProgressIndicator\\atomic-react-components\\lib\\components\\molecules\\Toast\\types\\index.js": {
      "path": "D:\\ProgressIndicator\\atomic-react-components\\lib\\components\\molecules\\Toast\\types\\index.js",
      "statementMap": {},
      "fnMap": {},
      "branchMap": {},
      "s": {},
      "f": {},
      "b": {},
      "hash": "0732ead7b46133cf4dc962779bc0afe70da3d628"
    },
    "D:\\ProgressIndicator\\atomic-react-components\\lib\\components\\molecules\\Typeahead\\types\\index.js": {
      "path": "D:\\ProgressIndicator\\atomic-react-components\\lib\\components\\molecules\\Typeahead\\types\\index.js",
      "statementMap": {},
      "fnMap": {},
      "branchMap": {},
      "s": {},
      "f": {},
      "b": {},
      "hash": "169c52e371797e066f75fdae4407168b04df4c0f"
    },
    "D:\\ProgressIndicator\\atomic-react-components\\lib\\components\\molecules\\QuoteMedia\\index.js": {
      "path": "D:\\ProgressIndicator\\atomic-react-components\\lib\\components\\molecules\\QuoteMedia\\index.js",
      "statementMap": {},
      "fnMap": {},
      "branchMap": {},
      "s": {},
      "f": {},
      "b": {},
      "hash": "e0de5f3f736c2d653f82783923812ffe7d39d2bd"
    },
    "D:\\ProgressIndicator\\atomic-react-components\\lib\\components\\molecules\\Modal\\index.js": {
      "path": "D:\\ProgressIndicator\\atomic-react-components\\lib\\components\\molecules\\Modal\\index.js",
      "statementMap": {},
      "fnMap": {},
      "branchMap": {},
      "s": {},
      "f": {},
      "b": {},
      "hash": "c240036f1516ed6b9c70a0b2f113d4a49a1374bb"
    }
  }
}
