{
  "numFailedTestSuites": 0,
  "numFailedTests": 0,
  "numPassedTestSuites": 36,
  "numPassedTests": 105,
  "numPendingTestSuites": 0,
  "numPendingTests": 0,
  "numRuntimeErrorTestSuites": 0,
  "numTodoTests": 0,
  "numTotalTestSuites": 36,
  "numTotalTests": 105,
  "openHandles": [],
  "snapshot": {
    "added": 0,
    "didUpdate": false,
    "failure": false,
    "filesAdded": 0,
    "filesRemoved": 0,
    "filesRemovedList": [],
    "filesUnmatched": 0,
    "filesUpdated": 0,
    "matched": 43,
    "total": 43,
    "unchecked": 0,
    "uncheckedKeysByFile": [],
    "unmatched": 0,
    "updated": 0
  },
  "startTime": 1577189927366,
  "success": true,
  "testResults": [
    {
      "assertionResults": [
        {
          "ancestorTitles": ["<HeroBanner />"],
          "failureMessages": [],
          "fullName": "<HeroBanner /> should render correctly",
          "location": null,
          "status": "passed",
          "title": "should render correctly"
        },
        {
          "ancestorTitles": ["<HeroBanner />"],
          "failureMessages": [],
          "fullName": "<HeroBanner /> should render a div",
          "location": null,
          "status": "passed",
          "title": "should render a div"
        },
        {
          "ancestorTitles": ["<HeroBanner />"],
          "failureMessages": [],
          "fullName": "<HeroBanner /> should render a header",
          "location": null,
          "status": "passed",
          "title": "should render a header"
        },
        {
          "ancestorTitles": ["<HeroBanner />"],
          "failureMessages": [],
          "fullName": "<HeroBanner /> should render a header with role as banner",
          "location": null,
          "status": "passed",
          "title": "should render a header with role as banner"
        },
        {
          "ancestorTitles": ["<HeroBanner />"],
          "failureMessages": [],
          "fullName": "<HeroBanner /> should render Hero-Image",
          "location": null,
          "status": "passed",
          "title": "should render Hero-Image"
        },
        {
          "ancestorTitles": ["<HeroBanner />"],
          "failureMessages": [],
          "fullName": "<HeroBanner /> should render childen",
          "location": null,
          "status": "passed",
          "title": "should render childen"
        },
        {
          "ancestorTitles": ["<HeroBanner />"],
          "failureMessages": [],
          "fullName": "<HeroBanner /> should render Hero-Carousel",
          "location": null,
          "status": "passed",
          "title": "should render Hero-Carousel"
        }
      ],
      "endTime": 1577189942314,
      "message": "",
      "name": "C:\\ReactPractice\\HeroBannerComponent\\atomic-react-components\\lib\\components\\molecules\\HeroBanner\\tests\\HeroBanner.test.js",
      "startTime": 1577189938831,
      "status": "passed",
      "summary": ""
    },
    {
      "assertionResults": [
        {
          "ancestorTitles": ["FieldInput Component"],
          "failureMessages": [],
          "fullName": "FieldInput Component should render correctly",
          "location": null,
          "status": "passed",
          "title": "should render correctly"
        },
        {
          "ancestorTitles": ["FieldInput Component"],
          "failureMessages": [],
          "fullName": "FieldInput Component should render label correctly",
          "location": null,
          "status": "passed",
          "title": "should render label correctly"
        },
        {
          "ancestorTitles": ["FieldInput Component"],
          "failureMessages": [],
          "fullName": "FieldInput Component should render Input component with proper type",
          "location": null,
          "status": "passed",
          "title": "should render Input component with proper type"
        }
      ],
      "endTime": 1577189943685,
      "message": "",
      "name": "C:\\ReactPractice\\HeroBannerComponent\\atomic-react-components\\lib\\components\\molecules\\Form\\FieldInput\\tests\\FieldInput.test.js",
      "startTime": 1577189942759,
      "status": "passed",
      "summary": ""
    },
    {
      "assertionResults": [
        {
          "ancestorTitles": ["<Breadcrumb />"],
          "failureMessages": [],
          "fullName": "<Breadcrumb /> should render correctly",
          "location": null,
          "status": "passed",
          "title": "should render correctly"
        }
      ],
      "endTime": 1577189943759,
      "message": "",
      "name": "C:\\ReactPractice\\HeroBannerComponent\\atomic-react-components\\lib\\components\\molecules\\Breadcrumb\\tests\\Breadcrumb.test.js",
      "startTime": 1577189938864,
      "status": "passed",
      "summary": ""
    },
    {
      "assertionResults": [
        {
          "ancestorTitles": ["<Toast />"],
          "failureMessages": [],
          "fullName": "<Toast /> <Toast />should render correctly",
          "location": null,
          "status": "passed",
          "title": "<Toast />should render correctly"
        },
        {
          "ancestorTitles": ["<Toast /> Component"],
          "failureMessages": [],
          "fullName": "<Toast /> Component is rendering root div,if isVisible prop is true ",
          "location": null,
          "status": "passed",
          "title": "is rendering root div,if isVisible prop is true "
        },
        {
          "ancestorTitles": ["<Toast /> Component"],
          "failureMessages": [],
          "fullName": "<Toast /> Component not rendering root div,if isVisible prop is false",
          "location": null,
          "status": "passed",
          "title": "not rendering root div,if isVisible prop is false"
        },
        {
          "ancestorTitles": ["<Toast /> Component"],
          "failureMessages": [],
          "fullName": "<Toast /> Component is rendering all necessary elements rendered if isVisible prop is true",
          "location": null,
          "status": "passed",
          "title": "is rendering all necessary elements rendered if isVisible prop is true"
        },
        {
          "ancestorTitles": ["<Toast /> Component"],
          "failureMessages": [],
          "fullName": "<Toast /> Component is rendering ProgressBar if autoDismissTimeout is set as 0",
          "location": null,
          "status": "passed",
          "title": "is rendering ProgressBar if autoDismissTimeout is set as 0"
        },
        {
          "ancestorTitles": ["<Toast /> Component"],
          "failureMessages": [],
          "fullName": "<Toast /> Component is rendering ProgressBar if autoDismissTimeout is set as 3000",
          "location": null,
          "status": "passed",
          "title": "is rendering ProgressBar if autoDismissTimeout is set as 3000"
        },
        {
          "ancestorTitles": ["<Toast /> Component"],
          "failureMessages": [],
          "fullName": "<Toast /> Component is rendering children ",
          "location": null,
          "status": "passed",
          "title": "is rendering children "
        },
        {
          "ancestorTitles": ["<Toast /> Component is checking effects on"],
          "failureMessages": [],
          "fullName": "<Toast /> Component is checking effects on onClick event, should dismiss the toast when clicking  on click of X button click",
          "location": null,
          "status": "passed",
          "title": "onClick event, should dismiss the toast when clicking  on click of X button click"
        },
        {
          "ancestorTitles": ["<Toast /> component useeffect hook for autodismiss"],
          "failureMessages": [],
          "fullName": "<Toast /> component useeffect hook for autodismiss autodismiss after timeout",
          "location": null,
          "status": "passed",
          "title": "autodismiss after timeout"
        }
      ],
      "endTime": 1577189944378,
      "message": "",
      "name": "C:\\ReactPractice\\HeroBannerComponent\\atomic-react-components\\lib\\components\\molecules\\Toast\\tests\\Toast.test.js",
      "startTime": 1577189938761,
      "status": "passed",
      "summary": ""
    },
    {
      "assertionResults": [
        {
          "ancestorTitles": ["FieldInput Component"],
          "failureMessages": [],
          "fullName": "FieldInput Component should render correctly",
          "location": null,
          "status": "passed",
          "title": "should render correctly"
        },
        {
          "ancestorTitles": ["FieldInput Component"],
          "failureMessages": [],
          "fullName": "FieldInput Component should render label correctly",
          "location": null,
          "status": "passed",
          "title": "should render label correctly"
        },
        {
          "ancestorTitles": ["FieldInput Component"],
          "failureMessages": [],
          "fullName": "FieldInput Component should render select tag",
          "location": null,
          "status": "passed",
          "title": "should render select tag"
        }
      ],
      "endTime": 1577189944666,
      "message": "",
      "name": "C:\\ReactPractice\\HeroBannerComponent\\atomic-react-components\\lib\\components\\molecules\\Form\\FieldSelect\\tests\\FieldSelect.test.js",
      "startTime": 1577189944084,
      "status": "passed",
      "summary": ""
    },
    {
      "assertionResults": [
        {
          "ancestorTitles": ["Form Component"],
          "failureMessages": [],
          "fullName": "Form Component should render select tag correctly",
          "location": null,
          "status": "passed",
          "title": "should render select tag correctly"
        },
        {
          "ancestorTitles": ["Form Component"],
          "failureMessages": [],
          "fullName": "Form Component should render input text field",
          "location": null,
          "status": "passed",
          "title": "should render input text field"
        },
        {
          "ancestorTitles": ["Form Component"],
          "failureMessages": [],
          "fullName": "Form Component should render select field",
          "location": null,
          "status": "passed",
          "title": "should render select field"
        },
        {
          "ancestorTitles": ["Form Component"],
          "failureMessages": [],
          "fullName": "Form Component should render input field with yupValidationSchema",
          "location": null,
          "status": "passed",
          "title": "should render input field with yupValidationSchema"
        },
        {
          "ancestorTitles": ["Form Component"],
          "failureMessages": [],
          "fullName": "Form Component should render input field with no validation",
          "location": null,
          "status": "passed",
          "title": "should render input field with no validation"
        },
        {
          "ancestorTitles": ["Form Component"],
          "failureMessages": [],
          "fullName": "Form Component getSchema should return null if no params are passed",
          "location": null,
          "status": "passed",
          "title": "getSchema should return null if no params are passed"
        }
      ],
      "endTime": 1577189945568,
      "message": "",
      "name": "C:\\ReactPractice\\HeroBannerComponent\\atomic-react-components\\lib\\components\\molecules\\Form\\tests\\Form.test.js",
      "startTime": 1577189944127,
      "status": "passed",
      "summary": ""
    },
    {
      "assertionResults": [
        {
          "ancestorTitles": ["<Tabs />"],
          "failureMessages": [],
          "fullName": "<Tabs /> should render correctly",
          "location": null,
          "status": "passed",
          "title": "should render correctly"
        },
        {
          "ancestorTitles": ["<Tabs /> functional behavior"],
          "failureMessages": [],
          "fullName": "<Tabs /> functional behavior should have minimum dom structure for the tests below",
          "location": null,
          "status": "passed",
          "title": "should have minimum dom structure for the tests below"
        },
        {
          "ancestorTitles": ["<Tabs /> functional behavior"],
          "failureMessages": [],
          "fullName": "<Tabs /> functional behavior should change the tab panel and execute callback on closed tab click",
          "location": null,
          "status": "passed",
          "title": "should change the tab panel and execute callback on closed tab click"
        }
      ],
      "endTime": 1577189945863,
      "message": "",
      "name": "C:\\ReactPractice\\HeroBannerComponent\\atomic-react-components\\lib\\components\\molecules\\Tabs\\tests\\Tabs.test.js",
      "startTime": 1577189944968,
      "status": "passed",
      "summary": ""
    },
    {
      "assertionResults": [
        {
          "ancestorTitles": ["FieldTextarea Component"],
          "failureMessages": [],
          "fullName": "FieldTextarea Component should render correctly",
          "location": null,
          "status": "passed",
          "title": "should render correctly"
        },
        {
          "ancestorTitles": ["FieldTextarea Component"],
          "failureMessages": [],
          "fullName": "FieldTextarea Component should render label correctly",
          "location": null,
          "status": "passed",
          "title": "should render label correctly"
        },
        {
          "ancestorTitles": ["FieldTextarea Component"],
          "failureMessages": [],
          "fullName": "FieldTextarea Component should render textarea tag",
          "location": null,
          "status": "passed",
          "title": "should render textarea tag"
        }
      ],
      "endTime": 1577189945936,
      "message": "",
      "name": "C:\\ReactPractice\\HeroBannerComponent\\atomic-react-components\\lib\\components\\molecules\\Form\\FieldTextarea\\tests\\FieldTextarea.test.js",
      "startTime": 1577189945232,
      "status": "passed",
      "summary": ""
    },
    {
      "assertionResults": [
        {
          "ancestorTitles": ["<QuoteMedia />"],
          "failureMessages": [],
          "fullName": "<QuoteMedia /> Should have component heading being displayed",
          "location": null,
          "status": "passed",
          "title": "Should have component heading being displayed"
        },
        {
          "ancestorTitles": ["<QuoteMedia />"],
          "failureMessages": [],
          "fullName": "<QuoteMedia /> Should allow quote component passing",
          "location": null,
          "status": "passed",
          "title": "Should allow quote component passing"
        },
        {
          "ancestorTitles": ["<QuoteMedia />"],
          "failureMessages": [],
          "fullName": "<QuoteMedia /> Should render media Image in component body",
          "location": null,
          "status": "passed",
          "title": "Should render media Image in component body"
        },
        {
          "ancestorTitles": ["<QuoteMedia />"],
          "failureMessages": [],
          "fullName": "<QuoteMedia /> Should render correctly",
          "location": null,
          "status": "passed",
          "title": "Should render correctly"
        }
      ],
      "endTime": 1577189946797,
      "message": "",
      "name": "C:\\ReactPractice\\HeroBannerComponent\\atomic-react-components\\lib\\components\\molecules\\QuoteMedia\\tests\\QuoteMedia.test.js",
      "startTime": 1577189946199,
      "status": "passed",
      "summary": ""
    },
    {
      "assertionResults": [
        {
          "ancestorTitles": ["FieldError Component"],
          "failureMessages": [],
          "fullName": "FieldError Component should render correctly",
          "location": null,
          "status": "passed",
          "title": "should render correctly"
        },
        {
          "ancestorTitles": ["FieldError Component"],
          "failureMessages": [],
          "fullName": "FieldError Component should check the element locator of field error",
          "location": null,
          "status": "passed",
          "title": "should check the element locator of field error"
        },
        {
          "ancestorTitles": ["FieldError Component"],
          "failureMessages": [],
          "fullName": "FieldError Component should check the default slnid of field error",
          "location": null,
          "status": "passed",
          "title": "should check the default slnid of field error"
        }
      ],
      "endTime": 1577189946818,
      "message": "",
      "name": "C:\\ReactPractice\\HeroBannerComponent\\atomic-react-components\\lib\\components\\atoms\\FieldError\\tests\\FieldError.test.js",
      "startTime": 1577189946370,
      "status": "passed",
      "summary": ""
    },
    {
      "assertionResults": [
        {
          "ancestorTitles": ["InputChoiceVanilla Component"],
          "failureMessages": [],
          "fullName": "InputChoiceVanilla Component should render Radio button correctly",
          "location": null,
          "status": "passed",
          "title": "should render Radio button correctly"
        },
        {
          "ancestorTitles": ["InputChoiceVanilla Component"],
          "failureMessages": [],
          "fullName": "InputChoiceVanilla Component should render checkbox correctly",
          "location": null,
          "status": "passed",
          "title": "should render checkbox correctly"
        },
        {
          "ancestorTitles": ["InputChoiceVanilla Component"],
          "failureMessages": [],
          "fullName": "InputChoiceVanilla Component should render disabled",
          "location": null,
          "status": "passed",
          "title": "should render disabled"
        },
        {
          "ancestorTitles": ["InputChoiceVanilla Component"],
          "failureMessages": [],
          "fullName": "InputChoiceVanilla Component should render checked",
          "location": null,
          "status": "passed",
          "title": "should render checked"
        }
      ],
      "endTime": 1577189946887,
      "message": "",
      "name": "C:\\ReactPractice\\HeroBannerComponent\\atomic-react-components\\lib\\components\\molecules\\InputChoice\\tests\\InputChoice.test.js",
      "startTime": 1577189946414,
      "status": "passed",
      "summary": ""
    },
    {
      "assertionResults": [
        {
          "ancestorTitles": ["Button"],
          "failureMessages": [],
          "fullName": "Button should render correctly",
          "location": null,
          "status": "passed",
          "title": "should render correctly"
        }
      ],
      "endTime": 1577189947760,
      "message": "",
      "name": "C:\\ReactPractice\\HeroBannerComponent\\atomic-react-components\\lib\\components\\atoms\\Button\\tests\\Button.style.test.js",
      "startTime": 1577189947307,
      "status": "passed",
      "summary": ""
    },
    {
      "assertionResults": [
        {
          "ancestorTitles": ["Select Component"],
          "failureMessages": [],
          "fullName": "Select Component should render correctly",
          "location": null,
          "status": "passed",
          "title": "should render correctly"
        },
        {
          "ancestorTitles": ["Select Component"],
          "failureMessages": [],
          "fullName": "Select Component should check the data attribute of dropdown/select",
          "location": null,
          "status": "passed",
          "title": "should check the data attribute of dropdown/select"
        }
      ],
      "endTime": 1577189947815,
      "message": "",
      "name": "C:\\ReactPractice\\HeroBannerComponent\\atomic-react-components\\lib\\components\\atoms\\Select\\tests\\Select.test.js",
      "startTime": 1577189947380,
      "status": "passed",
      "summary": ""
    },
    {
      "assertionResults": [
        {
          "ancestorTitles": ["<Video />"],
          "failureMessages": [],
          "fullName": "<Video /> should have video tag",
          "location": null,
          "status": "passed",
          "title": "should have video tag"
        },
        {
          "ancestorTitles": ["<Video />"],
          "failureMessages": [],
          "fullName": "<Video /> should have source tag in video",
          "location": null,
          "status": "passed",
          "title": "should have source tag in video"
        },
        {
          "ancestorTitles": ["<Video />"],
          "failureMessages": [],
          "fullName": "<Video /> should have src attribute in source tag",
          "location": null,
          "status": "passed",
          "title": "should have src attribute in source tag"
        },
        {
          "ancestorTitles": ["<Video />"],
          "failureMessages": [],
          "fullName": "<Video /> should not be autoplay",
          "location": null,
          "status": "passed",
          "title": "should not be autoplay"
        },
        {
          "ancestorTitles": ["<Video />"],
          "failureMessages": [],
          "fullName": "<Video /> should not have track element only should have Track component",
          "location": null,
          "status": "passed",
          "title": "should not have track element only should have Track component"
        },
        {
          "ancestorTitles": ["<Video />"],
          "failureMessages": [],
          "fullName": "<Video /> should have children",
          "location": null,
          "status": "passed",
          "title": "should have children"
        },
        {
          "ancestorTitles": ["<Video />"],
          "failureMessages": [],
          "fullName": "<Video /> track component without data",
          "location": null,
          "status": "passed",
          "title": "track component without data"
        },
        {
          "ancestorTitles": ["<Video />"],
          "failureMessages": [],
          "fullName": "<Video /> should render correctly",
          "location": null,
          "status": "passed",
          "title": "should render correctly"
        }
      ],
      "endTime": 1577189947841,
      "message": "",
      "name": "C:\\ReactPractice\\HeroBannerComponent\\atomic-react-components\\lib\\components\\atoms\\Video\\tests\\Video.test.js",
      "startTime": 1577189947276,
      "status": "passed",
      "summary": ""
    },
    {
      "assertionResults": [
        {
          "ancestorTitles": ["<ArticleThumbnail />"],
          "failureMessages": [],
          "fullName": "<ArticleThumbnail /> should render correctly with Readmore",
          "location": null,
          "status": "passed",
          "title": "should render correctly with Readmore"
        },
        {
          "ancestorTitles": ["<ArticleThumbnail />"],
          "failureMessages": [],
          "fullName": "<ArticleThumbnail /> should render correctly with full clickable thumb",
          "location": null,
          "status": "passed",
          "title": "should render correctly with full clickable thumb"
        }
      ],
      "endTime": 1577189948641,
      "message": "",
      "name": "C:\\ReactPractice\\HeroBannerComponent\\atomic-react-components\\lib\\components\\molecules\\ArticleThumbnail\\tests\\ArticleThumbnail.test.js",
      "startTime": 1577189948225,
      "status": "passed",
      "summary": ""
    },
    {
      "assertionResults": [
        {
          "ancestorTitles": ["<Popover /> Rendering"],
          "failureMessages": [],
          "fullName": "<Popover /> Rendering should render correctly",
          "location": null,
          "status": "passed",
          "title": "should render correctly"
        },
        {
          "ancestorTitles": ["Popover functional behavior"],
          "failureMessages": [],
          "fullName": "Popover functional behavior Should have Close Button By Default and can be closed",
          "location": null,
          "status": "passed",
          "title": "Should have Close Button By Default and can be closed"
        },
        {
          "ancestorTitles": ["Popover functional behavior"],
          "failureMessages": [],
          "fullName": "Popover functional behavior Should open By Default when isVisible set to true",
          "location": null,
          "status": "passed",
          "title": "Should open By Default when isVisible set to true"
        },
        {
          "ancestorTitles": ["Popover functional behavior"],
          "failureMessages": [],
          "fullName": "Popover functional behavior Should open and close on Trigger and X button click",
          "location": null,
          "status": "passed",
          "title": "Should open and close on Trigger and X button click"
        }
      ],
      "endTime": 1577189948759,
      "message": "",
      "name": "C:\\ReactPractice\\HeroBannerComponent\\atomic-react-components\\lib\\components\\molecules\\Popover\\tests\\Popover.test.js",
      "startTime": 1577189948271,
      "status": "passed",
      "summary": ""
    },
    {
      "assertionResults": [
        {
          "ancestorTitles": ["Select Styled component"],
          "failureMessages": [],
          "fullName": "Select Styled component should render correctly",
          "location": null,
          "status": "passed",
          "title": "should render correctly"
        }
      ],
      "endTime": 1577189948815,
      "message": "",
      "name": "C:\\ReactPractice\\HeroBannerComponent\\atomic-react-components\\lib\\components\\atoms\\Select\\tests\\Select.style.test.js",
      "startTime": 1577189948330,
      "status": "passed",
      "summary": ""
    },
    {
      "assertionResults": [
        {
          "ancestorTitles": ["Debug"],
          "failureMessages": [],
          "fullName": "Debug should render correctly",
          "location": null,
          "status": "passed",
          "title": "should render correctly"
        }
      ],
      "endTime": 1577189949574,
      "message": "",
      "name": "C:\\ReactPractice\\HeroBannerComponent\\atomic-react-components\\lib\\components\\molecules\\Form\\Debug\\tests\\Debug.test.js",
      "startTime": 1577189949244,
      "status": "passed",
      "summary": ""
    },
    {
      "assertionResults": [
        {
          "ancestorTitles": ["Input Styled component"],
          "failureMessages": [],
          "fullName": "Input Styled component should render correctly",
          "location": null,
          "status": "passed",
          "title": "should render correctly"
        }
      ],
      "endTime": 1577189949623,
      "message": "",
      "name": "C:\\ReactPractice\\HeroBannerComponent\\atomic-react-components\\lib\\components\\atoms\\Input\\tests\\Input.style.test.js",
      "startTime": 1577189949216,
      "status": "passed",
      "summary": ""
    },
    {
      "assertionResults": [
        {
          "ancestorTitles": ["Modal Component"],
          "failureMessages": [],
          "fullName": "Modal Component should render Modal correctly",
          "location": null,
          "status": "passed",
          "title": "should render Modal correctly"
        }
      ],
      "endTime": 1577189949663,
      "message": "",
      "name": "C:\\ReactPractice\\HeroBannerComponent\\atomic-react-components\\lib\\components\\molecules\\Modal\\tests\\Modal.test.js",
      "startTime": 1577189949230,
      "status": "passed",
      "summary": ""
    },
    {
      "assertionResults": [
        {
          "ancestorTitles": ["Button Component"],
          "failureMessages": [],
          "fullName": "Button Component should render correctly",
          "location": null,
          "status": "passed",
          "title": "should render correctly"
        },
        {
          "ancestorTitles": ["Button Component"],
          "failureMessages": [],
          "fullName": "Button Component should render disabled",
          "location": null,
          "status": "passed",
          "title": "should render disabled"
        },
        {
          "ancestorTitles": ["Button Component"],
          "failureMessages": [],
          "fullName": "Button Component should render title element",
          "location": null,
          "status": "passed",
          "title": "should render title element"
        },
        {
          "ancestorTitles": ["Button Component"],
          "failureMessages": [],
          "fullName": "Button Component should render aria attribute element",
          "location": null,
          "status": "passed",
          "title": "should render aria attribute element"
        },
        {
          "ancestorTitles": ["Button Component"],
          "failureMessages": [],
          "fullName": "Button Component should check the data attribute of button",
          "location": null,
          "status": "passed",
          "title": "should check the data attribute of button"
        }
      ],
      "endTime": 1577189950437,
      "message": "",
      "name": "C:\\ReactPractice\\HeroBannerComponent\\atomic-react-components\\lib\\components\\atoms\\Button\\tests\\Button.test.js",
      "startTime": 1577189950054,
      "status": "passed",
      "summary": ""
    },
    {
      "assertionResults": [
        {
          "ancestorTitles": ["<Blockquote />"],
          "failureMessages": [],
          "fullName": "<Blockquote /> should render blockquote",
          "location": null,
          "status": "passed",
          "title": "should render blockquote"
        },
        {
          "ancestorTitles": ["<Blockquote />"],
          "failureMessages": [],
          "fullName": "<Blockquote /> should render content",
          "location": null,
          "status": "passed",
          "title": "should render content"
        },
        {
          "ancestorTitles": ["<Blockquote />"],
          "failureMessages": [],
          "fullName": "<Blockquote /> check quoteContent value passed in",
          "location": null,
          "status": "passed",
          "title": "check quoteContent value passed in"
        },
        {
          "ancestorTitles": ["<Blockquote />"],
          "failureMessages": [],
          "fullName": "<Blockquote /> check quoteAuthor value passed in",
          "location": null,
          "status": "passed",
          "title": "check quoteAuthor value passed in"
        },
        {
          "ancestorTitles": ["<Blockquote />"],
          "failureMessages": [],
          "fullName": "<Blockquote /> should render author name",
          "location": null,
          "status": "passed",
          "title": "should render author name"
        },
        {
          "ancestorTitles": ["<Blockquote />"],
          "failureMessages": [],
          "fullName": "<Blockquote /> should render correctly",
          "location": null,
          "status": "passed",
          "title": "should render correctly"
        }
      ],
      "endTime": 1577189950437,
      "message": "",
      "name": "C:\\ReactPractice\\HeroBannerComponent\\atomic-react-components\\lib\\components\\molecules\\Blockquote\\tests\\Blockquote.test.js",
      "startTime": 1577189950034,
      "status": "passed",
      "summary": ""
    },
    {
      "assertionResults": [
        {
          "ancestorTitles": ["Select Styled component"],
          "failureMessages": [],
          "fullName": "Select Styled component should render correctly",
          "location": null,
          "status": "passed",
          "title": "should render correctly"
        }
      ],
      "endTime": 1577189950548,
      "message": "",
      "name": "C:\\ReactPractice\\HeroBannerComponent\\atomic-react-components\\lib\\components\\atoms\\Textarea\\tests\\Textarea.style.test.js",
      "startTime": 1577189950078,
      "status": "passed",
      "summary": ""
    },
    {
      "assertionResults": [
        {
          "ancestorTitles": ["Image Component with styles"],
          "failureMessages": [],
          "fullName": "Image Component with styles should render correctly and match snapshots",
          "location": null,
          "status": "passed",
          "title": "should render correctly and match snapshots"
        },
        {
          "ancestorTitles": ["Image Component with styles"],
          "failureMessages": [],
          "fullName": "Image Component with styles should render correctly with lazy load",
          "location": null,
          "status": "passed",
          "title": "should render correctly with lazy load"
        }
      ],
      "endTime": 1577189951230,
      "message": "",
      "name": "C:\\ReactPractice\\HeroBannerComponent\\atomic-react-components\\lib\\components\\atoms\\Image\\tests\\Image.style.test.js",
      "startTime": 1577189950914,
      "status": "passed",
      "summary": ""
    },
    {
      "assertionResults": [
        {
          "ancestorTitles": ["Heading Component"],
          "failureMessages": [],
          "fullName": "Heading Component should render correctly and match snapshot",
          "location": null,
          "status": "passed",
          "title": "should render correctly and match snapshot"
        },
        {
          "ancestorTitles": ["Heading Component"],
          "failureMessages": [],
          "fullName": "Heading Component should check the custom locator of heading",
          "location": null,
          "status": "passed",
          "title": "should check the custom locator of heading"
        },
        {
          "ancestorTitles": ["Heading Component"],
          "failureMessages": [],
          "fullName": "Heading Component should check the default locator of heading",
          "location": null,
          "status": "passed",
          "title": "should check the default locator of heading"
        }
      ],
      "endTime": 1577189951283,
      "message": "",
      "name": "C:\\ReactPractice\\HeroBannerComponent\\atomic-react-components\\lib\\components\\atoms\\Heading\\tests\\Heading.test.js",
      "startTime": 1577189950961,
      "status": "passed",
      "summary": ""
    },
    {
      "assertionResults": [
        {
          "ancestorTitles": ["Anchor Component"],
          "failureMessages": [],
          "fullName": "Anchor Component should render correctly and match snapshot",
          "location": null,
          "status": "passed",
          "title": "should render correctly and match snapshot"
        },
        {
          "ancestorTitles": ["Anchor Component"],
          "failureMessages": [],
          "fullName": "Anchor Component Should handle on typeahead focuson Events",
          "location": null,
          "status": "passed",
          "title": "Should handle on typeahead focuson Events"
        },
        {
          "ancestorTitles": ["Anchor Component"],
          "failureMessages": [],
          "fullName": "Anchor Component should check the data attribute of anchor",
          "location": null,
          "status": "passed",
          "title": "should check the data attribute of anchor"
        }
      ],
      "endTime": 1577189951444,
      "message": "",
      "name": "C:\\ReactPractice\\HeroBannerComponent\\atomic-react-components\\lib\\components\\atoms\\Anchor\\tests\\Anchor.test.js",
      "startTime": 1577189951007,
      "status": "passed",
      "summary": ""
    },
    {
      "assertionResults": [
        {
          "ancestorTitles": ["Input Component"],
          "failureMessages": [],
          "fullName": "Input Component should render correctly",
          "location": null,
          "status": "passed",
          "title": "should render correctly"
        },
        {
          "ancestorTitles": ["Input Component"],
          "failureMessages": [],
          "fullName": "Input Component should check the data attribute of input",
          "location": null,
          "status": "passed",
          "title": "should check the data attribute of input"
        }
      ],
      "endTime": 1577189952041,
      "message": "",
      "name": "C:\\ReactPractice\\HeroBannerComponent\\atomic-react-components\\lib\\components\\atoms\\Input\\tests\\Input.test.js",
      "startTime": 1577189951754,
      "status": "passed",
      "summary": ""
    },
    {
      "assertionResults": [
        {
          "ancestorTitles": ["<Icon />"],
          "failureMessages": [],
          "fullName": "<Icon /> should render correctly",
          "location": null,
          "status": "passed",
          "title": "should render correctly"
        },
        {
          "ancestorTitles": ["<Icon />"],
          "failureMessages": [],
          "fullName": "<Icon /> should have id",
          "location": null,
          "status": "passed",
          "title": "should have id"
        }
      ],
      "endTime": 1577189952241,
      "message": "",
      "name": "C:\\ReactPractice\\HeroBannerComponent\\atomic-react-components\\lib\\components\\atoms\\Icon\\tests\\Icon.test.js",
      "startTime": 1577189951905,
      "status": "passed",
      "summary": ""
    },
    {
      "assertionResults": [
        {
          "ancestorTitles": ["Label Component"],
          "failureMessages": [],
          "fullName": "Label Component should render correctly",
          "location": null,
          "status": "passed",
          "title": "should render correctly"
        },
        {
          "ancestorTitles": ["Label Component"],
          "failureMessages": [],
          "fullName": "Label Component should check the data attribute of label",
          "location": null,
          "status": "passed",
          "title": "should check the data attribute of label"
        }
      ],
      "endTime": 1577189952280,
      "message": "",
      "name": "C:\\ReactPractice\\HeroBannerComponent\\atomic-react-components\\lib\\components\\atoms\\Label\\tests\\Label.test.js",
      "startTime": 1577189951934,
      "status": "passed",
      "summary": ""
    },
    {
      "assertionResults": [
        {
          "ancestorTitles": ["<TabPanel />"],
          "failureMessages": [],
          "fullName": "<TabPanel /> should render correctly",
          "location": null,
          "status": "passed",
          "title": "should render correctly"
        }
      ],
      "endTime": 1577189952773,
      "message": "",
      "name": "C:\\ReactPractice\\HeroBannerComponent\\atomic-react-components\\lib\\components\\molecules\\Tabs\\TabPanel\\tests\\TabPanel.test.js",
      "startTime": 1577189952458,
      "status": "passed",
      "summary": ""
    },
    {
      "assertionResults": [
        {
          "ancestorTitles": ["<List />"],
          "failureMessages": [],
          "fullName": "<List /> should render default view correctly",
          "location": null,
          "status": "passed",
          "title": "should render default view correctly"
        }
      ],
      "endTime": 1577189953006,
      "message": "",
      "name": "C:\\ReactPractice\\HeroBannerComponent\\atomic-react-components\\lib\\components\\molecules\\List\\tests\\List.test.js",
      "startTime": 1577189952667,
      "status": "passed",
      "summary": ""
    },
    {
      "assertionResults": [
        {
          "ancestorTitles": ["Image Component"],
          "failureMessages": [],
          "fullName": "Image Component should render correctly and match snapshots",
          "location": null,
          "status": "passed",
          "title": "should render correctly and match snapshots"
        },
        {
          "ancestorTitles": ["Image Component"],
          "failureMessages": [],
          "fullName": "Image Component should change image src on error",
          "location": null,
          "status": "passed",
          "title": "should change image src on error"
        },
        {
          "ancestorTitles": ["Image Component"],
          "failureMessages": [],
          "fullName": "Image Component should check the data attribute of image",
          "location": null,
          "status": "passed",
          "title": "should check the data attribute of image"
        },
        {
          "ancestorTitles": ["Image Component"],
          "failureMessages": [],
          "fullName": "Image Component should check the default locator of image",
          "location": null,
          "status": "passed",
          "title": "should check the default locator of image"
        }
      ],
      "endTime": 1577189953117,
      "message": "",
      "name": "C:\\ReactPractice\\HeroBannerComponent\\atomic-react-components\\lib\\components\\atoms\\Image\\tests\\Image.test.js",
      "startTime": 1577189952707,
      "status": "passed",
      "summary": ""
    },
    {
      "assertionResults": [
        {
          "ancestorTitles": ["<Tab />"],
          "failureMessages": [],
          "fullName": "<Tab /> should render correctly",
          "location": null,
          "status": "passed",
          "title": "should render correctly"
        }
      ],
      "endTime": 1577189953669,
      "message": "",
      "name": "C:\\ReactPractice\\HeroBannerComponent\\atomic-react-components\\lib\\components\\molecules\\Tabs\\Tab\\tests\\Tab.test.js",
      "startTime": 1577189953323,
      "status": "passed",
      "summary": ""
    },
    {
      "assertionResults": [
        {
          "ancestorTitles": ["<Textarea />"],
          "failureMessages": [],
          "fullName": "<Textarea /> should render correctly",
          "location": null,
          "status": "passed",
          "title": "should render correctly"
        },
        {
          "ancestorTitles": ["<Textarea />"],
          "failureMessages": [],
          "fullName": "<Textarea /> should check the data attribute of textarea",
          "location": null,
          "status": "passed",
          "title": "should check the data attribute of textarea"
        }
      ],
      "endTime": 1577189953752,
      "message": "",
      "name": "C:\\ReactPractice\\HeroBannerComponent\\atomic-react-components\\lib\\components\\atoms\\Textarea\\tests\\Textarea.test.js",
      "startTime": 1577189953432,
      "status": "passed",
      "summary": ""
    },
    {
      "assertionResults": [
        {
          "ancestorTitles": ["Para Component"],
          "failureMessages": [],
          "fullName": "Para Component should render correctly and match snapshot",
          "location": null,
          "status": "passed",
          "title": "should render correctly and match snapshot"
        },
        {
          "ancestorTitles": ["Para Component"],
          "failureMessages": [],
          "fullName": "Para Component should check the data attribute of para",
          "location": null,
          "status": "passed",
          "title": "should check the data attribute of para"
        }
      ],
      "endTime": 1577189953846,
      "message": "",
      "name": "C:\\ReactPractice\\HeroBannerComponent\\atomic-react-components\\lib\\components\\atoms\\Para\\tests\\Para.test.js",
      "startTime": 1577189953521,
      "status": "passed",
      "summary": ""
    },
    {
      "assertionResults": [
        {
          "ancestorTitles": ["<Track />"],
          "failureMessages": [],
          "fullName": "<Track /> should render correctly",
          "location": null,
          "status": "passed",
          "title": "should render correctly"
        }
      ],
      "endTime": 1577189954193,
      "message": "",
      "name": "C:\\ReactPractice\\HeroBannerComponent\\atomic-react-components\\lib\\components\\atoms\\Track\\tests\\Track.test.js",
      "startTime": 1577189954005,
      "status": "passed",
      "summary": ""
    }
  ],
  "wasInterrupted": false,
  "coverageMap": {
    "C:\\ReactPractice\\HeroBannerComponent\\atomic-react-components\\lib\\components\\molecules\\HeroBanner\\index.js": {
      "path": "C:\\ReactPractice\\HeroBannerComponent\\atomic-react-components\\lib\\components\\molecules\\HeroBanner\\index.js",
      "statementMap": {},
      "fnMap": {},
      "branchMap": {},
      "s": {},
      "f": {},
      "b": {},
      "_coverageSchema": "43e27e138ebf9cfc5966b082cf9a028302ed4184",
      "hash": "9e889af539b081e917f4b46b392de9c35f23df28"
    },
    "C:\\ReactPractice\\HeroBannerComponent\\atomic-react-components\\lib\\components\\molecules\\HeroBanner\\HeroBanner.js": {
      "path": "C:\\ReactPractice\\HeroBannerComponent\\atomic-react-components\\lib\\components\\molecules\\HeroBanner\\HeroBanner.js",
      "statementMap": {
        "0": { "start": { "line": 13, "column": 19 }, "end": { "line": 40, "column": 1 } },
        "1": { "start": { "line": 21, "column": 2 }, "end": { "line": 39, "column": 4 } },
        "2": { "start": { "line": 42, "column": 0 }, "end": { "line": 46, "column": 2 } }
      },
      "fnMap": {
        "0": {
          "name": "(anonymous_0)",
          "decl": { "start": { "line": 13, "column": 19 }, "end": { "line": 13, "column": 20 } },
          "loc": { "start": { "line": 20, "column": 19 }, "end": { "line": 40, "column": 1 } },
          "line": 20
        }
      },
      "branchMap": {
        "0": {
          "loc": { "start": { "line": 25, "column": 11 }, "end": { "line": 29, "column": 11 } },
          "type": "binary-expr",
          "locations": [
            { "start": { "line": 25, "column": 11 }, "end": { "line": 25, "column": 26 } },
            { "start": { "line": 26, "column": 12 }, "end": { "line": 28, "column": 18 } }
          ],
          "line": 25
        },
        "1": {
          "loc": { "start": { "line": 30, "column": 11 }, "end": { "line": 30, "column": 92 } },
          "type": "binary-expr",
          "locations": [
            { "start": { "line": 30, "column": 11 }, "end": { "line": 30, "column": 29 } },
            { "start": { "line": 30, "column": 33 }, "end": { "line": 30, "column": 92 } }
          ],
          "line": 30
        },
        "2": {
          "loc": { "start": { "line": 31, "column": 11 }, "end": { "line": 35, "column": 11 } },
          "type": "binary-expr",
          "locations": [
            { "start": { "line": 31, "column": 11 }, "end": { "line": 31, "column": 19 } },
            { "start": { "line": 32, "column": 12 }, "end": { "line": 34, "column": 18 } }
          ],
          "line": 31
        }
      },
      "s": { "0": 1, "1": 10, "2": 1 },
      "f": { "0": 10 },
      "b": { "0": [10, 1], "1": [10, 1], "2": [10, 1] },
      "_coverageSchema": "43e27e138ebf9cfc5966b082cf9a028302ed4184",
      "hash": "102418f2e1b58434671128654e8c46eb35547c06"
    },
    "C:\\ReactPractice\\HeroBannerComponent\\atomic-react-components\\lib\\components\\molecules\\HeroBanner\\HeroBanner.style.js": {
      "path": "C:\\ReactPractice\\HeroBannerComponent\\atomic-react-components\\lib\\components\\molecules\\HeroBanner\\HeroBanner.style.js",
      "statementMap": {
        "0": { "start": { "line": 3, "column": 15 }, "end": { "line": 27, "column": 1 } },
        "1": { "start": { "line": 5, "column": 26 }, "end": { "line": 5, "column": 81 } },
        "2": { "start": { "line": 6, "column": 25 }, "end": { "line": 6, "column": 75 } },
        "3": { "start": { "line": 7, "column": 16 }, "end": { "line": 7, "column": 80 } },
        "4": { "start": { "line": 11, "column": 28 }, "end": { "line": 11, "column": 79 } },
        "5": { "start": { "line": 15, "column": 15 }, "end": { "line": 15, "column": 46 } },
        "6": { "start": { "line": 17, "column": 26 }, "end": { "line": 17, "column": 81 } },
        "7": { "start": { "line": 18, "column": 22 }, "end": { "line": 18, "column": 66 } },
        "8": { "start": { "line": 19, "column": 21 }, "end": { "line": 19, "column": 65 } },
        "9": { "start": { "line": 22, "column": 28 }, "end": { "line": 22, "column": 95 } },
        "10": { "start": { "line": 23, "column": 27 }, "end": { "line": 23, "column": 89 } },
        "11": { "start": { "line": 26, "column": 14 }, "end": { "line": 26, "column": 64 } }
      },
      "fnMap": {
        "0": {
          "name": "(anonymous_0)",
          "decl": { "start": { "line": 5, "column": 16 }, "end": { "line": 5, "column": 17 } },
          "loc": { "start": { "line": 5, "column": 26 }, "end": { "line": 5, "column": 81 } },
          "line": 5
        },
        "1": {
          "name": "(anonymous_1)",
          "decl": { "start": { "line": 6, "column": 15 }, "end": { "line": 6, "column": 16 } },
          "loc": { "start": { "line": 6, "column": 25 }, "end": { "line": 6, "column": 75 } },
          "line": 6
        },
        "2": {
          "name": "(anonymous_2)",
          "decl": { "start": { "line": 7, "column": 6 }, "end": { "line": 7, "column": 7 } },
          "loc": { "start": { "line": 7, "column": 16 }, "end": { "line": 7, "column": 80 } },
          "line": 7
        },
        "3": {
          "name": "(anonymous_3)",
          "decl": { "start": { "line": 11, "column": 18 }, "end": { "line": 11, "column": 19 } },
          "loc": { "start": { "line": 11, "column": 28 }, "end": { "line": 11, "column": 79 } },
          "line": 11
        },
        "4": {
          "name": "(anonymous_4)",
          "decl": { "start": { "line": 15, "column": 6 }, "end": { "line": 15, "column": 7 } },
          "loc": { "start": { "line": 15, "column": 15 }, "end": { "line": 15, "column": 46 } },
          "line": 15
        },
        "5": {
          "name": "(anonymous_5)",
          "decl": { "start": { "line": 17, "column": 16 }, "end": { "line": 17, "column": 17 } },
          "loc": { "start": { "line": 17, "column": 26 }, "end": { "line": 17, "column": 81 } },
          "line": 17
        },
        "6": {
          "name": "(anonymous_6)",
          "decl": { "start": { "line": 18, "column": 12 }, "end": { "line": 18, "column": 13 } },
          "loc": { "start": { "line": 18, "column": 22 }, "end": { "line": 18, "column": 66 } },
          "line": 18
        },
        "7": {
          "name": "(anonymous_7)",
          "decl": { "start": { "line": 19, "column": 11 }, "end": { "line": 19, "column": 12 } },
          "loc": { "start": { "line": 19, "column": 21 }, "end": { "line": 19, "column": 65 } },
          "line": 19
        },
        "8": {
          "name": "(anonymous_8)",
          "decl": { "start": { "line": 22, "column": 18 }, "end": { "line": 22, "column": 19 } },
          "loc": { "start": { "line": 22, "column": 28 }, "end": { "line": 22, "column": 95 } },
          "line": 22
        },
        "9": {
          "name": "(anonymous_9)",
          "decl": { "start": { "line": 23, "column": 17 }, "end": { "line": 23, "column": 18 } },
          "loc": { "start": { "line": 23, "column": 27 }, "end": { "line": 23, "column": 89 } },
          "line": 23
        },
        "10": {
          "name": "(anonymous_10)",
          "decl": { "start": { "line": 26, "column": 4 }, "end": { "line": 26, "column": 5 } },
          "loc": { "start": { "line": 26, "column": 14 }, "end": { "line": 26, "column": 64 } },
          "line": 26
        }
      },
      "branchMap": {
        "0": {
          "loc": { "start": { "line": 5, "column": 26 }, "end": { "line": 5, "column": 81 } },
          "type": "cond-expr",
          "locations": [
            { "start": { "line": 5, "column": 60 }, "end": { "line": 5, "column": 70 } },
            { "start": { "line": 5, "column": 73 }, "end": { "line": 5, "column": 81 } }
          ],
          "line": 5
        },
        "1": {
          "loc": { "start": { "line": 6, "column": 25 }, "end": { "line": 6, "column": 75 } },
          "type": "cond-expr",
          "locations": [
            { "start": { "line": 6, "column": 59 }, "end": { "line": 6, "column": 66 } },
            { "start": { "line": 6, "column": 69 }, "end": { "line": 6, "column": 75 } }
          ],
          "line": 6
        },
        "2": {
          "loc": { "start": { "line": 7, "column": 16 }, "end": { "line": 7, "column": 80 } },
          "type": "cond-expr",
          "locations": [
            { "start": { "line": 7, "column": 43 }, "end": { "line": 7, "column": 45 } },
            { "start": { "line": 7, "column": 48 }, "end": { "line": 7, "column": 80 } }
          ],
          "line": 7
        },
        "3": {
          "loc": { "start": { "line": 11, "column": 28 }, "end": { "line": 11, "column": 79 } },
          "type": "cond-expr",
          "locations": [
            { "start": { "line": 11, "column": 51 }, "end": { "line": 11, "column": 71 } },
            { "start": { "line": 11, "column": 74 }, "end": { "line": 11, "column": 79 } }
          ],
          "line": 11
        },
        "4": {
          "loc": { "start": { "line": 17, "column": 26 }, "end": { "line": 17, "column": 81 } },
          "type": "cond-expr",
          "locations": [
            { "start": { "line": 17, "column": 60 }, "end": { "line": 17, "column": 70 } },
            { "start": { "line": 17, "column": 73 }, "end": { "line": 17, "column": 81 } }
          ],
          "line": 17
        },
        "5": {
          "loc": { "start": { "line": 18, "column": 22 }, "end": { "line": 18, "column": 66 } },
          "type": "cond-expr",
          "locations": [
            { "start": { "line": 18, "column": 56 }, "end": { "line": 18, "column": 61 } },
            { "start": { "line": 18, "column": 64 }, "end": { "line": 18, "column": 66 } }
          ],
          "line": 18
        },
        "6": {
          "loc": { "start": { "line": 19, "column": 21 }, "end": { "line": 19, "column": 65 } },
          "type": "cond-expr",
          "locations": [
            { "start": { "line": 19, "column": 55 }, "end": { "line": 19, "column": 60 } },
            { "start": { "line": 19, "column": 63 }, "end": { "line": 19, "column": 65 } }
          ],
          "line": 19
        },
        "7": {
          "loc": { "start": { "line": 22, "column": 28 }, "end": { "line": 22, "column": 95 } },
          "type": "cond-expr",
          "locations": [
            { "start": { "line": 22, "column": 59 }, "end": { "line": 22, "column": 87 } },
            { "start": { "line": 22, "column": 90 }, "end": { "line": 22, "column": 95 } }
          ],
          "line": 22
        },
        "8": {
          "loc": { "start": { "line": 23, "column": 27 }, "end": { "line": 23, "column": 89 } },
          "type": "cond-expr",
          "locations": [
            { "start": { "line": 23, "column": 61 }, "end": { "line": 23, "column": 84 } },
            { "start": { "line": 23, "column": 87 }, "end": { "line": 23, "column": 89 } }
          ],
          "line": 23
        },
        "9": {
          "loc": { "start": { "line": 26, "column": 14 }, "end": { "line": 26, "column": 64 } },
          "type": "cond-expr",
          "locations": [
            { "start": { "line": 26, "column": 38 }, "end": { "line": 26, "column": 59 } },
            { "start": { "line": 26, "column": 62 }, "end": { "line": 26, "column": 64 } }
          ],
          "line": 26
        }
      },
      "s": {
        "0": 1,
        "1": 0,
        "2": 0,
        "3": 0,
        "4": 0,
        "5": 0,
        "6": 0,
        "7": 0,
        "8": 0,
        "9": 0,
        "10": 0,
        "11": 0
      },
      "f": {
        "0": 0,
        "1": 0,
        "2": 0,
        "3": 0,
        "4": 0,
        "5": 0,
        "6": 0,
        "7": 0,
        "8": 0,
        "9": 0,
        "10": 0
      },
      "b": {
        "0": [0, 0],
        "1": [0, 0],
        "2": [0, 0],
        "3": [0, 0],
        "4": [0, 0],
        "5": [0, 0],
        "6": [0, 0],
        "7": [0, 0],
        "8": [0, 0],
        "9": [0, 0]
      },
      "_coverageSchema": "43e27e138ebf9cfc5966b082cf9a028302ed4184",
      "hash": "ad8780e13580a51a2f4de95a1aafafa78e9e980f"
    },
    "C:\\ReactPractice\\HeroBannerComponent\\atomic-react-components\\lib\\components\\atoms\\Image\\Image.js": {
      "path": "C:\\ReactPractice\\HeroBannerComponent\\atomic-react-components\\lib\\components\\atoms\\Image\\Image.js",
      "statementMap": {
        "0": { "start": { "line": 22, "column": 14 }, "end": { "line": 54, "column": 1 } },
        "1": { "start": { "line": 35, "column": 2 }, "end": { "line": 53, "column": 4 } },
        "2": { "start": { "line": 49, "column": 12 }, "end": { "line": 49, "column": 46 } },
        "3": { "start": { "line": 56, "column": 0 }, "end": { "line": 63, "column": 2 } }
      },
      "fnMap": {
        "0": {
          "name": "(anonymous_0)",
          "decl": { "start": { "line": 22, "column": 14 }, "end": { "line": 22, "column": 15 } },
          "loc": { "start": { "line": 35, "column": 2 }, "end": { "line": 53, "column": 4 } },
          "line": 35
        },
        "1": {
          "name": "(anonymous_1)",
          "decl": { "start": { "line": 47, "column": 10 }, "end": { "line": 47, "column": 11 } },
          "loc": { "start": { "line": 47, "column": 19 }, "end": { "line": 50, "column": 11 } },
          "line": 47
        }
      },
      "branchMap": {
        "0": {
          "loc": { "start": { "line": 38, "column": 12 }, "end": { "line": 38, "column": 26 } },
          "type": "binary-expr",
          "locations": [
            { "start": { "line": 38, "column": 12 }, "end": { "line": 38, "column": 18 } },
            { "start": { "line": 38, "column": 22 }, "end": { "line": 38, "column": 26 } }
          ],
          "line": 38
        },
        "1": {
          "loc": { "start": { "line": 39, "column": 11 }, "end": { "line": 39, "column": 24 } },
          "type": "binary-expr",
          "locations": [
            { "start": { "line": 39, "column": 11 }, "end": { "line": 39, "column": 16 } },
            { "start": { "line": 39, "column": 20 }, "end": { "line": 39, "column": 24 } }
          ],
          "line": 39
        },
        "2": {
          "loc": { "start": { "line": 43, "column": 18 }, "end": { "line": 43, "column": 72 } },
          "type": "binary-expr",
          "locations": [
            { "start": { "line": 43, "column": 18 }, "end": { "line": 43, "column": 32 } },
            { "start": { "line": 43, "column": 36 }, "end": { "line": 43, "column": 72 } }
          ],
          "line": 43
        },
        "3": {
          "loc": { "start": { "line": 46, "column": 6 }, "end": { "line": 51, "column": 14 } },
          "type": "cond-expr",
          "locations": [
            { "start": { "line": 47, "column": 10 }, "end": { "line": 50, "column": 11 } },
            { "start": { "line": 51, "column": 10 }, "end": { "line": 51, "column": 14 } }
          ],
          "line": 46
        }
      },
      "s": { "0": 5, "1": 4, "2": 1, "3": 5 },
      "f": { "0": 4, "1": 1 },
      "b": { "0": [4, 4], "1": [4, 4], "2": [4, 1], "3": [3, 1] },
      "_coverageSchema": "43e27e138ebf9cfc5966b082cf9a028302ed4184",
      "hash": "370a6134de08a429f83b5a9eae107338bd841d28"
    },
    "C:\\ReactPractice\\HeroBannerComponent\\atomic-react-components\\lib\\core\\utils\\elementLocator.js": {
      "path": "C:\\ReactPractice\\HeroBannerComponent\\atomic-react-components\\lib\\core\\utils\\elementLocator.js",
      "statementMap": {
        "0": { "start": { "line": 4, "column": 36 }, "end": { "line": 20, "column": 1 } },
        "1": { "start": { "line": 5, "column": 14 }, "end": { "line": 5, "column": 16 } },
        "2": { "start": { "line": 7, "column": 2 }, "end": { "line": 18, "column": 5 } },
        "3": { "start": { "line": 8, "column": 24 }, "end": { "line": 8, "column": 29 } },
        "4": { "start": { "line": 10, "column": 4 }, "end": { "line": 16, "column": 5 } },
        "5": { "start": { "line": 11, "column": 6 }, "end": { "line": 15, "column": 9 } },
        "6": { "start": { "line": 12, "column": 8 }, "end": { "line": 12, "column": 78 } },
        "7": { "start": { "line": 13, "column": 8 }, "end": { "line": 13, "column": 51 } },
        "8": { "start": { "line": 13, "column": 30 }, "end": { "line": 13, "column": 51 } },
        "9": { "start": { "line": 14, "column": 8 }, "end": { "line": 14, "column": 29 } },
        "10": { "start": { "line": 17, "column": 4 }, "end": { "line": 17, "column": 45 } },
        "11": { "start": { "line": 19, "column": 2 }, "end": { "line": 19, "column": 29 } }
      },
      "fnMap": {
        "0": {
          "name": "(anonymous_0)",
          "decl": { "start": { "line": 4, "column": 36 }, "end": { "line": 4, "column": 37 } },
          "loc": { "start": { "line": 4, "column": 48 }, "end": { "line": 20, "column": 1 } },
          "line": 4
        },
        "1": {
          "name": "(anonymous_1)",
          "decl": { "start": { "line": 7, "column": 34 }, "end": { "line": 7, "column": 35 } },
          "loc": { "start": { "line": 7, "column": 57 }, "end": { "line": 18, "column": 3 } },
          "line": 7
        },
        "2": {
          "name": "(anonymous_2)",
          "decl": { "start": { "line": 11, "column": 28 }, "end": { "line": 11, "column": 29 } },
          "loc": { "start": { "line": 11, "column": 51 }, "end": { "line": 15, "column": 7 } },
          "line": 11
        }
      },
      "branchMap": {
        "0": {
          "loc": { "start": { "line": 10, "column": 4 }, "end": { "line": 16, "column": 5 } },
          "type": "if",
          "locations": [
            { "start": { "line": 10, "column": 4 }, "end": { "line": 16, "column": 5 } },
            { "start": { "line": 10, "column": 4 }, "end": { "line": 16, "column": 5 } }
          ],
          "line": 10
        },
        "1": {
          "loc": { "start": { "line": 12, "column": 20 }, "end": { "line": 12, "column": 67 } },
          "type": "cond-expr",
          "locations": [
            { "start": { "line": 12, "column": 59 }, "end": { "line": 12, "column": 61 } },
            { "start": { "line": 12, "column": 64 }, "end": { "line": 12, "column": 67 } }
          ],
          "line": 12
        },
        "2": {
          "loc": { "start": { "line": 12, "column": 20 }, "end": { "line": 12, "column": 56 } },
          "type": "binary-expr",
          "locations": [
            { "start": { "line": 12, "column": 20 }, "end": { "line": 12, "column": 36 } },
            { "start": { "line": 12, "column": 40 }, "end": { "line": 12, "column": 56 } }
          ],
          "line": 12
        },
        "3": {
          "loc": { "start": { "line": 13, "column": 8 }, "end": { "line": 13, "column": 51 } },
          "type": "if",
          "locations": [
            { "start": { "line": 13, "column": 8 }, "end": { "line": 13, "column": 51 } },
            { "start": { "line": 13, "column": 8 }, "end": { "line": 13, "column": 51 } }
          ],
          "line": 13
        },
        "4": {
          "loc": { "start": { "line": 17, "column": 11 }, "end": { "line": 17, "column": 44 } },
          "type": "binary-expr",
          "locations": [
            { "start": { "line": 17, "column": 11 }, "end": { "line": 17, "column": 24 } },
            { "start": { "line": 17, "column": 28 }, "end": { "line": 17, "column": 44 } }
          ],
          "line": 17
        }
      },
      "s": {
        "0": 20,
        "1": 32,
        "2": 32,
        "3": 30,
        "4": 30,
        "5": 30,
        "6": 46,
        "7": 46,
        "8": 16,
        "9": 46,
        "10": 30,
        "11": 32
      },
      "f": { "0": 32, "1": 30, "2": 46 },
      "b": { "0": [30, 0], "1": [30, 16], "2": [46, 46], "3": [16, 30], "4": [30, 14] },
      "_coverageSchema": "43e27e138ebf9cfc5966b082cf9a028302ed4184",
      "hash": "494252b473c2b671f479f01f1ceec5ab122bc727"
    },
    "C:\\ReactPractice\\HeroBannerComponent\\atomic-react-components\\lib\\components\\atoms\\Image\\Image.style.js": {
      "path": "C:\\ReactPractice\\HeroBannerComponent\\atomic-react-components\\lib\\components\\atoms\\Image\\Image.style.js",
      "statementMap": {
        "0": { "start": { "line": 3, "column": 20 }, "end": { "line": 7, "column": 1 } },
        "1": { "start": { "line": 6, "column": 14 }, "end": { "line": 6, "column": 64 } }
      },
      "fnMap": {
        "0": {
          "name": "(anonymous_0)",
          "decl": { "start": { "line": 6, "column": 4 }, "end": { "line": 6, "column": 5 } },
          "loc": { "start": { "line": 6, "column": 14 }, "end": { "line": 6, "column": 64 } },
          "line": 6
        }
      },
      "branchMap": {
        "0": {
          "loc": { "start": { "line": 6, "column": 14 }, "end": { "line": 6, "column": 64 } },
          "type": "cond-expr",
          "locations": [
            { "start": { "line": 6, "column": 38 }, "end": { "line": 6, "column": 59 } },
            { "start": { "line": 6, "column": 62 }, "end": { "line": 6, "column": 64 } }
          ],
          "line": 6
        }
      },
      "s": { "0": 5, "1": 0 },
      "f": { "0": 0 },
      "b": { "0": [0, 0] },
      "_coverageSchema": "43e27e138ebf9cfc5966b082cf9a028302ed4184",
      "hash": "0729f7efdfcf0db4686a9aaacc6ab79fb999945e"
    },
    "C:\\ReactPractice\\HeroBannerComponent\\atomic-react-components\\lib\\components\\atoms\\Button\\Button.js": {
      "path": "C:\\ReactPractice\\HeroBannerComponent\\atomic-react-components\\lib\\components\\atoms\\Button\\Button.js",
      "statementMap": {
        "0": { "start": { "line": 22, "column": 15 }, "end": { "line": 45, "column": 1 } },
        "1": { "start": { "line": 35, "column": 2 }, "end": { "line": 44, "column": 11 } },
        "2": { "start": { "line": 47, "column": 0 }, "end": { "line": 57, "column": 2 } }
      },
      "fnMap": {
        "0": {
          "name": "(anonymous_0)",
          "decl": { "start": { "line": 22, "column": 15 }, "end": { "line": 22, "column": 16 } },
          "loc": { "start": { "line": 35, "column": 2 }, "end": { "line": 44, "column": 11 } },
          "line": 35
        }
      },
      "branchMap": {
        "0": {
          "loc": { "start": { "line": 36, "column": 16 }, "end": { "line": 36, "column": 33 } },
          "type": "binary-expr",
          "locations": [
            { "start": { "line": 36, "column": 16 }, "end": { "line": 36, "column": 25 } },
            { "start": { "line": 36, "column": 29 }, "end": { "line": 36, "column": 33 } }
          ],
          "line": 36
        },
        "1": {
          "loc": { "start": { "line": 40, "column": 18 }, "end": { "line": 40, "column": 86 } },
          "type": "binary-expr",
          "locations": [
            { "start": { "line": 40, "column": 18 }, "end": { "line": 40, "column": 32 } },
            { "start": { "line": 40, "column": 36 }, "end": { "line": 40, "column": 86 } }
          ],
          "line": 40
        }
      },
      "s": { "0": 5, "1": 10, "2": 5 },
      "f": { "0": 10 },
      "b": { "0": [10, 9], "1": [10, 9] },
      "_coverageSchema": "43e27e138ebf9cfc5966b082cf9a028302ed4184",
      "hash": "ef304909874f746382ac3abe39db71e733ef162f"
    },
    "C:\\ReactPractice\\HeroBannerComponent\\atomic-react-components\\lib\\components\\atoms\\Button\\Button.style.js": {
      "path": "C:\\ReactPractice\\HeroBannerComponent\\atomic-react-components\\lib\\components\\atoms\\Button\\Button.style.js",
      "statementMap": {
        "0": { "start": { "line": 3, "column": 21 }, "end": { "line": 29, "column": 1 } },
        "1": { "start": { "line": 8, "column": 22 }, "end": { "line": 8, "column": 64 } },
        "2": { "start": { "line": 9, "column": 13 }, "end": { "line": 13, "column": 3 } },
        "3": { "start": { "line": 14, "column": 13 }, "end": { "line": 14, "column": 69 } },
        "4": { "start": { "line": 16, "column": 4 }, "end": { "line": 21, "column": 10 } },
        "5": { "start": { "line": 22, "column": 13 }, "end": { "line": 22, "column": 48 } },
        "6": { "start": { "line": 28, "column": 14 }, "end": { "line": 28, "column": 64 } }
      },
      "fnMap": {
        "0": {
          "name": "(anonymous_0)",
          "decl": { "start": { "line": 8, "column": 12 }, "end": { "line": 8, "column": 13 } },
          "loc": { "start": { "line": 8, "column": 22 }, "end": { "line": 8, "column": 64 } },
          "line": 8
        },
        "1": {
          "name": "(anonymous_1)",
          "decl": { "start": { "line": 9, "column": 4 }, "end": { "line": 9, "column": 5 } },
          "loc": { "start": { "line": 9, "column": 13 }, "end": { "line": 13, "column": 3 } },
          "line": 9
        },
        "2": {
          "name": "(anonymous_2)",
          "decl": { "start": { "line": 14, "column": 4 }, "end": { "line": 14, "column": 5 } },
          "loc": { "start": { "line": 14, "column": 13 }, "end": { "line": 14, "column": 69 } },
          "line": 14
        },
        "3": {
          "name": "(anonymous_3)",
          "decl": { "start": { "line": 15, "column": 4 }, "end": { "line": 15, "column": 5 } },
          "loc": { "start": { "line": 16, "column": 4 }, "end": { "line": 21, "column": 10 } },
          "line": 16
        },
        "4": {
          "name": "(anonymous_4)",
          "decl": { "start": { "line": 22, "column": 4 }, "end": { "line": 22, "column": 5 } },
          "loc": { "start": { "line": 22, "column": 13 }, "end": { "line": 22, "column": 48 } },
          "line": 22
        },
        "5": {
          "name": "(anonymous_5)",
          "decl": { "start": { "line": 28, "column": 4 }, "end": { "line": 28, "column": 5 } },
          "loc": { "start": { "line": 28, "column": 14 }, "end": { "line": 28, "column": 64 } },
          "line": 28
        }
      },
      "branchMap": {
        "0": {
          "loc": { "start": { "line": 8, "column": 22 }, "end": { "line": 8, "column": 64 } },
          "type": "cond-expr",
          "locations": [
            { "start": { "line": 8, "column": 39 }, "end": { "line": 8, "column": 52 } },
            { "start": { "line": 8, "column": 55 }, "end": { "line": 8, "column": 64 } }
          ],
          "line": 8
        },
        "1": {
          "loc": { "start": { "line": 14, "column": 13 }, "end": { "line": 14, "column": 69 } },
          "type": "binary-expr",
          "locations": [
            { "start": { "line": 14, "column": 13 }, "end": { "line": 14, "column": 28 } },
            { "start": { "line": 14, "column": 32 }, "end": { "line": 14, "column": 69 } }
          ],
          "line": 14
        },
        "2": {
          "loc": { "start": { "line": 16, "column": 4 }, "end": { "line": 21, "column": 10 } },
          "type": "cond-expr",
          "locations": [
            { "start": { "line": 17, "column": 8 }, "end": { "line": 20, "column": 3 } },
            { "start": { "line": 21, "column": 8 }, "end": { "line": 21, "column": 10 } }
          ],
          "line": 16
        },
        "3": {
          "loc": { "start": { "line": 22, "column": 13 }, "end": { "line": 22, "column": 48 } },
          "type": "binary-expr",
          "locations": [
            { "start": { "line": 22, "column": 13 }, "end": { "line": 22, "column": 28 } },
            { "start": { "line": 22, "column": 32 }, "end": { "line": 22, "column": 48 } }
          ],
          "line": 22
        },
        "4": {
          "loc": { "start": { "line": 28, "column": 14 }, "end": { "line": 28, "column": 64 } },
          "type": "cond-expr",
          "locations": [
            { "start": { "line": 28, "column": 38 }, "end": { "line": 28, "column": 59 } },
            { "start": { "line": 28, "column": 62 }, "end": { "line": 28, "column": 64 } }
          ],
          "line": 28
        }
      },
      "s": { "0": 5, "1": 0, "2": 0, "3": 0, "4": 0, "5": 0, "6": 0 },
      "f": { "0": 0, "1": 0, "2": 0, "3": 0, "4": 0, "5": 0 },
      "b": { "0": [0, 0], "1": [0, 0], "2": [0, 0], "3": [0, 0], "4": [0, 0] },
      "_coverageSchema": "43e27e138ebf9cfc5966b082cf9a028302ed4184",
      "hash": "4713473e387aa960aa43fc479c9ed963174ba17c"
    },
    "C:\\ReactPractice\\HeroBannerComponent\\atomic-react-components\\lib\\components\\atoms\\Para\\Para.js": {
      "path": "C:\\ReactPractice\\HeroBannerComponent\\atomic-react-components\\lib\\components\\atoms\\Para\\Para.js",
      "statementMap": {
        "0": { "start": { "line": 15, "column": 13 }, "end": { "line": 27, "column": 1 } },
        "1": { "start": { "line": 16, "column": 22 }, "end": { "line": 20, "column": 8 } },
        "2": { "start": { "line": 22, "column": 2 }, "end": { "line": 26, "column": 4 } },
        "3": { "start": { "line": 29, "column": 0 }, "end": { "line": 33, "column": 2 } }
      },
      "fnMap": {
        "0": {
          "name": "(anonymous_0)",
          "decl": { "start": { "line": 15, "column": 13 }, "end": { "line": 15, "column": 14 } },
          "loc": { "start": { "line": 15, "column": 99 }, "end": { "line": 27, "column": 1 } },
          "line": 15
        }
      },
      "branchMap": {
        "0": {
          "loc": { "start": { "line": 16, "column": 22 }, "end": { "line": 20, "column": 8 } },
          "type": "cond-expr",
          "locations": [
            { "start": { "line": 17, "column": 6 }, "end": { "line": 19, "column": 7 } },
            { "start": { "line": 20, "column": 6 }, "end": { "line": 20, "column": 8 } }
          ],
          "line": 16
        }
      },
      "s": { "0": 9, "1": 5, "2": 5, "3": 9 },
      "f": { "0": 5 },
      "b": { "0": [2, 3] },
      "_coverageSchema": "43e27e138ebf9cfc5966b082cf9a028302ed4184",
      "hash": "4f83141ff59a621f018e9d691b88ddeab2fad8a7"
    },
    "C:\\ReactPractice\\HeroBannerComponent\\atomic-react-components\\lib\\components\\atoms\\Para\\Para.style.js": {
      "path": "C:\\ReactPractice\\HeroBannerComponent\\atomic-react-components\\lib\\components\\atoms\\Para\\Para.style.js",
      "statementMap": {},
      "fnMap": {},
      "branchMap": {},
      "s": {},
      "f": {},
      "b": {},
      "_coverageSchema": "43e27e138ebf9cfc5966b082cf9a028302ed4184",
      "hash": "e17ccd3e20991743b635991d8120d99b40dd23be"
    },
    "C:\\ReactPractice\\HeroBannerComponent\\atomic-react-components\\lib\\components\\molecules\\Form\\Form.js": {
      "path": "C:\\ReactPractice\\HeroBannerComponent\\atomic-react-components\\lib\\components\\molecules\\Form\\Form.js",
      "statementMap": {
        "0": { "start": { "line": 31, "column": 14 }, "end": { "line": 37, "column": 3 } },
        "1": { "start": { "line": 35, "column": 4 }, "end": { "line": 35, "column": 56 } },
        "2": { "start": { "line": 35, "column": 29 }, "end": { "line": 35, "column": 56 } },
        "3": { "start": { "line": 36, "column": 4 }, "end": { "line": 36, "column": 67 } },
        "4": { "start": { "line": 39, "column": 20 }, "end": { "line": 39, "column": 33 } },
        "5": { "start": { "line": 41, "column": 17 }, "end": { "line": 41, "column": 22 } },
        "6": { "start": { "line": 43, "column": 17 }, "end": { "line": 43, "column": 27 } },
        "7": { "start": { "line": 45, "column": 22 }, "end": { "line": 45, "column": 37 } },
        "8": { "start": { "line": 47, "column": 18 }, "end": { "line": 47, "column": 29 } },
        "9": { "start": { "line": 49, "column": 20 }, "end": { "line": 49, "column": 33 } },
        "10": { "start": { "line": 66, "column": 8 }, "end": { "line": 66, "column": 18 } },
        "11": { "start": { "line": 68, "column": 4 }, "end": { "line": 85, "column": 6 } },
        "12": { "start": { "line": 79, "column": 10 }, "end": { "line": 82, "column": 24 } },
        "13": { "start": { "line": 89, "column": 0 }, "end": { "line": 99, "column": 2 } }
      },
      "fnMap": {
        "0": {
          "name": "(anonymous_0)",
          "decl": { "start": { "line": 31, "column": 14 }, "end": { "line": 31, "column": 15 } },
          "loc": { "start": { "line": 34, "column": 7 }, "end": { "line": 37, "column": 3 } },
          "line": 34
        },
        "1": {
          "name": "(anonymous_1)",
          "decl": { "start": { "line": 51, "column": 2 }, "end": { "line": 51, "column": 3 } },
          "loc": { "start": { "line": 51, "column": 11 }, "end": { "line": 86, "column": 3 } },
          "line": 51
        },
        "2": {
          "name": "(anonymous_2)",
          "decl": { "start": { "line": 78, "column": 9 }, "end": { "line": 78, "column": 10 } },
          "loc": { "start": { "line": 79, "column": 10 }, "end": { "line": 82, "column": 24 } },
          "line": 79
        }
      },
      "branchMap": {
        "0": {
          "loc": { "start": { "line": 32, "column": 4 }, "end": { "line": 32, "column": 47 } },
          "type": "default-arg",
          "locations": [
            { "start": { "line": 32, "column": 43 }, "end": { "line": 32, "column": 47 } }
          ],
          "line": 32
        },
        "1": {
          "loc": { "start": { "line": 33, "column": 4 }, "end": { "line": 33, "column": 42 } },
          "type": "default-arg",
          "locations": [
            { "start": { "line": 33, "column": 38 }, "end": { "line": 33, "column": 42 } }
          ],
          "line": 33
        },
        "2": {
          "loc": { "start": { "line": 35, "column": 4 }, "end": { "line": 35, "column": 56 } },
          "type": "if",
          "locations": [
            { "start": { "line": 35, "column": 4 }, "end": { "line": 35, "column": 56 } },
            { "start": { "line": 35, "column": 4 }, "end": { "line": 35, "column": 56 } }
          ],
          "line": 35
        },
        "3": {
          "loc": { "start": { "line": 36, "column": 11 }, "end": { "line": 36, "column": 66 } },
          "type": "cond-expr",
          "locations": [
            { "start": { "line": 36, "column": 30 }, "end": { "line": 36, "column": 59 } },
            { "start": { "line": 36, "column": 62 }, "end": { "line": 36, "column": 66 } }
          ],
          "line": 36
        },
        "4": {
          "loc": { "start": { "line": 81, "column": 13 }, "end": { "line": 81, "column": 31 } },
          "type": "binary-expr",
          "locations": [
            { "start": { "line": 81, "column": 13 }, "end": { "line": 81, "column": 18 } },
            { "start": { "line": 81, "column": 22 }, "end": { "line": 81, "column": 31 } }
          ],
          "line": 81
        }
      },
      "s": {
        "0": 13,
        "1": 14,
        "2": 1,
        "3": 13,
        "4": 4,
        "5": 4,
        "6": 4,
        "7": 4,
        "8": 4,
        "9": 4,
        "10": 13,
        "11": 13,
        "12": 7,
        "13": 4
      },
      "f": { "0": 14, "1": 13, "2": 7 },
      "b": { "0": [1], "1": [1], "2": [1, 13], "3": [3, 10], "4": [7, 0] },
      "_coverageSchema": "43e27e138ebf9cfc5966b082cf9a028302ed4184",
      "hash": "b9ff32975e874a6aa41779e276a6557cd69850ed"
    },
    "C:\\ReactPractice\\HeroBannerComponent\\atomic-react-components\\lib\\core\\utils\\buildValidationSchema.js": {
      "path": "C:\\ReactPractice\\HeroBannerComponent\\atomic-react-components\\lib\\core\\utils\\buildValidationSchema.js",
      "statementMap": {
        "0": { "start": { "line": 40, "column": 27 }, "end": { "line": 53, "column": 1 } },
        "1": { "start": { "line": 41, "column": 15 }, "end": { "line": 41, "column": 26 } },
        "2": { "start": { "line": 42, "column": 25 }, "end": { "line": 42, "column": 42 } },
        "3": { "start": { "line": 45, "column": 2 }, "end": { "line": 50, "column": 5 } },
        "4": { "start": { "line": 47, "column": 6 }, "end": { "line": 47, "column": 84 } },
        "5": { "start": { "line": 49, "column": 4 }, "end": { "line": 49, "column": 49 } },
        "6": { "start": { "line": 52, "column": 2 }, "end": { "line": 52, "column": 16 } },
        "7": { "start": { "line": 59, "column": 27 }, "end": { "line": 74, "column": 1 } },
        "8": { "start": { "line": 60, "column": 17 }, "end": { "line": 60, "column": 19 } },
        "9": { "start": { "line": 61, "column": 2 }, "end": { "line": 73, "column": 3 } },
        "10": { "start": { "line": 63, "column": 25 }, "end": { "line": 63, "column": 47 } },
        "11": { "start": { "line": 65, "column": 4 }, "end": { "line": 68, "column": 7 } },
        "12": { "start": { "line": 66, "column": 20 }, "end": { "line": 66, "column": 40 } },
[...]
            { "start": { "line": 63, "column": 4 }, "end": { "line": 72, "column": 5 } }
          ],
          "line": 63
        },
        "2": {
          "loc": { "start": { "line": 64, "column": 6 }, "end": { "line": 67, "column": 43 } },
          "type": "binary-expr",
          "locations": [
            { "start": { "line": 64, "column": 6 }, "end": { "line": 64, "column": 21 } },
            { "start": { "line": 65, "column": 6 }, "end": { "line": 65, "column": 29 } },
            { "start": { "line": 66, "column": 6 }, "end": { "line": 66, "column": 24 } },
            { "start": { "line": 67, "column": 6 }, "end": { "line": 67, "column": 43 } }
          ],
          "line": 64
        },
        "3": {
          "loc": { "start": { "line": 106, "column": 20 }, "end": { "line": 106, "column": 89 } },
          "type": "binary-expr",
          "locations": [
            { "start": { "line": 106, "column": 20 }, "end": { "line": 106, "column": 27 } },
            { "start": { "line": 106, "column": 31 }, "end": { "line": 106, "column": 89 } }
          ],
          "line": 106
        },
        "4": {
          "loc": { "start": { "line": 115, "column": 9 }, "end": { "line": 125, "column": 9 } },
          "type": "binary-expr",
          "locations": [
            { "start": { "line": 115, "column": 9 }, "end": { "line": 115, "column": 20 } },
            { "start": { "line": 116, "column": 10 }, "end": { "line": 124, "column": 16 } }
          ],
          "line": 115
        },
        "5": {
          "loc": { "start": { "line": 117, "column": 13 }, "end": { "line": 121, "column": 13 } },
          "type": "binary-expr",
          "locations": [
            { "start": { "line": 117, "column": 13 }, "end": { "line": 117, "column": 33 } },
            { "start": { "line": 118, "column": 14 }, "end": { "line": 120, "column": 23 } }
          ],
          "line": 117
        },
        "6": {
          "loc": { "start": { "line": 122, "column": 13 }, "end": { "line": 122, "column": 82 } },
          "type": "binary-expr",
          "locations": [
            { "start": { "line": 122, "column": 13 }, "end": { "line": 122, "column": 26 } },
            { "start": { "line": 122, "column": 30 }, "end": { "line": 122, "column": 82 } }
          ],
          "line": 122
        }
      },
      "s": {
        "0": 5,
        "1": 5,
        "2": 5,
        "3": 5,
        "4": 5,
        "5": 5,
        "6": 2,
        "7": 0,
        "8": 5,
        "9": 0,
        "10": 0,
        "11": 0,
        "12": 5,
        "13": 1,
        "14": 5,
        "15": 1,
        "16": 9,
        "17": 9,
        "18": 9,
        "19": 9,
        "20": 1
      },
      "f": { "0": 5, "1": 5, "2": 0, "3": 0, "4": 1, "5": 1, "6": 9 },
      "b": {
        "0": [2, 3],
        "1": [0, 0],
        "2": [0, 0, 0, 0],
        "3": [9, 8],
        "4": [9, 3],
        "5": [3, 3],
        "6": [3, 3]
      },
      "_coverageSchema": "43e27e138ebf9cfc5966b082cf9a028302ed4184",
      "hash": "4dedbf9d55c4670c4c45945b218b59b999d8e357"
    },
    "C:\\ReactPractice\\HeroBannerComponent\\atomic-react-components\\lib\\components\\molecules\\Popover\\Popover.style.js": {
      "path": "C:\\ReactPractice\\HeroBannerComponent\\atomic-react-components\\lib\\components\\molecules\\Popover\\Popover.style.js",
      "statementMap": {
        "0": { "start": { "line": 14, "column": 14 }, "end": { "line": 14, "column": 64 } }
      },
      "fnMap": {
        "0": {
          "name": "(anonymous_0)",
          "decl": { "start": { "line": 14, "column": 4 }, "end": { "line": 14, "column": 5 } },
          "loc": { "start": { "line": 14, "column": 14 }, "end": { "line": 14, "column": 64 } },
          "line": 14
        }
      },
      "branchMap": {
        "0": {
          "loc": { "start": { "line": 14, "column": 14 }, "end": { "line": 14, "column": 64 } },
          "type": "cond-expr",
          "locations": [
            { "start": { "line": 14, "column": 38 }, "end": { "line": 14, "column": 59 } },
            { "start": { "line": 14, "column": 62 }, "end": { "line": 14, "column": 64 } }
          ],
          "line": 14
        }
      },
      "s": { "0": 0 },
      "f": { "0": 0 },
      "b": { "0": [0, 0] },
      "_coverageSchema": "43e27e138ebf9cfc5966b082cf9a028302ed4184",
      "hash": "3dea0f8edc7a9d9f6baab5069668bd8787954e2b"
    },
    "C:\\ReactPractice\\HeroBannerComponent\\atomic-react-components\\lib\\components\\molecules\\Modal\\Modal.js": {
      "path": "C:\\ReactPractice\\HeroBannerComponent\\atomic-react-components\\lib\\components\\molecules\\Modal\\Modal.js",
      "statementMap": {
        "0": { "start": { "line": 54, "column": 14 }, "end": { "line": 102, "column": 1 } },
        "1": { "start": { "line": 78, "column": 2 }, "end": { "line": 101, "column": 4 } },
        "2": { "start": { "line": 104, "column": 0 }, "end": { "line": 125, "column": 2 } },
        "3": { "start": { "line": 121, "column": 24 }, "end": { "line": 121, "column": 49 } }
      },
      "fnMap": {
        "0": {
          "name": "(anonymous_0)",
          "decl": { "start": { "line": 54, "column": 14 }, "end": { "line": 54, "column": 15 } },
          "loc": { "start": { "line": 78, "column": 2 }, "end": { "line": 101, "column": 4 } },
          "line": 78
        },
        "1": {
          "name": "(anonymous_1)",
          "decl": { "start": { "line": 121, "column": 18 }, "end": { "line": 121, "column": 19 } },
          "loc": { "start": { "line": 121, "column": 24 }, "end": { "line": 121, "column": 49 } },
          "line": 121
        }
      },
      "branchMap": {
        "0": {
          "loc": { "start": { "line": 121, "column": 24 }, "end": { "line": 121, "column": 49 } },
          "type": "binary-expr",
          "locations": [
            { "start": { "line": 121, "column": 24 }, "end": { "line": 121, "column": 32 } },
            { "start": { "line": 121, "column": 36 }, "end": { "line": 121, "column": 49 } }
          ],
          "line": 121
        }
      },
      "s": { "0": 1, "1": 1, "2": 1, "3": 0 },
      "f": { "0": 1, "1": 0 },
      "b": { "0": [0, 0] },
      "_coverageSchema": "43e27e138ebf9cfc5966b082cf9a028302ed4184",
      "hash": "9f259b3c36e4d32cb746acd526f0ea517f788618"
    },
    "C:\\ReactPractice\\HeroBannerComponent\\atomic-react-components\\lib\\components\\molecules\\Modal\\Modal.style.js": {
      "path": "C:\\ReactPractice\\HeroBannerComponent\\atomic-react-components\\lib\\components\\molecules\\Modal\\Modal.style.js",
      "statementMap": {
        "0": { "start": { "line": 3, "column": 15 }, "end": { "line": 5, "column": 1 } },
        "1": { "start": { "line": 4, "column": 14 }, "end": { "line": 4, "column": 64 } }
      },
      "fnMap": {
        "0": {
          "name": "(anonymous_0)",
          "decl": { "start": { "line": 4, "column": 4 }, "end": { "line": 4, "column": 5 } },
          "loc": { "start": { "line": 4, "column": 14 }, "end": { "line": 4, "column": 64 } },
          "line": 4
        }
      },
      "branchMap": {
        "0": {
          "loc": { "start": { "line": 4, "column": 14 }, "end": { "line": 4, "column": 64 } },
          "type": "cond-expr",
          "locations": [
            { "start": { "line": 4, "column": 38 }, "end": { "line": 4, "column": 59 } },
            { "start": { "line": 4, "column": 62 }, "end": { "line": 4, "column": 64 } }
          ],
          "line": 4
        }
      },
      "s": { "0": 1, "1": 0 },
      "f": { "0": 0 },
      "b": { "0": [0, 0] },
      "_coverageSchema": "43e27e138ebf9cfc5966b082cf9a028302ed4184",
      "hash": "bcec57570e1d17adb4f57aadebbc89d1d07049de"
    },
    "C:\\ReactPractice\\HeroBannerComponent\\atomic-react-components\\lib\\components\\atoms\\Heading\\index.js": {
      "path": "C:\\ReactPractice\\HeroBannerComponent\\atomic-react-components\\lib\\components\\atoms\\Heading\\index.js",
      "statementMap": {},
      "fnMap": {},
      "branchMap": {},
      "s": {},
      "f": {},
      "b": {},
      "_coverageSchema": "43e27e138ebf9cfc5966b082cf9a028302ed4184",
      "hash": "388738760e8b017d92a26be45dd5b79601dd6760"
    },
    "C:\\ReactPractice\\HeroBannerComponent\\atomic-react-components\\lib\\components\\atoms\\Icon\\index.js": {
      "path": "C:\\ReactPractice\\HeroBannerComponent\\atomic-react-components\\lib\\components\\atoms\\Icon\\index.js",
      "statementMap": {},
      "fnMap": {},
      "branchMap": {},
      "s": {},
      "f": {},
      "b": {},
      "_coverageSchema": "43e27e138ebf9cfc5966b082cf9a028302ed4184",
      "hash": "3789834ad70a2c93c003d79f29dacdbf6294c29e"
    },
    "C:\\ReactPractice\\HeroBannerComponent\\atomic-react-components\\lib\\components\\atoms\\Icon\\Icon.js": {
      "path": "C:\\ReactPractice\\HeroBannerComponent\\atomic-react-components\\lib\\components\\atoms\\Icon\\Icon.js",
      "statementMap": {
        "0": { "start": { "line": 14, "column": 13 }, "end": { "line": 20, "column": 1 } },
        "1": { "start": { "line": 15, "column": 2 }, "end": { "line": 19, "column": 4 } }
      },
      "fnMap": {
        "0": {
          "name": "(anonymous_0)",
          "decl": { "start": { "line": 14, "column": 13 }, "end": { "line": 14, "column": 14 } },
          "loc": { "start": { "line": 14, "column": 63 }, "end": { "line": 20, "column": 1 } },
          "line": 14
        }
      },
      "branchMap": {},
      "s": { "0": 1, "1": 2 },
      "f": { "0": 2 },
      "b": {},
      "_coverageSchema": "43e27e138ebf9cfc5966b082cf9a028302ed4184",
      "hash": "74e50fe8afbcd502e8f4a7d805eb3fd091d70370"
    },
    "C:\\ReactPractice\\HeroBannerComponent\\atomic-react-components\\lib\\components\\atoms\\Icon\\Icon.style.js": {
      "path": "C:\\ReactPractice\\HeroBannerComponent\\atomic-react-components\\lib\\components\\atoms\\Icon\\Icon.style.js",
      "statementMap": {
        "0": { "start": { "line": 9, "column": 39 }, "end": { "line": 9, "column": 66 } },
        "1": { "start": { "line": 13, "column": 23 }, "end": { "line": 13, "column": 57 } },
        "2": { "start": { "line": 14, "column": 24 }, "end": { "line": 14, "column": 60 } },
        "3": { "start": { "line": 17, "column": 14 }, "end": { "line": 17, "column": 64 } }
      },
      "fnMap": {
        "0": {
          "name": "(anonymous_0)",
          "decl": { "start": { "line": 9, "column": 30 }, "end": { "line": 9, "column": 31 } },
          "loc": { "start": { "line": 9, "column": 39 }, "end": { "line": 9, "column": 66 } },
          "line": 9
        },
        "1": {
          "name": "(anonymous_1)",
          "decl": { "start": { "line": 13, "column": 13 }, "end": { "line": 13, "column": 14 } },
          "loc": { "start": { "line": 13, "column": 23 }, "end": { "line": 13, "column": 57 } },
          "line": 13
        },
        "2": {
          "name": "(anonymous_2)",
          "decl": { "start": { "line": 14, "column": 14 }, "end": { "line": 14, "column": 15 } },
          "loc": { "start": { "line": 14, "column": 24 }, "end": { "line": 14, "column": 60 } },
          "line": 14
        },
        "3": {
          "name": "(anonymous_3)",
          "decl": { "start": { "line": 17, "column": 4 }, "end": { "line": 17, "column": 5 } },
          "loc": { "start": { "line": 17, "column": 14 }, "end": { "line": 17, "column": 64 } },
          "line": 17
        }
      },
      "branchMap": {
        "0": {
          "loc": { "start": { "line": 13, "column": 23 }, "end": { "line": 13, "column": 57 } },
          "type": "cond-expr",
          "locations": [
            { "start": { "line": 13, "column": 37 }, "end": { "line": 13, "column": 48 } },
            { "start": { "line": 13, "column": 51 }, "end": { "line": 13, "column": 57 } }
          ],
          "line": 13
        },
        "1": {
          "loc": { "start": { "line": 14, "column": 24 }, "end": { "line": 14, "column": 60 } },
          "type": "cond-expr",
          "locations": [
            { "start": { "line": 14, "column": 39 }, "end": { "line": 14, "column": 51 } },
            { "start": { "line": 14, "column": 54 }, "end": { "line": 14, "column": 60 } }
          ],
          "line": 14
        },
        "2": {
          "loc": { "start": { "line": 17, "column": 14 }, "end": { "line": 17, "column": 64 } },
          "type": "cond-expr",
          "locations": [
            { "start": { "line": 17, "column": 38 }, "end": { "line": 17, "column": 59 } },
            { "start": { "line": 17, "column": 62 }, "end": { "line": 17, "column": 64 } }
          ],
          "line": 17
        }
      },
      "s": { "0": 0, "1": 0, "2": 0, "3": 0 },
      "f": { "0": 0, "1": 0, "2": 0, "3": 0 },
      "b": { "0": [0, 0], "1": [0, 0], "2": [0, 0] },
      "_coverageSchema": "43e27e138ebf9cfc5966b082cf9a028302ed4184",
      "hash": "669892e669d2632cb32588d5751df9156c5ccf73"
    },
    "C:\\ReactPractice\\HeroBannerComponent\\atomic-react-components\\lib\\core\\utils\\getDisplayName.js": {
      "path": "C:\\ReactPractice\\HeroBannerComponent\\atomic-react-components\\lib\\core\\utils\\getDisplayName.js",
      "statementMap": {
        "0": { "start": { "line": 1, "column": 30 }, "end": { "line": 3, "column": 1 } },
        "1": { "start": { "line": 2, "column": 2 }, "end": { "line": 2, "column": 78 } }
      },
      "fnMap": {
        "0": {
          "name": "(anonymous_0)",
          "decl": { "start": { "line": 1, "column": 30 }, "end": { "line": 1, "column": 31 } },
          "loc": { "start": { "line": 1, "column": 50 }, "end": { "line": 3, "column": 1 } },
          "line": 1
        }
      },
      "branchMap": {
        "0": {
          "loc": { "start": { "line": 2, "column": 9 }, "end": { "line": 2, "column": 77 } },
          "type": "binary-expr",
          "locations": [
            { "start": { "line": 2, "column": 9 }, "end": { "line": 2, "column": 37 } },
            { "start": { "line": 2, "column": 41 }, "end": { "line": 2, "column": 62 } },
            { "start": { "line": 2, "column": 66 }, "end": { "line": 2, "column": 77 } }
          ],
          "line": 2
        }
      },
      "s": { "0": 0, "1": 0 },
      "f": { "0": 0 },
      "b": { "0": [0, 0, 0] },
      "hash": "d241e60d6ac4087524d4ecefdb548b21296a31f3"
    },
    "C:\\ReactPractice\\HeroBannerComponent\\atomic-react-components\\lib\\components\\molecules\\Blockquote\\types\\index.js": {
      "path": "C:\\ReactPractice\\HeroBannerComponent\\atomic-react-components\\lib\\components\\molecules\\Blockquote\\types\\index.js",
      "statementMap": {},
      "fnMap": {},
      "branchMap": {},
      "s": {},
      "f": {},
      "b": {},
      "hash": "218cbed6bdbda0e76ad52774b41eb646cbc1201e"
    },
    "C:\\ReactPractice\\HeroBannerComponent\\atomic-react-components\\lib\\components\\molecules\\Breadcrumb\\types\\index.js": {
      "path": "C:\\ReactPractice\\HeroBannerComponent\\atomic-react-components\\lib\\components\\molecules\\Breadcrumb\\types\\index.js",
      "statementMap": {},
      "fnMap": {},
      "branchMap": {},
      "s": {},
      "f": {},
      "b": {},
      "hash": "750a515f9e5c9d538ca2366cb809f3ae9d452785"
    },
    "C:\\ReactPractice\\HeroBannerComponent\\atomic-react-components\\lib\\components\\molecules\\HeroBanner\\types\\index.js": {
      "path": "C:\\ReactPractice\\HeroBannerComponent\\atomic-react-components\\lib\\components\\molecules\\HeroBanner\\types\\index.js",
      "statementMap": {},
      "fnMap": {},
      "branchMap": {},
      "s": {},
      "f": {},
      "b": {},
      "hash": "7eaa85266bddf3b8f4ccbef63b2611249a3657fa"
    },
    "C:\\ReactPractice\\HeroBannerComponent\\atomic-react-components\\lib\\components\\molecules\\Popover\\types\\index.js": {
      "path": "C:\\ReactPractice\\HeroBannerComponent\\atomic-react-components\\lib\\components\\molecules\\Popover\\types\\index.js",
      "statementMap": {},
      "fnMap": {},
      "branchMap": {},
      "s": {},
      "f": {},
      "b": {},
      "hash": "b0b6e095e6251035701929c5dc2d52a4b6c4343c"
    },
    "C:\\ReactPractice\\HeroBannerComponent\\atomic-react-components\\lib\\components\\molecules\\ArticleThumbnail\\types\\index.js": {
      "path": "C:\\ReactPractice\\HeroBannerComponent\\atomic-react-components\\lib\\components\\molecules\\ArticleThumbnail\\types\\index.js",
      "statementMap": {},
      "fnMap": {},
      "branchMap": {},
      "s": {},
      "f": {},
      "b": {},
      "hash": "093d79c57742f8b59930bf19c467cfb52c2c77c0"
    },
    "C:\\ReactPractice\\HeroBannerComponent\\atomic-react-components\\lib\\components\\molecules\\QuoteMedia\\types\\index.js": {
      "path": "C:\\ReactPractice\\HeroBannerComponent\\atomic-react-components\\lib\\components\\molecules\\QuoteMedia\\types\\index.js",
      "statementMap": {},
      "fnMap": {},
      "branchMap": {},
      "s": {},
      "f": {},
      "b": {},
      "hash": "64dd1f29540c470d381ed62dbf74fb578d33678d"
    },
    "C:\\ReactPractice\\HeroBannerComponent\\atomic-react-components\\lib\\components\\molecules\\Toast\\types\\index.js": {
      "path": "C:\\ReactPractice\\HeroBannerComponent\\atomic-react-components\\lib\\components\\molecules\\Toast\\types\\index.js",
      "statementMap": {},
      "fnMap": {},
      "branchMap": {},
      "s": {},
      "f": {},
      "b": {},
      "hash": "0285e80ef04245f65c1f3d11db2696532fa7517a"
    },
    "C:\\ReactPractice\\HeroBannerComponent\\atomic-react-components\\lib\\components\\molecules\\Tabs\\types\\index.js": {
      "path": "C:\\ReactPractice\\HeroBannerComponent\\atomic-react-components\\lib\\components\\molecules\\Tabs\\types\\index.js",
      "statementMap": {},
      "fnMap": {},
      "branchMap": {},
      "s": {},
      "f": {},
      "b": {},
      "hash": "e014cd53a22ca79146d88743fdf5bcc05c175019"
    },
    "C:\\ReactPractice\\HeroBannerComponent\\atomic-react-components\\lib\\components\\atoms\\Icon\\types\\index.js": {
      "path": "C:\\ReactPractice\\HeroBannerComponent\\atomic-react-components\\lib\\components\\atoms\\Icon\\types\\index.js",
      "statementMap": {},
      "fnMap": {},
      "branchMap": {},
      "s": {},
      "f": {},
      "b": {},
      "hash": "eb72f379859124a9514ccd5643e27dffc4e20f52"
    },
    "C:\\ReactPractice\\HeroBannerComponent\\atomic-react-components\\lib\\components\\atoms\\Video\\types\\index.js": {
      "path": "C:\\ReactPractice\\HeroBannerComponent\\atomic-react-components\\lib\\components\\atoms\\Video\\types\\index.js",
      "statementMap": {},
      "fnMap": {},
      "branchMap": {},
      "s": {},
      "f": {},
      "b": {},
      "hash": "0114a5d1ff818f4a3f03a5c56d34edcbac6e9318"
    },
    "C:\\ReactPractice\\HeroBannerComponent\\atomic-react-components\\lib\\components\\atoms\\Track\\types\\index.js": {
      "path": "C:\\ReactPractice\\HeroBannerComponent\\atomic-react-components\\lib\\components\\atoms\\Track\\types\\index.js",
      "statementMap": {},
      "fnMap": {},
      "branchMap": {},
      "s": {},
      "f": {},
      "b": {},
      "hash": "63462a61bc4e64cabb4874f84854fcbf024a390e"
    },
    "C:\\ReactPractice\\HeroBannerComponent\\atomic-react-components\\lib\\components\\molecules\\Modal\\index.js": {
      "path": "C:\\ReactPractice\\HeroBannerComponent\\atomic-react-components\\lib\\components\\molecules\\Modal\\index.js",
      "statementMap": {},
      "fnMap": {},
      "branchMap": {},
      "s": {},
      "f": {},
      "b": {},
      "hash": "dc25a9b0ac3ac958a20267e64b94ebb8b87d00ed"
    },
    "C:\\ReactPractice\\HeroBannerComponent\\atomic-react-components\\lib\\components\\molecules\\QuoteMedia\\index.js": {
      "path": "C:\\ReactPractice\\HeroBannerComponent\\atomic-react-components\\lib\\components\\molecules\\QuoteMedia\\index.js",
      "statementMap": {},
      "fnMap": {},
      "branchMap": {},
      "s": {},
      "f": {},
      "b": {},
      "hash": "c9914fb3506f48a4c826b8cb12692b6f866c31c6"
    }
  }
}
