{"numFailedTestSuites":0,"numFailedTests":0,"numPassedTestSuites":31,"numPassedTests":72,"numPendingTestSuites":0,"numPendingTests":6,"numRuntimeErrorTestSuites":0,"numTodoTests":0,"numTotalTestSuites":31,"numTotalTests":78,"openHandles":[],"snapshot":{"added":0,"didUpdate":true,"failure":false,"filesAdded":0,"filesRemoved":0,"filesRemovedList":[],"filesUnmatched":0,"filesUpdated":0,"matched":38,"total":38,"unchecked":0,"uncheckedKeysByFile":[],"unmatched":0,"updated":0},"startTime":1575901597475,"success":true,"testResults":[{"assertionResults":[{"ancestorTitles":["<QuoteMedia />"],"failureMessages":[],"fullName":"<QuoteMedia /> should render heading component","location":null,"status":"passed","title":"should render heading component"},{"ancestorTitles":["<QuoteMedia />"],"failureMessages":[],"fullName":"<QuoteMedia /> should render blockquote component","location":null,"status":"passed","title":"should render blockquote component"},{"ancestorTitles":["<QuoteMedia />"],"failureMessages":[],"fullName":"<QuoteMedia /> check props passed in","location":null,"status":"passed","title":"check props passed in"},{"ancestorTitles":["<QuoteMedia />"],"failureMessages":[],"fullName":"<QuoteMedia /> should have image or video container","location":null,"status":"passed","title":"should have image or video container"},{"ancestorTitles":["<QuoteMedia />"],"failureMessages":[],"fullName":"<QuoteMedia /> should render correctly","location":null,"status":"passed","title":"should render correctly"}],"endTime":1575901610435,"message":"","name":"C:\\Data Backup\\js\\React\\demo-project-2\\lib\\components\\molecules\\QuoteMedia\\tests\\QuoteMedia.test.js","startTime":1575901607840,"status":"passed","summary":""},{"assertionResults":[{"ancestorTitles":["<Blockquote />"],"failureMessages":[],"fullName":"<Blockquote /> check props passed in","location":null,"status":"passed","title":"check props passed in"},{"ancestorTitles":["<Blockquote />"],"failureMessages":[],"fullName":"<Blockquote /> should render blockquote","location":null,"status":"passed","title":"should render blockquote"},{"ancestorTitles":["<Blockquote />"],"failureMessages":[],"fullName":"<Blockquote /> should render content","location":null,"status":"passed","title":"should render content"},{"ancestorTitles":["<Blockquote />"],"failureMessages":[],"fullName":"<Blockquote /> should render author name","location":null,"status":"passed","title":"should render author name"},{"ancestorTitles":["<Blockquote />"],"failureMessages":[],"fullName":"<Blockquote /> should render correctly","location":null,"status":"passed","title":"should render correctly"}],"endTime":1575901610551,"message":"","name":"C:\\Data Backup\\js\\React\\demo-project-2\\lib\\components\\atoms\\Blockquote\\tests\\Blockquote.test.js","startTime":1575901608129,"status":"passed","summary":""},{"assertionResults":[{"ancestorTitles":["<Tabs />"],"failureMessages":[],"fullName":"<Tabs /> should render correctly","location":null,"status":"passed","title":"should render correctly"},{"ancestorTitles":["<Tabs /> functional behavior"],"failureMessages":[],"fullName":"<Tabs /> functional behavior should have minimum dom structure for the tests below","location":null,"status":"passed","title":"should have minimum dom structure for the tests below"},{"ancestorTitles":["<Tabs /> functional behavior"],"failureMessages":[],"fullName":"<Tabs /> functional behavior should change the tab panel and execute callback on closed tab click","location":null,"status":"passed","title":"should change the tab panel and execute callback on closed tab click"}],"endTime":1575901611999,"message":"","name":"C:\\Data Backup\\js\\React\\demo-project-2\\lib\\components\\molecules\\Tabs\\tests\\Tabs.test.js","startTime":1575901611046,"status":"passed","summary":""},{"assertionResults":[{"ancestorTitles":["Form Component"],"failureMessages":[],"fullName":"Form Component should render select tag correctly","location":null,"status":"passed","title":"should render select tag correctly"},{"ancestorTitles":["Form Component"],"failureMessages":[],"fullName":"Form Component should render input text field","location":null,"status":"passed","title":"should render input text field"},{"ancestorTitles":["Form Component"],"failureMessages":[],"fullName":"Form Component should render select field","location":null,"status":"passed","title":"should render select field"},{"ancestorTitles":["Form Component"],"failureMessages":[],"fullName":"Form Component should render input field with yupValidationSchema","location":null,"status":"passed","title":"should render input field with yupValidationSchema"},{"ancestorTitles":["Form Component"],"failureMessages":[],"fullName":"Form Component should render input field with no validation","location":null,"status":"passed","title":"should render input field with no validation"},{"ancestorTitles":["Form Component"],"failureMessages":[],"fullName":"Form Component getSchema should return null if no params are passed","location":null,"status":"passed","title":"getSchema should return null if no params are passed"}],"endTime":1575901612446,"message":"","name":"C:\\Data Backup\\js\\React\\demo-project-2\\lib\\components\\molecules\\Form\\tests\\Form.test.js","startTime":1575901610997,"status":"passed","summary":""},{"assertionResults":[{"ancestorTitles":["<Breadcrumb />"],"failureMessages":[],"fullName":"<Breadcrumb /> should render correctly","location":null,"status":"passed","title":"should render correctly"}],"endTime":1575901613048,"message":"","name":"C:\\Data Backup\\js\\React\\demo-project-2\\lib\\components\\molecules\\Breadcrumb\\tests\\Breadcrumb.test.js","startTime":1575901607620,"status":"passed","summary":""},{"assertionResults":[{"ancestorTitles":["FieldInput Component"],"failureMessages":[],"fullName":"FieldInput Component should render correctly","location":null,"status":"passed","title":"should render correctly"},{"ancestorTitles":["FieldInput Component"],"failureMessages":[],"fullName":"FieldInput Component should render label correctly","location":null,"status":"pending","title":"should render label correctly"},{"ancestorTitles":["FieldInput Component"],"failureMessages":[],"fullName":"FieldInput Component should render select tag","location":null,"status":"pending","title":"should render select tag"}],"endTime":1575901613060,"message":"","name":"C:\\Data Backup\\js\\React\\demo-project-2\\lib\\components\\molecules\\Form\\FieldSelect\\tests\\FieldSelect.test.js","startTime":1575901612474,"status":"passed","summary":""},{"assertionResults":[{"ancestorTitles":["FieldTextarea Component"],"failureMessages":[],"fullName":"FieldTextarea Component should render correctly","location":null,"status":"passed","title":"should render correctly"},{"ancestorTitles":["FieldTextarea Component"],"failureMessages":[],"fullName":"FieldTextarea Component should render label correctly","location":null,"status":"pending","title":"should render label correctly"},{"ancestorTitles":["FieldTextarea Component"],"failureMessages":[],"fullName":"FieldTextarea Component should render textarea tag","location":null,"status":"pending","title":"should render textarea tag"}],"endTime":1575901613380,"message":"","name":"C:\\Data Backup\\js\\React\\demo-project-2\\lib\\components\\molecules\\Form\\FieldTextarea\\tests\\FieldTextarea.test.js","startTime":1575901612921,"status":"passed","summary":""},{"assertionResults":[{"ancestorTitles":["Button"],"failureMessages":[],"fullName":"Button should render correctly","location":null,"status":"passed","title":"should render correctly"}],"endTime":1575901613946,"message":"","name":"C:\\Data Backup\\js\\React\\demo-project-2\\lib\\components\\atoms\\Button\\tests\\Button.style.test.js","startTime":1575901613507,"status":"passed","summary":""},{"assertionResults":[{"ancestorTitles":["<Popover /> Rendering"],"failureMessages":[],"fullName":"<Popover /> Rendering should render correctly","location":null,"status":"passed","title":"should render correctly"},{"ancestorTitles":["Popover functional behavior"],"failureMessages":[],"fullName":"Popover functional behavior Should have Close Button By Default and can be closed","location":null,"status":"passed","title":"Should have Close Button By Default and can be closed"},{"ancestorTitles":["Popover functional behavior"],"failureMessages":[],"fullName":"Popover functional behavior Should open By Default when isVisible set to true","location":null,"status":"passed","title":"Should open By Default when isVisible set to true"},{"ancestorTitles":["Popover functional behavior"],"failureMessages":[],"fullName":"Popover functional behavior Should open and close on Trigger and X button click","location":null,"status":"passed","title":"Should open and close on Trigger and X button click"}],"endTime":1575901614003,"message":"","name":"C:\\Data Backup\\js\\React\\demo-project-2\\lib\\components\\molecules\\Popover\\tests\\Popover.test.js","startTime":1575901613516,"status":"passed","summary":""},{"assertionResults":[{"ancestorTitles":["FieldInput Component"],"failureMessages":[],"fullName":"FieldInput Component should render correctly","location":null,"status":"passed","title":"should render correctly"},{"ancestorTitles":["FieldInput Component"],"failureMessages":[],"fullName":"FieldInput Component should render label correctly","location":null,"status":"pending","title":"should render label correctly"},{"ancestorTitles":["FieldInput Component"],"failureMessages":[],"fullName":"FieldInput Component should render Input component with proper type","location":null,"status":"pending","title":"should render Input component with proper type"}],"endTime":1575901614218,"message":"","name":"C:\\Data Backup\\js\\React\\demo-project-2\\lib\\components\\molecules\\Form\\FieldInput\\tests\\FieldInput.test.js","startTime":1575901613794,"status":"passed","summary":""},{"assertionResults":[{"ancestorTitles":["Button Component"],"failureMessages":[],"fullName":"Button Component should render correctly","location":null,"status":"passed","title":"should render correctly"},{"ancestorTitles":["Button Component"],"failureMessages":[],"fullName":"Button Component should render disabled","location":null,"status":"passed","title":"should render disabled"},{"ancestorTitles":["Button Component"],"failureMessages":[],"fullName":"Button Component should render title element","location":null,"status":"passed","title":"should render title element"},{"ancestorTitles":["Button Component"],"failureMessages":[],"fullName":"Button Component should render aria attribute element","location":null,"status":"passed","title":"should render aria attribute element"},{"ancestorTitles":["Button Component"],"failureMessages":[],"fullName":"Button Component should check the data attribute of button","location":null,"status":"passed","title":"should check the data attribute of button"}],"endTime":1575901614717,"message":"","name":"C:\\Data Backup\\js\\React\\demo-project-2\\lib\\components\\atoms\\Button\\tests\\Button.test.js","startTime":1575901614321,"status":"passed","summary":""},{"assertionResults":[{"ancestorTitles":["<Tab />"],"failureMessages":[],"fullName":"<Tab /> should render correctly","location":null,"status":"passed","title":"should render correctly"}],"endTime":1575901614770,"message":"","name":"C:\\Data Backup\\js\\React\\demo-project-2\\lib\\components\\molecules\\Tabs\\Tab\\tests\\Tab.test.js","startTime":1575901614410,"status":"passed","summary":""},{"assertionResults":[{"ancestorTitles":["FieldError Component"],"failureMessages":[],"fullName":"FieldError Component should render correctly","location":null,"status":"passed","title":"should render correctly"},{"ancestorTitles":["FieldError Component"],"failureMessages":[],"fullName":"FieldError Component should check the element locator of field error","location":null,"status":"passed","title":"should check the element locator of field error"},{"ancestorTitles":["FieldError Component"],"failureMessages":[],"fullName":"FieldError Component should check the default slnid of field error","location":null,"status":"passed","title":"should check the default slnid of field error"}],"endTime":1575901615000,"message":"","name":"C:\\Data Backup\\js\\React\\demo-project-2\\lib\\components\\atoms\\FieldError\\tests\\FieldError.test.js","startTime":1575901614576,"status":"passed","summary":""},{"assertionResults":[{"ancestorTitles":["Modal Component"],"failureMessages":[],"fullName":"Modal Component should render Modal correctly","location":null,"status":"passed","title":"should render Modal correctly"}],"endTime":1575901615484,"message":"","name":"C:\\Data Backup\\js\\React\\demo-project-2\\lib\\components\\molecules\\Modal\\tests\\Modal.test.js","startTime":1575901615137,"status":"passed","summary":""},{"assertionResults":[{"ancestorTitles":["<ArticleThumbnail />"],"failureMessages":[],"fullName":"<ArticleThumbnail /> should render correctly with Readmore","location":null,"status":"passed","title":"should render correctly with Readmore"},{"ancestorTitles":["<ArticleThumbnail />"],"failureMessages":[],"fullName":"<ArticleThumbnail /> should render correctly with full clickable thumb","location":null,"status":"passed","title":"should render correctly with full clickable thumb"}],"endTime":1575901615552,"message":"","name":"C:\\Data Backup\\js\\React\\demo-project-2\\lib\\components\\molecules\\ArticleThumbnail\\tests\\ArticleThumbnail.test.js","startTime":1575901615174,"status":"passed","summary":""},{"assertionResults":[{"ancestorTitles":["Heading Component"],"failureMessages":[],"fullName":"Heading Component should render correctly and match snapshot","location":null,"status":"passed","title":"should render correctly and match snapshot"},{"ancestorTitles":["Heading Component"],"failureMessages":[],"fullName":"Heading Component should check the custom locator of heading","location":null,"status":"passed","title":"should check the custom locator of heading"},{"ancestorTitles":["Heading Component"],"failureMessages":[],"fullName":"Heading Component should check the default locator of heading","location":null,"status":"passed","title":"should check the default locator of heading"}],"endTime":1575901615677,"message":"","name":"C:\\Data Backup\\js\\React\\demo-project-2\\lib\\components\\atoms\\Heading\\tests\\Heading.test.js","startTime":1575901615327,"status":"passed","summary":""},{"assertionResults":[{"ancestorTitles":["Input Styled component"],"failureMessages":[],"fullName":"Input Styled component should render correctly","location":null,"status":"passed","title":"should render correctly"}],"endTime":1575901616183,"message":"","name":"C:\\Data Backup\\js\\React\\demo-project-2\\lib\\components\\atoms\\Input\\tests\\Input.style.test.js","startTime":1575901615834,"status":"passed","summary":""},{"assertionResults":[{"ancestorTitles":["InputChoiceVanilla Component"],"failureMessages":[],"fullName":"InputChoiceVanilla Component should render Radio button correctly","location":null,"status":"passed","title":"should render Radio button correctly"},{"ancestorTitles":["InputChoiceVanilla Component"],"failureMessages":[],"fullName":"InputChoiceVanilla Component should render checkbox correctly","location":null,"status":"passed","title":"should render checkbox correctly"},{"ancestorTitles":["InputChoiceVanilla Component"],"failureMessages":[],"fullName":"InputChoiceVanilla Component should render disabled","location":null,"status":"passed","title":"should render disabled"},{"ancestorTitles":["InputChoiceVanilla Component"],"failureMessages":[],"fullName":"InputChoiceVanilla Component should render checked","location":null,"status":"passed","title":"should render checked"}],"endTime":1575901616347,"message":"","name":"C:\\Data Backup\\js\\React\\demo-project-2\\lib\\components\\molecules\\InputChoice\\tests\\InputChoice.test.js","startTime":1575901615907,"status":"passed","summary":""},{"assertionResults":[{"ancestorTitles":["Select Styled component"],"failureMessages":[],"fullName":"Select Styled component should render correctly","location":null,"status":"passed","title":"should render correctly"}],"endTime":1575901616420,"message":"","name":"C:\\Data Backup\\js\\React\\demo-project-2\\lib\\components\\atoms\\Select\\tests\\Select.style.test.js","startTime":1575901616038,"status":"passed","summary":""},{"assertionResults":[{"ancestorTitles":["Select Styled component"],"failureMessages":[],"fullName":"Select Styled component should render correctly","location":null,"status":"passed","title":"should render correctly"}],"endTime":1575901616878,"message":"","name":"C:\\Data Backup\\js\\React\\demo-project-2\\lib\\components\\atoms\\Textarea\\tests\\Textarea.style.test.js","startTime":1575901616542,"status":"passed","summary":""},{"assertionResults":[{"ancestorTitles":["Input Component"],"failureMessages":[],"fullName":"Input Component should render correctly","location":null,"status":"passed","title":"should render correctly"},{"ancestorTitles":["Input Component"],"failureMessages":[],"fullName":"Input Component should check the data attribute of input","location":null,"status":"passed","title":"should check the data attribute of input"}],"endTime":1575901617099,"message":"","name":"C:\\Data Backup\\js\\React\\demo-project-2\\lib\\components\\atoms\\Input\\tests\\Input.test.js","startTime":1575901616783,"status":"passed","summary":""},{"assertionResults":[{"ancestorTitles":["Anchor Component"],"failureMessages":[],"fullName":"Anchor Component should render correctly and match snapshot","location":null,"status":"passed","title":"should render correctly and match snapshot"},{"ancestorTitles":["Anchor Component"],"failureMessages":[],"fullName":"Anchor Component Should handle on typeahead focuson Events","location":null,"status":"passed","title":"Should handle on typeahead focuson Events"},{"ancestorTitles":["Anchor Component"],"failureMessages":[],"fullName":"Anchor Component should check the data attribute of anchor","location":null,"status":"passed","title":"should check the data attribute of anchor"}],"endTime":1575901617113,"message":"","name":"C:\\Data Backup\\js\\React\\demo-project-2\\lib\\components\\atoms\\Anchor\\tests\\Anchor.test.js","startTime":1575901616734,"status":"passed","summary":""},{"assertionResults":[{"ancestorTitles":["Image Component with styles"],"failureMessages":[],"fullName":"Image Component with styles should render correctly and match snapshots","location":null,"status":"passed","title":"should render correctly and match snapshots"},{"ancestorTitles":["Image Component with styles"],"failureMessages":[],"fullName":"Image Component with styles should render correctly with lazy load","location":null,"status":"passed","title":"should render correctly with lazy load"}],"endTime":1575901617543,"message":"","name":"C:\\Data Backup\\js\\React\\demo-project-2\\lib\\components\\atoms\\Image\\tests\\Image.style.test.js","startTime":1575901617216,"status":"passed","summary":""},{"assertionResults":[{"ancestorTitles":["<Textarea />"],"failureMessages":[],"fullName":"<Textarea /> should render correctly","location":null,"status":"passed","title":"should render correctly"},{"ancestorTitles":["<Textarea />"],"failureMessages":[],"fullName":"<Textarea /> should check the data attribute of textarea","location":null,"status":"passed","title":"should check the data attribute of textarea"}],"endTime":1575901617756,"message":"","name":"C:\\Data Backup\\js\\React\\demo-project-2\\lib\\components\\atoms\\Textarea\\tests\\Textarea.test.js","startTime":1575901617446,"status":"passed","summary":""},{"assertionResults":[{"ancestorTitles":["Para Component"],"failureMessages":[],"fullName":"Para Component should render correctly and match snapshot","location":null,"status":"passed","title":"should render correctly and match snapshot"},{"ancestorTitles":["Para Component"],"failureMessages":[],"fullName":"Para Component should check the data attribute of para","location":null,"status":"passed","title":"should check the data attribute of para"}],"endTime":1575901617773,"message":"","name":"C:\\Data Backup\\js\\React\\demo-project-2\\lib\\components\\atoms\\Para\\tests\\Para.test.js","startTime":1575901617451,"status":"passed","summary":""},{"assertionResults":[{"ancestorTitles":["<TabPanel />"],"failureMessages":[],"fullName":"<TabPanel /> should render correctly","location":null,"status":"passed","title":"should render correctly"}],"endTime":1575901618169,"message":"","name":"C:\\Data Backup\\js\\React\\demo-project-2\\lib\\components\\molecules\\Tabs\\TabPanel\\tests\\TabPanel.test.js","startTime":1575901617899,"status":"passed","summary":""},{"assertionResults":[{"ancestorTitles":["<List />"],"failureMessages":[],"fullName":"<List /> should render default view correctly","location":null,"status":"passed","title":"should render default view correctly"}],"endTime":1575901618420,"message":"","name":"C:\\Data Backup\\js\\React\\demo-project-2\\lib\\components\\molecules\\List\\tests\\List.test.js","startTime":1575901618132,"status":"passed","summary":""},{"assertionResults":[{"ancestorTitles":["Image Component"],"failureMessages":[],"fullName":"Image Component should render correctly and match snapshots","location":null,"status":"passed","title":"should render correctly and match snapshots"},{"ancestorTitles":["Image Component"],"failureMessages":[],"fullName":"Image Component should change image src on error","location":null,"status":"passed","title":"should change image src on error"},{"ancestorTitles":["Image Component"],"failureMessages":[],"fullName":"Image Component should check the data attribute of image","location":null,"status":"passed","title":"should check the data attribute of image"},{"ancestorTitles":["Image Component"],"failureMessages":[],"fullName":"Image Component should check the default locator of image","location":null,"status":"passed","title":"should check the default locator of image"}],"endTime":1575901618429,"message":"","name":"C:\\Data Backup\\js\\React\\demo-project-2\\lib\\components\\atoms\\Image\\tests\\Image.test.js","startTime":1575901618119,"status":"passed","summary":""},{"assertionResults":[{"ancestorTitles":["Select Component"],"failureMessages":[],"fullName":"Select Component should render correctly","location":null,"status":"passed","title":"should render correctly"},{"ancestorTitles":["Select Component"],"failureMessages":[],"fullName":"Select Component should check the data attribute of dropdown/select","location":null,"status":"passed","title":"should check the data attribute of dropdown/select"}],"endTime":1575901618797,"message":"","name":"C:\\Data Backup\\js\\React\\demo-project-2\\lib\\components\\atoms\\Select\\tests\\Select.test.js","startTime":1575901618495,"status":"passed","summary":""},{"assertionResults":[{"ancestorTitles":["Label Component"],"failureMessages":[],"fullName":"Label Component should render correctly","location":null,"status":"passed","title":"should render correctly"},{"ancestorTitles":["Label Component"],"failureMessages":[],"fullName":"Label Component should check the data attribute of label","location":null,"status":"passed","title":"should check the data attribute of label"}],"endTime":1575901619056,"message":"","name":"C:\\Data Backup\\js\\React\\demo-project-2\\lib\\components\\atoms\\Label\\tests\\Label.test.js","startTime":1575901618774,"status":"passed","summary":""},{"assertionResults":[{"ancestorTitles":["Debug"],"failureMessages":[],"fullName":"Debug should render correctly","location":null,"status":"passed","title":"should render correctly"}],"endTime":1575901619100,"message":"","name":"C:\\Data Backup\\js\\React\\demo-project-2\\lib\\components\\molecules\\Form\\Debug\\tests\\Debug.test.js","startTime":1575901618769,"status":"passed","summary":""}],"wasInterrupted":false,"coverageMap":{"C:\\Data Backup\\js\\React\\demo-project-2\\lib\\components\\atoms\\Blockquote\\Blockquote.js":{"path":"C:\\Data Backup\\js\\React\\demo-project-2\\lib\\components\\atoms\\Blockquote\\Blockquote.js","statementMap":{"0":{"start":{"line":13,"column":19},"end":{"line":18,"column":1}},"1":{"start":{"line":14,"column":2},"end":{"line":17,"column":15}},"2":{"start":{"line":20,"column":0},"end":{"line":24,"column":2}}},"fnMap":{"0":{"name":"(anonymous_0)","decl":{"start":{"line":13,"column":19},"end":{"line":13,"column":20}},"loc":{"start":{"line":14,"column":2},"end":{"line":17,"column":15}},"line":14}},"branchMap":{},"s":{"0":2,"1":5,"2":2},"f":{"0":5},"b":{},"_coverageSchema":"43e27e138ebf9cfc5966b082cf9a028302ed4184","hash":"e73ad69fdb0007c7b1f4ca6ec813064054ca9e1f"},"C:\\Data Backup\\js\\React\\demo-project-2\\lib\\components\\atoms\\Blockquote\\Blockquote.style.js":{"path":"C:\\Data Backup\\js\\React\\demo-project-2\\lib\\components\\atoms\\Blockquote\\Blockquote.style.js","statementMap":{"0":{"start":{"line":3,"column":15},"end":{"line":34,"column":1}},"1":{"start":{"line":5,"column":13},"end":{"line":7,"column":5}},"2":{"start":{"line":9,"column":15},"end":{"line":12,"column":7}},"3":{"start":{"line":16,"column":15},"end":{"line":19,"column":5}},"4":{"start":{"line":27,"column":15},"end":{"line":31,"column":5}},"5":{"start":{"line":33,"column":14},"end":{"line":33,"column":64}}},"fnMap":{"0":{"name":"(anonymous_0)","decl":{"start":{"line":5,"column":4},"end":{"line":5,"column":5}},"loc":{"start":{"line":5,"column":13},"end":{"line":7,"column":5}},"line":5},"1":{"name":"(anonymous_1)","decl":{"start":{"line":9,"column":6},"end":{"line":9,"column":7}},"loc":{"start":{"line":9,"column":15},"end":{"line":12,"column":7}},"line":9},"2":{"name":"(anonymous_2)","decl":{"start":{"line":16,"column":6},"end":{"line":16,"column":7}},"loc":{"start":{"line":16,"column":15},"end":{"line":19,"column":5}},"line":16},"3":{"name":"(anonymous_3)","decl":{"start":{"line":27,"column":6},"end":{"line":27,"column":7}},"loc":{"start":{"line":27,"column":15},"end":{"line":31,"column":5}},"line":27},"4":{"name":"(anonymous_4)","decl":{"start":{"line":33,"column":4},"end":{"line":33,"column":5}},"loc":{"start":{"line":33,"column":14},"end":{"line":33,"column":64}},"line":33}},"branchMap":{"0":{"loc":{"start":{"line":33,"column":14},"end":{"line":33,"column":64}},"type":"cond-expr","locations":[{"start":{"line":33,"column":38},"end":{"line":33,"column":59}},{"start":{"line":33,"column":62},"end":{"line":33,"column":64}}],"line":33}},"s":{"0":2,"1":0,"2":0,"3":0,"4":0,"5":0},"f":{"0":0,"1":0,"2":0,"3":0,"4":0},"b":{"0":[0,0]},"_coverageSchema":"43e27e138ebf9cfc5966b082cf9a028302ed4184","hash":"322a8da525d866a178c98f3540e4c2e577d83469"},"C:\\Data Backup\\js\\React\\demo-project-2\\lib\\components\\atoms\\Heading\\Heading.js":{"path":"C:\\Data Backup\\js\\React\\demo-project-2\\lib\\components\\atoms\\Heading\\Heading.js","statementMap":{"0":{"start":{"line":17,"column":16},"end":{"line":32,"column":1}},"1":{"start":{"line":25,"column":2},"end":{"line":31,"column":16}},"2":{"start":{"line":34,"column":0},"end":{"line":38,"column":2}}},"fnMap":{"0":{"name":"(anonymous_0)","decl":{"start":{"line":17,"column":16},"end":{"line":17,"column":17}},"loc":{"start":{"line":25,"column":2},"end":{"line":31,"column":16}},"line":25}},"branchMap":{"0":{"loc":{"start":{"line":20,"column":2},"end":{"line":20,"column":20}},"type":"default-arg","locations":[{"start":{"line":20,"column":16},"end":{"line":20,"column":20}}],"line":20},"1":{"loc":{"start":{"line":27,"column":18},"end":{"line":27,"column":94}},"type":"binary-expr","locations":[{"start":{"line":27,"column":18},"end":{"line":27,"column":32}},{"start":{"line":27,"column":36},"end":{"line":27,"column":94}}],"line":27}},"s":{"0":2,"1":3,"2":2},"f":{"0":3},"b":{"0":[0],"1":[3,2]},"_coverageSchema":"43e27e138ebf9cfc5966b082cf9a028302ed4184","hash":"58d79057a3bd4c053e0047467a323c65388a74c2"},"C:\\Data Backup\\js\\React\\demo-project-2\\lib\\core\\utils\\elementLocator.js":{"path":"C:\\Data Backup\\js\\React\\demo-project-2\\lib\\core\\utils\\elementLocator.js","statementMap":{"0":{"start":{"line":4,"column":36},"end":{"line":20,"column":1}},"1":{"start":{"line":5,"column":14},"end":{"line":5,"column":16}},"2":{"start":{"line":7,"column":2},"end":{"line":18,"column":5}},"3":{"start":{"line":8,"column":24},"end":{"line":8,"column":29}},"4":{"start":{"line":10,"column":4},"end":{"line":16,"column":5}},"5":{"start":{"line":11,"column":6},"end":{"line":15,"column":9}},"6":{"start":{"line":12,"column":8},"end":{"line":12,"column":78}},"7":{"start":{"line":13,"column":8},"end":{"line":13,"column":51}},"8":{"start":{"line":13,"column":30},"end":{"line":13,"column":51}},"9":{"start":{"line":14,"column":8},"end":{"line":14,"column":29}},"10":{"start":{"line":17,"column":4},"end":{"line":17,"column":45}},"11":{"start":{"line":19,"column":2},"end":{"line":19,"column":29}}},"fnMap":{"0":{"name":"(anonymous_0)","decl":{"start":{"line":4,"column":36},"end":{"line":4,"column":37}},"loc":{"start":{"line":4,"column":48},"end":{"line":20,"column":1}},"line":4},"1":{"name":"(anonymous_1)","decl":{"start":{"line":7,"column":34},"end":{"line":7,"column":35}},"loc":{"start":{"line":7,"column":57},"end":{"line":18,"column":3}},"line":7},"2":{"name":"(anonymous_2)","decl":{"start":{"line":11,"column":28},"end":{"line":11,"column":29}},"loc":{"start":{"line":11,"column":51},"end":{"line":15,"column":7}},"line":11}},"branchMap":{"0":{"loc":{"start":{"line":10,"column":4},"end":{"line":16,"column":5}},"type":"if","locations":[{"start":{"line":10,"column":4},"end":{"line":16,"column":5}},{"start":{"line":10,"column":4},"end":{"line":16,"column":5}}],"line":10},"1":{"loc":{"start":{"line":12,"column":20},"end":{"line":12,"column":67}},"type":"cond-expr","locations":[{"start":{"line":12,"column":59},"end":{"line":12,"column":61}},{"start":{"line":12,"column":64},"end":{"line":12,"column":67}}],"line":12},"2":{"loc":{"start":{"line":12,"column":20},"end":{"line":12,"column":56}},"type":"binary-expr","locations":[{"start":{"line":12,"column":20},"end":{"line":12,"column":36}},{"start":{"line":12,"column":40},"end":{"line":12,"column":56}}],"line":12},"3":{"loc":{"start":{"line":13,"column":8},"end":{"line":13,"column":51}},"type":"if","locations":[{"start":{"line":13,"column":8},"end":{"line":13,"column":51}},{"start":{"line":13,"column":8},"end":{"line":13,"column":51}}],"line":13},"4":{"loc":{"start":{"line":17,"column":11},"end":{"line":17,"column":44}},"type":"binary-expr","locations":[{"start":{"line":17,"column":11},"end":{"line":17,"column":24}},{"start":{"line":17,"column":28},"end":{"line":17,"column":44}}],"line":17}},"s":{"0":18,"1":26,"2":26,"3":25,"4":25,"5":25,"6":38,"7":38,"8":13,"9":38,"10":25,"11":26},"f":{"0":26,"1":25,"2":38},"b":{"0":[25,0],"1":[25,13],"2":[38,38],"3":[13,25],"4":[25,12]},"_coverageSchema":"43e27e138ebf9cfc5966b082cf9a028302ed4184","hash":"178162b9030fcf01e2a0ee9741950348ee5291dc"},"C:\\Data Backup\\js\\React\\demo-project-2\\lib\\components\\atoms\\Heading\\Heading.style.js":{"path":"C:\\Data Backup\\js\\React\\demo-project-2\\lib\\components\\atoms\\Heading\\Heading.style.js","statementMap":{"0":{"start":{"line":5,"column":4},"end":{"line":16,"column":5}},"1":{"start":{"line":7,"column":8},"end":{"line":7,"column":46}},"2":{"start":{"line":9,"column":8},"end":{"line":9,"column":46}},"3":{"start":{"line":11,"column":8},"end":{"line":11,"column":46}},"4":{"start":{"line":13,"column":8},"end":{"line":13,"column":46}},"5":{"start":{"line":15,"column":8},"end":{"line":15,"column":51}},"6":{"start":{"line":18,"column":14},"end":{"line":18,"column":64}}},"fnMap":{"0":{"name":"(anonymous_0)","decl":{"start":{"line":4,"column":4},"end":{"line":4,"column":5}},"loc":{"start":{"line":4,"column":13},"end":{"line":17,"column":3}},"line":4},"1":{"name":"(anonymous_1)","decl":{"start":{"line":18,"column":4},"end":{"line":18,"column":5}},"loc":{"start":{"line":18,"column":14},"end":{"line":18,"column":64}},"line":18}},"branchMap":{"0":{"loc":{"start":{"line":5,"column":4},"end":{"line":16,"column":5}},"type":"switch","locations":[{"start":{"line":6,"column":6},"end":{"line":7,"column":46}},{"start":{"line":8,"column":6},"end":{"line":9,"column":46}},{"start":{"line":10,"column":6},"end":{"line":11,"column":46}},{"start":{"line":12,"column":6},"end":{"line":13,"column":46}},{"start":{"line":14,"column":6},"end":{"line":15,"column":51}}],"line":5},"1":{"loc":{"start":{"line":18,"column":14},"end":{"line":18,"column":64}},"type":"cond-expr","locations":[{"start":{"line":18,"column":38},"end":{"line":18,"column":59}},{"start":{"line":18,"column":62},"end":{"line":18,"column":64}}],"line":18}},"s":{"0":0,"1":0,"2":0,"3":0,"4":0,"5":0,"6":0},"f":{"0":0,"1":0},"b":{"0":[0,0,0,0,0],"1":[0,0]},"_coverageSchema":"43e27e138ebf9cfc5966b082cf9a028302ed4184","hash":"6032e37eba8f6dfbd9aa82dae9a8fb6da13d3372"},"C:\\Data Backup\\js\\React\\demo-project-2\\lib\\components\\molecules\\QuoteMedia\\QuoteMedia.js":{"path":"C:\\Data Backup\\js\\React\\demo-project-2\\lib\\components\\molecules\\QuoteMedia\\QuoteMedia.js","statementMap":{"0":{"start":{"line":16,"column":19},"end":{"line":33,"column":1}},"1":{"start":{"line":26,"column":2},"end":{"line":32,"column":8}},"2":{"start":{"line":35,"column":0},"end":{"line":39,"column":2}}},"fnMap":{"0":{"name":"(anonymous_0)","decl":{"start":{"line":16,"column":19},"end":{"line":16,"column":20}},"loc":{"start":{"line":26,"column":2},"end":{"line":32,"column":8}},"line":26}},"branchMap":{"0":{"loc":{"start":{"line":30,"column":5},"end":{"line":30,"column":77}},"type":"binary-expr","locations":[{"start":{"line":30,"column":5},"end":{"line":30,"column":17}},{"start":{"line":30,"column":21},"end":{"line":30,"column":77}}],"line":30}},"s":{"0":1,"1":5,"2":1},"f":{"0":5},"b":{"0":[5,5]},"_coverageSchema":"43e27e138ebf9cfc5966b082cf9a028302ed4184","hash":"880b1694ab28ea0f4c09133e95c4c9757b557cb7"},"C:\\Data Backup\\js\\React\\demo-project-2\\lib\\components\\molecules\\QuoteMedia\\QuoteMedia.style.js":{"path":"C:\\Data Backup\\js\\React\\demo-project-2\\lib\\components\\molecules\\QuoteMedia\\QuoteMedia.style.js","statementMap":{"0":{"start":{"line":3,"column":15},"end":{"line":20,"column":1}},"1":{"start":{"line":7,"column":15},"end":{"line":10,"column":5}},"2":{"start":{"line":14,"column":15},"end":{"line":16,"column":3}},"3":{"start":{"line":19,"column":14},"end":{"line":19,"column":64}}},"fnMap":{"0":{"name":"(anonymous_0)","decl":{"start":{"line":7,"column":6},"end":{"line":7,"column":7}},"loc":{"start":{"line":7,"column":15},"end":{"line":10,"column":5}},"line":7},"1":{"name":"(anonymous_1)","decl":{"start":{"line":14,"column":6},"end":{"line":14,"column":7}},"loc":{"start":{"line":14,"column":15},"end":{"line":16,"column":3}},"line":14},"2":{"name":"(anonymous_2)","decl":{"start":{"line":19,"column":4},"end":{"line":19,"column":5}},"loc":{"start":{"line":19,"column":14},"end":{"line":19,"column":64}},"line":19}},"branchMap":{"0":{"loc":{"start":{"line":19,"column":14},"end":{"line":19,"column":64}},"type":"cond-expr","locations":[{"start":{"line":19,"column":38},"end":{"line":19,"column":59}},{"start":{"line":19,"column":62},"end":{"line":19,"column":64}}],"line":19}},"s":{"0":1,"1":0,"2":0,"3":0},"f":{"0":0,"1":0,"2":0},"b":{"0":[0,0]},"_coverageSchema":"43e27e138ebf9cfc5966b082cf9a028302ed4184","hash":"a23dc70d0d032b88b3d19d8daee7f251b238446d"},"C:\\Data Backup\\js\\React\\demo-project-2\\lib\\components\\molecules\\List\\index.js":{"path":"C:\\Data Backup\\js\\React\\demo-project-2\\lib\\components\\molecules\\List\\index.js","statementMap":{},"fnMap":{},"branchMap":{},"s":{},"f":{},"b":{},"_coverageSchema":"43e27e138ebf9cfc5966b082cf9a028302ed4184","hash":"4d2373d32ff829142a39e80f997d3521ca4edbe5"},"C:\\Data Backup\\js\\React\\demo-project-2\\lib\\components\\molecules\\List\\List.js":{"path":"C:\\Data Backup\\js\\React\\demo-project-2\\lib\\components\\molecules\\List\\List.js","statementMap":{"0":{"start":{"line":26,"column":13},"end":{"line":30,"column":1}},"1":{"start":{"line":27,"column":2},"end":{"line":29,"column":13}},"2":{"start":{"line":32,"column":0},"end":{"line":41,"column":2}}},"fnMap":{"0":{"name":"(anonymous_0)","decl":{"start":{"line":26,"column":13},"end":{"line":26,"column":14}},"loc":{"start":{"line":27,"column":2},"end":{"line":29,"column":13}},"line":27}},"branchMap":{"0":{"loc":{"start":{"line":26,"column":27},"end":{"line":26,"column":42}},"type":"default-arg","locations":[{"start":{"line":26,"column":38},"end":{"line":26,"column":42}}],"line":26}},"s":{"0":3,"1":8,"2":3},"f":{"0":8},"b":{"0":[0]},"_coverageSchema":"43e27e138ebf9cfc5966b082cf9a028302ed4184","hash":"20b81aa488dc93f21331b72d864ad62f1aae0e72"},"C:\\Data Backup\\js\\React\\demo-project-2\\lib\\components\\molecules\\List\\List.style.js":{"path":"C:\\Data Backup\\js\\React\\demo-project-2\\lib\\components\\molecules\\List\\List.style.js","statementMap":{"0":{"start":{"line":4,"column":25},"end":{"line":4,"column":51}},"1":{"start":{"line":6,"column":30},"end":{"line":6,"column":56}},"2":{"start":{"line":9,"column":4},"end":{"line":15,"column":10}},"3":{"start":{"line":18,"column":4},"end":{"line":24,"column":10}},"4":{"start":{"line":27,"column":4},"end":{"line":32,"column":10}},"5":{"start":{"line":35,"column":4},"end":{"line":42,"column":10}},"6":{"start":{"line":45,"column":4},"end":{"line":61,"column":10}},"7":{"start":{"line":63,"column":14},"end":{"line":63,"column":64}}},"fnMap":{"0":{"name":"(anonymous_0)","decl":{"start":{"line":4,"column":16},"end":{"line":4,"column":17}},"loc":{"start":{"line":4,"column":25},"end":{"line":4,"column":51}},"line":4},"1":{"name":"(anonymous_1)","decl":{"start":{"line":6,"column":21},"end":{"line":6,"column":22}},"loc":{"start":{"line":6,"column":30},"end":{"line":6,"column":56}},"line":6},"2":{"name":"(anonymous_2)","decl":{"start":{"line":8,"column":4},"end":{"line":8,"column":5}},"loc":{"start":{"line":9,"column":4},"end":{"line":15,"column":10}},"line":9},"3":{"name":"(anonymous_3)","decl":{"start":{"line":17,"column":4},"end":{"line":17,"column":5}},"loc":{"start":{"line":18,"column":4},"end":{"line":24,"column":10}},"line":18},"4":{"name":"(anonymous_4)","decl":{"start":{"line":26,"column":4},"end":{"line":26,"column":5}},"loc":{"start":{"line":27,"column":4},"end":{"line":32,"column":10}},"line":27},"5":{"name":"(anonymous_5)","decl":{"start":{"line":34,"column":4},"end":{"line":34,"column":5}},"loc":{"start":{"line":35,"column":4},"end":{"line":42,"column":10}},"line":35},"6":{"name":"(anonymous_6)","decl":{"start":{"line":44,"column":4},"end":{"line":44,"column":5}},"loc":{"start":{"line":45,"column":4},"end":{"line":61,"column":10}},"line":45},"7":{"name":"(anonymous_7)","decl":{"start":{"line":63,"column":4},"end":{"line":63,"column":5}},"loc":{"start":{"line":63,"column":14},"end":{"line":63,"column":64}},"line":63}},"branchMap":{"0":{"loc":{"start":{"line":9,"column":4},"end":{"line":15,"column":10}},"type":"cond-expr","locations":[{"start":{"line":10,"column":8},"end":{"line":14,"column":7}},{"start":{"line":15,"column":8},"end":{"line":15,"column":10}}],"line":9},"1":{"loc":{"start":{"line":18,"column":4},"end":{"line":24,"column":10}},"type":"cond-expr","locations":[{"start":{"line":19,"column":8},"end":{"line":23,"column":7}},{"start":{"line":24,"column":8},"end":{"line":24,"column":10}}],"line":18},"2":{"loc":{"start":{"line":27,"column":4},"end":{"line":32,"column":10}},"type":"cond-expr","locations":[{"start":{"line":28,"column":8},"end":{"line":31,"column":7}},{"start":{"line":32,"column":8},"end":{"line":32,"column":10}}],"line":27},"3":{"loc":{"start":{"line":35,"column":4},"end":{"line":42,"column":10}},"type":"cond-expr","locations":[{"start":{"line":36,"column":8},"end":{"line":41,"column":7}},{"start":{"line":42,"column":8},"end":{"line":42,"column":10}}],"line":35},"4":{"loc":{"start":{"line":45,"column":4},"end":{"line":61,"column":10}},"type":"cond-expr","locations":[{"start":{"line":46,"column":8},"end":{"line":60,"column":7}},{"start":{"line":61,"column":8},"end":{"line":61,"column":10}}],"line":45},"5":{"loc":{"start":{"line":63,"column":14},"end":{"line":63,"column":64}},"type":"cond-expr","locations":[{"start":{"line":63,"column":38},"end":{"line":63,"column":59}},{"start":{"line":63,"column":62},"end":{"line":63,"column":64}}],"line":63}},"s":{"0":7,"1":7,"2":7,"3":7,"4":7,"5":7,"6":7,"7":7},"f":{"0":7,"1":7,"2":7,"3":7,"4":7,"5":7,"6":7,"7":7},"b":{"0":[0,7],"1":[3,4],"2":[3,4],"3":[3,4],"4":[0,7],"5":[0,7]},"_coverageSchema":"43e27e138ebf9cfc5966b082cf9a028302ed4184","hash":"93095fc85ba6759b81eefa7578f0a9c5df79733e"},"C:\\Data Backup\\js\\React\\demo-project-2\\lib\\components\\molecules\\Tabs\\index.js":{"path":"C:\\Data Backup\\js\\React\\demo-project-2\\lib\\components\\molecules\\Tabs\\index.js","statementMap":{},"fnMap":{},"branchMap":{},"s":{},"f":{},"b":{},"_coverageSchema":"43e27e138ebf9cfc5966b082cf9a028302ed4184","hash":"bed070383569d8aab493447131bbaa919d49f03a"},"C:\\Data Backup\\js\\React\\demo-project-2\\lib\\components\\molecules\\Tabs\\Tabs.js":{"path":"C:\\Data Backup\\js\\React\\demo-project-2\\lib\\components\\molecules\\Tabs\\Tabs.js","statementMap":{"0":{"start":{"line":19,"column":4},"end":{"line":19,"column":17}},"1":{"start":{"line":20,"column":4},"end":{"line":20,"column":63}},"2":{"start":{"line":24,"column":37},"end":{"line":24,"column":47}},"3":{"start":{"line":25,"column":4},"end":{"line":25,"column":37}},"4":{"start":{"line":28,"column":20},"end":{"line":36,"column":3}},"5":{"start":{"line":29,"column":28},"end":{"line":29,"column":38}},"6":{"start":{"line":30,"column":4},"end":{"line":32,"column":7}},"7":{"start":{"line":33,"column":4},"end":{"line":35,"column":5}},"8":{"start":{"line":34,"column":6},"end":{"line":34,"column":25}},"9":{"start":{"line":38,"column":13},"end":{"line":47,"column":3}},"10":{"start":{"line":39,"column":4},"end":{"line":39,"column":23}},"11":{"start":{"line":40,"column":30},"end":{"line":40,"column":40}},"12":{"start":{"line":42,"column":4},"end":{"line":44,"column":5}},"13":{"start":{"line":43,"column":6},"end":{"line":43,"column":13}},"14":{"start":{"line":46,"column":4},"end":{"line":46,"column":32}},"15":{"start":{"line":49,"column":15},"end":{"line":70,"column":3}},"16":{"start":{"line":50,"column":4},"end":{"line":54,"column":5}},"17":{"start":{"line":51,"column":6},"end":{"line":51,"column":25}},"18":{"start":{"line":53,"column":6},"end":{"line":53,"column":13}},"19":{"start":{"line":56,"column":30},"end":{"line":56,"column":40}},"20":{"start":{"line":57,"column":28},"end":{"line":57,"column":38}},"21":{"start":{"line":61,"column":4},"end":{"line":67,"column":5}},"22":{"start":{"line":62,"column":6},"end":{"line":62,"column":38}},"23":{"start":{"line":63,"column":11},"end":{"line":67,"column":5}},"24":{"start":{"line":64,"column":6},"end":{"line":64,"column":38}},"25":{"start":{"line":66,"column":6},"end":{"line":66,"column":13}},"26":{"start":{"line":69,"column":4},"end":{"line":69,"column":38}},"27":{"start":{"line":82,"column":8},"end":{"line":82,"column":18}},"28":{"start":{"line":83,"column":30},"end":{"line":83,"column":40}},"29":{"start":{"line":84,"column":24},"end":{"line":88,"column":5}},"30":{"start":{"line":89,"column":4},"end":{"line":124,"column":6}},"31":{"start":{"line":95,"column":16},"end":{"line":105,"column":22}},"32":{"start":{"line":112,"column":14},"end":{"line":120,"column":25}},"33":{"start":{"line":128,"column":0},"end":{"line":136,"column":2}}},"fnMap":{"0":{"name":"(anonymous_0)","decl":{"start":{"line":18,"column":2},"end":{"line":18,"column":3}},"loc":{"start":{"line":18,"column":21},"end":{"line":21,"column":3}},"line":18},"1":{"name":"(anonymous_1)","decl":{"start":{"line":23,"column":2},"end":{"line":23,"column":3}},"loc":{"start":{"line":23,"column":24},"end":{"line":26,"column":3}},"line":23},"2":{"name":"(anonymous_2)","decl":{"start":{"line":28,"column":20},"end":{"line":28,"column":21}},"loc":{"start":{"line":28,"column":39},"end":{"line":36,"column":3}},"line":28},"3":{"name":"(anonymous_3)","decl":{"start":{"line":38,"column":13},"end":{"line":38,"column":14}},"loc":{"start":{"line":38,"column":53},"end":{"line":47,"column":3}},"line":38},"4":{"name":"(anonymous_4)","decl":{"start":{"line":49,"column":15},"end":{"line":49,"column":16}},"loc":{"start":{"line":49,"column":48},"end":{"line":70,"column":3}},"line":49},"5":{"name":"(anonymous_5)","decl":{"start":{"line":72,"column":2},"end":{"line":72,"column":3}},"loc":{"start":{"line":72,"column":11},"end":{"line":125,"column":3}},"line":72},"6":{"name":"(anonymous_6)","decl":{"start":{"line":94,"column":30},"end":{"line":94,"column":31}},"loc":{"start":{"line":95,"column":16},"end":{"line":105,"column":22}},"line":95},"7":{"name":"(anonymous_7)","decl":{"start":{"line":111,"column":28},"end":{"line":111,"column":29}},"loc":{"start":{"line":112,"column":14},"end":{"line":120,"column":25}},"line":112}},"branchMap":{"0":{"loc":{"start":{"line":25,"column":11},"end":{"line":25,"column":36}},"type":"binary-expr","locations":[{"start":{"line":25,"column":11},"end":{"line":25,"column":31}},{"start":{"line":25,"column":35},"end":{"line":25,"column":36}}],"line":25},"1":{"loc":{"start":{"line":33,"column":4},"end":{"line":35,"column":5}},"type":"if","locations":[{"start":{"line":33,"column":4},"end":{"line":35,"column":5}},{"start":{"line":33,"column":4},"end":{"line":35,"column":5}}],"line":33},"2":{"loc":{"start":{"line":42,"column":4},"end":{"line":44,"column":5}},"type":"if","locations":[{"start":{"line":42,"column":4},"end":{"line":44,"column":5}},{"start":{"line":42,"column":4},"end":{"line":44,"column":5}}],"line":42},"3":{"loc":{"start":{"line":50,"column":4},"end":{"line":54,"column":5}},"type":"if","locations":[{"start":{"line":50,"column":4},"end":{"line":54,"column":5}},{"start":{"line":50,"column":4},"end":{"line":54,"column":5}}],"line":50},"4":{"loc":{"start":{"line":50,"column":8},"end":{"line":50,"column":53}},"type":"binary-expr","locations":[{"start":{"line":50,"column":8},"end":{"line":50,"column":28}},{"start":{"line":50,"column":32},"end":{"line":50,"column":53}}],"line":50},"5":{"loc":{"start":{"line":61,"column":4},"end":{"line":67,"column":5}},"type":"if","locations":[{"start":{"line":61,"column":4},"end":{"line":67,"column":5}},{"start":{"line":61,"column":4},"end":{"line":67,"column":5}}],"line":61},"6":{"loc":{"start":{"line":61,"column":8},"end":{"line":61,"column":49}},"type":"binary-expr","locations":[{"start":{"line":61,"column":8},"end":{"line":61,"column":28}},{"start":{"line":61,"column":32},"end":{"line":61,"column":49}}],"line":61},"7":{"loc":{"start":{"line":63,"column":11},"end":{"line":67,"column":5}},"type":"if","locations":[{"start":{"line":63,"column":11},"end":{"line":67,"column":5}},{"start":{"line":63,"column":11},"end":{"line":67,"column":5}}],"line":63},"8":{"loc":{"start":{"line":63,"column":15},"end":{"line":63,"column":78}},"type":"binary-expr","locations":[{"start":{"line":63,"column":15},"end":{"line":63,"column":36}},{"start":{"line":63,"column":40},"end":{"line":63,"column":78}}],"line":63},"9":{"loc":{"start":{"line":93,"column":13},"end":{"line":106,"column":16}},"type":"binary-expr","locations":[{"start":{"line":93,"column":13},"end":{"line":93,"column":24}},{"start":{"line":94,"column":14},"end":{"line":106,"column":16}}],"line":93},"10":{"loc":{"start":{"line":96,"column":29},"end":{"line":96,"column":52}},"type":"binary-expr","locations":[{"start":{"line":96,"column":29},"end":{"line":96,"column":46}},{"start":{"line":96,"column":50},"end":{"line":96,"column":52}}],"line":96},"11":{"loc":{"start":{"line":110,"column":11},"end":{"line":121,"column":14}},"type":"binary-expr","locations":[{"start":{"line":110,"column":11},"end":{"line":110,"column":22}},{"start":{"line":111,"column":12},"end":{"line":121,"column":14}}],"line":110},"12":{"loc":{"start":{"line":113,"column":27},"end":{"line":113,"column":52}},"type":"binary-expr","locations":[{"start":{"line":113,"column":27},"end":{"line":113,"column":46}},{"start":{"line":113,"column":50},"end":{"line":113,"column":52}}],"line":113}},"s":{"0":3,"1":3,"2":3,"3":3,"4":3,"5":1,"6":1,"7":1,"8":1,"9":3,"10":1,"11":1,"12":1,"13":0,"14":1,"15":3,"16":0,"17":0,"18":0,"19":0,"20":0,"21":0,"22":0,"23":0,"24":0,"25":0,"26":0,"27":4,"28":4,"29":4,"30":4,"31":8,"32":8,"33":1},"f":{"0":3,"1":3,"2":1,"3":1,"4":0,"5":4,"6":8,"7":8},"b":{"0":[3,3],"1":[1,0],"2":[0,1],"3":[0,0],"4":[0,0],"5":[0,0],"6":[0,0],"7":[0,0],"8":[0,0],"9":[4,4],"10":[8,8],"11":[4,4],"12":[8,8]},"_coverageSchema":"43e27e138ebf9cfc5966b082cf9a028302ed4184","hash":"4e8c0423fea7b23d11a59137eb5085c98ae10b69"},"C:\\Data Backup\\js\\React\\demo-project-2\\lib\\components\\molecules\\Tabs\\Tabs.style.js":{"path":"C:\\Data Backup\\js\\React\\demo-project-2\\lib\\components\\molecules\\Tabs\\Tabs.style.js","statementMap":{"0":{"start":{"line":4,"column":14},"end":{"line":4,"column":95}},"1":{"start":{"line":6,"column":4},"end":{"line":6,"column":94}},"2":{"start":{"line":7,"column":14},"end":{"line":7,"column":64}}},"fnMap":{"0":{"name":"(anonymous_0)","decl":{"start":{"line":4,"column":4},"end":{"line":4,"column":5}},"loc":{"start":{"line":4,"column":14},"end":{"line":4,"column":95}},"line":4},"1":{"name":"(anonymous_1)","decl":{"start":{"line":5,"column":4},"end":{"line":5,"column":5}},"loc":{"start":{"line":6,"column":4},"end":{"line":6,"column":94}},"line":6},"2":{"name":"(anonymous_2)","decl":{"start":{"line":7,"column":4},"end":{"line":7,"column":5}},"loc":{"start":{"line":7,"column":14},"end":{"line":7,"column":64}},"line":7}},"branchMap":{"0":{"loc":{"start":{"line":4,"column":14},"end":{"line":4,"column":95}},"type":"cond-expr","locations":[{"start":{"line":4,"column":38},"end":{"line":4,"column":90}},{"start":{"line":4,"column":93},"end":{"line":4,"column":95}}],"line":4},"1":{"loc":{"start":{"line":6,"column":4},"end":{"line":6,"column":94}},"type":"cond-expr","locations":[{"start":{"line":6,"column":27},"end":{"line":6,"column":89}},{"start":{"line":6,"column":92},"end":{"line":6,"column":94}}],"line":6},"2":{"loc":{"start":{"line":7,"column":14},"end":{"line":7,"column":64}},"type":"cond-expr","locations":[{"start":{"line":7,"column":38},"end":{"line":7,"column":59}},{"start":{"line":7,"column":62},"end":{"line":7,"column":64}}],"line":7}},"s":{"0":0,"1":0,"2":0},"f":{"0":0,"1":0,"2":0},"b":{"0":[0,0],"1":[0,0],"2":[0,0]},"_coverageSchema":"43e27e138ebf9cfc5966b082cf9a028302ed4184","hash":"ab3cc5184808aafbdd8a52454da8b0c946bf89f6"},"C:\\Data Backup\\js\\React\\demo-project-2\\lib\\components\\molecules\\Tabs\\Tab\\index.js":{"path":"C:\\Data Backup\\js\\React\\demo-project-2\\lib\\components\\molecules\\Tabs\\Tab\\index.js","statementMap":{},"fnMap":{},"branchMap":{},"s":{},"f":{},"b":{},"_coverageSchema":"43e27e138ebf9cfc5966b082cf9a028302ed4184","hash":"4e8aa9560366600c26962a47cd74e65ba088b050"},"C:\\Data Backup\\js\\React\\demo-project-2\\lib\\components\\molecules\\Tabs\\Tab\\Tab.js":{"path":"C:\\Data Backup\\js\\React\\demo-project-2\\lib\\components\\molecules\\Tabs\\Tab\\Tab.js","statementMap":{"0":{"start":{"line":25,"column":12},"end":{"line":50,"column":1}},"1":{"start":{"line":35,"column":2},"end":{"line":49,"column":7}},"2":{"start":{"line":41,"column":18},"end":{"line":41,"column":35}},"3":{"start":{"line":42,"column":20},"end":{"line":42,"column":32}},"4":{"start":{"line":52,"column":0},"end":{"line":55,"column":2}}},"fnMap":{"0":{"name":"(anonymous_0)","decl":{"start":{"line":25,"column":12},"end":{"line":25,"column":13}},"loc":{"start":{"line":35,"column":2},"end":{"line":49,"column":7}},"line":35},"1":{"name":"(anonymous_1)","decl":{"start":{"line":41,"column":13},"end":{"line":41,"column":14}},"loc":{"start":{"line":41,"column":18},"end":{"line":41,"column":35}},"line":41},"2":{"name":"(anonymous_2)","decl":{"start":{"line":42,"column":15},"end":{"line":42,"column":16}},"loc":{"start":{"line":42,"column":20},"end":{"line":42,"column":32}},"line":42}},"branchMap":{"0":{"loc":{"start":{"line":43,"column":14},"end":{"line":43,"column":33}},"type":"cond-expr","locations":[{"start":{"line":43,"column":27},"end":{"line":43,"column":28}},{"start":{"line":43,"column":31},"end":{"line":43,"column":33}}],"line":43}},"s":{"0":2,"1":7,"2":1,"3":0,"4":2},"f":{"0":7,"1":1,"2":0},"b":{"0":[3,4]},"_coverageSchema":"43e27e138ebf9cfc5966b082cf9a028302ed4184","hash":"c7d1b0731e5d5cdde75a9ac1922ef7b64cfa4213"},"C:\\Data Backup\\js\\React\\demo-project-2\\lib\\components\\molecules\\Tabs\\Tab\\Tab.style.js":{"path":"C:\\Data Backup\\js\\React\\demo-project-2\\lib\\components\\molecules\\Tabs\\Tab\\Tab.style.js","statementMap":{"0":{"start":{"line":5,"column":31},"end":{"line":5,"column":63}},"1":{"start":{"line":6,"column":14},"end":{"line":6,"column":97}},"2":{"start":{"line":7,"column":14},"end":{"line":7,"column":64}}},"fnMap":{"0":{"name":"(anonymous_0)","decl":{"start":{"line":5,"column":22},"end":{"line":5,"column":23}},"loc":{"start":{"line":5,"column":31},"end":{"line":5,"column":63}},"line":5},"1":{"name":"(anonymous_1)","decl":{"start":{"line":6,"column":4},"end":{"line":6,"column":5}},"loc":{"start":{"line":6,"column":14},"end":{"line":6,"column":97}},"line":6},"2":{"name":"(anonymous_2)","decl":{"start":{"line":7,"column":4},"end":{"line":7,"column":5}},"loc":{"start":{"line":7,"column":14},"end":{"line":7,"column":64}},"line":7}},"branchMap":{"0":{"loc":{"start":{"line":6,"column":14},"end":{"line":6,"column":97}},"type":"cond-expr","locations":[{"start":{"line":6,"column":33},"end":{"line":6,"column":92}},{"start":{"line":6,"column":95},"end":{"line":6,"column":97}}],"line":6},"1":{"loc":{"start":{"line":7,"column":14},"end":{"line":7,"column":64}},"type":"cond-expr","locations":[{"start":{"line":7,"column":38},"end":{"line":7,"column":59}},{"start":{"line":7,"column":62},"end":{"line":7,"column":64}}],"line":7}},"s":{"0":6,"1":6,"2":6},"f":{"0":6,"1":6,"2":6},"b":{"0":[3,3],"1":[0,6]},"_coverageSchema":"43e27e138ebf9cfc5966b082cf9a028302ed4184","hash":"db8981496da50e55cad03750a294039323ed36b7"},"C:\\Data Backup\\js\\React\\demo-project-2\\lib\\components\\atoms\\Anchor\\index.js":{"path":"C:\\Data Backup\\js\\React\\demo-project-2\\lib\\components\\atoms\\Anchor\\index.js","statementMap":{},"fnMap":{},"branchMap":{},"s":{},"f":{},"b":{},"_coverageSchema":"43e27e138ebf9cfc5966b082cf9a028302ed4184","hash":"c65598a9ee9dd6ea492c2d92df1ea86b0c2efca8"},"C:\\Data Backup\\js\\React\\demo-project-2\\lib\\components\\atoms\\Anchor\\Anchor.js":{"path":"C:\\Data Backup\\js\\React\\demo-project-2\\lib\\components\\atoms\\Anchor\\Anchor.js","statementMap":{"0":{"start":{"line":24,"column":15},"end":{"line":48,"column":1}},"1":{"start":{"line":38,"column":2},"end":{"line":47,"column":6}},"2":{"start":{"line":50,"column":0},"end":{"line":60,"column":2}}},"fnMap":{"0":{"name":"(anonymous_0)","decl":{"start":{"line":24,"column":15},"end":{"line":24,"column":16}},"loc":{"start":{"line":38,"column":2},"end":{"line":47,"column":6}},"line":38},"1":{"name":"(anonymous_1)","decl":{"start":{"line":59,"column":19},"end":{"line":59,"column":20}},"loc":{"start":{"line":59,"column":25},"end":{"line":59,"column":27}},"line":59}},"branchMap":{"0":{"loc":{"start":{"line":43,"column":18},"end":{"line":43,"column":76}},"type":"binary-expr","locations":[{"start":{"line":43,"column":18},"end":{"line":43,"column":32}},{"start":{"line":43,"column":36},"end":{"line":43,"column":76}}],"line":43}},"s":{"0":5,"1":9,"2":5},"f":{"0":9,"1":0},"b":{"0":[9,8]},"_coverageSchema":"43e27e138ebf9cfc5966b082cf9a028302ed4184","hash":"63081b2c81e8da5d1ab36b9bf3728ab03618be1f"},"C:\\Data Backup\\js\\React\\demo-project-2\\lib\\core\\utils\\url.js":{"path":"C:\\Data Backup\\js\\React\\demo-project-2\\lib\\core\\utils\\url.js","statementMap":{"0":{"start":{"line":1,"column":37},"end":{"line":8,"column":1}},"1":{"start":{"line":2,"column":22},"end":{"line":2,"column":24}},"2":{"start":{"line":3,"column":15},"end":{"line":3,"column":33}},"3":{"start":{"line":4,"column":2},"end":{"line":6,"column":3}},"4":{"start":{"line":4,"column":15},"end":{"line":4,"column":16}},"5":{"start":{"line":4,"column":22},"end":{"line":4,"column":33}},"6":{"start":{"line":5,"column":4},"end":{"line":5,"column":53}},"7":{"start":{"line":7,"column":2},"end":{"line":7,"column":31}},"8":{"start":{"line":10,"column":24},"end":{"line":20,"column":1}},"9":{"start":{"line":11,"column":2},"end":{"line":18,"column":3}},"10":{"start":{"line":12,"column":32},"end":{"line":12,"column":39}},"11":{"start":{"line":13,"column":14},"end":{"line":13,"column":22}},"12":{"start":{"line":14,"column":4},"end":{"line":16,"column":5}},"13":{"start":{"line":15,"column":6},"end":{"line":15,"column":48}},"14":{"start":{"line":17,"column":4},"end":{"line":17,"column":15}},"15":{"start":{"line":19,"column":2},"end":{"line":19,"column":17}}},"fnMap":{"0":{"name":"(anonymous_0)","decl":{"start":{"line":1,"column":37},"end":{"line":1,"column":38}},"loc":{"start":{"line":1,"column":53},"end":{"line":8,"column":1}},"line":1},"1":{"name":"(anonymous_1)","decl":{"start":{"line":10,"column":24},"end":{"line":10,"column":25}},"loc":{"start":{"line":10,"column":35},"end":{"line":20,"column":1}},"line":10}},"branchMap":{"0":{"loc":{"start":{"line":1,"column":38},"end":{"line":1,"column":48}},"type":"default-arg","locations":[{"start":{"line":1,"column":46},"end":{"line":1,"column":48}}],"line":1},"1":{"loc":{"start":{"line":11,"column":2},"end":{"line":18,"column":3}},"type":"if","locations":[{"start":{"line":11,"column":2},"end":{"line":18,"column":3}},{"start":{"line":11,"column":2},"end":{"line":18,"column":3}}],"line":11},"2":{"loc":{"start":{"line":14,"column":4},"end":{"line":16,"column":5}},"type":"if","locations":[{"start":{"line":14,"column":4},"end":{"line":16,"column":5}},{"start":{"line":14,"column":4},"end":{"line":16,"column":5}}],"line":14}},"s":{"0":5,"1":0,"2":0,"3":0,"4":0,"5":0,"6":0,"7":0,"8":5,"9":9,"10":0,"11":0,"12":0,"13":0,"14":0,"15":9},"f":{"0":0,"1":9},"b":{"0":[0],"1":[0,9],"2":[0,0]},"_coverageSchema":"43e27e138ebf9cfc5966b082cf9a028302ed4184","hash":"30815ed88bc126add10f3596a1a346924c20027a"},"C:\\Data Backup\\js\\React\\demo-project-2\\lib\\components\\atoms\\Anchor\\Anchor.style.js":{"path":"C:\\Data Backup\\js\\React\\demo-project-2\\lib\\components\\atoms\\Anchor\\Anchor.style.js","statementMap":{"0":{"start":{"line":5,"column":13},"end":{"line":5,"column":50}},"1":{"start":{"line":6,"column":13},"end":{"line":6,"column":44}},"2":{"start":{"line":7,"column":13},"end":{"line":7,"column":45}},"3":{"start":{"line":9,"column":15},"end":{"line":9,"column":45}},"4":{"start":{"line":14,"column":14},"end":{"line":14,"column":64}}},"fnMap":{"0":{"name":"(anonymous_0)","decl":{"start":{"line":5,"column":4},"end":{"line":5,"column":5}},"loc":{"start":{"line":5,"column":13},"end":{"line":5,"column":50}},"line":5},"1":{"name":"(anonymous_1)","decl":{"start":{"line":6,"column":4},"end":{"line":6,"column":5}},"loc":{"start":{"line":6,"column":13},"end":{"line":6,"column":44}},"line":6},"2":{"name":"(anonymous_2)","decl":{"start":{"line":7,"column":4},"end":{"line":7,"column":5}},"loc":{"start":{"line":7,"column":13},"end":{"line":7,"column":45}},"line":7},"3":{"name":"(anonymous_3)","decl":{"start":{"line":9,"column":6},"end":{"line":9,"column":7}},"loc":{"start":{"line":9,"column":15},"end":{"line":9,"column":45}},"line":9},"4":{"name":"(anonymous_4)","decl":{"start":{"line":14,"column":4},"end":{"line":14,"column":5}},"loc":{"start":{"line":14,"column":14},"end":{"line":14,"column":64}},"line":14}},"branchMap":{"0":{"loc":{"start":{"line":14,"column":14},"end":{"line":14,"column":64}},"type":"cond-expr","locations":[{"start":{"line":14,"column":38},"end":{"line":14,"column":59}},{"start":{"line":14,"column":62},"end":{"line":14,"column":64}}],"line":14}},"s":{"0":6,"1":6,"2":6,"3":6,"4":6},"f":{"0":6,"1":6,"2":6,"3":6,"4":6},"b":{"0":[0,6]},"_coverageSchema":"43e27e138ebf9cfc5966b082cf9a028302ed4184","hash":"a48f78a3c19c473f6c4852cf0ff8bbec126af930"},"C:\\Data Backup\\js\\React\\demo-project-2\\lib\\components\\molecules\\Tabs\\TabPanel\\index.js":{"path":"C:\\Data Backup\\js\\React\\demo-project-2\\lib\\components\\molecules\\Tabs\\TabPanel\\index.js","statementMap":{},"fnMap":{},"branchMap":{},"s":{},"f":{},"b":{},"_coverageSchema":"43e27e138ebf9cfc5966b082cf9a028302ed4184","hash":"5b23669bb971290ff3d20c19102b412012fd1f36"},"C:\\Data Backup\\js\\React\\demo-project-2\\lib\\components\\molecules\\Tabs\\TabPanel\\TabPanel.js":{"path":"C:\\Data Backup\\js\\React\\demo-project-2\\lib\\components\\molecules\\Tabs\\TabPanel\\TabPanel.js","statementMap":{"0":{"start":{"line":22,"column":17},"end":{"line":35,"column":1}},"1":{"start":{"line":23,"column":2},"end":{"line":34,"column":8}},"2":{"start":{"line":37,"column":0},"end":{"line":40,"column":2}}},"fnMap":{"0":{"name":"(anonymous_0)","decl":{"start":{"line":22,"column":17},"end":{"line":22,"column":18}},"loc":{"start":{"line":23,"column":2},"end":{"line":34,"column":8}},"line":23}},"branchMap":{},"s":{"0":2,"1":7,"2":2},"f":{"0":7},"b":{},"_coverageSchema":"43e27e138ebf9cfc5966b082cf9a028302ed4184","hash":"d8199d28b7542e0d0495b9ca58297a6078f2f114"},"C:\\Data Backup\\js\\React\\demo-project-2\\lib\\components\\molecules\\Tabs\\TabPanel\\TabPanel.style.js":{"path":"C:\\Data Backup\\js\\React\\demo-project-2\\lib\\components\\molecules\\Tabs\\TabPanel\\TabPanel.style.js","statementMap":{"0":{"start":{"line":6,"column":14},"end":{"line":6,"column":55}},"1":{"start":{"line":7,"column":14},"end":{"line":7,"column":64}}},"fnMap":{"0":{"name":"(anonymous_0)","decl":{"start":{"line":6,"column":4},"end":{"line":6,"column":5}},"loc":{"start":{"line":6,"column":14},"end":{"line":6,"column":55}},"line":6},"1":{"name":"(anonymous_1)","decl":{"start":{"line":7,"column":4},"end":{"line":7,"column":5}},"loc":{"start":{"line":7,"column":14},"end":{"line":7,"column":64}},"line":7}},"branchMap":{"0":{"loc":{"start":{"line":6,"column":14},"end":{"line":6,"column":55}},"type":"cond-expr","locations":[{"start":{"line":6,"column":33},"end":{"line":6,"column":50}},{"start":{"line":6,"column":53},"end":{"line":6,"column":55}}],"line":6},"1":{"loc":{"start":{"line":7,"column":14},"end":{"line":7,"column":64}},"type":"cond-expr","locations":[{"start":{"line":7,"column":38},"end":{"line":7,"column":59}},{"start":{"line":7,"column":62},"end":{"line":7,"column":64}}],"line":7}},"s":{"0":6,"1":6},"f":{"0":6,"1":6},"b":{"0":[3,3],"1":[0,6]},"_coverageSchema":"43e27e138ebf9cfc5966b082cf9a028302ed4184","hash":"f774c6b4cd1df526fb445dbaf6d65d2d55bfbf64"},"C:\\Data Backup\\js\\React\\demo-project-2\\lib\\components\\molecules\\Tabs\\constants.js":{"path":"C:\\Data Backup\\js\\React\\demo-project-2\\lib\\components\\molecules\\Tabs\\constants.js","statementMap":{"0":{"start":{"line":1,"column":26},"end":{"line":1,"column":37}},"1":{"start":{"line":2,"column":27},"end":{"line":2,"column":39}}},"fnMap":{},"branchMap":{},"s":{"0":1,"1":1},"f":{},"b":{},"_coverageSchema":"43e27e138ebf9cfc5966b082cf9a028302ed4184","hash":"08bc6293a7d8487f750878a7e59e224ae0ae4d4a"},"C:\\Data Backup\\js\\React\\demo-project-2\\lib\\components\\molecules\\Form\\index.js":{"path":"C:\\Data Backup\\js\\React\\demo-project-2\\lib\\components\\molecules\\Form\\index.js","statementMap":{},"fnMap":{},"branchMap":{},"s":{},"f":{},"b":{},"_coverageSchema":"43e27e138ebf9cfc5966b082cf9a028302ed4184","hash":"70ed9b1803255356b4f9001223b30c7dac716815"},"C:\\Data Backup\\js\\React\\demo-project-2\\lib\\components\\molecules\\Form\\Form.js":{"path":"C:\\Data Backup\\js\\React\\demo-project-2\\lib\\components\\molecules\\Form\\Form.js","statementMap":{"0":{"start":{"line":31,"column":14},"end":{"line":37,"column":3}},"1":{"start":{"line":35,"column":4},"end":{"line":35,"column":56}},"2":{"start":{"line":35,"column":29},"end":{"line":35,"column":56}},"3":{"start":{"line":36,"column":4},"end":{"line":36,"column":67}},"4":{"start":{"line":39,"column":20},"end":{"line":39,"column":33}},"5":{"start":{"line":41,"column":17},"end":{"line":41,"column":22}},"6":{"start":{"line":43,"column":17},"end":{"line":43,"column":27}},"7":{"start":{"line":45,"column":22},"end":{"line":45,"column":37}},"8":{"start":{"line":47,"column":18},"end":{"line":47,"column":29}},"9":{"start":{"line":49,"column":20},"end":{"line":49,"column":33}},"10":{"start":{"line":66,"column":8},"end":{"line":66,"column":18}},"11":{"start":{"line":68,"column":4},"end":{"line":85,"column":6}},"12":{"start":{"line":79,"column":10},"end":{"line":82,"column":24}},"13":{"start":{"line":89,"column":0},"end":{"line":99,"column":2}}},"fnMap":{"0":{"name":"(anonymous_0)","decl":{"start":{"line":31,"column":14},"end":{"line":31,"column":15}},"loc":{"start":{"line":34,"column":7},"end":{"line":37,"column":3}},"line":34},"1":{"name":"(anonymous_1)","decl":{"start":{"line":51,"column":2},"end":{"line":51,"column":3}},"loc":{"start":{"line":51,"column":11},"end":{"line":86,"column":3}},"line":51},"2":{"name":"(anonymous_2)","decl":{"start":{"line":78,"column":9},"end":{"line":78,"column":10}},"loc":{"start":{"line":79,"column":10},"end":{"line":82,"column":24}},"line":79}},"branchMap":{"0":{"loc":{"start":{"line":32,"column":4},"end":{"line":32,"column":47}},"type":"default-arg","locations":[{"start":{"line":32,"column":43},"end":{"line":32,"column":47}}],"line":32},"1":{"loc":{"start":{"line":33,"column":4},"end":{"line":33,"column":42}},"type":"default-arg","locations":[{"start":{"line":33,"column":38},"end":{"line":33,"column":42}}],"line":33},"2":{"loc":{"start":{"line":35,"column":4},"end":{"line":35,"column":56}},"type":"if","locations":[{"start":{"line":35,"column":4},"end":{"line":35,"column":56}},{"start":{"line":35,"column":4},"end":{"line":35,"column":56}}],"line":35},"3":{"loc":{"start":{"line":36,"column":11},"end":{"line":36,"column":66}},"type":"cond-expr","locations":[{"start":{"line":36,"column":30},"end":{"line":36,"column":59}},{"start":{"line":36,"column":62},"end":{"line":36,"column":66}}],"line":36},"4":{"loc":{"start":{"line":81,"column":13},"end":{"line":81,"column":31}},"type":"binary-expr","locations":[{"start":{"line":81,"column":13},"end":{"line":81,"column":18}},{"start":{"line":81,"column":22},"end":{"line":81,"column":31}}],"line":81}},"s":{"0":6,"1":7,"2":1,"3":6,"4":1,"5":1,"6":1,"7":1,"8":1,"9":1,"10":6,"11":6,"12":1,"13":1},"f":{"0":7,"1":6,"2":1},"b":{"0":[1],"1":[1],"2":[1,6],"3":[3,3],"4":[1,0]},"_coverageSchema":"43e27e138ebf9cfc5966b082cf9a028302ed4184","hash":"bd56c8e73d6d723844b267a1c90ef993c55b3ef4"},"C:\\Data Backup\\js\\React\\demo-project-2\\lib\\core\\utils\\buildValidationSchema.js":{"path":"C:\\Data Backup\\js\\React\\demo-project-2\\lib\\core\\utils\\buildValidationSchema.js","statementMap":{"0":{"start":{"line":40,"column":27},"end":{"line":53,"column":1}},"1":{"start":{"line":41,"column":15},"end":{"line":41,"column":26}},"2":{"start":{"line":42,"column":25},"end":{"line":42,"column":42}},"3":{"start":{"line":45,"column":2},"end":{"line":50,"column":5}},"4":{"start":{"line":47,"column":6},"end":{"line":47,"column":84}},"5":{"start":{"line":49,"column":4},"end":{"line":49,"column":49}},"6":{"start":{"line":52,"column":2},"end":{"line":52,"column":16}},"7":{"start":{"line":59,"column":27},"end":{"line":74,"column":1}},"8":{"start":{"line":60,"column":17},"end":{"line":60,"column":19}},"9":{"start":{"line":61,"column":2},"end":{"line":73,"column":3}},"10":{"start":{"line":63,"column":25},"end":{"line":63,"column":47}},"11":{"start":{"line":65,"column":4},"end":{"line":68,"column":7}},"12":{"start":{"line":66,"column":20},"end":{"line":66,"column":40}},"13":{"start":{"line":67,"column":6},"end":{"line":67,"column":52}},"14":{"start":{"line":70,"column":4},"end":{"line":70,"column":38}},"15":{"start":{"line":72,"column":4},"end":{"line":72,"column":18}}},"fnMap":{"0":{"name":"(anonymous_0)","decl":{"start":{"line":40,"column":27},"end":{"line":40,"column":28}},"loc":{"start":{"line":40,"column":61},"end":{"line":53,"column":1}},"line":40},"1":{"name":"(anonymous_1)","decl":{"start":{"line":45,"column":25},"end":{"line":45,"column":26}},"loc":{"start":{"line":45,"column":38},"end":{"line":50,"column":3}},"line":45},"2":{"name":"(anonymous_2)","decl":{"start":{"line":59,"column":27},"end":{"line":59,"column":28}},"loc":{"start":{"line":59,"column":50},"end":{"line":74,"column":1}},"line":59},"3":{"name":"(anonymous_3)","decl":{"start":{"line":65,"column":25},"end":{"line":65,"column":26}},"loc":{"start":{"line":65,"column":38},"end":{"line":68,"column":5}},"line":65}},"branchMap":{"0":{"loc":{"start":{"line":40,"column":30},"end":{"line":40,"column":45}},"type":"default-arg","locations":[{"start":{"line":40,"column":37},"end":{"line":40,"column":45}}],"line":40},"1":{"loc":{"start":{"line":47,"column":6},"end":{"line":47,"column":84}},"type":"cond-expr","locations":[{"start":{"line":47,"column":44},"end":{"line":47,"column":66}},{"start":{"line":47,"column":69},"end":{"line":47,"column":84}}],"line":47}},"s":{"0":1,"1":6,"2":6,"3":6,"4":15,"5":15,"6":6,"7":1,"8":3,"9":3,"10":3,"11":3,"12":6,"13":6,"14":3,"15":0},"f":{"0":6,"1":15,"2":3,"3":6},"b":{"0":[6],"1":[9,6]},"_coverageSchema":"43e27e138ebf9cfc5966b082cf9a028302ed4184","hash":"fc32c3b25e62738619b0397ffec818522d13554b"},"C:\\Data Backup\\js\\React\\demo-project-2\\lib\\core\\utils\\noop.js":{"path":"C:\\Data Backup\\js\\React\\demo-project-2\\lib\\core\\utils\\noop.js","statementMap":{"0":{"start":{"line":1,"column":20},"end":{"line":1,"column":36}},"1":{"start":{"line":1,"column":26},"end":{"line":1,"column":36}},"2":{"start":{"line":1,"column":32},"end":{"line":1,"column":36}}},"fnMap":{"0":{"name":"(anonymous_0)","decl":{"start":{"line":1,"column":20},"end":{"line":1,"column":21}},"loc":{"start":{"line":1,"column":26},"end":{"line":1,"column":36}},"line":1},"1":{"name":"(anonymous_1)","decl":{"start":{"line":1,"column":26},"end":{"line":1,"column":27}},"loc":{"start":{"line":1,"column":32},"end":{"line":1,"column":36}},"line":1}},"branchMap":{},"s":{"0":2,"1":0,"2":0},"f":{"0":0,"1":0},"b":{},"_coverageSchema":"43e27e138ebf9cfc5966b082cf9a028302ed4184","hash":"7c5611980ebcb39568660e8942b97ee7f0d58cee"},"C:\\Data Backup\\js\\React\\demo-project-2\\lib\\components\\molecules\\Form\\Debug\\index.js":{"path":"C:\\Data Backup\\js\\React\\demo-project-2\\lib\\components\\molecules\\Form\\Debug\\index.js","statementMap":{},"fnMap":{},"branchMap":{},"s":{},"f":{},"b":{},"_coverageSchema":"43e27e138ebf9cfc5966b082cf9a028302ed4184","hash":"691f454a7ad8702ad7a8b36ef5af7d40ea9ad21c"},"C:\\Data Backup\\js\\React\\demo-project-2\\lib\\components\\molecules\\Form\\Debug\\Debug.js":{"path":"C:\\Data Backup\\js\\React\\demo-project-2\\lib\\components\\molecules\\Form\\Debug\\Debug.js","statementMap":{"0":{"start":{"line":4,"column":21},"end":{"line":43,"column":1}},"1":{"start":{"line":5,"column":2},"end":{"line":42,"column":8}},"2":{"start":{"line":31,"column":8},"end":{"line":39,"column":14}}},"fnMap":{"0":{"name":"(anonymous_0)","decl":{"start":{"line":4,"column":21},"end":{"line":4,"column":22}},"loc":{"start":{"line":5,"column":2},"end":{"line":42,"column":8}},"line":5},"1":{"name":"(anonymous_1)","decl":{"start":{"line":30,"column":7},"end":{"line":30,"column":8}},"loc":{"start":{"line":31,"column":8},"end":{"line":39,"column":14}},"line":31}},"branchMap":{},"s":{"0":2,"1":1,"2":0},"f":{"0":1,"1":0},"b":{},"_coverageSchema":"43e27e138ebf9cfc5966b082cf9a028302ed4184","hash":"746417b383b727354e2e2d426a1a509b84d1fb23"},"C:\\Data Backup\\js\\React\\demo-project-2\\lib\\components\\molecules\\Form\\FieldInput\\index.js":{"path":"C:\\Data Backup\\js\\React\\demo-project-2\\lib\\components\\molecules\\Form\\FieldInput\\index.js","statementMap":{},"fnMap":{},"branchMap":{},"s":{},"f":{},"b":{},"_coverageSchema":"43e27e138ebf9cfc5966b082cf9a028302ed4184","hash":"4722f0ba9f811465e4e05db02481f1d1be9fcd3e"},"C:\\Data Backup\\js\\React\\demo-project-2\\lib\\components\\molecules\\Form\\FieldInput\\FieldInput.js":{"path":"C:\\Data Backup\\js\\React\\demo-project-2\\lib\\components\\molecules\\Form\\FieldInput\\FieldInput.js","statementMap":{"0":{"start":{"line":25,"column":19},"end":{"line":66,"column":1}},"1":{"start":{"line":37,"column":2},"end":{"line":65,"column":4}},"2":{"start":{"line":45,"column":47},"end":{"line":45,"column":51}},"3":{"start":{"line":46,"column":10},"end":{"line":60,"column":12}},"4":{"start":{"line":52,"column":16},"end":{"line":52,"column":32}},"5":{"start":{"line":53,"column":16},"end":{"line":53,"column":70}},"6":{"start":{"line":53,"column":52},"end":{"line":53,"column":70}},"7":{"start":{"line":56,"column":16},"end":{"line":56,"column":30}},"8":{"start":{"line":57,"column":16},"end":{"line":57,"column":66}},"9":{"start":{"line":57,"column":50},"end":{"line":57,"column":66}},"10":{"start":{"line":68,"column":0},"end":{"line":77,"column":2}}},"fnMap":{"0":{"name":"(anonymous_0)","decl":{"start":{"line":25,"column":19},"end":{"line":25,"column":20}},"loc":{"start":{"line":36,"column":19},"end":{"line":66,"column":1}},"line":36},"1":{"name":"(anonymous_1)","decl":{"start":{"line":44,"column":9},"end":{"line":44,"column":10}},"loc":{"start":{"line":44,"column":30},"end":{"line":61,"column":9}},"line":44},"2":{"name":"(anonymous_2)","decl":{"start":{"line":51,"column":24},"end":{"line":51,"column":25}},"loc":{"start":{"line":51,"column":29},"end":{"line":54,"column":15}},"line":51},"3":{"name":"(anonymous_3)","decl":{"start":{"line":55,"column":22},"end":{"line":55,"column":23}},"loc":{"start":{"line":55,"column":27},"end":{"line":58,"column":15}},"line":55}},"branchMap":{"0":{"loc":{"start":{"line":53,"column":16},"end":{"line":53,"column":70}},"type":"if","locations":[{"start":{"line":53,"column":16},"end":{"line":53,"column":70}},{"start":{"line":53,"column":16},"end":{"line":53,"column":70}}],"line":53},"1":{"loc":{"start":{"line":57,"column":16},"end":{"line":57,"column":66}},"type":"if","locations":[{"start":{"line":57,"column":16},"end":{"line":57,"column":66}},{"start":{"line":57,"column":16},"end":{"line":57,"column":66}}],"line":57}},"s":{"0":2,"1":2,"2":1,"3":1,"4":0,"5":0,"6":0,"7":0,"8":0,"9":0,"10":2},"f":{"0":2,"1":1,"2":0,"3":0},"b":{"0":[0,0],"1":[0,0]},"_coverageSchema":"43e27e138ebf9cfc5966b082cf9a028302ed4184","hash":"594d91bceefd152306854a10e6412ea4b9bcf2a2"},"C:\\Data Backup\\js\\React\\demo-project-2\\lib\\components\\atoms\\Input\\index.js":{"path":"C:\\Data Backup\\js\\React\\demo-project-2\\lib\\components\\atoms\\Input\\index.js","statementMap":{},"fnMap":{},"branchMap":{},"s":{},"f":{},"b":{},"_coverageSchema":"43e27e138ebf9cfc5966b082cf9a028302ed4184","hash":"8cb9a150d38977e3307cf3ac720ec1e399659dcd"},"C:\\Data Backup\\js\\React\\demo-project-2\\lib\\components\\atoms\\Input\\Input.js":{"path":"C:\\Data Backup\\js\\React\\demo-project-2\\lib\\components\\atoms\\Input\\Input.js","statementMap":{"0":{"start":{"line":18,"column":14},"end":{"line":40,"column":1}},"1":{"start":{"line":29,"column":2},"end":{"line":39,"column":4}},"2":{"start":{"line":42,"column":0},"end":{"line":49,"column":2}}},"fnMap":{"0":{"name":"(anonymous_0)","decl":{"start":{"line":18,"column":14},"end":{"line":18,"column":15}},"loc":{"start":{"line":29,"column":2},"end":{"line":39,"column":4}},"line":29}},"branchMap":{"0":{"loc":{"start":{"line":37,"column":18},"end":{"line":37,"column":59}},"type":"binary-expr","locations":[{"start":{"line":37,"column":18},"end":{"line":37,"column":32}},{"start":{"line":37,"column":36},"end":{"line":37,"column":59}}],"line":37}},"s":{"0":5,"1":3,"2":5},"f":{"0":3},"b":{"0":[3,1]},"_coverageSchema":"43e27e138ebf9cfc5966b082cf9a028302ed4184","hash":"dc8fa3e9f1e3ef2f127471678ac3449dce82a6f9"},"C:\\Data Backup\\js\\React\\demo-project-2\\lib\\components\\atoms\\Input\\Input.style.js":{"path":"C:\\Data Backup\\js\\React\\demo-project-2\\lib\\components\\atoms\\Input\\Input.style.js","statementMap":{"0":{"start":{"line":3,"column":15},"end":{"line":20,"column":1}},"1":{"start":{"line":4,"column":13},"end":{"line":9,"column":3}},"2":{"start":{"line":12,"column":4},"end":{"line":17,"column":10}},"3":{"start":{"line":19,"column":14},"end":{"line":19,"column":64}}},"fnMap":{"0":{"name":"(anonymous_0)","decl":{"start":{"line":4,"column":4},"end":{"line":4,"column":5}},"loc":{"start":{"line":4,"column":13},"end":{"line":9,"column":3}},"line":4},"1":{"name":"(anonymous_1)","decl":{"start":{"line":11,"column":4},"end":{"line":11,"column":5}},"loc":{"start":{"line":12,"column":4},"end":{"line":17,"column":10}},"line":12},"2":{"name":"(anonymous_2)","decl":{"start":{"line":19,"column":4},"end":{"line":19,"column":5}},"loc":{"start":{"line":19,"column":14},"end":{"line":19,"column":64}},"line":19}},"branchMap":{"0":{"loc":{"start":{"line":12,"column":4},"end":{"line":17,"column":10}},"type":"cond-expr","locations":[{"start":{"line":13,"column":8},"end":{"line":16,"column":5}},{"start":{"line":17,"column":8},"end":{"line":17,"column":10}}],"line":12},"1":{"loc":{"start":{"line":19,"column":14},"end":{"line":19,"column":64}},"type":"cond-expr","locations":[{"start":{"line":19,"column":38},"end":{"line":19,"column":59}},{"start":{"line":19,"column":62},"end":{"line":19,"column":64}}],"line":19}},"s":{"0":5,"1":1,"2":1,"3":1},"f":{"0":1,"1":1,"2":1},"b":{"0":[0,1],"1":[0,1]},"_coverageSchema":"43e27e138ebf9cfc5966b082cf9a028302ed4184","hash":"6c03b833d29ee140717bca5cf5aaf536fade975a"},"C:\\Data Backup\\js\\React\\demo-project-2\\lib\\components\\atoms\\FieldError\\index.js":{"path":"C:\\Data Backup\\js\\React\\demo-project-2\\lib\\components\\atoms\\FieldError\\index.js","statementMap":{},"fnMap":{},"branchMap":{},"s":{},"f":{},"b":{},"_coverageSchema":"43e27e138ebf9cfc5966b082cf9a028302ed4184","hash":"83c731ad207ceb26376cc2c5f3c912c1448e54de"},"C:\\Data Backup\\js\\React\\demo-project-2\\lib\\components\\atoms\\FieldError\\FieldError.js":{"path":"C:\\Data Backup\\js\\React\\demo-project-2\\lib\\components\\atoms\\FieldError\\FieldError.js","statementMap":{"0":{"start":{"line":17,"column":19},"end":{"line":37,"column":1}},"1":{"start":{"line":25,"column":2},"end":{"line":36,"column":4}},"2":{"start":{"line":39,"column":0},"end":{"line":44,"column":2}}},"fnMap":{"0":{"name":"(anonymous_0)","decl":{"start":{"line":17,"column":19},"end":{"line":17,"column":20}},"loc":{"start":{"line":24,"column":19},"end":{"line":37,"column":1}},"line":24}},"branchMap":{"0":{"loc":{"start":{"line":30,"column":20},"end":{"line":30,"column":59}},"type":"cond-expr","locations":[{"start":{"line":30,"column":33},"end":{"line":30,"column":54}},{"start":{"line":30,"column":57},"end":{"line":30,"column":59}}],"line":30},"1":{"loc":{"start":{"line":31,"column":20},"end":{"line":31,"column":85}},"type":"binary-expr","locations":[{"start":{"line":31,"column":20},"end":{"line":31,"column":34}},{"start":{"line":31,"column":38},"end":{"line":31,"column":85}}],"line":31}},"s":{"0":5,"1":5,"2":5},"f":{"0":5},"b":{"0":[1,4],"1":[5,4]},"_coverageSchema":"43e27e138ebf9cfc5966b082cf9a028302ed4184","hash":"be5ce765297209216eb21fa81923849c03d26d5f"},"C:\\Data Backup\\js\\React\\demo-project-2\\lib\\components\\atoms\\Para\\index.js":{"path":"C:\\Data Backup\\js\\React\\demo-project-2\\lib\\components\\atoms\\Para\\index.js","statementMap":{},"fnMap":{},"branchMap":{},"s":{},"f":{},"b":{},"_coverageSchema":"43e27e138ebf9cfc5966b082cf9a028302ed4184","hash":"b0e1426de378b715c4e3fb898fa6d8dccd88bba3"},"C:\\Data Backup\\js\\React\\demo-project-2\\lib\\components\\atoms\\Para\\Para.js":{"path":"C:\\Data Backup\\js\\React\\demo-project-2\\lib\\components\\atoms\\Para\\Para.js","statementMap":{"0":{"start":{"line":15,"column":13},"end":{"line":27,"column":1}},"1":{"start":{"line":16,"column":22},"end":{"line":20,"column":8}},"2":{"start":{"line":22,"column":2},"end":{"line":26,"column":4}},"3":{"start":{"line":29,"column":0},"end":{"line":33,"column":2}}},"fnMap":{"0":{"name":"(anonymous_0)","decl":{"start":{"line":15,"column":13},"end":{"line":15,"column":14}},"l
[...]
cules\\Breadcrumb\\Breadcrumb.style.js","statementMap":{"0":{"start":{"line":4,"column":14},"end":{"line":4,"column":64}}},"fnMap":{"0":{"name":"(anonymous_0)","decl":{"start":{"line":4,"column":4},"end":{"line":4,"column":5}},"loc":{"start":{"line":4,"column":14},"end":{"line":4,"column":64}},"line":4}},"branchMap":{"0":{"loc":{"start":{"line":4,"column":14},"end":{"line":4,"column":64}},"type":"cond-expr","locations":[{"start":{"line":4,"column":38},"end":{"line":4,"column":59}},{"start":{"line":4,"column":62},"end":{"line":4,"column":64}}],"line":4}},"s":{"0":0},"f":{"0":0},"b":{"0":[0,0]},"_coverageSchema":"43e27e138ebf9cfc5966b082cf9a028302ed4184","hash":"8a3bf521912eed056cc680b68ba599602327c0ec"},"C:\\Data Backup\\js\\React\\demo-project-2\\lib\\components\\molecules\\Popover\\index.js":{"path":"C:\\Data Backup\\js\\React\\demo-project-2\\lib\\components\\molecules\\Popover\\index.js","statementMap":{},"fnMap":{},"branchMap":{},"s":{},"f":{},"b":{},"_coverageSchema":"43e27e138ebf9cfc5966b082cf9a028302ed4184","hash":"3f72b2334c67b113b606bf0e2e53a624975ebb85"},"C:\\Data Backup\\js\\React\\demo-project-2\\lib\\components\\molecules\\Popover\\Popover.js":{"path":"C:\\Data Backup\\js\\React\\demo-project-2\\lib\\components\\molecules\\Popover\\Popover.js","statementMap":{"0":{"start":{"line":20,"column":51},"end":{"line":20,"column":62}},"1":{"start":{"line":23,"column":4},"end":{"line":23,"column":17}},"2":{"start":{"line":28,"column":4},"end":{"line":28,"column":40}},"3":{"start":{"line":37,"column":4},"end":{"line":37,"column":75}},"4":{"start":{"line":39,"column":26},"end":{"line":39,"column":36}},"5":{"start":{"line":40,"column":4},"end":{"line":44,"column":5}},"6":{"start":{"line":41,"column":6},"end":{"line":43,"column":9}},"7":{"start":{"line":52,"column":4},"end":{"line":52,"column":78}},"8":{"start":{"line":61,"column":23},"end":{"line":73,"column":3}},"9":{"start":{"line":62,"column":15},"end":{"line":62,"column":23}},"10":{"start":{"line":63,"column":4},"end":{"line":72,"column":5}},"11":{"start":{"line":69,"column":6},"end":{"line":71,"column":9}},"12":{"start":{"line":80,"column":16},"end":{"line":84,"column":3}},"13":{"start":{"line":81,"column":4},"end":{"line":83,"column":7}},"14":{"start":{"line":91,"column":10},"end":{"line":95,"column":3}},"15":{"start":{"line":92,"column":4},"end":{"line":94,"column":7}},"16":{"start":{"line":98,"column":81},"end":{"line":98,"column":91}},"17":{"start":{"line":99,"column":28},"end":{"line":99,"column":38}},"18":{"start":{"line":106,"column":20},"end":{"line":106,"column":89}},"19":{"start":{"line":108,"column":4},"end":{"line":127,"column":6}},"20":{"start":{"line":131,"column":0},"end":{"line":134,"column":2}}},"fnMap":{"0":{"name":"(anonymous_0)","decl":{"start":{"line":22,"column":2},"end":{"line":22,"column":3}},"loc":{"start":{"line":22,"column":21},"end":{"line":29,"column":3}},"line":22},"1":{"name":"(anonymous_1)","decl":{"start":{"line":36,"column":2},"end":{"line":36,"column":3}},"loc":{"start":{"line":36,"column":22},"end":{"line":45,"column":3}},"line":36},"2":{"name":"(anonymous_2)","decl":{"start":{"line":51,"column":2},"end":{"line":51,"column":3}},"loc":{"start":{"line":51,"column":25},"end":{"line":53,"column":3}},"line":51},"3":{"name":"(anonymous_3)","decl":{"start":{"line":61,"column":23},"end":{"line":61,"column":24}},"loc":{"start":{"line":61,"column":42},"end":{"line":73,"column":3}},"line":61},"4":{"name":"(anonymous_4)","decl":{"start":{"line":80,"column":16},"end":{"line":80,"column":17}},"loc":{"start":{"line":80,"column":22},"end":{"line":84,"column":3}},"line":80},"5":{"name":"(anonymous_5)","decl":{"start":{"line":91,"column":10},"end":{"line":91,"column":11}},"loc":{"start":{"line":91,"column":16},"end":{"line":95,"column":3}},"line":91},"6":{"name":"(anonymous_6)","decl":{"start":{"line":97,"column":2},"end":{"line":97,"column":3}},"loc":{"start":{"line":97,"column":11},"end":{"line":128,"column":3}},"line":97}},"branchMap":{"0":{"loc":{"start":{"line":40,"column":4},"end":{"line":44,"column":5}},"type":"if","locations":[{"start":{"line":40,"column":4},"end":{"line":44,"column":5}},{"start":{"line":40,"column":4},"end":{"line":44,"column":5}}],"line":40},"1":{"loc":{"start":{"line":63,"column":4},"end":{"line":72,"column":5}},"type":"if","locations":[{"start":{"line":63,"column":4},"end":{"line":72,"column":5}},{"start":{"line":63,"column":4},"end":{"line":72,"column":5}}],"line":63},"2":{"loc":{"start":{"line":64,"column":6},"end":{"line":67,"column":43}},"type":"binary-expr","locations":[{"start":{"line":64,"column":6},"end":{"line":64,"column":21}},{"start":{"line":65,"column":6},"end":{"line":65,"column":29}},{"start":{"line":66,"column":6},"end":{"line":66,"column":24}},{"start":{"line":67,"column":6},"end":{"line":67,"column":43}}],"line":64},"3":{"loc":{"start":{"line":106,"column":20},"end":{"line":106,"column":89}},"type":"binary-expr","locations":[{"start":{"line":106,"column":20},"end":{"line":106,"column":27}},{"start":{"line":106,"column":31},"end":{"line":106,"column":89}}],"line":106},"4":{"loc":{"start":{"line":115,"column":9},"end":{"line":125,"column":9}},"type":"binary-expr","locations":[{"start":{"line":115,"column":9},"end":{"line":115,"column":20}},{"start":{"line":116,"column":10},"end":{"line":124,"column":16}}],"line":115},"5":{"loc":{"start":{"line":117,"column":13},"end":{"line":121,"column":13}},"type":"binary-expr","locations":[{"start":{"line":117,"column":13},"end":{"line":117,"column":33}},{"start":{"line":118,"column":14},"end":{"line":120,"column":23}}],"line":117},"6":{"loc":{"start":{"line":122,"column":13},"end":{"line":122,"column":82}},"type":"binary-expr","locations":[{"start":{"line":122,"column":13},"end":{"line":122,"column":26}},{"start":{"line":122,"column":30},"end":{"line":122,"column":82}}],"line":122}},"s":{"0":5,"1":5,"2":5,"3":5,"4":5,"5":5,"6":2,"7":0,"8":5,"9":0,"10":0,"11":0,"12":5,"13":1,"14":5,"15":1,"16":9,"17":9,"18":9,"19":9,"20":1},"f":{"0":5,"1":5,"2":0,"3":0,"4":1,"5":1,"6":9},"b":{"0":[2,3],"1":[0,0],"2":[0,0,0,0],"3":[9,8],"4":[9,3],"5":[3,3],"6":[3,3]},"_coverageSchema":"43e27e138ebf9cfc5966b082cf9a028302ed4184","hash":"832dccca27a1435dc6362cc39bee85ad07e687a9"},"C:\\Data Backup\\js\\React\\demo-project-2\\lib\\components\\molecules\\Popover\\Popover.style.js":{"path":"C:\\Data Backup\\js\\React\\demo-project-2\\lib\\components\\molecules\\Popover\\Popover.style.js","statementMap":{"0":{"start":{"line":14,"column":14},"end":{"line":14,"column":64}}},"fnMap":{"0":{"name":"(anonymous_0)","decl":{"start":{"line":14,"column":4},"end":{"line":14,"column":5}},"loc":{"start":{"line":14,"column":14},"end":{"line":14,"column":64}},"line":14}},"branchMap":{"0":{"loc":{"start":{"line":14,"column":14},"end":{"line":14,"column":64}},"type":"cond-expr","locations":[{"start":{"line":14,"column":38},"end":{"line":14,"column":59}},{"start":{"line":14,"column":62},"end":{"line":14,"column":64}}],"line":14}},"s":{"0":0},"f":{"0":0},"b":{"0":[0,0]},"_coverageSchema":"43e27e138ebf9cfc5966b082cf9a028302ed4184","hash":"cd12b8450f8f37619558c42b6b3c3d307a524eeb"},"C:\\Data Backup\\js\\React\\demo-project-2\\lib\\components\\molecules\\Modal\\Modal.js":{"path":"C:\\Data Backup\\js\\React\\demo-project-2\\lib\\components\\molecules\\Modal\\Modal.js","statementMap":{"0":{"start":{"line":54,"column":14},"end":{"line":102,"column":1}},"1":{"start":{"line":78,"column":2},"end":{"line":101,"column":4}},"2":{"start":{"line":104,"column":0},"end":{"line":125,"column":2}},"3":{"start":{"line":121,"column":24},"end":{"line":121,"column":49}}},"fnMap":{"0":{"name":"(anonymous_0)","decl":{"start":{"line":54,"column":14},"end":{"line":54,"column":15}},"loc":{"start":{"line":78,"column":2},"end":{"line":101,"column":4}},"line":78},"1":{"name":"(anonymous_1)","decl":{"start":{"line":121,"column":18},"end":{"line":121,"column":19}},"loc":{"start":{"line":121,"column":24},"end":{"line":121,"column":49}},"line":121}},"branchMap":{"0":{"loc":{"start":{"line":121,"column":24},"end":{"line":121,"column":49}},"type":"binary-expr","locations":[{"start":{"line":121,"column":24},"end":{"line":121,"column":32}},{"start":{"line":121,"column":36},"end":{"line":121,"column":49}}],"line":121}},"s":{"0":1,"1":1,"2":1,"3":0},"f":{"0":1,"1":0},"b":{"0":[0,0]},"_coverageSchema":"43e27e138ebf9cfc5966b082cf9a028302ed4184","hash":"54487155f2b16e562242c1ed95dd2019c112b63c"},"C:\\Data Backup\\js\\React\\demo-project-2\\lib\\components\\molecules\\Modal\\Modal.style.js":{"path":"C:\\Data Backup\\js\\React\\demo-project-2\\lib\\components\\molecules\\Modal\\Modal.style.js","statementMap":{"0":{"start":{"line":3,"column":15},"end":{"line":5,"column":1}},"1":{"start":{"line":4,"column":14},"end":{"line":4,"column":64}}},"fnMap":{"0":{"name":"(anonymous_0)","decl":{"start":{"line":4,"column":4},"end":{"line":4,"column":5}},"loc":{"start":{"line":4,"column":14},"end":{"line":4,"column":64}},"line":4}},"branchMap":{"0":{"loc":{"start":{"line":4,"column":14},"end":{"line":4,"column":64}},"type":"cond-expr","locations":[{"start":{"line":4,"column":38},"end":{"line":4,"column":59}},{"start":{"line":4,"column":62},"end":{"line":4,"column":64}}],"line":4}},"s":{"0":1,"1":0},"f":{"0":0},"b":{"0":[0,0]},"_coverageSchema":"43e27e138ebf9cfc5966b082cf9a028302ed4184","hash":"1ad2c61a6d386617363606903b49782574e4e9dc"},"C:\\Data Backup\\js\\React\\demo-project-2\\lib\\components\\molecules\\ArticleThumbnail\\index.js":{"path":"C:\\Data Backup\\js\\React\\demo-project-2\\lib\\components\\molecules\\ArticleThumbnail\\index.js","statementMap":{},"fnMap":{},"branchMap":{},"s":{},"f":{},"b":{},"_coverageSchema":"43e27e138ebf9cfc5966b082cf9a028302ed4184","hash":"5dd065378da103cd9c0418ce114a37470ed3d4c5"},"C:\\Data Backup\\js\\React\\demo-project-2\\lib\\components\\molecules\\ArticleThumbnail\\ArticleThumbnail.js":{"path":"C:\\Data Backup\\js\\React\\demo-project-2\\lib\\components\\molecules\\ArticleThumbnail\\ArticleThumbnail.js","statementMap":{"0":{"start":{"line":15,"column":25},"end":{"line":15,"column":96}},"1":{"start":{"line":15,"column":52},"end":{"line":15,"column":96}},"2":{"start":{"line":17,"column":25},"end":{"line":38,"column":1}},"3":{"start":{"line":24,"column":19},"end":{"line":24,"column":39}},"4":{"start":{"line":25,"column":2},"end":{"line":27,"column":3}},"5":{"start":{"line":26,"column":4},"end":{"line":26,"column":59}},"6":{"start":{"line":28,"column":2},"end":{"line":31,"column":3}},"7":{"start":{"line":29,"column":25},"end":{"line":29,"column":71}},"8":{"start":{"line":30,"column":4},"end":{"line":30,"column":94}},"9":{"start":{"line":33,"column":2},"end":{"line":37,"column":4}},"10":{"start":{"line":40,"column":0},"end":{"line":42,"column":2}}},"fnMap":{"0":{"name":"(anonymous_0)","decl":{"start":{"line":15,"column":25},"end":{"line":15,"column":26}},"loc":{"start":{"line":15,"column":52},"end":{"line":15,"column":96}},"line":15},"1":{"name":"(anonymous_1)","decl":{"start":{"line":17,"column":25},"end":{"line":17,"column":26}},"loc":{"start":{"line":23,"column":19},"end":{"line":38,"column":1}},"line":23}},"branchMap":{"0":{"loc":{"start":{"line":25,"column":2},"end":{"line":27,"column":3}},"type":"if","locations":[{"start":{"line":25,"column":2},"end":{"line":27,"column":3}},{"start":{"line":25,"column":2},"end":{"line":27,"column":3}}],"line":25},"1":{"loc":{"start":{"line":25,"column":6},"end":{"line":25,"column":36}},"type":"binary-expr","locations":[{"start":{"line":25,"column":6},"end":{"line":25,"column":21}},{"start":{"line":25,"column":25},"end":{"line":25,"column":36}}],"line":25},"2":{"loc":{"start":{"line":28,"column":2},"end":{"line":31,"column":3}},"type":"if","locations":[{"start":{"line":28,"column":2},"end":{"line":31,"column":3}},{"start":{"line":28,"column":2},"end":{"line":31,"column":3}}],"line":28}},"s":{"0":1,"1":3,"2":1,"3":2,"4":2,"5":1,"6":2,"7":1,"8":1,"9":1,"10":1},"f":{"0":3,"1":2},"b":{"0":[1,1],"1":[2,1],"2":[1,1]},"_coverageSchema":"43e27e138ebf9cfc5966b082cf9a028302ed4184","hash":"5cf2bf32f11d04a5767fba0895e922972b638816"},"C:\\Data Backup\\js\\React\\demo-project-2\\lib\\components\\molecules\\ArticleThumbnail\\ArticleThumbnail.style.js":{"path":"C:\\Data Backup\\js\\React\\demo-project-2\\lib\\components\\molecules\\ArticleThumbnail\\ArticleThumbnail.style.js","statementMap":{"0":{"start":{"line":3,"column":15},"end":{"line":8,"column":1}}},"fnMap":{},"branchMap":{},"s":{"0":1},"f":{},"b":{},"_coverageSchema":"43e27e138ebf9cfc5966b082cf9a028302ed4184","hash":"8f851668bbe785a931f612b67b968aa32a1569b8"},"C:\\Data Backup\\js\\React\\demo-project-2\\lib\\components\\atoms\\Image\\Image.js":{"path":"C:\\Data Backup\\js\\React\\demo-project-2\\lib\\components\\atoms\\Image\\Image.js","statementMap":{"0":{"start":{"line":22,"column":14},"end":{"line":54,"column":1}},"1":{"start":{"line":35,"column":2},"end":{"line":53,"column":4}},"2":{"start":{"line":49,"column":12},"end":{"line":49,"column":46}},"3":{"start":{"line":56,"column":0},"end":{"line":63,"column":2}}},"fnMap":{"0":{"name":"(anonymous_0)","decl":{"start":{"line":22,"column":14},"end":{"line":22,"column":15}},"loc":{"start":{"line":35,"column":2},"end":{"line":53,"column":4}},"line":35},"1":{"name":"(anonymous_1)","decl":{"start":{"line":47,"column":10},"end":{"line":47,"column":11}},"loc":{"start":{"line":47,"column":19},"end":{"line":50,"column":11}},"line":47}},"branchMap":{"0":{"loc":{"start":{"line":38,"column":12},"end":{"line":38,"column":26}},"type":"binary-expr","locations":[{"start":{"line":38,"column":12},"end":{"line":38,"column":18}},{"start":{"line":38,"column":22},"end":{"line":38,"column":26}}],"line":38},"1":{"loc":{"start":{"line":39,"column":11},"end":{"line":39,"column":24}},"type":"binary-expr","locations":[{"start":{"line":39,"column":11},"end":{"line":39,"column":16}},{"start":{"line":39,"column":20},"end":{"line":39,"column":24}}],"line":39},"2":{"loc":{"start":{"line":43,"column":18},"end":{"line":43,"column":72}},"type":"binary-expr","locations":[{"start":{"line":43,"column":18},"end":{"line":43,"column":32}},{"start":{"line":43,"column":36},"end":{"line":43,"column":72}}],"line":43},"3":{"loc":{"start":{"line":46,"column":6},"end":{"line":51,"column":14}},"type":"cond-expr","locations":[{"start":{"line":47,"column":10},"end":{"line":50,"column":11}},{"start":{"line":51,"column":10},"end":{"line":51,"column":14}}],"line":46}},"s":{"0":3,"1":4,"2":1,"3":3},"f":{"0":4,"1":1},"b":{"0":[4,4],"1":[4,4],"2":[4,1],"3":[3,1]},"_coverageSchema":"43e27e138ebf9cfc5966b082cf9a028302ed4184","hash":"c078bb6cf248730b6f8e199436575d2e27dc5c48"},"C:\\Data Backup\\js\\React\\demo-project-2\\lib\\components\\atoms\\Image\\Image.style.js":{"path":"C:\\Data Backup\\js\\React\\demo-project-2\\lib\\components\\atoms\\Image\\Image.style.js","statementMap":{"0":{"start":{"line":3,"column":20},"end":{"line":7,"column":1}},"1":{"start":{"line":6,"column":14},"end":{"line":6,"column":64}}},"fnMap":{"0":{"name":"(anonymous_0)","decl":{"start":{"line":6,"column":4},"end":{"line":6,"column":5}},"loc":{"start":{"line":6,"column":14},"end":{"line":6,"column":64}},"line":6}},"branchMap":{"0":{"loc":{"start":{"line":6,"column":14},"end":{"line":6,"column":64}},"type":"cond-expr","locations":[{"start":{"line":6,"column":38},"end":{"line":6,"column":59}},{"start":{"line":6,"column":62},"end":{"line":6,"column":64}}],"line":6}},"s":{"0":3,"1":0},"f":{"0":0},"b":{"0":[0,0]},"_coverageSchema":"43e27e138ebf9cfc5966b082cf9a028302ed4184","hash":"14574c495f39281255d761abffc1f7360119307a"},"C:\\Data Backup\\js\\React\\demo-project-2\\lib\\components\\atoms\\Heading\\index.js":{"path":"C:\\Data Backup\\js\\React\\demo-project-2\\lib\\components\\atoms\\Heading\\index.js","statementMap":{},"fnMap":{},"branchMap":{},"s":{},"f":{},"b":{},"_coverageSchema":"43e27e138ebf9cfc5966b082cf9a028302ed4184","hash":"efbaff349d3eb9099f7af6ae07eb45a14d0d2c43"},"C:\\Data Backup\\js\\React\\demo-project-2\\lib\\core\\utils\\getDisplayName.js":{"path":"C:\\Data Backup\\js\\React\\demo-project-2\\lib\\core\\utils\\getDisplayName.js","statementMap":{"0":{"start":{"line":1,"column":30},"end":{"line":3,"column":1}},"1":{"start":{"line":2,"column":2},"end":{"line":2,"column":78}}},"fnMap":{"0":{"name":"(anonymous_0)","decl":{"start":{"line":1,"column":30},"end":{"line":1,"column":31}},"loc":{"start":{"line":1,"column":50},"end":{"line":3,"column":1}},"line":1}},"branchMap":{"0":{"loc":{"start":{"line":2,"column":9},"end":{"line":2,"column":77}},"type":"binary-expr","locations":[{"start":{"line":2,"column":9},"end":{"line":2,"column":37}},{"start":{"line":2,"column":41},"end":{"line":2,"column":62}},{"start":{"line":2,"column":66},"end":{"line":2,"column":77}}],"line":2}},"s":{"0":0,"1":0},"f":{"0":0},"b":{"0":[0,0,0]},"hash":"19058a3f10103fb8a6484ad2fccf95bc20b9dc77"},"C:\\Data Backup\\js\\React\\demo-project-2\\lib\\components\\atoms\\Blockquote\\index.js":{"path":"C:\\Data Backup\\js\\React\\demo-project-2\\lib\\components\\atoms\\Blockquote\\index.js","statementMap":{},"fnMap":{},"branchMap":{},"s":{},"f":{},"b":{},"hash":"60acb4b90c4eea5006d52fc9059a666713f60241"},"C:\\Data Backup\\js\\React\\demo-project-2\\lib\\components\\atoms\\Image\\index.js":{"path":"C:\\Data Backup\\js\\React\\demo-project-2\\lib\\components\\atoms\\Image\\index.js","statementMap":{},"fnMap":{},"branchMap":{},"s":{},"f":{},"b":{},"hash":"2e449999cc2900cb6cc26cd11a5a4f2805d10954"},"C:\\Data Backup\\js\\React\\demo-project-2\\lib\\components\\molecules\\ArticleThumbnail\\types\\index.js":{"path":"C:\\Data Backup\\js\\React\\demo-project-2\\lib\\components\\molecules\\ArticleThumbnail\\types\\index.js","statementMap":{},"fnMap":{},"branchMap":{},"s":{},"f":{},"b":{},"hash":"01f4ced0db57e3d3768b58b6d672c5e9d414ff47"},"C:\\Data Backup\\js\\React\\demo-project-2\\lib\\components\\molecules\\Breadcrumb\\types\\index.js":{"path":"C:\\Data Backup\\js\\React\\demo-project-2\\lib\\components\\molecules\\Breadcrumb\\types\\index.js","statementMap":{},"fnMap":{},"branchMap":{},"s":{},"f":{},"b":{},"hash":"aea22e425e663acc478de4a9bee859b3677dcb9c"},"C:\\Data Backup\\js\\React\\demo-project-2\\lib\\components\\molecules\\Popover\\types\\index.js":{"path":"C:\\Data Backup\\js\\React\\demo-project-2\\lib\\components\\molecules\\Popover\\types\\index.js","statementMap":{},"fnMap":{},"branchMap":{},"s":{},"f":{},"b":{},"hash":"da46ae33322a34f3663df5938333e2db33e2ffcc"},"C:\\Data Backup\\js\\React\\demo-project-2\\lib\\components\\molecules\\QuoteMedia\\types\\index.js":{"path":"C:\\Data Backup\\js\\React\\demo-project-2\\lib\\components\\molecules\\QuoteMedia\\types\\index.js","statementMap":{},"fnMap":{},"branchMap":{},"s":{},"f":{},"b":{},"hash":"31b43713356c2c749da203377611edd656e81c6d"},"C:\\Data Backup\\js\\React\\demo-project-2\\lib\\components\\molecules\\Tabs\\types\\index.js":{"path":"C:\\Data Backup\\js\\React\\demo-project-2\\lib\\components\\molecules\\Tabs\\types\\index.js","statementMap":{},"fnMap":{},"branchMap":{},"s":{},"f":{},"b":{},"hash":"239497efb2a3f95a752e0e3c68a2c58cd0fd5c54"},"C:\\Data Backup\\js\\React\\demo-project-2\\lib\\components\\atoms\\Blockquote\\types\\index.js":{"path":"C:\\Data Backup\\js\\React\\demo-project-2\\lib\\components\\atoms\\Blockquote\\types\\index.js","statementMap":{},"fnMap":{},"branchMap":{},"s":{},"f":{},"b":{},"hash":"af0c54a8ee30aa557979c9e52fd5383853669488"},"C:\\Data Backup\\js\\React\\demo-project-2\\lib\\components\\molecules\\Modal\\index.js":{"path":"C:\\Data Backup\\js\\React\\demo-project-2\\lib\\components\\molecules\\Modal\\index.js","statementMap":{},"fnMap":{},"branchMap":{},"s":{},"f":{},"b":{},"hash":"edbaab05e4152616bce3e833df657ddf5caa710e"},"C:\\Data Backup\\js\\React\\demo-project-2\\lib\\components\\molecules\\QuoteMedia\\index.js":{"path":"C:\\Data Backup\\js\\React\\demo-project-2\\lib\\components\\molecules\\QuoteMedia\\index.js","statementMap":{},"fnMap":{},"branchMap":{},"s":{},"f":{},"b":{},"hash":"ca6e8549b2c6d1213f2fece0dfb1717bb415debd"}}}